[[1;34mINFO[m] Scanning for projects...
Downloading from centralhttps: http://insecure.repo1.maven.org/maven2/org/apache/maven/wagon/wagon-ssh-external/1.0-alpha-6/wagon-ssh-external-1.0-alpha-6.pom
Downloaded from centralhttps: http://insecure.repo1.maven.org/maven2/org/apache/maven/wagon/wagon-ssh-external/1.0-alpha-6/wagon-ssh-external-1.0-alpha-6.pom (0 B at 0 B/s)
Downloading from centralhttps: http://insecure.repo1.maven.org/maven2/org/apache/maven/wagon/wagon-providers/1.0-alpha-6/wagon-providers-1.0-alpha-6.pom
Downloaded from centralhttps: http://insecure.repo1.maven.org/maven2/org/apache/maven/wagon/wagon-providers/1.0-alpha-6/wagon-providers-1.0-alpha-6.pom (0 B at 0 B/s)
Downloading from centralhttps: http://insecure.repo1.maven.org/maven2/org/apache/maven/wagon/wagon-ssh-external/1.0-alpha-6/wagon-ssh-external-1.0-alpha-6.jar
Downloaded from centralhttps: http://insecure.repo1.maven.org/maven2/org/apache/maven/wagon/wagon-ssh-external/1.0-alpha-6/wagon-ssh-external-1.0-alpha-6.jar (0 B at 0 B/s)
[[1;31mERROR[m] [ERROR] Some problems were encountered while processing the POMs:
[FATAL] Non-resolvable parent POM for org.apache.wicket:wicket-threadtest:1.3.0-incubating-SNAPSHOT: Could not find artifact org.apache.wicket:wicket-jdk15:pom:1.3.0-incubating-SNAPSHOT and 'parent.relativePath' points at wrong local POM @ line 25, column 10
[WARNING] 'build.plugins.plugin.version' for org.apache.maven.plugins:maven-remote-resources-plugin is missing. @ org.apache.wicket:wicket-parent:1.3.0-incubating-SNAPSHOT, /home/user/Workspace/reproducibility/Reproducibility-Scanner/benchmarks/bugs-dot-jar/wicket/pom.xml, line 383, column 12
[WARNING] 'build.plugins.plugin.version' for org.apache.maven.plugins:maven-compiler-plugin is missing. @ org.apache.wicket:wicket-jdk14:1.3.0-incubating-SNAPSHOT, /home/user/Workspace/reproducibility/Reproducibility-Scanner/benchmarks/bugs-dot-jar/wicket/jdk-1.4/pom.xml, line 48, column 12
[WARNING] 'build.plugins.plugin.version' for org.apache.maven.plugins:maven-surefire-plugin is missing. @ org.apache.wicket:wicket-parent:1.3.0-incubating-SNAPSHOT, /home/user/Workspace/reproducibility/Reproducibility-Scanner/benchmarks/bugs-dot-jar/wicket/pom.xml, line 373, column 12
[WARNING] 'build.plugins.plugin.version' for org.apache.maven.plugins:maven-clover-plugin is missing. @ line 44, column 12
[WARNING] 'build.plugins.plugin.version' for org.apache.maven.plugins:maven-source-plugin is missing. @ org.apache.wicket:wicket-parent:1.3.0-incubating-SNAPSHOT, /home/user/Workspace/reproducibility/Reproducibility-Scanner/benchmarks/bugs-dot-jar/wicket/pom.xml, line 400, column 12
[WARNING] 'build.plugins.plugin.version' for org.apache.maven.plugins:maven-site-plugin is missing. @ org.apache.wicket:wicket-parent:1.3.0-incubating-SNAPSHOT, /home/user/Workspace/reproducibility/Reproducibility-Scanner/benchmarks/bugs-dot-jar/wicket/pom.xml, line 368, column 12
[WARNING] 'build.plugins.plugin.version' for org.apache.maven.plugins:maven-javadoc-plugin is missing. @ org.apache.wicket:wicket-parent:1.3.0-incubating-SNAPSHOT, /home/user/Workspace/reproducibility/Reproducibility-Scanner/benchmarks/bugs-dot-jar/wicket/pom.xml, line 358, column 12
[WARNING] 'build.plugins.plugin.version' for org.apache.maven.plugins:maven-eclipse-plugin is missing. @ org.apache.wicket:wicket-parent:1.3.0-incubating-SNAPSHOT, /home/user/Workspace/reproducibility/Reproducibility-Scanner/benchmarks/bugs-dot-jar/wicket/pom.xml, line 350, column 12
[WARNING] 'build.plugins.plugin.version' for org.codehaus.mojo:surefire-report-maven-plugin is missing. @ org.apache.wicket:wicket-parent:1.3.0-incubating-SNAPSHOT, /home/user/Workspace/reproducibility/Reproducibility-Scanner/benchmarks/bugs-dot-jar/wicket/pom.xml, line 378, column 12
[WARNING] The expression ${pom.artifactId} is deprecated. Please use ${project.artifactId} instead. @ 
[WARNING] 'build.plugins.plugin.version' for org.apache.maven.plugins:maven-remote-resources-plugin is missing. @ org.apache.wicket:wicket-parent:1.3.0-incubating-SNAPSHOT, /home/user/Workspace/reproducibility/Reproducibility-Scanner/benchmarks/bugs-dot-jar/wicket/pom.xml, line 383, column 12
[WARNING] 'build.plugins.plugin.version' for org.apache.maven.plugins:maven-compiler-plugin is missing. @ org.apache.wicket:wicket-jdk14:1.3.0-incubating-SNAPSHOT, /home/user/Workspace/reproducibility/Reproducibility-Scanner/benchmarks/bugs-dot-jar/wicket/jdk-1.4/pom.xml, line 48, column 12
[WARNING] 'build.plugins.plugin.version' for org.apache.maven.plugins:maven-surefire-plugin is missing. @ org.apache.wicket:wicket-parent:1.3.0-incubating-SNAPSHOT, /home/user/Workspace/reproducibility/Reproducibility-Scanner/benchmarks/bugs-dot-jar/wicket/pom.xml, line 373, column 12
[WARNING] 'build.plugins.plugin.version' for org.apache.maven.plugins:maven-source-plugin is missing. @ org.apache.wicket:wicket-parent:1.3.0-incubating-SNAPSHOT, /home/user/Workspace/reproducibility/Reproducibility-Scanner/benchmarks/bugs-dot-jar/wicket/pom.xml, line 400, column 12
[WARNING] 'build.plugins.plugin.version' for org.apache.maven.plugins:maven-site-plugin is missing. @ org.apache.wicket:wicket-parent:1.3.0-incubating-SNAPSHOT, /home/user/Workspace/reproducibility/Reproducibility-Scanner/benchmarks/bugs-dot-jar/wicket/pom.xml, line 368, column 12
[WARNING] 'build.plugins.plugin.version' for org.apache.maven.plugins:maven-javadoc-plugin is missing. @ org.apache.wicket:wicket-parent:1.3.0-incubating-SNAPSHOT, /home/user/Workspace/reproducibility/Reproducibility-Scanner/benchmarks/bugs-dot-jar/wicket/pom.xml, line 358, column 12
[WARNING] 'build.plugins.plugin.version' for org.apache.maven.plugins:maven-eclipse-plugin is missing. @ org.apache.wicket:wicket-parent:1.3.0-incubating-SNAPSHOT, /home/user/Workspace/reproducibility/Reproducibility-Scanner/benchmarks/bugs-dot-jar/wicket/pom.xml, line 350, column 12
[WARNING] 'build.plugins.plugin.version' for org.codehaus.mojo:surefire-report-maven-plugin is missing. @ org.apache.wicket:wicket-parent:1.3.0-incubating-SNAPSHOT, /home/user/Workspace/reproducibility/Reproducibility-Scanner/benchmarks/bugs-dot-jar/wicket/pom.xml, line 378, column 12
[WARNING] The expression ${pom.artifactId} is deprecated. Please use ${project.artifactId} instead. @ 
[WARNING] 'build.plugins.plugin.version' for org.apache.maven.plugins:maven-remote-resources-plugin is missing. @ org.apache.wicket:wicket-parent:1.3.0-incubating-SNAPSHOT, /home/user/Workspace/reproducibility/Reproducibility-Scanner/benchmarks/bugs-dot-jar/wicket/pom.xml, line 383, column 12
[WARNING] 'build.plugins.plugin.version' for org.apache.maven.plugins:maven-compiler-plugin is missing. @ org.apache.wicket:wicket-jdk14:1.3.0-incubating-SNAPSHOT, /home/user/Workspace/reproducibility/Reproducibility-Scanner/benchmarks/bugs-dot-jar/wicket/jdk-1.4/pom.xml, line 48, column 12
[WARNING] 'build.plugins.plugin.version' for org.apache.maven.plugins:maven-surefire-plugin is missing. @ org.apache.wicket:wicket-parent:1.3.0-incubating-SNAPSHOT, /home/user/Workspace/reproducibility/Reproducibility-Scanner/benchmarks/bugs-dot-jar/wicket/pom.xml, line 373, column 12
[WARNING] 'build.plugins.plugin.version' for org.apache.maven.plugins:maven-source-plugin is missing. @ org.apache.wicket:wicket-parent:1.3.0-incubating-SNAPSHOT, /home/user/Workspace/reproducibility/Reproducibility-Scanner/benchmarks/bugs-dot-jar/wicket/pom.xml, line 400, column 12
[WARNING] 'build.plugins.plugin.version' for org.apache.maven.plugins:maven-site-plugin is missing. @ org.apache.wicket:wicket-parent:1.3.0-incubating-SNAPSHOT, /home/user/Workspace/reproducibility/Reproducibility-Scanner/benchmarks/bugs-dot-jar/wicket/pom.xml, line 368, column 12
[WARNING] 'build.plugins.plugin.version' for org.apache.maven.plugins:maven-javadoc-plugin is missing. @ org.apache.wicket:wicket-parent:1.3.0-incubating-SNAPSHOT, /home/user/Workspace/reproducibility/Reproducibility-Scanner/benchmarks/bugs-dot-jar/wicket/pom.xml, line 358, column 12
[WARNING] 'build.plugins.plugin.version' for org.apache.maven.plugins:maven-eclipse-plugin is missing. @ org.apache.wicket:wicket-parent:1.3.0-incubating-SNAPSHOT, /home/user/Workspace/reproducibility/Reproducibility-Scanner/benchmarks/bugs-dot-jar/wicket/pom.xml, line 350, column 12
[WARNING] 'build.plugins.plugin.version' for org.codehaus.mojo:surefire-report-maven-plugin is missing. @ org.apache.wicket:wicket-parent:1.3.0-incubating-SNAPSHOT, /home/user/Workspace/reproducibility/Reproducibility-Scanner/benchmarks/bugs-dot-jar/wicket/pom.xml, line 378, column 12
[WARNING] The expression ${pom.artifactId} is deprecated. Please use ${project.artifactId} instead. @ 
[WARNING] 'build.plugins.plugin.version' for org.apache.maven.plugins:maven-remote-resources-plugin is missing. @ org.apache.wicket:wicket-parent:1.3.0-incubating-SNAPSHOT, /home/user/Workspace/reproducibility/Reproducibility-Scanner/benchmarks/bugs-dot-jar/wicket/pom.xml, line 383, column 12
[WARNING] 'build.plugins.plugin.version' for org.apache.maven.plugins:maven-compiler-plugin is missing. @ org.apache.wicket:wicket-jdk14:1.3.0-incubating-SNAPSHOT, /home/user/Workspace/reproducibility/Reproducibility-Scanner/benchmarks/bugs-dot-jar/wicket/jdk-1.4/pom.xml, line 48, column 12
[WARNING] 'build.plugins.plugin.version' for org.apache.maven.plugins:maven-surefire-plugin is missing. @ org.apache.wicket:wicket-parent:1.3.0-incubating-SNAPSHOT, /home/user/Workspace/reproducibility/Reproducibility-Scanner/benchmarks/bugs-dot-jar/wicket/pom.xml, line 373, column 12
[WARNING] 'build.plugins.plugin.version' for org.apache.maven.plugins:maven-source-plugin is missing. @ org.apache.wicket:wicket-parent:1.3.0-incubating-SNAPSHOT, /home/user/Workspace/reproducibility/Reproducibility-Scanner/benchmarks/bugs-dot-jar/wicket/pom.xml, line 400, column 12
[WARNING] 'build.plugins.plugin.version' for org.apache.maven.plugins:maven-site-plugin is missing. @ org.apache.wicket:wicket-parent:1.3.0-incubating-SNAPSHOT, /home/user/Workspace/reproducibility/Reproducibility-Scanner/benchmarks/bugs-dot-jar/wicket/pom.xml, line 368, column 12
[WARNING] 'build.plugins.plugin.version' for org.apache.maven.plugins:maven-javadoc-plugin is missing. @ org.apache.wicket:wicket-parent:1.3.0-incubating-SNAPSHOT, /home/user/Workspace/reproducibility/Reproducibility-Scanner/benchmarks/bugs-dot-jar/wicket/pom.xml, line 358, column 12
[WARNING] 'build.plugins.plugin.version' for org.apache.maven.plugins:maven-eclipse-plugin is missing. @ org.apache.wicket:wicket-parent:1.3.0-incubating-SNAPSHOT, /home/user/Workspace/reproducibility/Reproducibility-Scanner/benchmarks/bugs-dot-jar/wicket/pom.xml, line 350, column 12
[WARNING] 'build.plugins.plugin.version' for org.codehaus.mojo:surefire-report-maven-plugin is missing. @ org.apache.wicket:wicket-parent:1.3.0-incubating-SNAPSHOT, /home/user/Workspace/reproducibility/Reproducibility-Scanner/benchmarks/bugs-dot-jar/wicket/pom.xml, line 378, column 12
[WARNING] The expression ${pom.artifactId} is deprecated. Please use ${project.artifactId} instead. @ 
[WARNING] 'build.plugins.plugin.version' for org.apache.maven.plugins:maven-remote-resources-plugin is missing. @ org.apache.wicket:wicket-parent:1.3.0-incubating-SNAPSHOT, /home/user/Workspace/reproducibility/Reproducibility-Scanner/benchmarks/bugs-dot-jar/wicket/pom.xml, line 383, column 12
[WARNING] 'build.plugins.plugin.version' for org.apache.maven.plugins:maven-compiler-plugin is missing. @ org.apache.wicket:wicket-jdk14:1.3.0-incubating-SNAPSHOT, /home/user/Workspace/reproducibility/Reproducibility-Scanner/benchmarks/bugs-dot-jar/wicket/jdk-1.4/pom.xml, line 48, column 12
[WARNING] 'build.plugins.plugin.version' for org.apache.maven.plugins:maven-surefire-plugin is missing. @ org.apache.wicket:wicket-parent:1.3.0-incubating-SNAPSHOT, /home/user/Workspace/reproducibility/Reproducibility-Scanner/benchmarks/bugs-dot-jar/wicket/pom.xml, line 373, column 12
[WARNING] 'build.plugins.plugin.version' for org.apache.maven.plugins:maven-source-plugin is missing. @ org.apache.wicket:wicket-parent:1.3.0-incubating-SNAPSHOT, /home/user/Workspace/reproducibility/Reproducibility-Scanner/benchmarks/bugs-dot-jar/wicket/pom.xml, line 400, column 12
[WARNING] 'build.plugins.plugin.version' for org.apache.maven.plugins:maven-site-plugin is missing. @ org.apache.wicket:wicket-parent:1.3.0-incubating-SNAPSHOT, /home/user/Workspace/reproducibility/Reproducibility-Scanner/benchmarks/bugs-dot-jar/wicket/pom.xml, line 368, column 12
[WARNING] 'build.plugins.plugin.version' for org.apache.maven.plugins:maven-javadoc-plugin is missing. @ org.apache.wicket:wicket-parent:1.3.0-incubating-SNAPSHOT, /home/user/Workspace/reproducibility/Reproducibility-Scanner/benchmarks/bugs-dot-jar/wicket/pom.xml, line 358, column 12
[WARNING] 'build.plugins.plugin.version' for org.apache.maven.plugins:maven-eclipse-plugin is missing. @ org.apache.wicket:wicket-parent:1.3.0-incubating-SNAPSHOT, /home/user/Workspace/reproducibility/Reproducibility-Scanner/benchmarks/bugs-dot-jar/wicket/pom.xml, line 350, column 12
[WARNING] 'build.plugins.plugin.version' for org.codehaus.mojo:surefire-report-maven-plugin is missing. @ org.apache.wicket:wicket-parent:1.3.0-incubating-SNAPSHOT, /home/user/Workspace/reproducibility/Reproducibility-Scanner/benchmarks/bugs-dot-jar/wicket/pom.xml, line 378, column 12
[WARNING] The expression ${pom.artifactId} is deprecated. Please use ${project.artifactId} instead. @ 
[WARNING] 'build.plugins.plugin.version' for org.apache.maven.plugins:maven-remote-resources-plugin is missing. @ org.apache.wicket:wicket-parent:1.3.0-incubating-SNAPSHOT, /home/user/Workspace/reproducibility/Reproducibility-Scanner/benchmarks/bugs-dot-jar/wicket/pom.xml, line 383, column 12
[WARNING] 'build.plugins.plugin.version' for org.apache.maven.plugins:maven-compiler-plugin is missing. @ org.apache.wicket:wicket-jdk14:1.3.0-incubating-SNAPSHOT, /home/user/Workspace/reproducibility/Reproducibility-Scanner/benchmarks/bugs-dot-jar/wicket/jdk-1.4/pom.xml, line 48, column 12
[WARNING] 'build.plugins.plugin.version' for org.apache.maven.plugins:maven-surefire-plugin is missing. @ org.apache.wicket:wicket-parent:1.3.0-incubating-SNAPSHOT, /home/user/Workspace/reproducibility/Reproducibility-Scanner/benchmarks/bugs-dot-jar/wicket/pom.xml, line 373, column 12
[WARNING] 'build.plugins.plugin.version' for org.apache.maven.plugins:maven-source-plugin is missing. @ org.apache.wicket:wicket-parent:1.3.0-incubating-SNAPSHOT, /home/user/Workspace/reproducibility/Reproducibility-Scanner/benchmarks/bugs-dot-jar/wicket/pom.xml, line 400, column 12
[WARNING] 'build.plugins.plugin.version' for org.apache.maven.plugins:maven-site-plugin is missing. @ org.apache.wicket:wicket-parent:1.3.0-incubating-SNAPSHOT, /home/user/Workspace/reproducibility/Reproducibility-Scanner/benchmarks/bugs-dot-jar/wicket/pom.xml, line 368, column 12
[WARNING] 'build.plugins.plugin.version' for org.apache.maven.plugins:maven-javadoc-plugin is missing. @ org.apache.wicket:wicket-parent:1.3.0-incubating-SNAPSHOT, /home/user/Workspace/reproducibility/Reproducibility-Scanner/benchmarks/bugs-dot-jar/wicket/pom.xml, line 358, column 12
[WARNING] 'build.plugins.plugin.version' for org.apache.maven.plugins:maven-eclipse-plugin is missing. @ org.apache.wicket:wicket-parent:1.3.0-incubating-SNAPSHOT, /home/user/Workspace/reproducibility/Reproducibility-Scanner/benchmarks/bugs-dot-jar/wicket/pom.xml, line 350, column 12
[WARNING] 'build.plugins.plugin.version' for org.codehaus.mojo:surefire-report-maven-plugin is missing. @ org.apache.wicket:wicket-parent:1.3.0-incubating-SNAPSHOT, /home/user/Workspace/reproducibility/Reproducibility-Scanner/benchmarks/bugs-dot-jar/wicket/pom.xml, line 378, column 12
[WARNING] The expression ${pom.artifactId} is deprecated. Please use ${project.artifactId} instead. @ 
[WARNING] 'build.plugins.plugin.version' for org.apache.maven.plugins:maven-remote-resources-plugin is missing. @ org.apache.wicket:wicket-parent:1.3.0-incubating-SNAPSHOT, /home/user/Workspace/reproducibility/Reproducibility-Scanner/benchmarks/bugs-dot-jar/wicket/pom.xml, line 383, column 12
[WARNING] 'build.plugins.plugin.version' for org.apache.maven.plugins:maven-compiler-plugin is missing. @ org.apache.wicket:wicket-jdk14:1.3.0-incubating-SNAPSHOT, /home/user/Workspace/reproducibility/Reproducibility-Scanner/benchmarks/bugs-dot-jar/wicket/jdk-1.4/pom.xml, line 48, column 12
[WARNING] 'build.plugins.plugin.version' for org.apache.maven.plugins:maven-surefire-plugin is missing. @ org.apache.wicket:wicket-parent:1.3.0-incubating-SNAPSHOT, /home/user/Workspace/reproducibility/Reproducibility-Scanner/benchmarks/bugs-dot-jar/wicket/pom.xml, line 373, column 12
[WARNING] 'build.plugins.plugin.version' for org.apache.maven.plugins:maven-source-plugin is missing. @ org.apache.wicket:wicket-parent:1.3.0-incubating-SNAPSHOT, /home/user/Workspace/reproducibility/Reproducibility-Scanner/benchmarks/bugs-dot-jar/wicket/pom.xml, line 400, column 12
[WARNING] 'build.plugins.plugin.version' for org.apache.maven.plugins:maven-site-plugin is missing. @ org.apache.wicket:wicket-parent:1.3.0-incubating-SNAPSHOT, /home/user/Workspace/reproducibility/Reproducibility-Scanner/benchmarks/bugs-dot-jar/wicket/pom.xml, line 368, column 12
[WARNING] 'build.plugins.plugin.version' for org.apache.maven.plugins:maven-javadoc-plugin is missing. @ org.apache.wicket:wicket-parent:1.3.0-incubating-SNAPSHOT, /home/user/Workspace/reproducibility/Reproducibility-Scanner/benchmarks/bugs-dot-jar/wicket/pom.xml, line 358, column 12
[WARNING] 'build.plugins.plugin.version' for org.apache.maven.plugins:maven-eclipse-plugin is missing. @ org.apache.wicket:wicket-parent:1.3.0-incubating-SNAPSHOT, /home/user/Workspace/reproducibility/Reproducibility-Scanner/benchmarks/bugs-dot-jar/wicket/pom.xml, line 350, column 12
[WARNING] 'build.plugins.plugin.version' for org.codehaus.mojo:surefire-report-maven-plugin is missing. @ org.apache.wicket:wicket-parent:1.3.0-incubating-SNAPSHOT, /home/user/Workspace/reproducibility/Reproducibility-Scanner/benchmarks/bugs-dot-jar/wicket/pom.xml, line 378, column 12
[WARNING] The expression ${pom.artifactId} is deprecated. Please use ${project.artifactId} instead. @ 
[WARNING] 'build.plugins.plugin.(groupId:artifactId)' must be unique but found duplicate declaration of plugin org.apache.maven.plugins:maven-source-plugin @ org.apache.wicket:wicket-parent:1.3.0-incubating-SNAPSHOT, /home/user/Workspace/reproducibility/Reproducibility-Scanner/benchmarks/bugs-dot-jar/wicket/pom.xml, line 400, column 12
[WARNING] 'build.plugins.plugin.version' for org.apache.maven.plugins:maven-remote-resources-plugin is missing. @ org.apache.wicket:wicket-parent:1.3.0-incubating-SNAPSHOT, /home/user/Workspace/reproducibility/Reproducibility-Scanner/benchmarks/bugs-dot-jar/wicket/pom.xml, line 383, column 12
[WARNING] 'build.plugins.plugin.version' for org.apache.maven.plugins:maven-compiler-plugin is missing. @ line 48, column 12
[WARNING] 'build.plugins.plugin.version' for org.apache.maven.plugins:maven-surefire-plugin is missing. @ org.apache.wicket:wicket-parent:1.3.0-incubating-SNAPSHOT, /home/user/Workspace/reproducibility/Reproducibility-Scanner/benchmarks/bugs-dot-jar/wicket/pom.xml, line 373, column 12
[WARNING] 'build.plugins.plugin.version' for org.apache.maven.plugins:maven-source-plugin is missing. @ org.apache.wicket:wicket-parent:1.3.0-incubating-SNAPSHOT, /home/user/Workspace/reproducibility/Reproducibility-Scanner/benchmarks/bugs-dot-jar/wicket/pom.xml, line 400, column 12
[WARNING] 'build.plugins.plugin.version' for org.apache.maven.plugins:maven-site-plugin is missing. @ org.apache.wicket:wicket-parent:1.3.0-incubating-SNAPSHOT, /home/user/Workspace/reproducibility/Reproducibility-Scanner/benchmarks/bugs-dot-jar/wicket/pom.xml, line 368, column 12
[WARNING] 'build.plugins.plugin.version' for org.apache.maven.plugins:maven-javadoc-plugin is missing. @ org.apache.wicket:wicket-parent:1.3.0-incubating-SNAPSHOT, /home/user/Workspace/reproducibility/Reproducibility-Scanner/benchmarks/bugs-dot-jar/wicket/pom.xml, line 358, column 12
[WARNING] 'build.plugins.plugin.version' for org.apache.maven.plugins:maven-eclipse-plugin is missing. @ org.apache.wicket:wicket-parent:1.3.0-incubating-SNAPSHOT, /home/user/Workspace/reproducibility/Reproducibility-Scanner/benchmarks/bugs-dot-jar/wicket/pom.xml, line 350, column 12
[WARNING] 'build.plugins.plugin.version' for org.codehaus.mojo:surefire-report-maven-plugin is missing. @ org.apache.wicket:wicket-parent:1.3.0-incubating-SNAPSHOT, /home/user/Workspace/reproducibility/Reproducibility-Scanner/benchmarks/bugs-dot-jar/wicket/pom.xml, line 378, column 12
[WARNING] The expression ${pom.artifactId} is deprecated. Please use ${project.artifactId} instead. @ 
[WARNING] 'build.plugins.plugin.version' for org.apache.maven.plugins:maven-remote-resources-plugin is missing. @ org.apache.wicket:wicket-parent:1.3.0-incubating-SNAPSHOT, /home/user/Workspace/reproducibility/Reproducibility-Scanner/benchmarks/bugs-dot-jar/wicket/pom.xml, line 383, column 12
[WARNING] 'build.plugins.plugin.version' for org.apache.maven.plugins:maven-compiler-plugin is missing. @ org.apache.wicket:wicket-jdk15:1.3.0-incubating-SNAPSHOT, /home/user/Workspace/reproducibility/Reproducibility-Scanner/benchmarks/bugs-dot-jar/wicket/jdk-1.5/pom.xml, line 45, column 12
[WARNING] 'build.plugins.plugin.version' for org.apache.maven.plugins:maven-surefire-plugin is missing. @ org.apache.wicket:wicket-parent:1.3.0-incubating-SNAPSHOT, /home/user/Workspace/reproducibility/Reproducibility-Scanner/benchmarks/bugs-dot-jar/wicket/pom.xml, line 373, column 12
[WARNING] 'build.plugins.plugin.version' for org.apache.maven.plugins:maven-source-plugin is missing. @ org.apache.wicket:wicket-parent:1.3.0-incubating-SNAPSHOT, /home/user/Workspace/reproducibility/Reproducibility-Scanner/benchmarks/bugs-dot-jar/wicket/pom.xml, line 400, column 12
[WARNING] 'build.plugins.plugin.version' for org.apache.maven.plugins:maven-site-plugin is missing. @ org.apache.wicket:wicket-parent:1.3.0-incubating-SNAPSHOT, /home/user/Workspace/reproducibility/Reproducibility-Scanner/benchmarks/bugs-dot-jar/wicket/pom.xml, line 368, column 12
[WARNING] 'build.plugins.plugin.version' for org.apache.maven.plugins:maven-javadoc-plugin is missing. @ org.apache.wicket:wicket-parent:1.3.0-incubating-SNAPSHOT, /home/user/Workspace/reproducibility/Reproducibility-Scanner/benchmarks/bugs-dot-jar/wicket/pom.xml, line 358, column 12
[WARNING] 'build.plugins.plugin.version' for org.apache.maven.plugins:maven-eclipse-plugin is missing. @ org.apache.wicket:wicket-parent:1.3.0-incubating-SNAPSHOT, /home/user/Workspace/reproducibility/Reproducibility-Scanner/benchmarks/bugs-dot-jar/wicket/pom.xml, line 350, column 12
[WARNING] 'build.plugins.plugin.version' for org.codehaus.mojo:surefire-report-maven-plugin is missing. @ org.apache.wicket:wicket-parent:1.3.0-incubating-SNAPSHOT, /home/user/Workspace/reproducibility/Reproducibility-Scanner/benchmarks/bugs-dot-jar/wicket/pom.xml, line 378, column 12
[WARNING] The expression ${pom.artifactId} is deprecated. Please use ${project.artifactId} instead. @ 
[WARNING] 'build.plugins.plugin.version' for org.apache.maven.plugins:maven-remote-resources-plugin is missing. @ org.apache.wicket:wicket-parent:1.3.0-incubating-SNAPSHOT, /home/user/Workspace/reproducibility/Reproducibility-Scanner/benchmarks/bugs-dot-jar/wicket/pom.xml, line 383, column 12
[WARNING] 'build.plugins.plugin.version' for org.apache.maven.plugins:maven-compiler-plugin is missing. @ org.apache.wicket:wicket-jdk15:1.3.0-incubating-SNAPSHOT, /home/user/Workspace/reproducibility/Reproducibility-Scanner/benchmarks/bugs-dot-jar/wicket/jdk-1.5/pom.xml, line 45, column 12
[WARNING] 'build.plugins.plugin.version' for org.apache.maven.plugins:maven-surefire-plugin is missing. @ org.apache.wicket:wicket-parent:1.3.0-incubating-SNAPSHOT, /home/user/Workspace/reproducibility/Reproducibility-Scanner/benchmarks/bugs-dot-jar/wicket/pom.xml, line 373, column 12
[WARNING] 'build.plugins.plugin.version' for org.apache.maven.plugins:maven-source-plugin is missing. @ org.apache.wicket:wicket-parent:1.3.0-incubating-SNAPSHOT, /home/user/Workspace/reproducibility/Reproducibility-Scanner/benchmarks/bugs-dot-jar/wicket/pom.xml, line 400, column 12
[WARNING] 'build.plugins.plugin.version' for org.apache.maven.plugins:maven-site-plugin is missing. @ org.apache.wicket:wicket-parent:1.3.0-incubating-SNAPSHOT, /home/user/Workspace/reproducibility/Reproducibility-Scanner/benchmarks/bugs-dot-jar/wicket/pom.xml, line 368, column 12
[WARNING] 'build.plugins.plugin.version' for org.apache.maven.plugins:maven-javadoc-plugin is missing. @ org.apache.wicket:wicket-parent:1.3.0-incubating-SNAPSHOT, /home/user/Workspace/reproducibility/Reproducibility-Scanner/benchmarks/bugs-dot-jar/wicket/pom.xml, line 358, column 12
[WARNING] 'build.plugins.plugin.version' for org.apache.maven.plugins:maven-eclipse-plugin is missing. @ org.apache.wicket:wicket-parent:1.3.0-incubating-SNAPSHOT, /home/user/Workspace/reproducibility/Reproducibility-Scanner/benchmarks/bugs-dot-jar/wicket/pom.xml, line 350, column 12
[WARNING] 'build.plugins.plugin.version' for org.codehaus.mojo:surefire-report-maven-plugin is missing. @ org.apache.wicket:wicket-parent:1.3.0-incubating-SNAPSHOT, /home/user/Workspace/reproducibility/Reproducibility-Scanner/benchmarks/bugs-dot-jar/wicket/pom.xml, line 378, column 12
[WARNING] The expression ${pom.artifactId} is deprecated. Please use ${project.artifactId} instead. @ 
[WARNING] 'build.plugins.plugin.version' for org.apache.maven.plugins:maven-remote-resources-plugin is missing. @ org.apache.wicket:wicket-parent:1.3.0-incubating-SNAPSHOT, /home/user/Workspace/reproducibility/Reproducibility-Scanner/benchmarks/bugs-dot-jar/wicket/pom.xml, line 383, column 12
[WARNING] 'build.plugins.plugin.version' for org.apache.maven.plugins:maven-compiler-plugin is missing. @ org.apache.wicket:wicket-jdk15:1.3.0-incubating-SNAPSHOT, /home/user/Workspace/reproducibility/Reproducibility-Scanner/benchmarks/bugs-dot-jar/wicket/jdk-1.5/pom.xml, line 45, column 12
[WARNING] 'build.plugins.plugin.version' for org.apache.maven.plugins:maven-surefire-plugin is missing. @ org.apache.wicket:wicket-parent:1.3.0-incubating-SNAPSHOT, /home/user/Workspace/reproducibility/Reproducibility-Scanner/benchmarks/bugs-dot-jar/wicket/pom.xml, line 373, column 12
[WARNING] 'build.plugins.plugin.version' for org.apache.maven.plugins:maven-source-plugin is missing. @ org.apache.wicket:wicket-parent:1.3.0-incubating-SNAPSHOT, /home/user/Workspace/reproducibility/Reproducibility-Scanner/benchmarks/bugs-dot-jar/wicket/pom.xml, line 400, column 12
[WARNING] 'build.plugins.plugin.version' for org.apache.maven.plugins:maven-site-plugin is missing. @ org.apache.wicket:wicket-parent:1.3.0-incubating-SNAPSHOT, /home/user/Workspace/reproducibility/Reproducibility-Scanner/benchmarks/bugs-dot-jar/wicket/pom.xml, line 368, column 12
[WARNING] 'build.plugins.plugin.version' for org.apache.maven.plugins:maven-javadoc-plugin is missing. @ org.apache.wicket:wicket-parent:1.3.0-incubating-SNAPSHOT, /home/user/Workspace/reproducibility/Reproducibility-Scanner/benchmarks/bugs-dot-jar/wicket/pom.xml, line 358, column 12
[WARNING] 'build.plugins.plugin.version' for org.apache.maven.plugins:maven-eclipse-plugin is missing. @ org.apache.wicket:wicket-parent:1.3.0-incubating-SNAPSHOT, /home/user/Workspace/reproducibility/Reproducibility-Scanner/benchmarks/bugs-dot-jar/wicket/pom.xml, line 350, column 12
[WARNING] 'build.plugins.plugin.version' for org.codehaus.mojo:surefire-report-maven-plugin is missing. @ org.apache.wicket:wicket-parent:1.3.0-incubating-SNAPSHOT, /home/user/Workspace/reproducibility/Reproducibility-Scanner/benchmarks/bugs-dot-jar/wicket/pom.xml, line 378, column 12
[WARNING] The expression ${pom.artifactId} is deprecated. Please use ${project.artifactId} instead. @ 
[WARNING] 'build.plugins.plugin.version' for org.apache.maven.plugins:maven-remote-resources-plugin is missing. @ org.apache.wicket:wicket-parent:1.3.0-incubating-SNAPSHOT, /home/user/Workspace/reproducibility/Reproducibility-Scanner/benchmarks/bugs-dot-jar/wicket/pom.xml, line 383, column 12
[WARNING] 'build.plugins.plugin.version' for org.apache.maven.plugins:maven-compiler-plugin is missing. @ org.apache.wicket:wicket-jdk15:1.3.0-incubating-SNAPSHOT, /home/user/Workspace/reproducibility/Reproducibility-Scanner/benchmarks/bugs-dot-jar/wicket/jdk-1.5/pom.xml, line 45, column 12
[WARNING] 'build.plugins.plugin.version' for org.apache.maven.plugins:maven-surefire-plugin is missing. @ org.apache.wicket:wicket-parent:1.3.0-incubating-SNAPSHOT, /home/user/Workspace/reproducibility/Reproducibility-Scanner/benchmarks/bugs-dot-jar/wicket/pom.xml, line 373, column 12
[WARNING] 'build.plugins.plugin.version' for org.apache.maven.plugins:maven-jar-plugin is missing. @ line 43, column 12
[WARNING] 'build.plugins.plugin.version' for org.apache.maven.plugins:maven-source-plugin is missing. @ org.apache.wicket:wicket-parent:1.3.0-incubating-SNAPSHOT, /home/user/Workspace/reproducibility/Reproducibility-Scanner/benchmarks/bugs-dot-jar/wicket/pom.xml, line 400, column 12
[WARNING] 'build.plugins.plugin.version' for org.apache.maven.plugins:maven-site-plugin is missing. @ org.apache.wicket:wicket-parent:1.3.0-incubating-SNAPSHOT, /home/user/Workspace/reproducibility/Reproducibility-Scanner/benchmarks/bugs-dot-jar/wicket/pom.xml, line 368, column 12
[WARNING] 'build.plugins.plugin.version' for org.apache.maven.plugins:maven-javadoc-plugin is missing. @ org.apache.wicket:wicket-parent:1.3.0-incubating-SNAPSHOT, /home/user/Workspace/reproducibility/Reproducibility-Scanner/benchmarks/bugs-dot-jar/wicket/pom.xml, line 358, column 12
[WARNING] 'build.plugins.plugin.version' for org.apache.maven.plugins:maven-eclipse-plugin is missing. @ org.apache.wicket:wicket-parent:1.3.0-incubating-SNAPSHOT, /home/user/Workspace/reproducibility/Reproducibility-Scanner/benchmarks/bugs-dot-jar/wicket/pom.xml, line 350, column 12
[WARNING] 'build.plugins.plugin.version' for org.codehaus.mojo:surefire-report-maven-plugin is missing. @ org.apache.wicket:wicket-parent:1.3.0-incubating-SNAPSHOT, /home/user/Workspace/reproducibility/Reproducibility-Scanner/benchmarks/bugs-dot-jar/wicket/pom.xml, line 378, column 12
[WARNING] The expression ${pom.artifactId} is deprecated. Please use ${project.artifactId} instead. @ 
[WARNING] 'build.plugins.plugin.version' for org.apache.maven.plugins:maven-remote-resources-plugin is missing. @ org.apache.wicket:wicket-parent:1.3.0-incubating-SNAPSHOT, /home/user/Workspace/reproducibility/Reproducibility-Scanner/benchmarks/bugs-dot-jar/wicket/pom.xml, line 383, column 12
[WARNING] 'build.plugins.plugin.version' for org.apache.maven.plugins:maven-compiler-plugin is missing. @ org.apache.wicket:wicket-jdk15:1.3.0-incubating-SNAPSHOT, /home/user/Workspace/reproducibility/Reproducibility-Scanner/benchmarks/bugs-dot-jar/wicket/jdk-1.5/pom.xml, line 45, column 12
[WARNING] 'build.plugins.plugin.version' for org.apache.maven.plugins:maven-surefire-plugin is missing. @ org.apache.wicket:wicket-parent:1.3.0-incubating-SNAPSHOT, /home/user/Workspace/reproducibility/Reproducibility-Scanner/benchmarks/bugs-dot-jar/wicket/pom.xml, line 373, column 12
[WARNING] 'build.plugins.plugin.version' for org.apache.maven.plugins:maven-source-plugin is missing. @ org.apache.wicket:wicket-parent:1.3.0-incubating-SNAPSHOT, /home/user/Workspace/reproducibility/Reproducibility-Scanner/benchmarks/bugs-dot-jar/wicket/pom.xml, line 400, column 12
[WARNING] 'build.plugins.plugin.version' for org.apache.maven.plugins:maven-site-plugin is missing. @ org.apache.wicket:wicket-parent:1.3.0-incubating-SNAPSHOT, /home/user/Workspace/reproducibility/Reproducibility-Scanner/benchmarks/bugs-dot-jar/wicket/pom.xml, line 368, column 12
[WARNING] 'build.plugins.plugin.version' for org.apache.maven.plugins:maven-javadoc-plugin is missing. @ org.apache.wicket:wicket-parent:1.3.0-incubating-SNAPSHOT, /home/user/Workspace/reproducibility/Reproducibility-Scanner/benchmarks/bugs-dot-jar/wicket/pom.xml, line 358, column 12
[WARNING] 'build.plugins.plugin.version' for org.apache.maven.plugins:maven-eclipse-plugin is missing. @ org.apache.wicket:wicket-parent:1.3.0-incubating-SNAPSHOT, /home/user/Workspace/reproducibility/Reproducibility-Scanner/benchmarks/bugs-dot-jar/wicket/pom.xml, line 350, column 12
[WARNING] 'build.plugins.plugin.version' for org.codehaus.mojo:surefire-report-maven-plugin is missing. @ org.apache.wicket:wicket-parent:1.3.0-incubating-SNAPSHOT, /home/user/Workspace/reproducibility/Reproducibility-Scanner/benchmarks/bugs-dot-jar/wicket/pom.xml, line 378, column 12
[WARNING] The expression ${pom.artifactId} is deprecated. Please use ${project.artifactId} instead. @ 
[WARNING] 'build.plugins.plugin.version' for org.apache.maven.plugins:maven-remote-resources-plugin is missing. @ org.apache.wicket:wicket-parent:1.3.0-incubating-SNAPSHOT, /home/user/Workspace/reproducibility/Reproducibility-Scanner/benchmarks/bugs-dot-jar/wicket/pom.xml, line 383, column 12
[WARNING] 'build.plugins.plugin.version' for org.apache.maven.plugins:maven-compiler-plugin is missing. @ org.apache.wicket:wicket-jdk15:1.3.0-incubating-SNAPSHOT, /home/user/Workspace/reproducibility/Reproducibility-Scanner/benchmarks/bugs-dot-jar/wicket/jdk-1.5/pom.xml, line 45, column 12
[WARNING] 'build.plugins.plugin.version' for org.apache.maven.plugins:maven-surefire-plugin is missing. @ org.apache.wicket:wicket-parent:1.3.0-incubating-SNAPSHOT, /home/user/Workspace/reproducibility/Reproducibility-Scanner/benchmarks/bugs-dot-jar/wicket/pom.xml, line 373, column 12
[WARNING] 'build.plugins.plugin.version' for org.apache.maven.plugins:maven-source-plugin is missing. @ org.apache.wicket:wicket-parent:1.3.0-incubating-SNAPSHOT, /home/user/Workspace/reproducibility/Reproducibility-Scanner/benchmarks/bugs-dot-jar/wicket/pom.xml, line 400, column 12
[WARNING] 'build.plugins.plugin.version' for org.apache.maven.plugins:maven-site-plugin is missing. @ org.apache.wicket:wicket-parent:1.3.0-incubating-SNAPSHOT, /home/user/Workspace/reproducibility/Reproducibility-Scanner/benchmarks/bugs-dot-jar/wicket/pom.xml, line 368, column 12
[WARNING] 'build.plugins.plugin.version' for org.apache.maven.plugins:maven-javadoc-plugin is missing. @ org.apache.wicket:wicket-parent:1.3.0-incubating-SNAPSHOT, /home/user/Workspace/reproducibility/Reproducibility-Scanner/benchmarks/bugs-dot-jar/wicket/pom.xml, line 358, column 12
[WARNING] 'build.plugins.plugin.version' for org.apache.maven.plugins:maven-eclipse-plugin is missing. @ org.apache.wicket:wicket-parent:1.3.0-incubating-SNAPSHOT, /home/user/Workspace/reproducibility/Reproducibility-Scanner/benchmarks/bugs-dot-jar/wicket/pom.xml, line 350, column 12
[WARNING] 'build.plugins.plugin.version' for org.codehaus.mojo:surefire-report-maven-plugin is missing. @ org.apache.wicket:wicket-parent:1.3.0-incubating-SNAPSHOT, /home/user/Workspace/reproducibility/Reproducibility-Scanner/benchmarks/bugs-dot-jar/wicket/pom.xml, line 378, column 12
[WARNING] The expression ${pom.artifactId} is deprecated. Please use ${project.artifactId} instead. @ 
[WARNING] 'build.plugins.plugin.version' for org.apache.maven.plugins:maven-remote-resources-plugin is missing. @ org.apache.wicket:wicket-parent:1.3.0-incubating-SNAPSHOT, /home/user/Workspace/reproducibility/Reproducibility-Scanner/benchmarks/bugs-dot-jar/wicket/pom.xml, line 383, column 12
[WARNING] 'build.plugins.plugin.version' for org.apache.maven.plugins:maven-compiler-plugin is missing. @ line 45, column 12
[WARNING] 'build.plugins.plugin.version' for org.apache.maven.plugins:maven-surefire-plugin is missing. @ org.apache.wicket:wicket-parent:1.3.0-incubating-SNAPSHOT, /home/user/Workspace/reproducibility/Reproducibility-Scanner/benchmarks/bugs-dot-jar/wicket/pom.xml, line 373, column 12
[WARNING] 'build.plugins.plugin.version' for org.apache.maven.plugins:maven-source-plugin is missing. @ org.apache.wicket:wicket-parent:1.3.0-incubating-SNAPSHOT, /home/user/Workspace/reproducibility/Reproducibility-Scanner/benchmarks/bugs-dot-jar/wicket/pom.xml, line 400, column 12
[WARNING] 'build.plugins.plugin.version' for org.apache.maven.plugins:maven-site-plugin is missing. @ org.apache.wicket:wicket-parent:1.3.0-incubating-SNAPSHOT, /home/user/Workspace/reproducibility/Reproducibility-Scanner/benchmarks/bugs-dot-jar/wicket/pom.xml, line 368, column 12
[WARNING] 'build.plugins.plugin.version' for org.apache.maven.plugins:maven-javadoc-plugin is missing. @ org.apache.wicket:wicket-parent:1.3.0-incubating-SNAPSHOT, /home/user/Workspace/reproducibility/Reproducibility-Scanner/benchmarks/bugs-dot-jar/wicket/pom.xml, line 358, column 12
[WARNING] 'build.plugins.plugin.version' for org.apache.maven.plugins:maven-eclipse-plugin is missing. @ org.apache.wicket:wicket-parent:1.3.0-incubating-SNAPSHOT, /home/user/Workspace/reproducibility/Reproducibility-Scanner/benchmarks/bugs-dot-jar/wicket/pom.xml, line 350, column 12
[WARNING] 'build.plugins.plugin.version' for org.codehaus.mojo:surefire-report-maven-plugin is missing. @ org.apache.wicket:wicket-parent:1.3.0-incubating-SNAPSHOT, /home/user/Workspace/reproducibility/Reproducibility-Scanner/benchmarks/bugs-dot-jar/wicket/pom.xml, line 378, column 12
[WARNING] The expression ${pom.artifactId} is deprecated. Please use ${project.artifactId} instead. @ 
[WARNING] 'build.plugins.plugin.(groupId:artifactId)' must be unique but found duplicate declaration of plugin org.apache.maven.plugins:maven-source-plugin @ line 400, column 12
[WARNING] 'build.plugins.plugin.version' for org.apache.maven.plugins:maven-remote-resources-plugin is missing. @ line 383, column 12
[WARNING] 'build.plugins.plugin.version' for org.apache.maven.plugins:maven-surefire-plugin is missing. @ line 373, column 12
[WARNING] 'build.plugins.plugin.version' for org.apache.maven.plugins:maven-source-plugin is missing. @ line 400, column 12
[WARNING] 'build.plugins.plugin.version' for org.apache.maven.plugins:maven-site-plugin is missing. @ line 368, column 12
[WARNING] 'build.plugins.plugin.version' for org.apache.maven.plugins:maven-javadoc-plugin is missing. @ line 358, column 12
[WARNING] 'build.plugins.plugin.version' for org.apache.maven.plugins:maven-eclipse-plugin is missing. @ line 350, column 12
[WARNING] 'build.plugins.plugin.version' for org.codehaus.mojo:surefire-report-maven-plugin is missing. @ line 378, column 12
[WARNING] The expression ${pom.artifactId} is deprecated. Please use ${project.artifactId} instead. @ 
 @ 
[[1;31mERROR[m] The build could not read 1 project -> [1m[Help 1][m
[[1;31mERROR[m]   
[[1;31mERROR[m]   The project org.apache.wicket:wicket-threadtest:1.3.0-incubating-SNAPSHOT (/home/user/Workspace/reproducibility/Reproducibility-Scanner/benchmarks/bugs-dot-jar/wicket/testing/wicket-threadtest/pom.xml) has 1 error
[[1;31mERROR[m]     Non-resolvable parent POM for org.apache.wicket:wicket-threadtest:1.3.0-incubating-SNAPSHOT: Could not find artifact org.apache.wicket:wicket-jdk15:pom:1.3.0-incubating-SNAPSHOT and 'parent.relativePath' points at wrong local POM @ line 25, column 10 -> [1m[Help 2][m
[[1;31mERROR[m] 
[[1;31mERROR[m] To see the full stack trace of the errors, re-run Maven with the [1m-e[m switch.
[[1;31mERROR[m] Re-run Maven using the [1m-X[m switch to enable full debug logging.
[[1;31mERROR[m] 
[[1;31mERROR[m] For more information about the errors and possible solutions, please read the following articles:
[[1;31mERROR[m] [1m[Help 1][m http://cwiki.apache.org/confluence/display/MAVEN/ProjectBuildingException
[[1;31mERROR[m] [1m[Help 2][m http://cwiki.apache.org/confluence/display/MAVEN/UnresolvableModelException
[[1;34mINFO[m] Build failures were ignored.
[[1;34mINFO[m] Scanning for projects...
[[1;31mERROR[m] [ERROR] Some problems were encountered while processing the POMs:
[FATAL] Non-resolvable parent POM for org.apache.wicket:wicket-threadtest:1.3.0-incubating-SNAPSHOT: Could not find artifact org.apache.wicket:wicket-jdk15:pom:1.3.0-incubating-SNAPSHOT and 'parent.relativePath' points at wrong local POM @ line 25, column 10
[WARNING] 'build.plugins.plugin.version' for org.apache.maven.plugins:maven-remote-resources-plugin is missing. @ org.apache.wicket:wicket-parent:1.3.0-incubating-SNAPSHOT, /home/user/Workspace/reproducibility/Reproducibility-Scanner/benchmarks/bugs-dot-jar/wicket/pom.xml, line 383, column 12
[WARNING] 'build.plugins.plugin.version' for org.apache.maven.plugins:maven-compiler-plugin is missing. @ org.apache.wicket:wicket-jdk14:1.3.0-incubating-SNAPSHOT, /home/user/Workspace/reproducibility/Reproducibility-Scanner/benchmarks/bugs-dot-jar/wicket/jdk-1.4/pom.xml, line 48, column 12
[WARNING] 'build.plugins.plugin.version' for org.apache.maven.plugins:maven-surefire-plugin is missing. @ org.apache.wicket:wicket-parent:1.3.0-incubating-SNAPSHOT, /home/user/Workspace/reproducibility/Reproducibility-Scanner/benchmarks/bugs-dot-jar/wicket/pom.xml, line 373, column 12
[WARNING] 'build.plugins.plugin.version' for org.apache.maven.plugins:maven-clover-plugin is missing. @ line 44, column 12
[WARNING] 'build.plugins.plugin.version' for org.apache.maven.plugins:maven-source-plugin is missing. @ org.apache.wicket:wicket-parent:1.3.0-incubating-SNAPSHOT, /home/user/Workspace/reproducibility/Reproducibility-Scanner/benchmarks/bugs-dot-jar/wicket/pom.xml, line 400, column 12
[WARNING] 'build.plugins.plugin.version' for org.apache.maven.plugins:maven-site-plugin is missing. @ org.apache.wicket:wicket-parent:1.3.0-incubating-SNAPSHOT, /home/user/Workspace/reproducibility/Reproducibility-Scanner/benchmarks/bugs-dot-jar/wicket/pom.xml, line 368, column 12
[WARNING] 'build.plugins.plugin.version' for org.apache.maven.plugins:maven-javadoc-plugin is missing. @ org.apache.wicket:wicket-parent:1.3.0-incubating-SNAPSHOT, /home/user/Workspace/reproducibility/Reproducibility-Scanner/benchmarks/bugs-dot-jar/wicket/pom.xml, line 358, column 12
[WARNING] 'build.plugins.plugin.version' for org.apache.maven.plugins:maven-eclipse-plugin is missing. @ org.apache.wicket:wicket-parent:1.3.0-incubating-SNAPSHOT, /home/user/Workspace/reproducibility/Reproducibility-Scanner/benchmarks/bugs-dot-jar/wicket/pom.xml, line 350, column 12
[WARNING] 'build.plugins.plugin.version' for org.codehaus.mojo:surefire-report-maven-plugin is missing. @ org.apache.wicket:wicket-parent:1.3.0-incubating-SNAPSHOT, /home/user/Workspace/reproducibility/Reproducibility-Scanner/benchmarks/bugs-dot-jar/wicket/pom.xml, line 378, column 12
[WARNING] The expression ${pom.artifactId} is deprecated. Please use ${project.artifactId} instead. @ 
[WARNING] 'build.plugins.plugin.version' for org.apache.maven.plugins:maven-remote-resources-plugin is missing. @ org.apache.wicket:wicket-parent:1.3.0-incubating-SNAPSHOT, /home/user/Workspace/reproducibility/Reproducibility-Scanner/benchmarks/bugs-dot-jar/wicket/pom.xml, line 383, column 12
[WARNING] 'build.plugins.plugin.version' for org.apache.maven.plugins:maven-compiler-plugin is missing. @ org.apache.wicket:wicket-jdk14:1.3.0-incubating-SNAPSHOT, /home/user/Workspace/reproducibility/Reproducibility-Scanner/benchmarks/bugs-dot-jar/wicket/jdk-1.4/pom.xml, line 48, column 12
[WARNING] 'build.plugins.plugin.version' for org.apache.maven.plugins:maven-surefire-plugin is missing. @ org.apache.wicket:wicket-parent:1.3.0-incubating-SNAPSHOT, /home/user/Workspace/reproducibility/Reproducibility-Scanner/benchmarks/bugs-dot-jar/wicket/pom.xml, line 373, column 12
[WARNING] 'build.plugins.plugin.version' for org.apache.maven.plugins:maven-source-plugin is missing. @ org.apache.wicket:wicket-parent:1.3.0-incubating-SNAPSHOT, /home/user/Workspace/reproducibility/Reproducibility-Scanner/benchmarks/bugs-dot-jar/wicket/pom.xml, line 400, column 12
[WARNING] 'build.plugins.plugin.version' for org.apache.maven.plugins:maven-site-plugin is missing. @ org.apache.wicket:wicket-parent:1.3.0-incubating-SNAPSHOT, /home/user/Workspace/reproducibility/Reproducibility-Scanner/benchmarks/bugs-dot-jar/wicket/pom.xml, line 368, column 12
[WARNING] 'build.plugins.plugin.version' for org.apache.maven.plugins:maven-javadoc-plugin is missing. @ org.apache.wicket:wicket-parent:1.3.0-incubating-SNAPSHOT, /home/user/Workspace/reproducibility/Reproducibility-Scanner/benchmarks/bugs-dot-jar/wicket/pom.xml, line 358, column 12
[WARNING] 'build.plugins.plugin.version' for org.apache.maven.plugins:maven-eclipse-plugin is missing. @ org.apache.wicket:wicket-parent:1.3.0-incubating-SNAPSHOT, /home/user/Workspace/reproducibility/Reproducibility-Scanner/benchmarks/bugs-dot-jar/wicket/pom.xml, line 350, column 12
[WARNING] 'build.plugins.plugin.version' for org.codehaus.mojo:surefire-report-maven-plugin is missing. @ org.apache.wicket:wicket-parent:1.3.0-incubating-SNAPSHOT, /home/user/Workspace/reproducibility/Reproducibility-Scanner/benchmarks/bugs-dot-jar/wicket/pom.xml, line 378, column 12
[WARNING] The expression ${pom.artifactId} is deprecated. Please use ${project.artifactId} instead. @ 
[WARNING] 'build.plugins.plugin.version' for org.apache.maven.plugins:maven-remote-resources-plugin is missing. @ org.apache.wicket:wicket-parent:1.3.0-incubating-SNAPSHOT, /home/user/Workspace/reproducibility/Reproducibility-Scanner/benchmarks/bugs-dot-jar/wicket/pom.xml, line 383, column 12
[WARNING] 'build.plugins.plugin.version' for org.apache.maven.plugins:maven-compiler-plugin is missing. @ org.apache.wicket:wicket-jdk14:1.3.0-incubating-SNAPSHOT, /home/user/Workspace/reproducibility/Reproducibility-Scanner/benchmarks/bugs-dot-jar/wicket/jdk-1.4/pom.xml, line 48, column 12
[WARNING] 'build.plugins.plugin.version' for org.apache.maven.plugins:maven-surefire-plugin is missing. @ org.apache.wicket:wicket-parent:1.3.0-incubating-SNAPSHOT, /home/user/Workspace/reproducibility/Reproducibility-Scanner/benchmarks/bugs-dot-jar/wicket/pom.xml, line 373, column 12
[WARNING] 'build.plugins.plugin.version' for org.apache.maven.plugins:maven-source-plugin is missing. @ org.apache.wicket:wicket-parent:1.3.0-incubating-SNAPSHOT, /home/user/Workspace/reproducibility/Reproducibility-Scanner/benchmarks/bugs-dot-jar/wicket/pom.xml, line 400, column 12
[WARNING] 'build.plugins.plugin.version' for org.apache.maven.plugins:maven-site-plugin is missing. @ org.apache.wicket:wicket-parent:1.3.0-incubating-SNAPSHOT, /home/user/Workspace/reproducibility/Reproducibility-Scanner/benchmarks/bugs-dot-jar/wicket/pom.xml, line 368, column 12
[WARNING] 'build.plugins.plugin.version' for org.apache.maven.plugins:maven-javadoc-plugin is missing. @ org.apache.wicket:wicket-parent:1.3.0-incubating-SNAPSHOT, /home/user/Workspace/reproducibility/Reproducibility-Scanner/benchmarks/bugs-dot-jar/wicket/pom.xml, line 358, column 12
[WARNING] 'build.plugins.plugin.version' for org.apache.maven.plugins:maven-eclipse-plugin is missing. @ org.apache.wicket:wicket-parent:1.3.0-incubating-SNAPSHOT, /home/user/Workspace/reproducibility/Reproducibility-Scanner/benchmarks/bugs-dot-jar/wicket/pom.xml, line 350, column 12
[WARNING] 'build.plugins.plugin.version' for org.codehaus.mojo:surefire-report-maven-plugin is missing. @ org.apache.wicket:wicket-parent:1.3.0-incubating-SNAPSHOT, /home/user/Workspace/reproducibility/Reproducibility-Scanner/benchmarks/bugs-dot-jar/wicket/pom.xml, line 378, column 12
[WARNING] The expression ${pom.artifactId} is deprecated. Please use ${project.artifactId} instead. @ 
[WARNING] 'build.plugins.plugin.version' for org.apache.maven.plugins:maven-remote-resources-plugin is missing. @ org.apache.wicket:wicket-parent:1.3.0-incubating-SNAPSHOT, /home/user/Workspace/reproducibility/Reproducibility-Scanner/benchmarks/bugs-dot-jar/wicket/pom.xml, line 383, column 12
[WARNING] 'build.plugins.plugin.version' for org.apache.maven.plugins:maven-compiler-plugin is missing. @ org.apache.wicket:wicket-jdk14:1.3.0-incubating-SNAPSHOT, /home/user/Workspace/reproducibility/Reproducibility-Scanner/benchmarks/bugs-dot-jar/wicket/jdk-1.4/pom.xml, line 48, column 12
[WARNING] 'build.plugins.plugin.version' for org.apache.maven.plugins:maven-surefire-plugin is missing. @ org.apache.wicket:wicket-parent:1.3.0-incubating-SNAPSHOT, /home/user/Workspace/reproducibility/Reproducibility-Scanner/benchmarks/bugs-dot-jar/wicket/pom.xml, line 373, column 12
[WARNING] 'build.plugins.plugin.version' for org.apache.maven.plugins:maven-source-plugin is missing. @ org.apache.wicket:wicket-parent:1.3.0-incubating-SNAPSHOT, /home/user/Workspace/reproducibility/Reproducibility-Scanner/benchmarks/bugs-dot-jar/wicket/pom.xml, line 400, column 12
[WARNING] 'build.plugins.plugin.version' for org.apache.maven.plugins:maven-site-plugin is missing. @ org.apache.wicket:wicket-parent:1.3.0-incubating-SNAPSHOT, /home/user/Workspace/reproducibility/Reproducibility-Scanner/benchmarks/bugs-dot-jar/wicket/pom.xml, line 368, column 12
[WARNING] 'build.plugins.plugin.version' for org.apache.maven.plugins:maven-javadoc-plugin is missing. @ org.apache.wicket:wicket-parent:1.3.0-incubating-SNAPSHOT, /home/user/Workspace/reproducibility/Reproducibility-Scanner/benchmarks/bugs-dot-jar/wicket/pom.xml, line 358, column 12
[WARNING] 'build.plugins.plugin.version' for org.apache.maven.plugins:maven-eclipse-plugin is missing. @ org.apache.wicket:wicket-parent:1.3.0-incubating-SNAPSHOT, /home/user/Workspace/reproducibility/Reproducibility-Scanner/benchmarks/bugs-dot-jar/wicket/pom.xml, line 350, column 12
[WARNING] 'build.plugins.plugin.version' for org.codehaus.mojo:surefire-report-maven-plugin is missing. @ org.apache.wicket:wicket-parent:1.3.0-incubating-SNAPSHOT, /home/user/Workspace/reproducibility/Reproducibility-Scanner/benchmarks/bugs-dot-jar/wicket/pom.xml, line 378, column 12
[WARNING] The expression ${pom.artifactId} is deprecated. Please use ${project.artifactId} instead. @ 
[WARNING] 'build.plugins.plugin.version' for org.apache.maven.plugins:maven-remote-resources-plugin is missing. @ org.apache.wicket:wicket-parent:1.3.0-incubating-SNAPSHOT, /home/user/Workspace/reproducibility/Reproducibility-Scanner/benchmarks/bugs-dot-jar/wicket/pom.xml, line 383, column 12
[WARNING] 'build.plugins.plugin.version' for org.apache.maven.plugins:maven-compiler-plugin is missing. @ org.apache.wicket:wicket-jdk14:1.3.0-incubating-SNAPSHOT, /home/user/Workspace/reproducibility/Reproducibility-Scanner/benchmarks/bugs-dot-jar/wicket/jdk-1.4/pom.xml, line 48, column 12
[WARNING] 'build.plugins.plugin.version' for org.apache.maven.plugins:maven-surefire-plugin is missing. @ org.apache.wicket:wicket-parent:1.3.0-incubating-SNAPSHOT, /home/user/Workspace/reproducibility/Reproducibility-Scanner/benchmarks/bugs-dot-jar/wicket/pom.xml, line 373, column 12
[WARNING] 'build.plugins.plugin.version' for org.apache.maven.plugins:maven-source-plugin is missing. @ org.apache.wicket:wicket-parent:1.3.0-incubating-SNAPSHOT, /home/user/Workspace/reproducibility/Reproducibility-Scanner/benchmarks/bugs-dot-jar/wicket/pom.xml, line 400, column 12
[WARNING] 'build.plugins.plugin.version' for org.apache.maven.plugins:maven-site-plugin is missing. @ org.apache.wicket:wicket-parent:1.3.0-incubating-SNAPSHOT, /home/user/Workspace/reproducibility/Reproducibility-Scanner/benchmarks/bugs-dot-jar/wicket/pom.xml, line 368, column 12
[WARNING] 'build.plugins.plugin.version' for org.apache.maven.plugins:maven-javadoc-plugin is missing. @ org.apache.wicket:wicket-parent:1.3.0-incubating-SNAPSHOT, /home/user/Workspace/reproducibility/Reproducibility-Scanner/benchmarks/bugs-dot-jar/wicket/pom.xml, line 358, column 12
[WARNING] 'build.plugins.plugin.version' for org.apache.maven.plugins:maven-eclipse-plugin is missing. @ org.apache.wicket:wicket-parent:1.3.0-incubating-SNAPSHOT, /home/user/Workspace/reproducibility/Reproducibility-Scanner/benchmarks/bugs-dot-jar/wicket/pom.xml, line 350, column 12
[WARNING] 'build.plugins.plugin.version' for org.codehaus.mojo:surefire-report-maven-plugin is missing. @ org.apache.wicket:wicket-parent:1.3.0-incubating-SNAPSHOT, /home/user/Workspace/reproducibility/Reproducibility-Scanner/benchmarks/bugs-dot-jar/wicket/pom.xml, line 378, column 12
[WARNING] The expression ${pom.artifactId} is deprecated. Please use ${project.artifactId} instead. @ 
[WARNING] 'build.plugins.plugin.version' for org.apache.maven.plugins:maven-remote-resources-plugin is missing. @ org.apache.wicket:wicket-parent:1.3.0-incubating-SNAPSHOT, /home/user/Workspace/reproducibility/Reproducibility-Scanner/benchmarks/bugs-dot-jar/wicket/pom.xml, line 383, column 12
[WARNING] 'build.plugins.plugin.version' for org.apache.maven.plugins:maven-compiler-plugin is missing. @ org.apache.wicket:wicket-jdk14:1.3.0-incubating-SNAPSHOT, /home/user/Workspace/reproducibility/Reproducibility-Scanner/benchmarks/bugs-dot-jar/wicket/jdk-1.4/pom.xml, line 48, column 12
[WARNING] 'build.plugins.plugin.version' for org.apache.maven.plugins:maven-surefire-plugin is missing. @ org.apache.wicket:wicket-parent:1.3.0-incubating-SNAPSHOT, /home/user/Workspace/reproducibility/Reproducibility-Scanner/benchmarks/bugs-dot-jar/wicket/pom.xml, line 373, column 12
[WARNING] 'build.plugins.plugin.version' for org.apache.maven.plugins:maven-source-plugin is missing. @ org.apache.wicket:wicket-parent:1.3.0-incubating-SNAPSHOT, /home/user/Workspace/reproducibility/Reproducibility-Scanner/benchmarks/bugs-dot-jar/wicket/pom.xml, line 400, column 12
[WARNING] 'build.plugins.plugin.version' for org.apache.maven.plugins:maven-site-plugin is missing. @ org.apache.wicket:wicket-parent:1.3.0-incubating-SNAPSHOT, /home/user/Workspace/reproducibility/Reproducibility-Scanner/benchmarks/bugs-dot-jar/wicket/pom.xml, line 368, column 12
[WARNING] 'build.plugins.plugin.version' for org.apache.maven.plugins:maven-javadoc-plugin is missing. @ org.apache.wicket:wicket-parent:1.3.0-incubating-SNAPSHOT, /home/user/Workspace/reproducibility/Reproducibility-Scanner/benchmarks/bugs-dot-jar/wicket/pom.xml, line 358, column 12
[WARNING] 'build.plugins.plugin.version' for org.apache.maven.plugins:maven-eclipse-plugin is missing. @ org.apache.wicket:wicket-parent:1.3.0-incubating-SNAPSHOT, /home/user/Workspace/reproducibility/Reproducibility-Scanner/benchmarks/bugs-dot-jar/wicket/pom.xml, line 350, column 12
[WARNING] 'build.plugins.plugin.version' for org.codehaus.mojo:surefire-report-maven-plugin is missing. @ org.apache.wicket:wicket-parent:1.3.0-incubating-SNAPSHOT, /home/user/Workspace/reproducibility/Reproducibility-Scanner/benchmarks/bugs-dot-jar/wicket/pom.xml, line 378, column 12
[WARNING] The expression ${pom.artifactId} is deprecated. Please use ${project.artifactId} instead. @ 
[WARNING] 'build.plugins.plugin.version' for org.apache.maven.plugins:maven-remote-resources-plugin is missing. @ org.apache.wicket:wicket-parent:1.3.0-incubating-SNAPSHOT, /home/user/Workspace/reproducibility/Reproducibility-Scanner/benchmarks/bugs-dot-jar/wicket/pom.xml, line 383, column 12
[WARNING] 'build.plugins.plugin.version' for org.apache.maven.plugins:maven-compiler-plugin is missing. @ org.apache.wicket:wicket-jdk14:1.3.0-incubating-SNAPSHOT, /home/user/Workspace/reproducibility/Reproducibility-Scanner/benchmarks/bugs-dot-jar/wicket/jdk-1.4/pom.xml, line 48, column 12
[WARNING] 'build.plugins.plugin.version' for org.apache.maven.plugins:maven-surefire-plugin is missing. @ org.apache.wicket:wicket-parent:1.3.0-incubating-SNAPSHOT, /home/user/Workspace/reproducibility/Reproducibility-Scanner/benchmarks/bugs-dot-jar/wicket/pom.xml, line 373, column 12
[WARNING] 'build.plugins.plugin.version' for org.apache.maven.plugins:maven-source-plugin is missing. @ org.apache.wicket:wicket-parent:1.3.0-incubating-SNAPSHOT, /home/user/Workspace/reproducibility/Reproducibility-Scanner/benchmarks/bugs-dot-jar/wicket/pom.xml, line 400, column 12
[WARNING] 'build.plugins.plugin.version' for org.apache.maven.plugins:maven-site-plugin is missing. @ org.apache.wicket:wicket-parent:1.3.0-incubating-SNAPSHOT, /home/user/Workspace/reproducibility/Reproducibility-Scanner/benchmarks/bugs-dot-jar/wicket/pom.xml, line 368, column 12
[WARNING] 'build.plugins.plugin.version' for org.apache.maven.plugins:maven-javadoc-plugin is missing. @ org.apache.wicket:wicket-parent:1.3.0-incubating-SNAPSHOT, /home/user/Workspace/reproducibility/Reproducibility-Scanner/benchmarks/bugs-dot-jar/wicket/pom.xml, line 358, column 12
[WARNING] 'build.plugins.plugin.version' for org.apache.maven.plugins:maven-eclipse-plugin is missing. @ org.apache.wicket:wicket-parent:1.3.0-incubating-SNAPSHOT, /home/user/Workspace/reproducibility/Reproducibility-Scanner/benchmarks/bugs-dot-jar/wicket/pom.xml, line 350, column 12
[WARNING] 'build.plugins.plugin.version' for org.codehaus.mojo:surefire-report-maven-plugin is missing. @ org.apache.wicket:wicket-parent:1.3.0-incubating-SNAPSHOT, /home/user/Workspace/reproducibility/Reproducibility-Scanner/benchmarks/bugs-dot-jar/wicket/pom.xml, line 378, column 12
[WARNING] The expression ${pom.artifactId} is deprecated. Please use ${project.artifactId} instead. @ 
[WARNING] 'build.plugins.plugin.(groupId:artifactId)' must be unique but found duplicate declaration of plugin org.apache.maven.plugins:maven-source-plugin @ org.apache.wicket:wicket-parent:1.3.0-incubating-SNAPSHOT, /home/user/Workspace/reproducibility/Reproducibility-Scanner/benchmarks/bugs-dot-jar/wicket/pom.xml, line 400, column 12
[WARNING] 'build.plugins.plugin.version' for org.apache.maven.plugins:maven-remote-resources-plugin is missing. @ org.apache.wicket:wicket-parent:1.3.0-incubating-SNAPSHOT, /home/user/Workspace/reproducibility/Reproducibility-Scanner/benchmarks/bugs-dot-jar/wicket/pom.xml, line 383, column 12
[WARNING] 'build.plugins.plugin.version' for org.apache.maven.plugins:maven-compiler-plugin is missing. @ line 48, column 12
[WARNING] 'build.plugins.plugin.version' for org.apache.maven.plugins:maven-surefire-plugin is missing. @ org.apache.wicket:wicket-parent:1.3.0-incubating-SNAPSHOT, /home/user/Workspace/reproducibility/Reproducibility-Scanner/benchmarks/bugs-dot-jar/wicket/pom.xml, line 373, column 12
[WARNING] 'build.plugins.plugin.version' for org.apache.maven.plugins:maven-source-plugin is missing. @ org.apache.wicket:wicket-parent:1.3.0-incubating-SNAPSHOT, /home/user/Workspace/reproducibility/Reproducibility-Scanner/benchmarks/bugs-dot-jar/wicket/pom.xml, line 400, column 12
[WARNING] 'build.plugins.plugin.version' for org.apache.maven.plugins:maven-site-plugin is missing. @ org.apache.wicket:wicket-parent:1.3.0-incubating-SNAPSHOT, /home/user/Workspace/reproducibility/Reproducibility-Scanner/benchmarks/bugs-dot-jar/wicket/pom.xml, line 368, column 12
[WARNING] 'build.plugins.plugin.version' for org.apache.maven.plugins:maven-javadoc-plugin is missing. @ org.apache.wicket:wicket-parent:1.3.0-incubating-SNAPSHOT, /home/user/Workspace/reproducibility/Reproducibility-Scanner/benchmarks/bugs-dot-jar/wicket/pom.xml, line 358, column 12
[WARNING] 'build.plugins.plugin.version' for org.apache.maven.plugins:maven-eclipse-plugin is missing. @ org.apache.wicket:wicket-parent:1.3.0-incubating-SNAPSHOT, /home/user/Workspace/reproducibility/Reproducibility-Scanner/benchmarks/bugs-dot-jar/wicket/pom.xml, line 350, column 12
[WARNING] 'build.plugins.plugin.version' for org.codehaus.mojo:surefire-report-maven-plugin is missing. @ org.apache.wicket:wicket-parent:1.3.0-incubating-SNAPSHOT, /home/user/Workspace/reproducibility/Reproducibility-Scanner/benchmarks/bugs-dot-jar/wicket/pom.xml, line 378, column 12
[WARNING] The expression ${pom.artifactId} is deprecated. Please use ${project.artifactId} instead. @ 
[WARNING] 'build.plugins.plugin.version' for org.apache.maven.plugins:maven-remote-resources-plugin is missing. @ org.apache.wicket:wicket-parent:1.3.0-incubating-SNAPSHOT, /home/user/Workspace/reproducibility/Reproducibility-Scanner/benchmarks/bugs-dot-jar/wicket/pom.xml, line 383, column 12
[WARNING] 'build.plugins.plugin.version' for org.apache.maven.plugins:maven-compiler-plugin is missing. @ org.apache.wicket:wicket-jdk15:1.3.0-incubating-SNAPSHOT, /home/user/Workspace/reproducibility/Reproducibility-Scanner/benchmarks/bugs-dot-jar/wicket/jdk-1.5/pom.xml, line 45, column 12
[WARNING] 'build.plugins.plugin.version' for org.apache.maven.plugins:maven-surefire-plugin is missing. @ org.apache.wicket:wicket-parent:1.3.0-incubating-SNAPSHOT, /home/user/Workspace/reproducibility/Reproducibility-Scanner/benchmarks/bugs-dot-jar/wicket/pom.xml, line 373, column 12
[WARNING] 'build.plugins.plugin.version' for org.apache.maven.plugins:maven-source-plugin is missing. @ org.apache.wicket:wicket-parent:1.3.0-incubating-SNAPSHOT, /home/user/Workspace/reproducibility/Reproducibility-Scanner/benchmarks/bugs-dot-jar/wicket/pom.xml, line 400, column 12
[WARNING] 'build.plugins.plugin.version' for org.apache.maven.plugins:maven-site-plugin is missing. @ org.apache.wicket:wicket-parent:1.3.0-incubating-SNAPSHOT, /home/user/Workspace/reproducibility/Reproducibility-Scanner/benchmarks/bugs-dot-jar/wicket/pom.xml, line 368, column 12
[WARNING] 'build.plugins.plugin.version' for org.apache.maven.plugins:maven-javadoc-plugin is missing. @ org.apache.wicket:wicket-parent:1.3.0-incubating-SNAPSHOT, /home/user/Workspace/reproducibility/Reproducibility-Scanner/benchmarks/bugs-dot-jar/wicket/pom.xml, line 358, column 12
[WARNING] 'build.plugins.plugin.version' for org.apache.maven.plugins:maven-eclipse-plugin is missing. @ org.apache.wicket:wicket-parent:1.3.0-incubating-SNAPSHOT, /home/user/Workspace/reproducibility/Reproducibility-Scanner/benchmarks/bugs-dot-jar/wicket/pom.xml, line 350, column 12
[WARNING] 'build.plugins.plugin.version' for org.codehaus.mojo:surefire-report-maven-plugin is missing. @ org.apache.wicket:wicket-parent:1.3.0-incubating-SNAPSHOT, /home/user/Workspace/reproducibility/Reproducibility-Scanner/benchmarks/bugs-dot-jar/wicket/pom.xml, line 378, column 12
[WARNING] The expression ${pom.artifactId} is deprecated. Please use ${project.artifactId} instead. @ 
[WARNING] 'build.plugins.plugin.version' for org.apache.maven.plugins:maven-remote-resources-plugin is missing. @ org.apache.wicket:wicket-parent:1.3.0-incubating-SNAPSHOT, /home/user/Workspace/reproducibility/Reproducibility-Scanner/benchmarks/bugs-dot-jar/wicket/pom.xml, line 383, column 12
[WARNING] 'build.plugins.plugin.version' for org.apache.maven.plugins:maven-compiler-plugin is missing. @ org.apache.wicket:wicket-jdk15:1.3.0-incubating-SNAPSHOT, /home/user/Workspace/reproducibility/Reproducibility-Scanner/benchmarks/bugs-dot-jar/wicket/jdk-1.5/pom.xml, line 45, column 12
[WARNING] 'build.plugins.plugin.version' for org.apache.maven.plugins:maven-surefire-plugin is missing. @ org.apache.wicket:wicket-parent:1.3.0-incubating-SNAPSHOT, /home/user/Workspace/reproducibility/Reproducibility-Scanner/benchmarks/bugs-dot-jar/wicket/pom.xml, line 373, column 12
[WARNING] 'build.plugins.plugin.version' for org.apache.maven.plugins:maven-source-plugin is missing. @ org.apache.wicket:wicket-parent:1.3.0-incubating-SNAPSHOT, /home/user/Workspace/reproducibility/Reproducibility-Scanner/benchmarks/bugs-dot-jar/wicket/pom.xml, line 400, column 12
[WARNING] 'build.plugins.plugin.version' for org.apache.maven.plugins:maven-site-plugin is missing. @ org.apache.wicket:wicket-parent:1.3.0-incubating-SNAPSHOT, /home/user/Workspace/reproducibility/Reproducibility-Scanner/benchmarks/bugs-dot-jar/wicket/pom.xml, line 368, column 12
[WARNING] 'build.plugins.plugin.version' for org.apache.maven.plugins:maven-javadoc-plugin is missing. @ org.apache.wicket:wicket-parent:1.3.0-incubating-SNAPSHOT, /home/user/Workspace/reproducibility/Reproducibility-Scanner/benchmarks/bugs-dot-jar/wicket/pom.xml, line 358, column 12
[WARNING] 'build.plugins.plugin.version' for org.apache.maven.plugins:maven-eclipse-plugin is missing. @ org.apache.wicket:wicket-parent:1.3.0-incubating-SNAPSHOT, /home/user/Workspace/reproducibility/Reproducibility-Scanner/benchmarks/bugs-dot-jar/wicket/pom.xml, line 350, column 12
[WARNING] 'build.plugins.plugin.version' for org.codehaus.mojo:surefire-report-maven-plugin is missing. @ org.apache.wicket:wicket-parent:1.3.0-incubating-SNAPSHOT, /home/user/Workspace/reproducibility/Reproducibility-Scanner/benchmarks/bugs-dot-jar/wicket/pom.xml, line 378, column 12
[WARNING] The expression ${pom.artifactId} is deprecated. Please use ${project.artifactId} instead. @ 
[WARNING] 'build.plugins.plugin.version' for org.apache.maven.plugins:maven-remote-resources-plugin is missing. @ org.apache.wicket:wicket-parent:1.3.0-incubating-SNAPSHOT, /home/user/Workspace/reproducibility/Reproducibility-Scanner/benchmarks/bugs-dot-jar/wicket/pom.xml, line 383, column 12
[WARNING] 'build.plugins.plugin.version' for org.apache.maven.plugins:maven-compiler-plugin is missing. @ org.apache.wicket:wicket-jdk15:1.3.0-incubating-SNAPSHOT, /home/user/Workspace/reproducibility/Reproducibility-Scanner/benchmarks/bugs-dot-jar/wicket/jdk-1.5/pom.xml, line 45, column 12
[WARNING] 'build.plugins.plugin.version' for org.apache.maven.plugins:maven-surefire-plugin is missing. @ org.apache.wicket:wicket-parent:1.3.0-incubating-SNAPSHOT, /home/user/Workspace/reproducibility/Reproducibility-Scanner/benchmarks/bugs-dot-jar/wicket/pom.xml, line 373, column 12
[WARNING] 'build.plugins.plugin.version' for org.apache.maven.plugins:maven-source-plugin is missing. @ org.apache.wicket:wicket-parent:1.3.0-incubating-SNAPSHOT, /home/user/Workspace/reproducibility/Reproducibility-Scanner/benchmarks/bugs-dot-jar/wicket/pom.xml, line 400, column 12
[WARNING] 'build.plugins.plugin.version' for org.apache.maven.plugins:maven-site-plugin is missing. @ org.apache.wicket:wicket-parent:1.3.0-incubating-SNAPSHOT, /home/user/Workspace/reproducibility/Reproducibility-Scanner/benchmarks/bugs-dot-jar/wicket/pom.xml, line 368, column 12
[WARNING] 'build.plugins.plugin.version' for org.apache.maven.plugins:maven-javadoc-plugin is missing. @ org.apache.wicket:wicket-parent:1.3.0-incubating-SNAPSHOT, /home/user/Workspace/reproducibility/Reproducibility-Scanner/benchmarks/bugs-dot-jar/wicket/pom.xml, line 358, column 12
[WARNING] 'build.plugins.plugin.version' for org.apache.maven.plugins:maven-eclipse-plugin is missing. @ org.apache.wicket:wicket-parent:1.3.0-incubating-SNAPSHOT, /home/user/Workspace/reproducibility/Reproducibility-Scanner/benchmarks/bugs-dot-jar/wicket/pom.xml, line 350, column 12
[WARNING] 'build.plugins.plugin.version' for org.codehaus.mojo:surefire-report-maven-plugin is missing. @ org.apache.wicket:wicket-parent:1.3.0-incubating-SNAPSHOT, /home/user/Workspace/reproducibility/Reproducibility-Scanner/benchmarks/bugs-dot-jar/wicket/pom.xml, line 378, column 12
[WARNING] The expression ${pom.artifactId} is deprecated. Please use ${project.artifactId} instead. @ 
[WARNING] 'build.plugins.plugin.version' for org.apache.maven.plugins:maven-remote-resources-plugin is missing. @ org.apache.wicket:wicket-parent:1.3.0-incubating-SNAPSHOT, /home/user/Workspace/reproducibility/Reproducibility-Scanner/benchmarks/bugs-dot-jar/wicket/pom.xml, line 383, column 12
[WARNING] 'build.plugins.plugin.version' for org.apache.maven.plugins:maven-compiler-plugin is missing. @ org.apache.wicket:wicket-jdk15:1.3.0-incubating-SNAPSHOT, /home/user/Workspace/reproducibility/Reproducibility-Scanner/benchmarks/bugs-dot-jar/wicket/jdk-1.5/pom.xml, line 45, column 12
[WARNING] 'build.plugins.plugin.version' for org.apache.maven.plugins:maven-surefire-plugin is missing. @ org.apache.wicket:wicket-parent:1.3.0-incubating-SNAPSHOT, /home/user/Workspace/reproducibility/Reproducibility-Scanner/benchmarks/bugs-dot-jar/wicket/pom.xml, line 373, column 12
[WARNING] 'build.plugins.plugin.version' for org.apache.maven.plugins:maven-jar-plugin is missing. @ line 43, column 12
[WARNING] 'build.plugins.plugin.version' for org.apache.maven.plugins:maven-source-plugin is missing. @ org.apache.wicket:wicket-parent:1.3.0-incubating-SNAPSHOT, /home/user/Workspace/reproducibility/Reproducibility-Scanner/benchmarks/bugs-dot-jar/wicket/pom.xml, line 400, column 12
[WARNING] 'build.plugins.plugin.version' for org.apache.maven.plugins:maven-site-plugin is missing. @ org.apache.wicket:wicket-parent:1.3.0-incubating-SNAPSHOT, /home/user/Workspace/reproducibility/Reproducibility-Scanner/benchmarks/bugs-dot-jar/wicket/pom.xml, line 368, column 12
[WARNING] 'build.plugins.plugin.version' for org.apache.maven.plugins:maven-javadoc-plugin is missing. @ org.apache.wicket:wicket-parent:1.3.0-incubating-SNAPSHOT, /home/user/Workspace/reproducibility/Reproducibility-Scanner/benchmarks/bugs-dot-jar/wicket/pom.xml, line 358, column 12
[WARNING] 'build.plugins.plugin.version' for org.apache.maven.plugins:maven-eclipse-plugin is missing. @ org.apache.wicket:wicket-parent:1.3.0-incubating-SNAPSHOT, /home/user/Workspace/reproducibility/Reproducibility-Scanner/benchmarks/bugs-dot-jar/wicket/pom.xml, line 350, column 12
[WARNING] 'build.plugins.plugin.version' for org.codehaus.mojo:surefire-report-maven-plugin is missing. @ org.apache.wicket:wicket-parent:1.3.0-incubating-SNAPSHOT, /home/user/Workspace/reproducibility/Reproducibility-Scanner/benchmarks/bugs-dot-jar/wicket/pom.xml, line 378, column 12
[WARNING] The expression ${pom.artifactId} is deprecated. Please use ${project.artifactId} instead. @ 
[WARNING] 'build.plugins.plugin.version' for org.apache.maven.plugins:maven-remote-resources-plugin is missing. @ org.apache.wicket:wicket-parent:1.3.0-incubating-SNAPSHOT, /home/user/Workspace/reproducibility/Reproducibility-Scanner/benchmarks/bugs-dot-jar/wicket/pom.xml, line 383, column 12
[WARNING] 'build.plugins.plugin.version' for org.apache.maven.plugins:maven-compiler-plugin is missing. @ org.apache.wicket:wicket-jdk15:1.3.0-incubating-SNAPSHOT, /home/user/Workspace/reproducibility/Reproducibility-Scanner/benchmarks/bugs-dot-jar/wicket/jdk-1.5/pom.xml, line 45, column 12
[WARNING] 'build.plugins.plugin.version' for org.apache.maven.plugins:maven-surefire-plugin is missing. @ org.apache.wicket:wicket-parent:1.3.0-incubating-SNAPSHOT, /home/user/Workspace/reproducibility/Reproducibility-Scanner/benchmarks/bugs-dot-jar/wicket/pom.xml, line 373, column 12
[WARNING] 'build.plugins.plugin.version' for org.apache.maven.plugins:maven-source-plugin is missing. @ org.apache.wicket:wicket-parent:1.3.0-incubating-SNAPSHOT, /home/user/Workspace/reproducibility/Reproducibility-Scanner/benchmarks/bugs-dot-jar/wicket/pom.xml, line 400, column 12
[WARNING] 'build.plugins.plugin.version' for org.apache.maven.plugins:maven-site-plugin is missing. @ org.apache.wicket:wicket-parent:1.3.0-incubating-SNAPSHOT, /home/user/Workspace/reproducibility/Reproducibility-Scanner/benchmarks/bugs-dot-jar/wicket/pom.xml, line 368, column 12
[WARNING] 'build.plugins.plugin.version' for org.apache.maven.plugins:maven-javadoc-plugin is missing. @ org.apache.wicket:wicket-parent:1.3.0-incubating-SNAPSHOT, /home/user/Workspace/reproducibility/Reproducibility-Scanner/benchmarks/bugs-dot-jar/wicket/pom.xml, line 358, column 12
[WARNING] 'build.plugins.plugin.version' for org.apache.maven.plugins:maven-eclipse-plugin is missing. @ org.apache.wicket:wicket-parent:1.3.0-incubating-SNAPSHOT, /home/user/Workspace/reproducibility/Reproducibility-Scanner/benchmarks/bugs-dot-jar/wicket/pom.xml, line 350, column 12
[WARNING] 'build.plugins.plugin.version' for org.codehaus.mojo:surefire-report-maven-plugin is missing. @ org.apache.wicket:wicket-parent:1.3.0-incubating-SNAPSHOT, /home/user/Workspace/reproducibility/Reproducibility-Scanner/benchmarks/bugs-dot-jar/wicket/pom.xml, line 378, column 12
[WARNING] The expression ${pom.artifactId} is deprecated. Please use ${project.artifactId} instead. @ 
[WARNING] 'build.plugins.plugin.version' for org.apache.maven.plugins:maven-remote-resources-plugin is missing. @ org.apache.wicket:wicket-parent:1.3.0-incubating-SNAPSHOT, /home/user/Workspace/reproducibility/Reproducibility-Scanner/benchmarks/bugs-dot-jar/wicket/pom.xml, line 383, column 12
[WARNING] 'build.plugins.plugin.version' for org.apache.maven.plugins:maven-compiler-plugin is missing. @ org.apache.wicket:wicket-jdk15:1.3.0-incubating-SNAPSHOT, /home/user/Workspace/reproducibility/Reproducibility-Scanner/benchmarks/bugs-dot-jar/wicket/jdk-1.5/pom.xml, line 45, column 12
[WARNING] 'build.plugins.plugin.version' for org.apache.maven.plugins:maven-surefire-plugin is missing. @ org.apache.wicket:wicket-parent:1.3.0-incubating-SNAPSHOT, /home/user/Workspace/reproducibility/Reproducibility-Scanner/benchmarks/bugs-dot-jar/wicket/pom.xml, line 373, column 12
[WARNING] 'build.plugins.plugin.version' for org.apache.maven.plugins:maven-source-plugin is missing. @ org.apache.wicket:wicket-parent:1.3.0-incubating-SNAPSHOT, /home/user/Workspace/reproducibility/Reproducibility-Scanner/benchmarks/bugs-dot-jar/wicket/pom.xml, line 400, column 12
[WARNING] 'build.plugins.plugin.version' for org.apache.maven.plugins:maven-site-plugin is missing. @ org.apache.wicket:wicket-parent:1.3.0-incubating-SNAPSHOT, /home/user/Workspace/reproducibility/Reproducibility-Scanner/benchmarks/bugs-dot-jar/wicket/pom.xml, line 368, column 12
[WARNING] 'build.plugins.plugin.version' for org.apache.maven.plugins:maven-javadoc-plugin is missing. @ org.apache.wicket:wicket-parent:1.3.0-incubating-SNAPSHOT, /home/user/Workspace/reproducibility/Reproducibility-Scanner/benchmarks/bugs-dot-jar/wicket/pom.xml, line 358, column 12
[WARNING] 'build.plugins.plugin.version' for org.apache.maven.plugins:maven-eclipse-plugin is missing. @ org.apache.wicket:wicket-parent:1.3.0-incubating-SNAPSHOT, /home/user/Workspace/reproducibility/Reproducibility-Scanner/benchmarks/bugs-dot-jar/wicket/pom.xml, line 350, column 12
[WARNING] 'build.plugins.plugin.version' for org.codehaus.mojo:surefire-report-maven-plugin is missing. @ org.apache.wicket:wicket-parent:1.3.0-incubating-SNAPSHOT, /home/user/Workspace/reproducibility/Reproducibility-Scanner/benchmarks/bugs-dot-jar/wicket/pom.xml, line 378, column 12
[WARNING] The expression ${pom.artifactId} is deprecated. Please use ${project.artifactId} instead. @ 
[WARNING] 'build.plugins.plugin.version' for org.apache.maven.plugins:maven-remote-resources-plugin is missing. @ org.apache.wicket:wicket-parent:1.3.0-incubating-SNAPSHOT, /home/user/Workspace/reproducibility/Reproducibility-Scanner/benchmarks/bugs-dot-jar/wicket/pom.xml, line 383, column 12
[WARNING] 'build.plugins.plugin.version' for org.apache.maven.plugins:maven-compiler-plugin is missing. @ line 45, column 12
[WARNING] 'build.plugins.plugin.version' for org.apache.maven.plugins:maven-surefire-plugin is missing. @ org.apache.wicket:wicket-parent:1.3.0-incubating-SNAPSHOT, /home/user/Workspace/reproducibility/Reproducibility-Scanner/benchmarks/bugs-dot-jar/wicket/pom.xml, line 373, column 12
[WARNING] 'build.plugins.plugin.version' for org.apache.maven.plugins:maven-source-plugin is missing. @ org.apache.wicket:wicket-parent:1.3.0-incubating-SNAPSHOT, /home/user/Workspace/reproducibility/Reproducibility-Scanner/benchmarks/bugs-dot-jar/wicket/pom.xml, line 400, column 12
[WARNING] 'build.plugins.plugin.version' for org.apache.maven.plugins:maven-site-plugin is missing. @ org.apache.wicket:wicket-parent:1.3.0-incubating-SNAPSHOT, /home/user/Workspace/reproducibility/Reproducibility-Scanner/benchmarks/bugs-dot-jar/wicket/pom.xml, line 368, column 12
[WARNING] 'build.plugins.plugin.version' for org.apache.maven.plugins:maven-javadoc-plugin is missing. @ org.apache.wicket:wicket-parent:1.3.0-incubating-SNAPSHOT, /home/user/Workspace/reproducibility/Reproducibility-Scanner/benchmarks/bugs-dot-jar/wicket/pom.xml, line 358, column 12
[WARNING] 'build.plugins.plugin.version' for org.apache.maven.plugins:maven-eclipse-plugin is missing. @ org.apache.wicket:wicket-parent:1.3.0-incubating-SNAPSHOT, /home/user/Workspace/reproducibility/Reproducibility-Scanner/benchmarks/bugs-dot-jar/wicket/pom.xml, line 350, column 12
[WARNING] 'build.plugins.plugin.version' for org.codehaus.mojo:surefire-report-maven-plugin is missing. @ org.apache.wicket:wicket-parent:1.3.0-incubating-SNAPSHOT, /home/user/Workspace/reproducibility/Reproducibility-Scanner/benchmarks/bugs-dot-jar/wicket/pom.xml, line 378, column 12
[WARNING] The expression ${pom.artifactId} is deprecated. Please use ${project.artifactId} instead. @ 
[WARNING] 'build.plugins.plugin.(groupId:artifactId)' must be unique but found duplicate declaration of plugin org.apache.maven.plugins:maven-source-plugin @ line 400, column 12
[WARNING] 'build.plugins.plugin.version' for org.apache.maven.plugins:maven-remote-resources-plugin is missing. @ line 383, column 12
[WARNING] 'build.plugins.plugin.version' for org.apache.maven.plugins:maven-surefire-plugin is missing. @ line 373, column 12
[WARNING] 'build.plugins.plugin.version' for org.apache.maven.plugins:maven-source-plugin is missing. @ line 400, column 12
[WARNING] 'build.plugins.plugin.version' for org.apache.maven.plugins:maven-site-plugin is missing. @ line 368, column 12
[WARNING] 'build.plugins.plugin.version' for org.apache.maven.plugins:maven-javadoc-plugin is missing. @ line 358, column 12
[WARNING] 'build.plugins.plugin.version' for org.apache.maven.plugins:maven-eclipse-plugin is missing. @ line 350, column 12
[WARNING] 'build.plugins.plugin.version' for org.codehaus.mojo:surefire-report-maven-plugin is missing. @ line 378, column 12
[WARNING] The expression ${pom.artifactId} is deprecated. Please use ${project.artifactId} instead. @ 
 @ 
[[1;31mERROR[m] The build could not read 1 project -> [1m[Help 1][m
[[1;31mERROR[m]   
[[1;31mERROR[m]   The project org.apache.wicket:wicket-threadtest:1.3.0-incubating-SNAPSHOT (/home/user/Workspace/reproducibility/Reproducibility-Scanner/benchmarks/bugs-dot-jar/wicket/testing/wicket-threadtest/pom.xml) has 1 error
[[1;31mERROR[m]     Non-resolvable parent POM for org.apache.wicket:wicket-threadtest:1.3.0-incubating-SNAPSHOT: Could not find artifact org.apache.wicket:wicket-jdk15:pom:1.3.0-incubating-SNAPSHOT and 'parent.relativePath' points at wrong local POM @ line 25, column 10 -> [1m[Help 2][m
[[1;31mERROR[m] 
[[1;31mERROR[m] To see the full stack trace of the errors, re-run Maven with the [1m-e[m switch.
[[1;31mERROR[m] Re-run Maven using the [1m-X[m switch to enable full debug logging.
[[1;31mERROR[m] 
[[1;31mERROR[m] For more information about the errors and possible solutions, please read the following articles:
[[1;31mERROR[m] [1m[Help 1][m http://cwiki.apache.org/confluence/display/MAVEN/ProjectBuildingException
[[1;31mERROR[m] [1m[Help 2][m http://cwiki.apache.org/confluence/display/MAVEN/UnresolvableModelException