Checking out e338bbaf to /tmp/test_d4j_2371077_1660789040/test_trigger/Caye OK
Init local repository...................................................... OK
Tag post-fix revision...................................................... OK
Copy generated Ant build file.............................................. OK
Run post-checkout hook..................................................... OK
Initialize fixed program version........................................... OK
Apply patch................................................................ OK
Initialize buggy program version........................................... OK
Diff e338bbaf:4724ab3f..................................................... OK
Apply patch................................................................ OK
Tag pre-fix revision....................................................... OK
Check out program version: Cayenne_jms-1b.................................. OK
Running ant (compile)...................................................... FAIL
Executed command:  cd /tmp/test_d4j_2371077_1660789040/test_trigger/Cayenne_jms && /On-the-Reproducibility/section-2/reproducibility-scanner/benchmarks/growingbugs/major/bin/ant -f /On-the-Reproducibility/section-2/reproducibility-scanner/benchmarks/growingbugs/framework/projects/defects4j.build.xml -Dd4j.home=/On-the-Reproducibility/section-2/reproducibility-scanner/benchmarks/growingbugs -Dd4j.dir.projects=/On-the-Reproducibility/section-2/reproducibility-scanner/benchmarks/growingbugs/framework/projects -Dbasedir=/tmp/test_d4j_2371077_1660789040/test_trigger/Cayenne_jms -Dbuild.compiler=javac1.8  compile 2>&1
OpenJDK 64-Bit Server VM warning: ignoring option MaxPermSize=1G; support was removed in 8.0
Buildfile: /On-the-Reproducibility/section-2/reproducibility-scanner/benchmarks/growingbugs/framework/projects/defects4j.build.xml

test-offline:

get-deps:

compile:
    [mkdir] Created dir: /tmp/test_d4j_2371077_1660789040/test_trigger/Cayenne_jms/target/classes
    [javac] /tmp/test_d4j_2371077_1660789040/test_trigger/Cayenne_jms/maven-build.xml:87: warning: 'includeantruntime' was not set, defaulting to build.sysclasspath=last; set to false for repeatable builds

BUILD FAILED
/tmp/test_d4j_2371077_1660789040/test_trigger/Cayenne_jms/maven-build.xml:87: srcdir "/tmp/test_d4j_2371077_1660789040/test_trigger/Cayenne_jms/src/main/java" does not exist!

Total time: 0 seconds
Cannot compile sources! at /On-the-Reproducibility/section-2/reproducibility-scanner/benchmarks/growingbugs/framework/bin/d4j/d4j-compile line 82.
Compilation failed in require at /On-the-Reproducibility/section-2/reproducibility-scanner/benchmarks/growingbugs/framework/bin/defects4j line 195.
Error: compile: Cayenne_jms-1b
Running ant (compile.tests)................................................ FAIL
Executed command:  cd /tmp/test_d4j_2371077_1660789040/test_trigger/Cayenne_jms && /On-the-Reproducibility/section-2/reproducibility-scanner/benchmarks/growingbugs/major/bin/ant -f /On-the-Reproducibility/section-2/reproducibility-scanner/benchmarks/growingbugs/framework/projects/defects4j.build.xml -Dd4j.home=/On-the-Reproducibility/section-2/reproducibility-scanner/benchmarks/growingbugs -Dd4j.dir.projects=/On-the-Reproducibility/section-2/reproducibility-scanner/benchmarks/growingbugs/framework/projects -Dbasedir=/tmp/test_d4j_2371077_1660789040/test_trigger/Cayenne_jms -Dbuild.compiler=javac1.8  compile.tests 2>&1
OpenJDK 64-Bit Server VM warning: ignoring option MaxPermSize=1G; support was removed in 8.0
Buildfile: /On-the-Reproducibility/section-2/reproducibility-scanner/benchmarks/growingbugs/framework/projects/defects4j.build.xml

test-offline:

get-deps:

compile:
    [javac] /tmp/test_d4j_2371077_1660789040/test_trigger/Cayenne_jms/maven-build.xml:87: warning: 'includeantruntime' was not set, defaulting to build.sysclasspath=last; set to false for repeatable builds

BUILD FAILED
/tmp/test_d4j_2371077_1660789040/test_trigger/Cayenne_jms/maven-build.xml:87: srcdir "/tmp/test_d4j_2371077_1660789040/test_trigger/Cayenne_jms/src/main/java" does not exist!

Total time: 0 seconds
Cannot compile test suite! at /On-the-Reproducibility/section-2/reproducibility-scanner/benchmarks/growingbugs/framework/bin/d4j/d4j-test line 130.
Compilation failed in require at /On-the-Reproducibility/section-2/reproducibility-scanner/benchmarks/growingbugs/framework/bin/defects4j line 195.
Error: run relevant tests: Cayenne_jms-1b
cat: /tmp/test_d4j_2371077_1660789040/test_trigger/Cayenne_jms/failing_tests: No such file or directory
grep: /tmp/test_d4j_2371077_1660789040/test_trigger/Cayenne_jms/failing_tests: No such file or directory
Error: verify number of triggering tests: Cayenne_jms-1b (expected: 1, actual: 0)
grep: /tmp/test_d4j_2371077_1660789040/test_trigger/Cayenne_jms/failing_tests: No such file or directory
Error: expected triggering test org.apache.cayenne.event.JMSModuleIT::testModule did not fail
Check out program version: Cayenne_jms-1f.................................. OK
Running ant (compile)...................................................... FAIL
Executed command:  cd /tmp/test_d4j_2371077_1660789040/test_trigger/Cayenne_jms && /On-the-Reproducibility/section-2/reproducibility-scanner/benchmarks/growingbugs/major/bin/ant -f /On-the-Reproducibility/section-2/reproducibility-scanner/benchmarks/growingbugs/framework/projects/defects4j.build.xml -Dd4j.home=/On-the-Reproducibility/section-2/reproducibility-scanner/benchmarks/growingbugs -Dd4j.dir.projects=/On-the-Reproducibility/section-2/reproducibility-scanner/benchmarks/growingbugs/framework/projects -Dbasedir=/tmp/test_d4j_2371077_1660789040/test_trigger/Cayenne_jms -Dbuild.compiler=javac1.8  compile 2>&1
OpenJDK 64-Bit Server VM warning: ignoring option MaxPermSize=1G; support was removed in 8.0
Buildfile: /On-the-Reproducibility/section-2/reproducibility-scanner/benchmarks/growingbugs/framework/projects/defects4j.build.xml

test-offline:

get-deps:

compile:
    [mkdir] Created dir: /tmp/test_d4j_2371077_1660789040/test_trigger/Cayenne_jms/target/classes
    [javac] /tmp/test_d4j_2371077_1660789040/test_trigger/Cayenne_jms/maven-build.xml:87: warning: 'includeantruntime' was not set, defaulting to build.sysclasspath=last; set to false for repeatable builds

BUILD FAILED
/tmp/test_d4j_2371077_1660789040/test_trigger/Cayenne_jms/maven-build.xml:87: srcdir "/tmp/test_d4j_2371077_1660789040/test_trigger/Cayenne_jms/src/main/java" does not exist!

Total time: 0 seconds
Cannot compile sources! at /On-the-Reproducibility/section-2/reproducibility-scanner/benchmarks/growingbugs/framework/bin/d4j/d4j-compile line 82.
Compilation failed in require at /On-the-Reproducibility/section-2/reproducibility-scanner/benchmarks/growingbugs/framework/bin/defects4j line 195.
Error: compile: Cayenne_jms-1f
Running ant (compile.tests)................................................ FAIL
Executed command:  cd /tmp/test_d4j_2371077_1660789040/test_trigger/Cayenne_jms && /On-the-Reproducibility/section-2/reproducibility-scanner/benchmarks/growingbugs/major/bin/ant -f /On-the-Reproducibility/section-2/reproducibility-scanner/benchmarks/growingbugs/framework/projects/defects4j.build.xml -Dd4j.home=/On-the-Reproducibility/section-2/reproducibility-scanner/benchmarks/growingbugs -Dd4j.dir.projects=/On-the-Reproducibility/section-2/reproducibility-scanner/benchmarks/growingbugs/framework/projects -Dbasedir=/tmp/test_d4j_2371077_1660789040/test_trigger/Cayenne_jms -Dbuild.compiler=javac1.8  compile.tests 2>&1
OpenJDK 64-Bit Server VM warning: ignoring option MaxPermSize=1G; support was removed in 8.0
Buildfile: /On-the-Reproducibility/section-2/reproducibility-scanner/benchmarks/growingbugs/framework/projects/defects4j.build.xml

test-offline:

get-deps:

compile:
    [javac] /tmp/test_d4j_2371077_1660789040/test_trigger/Cayenne_jms/maven-build.xml:87: warning: 'includeantruntime' was not set, defaulting to build.sysclasspath=last; set to false for repeatable builds

BUILD FAILED
/tmp/test_d4j_2371077_1660789040/test_trigger/Cayenne_jms/maven-build.xml:87: srcdir "/tmp/test_d4j_2371077_1660789040/test_trigger/Cayenne_jms/src/main/java" does not exist!

Total time: 0 seconds
Cannot compile test suite! at /On-the-Reproducibility/section-2/reproducibility-scanner/benchmarks/growingbugs/framework/bin/d4j/d4j-test line 130.
Compilation failed in require at /On-the-Reproducibility/section-2/reproducibility-scanner/benchmarks/growingbugs/framework/bin/defects4j line 195.
Error: run relevant tests: Cayenne_jms-1f
cat: /tmp/test_d4j_2371077_1660789040/test_trigger/Cayenne_jms/failing_tests: No such file or directory
grep: /tmp/test_d4j_2371077_1660789040/test_trigger/Cayenne_jms/failing_tests: No such file or directory
================================================================================
The following errors occurred:
Error: compile: Cayenne_jms-1b
Error: run relevant tests: Cayenne_jms-1b
Error: verify number of triggering tests: Cayenne_jms-1b (expected: 1, actual: 0)
Error: expected triggering test org.apache.cayenne.event.JMSModuleIT::testModule did not fail
Error: compile: Cayenne_jms-1f
Error: run relevant tests: Cayenne_jms-1f
================================================================================
FAILED
