Checking out 4286199a to /tmp/test_d4j_2329216_1660788194/test_trigger/IO.. OK
Init local repository...................................................... OK
Tag post-fix revision...................................................... OK
Run post-checkout hook..................................................... OK
Excluding broken/flaky tests............................................... OK
Initialize fixed program version........................................... OK
Apply patch................................................................ OK
Initialize buggy program version........................................... OK
Diff 4286199a:4353d481..................................................... OK
Apply patch................................................................ OK
Tag pre-fix revision....................................................... OK
Check out program version: IO-12b.......................................... OK
Running ant (compile)...................................................... OK
Running ant (compile.tests)................................................ OK
Running ant (compile.tests)................................................ OK
Running ant (run.dev.tests)................................................ OK
Failing tests: 5
  - org.apache.commons.io.FileUtilsCleanDirectoryTestCase::testThrowsOnNullList
  - org.apache.commons.io.FileUtilsCleanDirectoryTestCase::testThrowsOnCannotDeleteFile
  - org.apache.commons.io.FileUtilsTestCase::testCopyDirectoryToItself
  - org.apache.commons.io.filefilter.FileFilterTestCase::testCanRead
  - org.apache.commons.io.filefilter.FileFilterTestCase::testCanWrite
Error: verify number of triggering tests: IO-12b (expected: 1, actual: 5)
Check out program version: IO-12f.......................................... OK
Running ant (compile)...................................................... OK
Running ant (compile.tests)................................................ OK
Running ant (compile.tests)................................................ OK
Running ant (run.dev.tests)................................................ OK
Failing tests: 4
  - org.apache.commons.io.FileUtilsCleanDirectoryTestCase::testThrowsOnNullList
  - org.apache.commons.io.FileUtilsCleanDirectoryTestCase::testThrowsOnCannotDeleteFile
  - org.apache.commons.io.filefilter.FileFilterTestCase::testCanRead
  - org.apache.commons.io.filefilter.FileFilterTestCase::testCanWrite
Error: verify number of triggering tests: IO-12f (expected: 0, actual: 4)
================================================================================
The following errors occurred:
Error: verify number of triggering tests: IO-12b (expected: 1, actual: 5)
Error: verify number of triggering tests: IO-12f (expected: 0, actual: 4)
================================================================================
FAILED
