Checking out e87486f1 to /tmp/test_d4j_2323650_1660787995/test_trigger/IO.. OK
Init local repository...................................................... OK
Tag post-fix revision...................................................... OK
Run post-checkout hook..................................................... OK
Excluding broken/flaky tests............................................... OK
Excluding broken/flaky tests............................................... OK
Initialize fixed program version........................................... OK
Apply patch................................................................ OK
Initialize buggy program version........................................... OK
Diff e87486f1:c3b706ab..................................................... OK
Apply patch................................................................ OK
Tag pre-fix revision....................................................... OK
Check out program version: IO-8b........................................... OK
Running ant (compile)...................................................... OK
Running ant (compile.tests)................................................ OK
Running ant (compile.tests)................................................ OK
Running ant (run.dev.tests)................................................ OK
Failing tests: 5
  - org.apache.commons.io.FileUtilsCleanDirectoryTestCase::testThrowsOnNullList
  - org.apache.commons.io.FileUtilsCleanDirectoryTestCase::testThrowsOnCannotDeleteFile
  - org.apache.commons.io.FileUtilsTestCase::testToURLs1
  - org.apache.commons.io.filefilter.FileFilterTestCase::testCanRead
  - org.apache.commons.io.filefilter.FileFilterTestCase::testCanWrite
Error: verify number of triggering tests: IO-8b (expected: 1, actual: 5)
Check out program version: IO-8f........................................... OK
Running ant (compile)...................................................... OK
Running ant (compile.tests)................................................ OK
Running ant (compile.tests)................................................ OK
Running ant (run.dev.tests)................................................ OK
Failing tests: 4
  - org.apache.commons.io.FileUtilsCleanDirectoryTestCase::testThrowsOnNullList
  - org.apache.commons.io.FileUtilsCleanDirectoryTestCase::testThrowsOnCannotDeleteFile
  - org.apache.commons.io.filefilter.FileFilterTestCase::testCanRead
  - org.apache.commons.io.filefilter.FileFilterTestCase::testCanWrite
Error: verify number of triggering tests: IO-8f (expected: 0, actual: 4)
================================================================================
The following errors occurred:
Error: verify number of triggering tests: IO-8b (expected: 1, actual: 5)
Error: verify number of triggering tests: IO-8f (expected: 0, actual: 4)
================================================================================
FAILED
