Checking out ad28e352 to /tmp/test_d4j_3257249_1660805866/test_trigger/Jack OK
Init local repository...................................................... OK
Tag post-fix revision...................................................... OK
Copy generated Ant build file.............................................. OK
Run post-checkout hook..................................................... OK
Excluding broken/flaky tests............................................... OK
Initialize fixed program version........................................... OK
Apply patch................................................................ OK
Initialize buggy program version........................................... OK
Diff ad28e352:26894d0d..................................................... OK
Apply patch................................................................ OK
Tag pre-fix revision....................................................... OK
Check out program version: JacksonCore-31b................................. OK
Running ant (compile)...................................................... OK
Running ant (compile.tests)................................................ OK
Running ant (compile.tests)................................................ OK
Running ant (run.dev.tests)................................................ OK
Failing tests: 0
Error: verify number of triggering tests: JacksonCore-31b (expected: 2, actual: 0)
Error: expected triggering test com.fasterxml.jackson.core.json.TestParserErrorHandling::testInvalidKeywordsReader did not fail
Error: expected triggering test com.fasterxml.jackson.core.json.TestParserErrorHandling::testInvalidKeywordsStream did not fail
Check out program version: JacksonCore-31f................................. OK
Running ant (compile)...................................................... OK
Running ant (compile.tests)................................................ OK
Running ant (compile.tests)................................................ OK
Running ant (run.dev.tests)................................................ OK
Failing tests: 0
================================================================================
The following errors occurred:
Error: verify number of triggering tests: JacksonCore-31b (expected: 2, actual: 0)
Error: expected triggering test com.fasterxml.jackson.core.json.TestParserErrorHandling::testInvalidKeywordsReader did not fail
Error: expected triggering test com.fasterxml.jackson.core.json.TestParserErrorHandling::testInvalidKeywordsStream did not fail
================================================================================
FAILED
