Checking out 233640bc to /tmp/test_d4j_3256489_1660805833/test_trigger/Jack OK
Init local repository...................................................... OK
Tag post-fix revision...................................................... OK
Copy generated Ant build file.............................................. OK
Run post-checkout hook..................................................... OK
Excluding broken/flaky tests............................................... OK
Initialize fixed program version........................................... OK
Apply patch................................................................ OK
Initialize buggy program version........................................... OK
Diff 233640bc:bf550f31..................................................... OK
Apply patch................................................................ OK
Tag pre-fix revision....................................................... OK
Check out program version: JacksonCore-30b................................. OK
Running ant (compile)...................................................... OK
Running ant (compile.tests)................................................ OK
Running ant (compile.tests)................................................ OK
Running ant (run.dev.tests)................................................ OK
Failing tests: 1
  - com.fasterxml.jackson.core.json.TestRootValues::testRootOffsetIssue516Bytes
Check out program version: JacksonCore-30f................................. OK
Running ant (compile)...................................................... OK
Running ant (compile.tests)................................................ OK
Running ant (compile.tests)................................................ OK
Running ant (run.dev.tests)................................................ OK
Failing tests: 0
================================================================================
PASSED
