Checking out d4086c19 to /tmp/test_d4j_3319809_1660808792/test_trigger/Kogi OK
Init local repository...................................................... OK
Tag post-fix revision...................................................... OK
Copy generated Ant build file.............................................. OK
Run post-checkout hook..................................................... OK
Excluding broken/flaky tests............................................... OK
Initialize fixed program version........................................... OK
Apply patch................................................................ OK
Initialize buggy program version........................................... OK
Diff d4086c19:e8c9b3f8..................................................... OK
Apply patch................................................................ OK
Tag pre-fix revision....................................................... OK
Check out program version: Kogito_editors_java_kie_wb_common_stunner_widget OK
Running ant (compile)...................................................... FAIL
Executed command:  cd /tmp/test_d4j_3319809_1660808792/test_trigger/Kogito_editors_java_kie_wb_common_stunner_widgets && /On-the-Reproducibility/section-2/reproducibility-scanner/benchmarks/growingbugs/major/bin/ant -f /On-the-Reproducibility/section-2/reproducibility-scanner/benchmarks/growingbugs/framework/projects/defects4j.build.xml -Dd4j.home=/On-the-Reproducibility/section-2/reproducibility-scanner/benchmarks/growingbugs -Dd4j.dir.projects=/On-the-Reproducibility/section-2/reproducibility-scanner/benchmarks/growingbugs/framework/projects -Dbasedir=/tmp/test_d4j_3319809_1660808792/test_trigger/Kogito_editors_java_kie_wb_common_stunner_widgets -Dbuild.compiler=javac1.8  compile 2>&1
OpenJDK 64-Bit Server VM warning: ignoring option MaxPermSize=1G; support was removed in 8.0
Buildfile: /On-the-Reproducibility/section-2/reproducibility-scanner/benchmarks/growingbugs/framework/projects/defects4j.build.xml

test-offline:

get-deps:

compile:
    [mkdir] Created dir: /tmp/test_d4j_3319809_1660808792/test_trigger/Kogito_editors_java_kie_wb_common_stunner_widgets/target/classes
    [javac] /tmp/test_d4j_3319809_1660808792/test_trigger/Kogito_editors_java_kie_wb_common_stunner_widgets/maven-build.xml:431: warning: 'includeantruntime' was not set, defaulting to build.sysclasspath=last; set to false for repeatable builds

BUILD FAILED
/tmp/test_d4j_3319809_1660808792/test_trigger/Kogito_editors_java_kie_wb_common_stunner_widgets/maven-build.xml:431: srcdir "/tmp/test_d4j_3319809_1660808792/test_trigger/Kogito_editors_java_kie_wb_common_stunner_widgets/src/main/java" does not exist!

Total time: 0 seconds
Cannot compile sources! at /On-the-Reproducibility/section-2/reproducibility-scanner/benchmarks/growingbugs/framework/bin/d4j/d4j-compile line 82.
Compilation failed in require at /On-the-Reproducibility/section-2/reproducibility-scanner/benchmarks/growingbugs/framework/bin/defects4j line 195.
Error: compile: Kogito_editors_java_kie_wb_common_stunner_widgets-1b
Running ant (compile.tests)................................................ FAIL
Executed command:  cd /tmp/test_d4j_3319809_1660808792/test_trigger/Kogito_editors_java_kie_wb_common_stunner_widgets && /On-the-Reproducibility/section-2/reproducibility-scanner/benchmarks/growingbugs/major/bin/ant -f /On-the-Reproducibility/section-2/reproducibility-scanner/benchmarks/growingbugs/framework/projects/defects4j.build.xml -Dd4j.home=/On-the-Reproducibility/section-2/reproducibility-scanner/benchmarks/growingbugs -Dd4j.dir.projects=/On-the-Reproducibility/section-2/reproducibility-scanner/benchmarks/growingbugs/framework/projects -Dbasedir=/tmp/test_d4j_3319809_1660808792/test_trigger/Kogito_editors_java_kie_wb_common_stunner_widgets -Dbuild.compiler=javac1.8  compile.tests 2>&1
OpenJDK 64-Bit Server VM warning: ignoring option MaxPermSize=1G; support was removed in 8.0
Buildfile: /On-the-Reproducibility/section-2/reproducibility-scanner/benchmarks/growingbugs/framework/projects/defects4j.build.xml

test-offline:

get-deps:

compile:
    [javac] /tmp/test_d4j_3319809_1660808792/test_trigger/Kogito_editors_java_kie_wb_common_stunner_widgets/maven-build.xml:431: warning: 'includeantruntime' was not set, defaulting to build.sysclasspath=last; set to false for repeatable builds

BUILD FAILED
/tmp/test_d4j_3319809_1660808792/test_trigger/Kogito_editors_java_kie_wb_common_stunner_widgets/maven-build.xml:431: srcdir "/tmp/test_d4j_3319809_1660808792/test_trigger/Kogito_editors_java_kie_wb_common_stunner_widgets/src/main/java" does not exist!

Total time: 0 seconds
Cannot compile test suite! at /On-the-Reproducibility/section-2/reproducibility-scanner/benchmarks/growingbugs/framework/bin/d4j/d4j-test line 130.
Compilation failed in require at /On-the-Reproducibility/section-2/reproducibility-scanner/benchmarks/growingbugs/framework/bin/defects4j line 195.
Error: run relevant tests: Kogito_editors_java_kie_wb_common_stunner_widgets-1b
cat: /tmp/test_d4j_3319809_1660808792/test_trigger/Kogito_editors_java_kie_wb_common_stunner_widgets/failing_tests: No such file or directory
grep: /tmp/test_d4j_3319809_1660808792/test_trigger/Kogito_editors_java_kie_wb_common_stunner_widgets/failing_tests: No such file or directory
Error: verify number of triggering tests: Kogito_editors_java_kie_wb_common_stunner_widgets-1b (expected: 2, actual: 0)
grep: /tmp/test_d4j_3319809_1660808792/test_trigger/Kogito_editors_java_kie_wb_common_stunner_widgets/failing_tests: No such file or directory
Error: expected triggering test org.kie.workbench.common.stunner.client.widgets.presenters.session.impl.SessionEditorTest::testDestroy did not fail
grep: /tmp/test_d4j_3319809_1660808792/test_trigger/Kogito_editors_java_kie_wb_common_stunner_widgets/failing_tests: No such file or directory
Error: expected triggering test org.kie.workbench.common.stunner.client.widgets.presenters.session.impl.SessionViewerTest::testDestroy did not fail
Check out program version: Kogito_editors_java_kie_wb_common_stunner_widget OK
Running ant (compile)...................................................... FAIL
Executed command:  cd /tmp/test_d4j_3319809_1660808792/test_trigger/Kogito_editors_java_kie_wb_common_stunner_widgets && /On-the-Reproducibility/section-2/reproducibility-scanner/benchmarks/growingbugs/major/bin/ant -f /On-the-Reproducibility/section-2/reproducibility-scanner/benchmarks/growingbugs/framework/projects/defects4j.build.xml -Dd4j.home=/On-the-Reproducibility/section-2/reproducibility-scanner/benchmarks/growingbugs -Dd4j.dir.projects=/On-the-Reproducibility/section-2/reproducibility-scanner/benchmarks/growingbugs/framework/projects -Dbasedir=/tmp/test_d4j_3319809_1660808792/test_trigger/Kogito_editors_java_kie_wb_common_stunner_widgets -Dbuild.compiler=javac1.8  compile 2>&1
OpenJDK 64-Bit Server VM warning: ignoring option MaxPermSize=1G; support was removed in 8.0
Buildfile: /On-the-Reproducibility/section-2/reproducibility-scanner/benchmarks/growingbugs/framework/projects/defects4j.build.xml

test-offline:

get-deps:

compile:
    [mkdir] Created dir: /tmp/test_d4j_3319809_1660808792/test_trigger/Kogito_editors_java_kie_wb_common_stunner_widgets/target/classes
    [javac] /tmp/test_d4j_3319809_1660808792/test_trigger/Kogito_editors_java_kie_wb_common_stunner_widgets/maven-build.xml:431: warning: 'includeantruntime' was not set, defaulting to build.sysclasspath=last; set to false for repeatable builds

BUILD FAILED
/tmp/test_d4j_3319809_1660808792/test_trigger/Kogito_editors_java_kie_wb_common_stunner_widgets/maven-build.xml:431: srcdir "/tmp/test_d4j_3319809_1660808792/test_trigger/Kogito_editors_java_kie_wb_common_stunner_widgets/src/main/java" does not exist!

Total time: 0 seconds
Cannot compile sources! at /On-the-Reproducibility/section-2/reproducibility-scanner/benchmarks/growingbugs/framework/bin/d4j/d4j-compile line 82.
Compilation failed in require at /On-the-Reproducibility/section-2/reproducibility-scanner/benchmarks/growingbugs/framework/bin/defects4j line 195.
Error: compile: Kogito_editors_java_kie_wb_common_stunner_widgets-1f
Running ant (compile.tests)................................................ FAIL
Executed command:  cd /tmp/test_d4j_3319809_1660808792/test_trigger/Kogito_editors_java_kie_wb_common_stunner_widgets && /On-the-Reproducibility/section-2/reproducibility-scanner/benchmarks/growingbugs/major/bin/ant -f /On-the-Reproducibility/section-2/reproducibility-scanner/benchmarks/growingbugs/framework/projects/defects4j.build.xml -Dd4j.home=/On-the-Reproducibility/section-2/reproducibility-scanner/benchmarks/growingbugs -Dd4j.dir.projects=/On-the-Reproducibility/section-2/reproducibility-scanner/benchmarks/growingbugs/framework/projects -Dbasedir=/tmp/test_d4j_3319809_1660808792/test_trigger/Kogito_editors_java_kie_wb_common_stunner_widgets -Dbuild.compiler=javac1.8  compile.tests 2>&1
OpenJDK 64-Bit Server VM warning: ignoring option MaxPermSize=1G; support was removed in 8.0
Buildfile: /On-the-Reproducibility/section-2/reproducibility-scanner/benchmarks/growingbugs/framework/projects/defects4j.build.xml

test-offline:

get-deps:

compile:
    [javac] /tmp/test_d4j_3319809_1660808792/test_trigger/Kogito_editors_java_kie_wb_common_stunner_widgets/maven-build.xml:431: warning: 'includeantruntime' was not set, defaulting to build.sysclasspath=last; set to false for repeatable builds

BUILD FAILED
/tmp/test_d4j_3319809_1660808792/test_trigger/Kogito_editors_java_kie_wb_common_stunner_widgets/maven-build.xml:431: srcdir "/tmp/test_d4j_3319809_1660808792/test_trigger/Kogito_editors_java_kie_wb_common_stunner_widgets/src/main/java" does not exist!

Total time: 0 seconds
Cannot compile test suite! at /On-the-Reproducibility/section-2/reproducibility-scanner/benchmarks/growingbugs/framework/bin/d4j/d4j-test line 130.
Compilation failed in require at /On-the-Reproducibility/section-2/reproducibility-scanner/benchmarks/growingbugs/framework/bin/defects4j line 195.
Error: run relevant tests: Kogito_editors_java_kie_wb_common_stunner_widgets-1f
cat: /tmp/test_d4j_3319809_1660808792/test_trigger/Kogito_editors_java_kie_wb_common_stunner_widgets/failing_tests: No such file or directory
grep: /tmp/test_d4j_3319809_1660808792/test_trigger/Kogito_editors_java_kie_wb_common_stunner_widgets/failing_tests: No such file or directory
================================================================================
The following errors occurred:
Error: compile: Kogito_editors_java_kie_wb_common_stunner_widgets-1b
Error: run relevant tests: Kogito_editors_java_kie_wb_common_stunner_widgets-1b
Error: verify number of triggering tests: Kogito_editors_java_kie_wb_common_stunner_widgets-1b (expected: 2, actual: 0)
Error: expected triggering test org.kie.workbench.common.stunner.client.widgets.presenters.session.impl.SessionEditorTest::testDestroy did not fail
Error: expected triggering test org.kie.workbench.common.stunner.client.widgets.presenters.session.impl.SessionViewerTest::testDestroy did not fail
Error: compile: Kogito_editors_java_kie_wb_common_stunner_widgets-1f
Error: run relevant tests: Kogito_editors_java_kie_wb_common_stunner_widgets-1f
================================================================================
FAILED
