Checking out 8f35fcb8 to /tmp/test_d4j_3311593_1660808552/test_trigger/Math FAIL
Executed command: git clone /On-the-Reproducibility/section-2/reproducibility-scanner/benchmarks/growingbugs/project_repos/commons-math.git /tmp/test_d4j_3311593_1660808552/test_trigger/Math 2>&1 && cd /tmp/test_d4j_3311593_1660808552/test_trigger/Math && git checkout 8f35fcb8f7b17c7201a31f157e7d77bf3e6fe2b5 2>&1
Cloning into '/tmp/test_d4j_3311593_1660808552/test_trigger/Math'...
done.
fatal: reference is not a tree: 8f35fcb8f7b17c7201a31f157e7d77bf3e6fe2b5
Cannot checkout program version! at /On-the-Reproducibility/section-2/reproducibility-scanner/benchmarks/growingbugs/framework/bin/d4j/d4j-checkout line 102.
Compilation failed in require at /On-the-Reproducibility/section-2/reproducibility-scanner/benchmarks/growingbugs/framework/bin/defects4j line 195.
Error: checkout: Math-13b
Cannot open config file (/tmp/test_d4j_3311593_1660808552/test_trigger/Math/.defects4j.config): No such file or directory
/tmp/test_d4j_3311593_1660808552/test_trigger/Math is not a valid working directory!
Error: compile: Math-13b
Cannot open config file (/tmp/test_d4j_3311593_1660808552/test_trigger/Math/.defects4j.config): No such file or directory
/tmp/test_d4j_3311593_1660808552/test_trigger/Math is not a valid working directory!
Error: run relevant tests: Math-13b
cat: /tmp/test_d4j_3311593_1660808552/test_trigger/Math/failing_tests: No such file or directory
grep: /tmp/test_d4j_3311593_1660808552/test_trigger/Math/failing_tests: No such file or directory
Error: verify number of triggering tests: Math-13b (expected: 1, actual: 0)
grep: /tmp/test_d4j_3311593_1660808552/test_trigger/Math/failing_tests: No such file or directory
Error: expected triggering test org.apache.commons.math4.ode.JacobianMatricesTest::testWrongParameterName did not fail
Cannot open config file (/tmp/test_d4j_3311593_1660808552/test_trigger/Math/.defects4j.config): No such file or directory
Directory exists but is not a previously used working directory: /tmp/test_d4j_3311593_1660808552/test_trigger/Math at /On-the-Reproducibility/section-2/reproducibility-scanner/benchmarks/growingbugs/framework/core/Vcs.pm line 285.
Compilation failed in require at /On-the-Reproducibility/section-2/reproducibility-scanner/benchmarks/growingbugs/framework/bin/defects4j line 195.
Error: checkout: Math-13f
Cannot open config file (/tmp/test_d4j_3311593_1660808552/test_trigger/Math/.defects4j.config): No such file or directory
/tmp/test_d4j_3311593_1660808552/test_trigger/Math is not a valid working directory!
Error: compile: Math-13f
Cannot open config file (/tmp/test_d4j_3311593_1660808552/test_trigger/Math/.defects4j.config): No such file or directory
/tmp/test_d4j_3311593_1660808552/test_trigger/Math is not a valid working directory!
Error: run relevant tests: Math-13f
cat: /tmp/test_d4j_3311593_1660808552/test_trigger/Math/failing_tests: No such file or directory
grep: /tmp/test_d4j_3311593_1660808552/test_trigger/Math/failing_tests: No such file or directory
================================================================================
The following errors occurred:
Error: checkout: Math-13b
Error: compile: Math-13b
Error: run relevant tests: Math-13b
Error: verify number of triggering tests: Math-13b (expected: 1, actual: 0)
Error: expected triggering test org.apache.commons.math4.ode.JacobianMatricesTest::testWrongParameterName did not fail
Error: checkout: Math-13f
Error: compile: Math-13f
Error: run relevant tests: Math-13f
================================================================================
FAILED
