Checking out e2dc384d to /tmp/test_d4j_3312125_1660808560/test_trigger/Math FAIL
Executed command: git clone /On-the-Reproducibility/section-2/reproducibility-scanner/benchmarks/growingbugs/project_repos/commons-math.git /tmp/test_d4j_3312125_1660808560/test_trigger/Math 2>&1 && cd /tmp/test_d4j_3312125_1660808560/test_trigger/Math && git checkout e2dc384d7bbe3414047049a67ca48b4885eba493 2>&1
Cloning into '/tmp/test_d4j_3312125_1660808560/test_trigger/Math'...
done.
fatal: reference is not a tree: e2dc384d7bbe3414047049a67ca48b4885eba493
Cannot checkout program version! at /On-the-Reproducibility/section-2/reproducibility-scanner/benchmarks/growingbugs/framework/bin/d4j/d4j-checkout line 102.
Compilation failed in require at /On-the-Reproducibility/section-2/reproducibility-scanner/benchmarks/growingbugs/framework/bin/defects4j line 195.
Error: checkout: Math-23b
Cannot open config file (/tmp/test_d4j_3312125_1660808560/test_trigger/Math/.defects4j.config): No such file or directory
/tmp/test_d4j_3312125_1660808560/test_trigger/Math is not a valid working directory!
Error: compile: Math-23b
Cannot open config file (/tmp/test_d4j_3312125_1660808560/test_trigger/Math/.defects4j.config): No such file or directory
/tmp/test_d4j_3312125_1660808560/test_trigger/Math is not a valid working directory!
Error: run relevant tests: Math-23b
cat: /tmp/test_d4j_3312125_1660808560/test_trigger/Math/failing_tests: No such file or directory
grep: /tmp/test_d4j_3312125_1660808560/test_trigger/Math/failing_tests: No such file or directory
Error: verify number of triggering tests: Math-23b (expected: 1, actual: 0)
grep: /tmp/test_d4j_3312125_1660808560/test_trigger/Math/failing_tests: No such file or directory
Error: expected triggering test org.apache.commons.math3.fitting.leastsquares.LevenbergMarquardtOptimizerTest::testEvaluationCount did not fail
Cannot open config file (/tmp/test_d4j_3312125_1660808560/test_trigger/Math/.defects4j.config): No such file or directory
Directory exists but is not a previously used working directory: /tmp/test_d4j_3312125_1660808560/test_trigger/Math at /On-the-Reproducibility/section-2/reproducibility-scanner/benchmarks/growingbugs/framework/core/Vcs.pm line 285.
Compilation failed in require at /On-the-Reproducibility/section-2/reproducibility-scanner/benchmarks/growingbugs/framework/bin/defects4j line 195.
Error: checkout: Math-23f
Cannot open config file (/tmp/test_d4j_3312125_1660808560/test_trigger/Math/.defects4j.config): No such file or directory
/tmp/test_d4j_3312125_1660808560/test_trigger/Math is not a valid working directory!
Error: compile: Math-23f
Cannot open config file (/tmp/test_d4j_3312125_1660808560/test_trigger/Math/.defects4j.config): No such file or directory
/tmp/test_d4j_3312125_1660808560/test_trigger/Math is not a valid working directory!
Error: run relevant tests: Math-23f
cat: /tmp/test_d4j_3312125_1660808560/test_trigger/Math/failing_tests: No such file or directory
grep: /tmp/test_d4j_3312125_1660808560/test_trigger/Math/failing_tests: No such file or directory
================================================================================
The following errors occurred:
Error: checkout: Math-23b
Error: compile: Math-23b
Error: run relevant tests: Math-23b
Error: verify number of triggering tests: Math-23b (expected: 1, actual: 0)
Error: expected triggering test org.apache.commons.math3.fitting.leastsquares.LevenbergMarquardtOptimizerTest::testEvaluationCount did not fail
Error: checkout: Math-23f
Error: compile: Math-23f
Error: run relevant tests: Math-23f
================================================================================
FAILED
