Checking out 39c4a391 to /tmp/test_d4j_3308443_1660808499/test_trigger/Meta OK
Init local repository...................................................... OK
Tag post-fix revision...................................................... OK
Copy generated Ant build file.............................................. OK
Run post-checkout hook..................................................... OK
Excluding broken/flaky tests............................................... OK
Initialize fixed program version........................................... OK
Apply patch................................................................ OK
Initialize buggy program version........................................... OK
Diff 39c4a391:85e457f3..................................................... OK
Apply patch................................................................ OK
Tag pre-fix revision....................................................... OK
Check out program version: MetaModel_pojo-1b............................... OK
Running ant (compile)...................................................... FAIL
Executed command:  cd /tmp/test_d4j_3308443_1660808499/test_trigger/MetaModel_pojo && /On-the-Reproducibility/section-2/reproducibility-scanner/benchmarks/growingbugs/major/bin/ant -f /On-the-Reproducibility/section-2/reproducibility-scanner/benchmarks/growingbugs/framework/projects/defects4j.build.xml -Dd4j.home=/On-the-Reproducibility/section-2/reproducibility-scanner/benchmarks/growingbugs -Dd4j.dir.projects=/On-the-Reproducibility/section-2/reproducibility-scanner/benchmarks/growingbugs/framework/projects -Dbasedir=/tmp/test_d4j_3308443_1660808499/test_trigger/MetaModel_pojo -Dbuild.compiler=javac1.8  compile 2>&1
OpenJDK 64-Bit Server VM warning: ignoring option MaxPermSize=1G; support was removed in 8.0
Buildfile: /On-the-Reproducibility/section-2/reproducibility-scanner/benchmarks/growingbugs/framework/projects/defects4j.build.xml

test-offline:

get-deps:

compile:
    [mkdir] Created dir: /tmp/test_d4j_3308443_1660808499/test_trigger/MetaModel_pojo/target/classes
    [javac] /tmp/test_d4j_3308443_1660808499/test_trigger/MetaModel_pojo/maven-build.xml:81: warning: 'includeantruntime' was not set, defaulting to build.sysclasspath=last; set to false for repeatable builds

BUILD FAILED
/tmp/test_d4j_3308443_1660808499/test_trigger/MetaModel_pojo/maven-build.xml:81: srcdir "/tmp/test_d4j_3308443_1660808499/test_trigger/MetaModel_pojo/src/main/java" does not exist!

Total time: 0 seconds
Cannot compile sources! at /On-the-Reproducibility/section-2/reproducibility-scanner/benchmarks/growingbugs/framework/bin/d4j/d4j-compile line 82.
Compilation failed in require at /On-the-Reproducibility/section-2/reproducibility-scanner/benchmarks/growingbugs/framework/bin/defects4j line 195.
Error: compile: MetaModel_pojo-1b
Running ant (compile.tests)................................................ FAIL
Executed command:  cd /tmp/test_d4j_3308443_1660808499/test_trigger/MetaModel_pojo && /On-the-Reproducibility/section-2/reproducibility-scanner/benchmarks/growingbugs/major/bin/ant -f /On-the-Reproducibility/section-2/reproducibility-scanner/benchmarks/growingbugs/framework/projects/defects4j.build.xml -Dd4j.home=/On-the-Reproducibility/section-2/reproducibility-scanner/benchmarks/growingbugs -Dd4j.dir.projects=/On-the-Reproducibility/section-2/reproducibility-scanner/benchmarks/growingbugs/framework/projects -Dbasedir=/tmp/test_d4j_3308443_1660808499/test_trigger/MetaModel_pojo -Dbuild.compiler=javac1.8  compile.tests 2>&1
OpenJDK 64-Bit Server VM warning: ignoring option MaxPermSize=1G; support was removed in 8.0
Buildfile: /On-the-Reproducibility/section-2/reproducibility-scanner/benchmarks/growingbugs/framework/projects/defects4j.build.xml

test-offline:

get-deps:

compile:
    [javac] /tmp/test_d4j_3308443_1660808499/test_trigger/MetaModel_pojo/maven-build.xml:81: warning: 'includeantruntime' was not set, defaulting to build.sysclasspath=last; set to false for repeatable builds

BUILD FAILED
/tmp/test_d4j_3308443_1660808499/test_trigger/MetaModel_pojo/maven-build.xml:81: srcdir "/tmp/test_d4j_3308443_1660808499/test_trigger/MetaModel_pojo/src/main/java" does not exist!

Total time: 0 seconds
Cannot compile test suite! at /On-the-Reproducibility/section-2/reproducibility-scanner/benchmarks/growingbugs/framework/bin/d4j/d4j-test line 130.
Compilation failed in require at /On-the-Reproducibility/section-2/reproducibility-scanner/benchmarks/growingbugs/framework/bin/defects4j line 195.
Error: run relevant tests: MetaModel_pojo-1b
cat: /tmp/test_d4j_3308443_1660808499/test_trigger/MetaModel_pojo/failing_tests: No such file or directory
grep: /tmp/test_d4j_3308443_1660808499/test_trigger/MetaModel_pojo/failing_tests: No such file or directory
Error: verify number of triggering tests: MetaModel_pojo-1b (expected: 2, actual: 0)
grep: /tmp/test_d4j_3308443_1660808499/test_trigger/MetaModel_pojo/failing_tests: No such file or directory
Error: expected triggering test org.apache.metamodel.pojo.ObjectTableDataProviderTest::testGetTableDef did not fail
grep: /tmp/test_d4j_3308443_1660808499/test_trigger/MetaModel_pojo/failing_tests: No such file or directory
Error: expected triggering test org.apache.metamodel.pojo.PojoDataContextTest::testScenarioWithObjects did not fail
Check out program version: MetaModel_pojo-1f............................... OK
Running ant (compile)...................................................... FAIL
Executed command:  cd /tmp/test_d4j_3308443_1660808499/test_trigger/MetaModel_pojo && /On-the-Reproducibility/section-2/reproducibility-scanner/benchmarks/growingbugs/major/bin/ant -f /On-the-Reproducibility/section-2/reproducibility-scanner/benchmarks/growingbugs/framework/projects/defects4j.build.xml -Dd4j.home=/On-the-Reproducibility/section-2/reproducibility-scanner/benchmarks/growingbugs -Dd4j.dir.projects=/On-the-Reproducibility/section-2/reproducibility-scanner/benchmarks/growingbugs/framework/projects -Dbasedir=/tmp/test_d4j_3308443_1660808499/test_trigger/MetaModel_pojo -Dbuild.compiler=javac1.8  compile 2>&1
OpenJDK 64-Bit Server VM warning: ignoring option MaxPermSize=1G; support was removed in 8.0
Buildfile: /On-the-Reproducibility/section-2/reproducibility-scanner/benchmarks/growingbugs/framework/projects/defects4j.build.xml

test-offline:

get-deps:

compile:
    [mkdir] Created dir: /tmp/test_d4j_3308443_1660808499/test_trigger/MetaModel_pojo/target/classes
    [javac] /tmp/test_d4j_3308443_1660808499/test_trigger/MetaModel_pojo/maven-build.xml:81: warning: 'includeantruntime' was not set, defaulting to build.sysclasspath=last; set to false for repeatable builds

BUILD FAILED
/tmp/test_d4j_3308443_1660808499/test_trigger/MetaModel_pojo/maven-build.xml:81: srcdir "/tmp/test_d4j_3308443_1660808499/test_trigger/MetaModel_pojo/src/main/java" does not exist!

Total time: 0 seconds
Cannot compile sources! at /On-the-Reproducibility/section-2/reproducibility-scanner/benchmarks/growingbugs/framework/bin/d4j/d4j-compile line 82.
Compilation failed in require at /On-the-Reproducibility/section-2/reproducibility-scanner/benchmarks/growingbugs/framework/bin/defects4j line 195.
Error: compile: MetaModel_pojo-1f
Running ant (compile.tests)................................................ FAIL
Executed command:  cd /tmp/test_d4j_3308443_1660808499/test_trigger/MetaModel_pojo && /On-the-Reproducibility/section-2/reproducibility-scanner/benchmarks/growingbugs/major/bin/ant -f /On-the-Reproducibility/section-2/reproducibility-scanner/benchmarks/growingbugs/framework/projects/defects4j.build.xml -Dd4j.home=/On-the-Reproducibility/section-2/reproducibility-scanner/benchmarks/growingbugs -Dd4j.dir.projects=/On-the-Reproducibility/section-2/reproducibility-scanner/benchmarks/growingbugs/framework/projects -Dbasedir=/tmp/test_d4j_3308443_1660808499/test_trigger/MetaModel_pojo -Dbuild.compiler=javac1.8  compile.tests 2>&1
OpenJDK 64-Bit Server VM warning: ignoring option MaxPermSize=1G; support was removed in 8.0
Buildfile: /On-the-Reproducibility/section-2/reproducibility-scanner/benchmarks/growingbugs/framework/projects/defects4j.build.xml

test-offline:

get-deps:

compile:
    [javac] /tmp/test_d4j_3308443_1660808499/test_trigger/MetaModel_pojo/maven-build.xml:81: warning: 'includeantruntime' was not set, defaulting to build.sysclasspath=last; set to false for repeatable builds

BUILD FAILED
/tmp/test_d4j_3308443_1660808499/test_trigger/MetaModel_pojo/maven-build.xml:81: srcdir "/tmp/test_d4j_3308443_1660808499/test_trigger/MetaModel_pojo/src/main/java" does not exist!

Total time: 0 seconds
Cannot compile test suite! at /On-the-Reproducibility/section-2/reproducibility-scanner/benchmarks/growingbugs/framework/bin/d4j/d4j-test line 130.
Compilation failed in require at /On-the-Reproducibility/section-2/reproducibility-scanner/benchmarks/growingbugs/framework/bin/defects4j line 195.
Error: run relevant tests: MetaModel_pojo-1f
cat: /tmp/test_d4j_3308443_1660808499/test_trigger/MetaModel_pojo/failing_tests: No such file or directory
grep: /tmp/test_d4j_3308443_1660808499/test_trigger/MetaModel_pojo/failing_tests: No such file or directory
================================================================================
The following errors occurred:
Error: compile: MetaModel_pojo-1b
Error: run relevant tests: MetaModel_pojo-1b
Error: verify number of triggering tests: MetaModel_pojo-1b (expected: 2, actual: 0)
Error: expected triggering test org.apache.metamodel.pojo.ObjectTableDataProviderTest::testGetTableDef did not fail
Error: expected triggering test org.apache.metamodel.pojo.PojoDataContextTest::testScenarioWithObjects did not fail
Error: compile: MetaModel_pojo-1f
Error: run relevant tests: MetaModel_pojo-1f
================================================================================
FAILED
