Checking out b26a3b41 to /tmp/test_d4j_3178961_1660803985/test_trigger/Net. OK
Init local repository...................................................... OK
Tag post-fix revision...................................................... OK
Copy generated Ant build file.............................................. OK
Run post-checkout hook..................................................... OK
Excluding broken/flaky tests............................................... OK
Initialize fixed program version........................................... OK
Apply patch................................................................ OK
Initialize buggy program version........................................... OK
Diff b26a3b41:061d70dd..................................................... OK
Apply patch................................................................ OK
Tag pre-fix revision....................................................... OK
Check out program version: Net-16b......................................... OK
Running ant (compile)...................................................... OK
Running ant (compile.tests)................................................ OK
Running ant (compile.tests)................................................ OK
Running ant (run.dev.tests)................................................ OK
Failing tests: 4
  - org.apache.commons.net.nntp.TestThreader::testEmptyArray
  - org.apache.commons.net.nntp.TestThreader::testEmptyList
  - org.apache.commons.net.nntp.TestThreader::testEmptyIterable
  - org.apache.commons.net.nntp.TestThreader::testNullArray
Check out program version: Net-16f......................................... OK
Running ant (compile)...................................................... OK
Running ant (compile.tests)................................................ OK
Running ant (compile.tests)................................................ OK
Running ant (run.dev.tests)................................................ OK
Failing tests: 0
================================================================================
PASSED
