Checking out 55e07ae9 to /tmp/test_d4j_3310007_1660808528/test_trigger/Numb OK
Init local repository...................................................... OK
Tag post-fix revision...................................................... OK
Copy generated Ant build file.............................................. OK
Run post-checkout hook..................................................... OK
Initialize fixed program version........................................... OK
Apply patch................................................................ OK
Initialize buggy program version........................................... OK
Diff 55e07ae9:46318328..................................................... OK
Apply patch................................................................ OK
Tag pre-fix revision....................................................... OK
Check out program version: Numbers_angle-2b................................ OK
Running ant (compile)...................................................... FAIL
Executed command:  cd /tmp/test_d4j_3310007_1660808528/test_trigger/Numbers_angle && /On-the-Reproducibility/section-2/reproducibility-scanner/benchmarks/growingbugs/major/bin/ant -f /On-the-Reproducibility/section-2/reproducibility-scanner/benchmarks/growingbugs/framework/projects/defects4j.build.xml -Dd4j.home=/On-the-Reproducibility/section-2/reproducibility-scanner/benchmarks/growingbugs -Dd4j.dir.projects=/On-the-Reproducibility/section-2/reproducibility-scanner/benchmarks/growingbugs/framework/projects -Dbasedir=/tmp/test_d4j_3310007_1660808528/test_trigger/Numbers_angle -Dbuild.compiler=javac1.8  compile 2>&1
OpenJDK 64-Bit Server VM warning: ignoring option MaxPermSize=1G; support was removed in 8.0
Buildfile: /On-the-Reproducibility/section-2/reproducibility-scanner/benchmarks/growingbugs/framework/projects/defects4j.build.xml

test-offline:

get-deps:

commons-numbers-angle-from-maven.compile:
    [mkdir] Created dir: /tmp/test_d4j_3310007_1660808528/test_trigger/Numbers_angle/target/classes
    [javac] /tmp/test_d4j_3310007_1660808528/test_trigger/Numbers_angle/maven-build.xml:77: warning: 'includeantruntime' was not set, defaulting to build.sysclasspath=last; set to false for repeatable builds

BUILD FAILED
/tmp/test_d4j_3310007_1660808528/test_trigger/Numbers_angle/maven-build.xml:77: srcdir "/tmp/test_d4j_3310007_1660808528/test_trigger/Numbers_angle/src/main/java" does not exist!

Total time: 0 seconds
Cannot compile sources! at /On-the-Reproducibility/section-2/reproducibility-scanner/benchmarks/growingbugs/framework/bin/d4j/d4j-compile line 82.
Compilation failed in require at /On-the-Reproducibility/section-2/reproducibility-scanner/benchmarks/growingbugs/framework/bin/defects4j line 195.
Error: compile: Numbers_angle-2b
Running ant (compile.tests)................................................ FAIL
Executed command:  cd /tmp/test_d4j_3310007_1660808528/test_trigger/Numbers_angle && /On-the-Reproducibility/section-2/reproducibility-scanner/benchmarks/growingbugs/major/bin/ant -f /On-the-Reproducibility/section-2/reproducibility-scanner/benchmarks/growingbugs/framework/projects/defects4j.build.xml -Dd4j.home=/On-the-Reproducibility/section-2/reproducibility-scanner/benchmarks/growingbugs -Dd4j.dir.projects=/On-the-Reproducibility/section-2/reproducibility-scanner/benchmarks/growingbugs/framework/projects -Dbasedir=/tmp/test_d4j_3310007_1660808528/test_trigger/Numbers_angle -Dbuild.compiler=javac1.8  compile.tests 2>&1
OpenJDK 64-Bit Server VM warning: ignoring option MaxPermSize=1G; support was removed in 8.0
Buildfile: /On-the-Reproducibility/section-2/reproducibility-scanner/benchmarks/growingbugs/framework/projects/defects4j.build.xml

test-offline:

get-deps:

commons-numbers-angle-from-maven.compile:
    [javac] /tmp/test_d4j_3310007_1660808528/test_trigger/Numbers_angle/maven-build.xml:77: warning: 'includeantruntime' was not set, defaulting to build.sysclasspath=last; set to false for repeatable builds

BUILD FAILED
/tmp/test_d4j_3310007_1660808528/test_trigger/Numbers_angle/maven-build.xml:77: srcdir "/tmp/test_d4j_3310007_1660808528/test_trigger/Numbers_angle/src/main/java" does not exist!

Total time: 0 seconds
Cannot compile test suite! at /On-the-Reproducibility/section-2/reproducibility-scanner/benchmarks/growingbugs/framework/bin/d4j/d4j-test line 130.
Compilation failed in require at /On-the-Reproducibility/section-2/reproducibility-scanner/benchmarks/growingbugs/framework/bin/defects4j line 195.
Error: run relevant tests: Numbers_angle-2b
cat: /tmp/test_d4j_3310007_1660808528/test_trigger/Numbers_angle/failing_tests: No such file or directory
grep: /tmp/test_d4j_3310007_1660808528/test_trigger/Numbers_angle/failing_tests: No such file or directory
Error: verify number of triggering tests: Numbers_angle-2b (expected: 1, actual: 0)
grep: /tmp/test_d4j_3310007_1660808528/test_trigger/Numbers_angle/failing_tests: No such file or directory
Error: expected triggering test org.apache.commons.numbers.angle.PlaneAngleTest::testNormalizeVeryCloseToBounds did not fail
Check out program version: Numbers_angle-2f................................ OK
Running ant (compile)...................................................... FAIL
Executed command:  cd /tmp/test_d4j_3310007_1660808528/test_trigger/Numbers_angle && /On-the-Reproducibility/section-2/reproducibility-scanner/benchmarks/growingbugs/major/bin/ant -f /On-the-Reproducibility/section-2/reproducibility-scanner/benchmarks/growingbugs/framework/projects/defects4j.build.xml -Dd4j.home=/On-the-Reproducibility/section-2/reproducibility-scanner/benchmarks/growingbugs -Dd4j.dir.projects=/On-the-Reproducibility/section-2/reproducibility-scanner/benchmarks/growingbugs/framework/projects -Dbasedir=/tmp/test_d4j_3310007_1660808528/test_trigger/Numbers_angle -Dbuild.compiler=javac1.8  compile 2>&1
OpenJDK 64-Bit Server VM warning: ignoring option MaxPermSize=1G; support was removed in 8.0
Buildfile: /On-the-Reproducibility/section-2/reproducibility-scanner/benchmarks/growingbugs/framework/projects/defects4j.build.xml

test-offline:

get-deps:

commons-numbers-angle-from-maven.compile:
    [mkdir] Created dir: /tmp/test_d4j_3310007_1660808528/test_trigger/Numbers_angle/target/classes
    [javac] /tmp/test_d4j_3310007_1660808528/test_trigger/Numbers_angle/maven-build.xml:77: warning: 'includeantruntime' was not set, defaulting to build.sysclasspath=last; set to false for repeatable builds

BUILD FAILED
/tmp/test_d4j_3310007_1660808528/test_trigger/Numbers_angle/maven-build.xml:77: srcdir "/tmp/test_d4j_3310007_1660808528/test_trigger/Numbers_angle/src/main/java" does not exist!

Total time: 0 seconds
Cannot compile sources! at /On-the-Reproducibility/section-2/reproducibility-scanner/benchmarks/growingbugs/framework/bin/d4j/d4j-compile line 82.
Compilation failed in require at /On-the-Reproducibility/section-2/reproducibility-scanner/benchmarks/growingbugs/framework/bin/defects4j line 195.
Error: compile: Numbers_angle-2f
Running ant (compile.tests)................................................ FAIL
Executed command:  cd /tmp/test_d4j_3310007_1660808528/test_trigger/Numbers_angle && /On-the-Reproducibility/section-2/reproducibility-scanner/benchmarks/growingbugs/major/bin/ant -f /On-the-Reproducibility/section-2/reproducibility-scanner/benchmarks/growingbugs/framework/projects/defects4j.build.xml -Dd4j.home=/On-the-Reproducibility/section-2/reproducibility-scanner/benchmarks/growingbugs -Dd4j.dir.projects=/On-the-Reproducibility/section-2/reproducibility-scanner/benchmarks/growingbugs/framework/projects -Dbasedir=/tmp/test_d4j_3310007_1660808528/test_trigger/Numbers_angle -Dbuild.compiler=javac1.8  compile.tests 2>&1
OpenJDK 64-Bit Server VM warning: ignoring option MaxPermSize=1G; support was removed in 8.0
Buildfile: /On-the-Reproducibility/section-2/reproducibility-scanner/benchmarks/growingbugs/framework/projects/defects4j.build.xml

test-offline:

get-deps:

commons-numbers-angle-from-maven.compile:
    [javac] /tmp/test_d4j_3310007_1660808528/test_trigger/Numbers_angle/maven-build.xml:77: warning: 'includeantruntime' was not set, defaulting to build.sysclasspath=last; set to false for repeatable builds

BUILD FAILED
/tmp/test_d4j_3310007_1660808528/test_trigger/Numbers_angle/maven-build.xml:77: srcdir "/tmp/test_d4j_3310007_1660808528/test_trigger/Numbers_angle/src/main/java" does not exist!

Total time: 0 seconds
Cannot compile test suite! at /On-the-Reproducibility/section-2/reproducibility-scanner/benchmarks/growingbugs/framework/bin/d4j/d4j-test line 130.
Compilation failed in require at /On-the-Reproducibility/section-2/reproducibility-scanner/benchmarks/growingbugs/framework/bin/defects4j line 195.
Error: run relevant tests: Numbers_angle-2f
cat: /tmp/test_d4j_3310007_1660808528/test_trigger/Numbers_angle/failing_tests: No such file or directory
grep: /tmp/test_d4j_3310007_1660808528/test_trigger/Numbers_angle/failing_tests: No such file or directory
================================================================================
The following errors occurred:
Error: compile: Numbers_angle-2b
Error: run relevant tests: Numbers_angle-2b
Error: verify number of triggering tests: Numbers_angle-2b (expected: 1, actual: 0)
Error: expected triggering test org.apache.commons.numbers.angle.PlaneAngleTest::testNormalizeVeryCloseToBounds did not fail
Error: compile: Numbers_angle-2f
Error: run relevant tests: Numbers_angle-2f
================================================================================
FAILED
