Checking out 09837736 to /tmp/test_d4j_2375825_1660789165/test_trigger/Pool OK
Init local repository...................................................... OK
Tag post-fix revision...................................................... OK
Run post-checkout hook..................................................... OK
Excluding broken/flaky tests............................................... OK
Initialize fixed program version........................................... OK
Apply patch................................................................ OK
Initialize buggy program version........................................... OK
Diff 09837736:498d134d..................................................... OK
Apply patch................................................................ OK
Tag pre-fix revision....................................................... OK
Check out program version: Pool-1b......................................... OK
Running ant (compile)...................................................... OK
Running ant (compile.tests)................................................ OK
Running ant (compile.tests)................................................ OK
Running ant (run.dev.tests)................................................ OK
Failing tests: 1
  - org.apache.commons.pool.impl.TestGenericKeyedObjectPool::testConstructors
Error: verify number of triggering tests: Pool-1b (expected: 3, actual: 1)
Check out program version: Pool-1f......................................... OK
Running ant (compile)...................................................... OK
Running ant (compile.tests)................................................ OK
Running ant (compile.tests)................................................ OK
Running ant (run.dev.tests)................................................ OK
Failing tests: 0
================================================================================
The following errors occurred:
Error: verify number of triggering tests: Pool-1b (expected: 3, actual: 1)
================================================================================
FAILED
