Checking out d5fa7185 to /tmp/test_d4j_3212292_1660804427/test_trigger/Rdf4 OK
Init local repository...................................................... OK
Tag post-fix revision...................................................... OK
Copy generated Ant build file.............................................. OK
Run post-checkout hook..................................................... OK
Initialize fixed program version........................................... OK
Apply patch................................................................ OK
Initialize buggy program version........................................... OK
Diff d5fa7185:c1ada486..................................................... OK
Apply patch................................................................ OK
Tag pre-fix revision....................................................... OK
Check out program version: Rdf4j_rio_turtle-2b............................. OK
Running ant (compile)...................................................... FAIL
Executed command:  cd /tmp/test_d4j_3212292_1660804427/test_trigger/Rdf4j_rio_turtle && /On-the-Reproducibility/section-2/reproducibility-scanner/benchmarks/growingbugs/major/bin/ant -f /On-the-Reproducibility/section-2/reproducibility-scanner/benchmarks/growingbugs/framework/projects/defects4j.build.xml -Dd4j.home=/On-the-Reproducibility/section-2/reproducibility-scanner/benchmarks/growingbugs -Dd4j.dir.projects=/On-the-Reproducibility/section-2/reproducibility-scanner/benchmarks/growingbugs/framework/projects -Dbasedir=/tmp/test_d4j_3212292_1660804427/test_trigger/Rdf4j_rio_turtle -Dbuild.compiler=javac1.8  compile 2>&1
OpenJDK 64-Bit Server VM warning: ignoring option MaxPermSize=1G; support was removed in 8.0
Buildfile: /On-the-Reproducibility/section-2/reproducibility-scanner/benchmarks/growingbugs/framework/projects/defects4j.build.xml

test-offline:

get-deps:

compile:
    [mkdir] Created dir: /tmp/test_d4j_3212292_1660804427/test_trigger/Rdf4j_rio_turtle/target/classes
    [javac] /tmp/test_d4j_3212292_1660804427/test_trigger/Rdf4j_rio_turtle/maven-build.xml:91: warning: 'includeantruntime' was not set, defaulting to build.sysclasspath=last; set to false for repeatable builds

BUILD FAILED
/tmp/test_d4j_3212292_1660804427/test_trigger/Rdf4j_rio_turtle/maven-build.xml:91: srcdir "/tmp/test_d4j_3212292_1660804427/test_trigger/Rdf4j_rio_turtle/src/main/java" does not exist!

Total time: 0 seconds
Cannot compile sources! at /On-the-Reproducibility/section-2/reproducibility-scanner/benchmarks/growingbugs/framework/bin/d4j/d4j-compile line 82.
Compilation failed in require at /On-the-Reproducibility/section-2/reproducibility-scanner/benchmarks/growingbugs/framework/bin/defects4j line 195.
Error: compile: Rdf4j_rio_turtle-2b
Running ant (compile.tests)................................................ FAIL
Executed command:  cd /tmp/test_d4j_3212292_1660804427/test_trigger/Rdf4j_rio_turtle && /On-the-Reproducibility/section-2/reproducibility-scanner/benchmarks/growingbugs/major/bin/ant -f /On-the-Reproducibility/section-2/reproducibility-scanner/benchmarks/growingbugs/framework/projects/defects4j.build.xml -Dd4j.home=/On-the-Reproducibility/section-2/reproducibility-scanner/benchmarks/growingbugs -Dd4j.dir.projects=/On-the-Reproducibility/section-2/reproducibility-scanner/benchmarks/growingbugs/framework/projects -Dbasedir=/tmp/test_d4j_3212292_1660804427/test_trigger/Rdf4j_rio_turtle -Dbuild.compiler=javac1.8  compile.tests 2>&1
OpenJDK 64-Bit Server VM warning: ignoring option MaxPermSize=1G; support was removed in 8.0
Buildfile: /On-the-Reproducibility/section-2/reproducibility-scanner/benchmarks/growingbugs/framework/projects/defects4j.build.xml

test-offline:

get-deps:

compile:
    [javac] /tmp/test_d4j_3212292_1660804427/test_trigger/Rdf4j_rio_turtle/maven-build.xml:91: warning: 'includeantruntime' was not set, defaulting to build.sysclasspath=last; set to false for repeatable builds

BUILD FAILED
/tmp/test_d4j_3212292_1660804427/test_trigger/Rdf4j_rio_turtle/maven-build.xml:91: srcdir "/tmp/test_d4j_3212292_1660804427/test_trigger/Rdf4j_rio_turtle/src/main/java" does not exist!

Total time: 0 seconds
Cannot compile test suite! at /On-the-Reproducibility/section-2/reproducibility-scanner/benchmarks/growingbugs/framework/bin/d4j/d4j-test line 130.
Compilation failed in require at /On-the-Reproducibility/section-2/reproducibility-scanner/benchmarks/growingbugs/framework/bin/defects4j line 195.
Error: run relevant tests: Rdf4j_rio_turtle-2b
cat: /tmp/test_d4j_3212292_1660804427/test_trigger/Rdf4j_rio_turtle/failing_tests: No such file or directory
grep: /tmp/test_d4j_3212292_1660804427/test_trigger/Rdf4j_rio_turtle/failing_tests: No such file or directory
Error: verify number of triggering tests: Rdf4j_rio_turtle-2b (expected: 7, actual: 0)
grep: /tmp/test_d4j_3212292_1660804427/test_trigger/Rdf4j_rio_turtle/failing_tests: No such file or directory
Error: expected triggering test org.eclipse.rdf4j.rio.turtle.TestTurtleParser::testLineNumberReportingNoErrorsMultipleLinesNoEndNewline did not fail
grep: /tmp/test_d4j_3212292_1660804427/test_trigger/Rdf4j_rio_turtle/failing_tests: No such file or directory
Error: expected triggering test org.eclipse.rdf4j.rio.turtle.TestTurtleParser::testLineNumberReportingNoErrorsSingleLineEndNewline did not fail
grep: /tmp/test_d4j_3212292_1660804427/test_trigger/Rdf4j_rio_turtle/failing_tests: No such file or directory
Error: expected triggering test org.eclipse.rdf4j.rio.turtle.TestTurtleParser::testLineNumberReporting did not fail
grep: /tmp/test_d4j_3212292_1660804427/test_trigger/Rdf4j_rio_turtle/failing_tests: No such file or directory
Error: expected triggering test org.eclipse.rdf4j.rio.turtle.TestTurtleParser::testLineNumberReportingOnlySingleCommentEndline did not fail
grep: /tmp/test_d4j_3212292_1660804427/test_trigger/Rdf4j_rio_turtle/failing_tests: No such file or directory
Error: expected triggering test org.eclipse.rdf4j.rio.turtle.TestTurtleParser::testLineNumberReportingOnlySingleCommentCarriageReturn did not fail
grep: /tmp/test_d4j_3212292_1660804427/test_trigger/Rdf4j_rio_turtle/failing_tests: No such file or directory
Error: expected triggering test org.eclipse.rdf4j.rio.turtle.TestTurtleParser::testLineNumberReportingNoErrorsMultipleLinesEndNewline did not fail
grep: /tmp/test_d4j_3212292_1660804427/test_trigger/Rdf4j_rio_turtle/failing_tests: No such file or directory
Error: expected triggering test org.eclipse.rdf4j.rio.turtle.TestTurtleParser::testLineNumberReportingOnlySingleCommentCarriageReturnNewline did not fail
Check out program version: Rdf4j_rio_turtle-2f............................. OK
Running ant (compile)...................................................... FAIL
Executed command:  cd /tmp/test_d4j_3212292_1660804427/test_trigger/Rdf4j_rio_turtle && /On-the-Reproducibility/section-2/reproducibility-scanner/benchmarks/growingbugs/major/bin/ant -f /On-the-Reproducibility/section-2/reproducibility-scanner/benchmarks/growingbugs/framework/projects/defects4j.build.xml -Dd4j.home=/On-the-Reproducibility/section-2/reproducibility-scanner/benchmarks/growingbugs -Dd4j.dir.projects=/On-the-Reproducibility/section-2/reproducibility-scanner/benchmarks/growingbugs/framework/projects -Dbasedir=/tmp/test_d4j_3212292_1660804427/test_trigger/Rdf4j_rio_turtle -Dbuild.compiler=javac1.8  compile 2>&1
OpenJDK 64-Bit Server VM warning: ignoring option MaxPermSize=1G; support was removed in 8.0
Buildfile: /On-the-Reproducibility/section-2/reproducibility-scanner/benchmarks/growingbugs/framework/projects/defects4j.build.xml

test-offline:

get-deps:

compile:
    [mkdir] Created dir: /tmp/test_d4j_3212292_1660804427/test_trigger/Rdf4j_rio_turtle/target/classes
    [javac] /tmp/test_d4j_3212292_1660804427/test_trigger/Rdf4j_rio_turtle/maven-build.xml:91: warning: 'includeantruntime' was not set, defaulting to build.sysclasspath=last; set to false for repeatable builds

BUILD FAILED
/tmp/test_d4j_3212292_1660804427/test_trigger/Rdf4j_rio_turtle/maven-build.xml:91: srcdir "/tmp/test_d4j_3212292_1660804427/test_trigger/Rdf4j_rio_turtle/src/main/java" does not exist!

Total time: 0 seconds
Cannot compile sources! at /On-the-Reproducibility/section-2/reproducibility-scanner/benchmarks/growingbugs/framework/bin/d4j/d4j-compile line 82.
Compilation failed in require at /On-the-Reproducibility/section-2/reproducibility-scanner/benchmarks/growingbugs/framework/bin/defects4j line 195.
Error: compile: Rdf4j_rio_turtle-2f
Running ant (compile.tests)................................................ FAIL
Executed command:  cd /tmp/test_d4j_3212292_1660804427/test_trigger/Rdf4j_rio_turtle && /On-the-Reproducibility/section-2/reproducibility-scanner/benchmarks/growingbugs/major/bin/ant -f /On-the-Reproducibility/section-2/reproducibility-scanner/benchmarks/growingbugs/framework/projects/defects4j.build.xml -Dd4j.home=/On-the-Reproducibility/section-2/reproducibility-scanner/benchmarks/growingbugs -Dd4j.dir.projects=/On-the-Reproducibility/section-2/reproducibility-scanner/benchmarks/growingbugs/framework/projects -Dbasedir=/tmp/test_d4j_3212292_1660804427/test_trigger/Rdf4j_rio_turtle -Dbuild.compiler=javac1.8  compile.tests 2>&1
OpenJDK 64-Bit Server VM warning: ignoring option MaxPermSize=1G; support was removed in 8.0
Buildfile: /On-the-Reproducibility/section-2/reproducibility-scanner/benchmarks/growingbugs/framework/projects/defects4j.build.xml

test-offline:

get-deps:

compile:
    [javac] /tmp/test_d4j_3212292_1660804427/test_trigger/Rdf4j_rio_turtle/maven-build.xml:91: warning: 'includeantruntime' was not set, defaulting to build.sysclasspath=last; set to false for repeatable builds

BUILD FAILED
/tmp/test_d4j_3212292_1660804427/test_trigger/Rdf4j_rio_turtle/maven-build.xml:91: srcdir "/tmp/test_d4j_3212292_1660804427/test_trigger/Rdf4j_rio_turtle/src/main/java" does not exist!

Total time: 0 seconds
Cannot compile test suite! at /On-the-Reproducibility/section-2/reproducibility-scanner/benchmarks/growingbugs/framework/bin/d4j/d4j-test line 130.
Compilation failed in require at /On-the-Reproducibility/section-2/reproducibility-scanner/benchmarks/growingbugs/framework/bin/defects4j line 195.
Error: run relevant tests: Rdf4j_rio_turtle-2f
cat: /tmp/test_d4j_3212292_1660804427/test_trigger/Rdf4j_rio_turtle/failing_tests: No such file or directory
grep: /tmp/test_d4j_3212292_1660804427/test_trigger/Rdf4j_rio_turtle/failing_tests: No such file or directory
================================================================================
The following errors occurred:
Error: compile: Rdf4j_rio_turtle-2b
Error: run relevant tests: Rdf4j_rio_turtle-2b
Error: verify number of triggering tests: Rdf4j_rio_turtle-2b (expected: 7, actual: 0)
Error: expected triggering test org.eclipse.rdf4j.rio.turtle.TestTurtleParser::testLineNumberReportingNoErrorsMultipleLinesNoEndNewline did not fail
Error: expected triggering test org.eclipse.rdf4j.rio.turtle.TestTurtleParser::testLineNumberReportingNoErrorsSingleLineEndNewline did not fail
Error: expected triggering test org.eclipse.rdf4j.rio.turtle.TestTurtleParser::testLineNumberReporting did not fail
Error: expected triggering test org.eclipse.rdf4j.rio.turtle.TestTurtleParser::testLineNumberReportingOnlySingleCommentEndline did not fail
Error: expected triggering test org.eclipse.rdf4j.rio.turtle.TestTurtleParser::testLineNumberReportingOnlySingleCommentCarriageReturn did not fail
Error: expected triggering test org.eclipse.rdf4j.rio.turtle.TestTurtleParser::testLineNumberReportingNoErrorsMultipleLinesEndNewline did not fail
Error: expected triggering test org.eclipse.rdf4j.rio.turtle.TestTurtleParser::testLineNumberReportingOnlySingleCommentCarriageReturnNewline did not fail
Error: compile: Rdf4j_rio_turtle-2f
Error: run relevant tests: Rdf4j_rio_turtle-2f
================================================================================
FAILED
