Checking out 8a5f2884 to /tmp/test_d4j_3106137_1660801838/test_trigger/Tika OK
Init local repository...................................................... OK
Tag post-fix revision...................................................... OK
Copy generated Ant build file.............................................. OK
Run post-checkout hook..................................................... OK
Excluding broken/flaky tests............................................... OK
Initialize fixed program version........................................... OK
Apply patch................................................................ OK
Initialize buggy program version........................................... OK
Diff 8a5f2884:3e08e27a..................................................... OK
Apply patch................................................................ OK
Tag pre-fix revision....................................................... OK
Check out program version: Tika_core-6b.................................... OK
Running ant (compile)...................................................... FAIL
Executed command:  cd /tmp/test_d4j_3106137_1660801838/test_trigger/Tika_core && /On-the-Reproducibility/section-2/reproducibility-scanner/benchmarks/growingbugs/major/bin/ant -f /On-the-Reproducibility/section-2/reproducibility-scanner/benchmarks/growingbugs/framework/projects/defects4j.build.xml -Dd4j.home=/On-the-Reproducibility/section-2/reproducibility-scanner/benchmarks/growingbugs -Dd4j.dir.projects=/On-the-Reproducibility/section-2/reproducibility-scanner/benchmarks/growingbugs/framework/projects -Dbasedir=/tmp/test_d4j_3106137_1660801838/test_trigger/Tika_core -Dbuild.compiler=javac1.8  compile 2>&1
OpenJDK 64-Bit Server VM warning: ignoring option MaxPermSize=1G; support was removed in 8.0
Buildfile: /On-the-Reproducibility/section-2/reproducibility-scanner/benchmarks/growingbugs/framework/projects/defects4j.build.xml

test-offline:

get-deps:

tika-core-from-maven.compile:
    [mkdir] Created dir: /tmp/test_d4j_3106137_1660801838/test_trigger/Tika_core/target/classes
    [javac] /tmp/test_d4j_3106137_1660801838/test_trigger/Tika_core/maven-build.xml:74: warning: 'includeantruntime' was not set, defaulting to build.sysclasspath=last; set to false for repeatable builds

BUILD FAILED
/tmp/test_d4j_3106137_1660801838/test_trigger/Tika_core/maven-build.xml:74: srcdir "/tmp/test_d4j_3106137_1660801838/test_trigger/Tika_core/src/main/java" does not exist!

Total time: 0 seconds
Cannot compile sources! at /On-the-Reproducibility/section-2/reproducibility-scanner/benchmarks/growingbugs/framework/bin/d4j/d4j-compile line 82.
Compilation failed in require at /On-the-Reproducibility/section-2/reproducibility-scanner/benchmarks/growingbugs/framework/bin/defects4j line 195.
Error: compile: Tika_core-6b
Running ant (compile.tests)................................................ FAIL
Executed command:  cd /tmp/test_d4j_3106137_1660801838/test_trigger/Tika_core && /On-the-Reproducibility/section-2/reproducibility-scanner/benchmarks/growingbugs/major/bin/ant -f /On-the-Reproducibility/section-2/reproducibility-scanner/benchmarks/growingbugs/framework/projects/defects4j.build.xml -Dd4j.home=/On-the-Reproducibility/section-2/reproducibility-scanner/benchmarks/growingbugs -Dd4j.dir.projects=/On-the-Reproducibility/section-2/reproducibility-scanner/benchmarks/growingbugs/framework/projects -Dbasedir=/tmp/test_d4j_3106137_1660801838/test_trigger/Tika_core -Dbuild.compiler=javac1.8  compile.tests 2>&1
OpenJDK 64-Bit Server VM warning: ignoring option MaxPermSize=1G; support was removed in 8.0
Buildfile: /On-the-Reproducibility/section-2/reproducibility-scanner/benchmarks/growingbugs/framework/projects/defects4j.build.xml

test-offline:

get-deps:

tika-core-from-maven.compile:
    [javac] /tmp/test_d4j_3106137_1660801838/test_trigger/Tika_core/maven-build.xml:74: warning: 'includeantruntime' was not set, defaulting to build.sysclasspath=last; set to false for repeatable builds

BUILD FAILED
/tmp/test_d4j_3106137_1660801838/test_trigger/Tika_core/maven-build.xml:74: srcdir "/tmp/test_d4j_3106137_1660801838/test_trigger/Tika_core/src/main/java" does not exist!

Total time: 0 seconds
Cannot compile test suite! at /On-the-Reproducibility/section-2/reproducibility-scanner/benchmarks/growingbugs/framework/bin/d4j/d4j-test line 130.
Compilation failed in require at /On-the-Reproducibility/section-2/reproducibility-scanner/benchmarks/growingbugs/framework/bin/defects4j line 195.
Error: run relevant tests: Tika_core-6b
cat: /tmp/test_d4j_3106137_1660801838/test_trigger/Tika_core/failing_tests: No such file or directory
grep: /tmp/test_d4j_3106137_1660801838/test_trigger/Tika_core/failing_tests: No such file or directory
Error: verify number of triggering tests: Tika_core-6b (expected: 1, actual: 0)
grep: /tmp/test_d4j_3106137_1660801838/test_trigger/Tika_core/failing_tests: No such file or directory
Error: expected triggering test org.apache.tika.sax.XHTMLContentHandlerTest::testWhitespaceWithOptions did not fail
Check out program version: Tika_core-6f.................................... OK
Running ant (compile)...................................................... FAIL
Executed command:  cd /tmp/test_d4j_3106137_1660801838/test_trigger/Tika_core && /On-the-Reproducibility/section-2/reproducibility-scanner/benchmarks/growingbugs/major/bin/ant -f /On-the-Reproducibility/section-2/reproducibility-scanner/benchmarks/growingbugs/framework/projects/defects4j.build.xml -Dd4j.home=/On-the-Reproducibility/section-2/reproducibility-scanner/benchmarks/growingbugs -Dd4j.dir.projects=/On-the-Reproducibility/section-2/reproducibility-scanner/benchmarks/growingbugs/framework/projects -Dbasedir=/tmp/test_d4j_3106137_1660801838/test_trigger/Tika_core -Dbuild.compiler=javac1.8  compile 2>&1
OpenJDK 64-Bit Server VM warning: ignoring option MaxPermSize=1G; support was removed in 8.0
Buildfile: /On-the-Reproducibility/section-2/reproducibility-scanner/benchmarks/growingbugs/framework/projects/defects4j.build.xml

test-offline:

get-deps:

tika-core-from-maven.compile:
    [mkdir] Created dir: /tmp/test_d4j_3106137_1660801838/test_trigger/Tika_core/target/classes
    [javac] /tmp/test_d4j_3106137_1660801838/test_trigger/Tika_core/maven-build.xml:74: warning: 'includeantruntime' was not set, defaulting to build.sysclasspath=last; set to false for repeatable builds

BUILD FAILED
/tmp/test_d4j_3106137_1660801838/test_trigger/Tika_core/maven-build.xml:74: srcdir "/tmp/test_d4j_3106137_1660801838/test_trigger/Tika_core/src/main/java" does not exist!

Total time: 0 seconds
Cannot compile sources! at /On-the-Reproducibility/section-2/reproducibility-scanner/benchmarks/growingbugs/framework/bin/d4j/d4j-compile line 82.
Compilation failed in require at /On-the-Reproducibility/section-2/reproducibility-scanner/benchmarks/growingbugs/framework/bin/defects4j line 195.
Error: compile: Tika_core-6f
Running ant (compile.tests)................................................ FAIL
Executed command:  cd /tmp/test_d4j_3106137_1660801838/test_trigger/Tika_core && /On-the-Reproducibility/section-2/reproducibility-scanner/benchmarks/growingbugs/major/bin/ant -f /On-the-Reproducibility/section-2/reproducibility-scanner/benchmarks/growingbugs/framework/projects/defects4j.build.xml -Dd4j.home=/On-the-Reproducibility/section-2/reproducibility-scanner/benchmarks/growingbugs -Dd4j.dir.projects=/On-the-Reproducibility/section-2/reproducibility-scanner/benchmarks/growingbugs/framework/projects -Dbasedir=/tmp/test_d4j_3106137_1660801838/test_trigger/Tika_core -Dbuild.compiler=javac1.8  compile.tests 2>&1
OpenJDK 64-Bit Server VM warning: ignoring option MaxPermSize=1G; support was removed in 8.0
Buildfile: /On-the-Reproducibility/section-2/reproducibility-scanner/benchmarks/growingbugs/framework/projects/defects4j.build.xml

test-offline:

get-deps:

tika-core-from-maven.compile:
    [javac] /tmp/test_d4j_3106137_1660801838/test_trigger/Tika_core/maven-build.xml:74: warning: 'includeantruntime' was not set, defaulting to build.sysclasspath=last; set to false for repeatable builds

BUILD FAILED
/tmp/test_d4j_3106137_1660801838/test_trigger/Tika_core/maven-build.xml:74: srcdir "/tmp/test_d4j_3106137_1660801838/test_trigger/Tika_core/src/main/java" does not exist!

Total time: 0 seconds
Cannot compile test suite! at /On-the-Reproducibility/section-2/reproducibility-scanner/benchmarks/growingbugs/framework/bin/d4j/d4j-test line 130.
Compilation failed in require at /On-the-Reproducibility/section-2/reproducibility-scanner/benchmarks/growingbugs/framework/bin/defects4j line 195.
Error: run relevant tests: Tika_core-6f
cat: /tmp/test_d4j_3106137_1660801838/test_trigger/Tika_core/failing_tests: No such file or directory
grep: /tmp/test_d4j_3106137_1660801838/test_trigger/Tika_core/failing_tests: No such file or directory
================================================================================
The following errors occurred:
Error: compile: Tika_core-6b
Error: run relevant tests: Tika_core-6b
Error: verify number of triggering tests: Tika_core-6b (expected: 1, actual: 0)
Error: expected triggering test org.apache.tika.sax.XHTMLContentHandlerTest::testWhitespaceWithOptions did not fail
Error: compile: Tika_core-6f
Error: run relevant tests: Tika_core-6f
================================================================================
FAILED
