Checking out 961f2477 to /tmp/test_d4j_3292066_1660808285/test_trigger/Wick OK
Init local repository...................................................... OK
Tag post-fix revision...................................................... OK
Copy generated Ant build file.............................................. OK
Run post-checkout hook..................................................... OK
Excluding broken/flaky tests............................................... OK
Initialize fixed program version........................................... OK
Apply patch................................................................ OK
Initialize buggy program version........................................... OK
Diff 961f2477:908dc6f8..................................................... OK
Apply patch................................................................ OK
Tag pre-fix revision....................................................... OK
Check out program version: Wicket_request-2b............................... OK
Running ant (compile)...................................................... FAIL
Executed command:  cd /tmp/test_d4j_3292066_1660808285/test_trigger/Wicket_request && /On-the-Reproducibility/section-2/reproducibility-scanner/benchmarks/growingbugs/major/bin/ant -f /On-the-Reproducibility/section-2/reproducibility-scanner/benchmarks/growingbugs/framework/projects/defects4j.build.xml -Dd4j.home=/On-the-Reproducibility/section-2/reproducibility-scanner/benchmarks/growingbugs -Dd4j.dir.projects=/On-the-Reproducibility/section-2/reproducibility-scanner/benchmarks/growingbugs/framework/projects -Dbasedir=/tmp/test_d4j_3292066_1660808285/test_trigger/Wicket_request -Dbuild.compiler=javac1.8  compile 2>&1
OpenJDK 64-Bit Server VM warning: ignoring option MaxPermSize=1G; support was removed in 8.0
Buildfile: /On-the-Reproducibility/section-2/reproducibility-scanner/benchmarks/growingbugs/framework/projects/defects4j.build.xml

test-offline:

get-deps:

compile:
    [mkdir] Created dir: /tmp/test_d4j_3292066_1660808285/test_trigger/Wicket_request/target/classes
    [javac] /tmp/test_d4j_3292066_1660808285/test_trigger/Wicket_request/maven-build.xml:86: warning: 'includeantruntime' was not set, defaulting to build.sysclasspath=last; set to false for repeatable builds

BUILD FAILED
/tmp/test_d4j_3292066_1660808285/test_trigger/Wicket_request/maven-build.xml:86: srcdir "/tmp/test_d4j_3292066_1660808285/test_trigger/Wicket_request/src/main/java" does not exist!

Total time: 0 seconds
Cannot compile sources! at /On-the-Reproducibility/section-2/reproducibility-scanner/benchmarks/growingbugs/framework/bin/d4j/d4j-compile line 82.
Compilation failed in require at /On-the-Reproducibility/section-2/reproducibility-scanner/benchmarks/growingbugs/framework/bin/defects4j line 195.
Error: compile: Wicket_request-2b
Running ant (compile.tests)................................................ FAIL
Executed command:  cd /tmp/test_d4j_3292066_1660808285/test_trigger/Wicket_request && /On-the-Reproducibility/section-2/reproducibility-scanner/benchmarks/growingbugs/major/bin/ant -f /On-the-Reproducibility/section-2/reproducibility-scanner/benchmarks/growingbugs/framework/projects/defects4j.build.xml -Dd4j.home=/On-the-Reproducibility/section-2/reproducibility-scanner/benchmarks/growingbugs -Dd4j.dir.projects=/On-the-Reproducibility/section-2/reproducibility-scanner/benchmarks/growingbugs/framework/projects -Dbasedir=/tmp/test_d4j_3292066_1660808285/test_trigger/Wicket_request -Dbuild.compiler=javac1.8  compile.tests 2>&1
OpenJDK 64-Bit Server VM warning: ignoring option MaxPermSize=1G; support was removed in 8.0
Buildfile: /On-the-Reproducibility/section-2/reproducibility-scanner/benchmarks/growingbugs/framework/projects/defects4j.build.xml

test-offline:

get-deps:

compile:
    [javac] /tmp/test_d4j_3292066_1660808285/test_trigger/Wicket_request/maven-build.xml:86: warning: 'includeantruntime' was not set, defaulting to build.sysclasspath=last; set to false for repeatable builds

BUILD FAILED
/tmp/test_d4j_3292066_1660808285/test_trigger/Wicket_request/maven-build.xml:86: srcdir "/tmp/test_d4j_3292066_1660808285/test_trigger/Wicket_request/src/main/java" does not exist!

Total time: 0 seconds
Cannot compile test suite! at /On-the-Reproducibility/section-2/reproducibility-scanner/benchmarks/growingbugs/framework/bin/d4j/d4j-test line 130.
Compilation failed in require at /On-the-Reproducibility/section-2/reproducibility-scanner/benchmarks/growingbugs/framework/bin/defects4j line 195.
Error: run relevant tests: Wicket_request-2b
cat: /tmp/test_d4j_3292066_1660808285/test_trigger/Wicket_request/failing_tests: No such file or directory
grep: /tmp/test_d4j_3292066_1660808285/test_trigger/Wicket_request/failing_tests: No such file or directory
Error: verify number of triggering tests: Wicket_request-2b (expected: 1, actual: 0)
grep: /tmp/test_d4j_3292066_1660808285/test_trigger/Wicket_request/failing_tests: No such file or directory
Error: expected triggering test org.apache.wicket.request.UrlTest::parseQueryStringWithEqualsSignInParameterValue did not fail
Check out program version: Wicket_request-2f............................... OK
Running ant (compile)...................................................... FAIL
Executed command:  cd /tmp/test_d4j_3292066_1660808285/test_trigger/Wicket_request && /On-the-Reproducibility/section-2/reproducibility-scanner/benchmarks/growingbugs/major/bin/ant -f /On-the-Reproducibility/section-2/reproducibility-scanner/benchmarks/growingbugs/framework/projects/defects4j.build.xml -Dd4j.home=/On-the-Reproducibility/section-2/reproducibility-scanner/benchmarks/growingbugs -Dd4j.dir.projects=/On-the-Reproducibility/section-2/reproducibility-scanner/benchmarks/growingbugs/framework/projects -Dbasedir=/tmp/test_d4j_3292066_1660808285/test_trigger/Wicket_request -Dbuild.compiler=javac1.8  compile 2>&1
OpenJDK 64-Bit Server VM warning: ignoring option MaxPermSize=1G; support was removed in 8.0
Buildfile: /On-the-Reproducibility/section-2/reproducibility-scanner/benchmarks/growingbugs/framework/projects/defects4j.build.xml

test-offline:

get-deps:

compile:
    [mkdir] Created dir: /tmp/test_d4j_3292066_1660808285/test_trigger/Wicket_request/target/classes
    [javac] /tmp/test_d4j_3292066_1660808285/test_trigger/Wicket_request/maven-build.xml:86: warning: 'includeantruntime' was not set, defaulting to build.sysclasspath=last; set to false for repeatable builds

BUILD FAILED
/tmp/test_d4j_3292066_1660808285/test_trigger/Wicket_request/maven-build.xml:86: srcdir "/tmp/test_d4j_3292066_1660808285/test_trigger/Wicket_request/src/main/java" does not exist!

Total time: 0 seconds
Cannot compile sources! at /On-the-Reproducibility/section-2/reproducibility-scanner/benchmarks/growingbugs/framework/bin/d4j/d4j-compile line 82.
Compilation failed in require at /On-the-Reproducibility/section-2/reproducibility-scanner/benchmarks/growingbugs/framework/bin/defects4j line 195.
Error: compile: Wicket_request-2f
Running ant (compile.tests)................................................ FAIL
Executed command:  cd /tmp/test_d4j_3292066_1660808285/test_trigger/Wicket_request && /On-the-Reproducibility/section-2/reproducibility-scanner/benchmarks/growingbugs/major/bin/ant -f /On-the-Reproducibility/section-2/reproducibility-scanner/benchmarks/growingbugs/framework/projects/defects4j.build.xml -Dd4j.home=/On-the-Reproducibility/section-2/reproducibility-scanner/benchmarks/growingbugs -Dd4j.dir.projects=/On-the-Reproducibility/section-2/reproducibility-scanner/benchmarks/growingbugs/framework/projects -Dbasedir=/tmp/test_d4j_3292066_1660808285/test_trigger/Wicket_request -Dbuild.compiler=javac1.8  compile.tests 2>&1
OpenJDK 64-Bit Server VM warning: ignoring option MaxPermSize=1G; support was removed in 8.0
Buildfile: /On-the-Reproducibility/section-2/reproducibility-scanner/benchmarks/growingbugs/framework/projects/defects4j.build.xml

test-offline:

get-deps:

compile:
    [javac] /tmp/test_d4j_3292066_1660808285/test_trigger/Wicket_request/maven-build.xml:86: warning: 'includeantruntime' was not set, defaulting to build.sysclasspath=last; set to false for repeatable builds

BUILD FAILED
/tmp/test_d4j_3292066_1660808285/test_trigger/Wicket_request/maven-build.xml:86: srcdir "/tmp/test_d4j_3292066_1660808285/test_trigger/Wicket_request/src/main/java" does not exist!

Total time: 0 seconds
Cannot compile test suite! at /On-the-Reproducibility/section-2/reproducibility-scanner/benchmarks/growingbugs/framework/bin/d4j/d4j-test line 130.
Compilation failed in require at /On-the-Reproducibility/section-2/reproducibility-scanner/benchmarks/growingbugs/framework/bin/defects4j line 195.
Error: run relevant tests: Wicket_request-2f
cat: /tmp/test_d4j_3292066_1660808285/test_trigger/Wicket_request/failing_tests: No such file or directory
grep: /tmp/test_d4j_3292066_1660808285/test_trigger/Wicket_request/failing_tests: No such file or directory
================================================================================
The following errors occurred:
Error: compile: Wicket_request-2b
Error: run relevant tests: Wicket_request-2b
Error: verify number of triggering tests: Wicket_request-2b (expected: 1, actual: 0)
Error: expected triggering test org.apache.wicket.request.UrlTest::parseQueryStringWithEqualsSignInParameterValue did not fail
Error: compile: Wicket_request-2f
Error: run relevant tests: Wicket_request-2f
================================================================================
FAILED
