Apache Maven 3.6.3
Maven home: /usr/share/maven
Java version: 1.8.0_312, vendor: Private Build, runtime: /usr/lib/jvm/java-8-openjdk-amd64/jre
Default locale: en_US, platform encoding: UTF-8
OS name: "linux", version: "5.15.0-41-generic", arch: "amd64", family: "unix"
[INFO] Scanning for projects...
[INFO] 
[INFO] ---------------< com.amazonaws:aws-encryption-sdk-java >----------------
[INFO] Building aws-encryption-sdk-java 1.3.6-SNAPSHOT
[INFO] --------------------------------[ jar ]---------------------------------
[INFO] 
[INFO] --- maven-resources-plugin:2.6:resources (default-resources) @ aws-encryption-sdk-java ---
[INFO] Using 'UTF-8' encoding to copy filtered resources.
[INFO] skip non existing resourceDirectory /home/user/Workspace/reproducibility/Reproducibility-Scanner/reproducer/workspace/Bears-198/src/main/resources
[INFO] 
[INFO] --- maven-compiler-plugin:3.1:compile (default-compile) @ aws-encryption-sdk-java ---
[INFO] Changes detected - recompiling the module!
[INFO] Compiling 67 source files to /home/user/Workspace/reproducibility/Reproducibility-Scanner/reproducer/workspace/Bears-198/target/classes
[WARNING] /home/user/Workspace/reproducibility/Reproducibility-Scanner/reproducer/workspace/Bears-198/src/main/java/com/amazonaws/encryptionsdk/internal/DecryptionHandler.java: Some input files use unchecked or unsafe operations.
[WARNING] /home/user/Workspace/reproducibility/Reproducibility-Scanner/reproducer/workspace/Bears-198/src/main/java/com/amazonaws/encryptionsdk/internal/DecryptionHandler.java: Recompile with -Xlint:unchecked for details.
[INFO] 
[INFO] --- maven-resources-plugin:2.6:testResources (default-testResources) @ aws-encryption-sdk-java ---
[INFO] Using 'UTF-8' encoding to copy filtered resources.
[INFO] skip non existing resourceDirectory /home/user/Workspace/reproducibility/Reproducibility-Scanner/reproducer/workspace/Bears-198/src/test/resources
[INFO] 
[INFO] --- maven-compiler-plugin:3.1:testCompile (default-testCompile) @ aws-encryption-sdk-java ---
[INFO] Nothing to compile - all classes are up to date
[INFO] 
[INFO] --- maven-surefire-plugin:2.20:test (default-test) @ aws-encryption-sdk-java ---
[INFO] 
[INFO] -------------------------------------------------------
[INFO]  T E S T S
[INFO] -------------------------------------------------------
[INFO] Running com.amazonaws.encryptionsdk.AllTestsSuite
[INFO] Tests run: 5726, Failures: 0, Errors: 0, Skipped: 0, Time elapsed: 112.632 s - in com.amazonaws.encryptionsdk.AllTestsSuite
[INFO] 
[INFO] Results:
[INFO] 
[INFO] Tests run: 5726, Failures: 0, Errors: 0, Skipped: 0
[INFO] 
[INFO] ------------------------------------------------------------------------
[INFO] BUILD SUCCESS
[INFO] ------------------------------------------------------------------------
[INFO] Total time:  01:56 min
[INFO] Finished at: 2022-07-25T19:04:00-07:00
[INFO] ------------------------------------------------------------------------
Running the tests related to the bug Bears-198...
The tests related to the bug Bears-198 were executed.