Apache Maven 3.6.3
Maven home: /usr/share/maven
Java version: 1.8.0_312, vendor: Private Build, runtime: /usr/lib/jvm/java-8-openjdk-amd64/jre
Default locale: en_US, platform encoding: UTF-8
OS name: "linux", version: "5.15.0-41-generic", arch: "amd64", family: "unix"
[INFO] Scanning for projects...
[INFO] Inspecting build with total of 1 modules...
[INFO] Installing Nexus Staging features:
[INFO]   ... total of 1 executions of maven-deploy-plugin replaced with nexus-staging-maven-plugin
[INFO] 
[INFO] ------------------< fr.inria.gforge.spoon:spoon-core >------------------
[INFO] Building Spoon Core 5.8.0-SNAPSHOT
[INFO] --------------------------------[ jar ]---------------------------------
[INFO] 
[INFO] --- maven-enforcer-plugin:1.4.1:enforce (enforce-maven) @ spoon-core ---
[INFO] Skipping Rule Enforcement.
[INFO] 
[INFO] --- maven-enforcer-plugin:1.4.1:enforce (enforce-bytecode-version) @ spoon-core ---
[INFO] Skipping Rule Enforcement.
[INFO] 
[INFO] --- jacoco-maven-plugin:0.7.5.201505241946:prepare-agent (default) @ spoon-core ---
[INFO] argLine set to -javaagent:/home/user/.m2/repository/org/jacoco/org.jacoco.agent/0.7.5.201505241946/org.jacoco.agent-0.7.5.201505241946-runtime.jar=destfile=/home/user/Workspace/reproducibility/Reproducibility-Scanner/reproducer/workspace/Bears-65/target/jacoco.exec
[INFO] 
[INFO] --- maven-resources-plugin:2.6:resources (default-resources) @ spoon-core ---
[INFO] Using 'UTF-8' encoding to copy filtered resources.
[INFO] Copying 3 resources
[INFO] Copying 1 resource
[INFO] 
[INFO] --- maven-compiler-plugin:3.1:compile (default-compile) @ spoon-core ---
[INFO] Changes detected - recompiling the module!
[INFO] Compiling 488 source files to /home/user/Workspace/reproducibility/Reproducibility-Scanner/reproducer/workspace/Bears-65/target/classes
[INFO] -------------------------------------------------------------
[WARNING] COMPILATION WARNING : 
[INFO] -------------------------------------------------------------
[WARNING] bootstrap class path not set in conjunction with -source 1.7
[WARNING] /home/user/Workspace/reproducibility/Reproducibility-Scanner/reproducer/workspace/Bears-65/src/main/java/spoon/support/compiler/jdt/JDTBatchCompiler.java:[54,35] NullOutputStream() in org.apache.commons.io.output.NullOutputStream has been deprecated
[WARNING] /home/user/Workspace/reproducibility/Reproducibility-Scanner/reproducer/workspace/Bears-65/src/main/java/spoon/support/compiler/jdt/JDTBatchCompiler.java:[54,59] NullOutputStream() in org.apache.commons.io.output.NullOutputStream has been deprecated
[WARNING] /home/user/Workspace/reproducibility/Reproducibility-Scanner/reproducer/workspace/Bears-65/src/main/java/spoon/generating/replace/ReplaceScanner.java: Some input files use unchecked or unsafe operations.
[WARNING] /home/user/Workspace/reproducibility/Reproducibility-Scanner/reproducer/workspace/Bears-65/src/main/java/spoon/generating/replace/ReplaceScanner.java: Recompile with -Xlint:unchecked for details.
[INFO] 5 warnings 
[INFO] -------------------------------------------------------------
[INFO] -------------------------------------------------------------
[ERROR] COMPILATION ERROR : 
[INFO] -------------------------------------------------------------
[ERROR] /home/user/Workspace/reproducibility/Reproducibility-Scanner/reproducer/workspace/Bears-65/src/main/java/spoon/Launcher.java:[672,85] <anonymous spoon.Launcher$1> is not abstract and does not override abstract method accept(java.nio.file.Path,java.nio.file.attribute.BasicFileAttributes) in org.apache.commons.io.file.PathFilter
[ERROR] /home/user/Workspace/reproducibility/Reproducibility-Scanner/reproducer/workspace/Bears-65/src/main/java/spoon/Launcher.java:[684,78] <anonymous spoon.Launcher$2> is not abstract and does not override abstract method accept(java.nio.file.Path,java.nio.file.attribute.BasicFileAttributes) in org.apache.commons.io.file.PathFilter
[INFO] 2 errors 
[INFO] -------------------------------------------------------------
[INFO] ------------------------------------------------------------------------
[INFO] BUILD FAILURE
[INFO] ------------------------------------------------------------------------
[INFO] Total time:  4.787 s
[INFO] Finished at: 2022-07-25T12:14:45-07:00
[INFO] ------------------------------------------------------------------------
[ERROR] Failed to execute goal org.apache.maven.plugins:maven-compiler-plugin:3.1:compile (default-compile) on project spoon-core: Compilation failure: Compilation failure: 
[ERROR] /home/user/Workspace/reproducibility/Reproducibility-Scanner/reproducer/workspace/Bears-65/src/main/java/spoon/Launcher.java:[672,85] <anonymous spoon.Launcher$1> is not abstract and does not override abstract method accept(java.nio.file.Path,java.nio.file.attribute.BasicFileAttributes) in org.apache.commons.io.file.PathFilter
[ERROR] /home/user/Workspace/reproducibility/Reproducibility-Scanner/reproducer/workspace/Bears-65/src/main/java/spoon/Launcher.java:[684,78] <anonymous spoon.Launcher$2> is not abstract and does not override abstract method accept(java.nio.file.Path,java.nio.file.attribute.BasicFileAttributes) in org.apache.commons.io.file.PathFilter
[ERROR] -> [Help 1]
[ERROR] 
[ERROR] To see the full stack trace of the errors, re-run Maven with the -e switch.
[ERROR] Re-run Maven using the -X switch to enable full debug logging.
[ERROR] 
[ERROR] For more information about the errors and possible solutions, please read the following articles:
[ERROR] [Help 1] http://cwiki.apache.org/confluence/display/MAVEN/MojoFailureException
Running the tests related to the bug Bears-65...
The tests related to the bug Bears-65 were executed.