Checking out f115f62f to /tmp/test_d4j_3362914_1658744797/test_trigger/Appf OK
Init local repository...................................................... OK
Tag post-fix revision...................................................... OK
Copy generated Ant build file.............................................. OK
Run post-checkout hook..................................................... OK
Excluding broken/flaky tests............................................... OK
Initialize fixed program version........................................... OK
Apply patch................................................................ OK
Initialize buggy program version........................................... OK
Diff f115f62f:5a109336..................................................... OK
Apply patch................................................................ OK
Tag pre-fix revision....................................................... OK
Check out program version: Appformer_uberfire_commons_editor_backend-1b.... OK
Running ant (compile)...................................................... FAIL
Executed command:  cd /tmp/test_d4j_3362914_1658744797/test_trigger/Appformer_uberfire_commons_editor_backend && /home/user/Workspace/reproducibility/Reproducibility-Scanner/benchmarks/growingbugs/major/bin/ant -f /home/user/Workspace/reproducibility/Reproducibility-Scanner/benchmarks/growingbugs/framework/projects/defects4j.build.xml -Dd4j.home=/home/user/Workspace/reproducibility/Reproducibility-Scanner/benchmarks/growingbugs -Dd4j.dir.projects=/home/user/Workspace/reproducibility/Reproducibility-Scanner/benchmarks/growingbugs/framework/projects -Dbasedir=/tmp/test_d4j_3362914_1658744797/test_trigger/Appformer_uberfire_commons_editor_backend -Dbuild.compiler=javac1.8  compile 2>&1
OpenJDK 64-Bit Server VM warning: ignoring option MaxPermSize=1G; support was removed in 8.0
Buildfile: /home/user/Workspace/reproducibility/Reproducibility-Scanner/benchmarks/growingbugs/framework/projects/defects4j.build.xml

test-offline:

get-deps:

compile:
    [mkdir] Created dir: /tmp/test_d4j_3362914_1658744797/test_trigger/Appformer_uberfire_commons_editor_backend/target/classes
    [javac] /tmp/test_d4j_3362914_1658744797/test_trigger/Appformer_uberfire_commons_editor_backend/maven-build.xml:282: warning: 'includeantruntime' was not set, defaulting to build.sysclasspath=last; set to false for repeatable builds

BUILD FAILED
/tmp/test_d4j_3362914_1658744797/test_trigger/Appformer_uberfire_commons_editor_backend/maven-build.xml:282: srcdir "/tmp/test_d4j_3362914_1658744797/test_trigger/Appformer_uberfire_commons_editor_backend/src/main/java" does not exist!

Total time: 0 seconds
Cannot compile sources! at /home/user/Workspace/reproducibility/Reproducibility-Scanner/benchmarks/growingbugs/framework/bin/d4j/d4j-compile line 82.
Compilation failed in require at /home/user/Workspace/reproducibility/Reproducibility-Scanner/benchmarks/growingbugs/framework/bin/defects4j line 195.
Error: compile: Appformer_uberfire_commons_editor_backend-1b
Running ant (compile.tests)................................................ FAIL
Executed command:  cd /tmp/test_d4j_3362914_1658744797/test_trigger/Appformer_uberfire_commons_editor_backend && /home/user/Workspace/reproducibility/Reproducibility-Scanner/benchmarks/growingbugs/major/bin/ant -f /home/user/Workspace/reproducibility/Reproducibility-Scanner/benchmarks/growingbugs/framework/projects/defects4j.build.xml -Dd4j.home=/home/user/Workspace/reproducibility/Reproducibility-Scanner/benchmarks/growingbugs -Dd4j.dir.projects=/home/user/Workspace/reproducibility/Reproducibility-Scanner/benchmarks/growingbugs/framework/projects -Dbasedir=/tmp/test_d4j_3362914_1658744797/test_trigger/Appformer_uberfire_commons_editor_backend -Dbuild.compiler=javac1.8  compile.tests 2>&1
OpenJDK 64-Bit Server VM warning: ignoring option MaxPermSize=1G; support was removed in 8.0
Buildfile: /home/user/Workspace/reproducibility/Reproducibility-Scanner/benchmarks/growingbugs/framework/projects/defects4j.build.xml

test-offline:

get-deps:

compile:
    [javac] /tmp/test_d4j_3362914_1658744797/test_trigger/Appformer_uberfire_commons_editor_backend/maven-build.xml:282: warning: 'includeantruntime' was not set, defaulting to build.sysclasspath=last; set to false for repeatable builds

BUILD FAILED
/tmp/test_d4j_3362914_1658744797/test_trigger/Appformer_uberfire_commons_editor_backend/maven-build.xml:282: srcdir "/tmp/test_d4j_3362914_1658744797/test_trigger/Appformer_uberfire_commons_editor_backend/src/main/java" does not exist!

Total time: 0 seconds
Cannot compile test suite! at /home/user/Workspace/reproducibility/Reproducibility-Scanner/benchmarks/growingbugs/framework/bin/d4j/d4j-test line 130.
Compilation failed in require at /home/user/Workspace/reproducibility/Reproducibility-Scanner/benchmarks/growingbugs/framework/bin/defects4j line 195.
Error: run relevant tests: Appformer_uberfire_commons_editor_backend-1b
cat: /tmp/test_d4j_3362914_1658744797/test_trigger/Appformer_uberfire_commons_editor_backend/failing_tests: No such file or directory
grep: /tmp/test_d4j_3362914_1658744797/test_trigger/Appformer_uberfire_commons_editor_backend/failing_tests: No such file or directory
Error: verify number of triggering tests: Appformer_uberfire_commons_editor_backend-1b (expected: 1, actual: 0)
grep: /tmp/test_d4j_3362914_1658744797/test_trigger/Appformer_uberfire_commons_editor_backend/failing_tests: No such file or directory
Error: expected triggering test org.uberfire.ext.editor.commons.backend.version.VersionServiceImplTest::restore did not fail
Check out program version: Appformer_uberfire_commons_editor_backend-1f.... OK
Running ant (compile)...................................................... FAIL
Executed command:  cd /tmp/test_d4j_3362914_1658744797/test_trigger/Appformer_uberfire_commons_editor_backend && /home/user/Workspace/reproducibility/Reproducibility-Scanner/benchmarks/growingbugs/major/bin/ant -f /home/user/Workspace/reproducibility/Reproducibility-Scanner/benchmarks/growingbugs/framework/projects/defects4j.build.xml -Dd4j.home=/home/user/Workspace/reproducibility/Reproducibility-Scanner/benchmarks/growingbugs -Dd4j.dir.projects=/home/user/Workspace/reproducibility/Reproducibility-Scanner/benchmarks/growingbugs/framework/projects -Dbasedir=/tmp/test_d4j_3362914_1658744797/test_trigger/Appformer_uberfire_commons_editor_backend -Dbuild.compiler=javac1.8  compile 2>&1
OpenJDK 64-Bit Server VM warning: ignoring option MaxPermSize=1G; support was removed in 8.0
Buildfile: /home/user/Workspace/reproducibility/Reproducibility-Scanner/benchmarks/growingbugs/framework/projects/defects4j.build.xml

test-offline:

get-deps:

compile:
    [mkdir] Created dir: /tmp/test_d4j_3362914_1658744797/test_trigger/Appformer_uberfire_commons_editor_backend/target/classes
    [javac] /tmp/test_d4j_3362914_1658744797/test_trigger/Appformer_uberfire_commons_editor_backend/maven-build.xml:282: warning: 'includeantruntime' was not set, defaulting to build.sysclasspath=last; set to false for repeatable builds

BUILD FAILED
/tmp/test_d4j_3362914_1658744797/test_trigger/Appformer_uberfire_commons_editor_backend/maven-build.xml:282: srcdir "/tmp/test_d4j_3362914_1658744797/test_trigger/Appformer_uberfire_commons_editor_backend/src/main/java" does not exist!

Total time: 0 seconds
Cannot compile sources! at /home/user/Workspace/reproducibility/Reproducibility-Scanner/benchmarks/growingbugs/framework/bin/d4j/d4j-compile line 82.
Compilation failed in require at /home/user/Workspace/reproducibility/Reproducibility-Scanner/benchmarks/growingbugs/framework/bin/defects4j line 195.
Error: compile: Appformer_uberfire_commons_editor_backend-1f
Running ant (compile.tests)................................................ FAIL
Executed command:  cd /tmp/test_d4j_3362914_1658744797/test_trigger/Appformer_uberfire_commons_editor_backend && /home/user/Workspace/reproducibility/Reproducibility-Scanner/benchmarks/growingbugs/major/bin/ant -f /home/user/Workspace/reproducibility/Reproducibility-Scanner/benchmarks/growingbugs/framework/projects/defects4j.build.xml -Dd4j.home=/home/user/Workspace/reproducibility/Reproducibility-Scanner/benchmarks/growingbugs -Dd4j.dir.projects=/home/user/Workspace/reproducibility/Reproducibility-Scanner/benchmarks/growingbugs/framework/projects -Dbasedir=/tmp/test_d4j_3362914_1658744797/test_trigger/Appformer_uberfire_commons_editor_backend -Dbuild.compiler=javac1.8  compile.tests 2>&1
OpenJDK 64-Bit Server VM warning: ignoring option MaxPermSize=1G; support was removed in 8.0
Buildfile: /home/user/Workspace/reproducibility/Reproducibility-Scanner/benchmarks/growingbugs/framework/projects/defects4j.build.xml

test-offline:

get-deps:

compile:
    [javac] /tmp/test_d4j_3362914_1658744797/test_trigger/Appformer_uberfire_commons_editor_backend/maven-build.xml:282: warning: 'includeantruntime' was not set, defaulting to build.sysclasspath=last; set to false for repeatable builds

BUILD FAILED
/tmp/test_d4j_3362914_1658744797/test_trigger/Appformer_uberfire_commons_editor_backend/maven-build.xml:282: srcdir "/tmp/test_d4j_3362914_1658744797/test_trigger/Appformer_uberfire_commons_editor_backend/src/main/java" does not exist!

Total time: 0 seconds
Cannot compile test suite! at /home/user/Workspace/reproducibility/Reproducibility-Scanner/benchmarks/growingbugs/framework/bin/d4j/d4j-test line 130.
Compilation failed in require at /home/user/Workspace/reproducibility/Reproducibility-Scanner/benchmarks/growingbugs/framework/bin/defects4j line 195.
Error: run relevant tests: Appformer_uberfire_commons_editor_backend-1f
cat: /tmp/test_d4j_3362914_1658744797/test_trigger/Appformer_uberfire_commons_editor_backend/failing_tests: No such file or directory
grep: /tmp/test_d4j_3362914_1658744797/test_trigger/Appformer_uberfire_commons_editor_backend/failing_tests: No such file or directory
================================================================================
The following errors occurred:
Error: compile: Appformer_uberfire_commons_editor_backend-1b
Error: run relevant tests: Appformer_uberfire_commons_editor_backend-1b
Error: verify number of triggering tests: Appformer_uberfire_commons_editor_backend-1b (expected: 1, actual: 0)
Error: expected triggering test org.uberfire.ext.editor.commons.backend.version.VersionServiceImplTest::restore did not fail
Error: compile: Appformer_uberfire_commons_editor_backend-1f
Error: run relevant tests: Appformer_uberfire_commons_editor_backend-1f
================================================================================
FAILED
