Checking out 7ceb5a6b to /tmp/test_d4j_3328704_1658744063/test_trigger/Bcel OK
Init local repository...................................................... OK
Tag post-fix revision...................................................... OK
Copy generated Ant build file.............................................. OK
Run post-checkout hook..................................................... OK
Excluding broken/flaky tests............................................... OK
Initialize fixed program version........................................... OK
Apply patch................................................................ OK
Initialize buggy program version........................................... OK
Diff 7ceb5a6b:8df53e2e..................................................... OK
Apply patch................................................................ OK
Tag pre-fix revision....................................................... OK
Check out program version: Bcel-5b......................................... OK
Running ant (compile)...................................................... OK
Running ant (compile.tests)................................................ OK
Running ant (compile.tests)................................................ OK
Running ant (run.dev.tests)................................................ OK
Failing tests: 2
  - org.apache.bcel.classfile.ConstantPoolTestCase::testConstantToString
  - org.apache.bcel.util.BCELifierTestCase::testJavapCompare
Error: verify number of triggering tests: Bcel-5b (expected: 1, actual: 2)
Check out program version: Bcel-5f......................................... OK
Running ant (compile)...................................................... OK
Running ant (compile.tests)................................................ OK
Running ant (compile.tests)................................................ OK
Running ant (run.dev.tests)................................................ OK
Failing tests: 1
  - org.apache.bcel.util.BCELifierTestCase::testJavapCompare
Error: verify number of triggering tests: Bcel-5f (expected: 0, actual: 1)
================================================================================
The following errors occurred:
Error: verify number of triggering tests: Bcel-5b (expected: 1, actual: 2)
Error: verify number of triggering tests: Bcel-5f (expected: 0, actual: 1)
================================================================================
FAILED
