Checking out a03ebaf5 to /tmp/test_d4j_3442906_1658747365/test_trigger/Jack OK
Init local repository...................................................... OK
Tag post-fix revision...................................................... OK
Copy generated Ant build file.............................................. OK
Run post-checkout hook..................................................... OK
Excluding broken/flaky tests............................................... OK
Excluding broken/flaky tests............................................... OK
Initialize fixed program version........................................... OK
Apply patch................................................................ OK
Initialize buggy program version........................................... OK
Diff a03ebaf5:53165214..................................................... OK
Apply patch................................................................ OK
Tag pre-fix revision....................................................... OK
Check out program version: Jackrabbit_oak_core-4b.......................... OK
Running ant (compile)...................................................... FAIL
Executed command:  cd /tmp/test_d4j_3442906_1658747365/test_trigger/Jackrabbit_oak_core && /home/user/Workspace/reproducibility/Reproducibility-Scanner/benchmarks/growingbugs/major/bin/ant -f /home/user/Workspace/reproducibility/Reproducibility-Scanner/benchmarks/growingbugs/framework/projects/defects4j.build.xml -Dd4j.home=/home/user/Workspace/reproducibility/Reproducibility-Scanner/benchmarks/growingbugs -Dd4j.dir.projects=/home/user/Workspace/reproducibility/Reproducibility-Scanner/benchmarks/growingbugs/framework/projects -Dbasedir=/tmp/test_d4j_3442906_1658747365/test_trigger/Jackrabbit_oak_core -Dbuild.compiler=javac1.8  compile 2>&1
OpenJDK 64-Bit Server VM warning: ignoring option MaxPermSize=1G; support was removed in 8.0
Buildfile: /home/user/Workspace/reproducibility/Reproducibility-Scanner/benchmarks/growingbugs/framework/projects/defects4j.build.xml

test-offline:

get-deps:

oak-core-from-maven.compile:
    [mkdir] Created dir: /tmp/test_d4j_3442906_1658747365/test_trigger/Jackrabbit_oak_core/target/classes
    [javac] /tmp/test_d4j_3442906_1658747365/test_trigger/Jackrabbit_oak_core/maven-build.xml:156: warning: 'includeantruntime' was not set, defaulting to build.sysclasspath=last; set to false for repeatable builds

BUILD FAILED
/tmp/test_d4j_3442906_1658747365/test_trigger/Jackrabbit_oak_core/maven-build.xml:156: srcdir "/tmp/test_d4j_3442906_1658747365/test_trigger/Jackrabbit_oak_core/src/main/java" does not exist!

Total time: 0 seconds
Cannot compile sources! at /home/user/Workspace/reproducibility/Reproducibility-Scanner/benchmarks/growingbugs/framework/bin/d4j/d4j-compile line 82.
Compilation failed in require at /home/user/Workspace/reproducibility/Reproducibility-Scanner/benchmarks/growingbugs/framework/bin/defects4j line 195.
Error: compile: Jackrabbit_oak_core-4b
Running ant (compile.tests)................................................ FAIL
Executed command:  cd /tmp/test_d4j_3442906_1658747365/test_trigger/Jackrabbit_oak_core && /home/user/Workspace/reproducibility/Reproducibility-Scanner/benchmarks/growingbugs/major/bin/ant -f /home/user/Workspace/reproducibility/Reproducibility-Scanner/benchmarks/growingbugs/framework/projects/defects4j.build.xml -Dd4j.home=/home/user/Workspace/reproducibility/Reproducibility-Scanner/benchmarks/growingbugs -Dd4j.dir.projects=/home/user/Workspace/reproducibility/Reproducibility-Scanner/benchmarks/growingbugs/framework/projects -Dbasedir=/tmp/test_d4j_3442906_1658747365/test_trigger/Jackrabbit_oak_core -Dbuild.compiler=javac1.8  compile.tests 2>&1
OpenJDK 64-Bit Server VM warning: ignoring option MaxPermSize=1G; support was removed in 8.0
Buildfile: /home/user/Workspace/reproducibility/Reproducibility-Scanner/benchmarks/growingbugs/framework/projects/defects4j.build.xml

test-offline:

get-deps:

oak-core-from-maven.compile:
    [javac] /tmp/test_d4j_3442906_1658747365/test_trigger/Jackrabbit_oak_core/maven-build.xml:156: warning: 'includeantruntime' was not set, defaulting to build.sysclasspath=last; set to false for repeatable builds

BUILD FAILED
/tmp/test_d4j_3442906_1658747365/test_trigger/Jackrabbit_oak_core/maven-build.xml:156: srcdir "/tmp/test_d4j_3442906_1658747365/test_trigger/Jackrabbit_oak_core/src/main/java" does not exist!

Total time: 0 seconds
Cannot compile test suite! at /home/user/Workspace/reproducibility/Reproducibility-Scanner/benchmarks/growingbugs/framework/bin/d4j/d4j-test line 130.
Compilation failed in require at /home/user/Workspace/reproducibility/Reproducibility-Scanner/benchmarks/growingbugs/framework/bin/defects4j line 195.
Error: run relevant tests: Jackrabbit_oak_core-4b
cat: /tmp/test_d4j_3442906_1658747365/test_trigger/Jackrabbit_oak_core/failing_tests: No such file or directory
grep: /tmp/test_d4j_3442906_1658747365/test_trigger/Jackrabbit_oak_core/failing_tests: No such file or directory
Error: verify number of triggering tests: Jackrabbit_oak_core-4b (expected: 1, actual: 0)
grep: /tmp/test_d4j_3442906_1658747365/test_trigger/Jackrabbit_oak_core/failing_tests: No such file or directory
Error: expected triggering test org.apache.jackrabbit.oak.security.authorization.accesscontrol.ACLTest::testAddEntriesWithCustomPrincipal did not fail
Check out program version: Jackrabbit_oak_core-4f.......................... OK
Running ant (compile)...................................................... FAIL
Executed command:  cd /tmp/test_d4j_3442906_1658747365/test_trigger/Jackrabbit_oak_core && /home/user/Workspace/reproducibility/Reproducibility-Scanner/benchmarks/growingbugs/major/bin/ant -f /home/user/Workspace/reproducibility/Reproducibility-Scanner/benchmarks/growingbugs/framework/projects/defects4j.build.xml -Dd4j.home=/home/user/Workspace/reproducibility/Reproducibility-Scanner/benchmarks/growingbugs -Dd4j.dir.projects=/home/user/Workspace/reproducibility/Reproducibility-Scanner/benchmarks/growingbugs/framework/projects -Dbasedir=/tmp/test_d4j_3442906_1658747365/test_trigger/Jackrabbit_oak_core -Dbuild.compiler=javac1.8  compile 2>&1
OpenJDK 64-Bit Server VM warning: ignoring option MaxPermSize=1G; support was removed in 8.0
Buildfile: /home/user/Workspace/reproducibility/Reproducibility-Scanner/benchmarks/growingbugs/framework/projects/defects4j.build.xml

test-offline:

get-deps:

oak-core-from-maven.compile:
    [mkdir] Created dir: /tmp/test_d4j_3442906_1658747365/test_trigger/Jackrabbit_oak_core/target/classes
    [javac] /tmp/test_d4j_3442906_1658747365/test_trigger/Jackrabbit_oak_core/maven-build.xml:156: warning: 'includeantruntime' was not set, defaulting to build.sysclasspath=last; set to false for repeatable builds

BUILD FAILED
/tmp/test_d4j_3442906_1658747365/test_trigger/Jackrabbit_oak_core/maven-build.xml:156: srcdir "/tmp/test_d4j_3442906_1658747365/test_trigger/Jackrabbit_oak_core/src/main/java" does not exist!

Total time: 0 seconds
Cannot compile sources! at /home/user/Workspace/reproducibility/Reproducibility-Scanner/benchmarks/growingbugs/framework/bin/d4j/d4j-compile line 82.
Compilation failed in require at /home/user/Workspace/reproducibility/Reproducibility-Scanner/benchmarks/growingbugs/framework/bin/defects4j line 195.
Error: compile: Jackrabbit_oak_core-4f
Running ant (compile.tests)................................................ FAIL
Executed command:  cd /tmp/test_d4j_3442906_1658747365/test_trigger/Jackrabbit_oak_core && /home/user/Workspace/reproducibility/Reproducibility-Scanner/benchmarks/growingbugs/major/bin/ant -f /home/user/Workspace/reproducibility/Reproducibility-Scanner/benchmarks/growingbugs/framework/projects/defects4j.build.xml -Dd4j.home=/home/user/Workspace/reproducibility/Reproducibility-Scanner/benchmarks/growingbugs -Dd4j.dir.projects=/home/user/Workspace/reproducibility/Reproducibility-Scanner/benchmarks/growingbugs/framework/projects -Dbasedir=/tmp/test_d4j_3442906_1658747365/test_trigger/Jackrabbit_oak_core -Dbuild.compiler=javac1.8  compile.tests 2>&1
OpenJDK 64-Bit Server VM warning: ignoring option MaxPermSize=1G; support was removed in 8.0
Buildfile: /home/user/Workspace/reproducibility/Reproducibility-Scanner/benchmarks/growingbugs/framework/projects/defects4j.build.xml

test-offline:

get-deps:

oak-core-from-maven.compile:
    [javac] /tmp/test_d4j_3442906_1658747365/test_trigger/Jackrabbit_oak_core/maven-build.xml:156: warning: 'includeantruntime' was not set, defaulting to build.sysclasspath=last; set to false for repeatable builds

BUILD FAILED
/tmp/test_d4j_3442906_1658747365/test_trigger/Jackrabbit_oak_core/maven-build.xml:156: srcdir "/tmp/test_d4j_3442906_1658747365/test_trigger/Jackrabbit_oak_core/src/main/java" does not exist!

Total time: 0 seconds
Cannot compile test suite! at /home/user/Workspace/reproducibility/Reproducibility-Scanner/benchmarks/growingbugs/framework/bin/d4j/d4j-test line 130.
Compilation failed in require at /home/user/Workspace/reproducibility/Reproducibility-Scanner/benchmarks/growingbugs/framework/bin/defects4j line 195.
Error: run relevant tests: Jackrabbit_oak_core-4f
cat: /tmp/test_d4j_3442906_1658747365/test_trigger/Jackrabbit_oak_core/failing_tests: No such file or directory
grep: /tmp/test_d4j_3442906_1658747365/test_trigger/Jackrabbit_oak_core/failing_tests: No such file or directory
================================================================================
The following errors occurred:
Error: compile: Jackrabbit_oak_core-4b
Error: run relevant tests: Jackrabbit_oak_core-4b
Error: verify number of triggering tests: Jackrabbit_oak_core-4b (expected: 1, actual: 0)
Error: expected triggering test org.apache.jackrabbit.oak.security.authorization.accesscontrol.ACLTest::testAddEntriesWithCustomPrincipal did not fail
Error: compile: Jackrabbit_oak_core-4f
Error: run relevant tests: Jackrabbit_oak_core-4f
================================================================================
FAILED
