Checking out 5dfd86f6 to /tmp/test_d4j_3154105_1658741054/test_trigger/Jack FAIL
Executed command: git clone /home/user/Workspace/reproducibility/Reproducibility-Scanner/benchmarks/growingbugs/project_repos/jackson-databind.git /tmp/test_d4j_3154105_1658741054/test_trigger/JacksonDatabind 2>&1 && cd /tmp/test_d4j_3154105_1658741054/test_trigger/JacksonDatabind && git checkout 5dfd86f6840becb3210a3886d17885529499301d 2>&1
Cloning into '/tmp/test_d4j_3154105_1658741054/test_trigger/JacksonDatabind'...
done.
fatal: reference is not a tree: 5dfd86f6840becb3210a3886d17885529499301d
Cannot checkout program version! at /home/user/Workspace/reproducibility/Reproducibility-Scanner/benchmarks/growingbugs/framework/bin/d4j/d4j-checkout line 102.
Compilation failed in require at /home/user/Workspace/reproducibility/Reproducibility-Scanner/benchmarks/growingbugs/framework/bin/defects4j line 195.
Error: checkout: JacksonDatabind-153b
Cannot open config file (/tmp/test_d4j_3154105_1658741054/test_trigger/JacksonDatabind/.defects4j.config): No such file or directory
/tmp/test_d4j_3154105_1658741054/test_trigger/JacksonDatabind is not a valid working directory!
Error: compile: JacksonDatabind-153b
Cannot open config file (/tmp/test_d4j_3154105_1658741054/test_trigger/JacksonDatabind/.defects4j.config): No such file or directory
/tmp/test_d4j_3154105_1658741054/test_trigger/JacksonDatabind is not a valid working directory!
Error: run relevant tests: JacksonDatabind-153b
cat: /tmp/test_d4j_3154105_1658741054/test_trigger/JacksonDatabind/failing_tests: No such file or directory
grep: /tmp/test_d4j_3154105_1658741054/test_trigger/JacksonDatabind/failing_tests: No such file or directory
Error: verify number of triggering tests: JacksonDatabind-153b (expected: 1, actual: 0)
grep: /tmp/test_d4j_3154105_1658741054/test_trigger/JacksonDatabind/failing_tests: No such file or directory
Error: expected triggering test com.fasterxml.jackson.databind.deser.jdk.EnumDeserializationTest::testEnumToStringNull2309 did not fail
Cannot open config file (/tmp/test_d4j_3154105_1658741054/test_trigger/JacksonDatabind/.defects4j.config): No such file or directory
Directory exists but is not a previously used working directory: /tmp/test_d4j_3154105_1658741054/test_trigger/JacksonDatabind at /home/user/Workspace/reproducibility/Reproducibility-Scanner/benchmarks/growingbugs/framework/core/Vcs.pm line 285.
Compilation failed in require at /home/user/Workspace/reproducibility/Reproducibility-Scanner/benchmarks/growingbugs/framework/bin/defects4j line 195.
Error: checkout: JacksonDatabind-153f
Cannot open config file (/tmp/test_d4j_3154105_1658741054/test_trigger/JacksonDatabind/.defects4j.config): No such file or directory
/tmp/test_d4j_3154105_1658741054/test_trigger/JacksonDatabind is not a valid working directory!
Error: compile: JacksonDatabind-153f
Cannot open config file (/tmp/test_d4j_3154105_1658741054/test_trigger/JacksonDatabind/.defects4j.config): No such file or directory
/tmp/test_d4j_3154105_1658741054/test_trigger/JacksonDatabind is not a valid working directory!
Error: run relevant tests: JacksonDatabind-153f
cat: /tmp/test_d4j_3154105_1658741054/test_trigger/JacksonDatabind/failing_tests: No such file or directory
grep: /tmp/test_d4j_3154105_1658741054/test_trigger/JacksonDatabind/failing_tests: No such file or directory
================================================================================
The following errors occurred:
Error: checkout: JacksonDatabind-153b
Error: compile: JacksonDatabind-153b
Error: run relevant tests: JacksonDatabind-153b
Error: verify number of triggering tests: JacksonDatabind-153b (expected: 1, actual: 0)
Error: expected triggering test com.fasterxml.jackson.databind.deser.jdk.EnumDeserializationTest::testEnumToStringNull2309 did not fail
Error: checkout: JacksonDatabind-153f
Error: compile: JacksonDatabind-153f
Error: run relevant tests: JacksonDatabind-153f
================================================================================
FAILED
