Checking out f2d2c313 to /tmp/test_d4j_3098876_1658740575/test_trigger/Jack OK
Init local repository...................................................... OK
Tag post-fix revision...................................................... OK
Copy generated Ant build file.............................................. OK
Run post-checkout hook..................................................... OK
Excluding broken/flaky tests............................................... OK
Initialize fixed program version........................................... OK
Apply patch................................................................ OK
Initialize buggy program version........................................... OK
Diff f2d2c313:fce83268..................................................... OK
Apply patch................................................................ OK
Tag pre-fix revision....................................................... OK
Check out program version: JacksonDatabind-150b............................ OK
Running ant (compile)...................................................... OK
Running ant (compile.tests)................................................ OK
Running ant (compile.tests)................................................ OK
Running ant (run.dev.tests)................................................ OK
Failing tests: 2
  - com.fasterxml.jackson.databind.module.SimpleModuleTest::testAutoDiscovery
  - com.fasterxml.jackson.databind.module.TestAbstractTypes::testAbstractMappingsFromTwoModules
Error: verify number of triggering tests: JacksonDatabind-150b (expected: 1, actual: 2)
Check out program version: JacksonDatabind-150f............................ OK
Running ant (compile)...................................................... OK
Running ant (compile.tests)................................................ OK
Running ant (compile.tests)................................................ OK
Running ant (run.dev.tests)................................................ OK
Failing tests: 1
  - com.fasterxml.jackson.databind.module.SimpleModuleTest::testAutoDiscovery
Error: verify number of triggering tests: JacksonDatabind-150f (expected: 0, actual: 1)
================================================================================
The following errors occurred:
Error: verify number of triggering tests: JacksonDatabind-150b (expected: 1, actual: 2)
Error: verify number of triggering tests: JacksonDatabind-150f (expected: 0, actual: 1)
================================================================================
FAILED
