Checking out 9e2a4a95 to /tmp/test_d4j_3154052_1658741054/test_trigger/Jack FAIL
Executed command: git clone /home/user/Workspace/reproducibility/Reproducibility-Scanner/benchmarks/growingbugs/project_repos/jackson-databind.git /tmp/test_d4j_3154052_1658741054/test_trigger/JacksonDatabind 2>&1 && cd /tmp/test_d4j_3154052_1658741054/test_trigger/JacksonDatabind && git checkout 9e2a4a95c4083d9386130aad42b676d92b3bfb43 2>&1
Cloning into '/tmp/test_d4j_3154052_1658741054/test_trigger/JacksonDatabind'...
done.
fatal: reference is not a tree: 9e2a4a95c4083d9386130aad42b676d92b3bfb43
Cannot checkout program version! at /home/user/Workspace/reproducibility/Reproducibility-Scanner/benchmarks/growingbugs/framework/bin/d4j/d4j-checkout line 102.
Compilation failed in require at /home/user/Workspace/reproducibility/Reproducibility-Scanner/benchmarks/growingbugs/framework/bin/defects4j line 195.
Error: checkout: JacksonDatabind-152b
Cannot open config file (/tmp/test_d4j_3154052_1658741054/test_trigger/JacksonDatabind/.defects4j.config): No such file or directory
/tmp/test_d4j_3154052_1658741054/test_trigger/JacksonDatabind is not a valid working directory!
Error: compile: JacksonDatabind-152b
Cannot open config file (/tmp/test_d4j_3154052_1658741054/test_trigger/JacksonDatabind/.defects4j.config): No such file or directory
/tmp/test_d4j_3154052_1658741054/test_trigger/JacksonDatabind is not a valid working directory!
Error: run relevant tests: JacksonDatabind-152b
cat: /tmp/test_d4j_3154052_1658741054/test_trigger/JacksonDatabind/failing_tests: No such file or directory
grep: /tmp/test_d4j_3154052_1658741054/test_trigger/JacksonDatabind/failing_tests: No such file or directory
Error: verify number of triggering tests: JacksonDatabind-152b (expected: 1, actual: 0)
grep: /tmp/test_d4j_3154052_1658741054/test_trigger/JacksonDatabind/failing_tests: No such file or directory
Error: expected triggering test com.fasterxml.jackson.databind.module.SimpleModuleTest::testGetRegisteredModules did not fail
Cannot open config file (/tmp/test_d4j_3154052_1658741054/test_trigger/JacksonDatabind/.defects4j.config): No such file or directory
Directory exists but is not a previously used working directory: /tmp/test_d4j_3154052_1658741054/test_trigger/JacksonDatabind at /home/user/Workspace/reproducibility/Reproducibility-Scanner/benchmarks/growingbugs/framework/core/Vcs.pm line 285.
Compilation failed in require at /home/user/Workspace/reproducibility/Reproducibility-Scanner/benchmarks/growingbugs/framework/bin/defects4j line 195.
Error: checkout: JacksonDatabind-152f
Cannot open config file (/tmp/test_d4j_3154052_1658741054/test_trigger/JacksonDatabind/.defects4j.config): No such file or directory
/tmp/test_d4j_3154052_1658741054/test_trigger/JacksonDatabind is not a valid working directory!
Error: compile: JacksonDatabind-152f
Cannot open config file (/tmp/test_d4j_3154052_1658741054/test_trigger/JacksonDatabind/.defects4j.config): No such file or directory
/tmp/test_d4j_3154052_1658741054/test_trigger/JacksonDatabind is not a valid working directory!
Error: run relevant tests: JacksonDatabind-152f
cat: /tmp/test_d4j_3154052_1658741054/test_trigger/JacksonDatabind/failing_tests: No such file or directory
grep: /tmp/test_d4j_3154052_1658741054/test_trigger/JacksonDatabind/failing_tests: No such file or directory
================================================================================
The following errors occurred:
Error: checkout: JacksonDatabind-152b
Error: compile: JacksonDatabind-152b
Error: run relevant tests: JacksonDatabind-152b
Error: verify number of triggering tests: JacksonDatabind-152b (expected: 1, actual: 0)
Error: expected triggering test com.fasterxml.jackson.databind.module.SimpleModuleTest::testGetRegisteredModules did not fail
Error: checkout: JacksonDatabind-152f
Error: compile: JacksonDatabind-152f
Error: run relevant tests: JacksonDatabind-152f
================================================================================
FAILED
