Checking out 13a7490d to /tmp/test_d4j_3056976_1658739936/test_trigger/Jack OK
Init local repository...................................................... OK
Tag post-fix revision...................................................... OK
Copy generated Ant build file.............................................. OK
Run post-checkout hook..................................................... OK
Excluding broken/flaky tests............................................... OK
Initialize fixed program version........................................... OK
Apply patch................................................................ OK
Initialize buggy program version........................................... OK
Diff 13a7490d:881f9209..................................................... OK
Apply patch................................................................ OK
Tag pre-fix revision....................................................... OK
Check out program version: JacksonDatabind-147b............................ OK
Running ant (compile)...................................................... OK
Running ant (compile.tests)................................................ OK
Running ant (compile.tests)................................................ OK
Running ant (run.dev.tests)................................................ OK
Failing tests: 2
  - com.fasterxml.jackson.databind.introspect.AutoDetect1947Test::testDisablingAll
  - com.fasterxml.jackson.databind.module.SimpleModuleTest::testAutoDiscovery
Error: verify number of triggering tests: JacksonDatabind-147b (expected: 1, actual: 2)
Check out program version: JacksonDatabind-147f............................ OK
Running ant (compile)...................................................... OK
Running ant (compile.tests)................................................ OK
Running ant (compile.tests)................................................ OK
Running ant (run.dev.tests)................................................ OK
Failing tests: 1
  - com.fasterxml.jackson.databind.module.SimpleModuleTest::testAutoDiscovery
Error: verify number of triggering tests: JacksonDatabind-147f (expected: 0, actual: 1)
================================================================================
The following errors occurred:
Error: verify number of triggering tests: JacksonDatabind-147b (expected: 1, actual: 2)
Error: verify number of triggering tests: JacksonDatabind-147f (expected: 0, actual: 1)
================================================================================
FAILED
