Checking out 2ce0bf3d to /tmp/test_d4j_3205001_1658742207/test_trigger/Jbos OK
Init local repository...................................................... OK
Tag post-fix revision...................................................... OK
Copy generated Ant build file.............................................. OK
Run post-checkout hook..................................................... OK
Excluding broken/flaky tests............................................... OK
Initialize fixed program version........................................... OK
Apply patch................................................................ OK
Initialize buggy program version........................................... OK
Diff 2ce0bf3d:48e8b865..................................................... OK
Apply patch................................................................ OK
Tag pre-fix revision....................................................... OK
Check out program version: Jboss_modules-4b................................ OK
Running ant (compile)...................................................... OK
Running ant (compile.tests)................................................ OK
Running ant (compile.tests)................................................ OK
Running ant (run.dev.tests)................................................ OK
Failing tests: 3
  - org.jboss.modules.SymlinkResourceLoaderTest::testIndexPaths
  - org.jboss.modules.SymlinkResourceLoaderTest::testIterateResourcesRoot
  - org.jboss.modules.SymlinkResourceLoaderTest::testIterateResourcesRootRecursive
Check out program version: Jboss_modules-4f................................ OK
Running ant (compile)...................................................... OK
Running ant (compile.tests)................................................ OK
Running ant (compile.tests)................................................ OK
Running ant (run.dev.tests)................................................ OK
Failing tests: 0
================================================================================
PASSED
