Checking out d70baf13 to /tmp/test_d4j_3405857_1658746865/test_trigger/Lang FAIL
Executed command: git clone /home/user/Workspace/reproducibility/Reproducibility-Scanner/benchmarks/growingbugs/project_repos/commons-lang.git /tmp/test_d4j_3405857_1658746865/test_trigger/Lang 2>&1 && cd /tmp/test_d4j_3405857_1658746865/test_trigger/Lang && git checkout d70baf13700b6cbe664249322559b64dc44303c2 2>&1
Cloning into '/tmp/test_d4j_3405857_1658746865/test_trigger/Lang'...
done.
fatal: reference is not a tree: d70baf13700b6cbe664249322559b64dc44303c2
Cannot checkout program version! at /home/user/Workspace/reproducibility/Reproducibility-Scanner/benchmarks/growingbugs/framework/bin/d4j/d4j-checkout line 102.
Compilation failed in require at /home/user/Workspace/reproducibility/Reproducibility-Scanner/benchmarks/growingbugs/framework/bin/defects4j line 195.
Error: checkout: Lang-69b
Cannot open config file (/tmp/test_d4j_3405857_1658746865/test_trigger/Lang/.defects4j.config): No such file or directory
/tmp/test_d4j_3405857_1658746865/test_trigger/Lang is not a valid working directory!
Error: compile: Lang-69b
Cannot open config file (/tmp/test_d4j_3405857_1658746865/test_trigger/Lang/.defects4j.config): No such file or directory
/tmp/test_d4j_3405857_1658746865/test_trigger/Lang is not a valid working directory!
Error: run relevant tests: Lang-69b
cat: /tmp/test_d4j_3405857_1658746865/test_trigger/Lang/failing_tests: No such file or directory
grep: /tmp/test_d4j_3405857_1658746865/test_trigger/Lang/failing_tests: No such file or directory
Error: verify number of triggering tests: Lang-69b (expected: 1, actual: 0)
grep: /tmp/test_d4j_3405857_1658746865/test_trigger/Lang/failing_tests: No such file or directory
Error: expected triggering test org.apache.commons.lang3.text.translate.NumericEntityUnescaperTest::testUnfinishedEntity did not fail
Cannot open config file (/tmp/test_d4j_3405857_1658746865/test_trigger/Lang/.defects4j.config): No such file or directory
Directory exists but is not a previously used working directory: /tmp/test_d4j_3405857_1658746865/test_trigger/Lang at /home/user/Workspace/reproducibility/Reproducibility-Scanner/benchmarks/growingbugs/framework/core/Vcs.pm line 285.
Compilation failed in require at /home/user/Workspace/reproducibility/Reproducibility-Scanner/benchmarks/growingbugs/framework/bin/defects4j line 195.
Error: checkout: Lang-69f
Cannot open config file (/tmp/test_d4j_3405857_1658746865/test_trigger/Lang/.defects4j.config): No such file or directory
/tmp/test_d4j_3405857_1658746865/test_trigger/Lang is not a valid working directory!
Error: compile: Lang-69f
Cannot open config file (/tmp/test_d4j_3405857_1658746865/test_trigger/Lang/.defects4j.config): No such file or directory
/tmp/test_d4j_3405857_1658746865/test_trigger/Lang is not a valid working directory!
Error: run relevant tests: Lang-69f
cat: /tmp/test_d4j_3405857_1658746865/test_trigger/Lang/failing_tests: No such file or directory
grep: /tmp/test_d4j_3405857_1658746865/test_trigger/Lang/failing_tests: No such file or directory
================================================================================
The following errors occurred:
Error: checkout: Lang-69b
Error: compile: Lang-69b
Error: run relevant tests: Lang-69b
Error: verify number of triggering tests: Lang-69b (expected: 1, actual: 0)
Error: expected triggering test org.apache.commons.lang3.text.translate.NumericEntityUnescaperTest::testUnfinishedEntity did not fail
Error: checkout: Lang-69f
Error: compile: Lang-69f
Error: run relevant tests: Lang-69f
================================================================================
FAILED
