Checking out 0880a21c to /tmp/test_d4j_3428853_1658747106/test_trigger/Math FAIL
Executed command: git clone /home/user/Workspace/reproducibility/Reproducibility-Scanner/benchmarks/growingbugs/project_repos/commons-math.git /tmp/test_d4j_3428853_1658747106/test_trigger/Math 2>&1 && cd /tmp/test_d4j_3428853_1658747106/test_trigger/Math && git checkout 0880a21c56cec1a2442b5123c3845bfc99e83a7f 2>&1
Cloning into '/tmp/test_d4j_3428853_1658747106/test_trigger/Math'...
done.
fatal: reference is not a tree: 0880a21c56cec1a2442b5123c3845bfc99e83a7f
Cannot checkout program version! at /home/user/Workspace/reproducibility/Reproducibility-Scanner/benchmarks/growingbugs/framework/bin/d4j/d4j-checkout line 102.
Compilation failed in require at /home/user/Workspace/reproducibility/Reproducibility-Scanner/benchmarks/growingbugs/framework/bin/defects4j line 195.
Error: checkout: Math-1b
Cannot open config file (/tmp/test_d4j_3428853_1658747106/test_trigger/Math/.defects4j.config): No such file or directory
/tmp/test_d4j_3428853_1658747106/test_trigger/Math is not a valid working directory!
Error: compile: Math-1b
Cannot open config file (/tmp/test_d4j_3428853_1658747106/test_trigger/Math/.defects4j.config): No such file or directory
/tmp/test_d4j_3428853_1658747106/test_trigger/Math is not a valid working directory!
Error: run relevant tests: Math-1b
cat: /tmp/test_d4j_3428853_1658747106/test_trigger/Math/failing_tests: No such file or directory
grep: /tmp/test_d4j_3428853_1658747106/test_trigger/Math/failing_tests: No such file or directory
Error: verify number of triggering tests: Math-1b (expected: 1, actual: 0)
grep: /tmp/test_d4j_3428853_1658747106/test_trigger/Math/failing_tests: No such file or directory
Error: expected triggering test org.apache.commons.math4.distribution.HypergeometricDistributionTest::testMath1356 did not fail
Cannot open config file (/tmp/test_d4j_3428853_1658747106/test_trigger/Math/.defects4j.config): No such file or directory
Directory exists but is not a previously used working directory: /tmp/test_d4j_3428853_1658747106/test_trigger/Math at /home/user/Workspace/reproducibility/Reproducibility-Scanner/benchmarks/growingbugs/framework/core/Vcs.pm line 285.
Compilation failed in require at /home/user/Workspace/reproducibility/Reproducibility-Scanner/benchmarks/growingbugs/framework/bin/defects4j line 195.
Error: checkout: Math-1f
Cannot open config file (/tmp/test_d4j_3428853_1658747106/test_trigger/Math/.defects4j.config): No such file or directory
/tmp/test_d4j_3428853_1658747106/test_trigger/Math is not a valid working directory!
Error: compile: Math-1f
Cannot open config file (/tmp/test_d4j_3428853_1658747106/test_trigger/Math/.defects4j.config): No such file or directory
/tmp/test_d4j_3428853_1658747106/test_trigger/Math is not a valid working directory!
Error: run relevant tests: Math-1f
cat: /tmp/test_d4j_3428853_1658747106/test_trigger/Math/failing_tests: No such file or directory
grep: /tmp/test_d4j_3428853_1658747106/test_trigger/Math/failing_tests: No such file or directory
================================================================================
The following errors occurred:
Error: checkout: Math-1b
Error: compile: Math-1b
Error: run relevant tests: Math-1b
Error: verify number of triggering tests: Math-1b (expected: 1, actual: 0)
Error: expected triggering test org.apache.commons.math4.distribution.HypergeometricDistributionTest::testMath1356 did not fail
Error: checkout: Math-1f
Error: compile: Math-1f
Error: run relevant tests: Math-1f
================================================================================
FAILED
