Checking out 9e0c5ad4 to /tmp/test_d4j_3429073_1658747109/test_trigger/Math FAIL
Executed command: git clone /home/user/Workspace/reproducibility/Reproducibility-Scanner/benchmarks/growingbugs/project_repos/commons-math.git /tmp/test_d4j_3429073_1658747109/test_trigger/Math 2>&1 && cd /tmp/test_d4j_3429073_1658747109/test_trigger/Math && git checkout 9e0c5ad4b3148f42f3940faf7d67b305e34bef0d 2>&1
Cloning into '/tmp/test_d4j_3429073_1658747109/test_trigger/Math'...
done.
fatal: reference is not a tree: 9e0c5ad4b3148f42f3940faf7d67b305e34bef0d
Cannot checkout program version! at /home/user/Workspace/reproducibility/Reproducibility-Scanner/benchmarks/growingbugs/framework/bin/d4j/d4j-checkout line 102.
Compilation failed in require at /home/user/Workspace/reproducibility/Reproducibility-Scanner/benchmarks/growingbugs/framework/bin/defects4j line 195.
Error: checkout: Math-5b
Cannot open config file (/tmp/test_d4j_3429073_1658747109/test_trigger/Math/.defects4j.config): No such file or directory
/tmp/test_d4j_3429073_1658747109/test_trigger/Math is not a valid working directory!
Error: compile: Math-5b
Cannot open config file (/tmp/test_d4j_3429073_1658747109/test_trigger/Math/.defects4j.config): No such file or directory
/tmp/test_d4j_3429073_1658747109/test_trigger/Math is not a valid working directory!
Error: run relevant tests: Math-5b
cat: /tmp/test_d4j_3429073_1658747109/test_trigger/Math/failing_tests: No such file or directory
grep: /tmp/test_d4j_3429073_1658747109/test_trigger/Math/failing_tests: No such file or directory
Error: verify number of triggering tests: Math-5b (expected: 1, actual: 0)
grep: /tmp/test_d4j_3429073_1658747109/test_trigger/Math/failing_tests: No such file or directory
Error: expected triggering test org.apache.commons.math4.special.GammaTest::testGammaNegativeDouble did not fail
Cannot open config file (/tmp/test_d4j_3429073_1658747109/test_trigger/Math/.defects4j.config): No such file or directory
Directory exists but is not a previously used working directory: /tmp/test_d4j_3429073_1658747109/test_trigger/Math at /home/user/Workspace/reproducibility/Reproducibility-Scanner/benchmarks/growingbugs/framework/core/Vcs.pm line 285.
Compilation failed in require at /home/user/Workspace/reproducibility/Reproducibility-Scanner/benchmarks/growingbugs/framework/bin/defects4j line 195.
Error: checkout: Math-5f
Cannot open config file (/tmp/test_d4j_3429073_1658747109/test_trigger/Math/.defects4j.config): No such file or directory
/tmp/test_d4j_3429073_1658747109/test_trigger/Math is not a valid working directory!
Error: compile: Math-5f
Cannot open config file (/tmp/test_d4j_3429073_1658747109/test_trigger/Math/.defects4j.config): No such file or directory
/tmp/test_d4j_3429073_1658747109/test_trigger/Math is not a valid working directory!
Error: run relevant tests: Math-5f
cat: /tmp/test_d4j_3429073_1658747109/test_trigger/Math/failing_tests: No such file or directory
grep: /tmp/test_d4j_3429073_1658747109/test_trigger/Math/failing_tests: No such file or directory
================================================================================
The following errors occurred:
Error: checkout: Math-5b
Error: compile: Math-5b
Error: run relevant tests: Math-5b
Error: verify number of triggering tests: Math-5b (expected: 1, actual: 0)
Error: expected triggering test org.apache.commons.math4.special.GammaTest::testGammaNegativeDouble did not fail
Error: checkout: Math-5f
Error: compile: Math-5f
Error: run relevant tests: Math-5f
================================================================================
FAILED
