Checking out 471e6b07 to /tmp/test_d4j_3429456_1658747114/test_trigger/Math FAIL
Executed command: git clone /home/user/Workspace/reproducibility/Reproducibility-Scanner/benchmarks/growingbugs/project_repos/commons-math.git /tmp/test_d4j_3429456_1658747114/test_trigger/Math 2>&1 && cd /tmp/test_d4j_3429456_1658747114/test_trigger/Math && git checkout 471e6b078a7891aea99b77f200e828a7b1c9bc00 2>&1
Cloning into '/tmp/test_d4j_3429456_1658747114/test_trigger/Math'...
done.
fatal: reference is not a tree: 471e6b078a7891aea99b77f200e828a7b1c9bc00
Cannot checkout program version! at /home/user/Workspace/reproducibility/Reproducibility-Scanner/benchmarks/growingbugs/framework/bin/d4j/d4j-checkout line 102.
Compilation failed in require at /home/user/Workspace/reproducibility/Reproducibility-Scanner/benchmarks/growingbugs/framework/bin/defects4j line 195.
Error: checkout: Math-12b
Cannot open config file (/tmp/test_d4j_3429456_1658747114/test_trigger/Math/.defects4j.config): No such file or directory
/tmp/test_d4j_3429456_1658747114/test_trigger/Math is not a valid working directory!
Error: compile: Math-12b
Cannot open config file (/tmp/test_d4j_3429456_1658747114/test_trigger/Math/.defects4j.config): No such file or directory
/tmp/test_d4j_3429456_1658747114/test_trigger/Math is not a valid working directory!
Error: run relevant tests: Math-12b
cat: /tmp/test_d4j_3429456_1658747114/test_trigger/Math/failing_tests: No such file or directory
grep: /tmp/test_d4j_3429456_1658747114/test_trigger/Math/failing_tests: No such file or directory
Error: verify number of triggering tests: Math-12b (expected: 2, actual: 0)
grep: /tmp/test_d4j_3429456_1658747114/test_trigger/Math/failing_tests: No such file or directory
Error: expected triggering test org.apache.commons.math4.special.GammaTest::testTrigammaNonRealArgs did not fail
grep: /tmp/test_d4j_3429456_1658747114/test_trigger/Math/failing_tests: No such file or directory
Error: expected triggering test org.apache.commons.math4.special.GammaTest::testDigammaNonRealArgs did not fail
Cannot open config file (/tmp/test_d4j_3429456_1658747114/test_trigger/Math/.defects4j.config): No such file or directory
Directory exists but is not a previously used working directory: /tmp/test_d4j_3429456_1658747114/test_trigger/Math at /home/user/Workspace/reproducibility/Reproducibility-Scanner/benchmarks/growingbugs/framework/core/Vcs.pm line 285.
Compilation failed in require at /home/user/Workspace/reproducibility/Reproducibility-Scanner/benchmarks/growingbugs/framework/bin/defects4j line 195.
Error: checkout: Math-12f
Cannot open config file (/tmp/test_d4j_3429456_1658747114/test_trigger/Math/.defects4j.config): No such file or directory
/tmp/test_d4j_3429456_1658747114/test_trigger/Math is not a valid working directory!
Error: compile: Math-12f
Cannot open config file (/tmp/test_d4j_3429456_1658747114/test_trigger/Math/.defects4j.config): No such file or directory
/tmp/test_d4j_3429456_1658747114/test_trigger/Math is not a valid working directory!
Error: run relevant tests: Math-12f
cat: /tmp/test_d4j_3429456_1658747114/test_trigger/Math/failing_tests: No such file or directory
grep: /tmp/test_d4j_3429456_1658747114/test_trigger/Math/failing_tests: No such file or directory
================================================================================
The following errors occurred:
Error: checkout: Math-12b
Error: compile: Math-12b
Error: run relevant tests: Math-12b
Error: verify number of triggering tests: Math-12b (expected: 2, actual: 0)
Error: expected triggering test org.apache.commons.math4.special.GammaTest::testTrigammaNonRealArgs did not fail
Error: expected triggering test org.apache.commons.math4.special.GammaTest::testDigammaNonRealArgs did not fail
Error: checkout: Math-12f
Error: compile: Math-12f
Error: run relevant tests: Math-12f
================================================================================
FAILED
