Checking out 03178c8b to /tmp/test_d4j_3429294_1658747112/test_trigger/Math FAIL
Executed command: git clone /home/user/Workspace/reproducibility/Reproducibility-Scanner/benchmarks/growingbugs/project_repos/commons-math.git /tmp/test_d4j_3429294_1658747112/test_trigger/Math 2>&1 && cd /tmp/test_d4j_3429294_1658747112/test_trigger/Math && git checkout 03178c8b15f1b522b98ded0f83cfb0e79f5ec4d3 2>&1
Cloning into '/tmp/test_d4j_3429294_1658747112/test_trigger/Math'...
done.
fatal: reference is not a tree: 03178c8b15f1b522b98ded0f83cfb0e79f5ec4d3
Cannot checkout program version! at /home/user/Workspace/reproducibility/Reproducibility-Scanner/benchmarks/growingbugs/framework/bin/d4j/d4j-checkout line 102.
Compilation failed in require at /home/user/Workspace/reproducibility/Reproducibility-Scanner/benchmarks/growingbugs/framework/bin/defects4j line 195.
Error: checkout: Math-9b
Cannot open config file (/tmp/test_d4j_3429294_1658747112/test_trigger/Math/.defects4j.config): No such file or directory
/tmp/test_d4j_3429294_1658747112/test_trigger/Math is not a valid working directory!
Error: compile: Math-9b
Cannot open config file (/tmp/test_d4j_3429294_1658747112/test_trigger/Math/.defects4j.config): No such file or directory
/tmp/test_d4j_3429294_1658747112/test_trigger/Math is not a valid working directory!
Error: run relevant tests: Math-9b
cat: /tmp/test_d4j_3429294_1658747112/test_trigger/Math/failing_tests: No such file or directory
grep: /tmp/test_d4j_3429294_1658747112/test_trigger/Math/failing_tests: No such file or directory
Error: verify number of triggering tests: Math-9b (expected: 1, actual: 0)
grep: /tmp/test_d4j_3429294_1658747112/test_trigger/Math/failing_tests: No such file or directory
Error: expected triggering test org.apache.commons.math4.distribution.NormalDistributionTest::testCumulativeProbability did not fail
Cannot open config file (/tmp/test_d4j_3429294_1658747112/test_trigger/Math/.defects4j.config): No such file or directory
Directory exists but is not a previously used working directory: /tmp/test_d4j_3429294_1658747112/test_trigger/Math at /home/user/Workspace/reproducibility/Reproducibility-Scanner/benchmarks/growingbugs/framework/core/Vcs.pm line 285.
Compilation failed in require at /home/user/Workspace/reproducibility/Reproducibility-Scanner/benchmarks/growingbugs/framework/bin/defects4j line 195.
Error: checkout: Math-9f
Cannot open config file (/tmp/test_d4j_3429294_1658747112/test_trigger/Math/.defects4j.config): No such file or directory
/tmp/test_d4j_3429294_1658747112/test_trigger/Math is not a valid working directory!
Error: compile: Math-9f
Cannot open config file (/tmp/test_d4j_3429294_1658747112/test_trigger/Math/.defects4j.config): No such file or directory
/tmp/test_d4j_3429294_1658747112/test_trigger/Math is not a valid working directory!
Error: run relevant tests: Math-9f
cat: /tmp/test_d4j_3429294_1658747112/test_trigger/Math/failing_tests: No such file or directory
grep: /tmp/test_d4j_3429294_1658747112/test_trigger/Math/failing_tests: No such file or directory
================================================================================
The following errors occurred:
Error: checkout: Math-9b
Error: compile: Math-9b
Error: run relevant tests: Math-9b
Error: verify number of triggering tests: Math-9b (expected: 1, actual: 0)
Error: expected triggering test org.apache.commons.math4.distribution.NormalDistributionTest::testCumulativeProbability did not fail
Error: checkout: Math-9f
Error: compile: Math-9f
Error: run relevant tests: Math-9f
================================================================================
FAILED
