Checking out 6ab3cde4 to /tmp/test_d4j_3234095_1658742751/test_trigger/MSha OK
Init local repository...................................................... OK
Tag post-fix revision...................................................... OK
Copy generated Ant build file.............................................. OK
Run post-checkout hook..................................................... OK
Excluding broken/flaky tests............................................... OK
Initialize fixed program version........................................... OK
Apply patch................................................................ OK
Initialize buggy program version........................................... OK
Diff 6ab3cde4:99d436d4..................................................... OK
Apply patch................................................................ OK
Tag pre-fix revision....................................................... OK
Check out program version: MShade-3b....................................... OK
Running ant (compile)...................................................... OK
Running ant (compile.tests)................................................ OK
Running ant (compile.tests)................................................ OK
Running ant (run.dev.tests)................................................ OK
Failing tests: 2
  - org.apache.maven.plugins.shade.relocation.SimpleRelocatorTest::testCanRelocateClass
  - org.apache.maven.plugins.shade.relocation.SimpleRelocatorTest::testCanRelocatePath
Check out program version: MShade-3f....................................... OK
Running ant (compile)...................................................... OK
Running ant (compile.tests)................................................ OK
Running ant (compile.tests)................................................ OK
Running ant (run.dev.tests)................................................ OK
Failing tests: 0
================================================================================
PASSED
