Checking out 90ea8aca to /tmp/test_d4j_2320031_1658730126/test_trigger/Pool OK
Init local repository...................................................... OK
Tag post-fix revision...................................................... OK
Run post-checkout hook..................................................... OK
Excluding broken/flaky tests............................................... OK
Excluding broken/flaky tests............................................... OK
Initialize fixed program version........................................... OK
Apply patch................................................................ OK
Initialize buggy program version........................................... OK
Diff 90ea8aca:c2ef042a..................................................... OK
Apply patch................................................................ OK
Tag pre-fix revision....................................................... OK
Check out program version: Pool-7b......................................... OK
Running ant (compile)...................................................... OK
Running ant (compile.tests)................................................ OK
Running ant (compile.tests)................................................ OK
Running ant (run.dev.tests)................................................ OK
Failing tests: 1
  - org.apache.commons.pool2.impl.TestGenericObjectPool::testConcurrentInvalidate
Error: verify number of triggering tests: Pool-7b (expected: 2, actual: 1)
Error: expected triggering test org.apache.commons.pool2.impl.TestGenericKeyedObjectPool::testConcurrentInvalidate did not fail
Check out program version: Pool-7f......................................... OK
Running ant (compile)...................................................... OK
Running ant (compile.tests)................................................ OK
Running ant (compile.tests)................................................ OK
Running ant (run.dev.tests)................................................ OK
Failing tests: 0
================================================================================
The following errors occurred:
Error: verify number of triggering tests: Pool-7b (expected: 2, actual: 1)
Error: expected triggering test org.apache.commons.pool2.impl.TestGenericKeyedObjectPool::testConcurrentInvalidate did not fail
================================================================================
FAILED
