Checking out 46b83ed3 to /tmp/test_d4j_3290558_1658743347/test_trigger/Rdf4 OK
Init local repository...................................................... OK
Tag post-fix revision...................................................... OK
Copy generated Ant build file.............................................. OK
Run post-checkout hook..................................................... OK
Excluding broken/flaky tests............................................... OK
Initialize fixed program version........................................... OK
Apply patch................................................................ OK
Initialize buggy program version........................................... OK
Diff 46b83ed3:e2190d8a..................................................... OK
Apply patch................................................................ OK
Tag pre-fix revision....................................................... OK
Check out program version: Rdf4j_rio_turtle-3b............................. OK
Running ant (compile)...................................................... FAIL
Executed command:  cd /tmp/test_d4j_3290558_1658743347/test_trigger/Rdf4j_rio_turtle && /home/user/Workspace/reproducibility/Reproducibility-Scanner/benchmarks/growingbugs/major/bin/ant -f /home/user/Workspace/reproducibility/Reproducibility-Scanner/benchmarks/growingbugs/framework/projects/defects4j.build.xml -Dd4j.home=/home/user/Workspace/reproducibility/Reproducibility-Scanner/benchmarks/growingbugs -Dd4j.dir.projects=/home/user/Workspace/reproducibility/Reproducibility-Scanner/benchmarks/growingbugs/framework/projects -Dbasedir=/tmp/test_d4j_3290558_1658743347/test_trigger/Rdf4j_rio_turtle -Dbuild.compiler=javac1.8  compile 2>&1
OpenJDK 64-Bit Server VM warning: ignoring option MaxPermSize=1G; support was removed in 8.0
Buildfile: /home/user/Workspace/reproducibility/Reproducibility-Scanner/benchmarks/growingbugs/framework/projects/defects4j.build.xml

test-offline:

get-deps:

compile:
    [mkdir] Created dir: /tmp/test_d4j_3290558_1658743347/test_trigger/Rdf4j_rio_turtle/target/classes
    [javac] /tmp/test_d4j_3290558_1658743347/test_trigger/Rdf4j_rio_turtle/maven-build.xml:128: warning: 'includeantruntime' was not set, defaulting to build.sysclasspath=last; set to false for repeatable builds

BUILD FAILED
/tmp/test_d4j_3290558_1658743347/test_trigger/Rdf4j_rio_turtle/maven-build.xml:128: srcdir "/tmp/test_d4j_3290558_1658743347/test_trigger/Rdf4j_rio_turtle/src/main/java" does not exist!

Total time: 0 seconds
Cannot compile sources! at /home/user/Workspace/reproducibility/Reproducibility-Scanner/benchmarks/growingbugs/framework/bin/d4j/d4j-compile line 82.
Compilation failed in require at /home/user/Workspace/reproducibility/Reproducibility-Scanner/benchmarks/growingbugs/framework/bin/defects4j line 195.
Error: compile: Rdf4j_rio_turtle-3b
Running ant (compile.tests)................................................ FAIL
Executed command:  cd /tmp/test_d4j_3290558_1658743347/test_trigger/Rdf4j_rio_turtle && /home/user/Workspace/reproducibility/Reproducibility-Scanner/benchmarks/growingbugs/major/bin/ant -f /home/user/Workspace/reproducibility/Reproducibility-Scanner/benchmarks/growingbugs/framework/projects/defects4j.build.xml -Dd4j.home=/home/user/Workspace/reproducibility/Reproducibility-Scanner/benchmarks/growingbugs -Dd4j.dir.projects=/home/user/Workspace/reproducibility/Reproducibility-Scanner/benchmarks/growingbugs/framework/projects -Dbasedir=/tmp/test_d4j_3290558_1658743347/test_trigger/Rdf4j_rio_turtle -Dbuild.compiler=javac1.8  compile.tests 2>&1
OpenJDK 64-Bit Server VM warning: ignoring option MaxPermSize=1G; support was removed in 8.0
Buildfile: /home/user/Workspace/reproducibility/Reproducibility-Scanner/benchmarks/growingbugs/framework/projects/defects4j.build.xml

test-offline:

get-deps:

compile:
    [javac] /tmp/test_d4j_3290558_1658743347/test_trigger/Rdf4j_rio_turtle/maven-build.xml:128: warning: 'includeantruntime' was not set, defaulting to build.sysclasspath=last; set to false for repeatable builds

BUILD FAILED
/tmp/test_d4j_3290558_1658743347/test_trigger/Rdf4j_rio_turtle/maven-build.xml:128: srcdir "/tmp/test_d4j_3290558_1658743347/test_trigger/Rdf4j_rio_turtle/src/main/java" does not exist!

Total time: 0 seconds
Cannot compile test suite! at /home/user/Workspace/reproducibility/Reproducibility-Scanner/benchmarks/growingbugs/framework/bin/d4j/d4j-test line 130.
Compilation failed in require at /home/user/Workspace/reproducibility/Reproducibility-Scanner/benchmarks/growingbugs/framework/bin/defects4j line 195.
Error: run relevant tests: Rdf4j_rio_turtle-3b
cat: /tmp/test_d4j_3290558_1658743347/test_trigger/Rdf4j_rio_turtle/failing_tests: No such file or directory
grep: /tmp/test_d4j_3290558_1658743347/test_trigger/Rdf4j_rio_turtle/failing_tests: No such file or directory
Error: verify number of triggering tests: Rdf4j_rio_turtle-3b (expected: 1, actual: 0)
grep: /tmp/test_d4j_3290558_1658743347/test_trigger/Rdf4j_rio_turtle/failing_tests: No such file or directory
Error: expected triggering test org.eclipse.rdf4j.rio.turtle.ArrangedWriterTest::testWriteSingleStatementWithSubjectNamespace did not fail
Check out program version: Rdf4j_rio_turtle-3f............................. OK
Running ant (compile)...................................................... FAIL
Executed command:  cd /tmp/test_d4j_3290558_1658743347/test_trigger/Rdf4j_rio_turtle && /home/user/Workspace/reproducibility/Reproducibility-Scanner/benchmarks/growingbugs/major/bin/ant -f /home/user/Workspace/reproducibility/Reproducibility-Scanner/benchmarks/growingbugs/framework/projects/defects4j.build.xml -Dd4j.home=/home/user/Workspace/reproducibility/Reproducibility-Scanner/benchmarks/growingbugs -Dd4j.dir.projects=/home/user/Workspace/reproducibility/Reproducibility-Scanner/benchmarks/growingbugs/framework/projects -Dbasedir=/tmp/test_d4j_3290558_1658743347/test_trigger/Rdf4j_rio_turtle -Dbuild.compiler=javac1.8  compile 2>&1
OpenJDK 64-Bit Server VM warning: ignoring option MaxPermSize=1G; support was removed in 8.0
Buildfile: /home/user/Workspace/reproducibility/Reproducibility-Scanner/benchmarks/growingbugs/framework/projects/defects4j.build.xml

test-offline:

get-deps:

compile:
    [mkdir] Created dir: /tmp/test_d4j_3290558_1658743347/test_trigger/Rdf4j_rio_turtle/target/classes
    [javac] /tmp/test_d4j_3290558_1658743347/test_trigger/Rdf4j_rio_turtle/maven-build.xml:128: warning: 'includeantruntime' was not set, defaulting to build.sysclasspath=last; set to false for repeatable builds

BUILD FAILED
/tmp/test_d4j_3290558_1658743347/test_trigger/Rdf4j_rio_turtle/maven-build.xml:128: srcdir "/tmp/test_d4j_3290558_1658743347/test_trigger/Rdf4j_rio_turtle/src/main/java" does not exist!

Total time: 0 seconds
Cannot compile sources! at /home/user/Workspace/reproducibility/Reproducibility-Scanner/benchmarks/growingbugs/framework/bin/d4j/d4j-compile line 82.
Compilation failed in require at /home/user/Workspace/reproducibility/Reproducibility-Scanner/benchmarks/growingbugs/framework/bin/defects4j line 195.
Error: compile: Rdf4j_rio_turtle-3f
Running ant (compile.tests)................................................ FAIL
Executed command:  cd /tmp/test_d4j_3290558_1658743347/test_trigger/Rdf4j_rio_turtle && /home/user/Workspace/reproducibility/Reproducibility-Scanner/benchmarks/growingbugs/major/bin/ant -f /home/user/Workspace/reproducibility/Reproducibility-Scanner/benchmarks/growingbugs/framework/projects/defects4j.build.xml -Dd4j.home=/home/user/Workspace/reproducibility/Reproducibility-Scanner/benchmarks/growingbugs -Dd4j.dir.projects=/home/user/Workspace/reproducibility/Reproducibility-Scanner/benchmarks/growingbugs/framework/projects -Dbasedir=/tmp/test_d4j_3290558_1658743347/test_trigger/Rdf4j_rio_turtle -Dbuild.compiler=javac1.8  compile.tests 2>&1
OpenJDK 64-Bit Server VM warning: ignoring option MaxPermSize=1G; support was removed in 8.0
Buildfile: /home/user/Workspace/reproducibility/Reproducibility-Scanner/benchmarks/growingbugs/framework/projects/defects4j.build.xml

test-offline:

get-deps:

compile:
    [javac] /tmp/test_d4j_3290558_1658743347/test_trigger/Rdf4j_rio_turtle/maven-build.xml:128: warning: 'includeantruntime' was not set, defaulting to build.sysclasspath=last; set to false for repeatable builds

BUILD FAILED
/tmp/test_d4j_3290558_1658743347/test_trigger/Rdf4j_rio_turtle/maven-build.xml:128: srcdir "/tmp/test_d4j_3290558_1658743347/test_trigger/Rdf4j_rio_turtle/src/main/java" does not exist!

Total time: 0 seconds
Cannot compile test suite! at /home/user/Workspace/reproducibility/Reproducibility-Scanner/benchmarks/growingbugs/framework/bin/d4j/d4j-test line 130.
Compilation failed in require at /home/user/Workspace/reproducibility/Reproducibility-Scanner/benchmarks/growingbugs/framework/bin/defects4j line 195.
Error: run relevant tests: Rdf4j_rio_turtle-3f
cat: /tmp/test_d4j_3290558_1658743347/test_trigger/Rdf4j_rio_turtle/failing_tests: No such file or directory
grep: /tmp/test_d4j_3290558_1658743347/test_trigger/Rdf4j_rio_turtle/failing_tests: No such file or directory
================================================================================
The following errors occurred:
Error: compile: Rdf4j_rio_turtle-3b
Error: run relevant tests: Rdf4j_rio_turtle-3b
Error: verify number of triggering tests: Rdf4j_rio_turtle-3b (expected: 1, actual: 0)
Error: expected triggering test org.eclipse.rdf4j.rio.turtle.ArrangedWriterTest::testWriteSingleStatementWithSubjectNamespace did not fail
Error: compile: Rdf4j_rio_turtle-3f
Error: run relevant tests: Rdf4j_rio_turtle-3f
================================================================================
FAILED
