Checking out d8ded8d2 to /tmp/test_d4j_2137773_1658727102/test_trigger/Swit OK
Init local repository...................................................... OK
Tag post-fix revision...................................................... OK
Copy generated Ant build file.............................................. OK
Run post-checkout hook..................................................... OK
Initialize fixed program version........................................... OK
Apply patch................................................................ OK
Initialize buggy program version........................................... OK
Diff d8ded8d2:a8a9431e..................................................... OK
Apply patch................................................................ OK
Tag pre-fix revision....................................................... OK
Check out program version: Switchyard_admin-1b............................. OK
Running ant (compile)...................................................... FAIL
Executed command:  cd /tmp/test_d4j_2137773_1658727102/test_trigger/Switchyard_admin && /home/user/Workspace/reproducibility/Reproducibility-Scanner/benchmarks/growingbugs/major/bin/ant -f /home/user/Workspace/reproducibility/Reproducibility-Scanner/benchmarks/growingbugs/framework/projects/defects4j.build.xml -Dd4j.home=/home/user/Workspace/reproducibility/Reproducibility-Scanner/benchmarks/growingbugs -Dd4j.dir.projects=/home/user/Workspace/reproducibility/Reproducibility-Scanner/benchmarks/growingbugs/framework/projects -Dbasedir=/tmp/test_d4j_2137773_1658727102/test_trigger/Switchyard_admin -Dbuild.compiler=javac1.8  compile 2>&1
OpenJDK 64-Bit Server VM warning: ignoring option MaxPermSize=1G; support was removed in 8.0
Buildfile: /home/user/Workspace/reproducibility/Reproducibility-Scanner/benchmarks/growingbugs/framework/projects/defects4j.build.xml

test-offline:

get-deps:

compile:
    [mkdir] Created dir: /tmp/test_d4j_2137773_1658727102/test_trigger/Switchyard_admin/target/classes
    [javac] /tmp/test_d4j_2137773_1658727102/test_trigger/Switchyard_admin/maven-build.xml:133: warning: 'includeantruntime' was not set, defaulting to build.sysclasspath=last; set to false for repeatable builds

BUILD FAILED
/tmp/test_d4j_2137773_1658727102/test_trigger/Switchyard_admin/maven-build.xml:133: srcdir "/tmp/test_d4j_2137773_1658727102/test_trigger/Switchyard_admin/src/main/java" does not exist!

Total time: 0 seconds
Cannot compile sources! at /home/user/Workspace/reproducibility/Reproducibility-Scanner/benchmarks/growingbugs/framework/bin/d4j/d4j-compile line 82.
Compilation failed in require at /home/user/Workspace/reproducibility/Reproducibility-Scanner/benchmarks/growingbugs/framework/bin/defects4j line 195.
Error: compile: Switchyard_admin-1b
Running ant (compile.tests)................................................ FAIL
Executed command:  cd /tmp/test_d4j_2137773_1658727102/test_trigger/Switchyard_admin && /home/user/Workspace/reproducibility/Reproducibility-Scanner/benchmarks/growingbugs/major/bin/ant -f /home/user/Workspace/reproducibility/Reproducibility-Scanner/benchmarks/growingbugs/framework/projects/defects4j.build.xml -Dd4j.home=/home/user/Workspace/reproducibility/Reproducibility-Scanner/benchmarks/growingbugs -Dd4j.dir.projects=/home/user/Workspace/reproducibility/Reproducibility-Scanner/benchmarks/growingbugs/framework/projects -Dbasedir=/tmp/test_d4j_2137773_1658727102/test_trigger/Switchyard_admin -Dbuild.compiler=javac1.8  compile.tests 2>&1
OpenJDK 64-Bit Server VM warning: ignoring option MaxPermSize=1G; support was removed in 8.0
Buildfile: /home/user/Workspace/reproducibility/Reproducibility-Scanner/benchmarks/growingbugs/framework/projects/defects4j.build.xml

test-offline:

get-deps:

compile:
    [javac] /tmp/test_d4j_2137773_1658727102/test_trigger/Switchyard_admin/maven-build.xml:133: warning: 'includeantruntime' was not set, defaulting to build.sysclasspath=last; set to false for repeatable builds

BUILD FAILED
/tmp/test_d4j_2137773_1658727102/test_trigger/Switchyard_admin/maven-build.xml:133: srcdir "/tmp/test_d4j_2137773_1658727102/test_trigger/Switchyard_admin/src/main/java" does not exist!

Total time: 0 seconds
Cannot compile test suite! at /home/user/Workspace/reproducibility/Reproducibility-Scanner/benchmarks/growingbugs/framework/bin/d4j/d4j-test line 130.
Compilation failed in require at /home/user/Workspace/reproducibility/Reproducibility-Scanner/benchmarks/growingbugs/framework/bin/defects4j line 195.
Error: run relevant tests: Switchyard_admin-1b
cat: /tmp/test_d4j_2137773_1658727102/test_trigger/Switchyard_admin/failing_tests: No such file or directory
grep: /tmp/test_d4j_2137773_1658727102/test_trigger/Switchyard_admin/failing_tests: No such file or directory
Error: verify number of triggering tests: Switchyard_admin-1b (expected: 1, actual: 0)
grep: /tmp/test_d4j_2137773_1658727102/test_trigger/Switchyard_admin/failing_tests: No such file or directory
Error: expected triggering test org.switchyard.admin.base.SwitchYardBuilderTest::testNoComponentService did not fail
Check out program version: Switchyard_admin-1f............................. OK
Running ant (compile)...................................................... FAIL
Executed command:  cd /tmp/test_d4j_2137773_1658727102/test_trigger/Switchyard_admin && /home/user/Workspace/reproducibility/Reproducibility-Scanner/benchmarks/growingbugs/major/bin/ant -f /home/user/Workspace/reproducibility/Reproducibility-Scanner/benchmarks/growingbugs/framework/projects/defects4j.build.xml -Dd4j.home=/home/user/Workspace/reproducibility/Reproducibility-Scanner/benchmarks/growingbugs -Dd4j.dir.projects=/home/user/Workspace/reproducibility/Reproducibility-Scanner/benchmarks/growingbugs/framework/projects -Dbasedir=/tmp/test_d4j_2137773_1658727102/test_trigger/Switchyard_admin -Dbuild.compiler=javac1.8  compile 2>&1
OpenJDK 64-Bit Server VM warning: ignoring option MaxPermSize=1G; support was removed in 8.0
Buildfile: /home/user/Workspace/reproducibility/Reproducibility-Scanner/benchmarks/growingbugs/framework/projects/defects4j.build.xml

test-offline:

get-deps:

compile:
    [mkdir] Created dir: /tmp/test_d4j_2137773_1658727102/test_trigger/Switchyard_admin/target/classes
    [javac] /tmp/test_d4j_2137773_1658727102/test_trigger/Switchyard_admin/maven-build.xml:133: warning: 'includeantruntime' was not set, defaulting to build.sysclasspath=last; set to false for repeatable builds

BUILD FAILED
/tmp/test_d4j_2137773_1658727102/test_trigger/Switchyard_admin/maven-build.xml:133: srcdir "/tmp/test_d4j_2137773_1658727102/test_trigger/Switchyard_admin/src/main/java" does not exist!

Total time: 0 seconds
Cannot compile sources! at /home/user/Workspace/reproducibility/Reproducibility-Scanner/benchmarks/growingbugs/framework/bin/d4j/d4j-compile line 82.
Compilation failed in require at /home/user/Workspace/reproducibility/Reproducibility-Scanner/benchmarks/growingbugs/framework/bin/defects4j line 195.
Error: compile: Switchyard_admin-1f
Running ant (compile.tests)................................................ FAIL
Executed command:  cd /tmp/test_d4j_2137773_1658727102/test_trigger/Switchyard_admin && /home/user/Workspace/reproducibility/Reproducibility-Scanner/benchmarks/growingbugs/major/bin/ant -f /home/user/Workspace/reproducibility/Reproducibility-Scanner/benchmarks/growingbugs/framework/projects/defects4j.build.xml -Dd4j.home=/home/user/Workspace/reproducibility/Reproducibility-Scanner/benchmarks/growingbugs -Dd4j.dir.projects=/home/user/Workspace/reproducibility/Reproducibility-Scanner/benchmarks/growingbugs/framework/projects -Dbasedir=/tmp/test_d4j_2137773_1658727102/test_trigger/Switchyard_admin -Dbuild.compiler=javac1.8  compile.tests 2>&1
OpenJDK 64-Bit Server VM warning: ignoring option MaxPermSize=1G; support was removed in 8.0
Buildfile: /home/user/Workspace/reproducibility/Reproducibility-Scanner/benchmarks/growingbugs/framework/projects/defects4j.build.xml

test-offline:

get-deps:

compile:
    [javac] /tmp/test_d4j_2137773_1658727102/test_trigger/Switchyard_admin/maven-build.xml:133: warning: 'includeantruntime' was not set, defaulting to build.sysclasspath=last; set to false for repeatable builds

BUILD FAILED
/tmp/test_d4j_2137773_1658727102/test_trigger/Switchyard_admin/maven-build.xml:133: srcdir "/tmp/test_d4j_2137773_1658727102/test_trigger/Switchyard_admin/src/main/java" does not exist!

Total time: 0 seconds
Cannot compile test suite! at /home/user/Workspace/reproducibility/Reproducibility-Scanner/benchmarks/growingbugs/framework/bin/d4j/d4j-test line 130.
Compilation failed in require at /home/user/Workspace/reproducibility/Reproducibility-Scanner/benchmarks/growingbugs/framework/bin/defects4j line 195.
Error: run relevant tests: Switchyard_admin-1f
cat: /tmp/test_d4j_2137773_1658727102/test_trigger/Switchyard_admin/failing_tests: No such file or directory
grep: /tmp/test_d4j_2137773_1658727102/test_trigger/Switchyard_admin/failing_tests: No such file or directory
================================================================================
The following errors occurred:
Error: compile: Switchyard_admin-1b
Error: run relevant tests: Switchyard_admin-1b
Error: verify number of triggering tests: Switchyard_admin-1b (expected: 1, actual: 0)
Error: expected triggering test org.switchyard.admin.base.SwitchYardBuilderTest::testNoComponentService did not fail
Error: compile: Switchyard_admin-1f
Error: run relevant tests: Switchyard_admin-1f
================================================================================
FAILED
