Checking out fa6bb7e3 to /tmp/test_d4j_2222160_1658727817/test_trigger/Tika OK
Init local repository...................................................... OK
Tag post-fix revision...................................................... OK
Copy generated Ant build file.............................................. OK
Run post-checkout hook..................................................... OK
Initialize fixed program version........................................... OK
Apply patch................................................................ OK
Initialize buggy program version........................................... OK
Diff fa6bb7e3:0dd035b9..................................................... OK
Apply patch................................................................ OK
Tag pre-fix revision....................................................... OK
Check out program version: Tika-2b......................................... OK
Running ant (compile)...................................................... OK
Running ant (compile.tests)................................................ OK
Running ant (compile.tests)................................................ OK
Running ant (run.dev.tests)................................................ OK
Failing tests: 10
  - org.apache.tika.mime.MimeTypeTest::testSetSuperType
  - org.apache.tika.mime.MimeTypeTest::testSetDescription
  - org.apache.tika.mime.MimeTypeTest::testConstrctor
  - org.apache.tika.mime.MimeTypeTest::testIsValidName
  - org.apache.tika.mime.MimeTypesTest::testGetMimeType_byteArray
  - org.apache.tika.mime.MimeTypesTest::testGetMimeType_InputStream
  - org.apache.tika.mime.MimeTypesTest::testIsDescendantOf
  - org.apache.tika.mime.MimeTypesTest::testCompareTo
  - org.apache.tika.mime.PatternsTest::testAdd
  - org.apache.tika.mime.PatternsTest::testMatches
Check out program version: Tika-2f......................................... OK
Running ant (compile)...................................................... OK
Running ant (compile.tests)................................................ OK
Running ant (compile.tests)................................................ OK
Running ant (run.dev.tests)................................................ OK
Failing tests: 0
================================================================================
PASSED
