Apache Maven 3.6.3
Maven home: /usr/share/maven
Java version: 1.8.0_342, vendor: Private Build, runtime: /usr/lib/jvm/java-8-openjdk-amd64/jre
Default locale: en_US, platform encoding: UTF-8
OS name: "linux", version: "5.15.0-41-generic", arch: "amd64", family: "unix"
[INFO] Scanning for projects...
[INFO] 
[INFO] -----------< se.michaelthelin.spotify:spotify-web-api-java >------------
[INFO] Building Spotify Web API Java Client 2.1.0
[INFO] --------------------------------[ jar ]---------------------------------
[INFO] 
[INFO] --- maven-resources-plugin:2.6:resources (default-resources) @ spotify-web-api-java ---
[INFO] Using 'UTF-8' encoding to copy filtered resources.
[INFO] skip non existing resourceDirectory /On-the-Reproducibility/section-2/reproducibility-scanner/reproducer/workspace/Bears-246/src/main/resources
[INFO] 
[INFO] --- maven-compiler-plugin:3.7.0:compile (default-compile) @ spotify-web-api-java ---
[INFO] Nothing to compile - all classes are up to date
[INFO] 
[INFO] --- maven-resources-plugin:2.6:testResources (default-testResources) @ spotify-web-api-java ---
[INFO] Using 'UTF-8' encoding to copy filtered resources.
[INFO] skip non existing resourceDirectory /On-the-Reproducibility/section-2/reproducibility-scanner/reproducer/workspace/Bears-246/src/test/resources
[INFO] 
[INFO] --- maven-compiler-plugin:3.7.0:testCompile (default-testCompile) @ spotify-web-api-java ---
[INFO] Nothing to compile - all classes are up to date
[INFO] 
[INFO] --- maven-surefire-plugin:2.22.0:test (default-test) @ spotify-web-api-java ---
[INFO] 
[INFO] -------------------------------------------------------
[INFO]  T E S T S
[INFO] -------------------------------------------------------
[INFO] Running com.wrapper.spotify.requests.data.artists.GetArtistRequestTest
[INFO] Tests run: 3, Failures: 0, Errors: 0, Skipped: 0, Time elapsed: 0.5 s - in com.wrapper.spotify.requests.data.artists.GetArtistRequestTest
[INFO] Running com.wrapper.spotify.requests.data.artists.GetArtistsRelatedArtistsRequestTest
[INFO] Tests run: 3, Failures: 0, Errors: 0, Skipped: 0, Time elapsed: 0.001 s - in com.wrapper.spotify.requests.data.artists.GetArtistsRelatedArtistsRequestTest
[INFO] Running com.wrapper.spotify.requests.data.artists.GetArtistsTopTracksRequestTest
[INFO] Tests run: 3, Failures: 0, Errors: 0, Skipped: 0, Time elapsed: 0.004 s - in com.wrapper.spotify.requests.data.artists.GetArtistsTopTracksRequestTest
[INFO] Running com.wrapper.spotify.requests.data.artists.GetSeveralArtistsRequestTest
[INFO] Tests run: 3, Failures: 0, Errors: 0, Skipped: 0, Time elapsed: 0.007 s - in com.wrapper.spotify.requests.data.artists.GetSeveralArtistsRequestTest
[INFO] Running com.wrapper.spotify.requests.data.artists.GetArtistsAlbumsRequestTest
[INFO] Tests run: 3, Failures: 0, Errors: 0, Skipped: 0, Time elapsed: 0.009 s - in com.wrapper.spotify.requests.data.artists.GetArtistsAlbumsRequestTest
[INFO] Running com.wrapper.spotify.requests.data.users_profile.GetCurrentUsersProfileRequestTest
[INFO] Tests run: 3, Failures: 0, Errors: 0, Skipped: 0, Time elapsed: 0.004 s - in com.wrapper.spotify.requests.data.users_profile.GetCurrentUsersProfileRequestTest
[INFO] Running com.wrapper.spotify.requests.data.users_profile.GetUsersProfileRequestTest
[INFO] Tests run: 3, Failures: 0, Errors: 0, Skipped: 0, Time elapsed: 0.003 s - in com.wrapper.spotify.requests.data.users_profile.GetUsersProfileRequestTest
[INFO] Running com.wrapper.spotify.requests.data.library.GetCurrentUsersSavedAlbumsRequestTest
[INFO] Tests run: 3, Failures: 0, Errors: 0, Skipped: 0, Time elapsed: 0.022 s - in com.wrapper.spotify.requests.data.library.GetCurrentUsersSavedAlbumsRequestTest
[INFO] Running com.wrapper.spotify.requests.data.library.RemoveAlbumsForCurrentUserRequestTest
[INFO] Tests run: 3, Failures: 0, Errors: 0, Skipped: 0, Time elapsed: 0.002 s - in com.wrapper.spotify.requests.data.library.RemoveAlbumsForCurrentUserRequestTest
[INFO] Running com.wrapper.spotify.requests.data.library.CheckUsersSavedAlbumsRequestTest
[INFO] Tests run: 3, Failures: 0, Errors: 0, Skipped: 0, Time elapsed: 0.003 s - in com.wrapper.spotify.requests.data.library.CheckUsersSavedAlbumsRequestTest
[INFO] Running com.wrapper.spotify.requests.data.library.GetUsersSavedTracksRequestTest
[INFO] Tests run: 3, Failures: 0, Errors: 0, Skipped: 0, Time elapsed: 0.009 s - in com.wrapper.spotify.requests.data.library.GetUsersSavedTracksRequestTest
[INFO] Running com.wrapper.spotify.requests.data.library.RemoveUsersSavedTracksRequestTest
[INFO] Tests run: 3, Failures: 0, Errors: 0, Skipped: 0, Time elapsed: 0.002 s - in com.wrapper.spotify.requests.data.library.RemoveUsersSavedTracksRequestTest
[INFO] Running com.wrapper.spotify.requests.data.library.SaveTracksForUserRequestTest
[INFO] Tests run: 3, Failures: 0, Errors: 0, Skipped: 0, Time elapsed: 0.007 s - in com.wrapper.spotify.requests.data.library.SaveTracksForUserRequestTest
[INFO] Running com.wrapper.spotify.requests.data.library.CheckUsersSavedTracksRequestTest
[INFO] Tests run: 3, Failures: 0, Errors: 0, Skipped: 0, Time elapsed: 0.002 s - in com.wrapper.spotify.requests.data.library.CheckUsersSavedTracksRequestTest
[INFO] Running com.wrapper.spotify.requests.data.library.SaveAlbumsForCurrentUserRequestTest
[INFO] Tests run: 3, Failures: 0, Errors: 0, Skipped: 0, Time elapsed: 0.003 s - in com.wrapper.spotify.requests.data.library.SaveAlbumsForCurrentUserRequestTest
[INFO] Running com.wrapper.spotify.requests.data.browse.miscellaneous.GetAvailableGenreSeedsRequestTest
[INFO] Tests run: 3, Failures: 0, Errors: 0, Skipped: 0, Time elapsed: 0.005 s - in com.wrapper.spotify.requests.data.browse.miscellaneous.GetAvailableGenreSeedsRequestTest
[INFO] Running com.wrapper.spotify.requests.data.browse.GetListOfFeaturedPlaylistsRequestTest
[INFO] Tests run: 3, Failures: 0, Errors: 0, Skipped: 0, Time elapsed: 0.009 s - in com.wrapper.spotify.requests.data.browse.GetListOfFeaturedPlaylistsRequestTest
[INFO] Running com.wrapper.spotify.requests.data.browse.GetRecommendationsRequestTest
[INFO] Tests run: 3, Failures: 0, Errors: 0, Skipped: 0, Time elapsed: 0.006 s - in com.wrapper.spotify.requests.data.browse.GetRecommendationsRequestTest
[INFO] Running com.wrapper.spotify.requests.data.browse.GetCategorysPlaylistRequestTest
[INFO] Tests run: 3, Failures: 0, Errors: 0, Skipped: 0, Time elapsed: 0.005 s - in com.wrapper.spotify.requests.data.browse.GetCategorysPlaylistRequestTest
[INFO] Running com.wrapper.spotify.requests.data.browse.GetListOfNewReleasesRequestTest
[INFO] Tests run: 3, Failures: 0, Errors: 0, Skipped: 0, Time elapsed: 0.008 s - in com.wrapper.spotify.requests.data.browse.GetListOfNewReleasesRequestTest
[INFO] Running com.wrapper.spotify.requests.data.browse.GetCategoryRequestTest
[INFO] Tests run: 3, Failures: 0, Errors: 0, Skipped: 0, Time elapsed: 0.003 s - in com.wrapper.spotify.requests.data.browse.GetCategoryRequestTest
[INFO] Running com.wrapper.spotify.requests.data.browse.GetListOfCategoriesRequestTest
[INFO] Tests run: 3, Failures: 0, Errors: 0, Skipped: 0, Time elapsed: 0.003 s - in com.wrapper.spotify.requests.data.browse.GetListOfCategoriesRequestTest
[INFO] Running com.wrapper.spotify.requests.data.playlists.ChangePlaylistsDetailsRequestTest
[INFO] Tests run: 3, Failures: 0, Errors: 0, Skipped: 0, Time elapsed: 0.003 s - in com.wrapper.spotify.requests.data.playlists.ChangePlaylistsDetailsRequestTest
[INFO] Running com.wrapper.spotify.requests.data.playlists.UploadCustomPlaylistCoverImageRequestTest
[INFO] Tests run: 3, Failures: 0, Errors: 0, Skipped: 0, Time elapsed: 0.004 s - in com.wrapper.spotify.requests.data.playlists.UploadCustomPlaylistCoverImageRequestTest
[INFO] Running com.wrapper.spotify.requests.data.playlists.GetPlaylistCoverImageRequestTest
[INFO] Tests run: 3, Failures: 0, Errors: 0, Skipped: 0, Time elapsed: 0.002 s - in com.wrapper.spotify.requests.data.playlists.GetPlaylistCoverImageRequestTest
[INFO] Running com.wrapper.spotify.requests.data.playlists.GetListOfUsersPlaylistsRequestTest
[INFO] Tests run: 3, Failures: 0, Errors: 0, Skipped: 0, Time elapsed: 0.003 s - in com.wrapper.spotify.requests.data.playlists.GetListOfUsersPlaylistsRequestTest
[INFO] Running com.wrapper.spotify.requests.data.playlists.GetListOfCurrentUsersPlaylistsRequestTest
[INFO] Tests run: 3, Failures: 0, Errors: 0, Skipped: 0, Time elapsed: 0.003 s - in com.wrapper.spotify.requests.data.playlists.GetListOfCurrentUsersPlaylistsRequestTest
[INFO] Running com.wrapper.spotify.requests.data.playlists.ReorderPlaylistsTracksRequestTest
[INFO] Tests run: 3, Failures: 0, Errors: 0, Skipped: 0, Time elapsed: 0.002 s - in com.wrapper.spotify.requests.data.playlists.ReorderPlaylistsTracksRequestTest
[INFO] Running com.wrapper.spotify.requests.data.playlists.ReplacePlaylistsTracksRequestTest
[INFO] Tests run: 3, Failures: 0, Errors: 0, Skipped: 0, Time elapsed: 0.003 s - in com.wrapper.spotify.requests.data.playlists.ReplacePlaylistsTracksRequestTest
[INFO] Running com.wrapper.spotify.requests.data.playlists.CreatePlaylistRequestTest
[INFO] Tests run: 3, Failures: 0, Errors: 0, Skipped: 0, Time elapsed: 0.005 s - in com.wrapper.spotify.requests.data.playlists.CreatePlaylistRequestTest
[INFO] Running com.wrapper.spotify.requests.data.playlists.AddTracksToPlaylistRequestTest
[INFO] Tests run: 3, Failures: 0, Errors: 0, Skipped: 0, Time elapsed: 0.004 s - in com.wrapper.spotify.requests.data.playlists.AddTracksToPlaylistRequestTest
[INFO] Running com.wrapper.spotify.requests.data.playlists.GetPlaylistsTracksRequestTest
[INFO] Tests run: 3, Failures: 0, Errors: 0, Skipped: 0, Time elapsed: 0.009 s - in com.wrapper.spotify.requests.data.playlists.GetPlaylistsTracksRequestTest
[INFO] Running com.wrapper.spotify.requests.data.playlists.GetPlaylistRequestTest
[INFO] Tests run: 3, Failures: 0, Errors: 0, Skipped: 0, Time elapsed: 0.006 s - in com.wrapper.spotify.requests.data.playlists.GetPlaylistRequestTest
[INFO] Running com.wrapper.spotify.requests.data.playlists.RemoveTracksFromPlaylistRequestTest
[INFO] Tests run: 3, Failures: 0, Errors: 0, Skipped: 0, Time elapsed: 0.002 s - in com.wrapper.spotify.requests.data.playlists.RemoveTracksFromPlaylistRequestTest
[INFO] Running com.wrapper.spotify.requests.data.personalization.simplified.GetUsersTopArtistsRequestTest
[INFO] Tests run: 3, Failures: 0, Errors: 0, Skipped: 0, Time elapsed: 0.006 s - in com.wrapper.spotify.requests.data.personalization.simplified.GetUsersTopArtistsRequestTest
[INFO] Running com.wrapper.spotify.requests.data.personalization.simplified.GetUsersTopTracksRequestTest
[INFO] Tests run: 3, Failures: 0, Errors: 0, Skipped: 0, Time elapsed: 0.014 s - in com.wrapper.spotify.requests.data.personalization.simplified.GetUsersTopTracksRequestTest
[INFO] Running com.wrapper.spotify.requests.data.albums.GetAlbumRequestTest
[INFO] Tests run: 3, Failures: 0, Errors: 0, Skipped: 0, Time elapsed: 0.007 s - in com.wrapper.spotify.requests.data.albums.GetAlbumRequestTest
[INFO] Running com.wrapper.spotify.requests.data.albums.GetSeveralAlbumsRequestTest
[INFO] Tests run: 5, Failures: 0, Errors: 0, Skipped: 0, Time elapsed: 0.011 s - in com.wrapper.spotify.requests.data.albums.GetSeveralAlbumsRequestTest
[INFO] Running com.wrapper.spotify.requests.data.albums.GetAlbumsTracksRequestTest
[INFO] Tests run: 3, Failures: 0, Errors: 0, Skipped: 0, Time elapsed: 0.005 s - in com.wrapper.spotify.requests.data.albums.GetAlbumsTracksRequestTest
[INFO] Running com.wrapper.spotify.requests.data.follow.GetUsersFollowedArtistsRequestTest
[INFO] Tests run: 5, Failures: 0, Errors: 0, Skipped: 0, Time elapsed: 0.006 s - in com.wrapper.spotify.requests.data.follow.GetUsersFollowedArtistsRequestTest
[INFO] Running com.wrapper.spotify.requests.data.follow.CheckCurrentUserFollowsArtistsOrUsersRequestTest
[INFO] Tests run: 3, Failures: 0, Errors: 0, Skipped: 0, Time elapsed: 0.001 s - in com.wrapper.spotify.requests.data.follow.CheckCurrentUserFollowsArtistsOrUsersRequestTest
[INFO] Running com.wrapper.spotify.requests.data.follow.FollowPlaylistRequestTest
[INFO] Tests run: 3, Failures: 0, Errors: 0, Skipped: 0, Time elapsed: 0.002 s - in com.wrapper.spotify.requests.data.follow.FollowPlaylistRequestTest
[INFO] Running com.wrapper.spotify.requests.data.follow.FollowArtistsOrUsersRequestTest
[INFO] Tests run: 3, Failures: 0, Errors: 0, Skipped: 0, Time elapsed: 0.002 s - in com.wrapper.spotify.requests.data.follow.FollowArtistsOrUsersRequestTest
[INFO] Running com.wrapper.spotify.requests.data.follow.UnfollowPlaylistRequestTest
[INFO] Tests run: 3, Failures: 0, Errors: 0, Skipped: 0, Time elapsed: 0.001 s - in com.wrapper.spotify.requests.data.follow.UnfollowPlaylistRequestTest
[INFO] Running com.wrapper.spotify.requests.data.follow.UnfollowArtistsOrUsersRequestTest
[INFO] Tests run: 3, Failures: 0, Errors: 0, Skipped: 0, Time elapsed: 0.001 s - in com.wrapper.spotify.requests.data.follow.UnfollowArtistsOrUsersRequestTest
[INFO] Running com.wrapper.spotify.requests.data.follow.CheckUsersFollowPlaylistRequestTest
[INFO] Tests run: 3, Failures: 0, Errors: 0, Skipped: 0, Time elapsed: 0.002 s - in com.wrapper.spotify.requests.data.follow.CheckUsersFollowPlaylistRequestTest
[INFO] Running com.wrapper.spotify.requests.data.tracks.GetTrackRequestTest
[INFO] Tests run: 3, Failures: 0, Errors: 0, Skipped: 0, Time elapsed: 0.005 s - in com.wrapper.spotify.requests.data.tracks.GetTrackRequestTest
[INFO] Running com.wrapper.spotify.requests.data.tracks.GetSeveralTracksRequestTest
[INFO] Tests run: 3, Failures: 0, Errors: 0, Skipped: 0, Time elapsed: 0.008 s - in com.wrapper.spotify.requests.data.tracks.GetSeveralTracksRequestTest
[INFO] Running com.wrapper.spotify.requests.data.tracks.GetAudioFeaturesForSeveralTracksRequestTest
[INFO] Tests run: 3, Failures: 0, Errors: 0, Skipped: 0, Time elapsed: 0.004 s - in com.wrapper.spotify.requests.data.tracks.GetAudioFeaturesForSeveralTracksRequestTest
[INFO] Running com.wrapper.spotify.requests.data.tracks.GetAudioAnalysisForTrackRequestTest
[INFO] Tests run: 3, Failures: 0, Errors: 0, Skipped: 0, Time elapsed: 0.008 s - in com.wrapper.spotify.requests.data.tracks.GetAudioAnalysisForTrackRequestTest
[INFO] Running com.wrapper.spotify.requests.data.tracks.GetAudioFeaturesForTrackRequestTest
[INFO] Tests run: 3, Failures: 0, Errors: 0, Skipped: 0, Time elapsed: 0.001 s - in com.wrapper.spotify.requests.data.tracks.GetAudioFeaturesForTrackRequestTest
[INFO] Running com.wrapper.spotify.requests.data.search.simplified.SearchTracksRequestTest
[INFO] Tests run: 3, Failures: 0, Errors: 0, Skipped: 0, Time elapsed: 0.031 s - in com.wrapper.spotify.requests.data.search.simplified.SearchTracksRequestTest
[INFO] Running com.wrapper.spotify.requests.data.search.simplified.SearchPlaylistsRequestTest
[INFO] Tests run: 3, Failures: 0, Errors: 0, Skipped: 0, Time elapsed: 0.007 s - in com.wrapper.spotify.requests.data.search.simplified.SearchPlaylistsRequestTest
[INFO] Running com.wrapper.spotify.requests.data.search.simplified.SearchAlbumsRequestTest
[INFO] Tests run: 3, Failures: 0, Errors: 0, Skipped: 0, Time elapsed: 0.015 s - in com.wrapper.spotify.requests.data.search.simplified.SearchAlbumsRequestTest
[INFO] Running com.wrapper.spotify.requests.data.search.simplified.SearchArtistsRequestTest
[INFO] Tests run: 3, Failures: 0, Errors: 0, Skipped: 0, Time elapsed: 0.004 s - in com.wrapper.spotify.requests.data.search.simplified.SearchArtistsRequestTest
[INFO] Running com.wrapper.spotify.requests.data.search.SearchItemRequestTest
[INFO] Tests run: 3, Failures: 0, Errors: 0, Skipped: 0, Time elapsed: 0.024 s - in com.wrapper.spotify.requests.data.search.SearchItemRequestTest
[INFO] Running com.wrapper.spotify.requests.data.player.SkipUsersPlaybackToPreviousTrackRequestTest
[INFO] Tests run: 3, Failures: 0, Errors: 0, Skipped: 0, Time elapsed: 0.001 s - in com.wrapper.spotify.requests.data.player.SkipUsersPlaybackToPreviousTrackRequestTest
[INFO] Running com.wrapper.spotify.requests.data.player.GetInformationAboutUsersCurrentPlaybackRequestTest
[INFO] Tests run: 5, Failures: 0, Errors: 0, Skipped: 0, Time elapsed: 0.009 s - in com.wrapper.spotify.requests.data.player.GetInformationAboutUsersCurrentPlaybackRequestTest
[INFO] Running com.wrapper.spotify.requests.data.player.GetUsersCurrentlyPlayingTrackRequestTest
[INFO] Tests run: 5, Failures: 0, Errors: 0, Skipped: 0, Time elapsed: 0.005 s - in com.wrapper.spotify.requests.data.player.GetUsersCurrentlyPlayingTrackRequestTest
[INFO] Running com.wrapper.spotify.requests.data.player.TransferUsersPlaybackRequestTest
[INFO] Tests run: 3, Failures: 0, Errors: 0, Skipped: 0, Time elapsed: 0.001 s - in com.wrapper.spotify.requests.data.player.TransferUsersPlaybackRequestTest
[INFO] Running com.wrapper.spotify.requests.data.player.SeekToPositionInCurrentlyPlayingTrackRequestTest
[INFO] Tests run: 3, Failures: 0, Errors: 0, Skipped: 0, Time elapsed: 0.002 s - in com.wrapper.spotify.requests.data.player.SeekToPositionInCurrentlyPlayingTrackRequestTest
[INFO] Running com.wrapper.spotify.requests.data.player.ToggleShuffleForUsersPlaybackRequestTest
[INFO] Tests run: 3, Failures: 0, Errors: 0, Skipped: 0, Time elapsed: 0.001 s - in com.wrapper.spotify.requests.data.player.ToggleShuffleForUsersPlaybackRequestTest
[INFO] Running com.wrapper.spotify.requests.data.player.SkipUsersPlaybackToNextTrackRequestTest
[INFO] Tests run: 3, Failures: 0, Errors: 0, Skipped: 0, Time elapsed: 0.002 s - in com.wrapper.spotify.requests.data.player.SkipUsersPlaybackToNextTrackRequestTest
[INFO] Running com.wrapper.spotify.requests.data.player.StartResumeUsersPlaybackRequestTest
[ERROR] Tests run: 3, Failures: 1, Errors: 0, Skipped: 0, Time elapsed: 0.007 s <<< FAILURE! - in com.wrapper.spotify.requests.data.player.StartResumeUsersPlaybackRequestTest
[ERROR] shouldComplyWithReference(com.wrapper.spotify.requests.data.player.StartResumeUsersPlaybackRequestTest)  Time elapsed: 0.005 s  <<< FAILURE!
java.lang.AssertionError: Request "StartResumeUsersPlaybackRequest" does not contain form parameter "position_ms" with value "10000"
	at com.wrapper.spotify.requests.data.player.StartResumeUsersPlaybackRequestTest.shouldComplyWithReference(StartResumeUsersPlaybackRequestTest.java:51)

[INFO] Running com.wrapper.spotify.requests.data.player.SetRepeatModeOnUsersPlaybackRequestTest
[INFO] Tests run: 3, Failures: 0, Errors: 0, Skipped: 0, Time elapsed: 0 s - in com.wrapper.spotify.requests.data.player.SetRepeatModeOnUsersPlaybackRequestTest
[INFO] Running com.wrapper.spotify.requests.data.player.SetVolumeForUsersPlaybackRequestTest
[INFO] Tests run: 3, Failures: 0, Errors: 0, Skipped: 0, Time elapsed: 0.001 s - in com.wrapper.spotify.requests.data.player.SetVolumeForUsersPlaybackRequestTest
[INFO] Running com.wrapper.spotify.requests.data.player.GetCurrentUsersRecentlyPlayedTracksRequestTest
[INFO] Tests run: 3, Failures: 0, Errors: 0, Skipped: 0, Time elapsed: 0.005 s - in com.wrapper.spotify.requests.data.player.GetCurrentUsersRecentlyPlayedTracksRequestTest
[INFO] Running com.wrapper.spotify.requests.data.player.PauseUsersPlaybackRequestTest
[INFO] Tests run: 3, Failures: 0, Errors: 0, Skipped: 0, Time elapsed: 0.001 s - in com.wrapper.spotify.requests.data.player.PauseUsersPlaybackRequestTest
[INFO] Running com.wrapper.spotify.requests.data.player.GetUsersAvailableDevicesTest
[INFO] Tests run: 5, Failures: 0, Errors: 0, Skipped: 0, Time elapsed: 0.001 s - in com.wrapper.spotify.requests.data.player.GetUsersAvailableDevicesTest
[INFO] Running com.wrapper.spotify.requests.authorization.authorization_code.AuthorizationCodeUriRequestTest
[INFO] Tests run: 3, Failures: 0, Errors: 0, Skipped: 0, Time elapsed: 0 s - in com.wrapper.spotify.requests.authorization.authorization_code.AuthorizationCodeUriRequestTest
[INFO] Running com.wrapper.spotify.requests.authorization.authorization_code.AuthorizationCodeRequestTest
[INFO] Tests run: 3, Failures: 0, Errors: 0, Skipped: 0, Time elapsed: 0.002 s - in com.wrapper.spotify.requests.authorization.authorization_code.AuthorizationCodeRequestTest
[INFO] Running com.wrapper.spotify.requests.authorization.authorization_code.AuthorizationCodeRefreshRequestTest
[INFO] Tests run: 3, Failures: 0, Errors: 0, Skipped: 0, Time elapsed: 0 s - in com.wrapper.spotify.requests.authorization.authorization_code.AuthorizationCodeRefreshRequestTest
[INFO] Running com.wrapper.spotify.requests.authorization.client_credentials.ClientCredentialsRequestTest
[INFO] Tests run: 3, Failures: 0, Errors: 0, Skipped: 0, Time elapsed: 0.001 s - in com.wrapper.spotify.requests.authorization.client_credentials.ClientCredentialsRequestTest
[INFO] 
[INFO] Results:
[INFO] 
[ERROR] Failures: 
[ERROR]   StartResumeUsersPlaybackRequestTest.shouldComplyWithReference:51 Request "StartResumeUsersPlaybackRequest" does not contain form parameter "position_ms" with value "10000"
[INFO] 
[ERROR] Tests run: 229, Failures: 1, Errors: 0, Skipped: 0
[INFO] 
[INFO] ------------------------------------------------------------------------
[INFO] BUILD FAILURE
[INFO] ------------------------------------------------------------------------
[INFO] Total time:  3.125 s
[INFO] Finished at: 2022-08-18T14:37:34-07:00
[INFO] ------------------------------------------------------------------------
[ERROR] Failed to execute goal org.apache.maven.plugins:maven-surefire-plugin:2.22.0:test (default-test) on project spotify-web-api-java: There are test failures.
[ERROR] 
[ERROR] Please refer to /On-the-Reproducibility/section-2/reproducibility-scanner/reproducer/workspace/Bears-246/target/surefire-reports for the individual test results.
[ERROR] Please refer to dump files (if any exist) [date]-jvmRun[N].dump, [date].dumpstream and [date]-jvmRun[N].dumpstream.
[ERROR] -> [Help 1]
[ERROR] 
[ERROR] To see the full stack trace of the errors, re-run Maven with the -e switch.
[ERROR] Re-run Maven using the -X switch to enable full debug logging.
[ERROR] 
[ERROR] For more information about the errors and possible solutions, please read the following articles:
[ERROR] [Help 1] http://cwiki.apache.org/confluence/display/MAVEN/MojoFailureException
Running the tests related to the bug Bears-246...
The tests related to the bug Bears-246 were executed.