Apache Maven 3.5.4 (1edded0938998edf8bf061f1ceb3cfdeccf443fe; 2018-06-17T11:33:14-07:00)
Maven home: /usr/local/apache-maven
Java version: 1.8.0_312, vendor: Private Build, runtime: /usr/lib/jvm/java-8-openjdk-amd64/jre
Default locale: en_US, platform encoding: UTF-8
OS name: "linux", version: "4.15.0-173-generic", arch: "amd64", family: "unix"
[INFO] Scanning for projects...
[INFO] 
[INFO] --------------< org.springframework.data:spring-data-jpa >--------------
[INFO] Building Spring Data JPA 2.0.4.BUILD-SNAPSHOT
[INFO] --------------------------------[ jar ]---------------------------------
[INFO] 
[INFO] --- jacoco-maven-plugin:0.8.0:prepare-agent (jacoco-initialize) @ spring-data-jpa ---
[INFO] argLine set to -javaagent:/home/user/.m2/repository/org/jacoco/org.jacoco.agent/0.8.0/org.jacoco.agent-0.8.0-runtime.jar=destfile=/data-depot/user/Workspace/Reproducibility/Reproducibility-Scanner/reproducer/workspace/Bears-184/target/jacoco.exec
[INFO] 
[INFO] --- apt-maven-plugin:1.1.3:process (sources) @ spring-data-jpa ---
[INFO] 
[INFO] --- maven-resources-plugin:2.6:resources (default-resources) @ spring-data-jpa ---
[INFO] Using 'UTF-8' encoding to copy filtered resources.
[INFO] Copying 14 resources
[INFO] 
[INFO] --- kotlin-maven-plugin:1.1.61:compile (compile) @ spring-data-jpa ---
[WARNING] No sources found skipping Kotlin compile
[INFO] 
[INFO] --- maven-compiler-plugin:3.6.1:compile (java-compile) @ spring-data-jpa ---
[INFO] Changes detected - recompiling the module!
[INFO] Compiling 110 source files to /data-depot/user/Workspace/Reproducibility/Reproducibility-Scanner/reproducer/workspace/Bears-184/target/classes
[INFO] /data-depot/user/Workspace/Reproducibility/Reproducibility-Scanner/reproducer/workspace/Bears-184/src/main/java/org/springframework/data/jpa/domain/Specifications.java: Some input files use or override a deprecated API.
[INFO] /data-depot/user/Workspace/Reproducibility/Reproducibility-Scanner/reproducer/workspace/Bears-184/src/main/java/org/springframework/data/jpa/domain/Specifications.java: Recompile with -Xlint:deprecation for details.
[INFO] 
[INFO] --- aspectj-maven-plugin:1.8:compile (default) @ spring-data-jpa ---
[INFO] Showing AJC message detail for messages of types: [error, warning, fail]
[WARNING] You aren't using a compiler supported by lombok, so lombok will not work and has been disabled.
Your processor is: org.aspectj.org.eclipse.jdt.internal.compiler.apt.dispatch.BatchProcessingEnvImpl
Lombok supports: sun/apple javac 1.6, ECJ
	<unknown source file>:<no line information>

[INFO] 
[INFO] --- apt-maven-plugin:1.1.3:test-process (test-sources) @ spring-data-jpa ---
[ERROR] /data-depot/user/Workspace/Reproducibility/Reproducibility-Scanner/reproducer/workspace/Bears-184/target/generated-test-sources/test-annotations/org/springframework/data/jpa/domain/sample/QAuditableUser.java:25: error: cannot find symbol
    public final org.springframework.data.jpa.domain.QAbstractAuditable _super = new org.springframework.data.jpa.domain.QAbstractAuditable(this);
                                                    ^
  symbol:   class QAbstractAuditable
  location: package org.springframework.data.jpa.domain
/data-depot/user/Workspace/Reproducibility/Reproducibility-Scanner/reproducer/workspace/Bears-184/target/generated-test-sources/test-annotations/org/springframework/data/jpa/domain/sample/QAuditableRole.java:25: error: cannot find symbol
    public final org.springframework.data.jpa.domain.QAbstractAuditable _super = new org.springframework.data.jpa.domain.QAbstractAuditable(this);
                                                    ^
  symbol:   class QAbstractAuditable
  location: package org.springframework.data.jpa.domain
/data-depot/user/Workspace/Reproducibility/Reproducibility-Scanner/reproducer/workspace/Bears-184/target/generated-test-sources/test-annotations/org/springframework/data/jpa/domain/sample/QCustomAbstractPersistable.java:22: error: cannot find symbol
    public final org.springframework.data.jpa.domain.QAbstractPersistable _super = new org.springframework.data.jpa.domain.QAbstractPersistable(this);
                                                    ^
  symbol:   class QAbstractPersistable
  location: package org.springframework.data.jpa.domain
/data-depot/user/Workspace/Reproducibility/Reproducibility-Scanner/reproducer/workspace/Bears-184/target/generated-test-sources/test-annotations/org/springframework/data/jpa/domain/sample/QAccount.java:22: error: cannot find symbol
    public final org.springframework.data.jpa.domain.QAbstractPersistable _super = new org.springframework.data.jpa.domain.QAbstractPersistable(this);
                                                    ^
  symbol:   class QAbstractPersistable
  location: package org.springframework.data.jpa.domain
/data-depot/user/Workspace/Reproducibility/Reproducibility-Scanner/reproducer/workspace/Bears-184/target/generated-test-sources/test-annotations/org/springframework/data/jpa/domain/sample/CustomAbstractPersistable_.java:8: error: cannot find symbol
public abstract class CustomAbstractPersistable_ extends org.springframework.data.jpa.domain.AbstractPersistable_ {
                                                                                            ^
  symbol:   class AbstractPersistable_
  location: package org.springframework.data.jpa.domain
/data-depot/user/Workspace/Reproducibility/Reproducibility-Scanner/reproducer/workspace/Bears-184/target/generated-test-sources/test-annotations/org/springframework/data/jpa/domain/sample/Account_.java:8: error: cannot find symbol
public abstract class Account_ extends org.springframework.data.jpa.domain.AbstractPersistable_ {
                                                                          ^
  symbol:   class AbstractPersistable_
  location: package org.springframework.data.jpa.domain
/data-depot/user/Workspace/Reproducibility/Reproducibility-Scanner/reproducer/workspace/Bears-184/target/generated-test-sources/test-annotations/org/springframework/data/jpa/domain/sample/AuditableUser_.java:10: error: cannot find symbol
public abstract class AuditableUser_ extends org.springframework.data.jpa.domain.AbstractAuditable_ {
                                                                                ^
  symbol:   class AbstractAuditable_
  location: package org.springframework.data.jpa.domain
/data-depot/user/Workspace/Reproducibility/Reproducibility-Scanner/reproducer/workspace/Bears-184/target/generated-test-sources/test-annotations/org/springframework/data/jpa/domain/sample/AuditableRole_.java:9: error: cannot find symbol
public abstract class AuditableRole_ extends org.springframework.data.jpa.domain.AbstractAuditable_ {
                                                                                ^
  symbol:   class AbstractAuditable_
  location: package org.springframework.data.jpa.domain
8 errors

[INFO] 
[INFO] --- maven-resources-plugin:2.6:testResources (default-testResources) @ spring-data-jpa ---
[INFO] Using 'UTF-8' encoding to copy filtered resources.
[INFO] Copying 34 resources
[INFO] 
[INFO] --- kotlin-maven-plugin:1.1.61:test-compile (test-compile) @ spring-data-jpa ---
[WARNING] No sources found skipping Kotlin compile
[INFO] 
[INFO] --- maven-compiler-plugin:3.6.1:testCompile (java-test-compile) @ spring-data-jpa ---
[INFO] Changes detected - recompiling the module!
[INFO] Compiling 246 source files to /data-depot/user/Workspace/Reproducibility/Reproducibility-Scanner/reproducer/workspace/Bears-184/target/test-classes
[INFO] /data-depot/user/Workspace/Reproducibility/Reproducibility-Scanner/reproducer/workspace/Bears-184/src/test/java/org/springframework/data/jpa/domain/SpecificationsUnitTests.java: Some input files use or override a deprecated API.
[INFO] /data-depot/user/Workspace/Reproducibility/Reproducibility-Scanner/reproducer/workspace/Bears-184/src/test/java/org/springframework/data/jpa/domain/SpecificationsUnitTests.java: Recompile with -Xlint:deprecation for details.
[INFO] /data-depot/user/Workspace/Reproducibility/Reproducibility-Scanner/reproducer/workspace/Bears-184/src/test/java/org/springframework/data/jpa/repository/config/AbstractAuditingViaJavaConfigRepositoriesTests.java: /data-depot/user/Workspace/Reproducibility/Reproducibility-Scanner/reproducer/workspace/Bears-184/src/test/java/org/springframework/data/jpa/repository/config/AbstractAuditingViaJavaConfigRepositoriesTests.java uses unchecked or unsafe operations.
[INFO] /data-depot/user/Workspace/Reproducibility/Reproducibility-Scanner/reproducer/workspace/Bears-184/src/test/java/org/springframework/data/jpa/repository/config/AbstractAuditingViaJavaConfigRepositoriesTests.java: Recompile with -Xlint:unchecked for details.
[INFO] 
[INFO] --- maven-surefire-plugin:2.12:test (default-test) @ spring-data-jpa ---
[INFO] Surefire report directory: /data-depot/user/Workspace/Reproducibility/Reproducibility-Scanner/reproducer/workspace/Bears-184/target/surefire-reports

-------------------------------------------------------
 T E S T S
-------------------------------------------------------

Results :

Tests run: 0, Failures: 0, Errors: 0, Skipped: 0

[INFO] 
[INFO] --- maven-surefire-plugin:2.12:test (unit-tests) @ spring-data-jpa ---
[INFO] Surefire report directory: /data-depot/user/Workspace/Reproducibility/Reproducibility-Scanner/reproducer/workspace/Bears-184/target/surefire-reports

-------------------------------------------------------
 T E S T S
-------------------------------------------------------
Running org.springframework.data.jpa.provider.PersistenceProviderUnitTests
Tests run: 3, Failures: 0, Errors: 0, Skipped: 0, Time elapsed: 1.489 sec
Running org.springframework.data.jpa.mapping.JpaPersistentPropertyImplUnitTests
Tests run: 15, Failures: 0, Errors: 0, Skipped: 0, Time elapsed: 0.865 sec
Running org.springframework.data.jpa.mapping.JpaMetamodelMappingContextUnitTests
Tests run: 1, Failures: 0, Errors: 0, Skipped: 0, Time elapsed: 0.003 sec
Running org.springframework.data.jpa.support.MergingPersistenceUnitManagerUnitTests
Tests run: 5, Failures: 0, Errors: 0, Skipped: 0, Time elapsed: 0.301 sec
Running org.springframework.data.jpa.support.ClasspathScanningPersistenceUnitPostProcessorUnitTests
Tests run: 8, Failures: 0, Errors: 0, Skipped: 0, Time elapsed: 0.112 sec
Running org.springframework.data.jpa.util.JpaMetamodelUnitTests
Tests run: 1, Failures: 0, Errors: 0, Skipped: 0, Time elapsed: 0.056 sec
Running org.springframework.data.jpa.repository.config.JpaRepositoryConfigExtensionUnitTests
Tests run: 4, Failures: 0, Errors: 0, Skipped: 0, Time elapsed: 0.172 sec
Running org.springframework.data.jpa.repository.config.JpaAuditingRegistrarUnitTests
Tests run: 2, Failures: 0, Errors: 0, Skipped: 0, Time elapsed: 0.052 sec
Running org.springframework.data.jpa.repository.config.JpaRepositoriesRegistrarUnitTests
Tests run: 1, Failures: 0, Errors: 0, Skipped: 0, Time elapsed: 0.252 sec
Running org.springframework.data.jpa.repository.support.DefaultJpaContextUnitTests
Tests run: 2, Failures: 0, Errors: 0, Skipped: 0, Time elapsed: 0.001 sec
Running org.springframework.data.jpa.repository.support.JpaRepositoryFactoryUnitTests
Tests run: 9, Failures: 0, Errors: 0, Skipped: 0, Time elapsed: 0.468 sec
Running org.springframework.data.jpa.repository.support.JpaRepositoryFactoryBeanUnitTests
Tests run: 3, Failures: 0, Errors: 0, Skipped: 0, Time elapsed: 0.156 sec
Running org.springframework.data.jpa.repository.support.JpaEntityInformationSupportUnitTests
Tests run: 2, Failures: 0, Errors: 0, Skipped: 0, Time elapsed: 0.011 sec
Running org.springframework.data.jpa.repository.support.JpaMetamodelEntityInformationUnitTests
Tests run: 1, Failures: 0, Errors: 0, Skipped: 0, Time elapsed: 0.122 sec
Running org.springframework.data.jpa.repository.support.SimpleJpaRepositoryUnitTests
Tests run: 7, Failures: 0, Errors: 0, Skipped: 0, Time elapsed: 0.44 sec
Running org.springframework.data.jpa.repository.support.EntityManagerFactoryRefUnitTests
Tests run: 1, Failures: 0, Errors: 0, Skipped: 0, Time elapsed: 0.275 sec
Running org.springframework.data.jpa.repository.support.JpaPersistableEntityInformationUnitTests
Tests run: 1, Failures: 0, Errors: 0, Skipped: 0, Time elapsed: 0.003 sec
Running org.springframework.data.jpa.repository.support.EntityManagerBeanDefinitionRegistratPostProcessorUnitTests
Tests run: 2, Failures: 0, Errors: 0, Skipped: 0, Time elapsed: 0.027 sec
Running org.springframework.data.jpa.repository.support.CrudMethodMetadataPopulatingMethodInterceptorUnitTests
Tests run: 2, Failures: 0, Errors: 0, Skipped: 0, Time elapsed: 0.017 sec
Running org.springframework.data.jpa.repository.cdi.JpaRepositoryExtensionUnitTests
Tests run: 3, Failures: 0, Errors: 0, Skipped: 0, Time elapsed: 0.03 sec
Running org.springframework.data.jpa.repository.query.QueryUtilsUnitTests
Tests run: 44, Failures: 0, Errors: 0, Skipped: 0, Time elapsed: 0.046 sec
Running org.springframework.data.jpa.repository.query.ParameterBinderUnitTests
Tests run: 11, Failures: 0, Errors: 0, Skipped: 0, Time elapsed: 0.127 sec
Running org.springframework.data.jpa.repository.query.JpaParametersUnitTests
Tests run: 1, Failures: 0, Errors: 0, Skipped: 0, Time elapsed: 0.001 sec
Running org.springframework.data.jpa.repository.query.QuotationMapUnitTests
Tests run: 10, Failures: 0, Errors: 0, Skipped: 0, Time elapsed: 0.026 sec
Running org.springframework.data.jpa.repository.query.NamedQueryUnitTests
Tests run: 2, Failures: 0, Errors: 0, Skipped: 0, Time elapsed: 0.031 sec
Running org.springframework.data.jpa.repository.query.JpaQueryMethodUnitTests
Tests run: 39, Failures: 0, Errors: 0, Skipped: 0, Time elapsed: 0.098 sec
Running org.springframework.data.jpa.repository.query.SimpleJpaQueryUnitTests
Tests run: 11, Failures: 0, Errors: 0, Skipped: 0, Time elapsed: 0.119 sec
Running org.springframework.data.jpa.repository.query.ParameterBindingParserUnitTests
Tests run: 1, Failures: 0, Errors: 0, Skipped: 0, Time elapsed: 0.342 sec
Running org.springframework.data.jpa.repository.query.StoredProcedureAttributesUnitTests
Tests run: 1, Failures: 0, Errors: 0, Skipped: 0, Time elapsed: 0.001 sec
Running org.springframework.data.jpa.repository.query.StringQueryUnitTests
Tests run: 26, Failures: 0, Errors: 0, Skipped: 0, Time elapsed: 0.293 sec
Running org.springframework.data.jpa.repository.query.ParameterMetadataProviderUnitTests
Tests run: 1, Failures: 0, Errors: 0, Skipped: 0, Time elapsed: 0.088 sec
Running org.springframework.data.jpa.repository.query.TupleConverterUnitTests
Tests run: 3, Failures: 0, Errors: 0, Skipped: 0, Time elapsed: 0.068 sec
Running org.springframework.data.jpa.repository.query.Jpa21UtilsUnitTests
Tests run: 1, Failures: 0, Errors: 0, Skipped: 0, Time elapsed: 0.013 sec
Running org.springframework.data.jpa.repository.query.QueryParameterSetterFactoryUnitTests
Tests run: 2, Failures: 0, Errors: 0, Skipped: 0, Time elapsed: 0.13 sec
Running org.springframework.data.jpa.repository.query.ExpressionBasedStringQueryUnitTests
Tests run: 2, Failures: 0, Errors: 0, Skipped: 0, Time elapsed: 0.011 sec
Running org.springframework.data.jpa.repository.query.LikeBindingUnitTests
Tests run: 8, Failures: 0, Errors: 0, Skipped: 0, Time elapsed: 0.004 sec
Running org.springframework.data.jpa.repository.query.JpaQueryExecutionUnitTests
Tests run: 14, Failures: 0, Errors: 0, Skipped: 0, Time elapsed: 0.087 sec
Running org.springframework.data.jpa.repository.query.JpaQueryLookupStrategyUnitTests
Tests run: 2, Failures: 0, Errors: 0, Skipped: 0, Time elapsed: 0.017 sec
Running org.springframework.data.jpa.repository.query.StoredProcedureAttributeSourceUnitTests
Tests run: 8, Failures: 0, Errors: 0, Skipped: 0, Time elapsed: 0.024 sec
Running org.springframework.data.jpa.repository.CrudMethodMetadataUnitTests
Tests run: 3, Failures: 0, Errors: 0, Skipped: 0, Time elapsed: 0.112 sec
Running org.springframework.data.jpa.domain.SpecificationUnitTests
Tests run: 8, Failures: 0, Errors: 0, Skipped: 0, Time elapsed: 0.238 sec
Running org.springframework.data.jpa.domain.support.AnnotationAuditingBeanFactoryPostProcessorUnitTests
Tests run: 4, Failures: 0, Errors: 0, Skipped: 0, Time elapsed: 0.093 sec
Running org.springframework.data.jpa.domain.support.AuditingNamespaceUnitTests
Tests run: 5, Failures: 0, Errors: 0, Skipped: 0, Time elapsed: 0.286 sec
Running org.springframework.data.jpa.domain.support.AuditingBeanFactoryPostProcessorUnitTests
Tests run: 4, Failures: 0, Errors: 0, Skipped: 0, Time elapsed: 0.143 sec
Running org.springframework.data.jpa.domain.SpecificationsUnitTests
Tests run: 8, Failures: 0, Errors: 0, Skipped: 0, Time elapsed: 0.042 sec
Running org.springframework.data.jpa.convert.threeten.Jsr310JpaConvertersUnitTests
Tests run: 5, Failures: 0, Errors: 0, Skipped: 0, Time elapsed: 0.013 sec
Running org.springframework.data.jpa.convert.QueryByExamplePredicateBuilderUnitTests
Tests run: 8, Failures: 0, Errors: 0, Skipped: 0, Time elapsed: 0.091 sec

Results :

Tests run: 305, Failures: 0, Errors: 0, Skipped: 0

[INFO] 
[INFO] --- maven-surefire-plugin:2.12:test (integration-tests) @ spring-data-jpa ---
[INFO] Surefire report directory: /data-depot/user/Workspace/Reproducibility/Reproducibility-Scanner/reproducer/workspace/Bears-184/target/surefire-reports

-------------------------------------------------------
 T E S T S
-------------------------------------------------------
Running org.springframework.data.jpa.provider.PersistenceProviderIntegrationTests
Tests run: 1, Failures: 0, Errors: 0, Skipped: 0, Time elapsed: 5.436 sec
Running org.springframework.data.jpa.infrastructure.HibernateMetamodelIntegrationTests
Tests run: 4, Failures: 0, Errors: 0, Skipped: 3, Time elapsed: 0.808 sec
Running org.springframework.data.jpa.mapping.JpaMetamodelMappingContextIntegrationTests
Tests run: 7, Failures: 0, Errors: 0, Skipped: 0, Time elapsed: 0.96 sec
Running org.springframework.data.jpa.repository.AbstractPersistableIntegrationTests
Tests run: 2, Failures: 0, Errors: 0, Skipped: 0, Time elapsed: 1.505 sec
Running org.springframework.data.jpa.repository.config.QueryLookupStrategyTests
Tests run: 1, Failures: 0, Errors: 0, Skipped: 0, Time elapsed: 0.623 sec
Running org.springframework.data.jpa.repository.config.RepositoriesJavaConfigTests
Tests run: 1, Failures: 0, Errors: 0, Skipped: 0, Time elapsed: 1.007 sec
Running org.springframework.data.jpa.repository.config.ExplicitAuditingViaJavaConfigRepositoriesTests
Tests run: 2, Failures: 0, Errors: 0, Skipped: 0, Time elapsed: 2.059 sec
Running org.springframework.data.jpa.repository.config.DefaultAuditingViaJavaConfigRepositoriesTests
Tests run: 2, Failures: 0, Errors: 0, Skipped: 0, Time elapsed: 0.76 sec
Running org.springframework.data.jpa.repository.config.JpaRepositoryConfigDefinitionParserTests
Tests run: 1, Failures: 0, Errors: 0, Skipped: 0, Time elapsed: 0.19 sec
Running org.springframework.data.jpa.repository.config.JpaRepositoriesRegistrarIntegrationTests
Tests run: 2, Failures: 0, Errors: 0, Skipped: 0, Time elapsed: 0.557 sec
Running org.springframework.data.jpa.repository.config.TypeFilterConfigTests
Tests run: 3, Failures: 0, Errors: 0, Skipped: 0, Time elapsed: 0.886 sec
Running org.springframework.data.jpa.repository.config.RepositoryConfigTests
Tests run: 3, Failures: 0, Errors: 0, Skipped: 0, Time elapsed: 0.716 sec
Running org.springframework.data.jpa.repository.config.AuditingBeanDefinitionParserTests
Tests run: 4, Failures: 0, Errors: 0, Skipped: 0, Time elapsed: 0.082 sec
Running org.springframework.data.jpa.repository.config.NestedRepositoriesJavaConfigTests
Tests run: 1, Failures: 0, Errors: 0, Skipped: 0, Time elapsed: 0.692 sec
Running org.springframework.data.jpa.repository.config.AllowNestedRepositoriesRepositoryConfigTests
Tests run: 4, Failures: 0, Errors: 0, Skipped: 0, Time elapsed: 0.652 sec
Running org.springframework.data.jpa.repository.config.RepositoryAutoConfigTests
Tests run: 3, Failures: 0, Errors: 0, Skipped: 0, Time elapsed: 0.004 sec
Running org.springframework.data.jpa.repository.config.CustomRepositoryFactoryConfigTests
Tests run: 3, Failures: 0, Errors: 0, Skipped: 0, Time elapsed: 0.592 sec
Running org.springframework.data.jpa.repository.UserRepositoryTests
Tests run: 172, Failures: 0, Errors: 0, Skipped: 1, Time elapsed: 4.662 sec
Running org.springframework.data.jpa.repository.RepositoryWithCompositeKeyTests
Tests run: 10, Failures: 0, Errors: 0, Skipped: 0, Time elapsed: 1.136 sec
Running org.springframework.data.jpa.repository.StoredProcedureIntegrationTests
Tests run: 12, Failures: 0, Errors: 0, Skipped: 4, Time elapsed: 0.694 sec
Running org.springframework.data.jpa.repository.support.QuerydslIntegrationTests
Tests run: 1, Failures: 0, Errors: 0, Skipped: 0, Time elapsed: 0.007 sec
Running org.springframework.data.jpa.repository.support.EntityManagerBeanDefinitionRegistrarPostProcessorIntegrationTests
Tests run: 1, Failures: 0, Errors: 0, Skipped: 0, Time elapsed: 1.365 sec
Running org.springframework.data.jpa.repository.support.QuerydslRepositorySupportIntegrationTests
Tests run: 3, Failures: 0, Errors: 0, Skipped: 0, Time elapsed: 0.191 sec
Running org.springframework.data.jpa.repository.support.XmlConfigDefaultTransactionDisablingIntegrationTests
Tests run: 3, Failures: 0, Errors: 0, Skipped: 0, Time elapsed: 0.776 sec
Running org.springframework.data.jpa.repository.support.MailMessageRepositoryIntegrationTests
Tests run: 4, Failures: 0, Errors: 0, Skipped: 0, Time elapsed: 0.028 sec
Running org.springframework.data.jpa.repository.support.DefaultJpaContextIntegrationTests
Tests run: 5, Failures: 0, Errors: 0, Skipped: 0, Time elapsed: 0.738 sec
Running org.springframework.data.jpa.repository.support.EntityManagerFactoryRefTests
Tests run: 2, Failures: 0, Errors: 0, Skipped: 0, Time elapsed: 0.599 sec
Running org.springframework.data.jpa.repository.support.QuerydslRepositorySupportTests
Tests run: 4, Failures: 0, Errors: 0, Skipped: 0, Time elapsed: 0.103 sec
Running org.springframework.data.jpa.repository.support.JavaConfigDefaultTransactionDisablingIntegrationTests
Tests run: 3, Failures: 0, Errors: 0, Skipped: 0, Time elapsed: 0.629 sec
Running org.springframework.data.jpa.repository.support.JpaMetamodelEntityInformationIntegrationTests
Tests run: 18, Failures: 0, Errors: 0, Skipped: 2, Time elapsed: 0.192 sec
Running org.springframework.data.jpa.repository.support.JpaRepositoryTests
Tests run: 4, Failures: 0, Errors: 0, Skipped: 0, Time elapsed: 0.027 sec
Running org.springframework.data.jpa.repository.support.TransactionalRepositoryTests
Tests run: 5, Failures: 0, Errors: 0, Skipped: 0, Time elapsed: 0.793 sec
Running org.springframework.data.jpa.repository.support.QuerydslJpaRepositoryTests
Tests run: 23, Failures: 0, Errors: 0, Skipped: 0, Time elapsed: 0.17 sec
Running org.springframework.data.jpa.repository.SPR8954Tests
Tests run: 1, Failures: 0, Errors: 0, Skipped: 0, Time elapsed: 0.003 sec
Running org.springframework.data.jpa.repository.RedeclaringRepositoryMethodsTests
Tests run: 2, Failures: 0, Errors: 0, Skipped: 0, Time elapsed: 0.007 sec
Running org.springframework.data.jpa.repository.RepositoryWithIdClassKeyTests
Tests run: 1, Failures: 0, Errors: 0, Skipped: 0, Time elapsed: 0.79 sec
Running org.springframework.data.jpa.repository.projections.ProjectionsIntegrationTests
Tests run: 2, Failures: 0, Errors: 0, Skipped: 0, Time elapsed: 0.22 sec
Running org.springframework.data.jpa.repository.ParentRepositoryIntegrationTests
Tests run: 2, Failures: 0, Errors: 0, Skipped: 0, Time elapsed: 0.044 sec
Running org.springframework.data.jpa.repository.cdi.CdiExtensionIntegrationTests
Tests run: 4, Failures: 0, Errors: 0, Skipped: 0, Time elapsed: 0.577 sec
Running org.springframework.data.jpa.repository.query.QueryUtilsIntegrationTests
Tests run: 7, Failures: 0, Errors: 0, Skipped: 0, Time elapsed: 0.224 sec
Running org.springframework.data.jpa.repository.query.PartTreeJpaQueryIntegrationTests
Tests run: 11, Failures: 0, Errors: 0, Skipped: 0, Time elapsed: 0.025 sec
Running org.springframework.data.jpa.repository.query.ParameterExpressionProviderTests
Tests run: 1, Failures: 0, Errors: 0, Skipped: 0, Time elapsed: 0.002 sec
Running org.springframework.data.jpa.repository.query.AbstractJpaQueryTests
Tests run: 5, Failures: 0, Errors: 0, Skipped: 0, Time elapsed: 0.127 sec
Running org.springframework.data.jpa.repository.query.JpaCountQueryCreatorIntegrationTests
Tests run: 1, Failures: 0, Errors: 0, Skipped: 0, Time elapsed: 0.006 sec
Running org.springframework.data.jpa.repository.query.ParameterMetadataProviderIntegrationTests
Tests run: 3, Failures: 0, Errors: 0, Skipped: 0, Time elapsed: 0.003 sec
Running org.springframework.data.jpa.repository.query.Jpa21UtilsTests
Tests run: 6, Failures: 0, Errors: 0, Skipped: 0, Time elapsed: 0.009 sec
Running org.springframework.data.jpa.repository.query.AbstractStringBasedJpaQueryIntegrationTests
Tests run: 1, Failures: 0, Errors: 0, Skipped: 0, Time elapsed: 0.067 sec
Running org.springframework.data.jpa.repository.NamespaceUserRepositoryTests
Tests run: 173, Failures: 0, Errors: 0, Skipped: 1, Time elapsed: 3.11 sec
Running org.springframework.data.jpa.repository.MappedTypeRepositoryIntegrationTests
Tests run: 2, Failures: 0, Errors: 0, Skipped: 0, Time elapsed: 0.032 sec
Running org.springframework.data.jpa.repository.JavaConfigUserRepositoryTests
Tests run: 173, Failures: 0, Errors: 0, Skipped: 1, Time elapsed: 4.86 sec
Running org.springframework.data.jpa.repository.EntityGraphRepositoryMethodsIntegrationTests
Tests run: 9, Failures: 0, Errors: 0, Skipped: 0, Time elapsed: 0.616 sec
Running org.springframework.data.jpa.repository.UserRepositoryStoredProcedureTests
Tests run: 5, Failures: 0, Errors: 0, Skipped: 2, Time elapsed: 0.009 sec
Running org.springframework.data.jpa.repository.ORMInfrastructureTests
Tests run: 1, Failures: 0, Errors: 0, Skipped: 0, Time elapsed: 0.002 sec
Running org.springframework.data.jpa.repository.UserRepositoryFinderTests
Tests run: 17, Failures: 0, Errors: 0, Skipped: 0, Time elapsed: 0.111 sec
Running org.springframework.data.jpa.repository.RoleRepositoryIntegrationTests
Tests run: 5, Failures: 0, Errors: 0, Skipped: 0, Time elapsed: 0.013 sec
Running org.springframework.data.jpa.repository.CustomAbstractPersistableIntegrationTests
Tests run: 1, Failures: 0, Errors: 0, Skipped: 0, Time elapsed: 0.003 sec
Running org.springframework.data.jpa.repository.SimpleJpaParameterBindingTests
Tests run: 2, Failures: 0, Errors: 0, Skipped: 1, Time elapsed: 0.004 sec
Running org.springframework.data.jpa.domain.support.AuditingEntityListenerTests
Tests run: 4, Failures: 0, Errors: 0, Skipped: 0, Time elapsed: 1.154 sec
Running org.springframework.data.jpa.domain.JpaSortTests
Tests run: 21, Failures: 0, Errors: 0, Skipped: 0, Time elapsed: 0.006 sec
Running org.springframework.data.jpa.convert.threetenbp.ThreeTenBackPortJpaConvertersIntegrationTests
Tests run: 1, Failures: 0, Errors: 0, Skipped: 0, Time elapsed: 0.645 sec
Running org.springframework.data.jpa.convert.threeten.Jsr310JpaConvertersIntegrationTests
Tests run: 1, Failures: 0, Errors: 0, Skipped: 0, Time elapsed: 0.517 sec

Results :

Tests run: 776, Failures: 0, Errors: 0, Skipped: 15

[INFO] 
[INFO] --- maven-surefire-plugin:2.12:test (eclipselink-tests) @ spring-data-jpa ---
[INFO] Surefire report directory: /data-depot/user/Workspace/Reproducibility/Reproducibility-Scanner/reproducer/workspace/Bears-184/target/surefire-reports

-------------------------------------------------------
 T E S T S
-------------------------------------------------------
Running org.springframework.data.jpa.infrastructure.EclipseLinkMetamodelIntegrationTests
Tests run: 4, Failures: 0, Errors: 0, Skipped: 3, Time elapsed: 2.714 sec
Running org.springframework.data.jpa.repository.EclipseLinkRepositoryWithCompositeKeyIntegrationTests
Tests run: 1, Failures: 0, Errors: 0, Skipped: 0, Time elapsed: 2.249 sec
Running org.springframework.data.jpa.repository.support.EclipseLinkJpaRepositoryTests
Tests run: 4, Failures: 0, Errors: 0, Skipped: 0, Time elapsed: 0.08 sec
Running org.springframework.data.jpa.repository.support.EclipseLinkJpaMetamodelEntityInformationIntegrationTests
Tests run: 19, Failures: 0, Errors: 0, Skipped: 1, Time elapsed: 0.036 sec
Running org.springframework.data.jpa.repository.support.EclipseLinkProxyIdAccessorTests
Tests run: 1, Failures: 0, Errors: 0, Skipped: 0, Time elapsed: 0.442 sec
Running org.springframework.data.jpa.repository.EclipseLinkParentRepositoryIntegrationTests
Tests run: 2, Failures: 0, Errors: 0, Skipped: 0, Time elapsed: 0.572 sec
Running org.springframework.data.jpa.repository.EclipseLinkEntityGraphRepositoryMethodsIntegrationTests
Tests run: 9, Failures: 0, Errors: 0, Skipped: 8, Time elapsed: 0.69 sec
Running org.springframework.data.jpa.repository.EclipseLinkUserRepositoryFinderTests
Tests run: 17, Failures: 0, Errors: 0, Skipped: 0, Time elapsed: 0.353 sec
Running org.springframework.data.jpa.repository.query.EclipseLinkJpa21UtilsTests
Tests run: 6, Failures: 0, Errors: 0, Skipped: 0, Time elapsed: 0.261 sec
Running org.springframework.data.jpa.repository.query.EclipseLinkQueryUtilsIntegrationTests
Tests run: 7, Failures: 0, Errors: 0, Skipped: 0, Time elapsed: 3.032 sec
Running org.springframework.data.jpa.repository.query.EclipseLinkParameterMetadataProviderIntegrationTests
Tests run: 3, Failures: 0, Errors: 0, Skipped: 0, Time elapsed: 0.013 sec
Running org.springframework.data.jpa.repository.EclipseLinkNamespaceUserRepositoryTests
Tests run: 173, Failures: 0, Errors: 0, Skipped: 3, Time elapsed: 3.557 sec
Running org.springframework.data.jpa.repository.EclipseLinkStoredProcedureIntegrationTests
Tests run: 12, Failures: 0, Errors: 0, Skipped: 4, Time elapsed: 0.3 sec

Results :

Tests run: 258, Failures: 0, Errors: 0, Skipped: 19

[INFO] ------------------------------------------------------------------------
[INFO] BUILD SUCCESS
[INFO] ------------------------------------------------------------------------
[INFO] Total time: 01:40 min
[INFO] Finished at: 2022-07-15T16:26:58-07:00
[INFO] ------------------------------------------------------------------------
Running the tests related to the bug Bears-184...
The tests related to the bug Bears-184 were executed.