Apache Maven 3.5.4 (1edded0938998edf8bf061f1ceb3cfdeccf443fe; 2018-06-17T11:33:14-07:00)
Maven home: /usr/local/apache-maven
Java version: 1.8.0_312, vendor: Private Build, runtime: /usr/lib/jvm/java-8-openjdk-amd64/jre
Default locale: en_US, platform encoding: UTF-8
OS name: "linux", version: "4.15.0-173-generic", arch: "amd64", family: "unix"
[INFO] Scanning for projects...
[INFO] Inspecting build with total of 1 modules...
[INFO] Installing Nexus Staging features:
[INFO]   ... total of 1 executions of maven-deploy-plugin replaced with nexus-staging-maven-plugin
[INFO] 
[INFO] ------------------------< org.dungba:joo-libra >------------------------
[INFO] Building Libra 1.0.3
[INFO] --------------------------------[ jar ]---------------------------------
[INFO] 
[INFO] --- jacoco-maven-plugin:0.7.9:prepare-agent (prepare-agent) @ joo-libra ---
[INFO] argLine set to -javaagent:/home/user/.m2/repository/org/jacoco/org.jacoco.agent/0.7.9/org.jacoco.agent-0.7.9-runtime.jar=destfile=/data-depot/user/Workspace/Reproducibility/Reproducibility-Scanner/reproducer/workspace/Bears-210/target/jacoco.exec
[INFO] 
[INFO] --- maven-resources-plugin:2.6:resources (default-resources) @ joo-libra ---
[INFO] Using 'UTF-8' encoding to copy filtered resources.
[INFO] skip non existing resourceDirectory /data-depot/user/Workspace/Reproducibility/Reproducibility-Scanner/reproducer/workspace/Bears-210/src/main/resources
[INFO] 
[INFO] --- maven-compiler-plugin:3.1:compile (default-compile) @ joo-libra ---
[INFO] Nothing to compile - all classes are up to date
[INFO] 
[INFO] --- maven-resources-plugin:2.6:testResources (default-testResources) @ joo-libra ---
[INFO] Using 'UTF-8' encoding to copy filtered resources.
[INFO] skip non existing resourceDirectory /data-depot/user/Workspace/Reproducibility/Reproducibility-Scanner/reproducer/workspace/Bears-210/src/test/resources
[INFO] 
[INFO] --- maven-compiler-plugin:3.1:testCompile (default-testCompile) @ joo-libra ---
[INFO] Nothing to compile - all classes are up to date
[INFO] 
[INFO] --- maven-surefire-plugin:2.12.4:test (default-test) @ joo-libra ---
[INFO] Surefire report directory: /data-depot/user/Workspace/Reproducibility/Reproducibility-Scanner/reproducer/workspace/Bears-210/target/surefire-reports

-------------------------------------------------------
 T E S T S
-------------------------------------------------------
Running org.joo.libra.test.TestSqlPerf
Setting up...
Parsed expression: AND(EQUALS(name,'John'),GREATER(age,27))
Parsed expression: AND(CONTAIN(bar.foo.collection1,age),EQUALS(data,'ok'),OR(NOT(VAR(female)), EQUALS(name,bar.foo.name)),NOT(EQUALS(bar,null)),MATCH(bar.foo.name,'[Ms]ario.*'))
Warming up...

Testing with Java object...
Elapsed: 11899 ms
Pace: 840351 ops/sec
Avg: 1189 ns

Testing with Map...
Elapsed: 8894 ms
Pace: 1124339 ops/sec
Avg: 889 ns

Test Complex SQL
Elapsed: 15606 ms
Pace: 640757 ops/sec
Avg: 1560 ns

Cleaning up...
Finished
Tests run: 1, Failures: 0, Errors: 0, Skipped: 0, Time elapsed: 36.88 sec
Running org.joo.libra.test.TestSqlSimple
Tests run: 57, Failures: 0, Errors: 0, Skipped: 0, Time elapsed: 0.071 sec
Running org.joo.libra.test.TestSqlComplex
Tests run: 12, Failures: 0, Errors: 0, Skipped: 0, Time elapsed: 0.034 sec
Running org.joo.libra.test.TestSqlOptimized
Tests run: 14, Failures: 0, Errors: 0, Skipped: 0, Time elapsed: 0.029 sec
Running org.joo.libra.test.TestSqlError
Tests run: 7, Failures: 0, Errors: 0, Skipped: 0, Time elapsed: 0.004 sec
Running org.joo.libra.test.TestSqlVariable
Tests run: 68, Failures: 0, Errors: 0, Skipped: 0, Time elapsed: 0.039 sec
Running org.joo.libra.test.TestJavaPredicate
Tests run: 18, Failures: 0, Errors: 0, Skipped: 0, Time elapsed: 0.004 sec
Running org.joo.libra.test.TestSqlMisc
Tests run: 1, Failures: 0, Errors: 0, Skipped: 0, Time elapsed: 0.004 sec

Results :

Tests run: 178, Failures: 0, Errors: 0, Skipped: 0

[INFO] ------------------------------------------------------------------------
[INFO] BUILD SUCCESS
[INFO] ------------------------------------------------------------------------
[INFO] Total time: 39.495 s
[INFO] Finished at: 2022-07-14T17:49:50-07:00
[INFO] ------------------------------------------------------------------------
Running the tests related to the bug Bears-210...
The tests related to the bug Bears-210 were executed.