Apache Maven 3.5.4 (1edded0938998edf8bf061f1ceb3cfdeccf443fe; 2018-06-17T11:33:14-07:00)
Maven home: /usr/local/apache-maven
Java version: 1.8.0_312, vendor: Private Build, runtime: /usr/lib/jvm/java-8-openjdk-amd64/jre
Default locale: en_US, platform encoding: UTF-8
OS name: "linux", version: "4.15.0-173-generic", arch: "amd64", family: "unix"
[INFO] Scanning for projects...
[INFO] 
[INFO] ------------< org.springframework.data:spring-data-commons >------------
[INFO] Building Spring Data Core 1.13.0.BUILD-SNAPSHOT
[INFO] --------------------------------[ jar ]---------------------------------
[INFO] Downloading from spring-plugins-release: https://repo.spring.io/plugins-release/com/springsource/bundlor/com.springsource.bundlor.maven/1.0.0.RELEASE/com.springsource.bundlor.maven-1.0.0.RELEASE.pom
[INFO] ------------------------------------------------------------------------
[INFO] BUILD FAILURE
[INFO] ------------------------------------------------------------------------
[INFO] Total time: 1.290 s
[INFO] Finished at: 2022-07-13T18:14:03-07:00
[INFO] ------------------------------------------------------------------------
[ERROR] Plugin com.springsource.bundlor:com.springsource.bundlor.maven:1.0.0.RELEASE or one of its dependencies could not be resolved: Failed to read artifact descriptor for com.springsource.bundlor:com.springsource.bundlor.maven:jar:1.0.0.RELEASE: Could not transfer artifact com.springsource.bundlor:com.springsource.bundlor.maven:pom:1.0.0.RELEASE from/to spring-plugins-release (https://repo.spring.io/plugins-release): Not authorized , ReasonPhrase:Unauthorized. -> [Help 1]
[ERROR] 
[ERROR] To see the full stack trace of the errors, re-run Maven with the -e switch.
[ERROR] Re-run Maven using the -X switch to enable full debug logging.
[ERROR] 
[ERROR] For more information about the errors and possible solutions, please read the following articles:
[ERROR] [Help 1] http://cwiki.apache.org/confluence/display/MAVEN/PluginResolutionException
Running the tests related to the bug Bears-85...
The tests related to the bug Bears-85 were executed.