Apache Maven 3.5.4 (1edded0938998edf8bf061f1ceb3cfdeccf443fe; 2018-06-17T11:33:14-07:00)
Maven home: /usr/local/apache-maven
Java version: 1.8.0_312, vendor: Private Build, runtime: /usr/lib/jvm/java-8-openjdk-amd64/jre
Default locale: en_US, platform encoding: UTF-8
OS name: "linux", version: "4.15.0-173-generic", arch: "amd64", family: "unix"
[INFO] Scanning for projects...
[INFO] 
[INFO] ------------< com.fasterxml.jackson.core:jackson-databind >-------------
[INFO] Building jackson-databind 2.8.8-SNAPSHOT
[INFO] -------------------------------[ bundle ]-------------------------------
[WARNING] The POM for com.fasterxml.jackson.core:jackson-core:jar:2.8.8-SNAPSHOT is missing, no dependency information available
[WARNING] The artifact javax.measure:jsr-275:jar:1.0.0 has been relocated to javax.measure:jsr-275:jar:0.9.1
[INFO] ------------------------------------------------------------------------
[INFO] BUILD FAILURE
[INFO] ------------------------------------------------------------------------
[INFO] Total time: 0.943 s
[INFO] Finished at: 2022-07-13T17:25:02-07:00
[INFO] ------------------------------------------------------------------------
[ERROR] Failed to execute goal on project jackson-databind: Could not resolve dependencies for project com.fasterxml.jackson.core:jackson-databind:bundle:2.8.8-SNAPSHOT: Failure to find com.fasterxml.jackson.core:jackson-core:jar:2.8.8-SNAPSHOT in https://oss.sonatype.org/content/repositories/snapshots was cached in the local repository, resolution will not be reattempted until the update interval of sonatype-nexus-snapshots has elapsed or updates are forced -> [Help 1]
[ERROR] 
[ERROR] To see the full stack trace of the errors, re-run Maven with the -e switch.
[ERROR] Re-run Maven using the -X switch to enable full debug logging.
[ERROR] 
[ERROR] For more information about the errors and possible solutions, please read the following articles:
[ERROR] [Help 1] http://cwiki.apache.org/confluence/display/MAVEN/DependencyResolutionException
Running the tests related to the bug Bears-12...
The tests related to the bug Bears-12 were executed.