travis_fold:start:system_info[0K[33;1mBuild system information[0m
Build language: java
Build group: stable
Build dist: precise
Build id: ''
Job id: ''
[34m[1mBuild image provisioning date and time[0m
Thu Feb  5 15:09:33 UTC 2015
[34m[1mOperating System Details[0m
Distributor ID:	Ubuntu
Description:	Ubuntu 12.04.5 LTS
Release:	12.04
Codename:	precise
[34m[1mLinux Version[0m
3.13.0-29-generic
[34m[1mCookbooks Version[0m
a68419e https://github.com/travis-ci/travis-cookbooks/tree/a68419e
[34m[1mGCC version[0m
gcc (Ubuntu/Linaro 4.6.3-1ubuntu5) 4.6.3
Copyright (C) 2011 Free Software Foundation, Inc.
This is free software; see the source for copying conditions.  There is NO
warranty; not even for MERCHANTABILITY or FITNESS FOR A PARTICULAR PURPOSE.

[34m[1mLLVM version[0m
clang version 3.4 (tags/RELEASE_34/final)
Target: x86_64-unknown-linux-gnu
Thread model: posix
[34m[1mPre-installed Ruby versions[0m
ruby-1.9.3-p551
[34m[1mPre-installed Node.js versions[0m
v0.10.36
[34m[1mPre-installed Go versions[0m
1.4.1
[34m[1mRedis version[0m
redis-server 2.8.19
[34m[1mriak version[0m
2.0.2
[34m[1mMongoDB version[0m
MongoDB 2.4.12
[34m[1mCouchDB version[0m
couchdb 1.6.1
[34m[1mNeo4j version[0m
1.9.4
[34m[1mRabbitMQ Version[0m
3.4.3
[34m[1mElasticSearch version[0m
1.4.0
[34m[1mInstalled Sphinx versions[0m
2.0.10
2.1.9
2.2.6
[34m[1mDefault Sphinx version[0m
2.2.6
[34m[1mInstalled Firefox version[0m
firefox 31.0esr
[34m[1mPhantomJS version[0m
1.9.8
[34m[1mant -version[0m
Apache Ant(TM) version 1.8.2 compiled on December 3 2011
[34m[1mmvn -version[0m
Apache Maven 3.2.5 (12a6b3acb947671f09b81f49094c53f426d8cea1; 2014-12-14T17:29:23+00:00)
Maven home: /usr/local/maven
Java version: 1.7.0_76, vendor: Oracle Corporation
Java home: /usr/lib/jvm/java-7-oracle/jre
Default locale: en_US, platform encoding: ANSI_X3.4-1968
OS name: "linux", version: "3.13.0-29-generic", arch: "amd64", family: "unix"
travis_fold:end:system_info[0K
W: Failed to fetch http://us.archive.ubuntu.com/ubuntu/dists/precise/main/source/Sources  404  Not Found [IP: 91.189.91.38 80]

W: Failed to fetch http://us.archive.ubuntu.com/ubuntu/dists/precise/restricted/source/Sources  404  Not Found [IP: 91.189.91.38 80]

W: Failed to fetch http://us.archive.ubuntu.com/ubuntu/dists/precise/universe/source/Sources  404  Not Found [IP: 91.189.91.38 80]

W: Failed to fetch http://us.archive.ubuntu.com/ubuntu/dists/precise/multiverse/source/Sources  404  Not Found [IP: 91.189.91.38 80]

W: Failed to fetch http://us.archive.ubuntu.com/ubuntu/dists/precise/main/binary-amd64/Packages  404  Not Found [IP: 91.189.91.38 80]

W: Failed to fetch http://us.archive.ubuntu.com/ubuntu/dists/precise/restricted/binary-amd64/Packages  404  Not Found [IP: 91.189.91.38 80]

W: Failed to fetch http://us.archive.ubuntu.com/ubuntu/dists/precise/universe/binary-amd64/Packages  404  Not Found [IP: 91.189.91.38 80]

W: Failed to fetch http://us.archive.ubuntu.com/ubuntu/dists/precise/multiverse/binary-amd64/Packages  404  Not Found [IP: 91.189.91.38 80]

W: Failed to fetch http://us.archive.ubuntu.com/ubuntu/dists/precise/main/binary-i386/Packages  404  Not Found [IP: 91.189.91.38 80]

W: Failed to fetch http://us.archive.ubuntu.com/ubuntu/dists/precise/restricted/binary-i386/Packages  404  Not Found [IP: 91.189.91.38 80]

W: Failed to fetch http://us.archive.ubuntu.com/ubuntu/dists/precise/universe/binary-i386/Packages  404  Not Found [IP: 91.189.91.38 80]

W: Failed to fetch http://us.archive.ubuntu.com/ubuntu/dists/precise/multiverse/binary-i386/Packages  404  Not Found [IP: 91.189.91.38 80]

W: Failed to fetch http://us.archive.ubuntu.com/ubuntu/dists/precise-updates/main/source/Sources  404  Not Found [IP: 91.189.91.38 80]

W: Failed to fetch http://us.archive.ubuntu.com/ubuntu/dists/precise-updates/restricted/source/Sources  404  Not Found [IP: 91.189.91.38 80]

W: Failed to fetch http://us.archive.ubuntu.com/ubuntu/dists/precise-updates/universe/source/Sources  404  Not Found [IP: 91.189.91.38 80]

W: Failed to fetch http://us.archive.ubuntu.com/ubuntu/dists/precise-updates/multiverse/source/Sources  404  Not Found [IP: 91.189.91.38 80]

W: Failed to fetch http://us.archive.ubuntu.com/ubuntu/dists/precise-updates/main/binary-amd64/Packages  404  Not Found [IP: 91.189.91.38 80]

W: Failed to fetch http://us.archive.ubuntu.com/ubuntu/dists/precise-updates/restricted/binary-amd64/Packages  404  Not Found [IP: 91.189.91.38 80]

W: Failed to fetch http://us.archive.ubuntu.com/ubuntu/dists/precise-updates/universe/binary-amd64/Packages  404  Not Found [IP: 91.189.91.38 80]

W: Failed to fetch http://us.archive.ubuntu.com/ubuntu/dists/precise-updates/multiverse/binary-amd64/Packages  404  Not Found [IP: 91.189.91.38 80]

W: Failed to fetch http://us.archive.ubuntu.com/ubuntu/dists/precise-updates/main/binary-i386/Packages  404  Not Found [IP: 91.189.91.38 80]

W: Failed to fetch http://us.archive.ubuntu.com/ubuntu/dists/precise-updates/restricted/binary-i386/Packages  404  Not Found [IP: 91.189.91.38 80]

W: Failed to fetch http://us.archive.ubuntu.com/ubuntu/dists/precise-updates/universe/binary-i386/Packages  404  Not Found [IP: 91.189.91.38 80]

W: Failed to fetch http://us.archive.ubuntu.com/ubuntu/dists/precise-updates/multiverse/binary-i386/Packages  404  Not Found [IP: 91.189.91.38 80]

W: Failed to fetch http://security.ubuntu.com/ubuntu/dists/precise-security/main/source/Sources  404  Not Found [IP: 91.189.91.39 80]

W: Failed to fetch http://security.ubuntu.com/ubuntu/dists/precise-security/restricted/source/Sources  404  Not Found [IP: 91.189.91.39 80]

W: Failed to fetch http://security.ubuntu.com/ubuntu/dists/precise-security/universe/source/Sources  404  Not Found [IP: 91.189.91.39 80]

W: Failed to fetch http://security.ubuntu.com/ubuntu/dists/precise-security/multiverse/source/Sources  404  Not Found [IP: 91.189.91.39 80]

W: Failed to fetch http://security.ubuntu.com/ubuntu/dists/precise-security/main/binary-amd64/Packages  404  Not Found [IP: 91.189.91.39 80]

W: Failed to fetch http://security.ubuntu.com/ubuntu/dists/precise-security/restricted/binary-amd64/Packages  404  Not Found [IP: 91.189.91.39 80]

W: Failed to fetch http://security.ubuntu.com/ubuntu/dists/precise-security/universe/binary-amd64/Packages  404  Not Found [IP: 91.189.91.39 80]

W: Failed to fetch http://security.ubuntu.com/ubuntu/dists/precise-security/multiverse/binary-amd64/Packages  404  Not Found [IP: 91.189.91.39 80]

W: Failed to fetch http://security.ubuntu.com/ubuntu/dists/precise-security/main/binary-i386/Packages  404  Not Found [IP: 91.189.91.39 80]

W: Failed to fetch http://security.ubuntu.com/ubuntu/dists/precise-security/restricted/binary-i386/Packages  404  Not Found [IP: 91.189.91.39 80]

W: Failed to fetch http://security.ubuntu.com/ubuntu/dists/precise-security/universe/binary-i386/Packages  404  Not Found [IP: 91.189.91.39 80]

W: Failed to fetch http://security.ubuntu.com/ubuntu/dists/precise-security/multiverse/binary-i386/Packages  404  Not Found [IP: 91.189.91.39 80]

W: Failed to fetch http://us.archive.ubuntu.com/ubuntu/dists/precise-backports/main/source/Sources  404  Not Found [IP: 91.189.91.38 80]

W: Failed to fetch http://us.archive.ubuntu.com/ubuntu/dists/precise-backports/restricted/source/Sources  404  Not Found [IP: 91.189.91.38 80]

W: Failed to fetch http://us.archive.ubuntu.com/ubuntu/dists/precise-backports/universe/source/Sources  404  Not Found [IP: 91.189.91.38 80]

W: Failed to fetch http://us.archive.ubuntu.com/ubuntu/dists/precise-backports/multiverse/source/Sources  404  Not Found [IP: 91.189.91.38 80]

W: Failed to fetch http://us.archive.ubuntu.com/ubuntu/dists/precise-backports/main/binary-amd64/Packages  404  Not Found [IP: 91.189.91.38 80]

W: Failed to fetch http://us.archive.ubuntu.com/ubuntu/dists/precise-backports/restricted/binary-amd64/Packages  404  Not Found [IP: 91.189.91.38 80]

W: Failed to fetch http://us.archive.ubuntu.com/ubuntu/dists/precise-backports/universe/binary-amd64/Packages  404  Not Found [IP: 91.189.91.38 80]

W: Failed to fetch http://us.archive.ubuntu.com/ubuntu/dists/precise-backports/multiverse/binary-amd64/Packages  404  Not Found [IP: 91.189.91.38 80]

W: Failed to fetch http://us.archive.ubuntu.com/ubuntu/dists/precise-backports/main/binary-i386/Packages  404  Not Found [IP: 91.189.91.38 80]

W: Failed to fetch http://us.archive.ubuntu.com/ubuntu/dists/precise-backports/restricted/binary-i386/Packages  404  Not Found [IP: 91.189.91.38 80]

W: Failed to fetch http://us.archive.ubuntu.com/ubuntu/dists/precise-backports/universe/binary-i386/Packages  404  Not Found [IP: 91.189.91.38 80]

W: Failed to fetch http://us.archive.ubuntu.com/ubuntu/dists/precise-backports/multiverse/binary-i386/Packages  404  Not Found [IP: 91.189.91.38 80]

W: Failed to fetch http://apt.postgresql.org/pub/repos/apt/dists/precise-pgdg/main/binary-amd64/Packages  404  Not Found [IP: 217.196.149.55 80]

W: Failed to fetch http://apt.postgresql.org/pub/repos/apt/dists/precise-pgdg/main/binary-i386/Packages  404  Not Found [IP: 217.196.149.55 80]

W: Failed to fetch http://ppa.launchpad.net/rwky/ppa/ubuntu/dists/precise/main/binary-amd64/Packages  403  Forbidden

W: Failed to fetch http://ppa.launchpad.net/rwky/ppa/ubuntu/dists/precise/main/binary-i386/Packages  403  Forbidden

W: Failed to fetch http://ppa.launchpad.net/travis-ci/zero-mq/ubuntu/dists/precise/main/binary-amd64/Packages  403  Forbidden

W: Failed to fetch http://ppa.launchpad.net/travis-ci/zero-mq/ubuntu/dists/precise/main/binary-i386/Packages  403  Forbidden

W: Failed to fetch http://downloads-distro.mongodb.org/repo/debian-sysvinit/dists/dist/10gen/binary-amd64/Packages  Undetermined Error [IP: 52.206.222.245 80]

W: Failed to fetch http://downloads-distro.mongodb.org/repo/debian-sysvinit/dists/dist/10gen/binary-i386/Packages  Undetermined Error [IP: 52.206.222.245 80]

E: Some index files failed to download. They have been ignored, or old ones used instead.
sed: cannot rename /etc/hosts: Device or resource busy
sed: cannot rename /etc/hosts: Device or resource busy
$ jdk_switcher use openjdk7
Switching to OpenJDK7 (java-1.7.0-openjdk-amd64), JAVA_HOME will be set to /usr/lib/jvm/java-7-openjdk-amd64
$ cd passed/Whiley/WhileyCompiler
$ java -Xmx32m -version
java version "1.7.0_75"
OpenJDK Runtime Environment (IcedTea 2.5.4) (7u75-2.5.4-1~precise1)
OpenJDK 64-Bit Server VM (build 24.75-b04, mixed mode)
$ javac -J-Xmx32m -version
javac 1.7.0_75
travis_time:start:15c1636c[0K$ ant build-all test-all
Buildfile: /home/travis/build/passed/Whiley/WhileyCompiler/build.xml
[maven:dependencies] Downloading: junit/junit/4.12/junit-4.12.pom from repository central at http://insecure.repo1.maven.org/maven2
[maven:dependencies] Transferring 23K from central
[maven:dependencies] Downloading: org/hamcrest/hamcrest-core/1.3/hamcrest-core-1.3.pom from repository central at http://insecure.repo1.maven.org/maven2
[maven:dependencies] Transferring 1K from central
[maven:dependencies] Downloading: org/hamcrest/hamcrest-parent/1.3/hamcrest-parent-1.3.pom from repository central at http://insecure.repo1.maven.org/maven2
[maven:dependencies] Transferring 2K from central
[maven:dependencies] Downloading: junit/junit/4.12/junit-4.12.jar from repository central at http://insecure.repo1.maven.org/maven2
[maven:dependencies] Downloading: org/hamcrest/hamcrest-core/1.3/hamcrest-core-1.3.jar from repository central at http://insecure.repo1.maven.org/maven2
[maven:dependencies] Transferring 44K from central
[maven:dependencies] Transferring 308K from central

build-all:

compile-wybs:
    [javac] Compiling 29 source files
    [javac] Note: Some input files use unchecked or unsafe operations.
    [javac] Note: Recompile with -Xlint:unchecked for details.

build:
    [mkdir] Created dir: /home/travis/build/passed/Whiley/WhileyCompiler/modules/wybs/tmp
      [jar] Building jar: /home/travis/build/passed/Whiley/WhileyCompiler/lib/wybs-v0.3.37.jar
   [delete] Deleting directory /home/travis/build/passed/Whiley/WhileyCompiler/modules/wybs/tmp
     [echo] =============================================
     [echo] BUILT: lib/wybs-v0.3.37.jar
     [echo] =============================================

compile-wycs:
     [wyrl] Compiling wyrl file (2 modified dependencies)
     [wyrl] Compiling wyrl file (7 modified dependencies)
    [javac] Compiling 39 source files
    [javac] Note: Some input files use unchecked or unsafe operations.
    [javac] Note: Recompile with -Xlint:unchecked for details.
     [wycs] Compiled 1 source file(s)

build:
    [mkdir] Created dir: /home/travis/build/passed/Whiley/WhileyCompiler/modules/wycs/tmp
      [jar] Building jar: /home/travis/build/passed/Whiley/WhileyCompiler/lib/wycs-v0.3.37.jar
   [delete] Deleting directory /home/travis/build/passed/Whiley/WhileyCompiler/modules/wycs/tmp
     [echo] =============================================
     [echo] BUILT: lib/wycs-v0.3.37.jar
     [echo] =============================================

compile-wyil:
    [javac] Compiling 57 source files
    [javac] Note: Some input files use unchecked or unsafe operations.
    [javac] Note: Recompile with -Xlint:unchecked for details.

build:
    [mkdir] Created dir: /home/travis/build/passed/Whiley/WhileyCompiler/modules/wyil/tmp
      [jar] Building jar: /home/travis/build/passed/Whiley/WhileyCompiler/lib/wyil-v0.3.37.jar
   [delete] Deleting directory /home/travis/build/passed/Whiley/WhileyCompiler/modules/wyil/tmp
     [echo] =============================================
     [echo] BUILT: lib/wyil-v0.3.37.jar
     [echo] =============================================

compile-wyc:
    [javac] Compiling 15 source files
    [javac] Note: Some input files use unchecked or unsafe operations.
    [javac] Note: Recompile with -Xlint:unchecked for details.

build:
    [mkdir] Created dir: /home/travis/build/passed/Whiley/WhileyCompiler/modules/wyc/tmp
      [jar] Building jar: /home/travis/build/passed/Whiley/WhileyCompiler/lib/wyc-v0.3.37.jar
   [delete] Deleting directory /home/travis/build/passed/Whiley/WhileyCompiler/modules/wyc/tmp
     [echo] =============================================
     [echo] BUILT: lib/wyc-v0.3.37.jar
     [echo] =============================================

compile-wyrt:
      [wyc] Compiled 12 source file(s)

build:
      [jar] Building jar: /home/travis/build/passed/Whiley/WhileyCompiler/lib/wyrt-v0.3.37.jar
     [echo] =============================================
     [echo] BUILT: lib/wyrt-v0.3.37.jar
     [echo] =============================================

compile-wyjc:
    [javac] Compiling 17 source files
    [javac] Note: Some input files use unchecked or unsafe operations.
    [javac] Note: Recompile with -Xlint:unchecked for details.
     [wyjc] Compiled 12 source file(s)

build:
    [mkdir] Created dir: /home/travis/build/passed/Whiley/WhileyCompiler/modules/wyjc/tmp
      [jar] Building jar: /home/travis/build/passed/Whiley/WhileyCompiler/lib/wyjc-v0.3.37.jar
   [delete] Deleting directory /home/travis/build/passed/Whiley/WhileyCompiler/modules/wyjc/tmp
     [echo] =============================================
     [echo] BUILT: lib/wyjc-v0.3.37.jar
     [echo] =============================================

build-all:

compile-wybs:

build:
    [mkdir] Created dir: /home/travis/build/passed/Whiley/WhileyCompiler/modules/wybs/tmp
   [delete] Deleting directory /home/travis/build/passed/Whiley/WhileyCompiler/modules/wybs/tmp
     [echo] =============================================
     [echo] BUILT: lib/wybs-v0.3.37.jar
     [echo] =============================================

compile-wycs:
     [wyrl] Compiling 0 wyrl file(s)
     [wyrl] Compiling 0 wyrl file(s)
     [wycs] Compiled 0 source file(s)

build:
    [mkdir] Created dir: /home/travis/build/passed/Whiley/WhileyCompiler/modules/wycs/tmp
   [delete] Deleting directory /home/travis/build/passed/Whiley/WhileyCompiler/modules/wycs/tmp
     [echo] =============================================
     [echo] BUILT: lib/wycs-v0.3.37.jar
     [echo] =============================================

compile-wyil:

build:
    [mkdir] Created dir: /home/travis/build/passed/Whiley/WhileyCompiler/modules/wyil/tmp
   [delete] Deleting directory /home/travis/build/passed/Whiley/WhileyCompiler/modules/wyil/tmp
     [echo] =============================================
     [echo] BUILT: lib/wyil-v0.3.37.jar
     [echo] =============================================

compile-wyc:

build:
    [mkdir] Created dir: /home/travis/build/passed/Whiley/WhileyCompiler/modules/wyc/tmp
   [delete] Deleting directory /home/travis/build/passed/Whiley/WhileyCompiler/modules/wyc/tmp
     [echo] =============================================
     [echo] BUILT: lib/wyc-v0.3.37.jar
     [echo] =============================================

compile-wyrt:
      [wyc] Compiled 0 source file(s)

build:
     [echo] =============================================
     [echo] BUILT: lib/wyrt-v0.3.37.jar
     [echo] =============================================

compile-wyjc:
     [wyjc] Compiled 0 source file(s)

build:
    [mkdir] Created dir: /home/travis/build/passed/Whiley/WhileyCompiler/modules/wyjc/tmp
   [delete] Deleting directory /home/travis/build/passed/Whiley/WhileyCompiler/modules/wyjc/tmp
     [echo] =============================================
     [echo] BUILT: lib/wyjc-v0.3.37.jar
     [echo] =============================================

test-all:

test:

test:

test:

compile-wyc:

test-compile-wyc:
    [javac] Compiling 4 source files
    [javac] Note: /home/travis/build/passed/Whiley/WhileyCompiler/modules/wyc/src/wyc/testing/TestUtils.java uses unchecked or unsafe operations.
    [javac] Note: Recompile with -Xlint:unchecked for details.

test:
    [junit] Running wyc.testing.AllInvalidTests
    [junit] Testsuite: wyc.testing.AllInvalidTests
    [junit] Tests run: 164, Failures: 0, Errors: 0, Time elapsed: 16.252 sec
    [junit] Tests run: 164, Failures: 0, Errors: 0, Time elapsed: 16.252 sec
    [junit] ------------- Standard Error -----------------
    [junit] WARNING: version numbering unavailable
    [junit] ------------- ---------------- ---------------
    [junit] 
    [junit] Testcase: RealAdd_Invalid_1 took 0.25 sec
    [junit] Testcase: RealConvert_Invalid_1 took 0.534 sec
    [junit] Testcase: RealConvert_Invalid_2 took 0.011 sec
    [junit] Testcase: Coercion_Invalid_1 took 0.199 sec
    [junit] Testcase: Coercion_Invalid_2 took 0.028 sec
    [junit] Testcase: RecursiveType_Invalid_3 took 0.024 sec
    [junit] Testcase: RecursiveType_Invalid_5 took 0.018 sec
    [junit] Testcase: Parameter_Invalid_1 took 0.024 sec
    [junit] Testcase: Parameter_Invalid_2 took 0.02 sec
    [junit] Testcase: Return_Invalid_10 took 0.02 sec
    [junit] Testcase: Return_Invalid_11 took 0.014 sec
    [junit] Testcase: TupleDefine_Invalid_1 took 0.013 sec
    [junit] Testcase: ListAssign_Invalid_1 took 0.047 sec
    [junit] Testcase: Assign_Invalid_1 took 0.089 sec
    [junit] Testcase: Assign_Invalid_2 took 0.025 sec
    [junit] Testcase: Assign_Invalid_3 took 0.025 sec
    [junit] Testcase: Assign_Invalid_4 took 0.014 sec
    [junit] Testcase: Assign_Invalid_5 took 0.008 sec
    [junit] Testcase: Assign_Invalid_6 took 0.089 sec
    [junit] Testcase: Assign_Invalid_7 took 0.007 sec
    [junit] Testcase: Assign_Invalid_8 took 0.006 sec
    [junit] Testcase: Assign_Invalid_9 took 0.043 sec
    [junit] Testcase: XOR_Invalid_1 took 0.025 sec
    [junit] Testcase: Record_Invalid_1 took 0.078 sec
    [junit] Testcase: Record_Invalid_2 took 0.015 sec
    [junit] Testcase: Record_Invalid_3 took 0.013 sec
    [junit] Testcase: Switch_Invalid_1 took 0.014 sec
    [junit] Testcase: Switch_Invalid_2 took 0.011 sec
    [junit] Testcase: Switch_Invalid_3 took 0.011 sec
    [junit] Testcase: Switch_Invalid_4 took 0.012 sec
    [junit] Testcase: Switch_Invalid_5 took 0.013 sec
    [junit] Testcase: Switch_Invalid_7 took 0.008 sec
    [junit] Testcase: ConstrainedInt_Invalid_2 took 0.198 sec
    [junit] Testcase: ConstrainedInt_Invalid_3 took 0.217 sec
    [junit] Testcase: ConstrainedInt_Invalid_4 took 1.39 sec
    [junit] Testcase: ConstrainedInt_Invalid_5 took 0.3 sec
    [junit] Testcase: ConstrainedInt_Invalid_6 took 0.407 sec
    [junit] Testcase: Assert_Invalid_1 took 0.085 sec
    [junit] Testcase: Assert_Invalid_2 took 0.245 sec
    [junit] Testcase: MethodCall_Invalid_1 took 0.024 sec
    [junit] Testcase: MethodCall_Invalid_2 took 0.015 sec
    [junit] Testcase: MethodCall_Invalid_3 took 0.006 sec
    [junit] Testcase: MethodCall_Invalid_4 took 0.067 sec
    [junit] Testcase: MethodCall_Invalid_5 took 0.07 sec
    [junit] Testcase: MethodCall_Invalid_6 took 0.077 sec
    [junit] Testcase: MethodCall_Invalid_7 took 0.066 sec
    [junit] Testcase: MethodCall_Invalid_8 took 0.037 sec
    [junit] Testcase: While_Invalid_1 took 0.047 sec
    [junit] Testcase: While_Invalid_2 took 0.012 sec
    [junit] Testcase: While_Invalid_3 took 0.011 sec
    [junit] Testcase: While_Invalid_4 took 0.006 sec
    [junit] Testcase: While_Invalid_5 took 0.006 sec
    [junit] Testcase: While_Invalid_6 took 0.009 sec
    [junit] Testcase: While_Invalid_7 took 0.337 sec
    [junit] Testcase: While_Invalid_8 took 0.332 sec
    [junit] Testcase: While_Invalid_9 took 0.042 sec
    [junit] Testcase: While_Invalid_10 took 0.607 sec
    [junit] Testcase: While_Invalid_11 took 0.3 sec
    [junit] Testcase: While_Invalid_13 took 0.229 sec
    [junit] Testcase: ConstrainedList_Invalid_1 took 0.307 sec
    [junit] Testcase: Quantifiers_Invalid_1 took 0.242 sec
    [junit] Testcase: Quantifiers_Invalid_2 took 0.214 sec
    [junit] Testcase: Quantifiers_Invalid_3 took 0.226 sec
    [junit] Testcase: Quantifiers_Invalid_4 took 0.211 sec
    [junit] Testcase: Quantifiers_Invalid_5 took 0.227 sec
    [junit] Testcase: Quantifiers_Invalid_6 took 0.257 sec
    [junit] Testcase: Quantifiers_Invalid_7 took 0.268 sec
    [junit] Testcase: Quantifiers_Invalid_8 took 0.439 sec
    [junit] Testcase: Byte_Invalid_1 took 0.029 sec
    [junit] Testcase: Requires_Invalid_1 took 0.245 sec
    [junit] Testcase: Constant_Invalid_2 took 0.024 sec
    [junit] Testcase: UnionType_Invalid_1 took 0.052 sec
    [junit] Testcase: UnionType_Invalid_2 took 0.013 sec
    [junit] Testcase: UnionType_Invalid_3 took 0.013 sec
    [junit] Testcase: UnionType_Invalid_4 took 0.013 sec
    [junit] Testcase: UnionType_Invalid_5 took 0.015 sec
    [junit] Testcase: UnionType_Invalid_6 took 0.014 sec
    [junit] Testcase: TypeEquals_Invalid_1 took 0.03 sec
    [junit] Testcase: TypeEquals_Invalid_2 took 0.008 sec
    [junit] Testcase: TypeEquals_Invalid_6 took 0.21 sec
    [junit] Testcase: RealDiv_Invalid_1 took 0.015 sec
    [junit] Testcase: RealDiv_Invalid_2 took 0.234 sec
    [junit] Testcase: ListGenerator_Invalid_1 took 0.172 sec
    [junit] Testcase: ListGenerator_Invalid_2 took 0.174 sec
    [junit] Testcase: ListGenerator_Invalid_3 took 0.131 sec
    [junit] Testcase: ListGenerator_Invalid_4 took 0.135 sec
    [junit] Testcase: ListLength_Invalid_1 took 0.225 sec
    [junit] Testcase: ListLength_Invalid_3 took 0.16 sec
    [junit] Testcase: Ensures_Invalid_1 took 0.144 sec
    [junit] Testcase: Ensures_Invalid_2 took 0.166 sec
    [junit] Testcase: Ensures_Invalid_3 took 0.173 sec
    [junit] Testcase: Process_Invalid_1 took 0.025 sec
    [junit] Testcase: Cast_Invalid_1 took 0.006 sec
    [junit] Testcase: Cast_Invalid_2 took 0.006 sec
    [junit] Testcase: Cast_Invalid_3 took 0.01 sec
    [junit] Testcase: Cast_Invalid_4 took 0.02 sec
    [junit] Testcase: IntDiv_Invalid_1 took 0.203 sec
    [junit] Testcase: ListConversion_Invalid_1 took 0.011 sec
    [junit] Testcase: Return_Invalid_1 took 0.007 sec
    [junit] Testcase: Return_Invalid_2 took 0.006 sec
    [junit] Testcase: Return_Invalid_3 took 0.006 sec
    [junit] Testcase: Return_Invalid_4 took 0.006 sec
    [junit] Testcase: Return_Invalid_5 took 0.006 sec
    [junit] Testcase: Return_Invalid_6 took 0.008 sec
    [junit] Testcase: Return_Invalid_7 took 0.007 sec
    [junit] Testcase: Return_Invalid_8 took 0.009 sec
    [junit] Testcase: Return_Invalid_9 took 0.007 sec
    [junit] Testcase: VarDecl_Invalid_1 took 0.01 sec
    [junit] Testcase: VarDecl_Invalid_2 took 0.221 sec
    [junit] Testcase: VarDecl_Invalid_3 took 0.007 sec
    [junit] Testcase: If_Invalid_1 took 0.026 sec
    [junit] Testcase: If_Invalid_2 took 0.006 sec
    [junit] Testcase: If_Invalid_4 took 0.005 sec
    [junit] Testcase: If_Invalid_5 took 0.012 sec
    [junit] Testcase: FunctionRef_Invalid_1 took 0.005 sec
    [junit] Testcase: FunctionRef_Invalid_2 took 0.009 sec
    [junit] Testcase: FunctionRef_Invalid_3 took 0.006 sec
    [junit] Testcase: FunctionRef_Invalid_4 took 0.013 sec
    [junit] Testcase: FunctionRef_Invalid_5 took 0.009 sec
    [junit] Testcase: FunctionRef_Invalid_6 took 0.009 sec
    [junit] Testcase: FunctionRef_Invalid_7 took 0.01 sec
    [junit] Testcase: MultiAssign_Invalid_1 took 0.016 sec
    [junit] Testcase: ConstrainedRecord_Invalid_1 took 0.202 sec
    [junit] Testcase: NegationType_Invalid_1 took 0.007 sec
    [junit] Testcase: NegationType_Invalid_3 took 0.012 sec
    [junit] Testcase: ProcessAccess_Invalid_1 took 0.009 sec
    [junit] Testcase: ProcessAccess_Invalid_2 took 0.014 sec
    [junit] Testcase: ProcessAccess_Invalid_3 took 0.009 sec
    [junit] Testcase: Remainder_Invalid_1 took 0.017 sec
    [junit] Testcase: Remainder_Invalid_2 took 0.005 sec
    [junit] Testcase: Remainder_Invalid_3 took 0.011 sec
    [junit] Testcase: Import_Invalid_1 took 0.009 sec
    [junit] Testcase: ListEmpty_Invalid_1 took 0.01 sec
    [junit] Testcase: ListEmpty_Invalid_2 took 0.187 sec
    [junit] Testcase: OpenRecord_Invalid_3 took 0.01 sec
    [junit] Testcase: OpenRecord_Invalid_4 took 0.025 sec
    [junit] Testcase: OpenRecord_Invalid_5 took 0.008 sec
    [junit] Testcase: OpenRecord_Invalid_6 took 0.015 sec
    [junit] Testcase: OpenRecord_Invalid_7 took 0.01 sec
    [junit] Testcase: DefiniteAssign_Invalid_1 took 0.042 sec
    [junit] Testcase: DefiniteAssign_Invalid_2 took 0.011 sec
    [junit] Testcase: DefiniteAssign_Invalid_3 took 0.008 sec
    [junit] Testcase: DefiniteAssign_Invalid_4 took 0.024 sec
    [junit] Testcase: Function_Invalid_1 took 0.008 sec
    [junit] Testcase: Function_Invalid_3 took 0.009 sec
    [junit] Testcase: Function_Invalid_4 took 0.048 sec
    [junit] Testcase: ListAccess_Invalid_1 took 0.007 sec
    [junit] Testcase: ListAccess_Invalid_2 took 0.17 sec
    [junit] Testcase: ListAccess_Invalid_3 took 0.014 sec
    [junit] Testcase: ListAccess_Invalid_4 took 0.213 sec
    [junit] Testcase: ListAccess_Invalid_5 took 0.267 sec
    [junit] Testcase: List_Invalid_1 took 0.011 sec
    [junit] Testcase: List_Invalid_2 took 0.013 sec
    [junit] Testcase: List_Invalid_3 took 0.01 sec
    [junit] Testcase: List_Invalid_4 took 0.005 sec
    [junit] Testcase: List_Invalid_5 took 0.016 sec
    [junit] Testcase: List_Invalid_6 took 0.006 sec
    [junit] Testcase: List_Invalid_7 took 0.012 sec
    [junit] Testcase: Subtype_Invalid_1 took 0.247 sec
    [junit] Testcase: Subtype_Invalid_2 took 0.204 sec
    [junit] Testcase: Subtype_Invalid_3 took 0.322 sec
    [junit] Testcase: Subtype_Invalid_4 took 0.261 sec
    [junit] Testcase: Subtype_Invalid_5 took 0.225 sec
    [junit] Testcase: Subtype_Invalid_7 took 0.317 sec
    [junit] Running wyc.testing.AllValidTests
    [junit] Testsuite: wyc.testing.AllValidTests
    [junit] Tests run: 461, Failures: 0, Errors: 0, Time elapsed: 111.641 sec
    [junit] Tests run: 461, Failures: 0, Errors: 0, Time elapsed: 111.641 sec
    [junit] ------------- Standard Error -----------------
    [junit] WARNING: version numbering unavailable
    [junit] ------------- ---------------- ---------------
    [junit] 
    [junit] Testcase: TypeEquals_Valid_1 took 0.469 sec
    [junit] Testcase: TypeEquals_Valid_2 took 0.304 sec
    [junit] Testcase: TypeEquals_Valid_3 took 0.182 sec
    [junit] Testcase: TypeEquals_Valid_5 took 0.168 sec
    [junit] Testcase: TypeEquals_Valid_6 took 0.185 sec
    [junit] Testcase: TypeEquals_Valid_7 took 0.148 sec
    [junit] Testcase: TypeEquals_Valid_8 took 0.157 sec
    [junit] Testcase: TypeEquals_Valid_9 took 0.137 sec
    [junit] Testcase: RecordAccess_Valid_1 took 0.159 sec
    [junit] Testcase: RecordAccess_Valid_2 took 0.172 sec
    [junit] Testcase: Byte_Valid_1 took 0.33 sec
    [junit] Testcase: Byte_Valid_2 took 9.929 sec
    [junit] Testcase: Byte_Valid_3 took 11.444 sec
    [junit] Testcase: Byte_Valid_4 took 11.264 sec
    [junit] Testcase: Byte_Valid_5 took 0.247 sec
    [junit] Testcase: Byte_Valid_6 took 0.247 sec
    [junit] Testcase: Byte_Valid_7 took 0.207 sec
    [junit] Testcase: Byte_Valid_8 took 0.209 sec
    [junit] Testcase: Byte_Valid_9 took 0.603 sec
    [junit] Testcase: ConstrainedList_Valid_11 took 0.228 sec
    [junit] Testcase: ConstrainedList_Valid_12 took 0.302 sec
    [junit] Testcase: ConstrainedList_Valid_14 took 0.145 sec
    [junit] Testcase: ConstrainedList_Valid_15 took 0.139 sec
    [junit] Testcase: ConstrainedList_Valid_16 took 0.21 sec
    [junit] Testcase: ConstrainedList_Valid_17 took 0.274 sec
    [junit] Testcase: ConstrainedList_Valid_18 took 0.16 sec
    [junit] Testcase: ConstrainedList_Valid_19 took 0.223 sec
    [junit] Testcase: ConstrainedList_Valid_20 took 0.18 sec
    [junit] Testcase: ConstrainedList_Valid_21 took 0.528 sec
    [junit] Testcase: ConstrainedList_Valid_22 took 0.144 sec
    [junit] Testcase: ConstrainedList_Valid_23 took 0.203 sec
    [junit] Testcase: ConstrainedList_Valid_25 took 0.119 sec
    [junit] Testcase: ConstrainedList_Valid_26 took 0.134 sec
    [junit] Testcase: ConstrainedList_Valid_27 took 0.147 sec
    [junit] Testcase: ConstrainedList_Valid_28 took 0.127 sec
    [junit] Testcase: Resolution_Valid_1 took 0.134 sec
    [junit] Testcase: IfElse_Valid_1 took 0.167 sec
    [junit] Testcase: IfElse_Valid_2 took 0.142 sec
    [junit] Testcase: IfElse_Valid_3 took 0.265 sec
    [junit] Testcase: IfElse_Valid_4 took 0.193 sec
    [junit] Testcase: IfElse_Valid_5 took 0.371 sec
    [junit] Testcase: ListGenerator_Valid_10 took 0.214 sec
    [junit] Testcase: ListGenerator_Valid_11 took 0.132 sec
    [junit] Testcase: ListGenerator_Valid_12 took 0.101 sec
    [junit] Testcase: RecordDefine_Valid_1 took 0.158 sec
    [junit] Testcase: RecordDefine_Valid_2 took 0.196 sec
    [junit] Testcase: Function_Valid_12 took 0.176 sec
    [junit] Testcase: Function_Valid_13 took 0.198 sec
    [junit] Testcase: Function_Valid_14 took 0.114 sec
    [junit] Testcase: Function_Valid_16 took 0.169 sec
    [junit] Testcase: Function_Valid_17 took 0.198 sec
    [junit] Testcase: Function_Valid_18 took 0.214 sec
    [junit] Testcase: Function_Valid_20 took 0.145 sec
    [junit] Testcase: Function_Valid_21 took 0.211 sec
    [junit] Testcase: RecursiveType_Valid_10 took 0.188 sec
    [junit] Testcase: RecursiveType_Valid_11 took 0.428 sec
    [junit] Testcase: RecursiveType_Valid_13 took 0.185 sec
    [junit] Testcase: RecursiveType_Valid_14 took 0.285 sec
    [junit] Testcase: RecursiveType_Valid_15 took 0.219 sec
    [junit] Testcase: RecursiveType_Valid_16 took 0.273 sec
    [junit] Testcase: RecursiveType_Valid_17 took 0.149 sec
    [junit] Testcase: RecursiveType_Valid_18 took 0.192 sec
    [junit] Testcase: RecursiveType_Valid_19 took 0.147 sec
    [junit] Testcase: RecursiveType_Valid_20 took 0.169 sec
    [junit] Testcase: RecursiveType_Valid_21 took 0.132 sec
    [junit] Testcase: RecursiveType_Valid_23 took 0.187 sec
    [junit] Testcase: RecursiveType_Valid_24 took 0.141 sec
    [junit] Testcase: RecursiveType_Valid_25 took 0.143 sec
    [junit] Testcase: RecursiveType_Valid_26 took 0.205 sec
    [junit] Testcase: RecursiveType_Valid_27 took 0.229 sec
    [junit] Testcase: UnionType_Valid_10 took 0.181 sec
    [junit] Testcase: UnionType_Valid_11 took 0.191 sec
    [junit] Testcase: UnionType_Valid_12 took 0.225 sec
    [junit] Testcase: UnionType_Valid_13 took 0.166 sec
    [junit] Testcase: UnionType_Valid_14 took 0.214 sec
    [junit] Testcase: UnionType_Valid_15 took 0.183 sec
    [junit] Testcase: UnionType_Valid_16 took 0.126 sec
    [junit] Testcase: UnionType_Valid_17 took 0.145 sec
    [junit] Testcase: UnionType_Valid_18 took 0.192 sec
    [junit] Testcase: UnionType_Valid_19 took 0.17 sec
    [junit] Testcase: UnionType_Valid_20 took 0.149 sec
    [junit] Testcase: UnionType_Valid_21 took 0.159 sec
    [junit] Testcase: UnionType_Valid_22 took 0.131 sec
    [junit] Testcase: UnionType_Valid_23 took 0.093 sec
    [junit] Testcase: ListConversion_Valid_1 took 0.095 sec
    [junit] Testcase: RealDiv_Valid_1 took 0.13 sec
    [junit] Testcase: RealDiv_Valid_2 took 0.132 sec
    [junit] Testcase: RealDiv_Valid_3 took 0.209 sec
    [junit] Testcase: RealDiv_Valid_4 took 0.159 sec
    [junit] Testcase: RealDiv_Valid_5 took 0.354 sec
    [junit] Testcase: RealDiv_Valid_6 took 0.276 sec
    [junit] Testcase: RealDiv_Valid_7 took 0.158 sec
    [junit] Testcase: DoWhile_Valid_1 took 0.145 sec
    [junit] Testcase: DoWhile_Valid_2 took 0.158 sec
    [junit] Testcase: DoWhile_Valid_3 took 0.156 sec
    [junit] Testcase: DoWhile_Valid_5 took 0.197 sec
    [junit] Testcase: DoWhile_Valid_6 took 0.145 sec
    [junit] Testcase: Subtype_Valid_10 took 0.123 sec
    [junit] Testcase: Subtype_Valid_11 took 0.167 sec
    [junit] Testcase: Subtype_Valid_12 took 0.155 sec
    [junit] Testcase: Subtype_Valid_13 took 0.196 sec
    [junit] Testcase: Subtype_Valid_14 took 0.236 sec
    [junit] Testcase: Access_Valid_1 took 0.262 sec
    [junit] Testcase: Access_Valid_2 took 0.243 sec
    [junit] Testcase: ListEmpty_Valid_1 took 0.147 sec
    [junit] Testcase: ConstrainedInt_Valid_1 took 0.2 sec
    [junit] Testcase: ConstrainedInt_Valid_2 took 0.211 sec
    [junit] Testcase: ConstrainedInt_Valid_3 took 0.243 sec
    [junit] Testcase: ConstrainedInt_Valid_4 took 0.126 sec
    [junit] Testcase: ConstrainedInt_Valid_5 took 0.234 sec
    [junit] Testcase: ConstrainedInt_Valid_6 took 0.175 sec
    [junit] Testcase: ConstrainedInt_Valid_8 took 0.16 sec
    [junit] Testcase: MultiLineComment_Valid_1 took 0.107 sec
    [junit] Testcase: MultiLineComment_Valid_2 took 0.11 sec
    [junit] Testcase: Define_Valid_1 took 0.141 sec
    [junit] Testcase: Define_Valid_2 took 0.177 sec
    [junit] Testcase: Define_Valid_3 took 0.162 sec
    [junit] Testcase: Define_Valid_4 took 0.159 sec
    [junit] Testcase: While_Valid_10 took 0.165 sec
    [junit] Testcase: While_Valid_11 took 0.137 sec
    [junit] Testcase: While_Valid_12 took 0.111 sec
    [junit] Testcase: While_Valid_14 took 0.147 sec
    [junit] Testcase: While_Valid_16 took 0.229 sec
    [junit] Testcase: While_Valid_17 took 0.201 sec
    [junit] Testcase: While_Valid_18 took 0.157 sec
    [junit] Testcase: While_Valid_19 took 0.254 sec
    [junit] Testcase: While_Valid_20 took 0.242 sec
    [junit] Testcase: While_Valid_21 took 0.17 sec
    [junit] Testcase: While_Valid_22 took 0.28 sec
    [junit] Testcase: While_Valid_23 took 0.343 sec
    [junit] Testcase: While_Valid_24 took 0.287 sec
    [junit] Testcase: While_Valid_25 took 0.207 sec
    [junit] Testcase: While_Valid_26 took 0.295 sec
    [junit] Testcase: While_Valid_27 took 0.209 sec
    [junit] Testcase: While_Valid_28 took 0.23 sec
    [junit] Testcase: While_Valid_29 took 0.213 sec
    [junit] Testcase: While_Valid_30 took 0.201 sec
    [junit] Testcase: While_Valid_31 took 0.176 sec
    [junit] Testcase: While_Valid_32 took 0.168 sec
    [junit] Testcase: While_Valid_33 took 0.171 sec
    [junit] Testcase: While_Valid_34 took 0.233 sec
    [junit] Testcase: While_Valid_35 took 0.219 sec
    [junit] Testcase: While_Valid_36 took 0.189 sec
    [junit] Testcase: While_Valid_37 took 0.269 sec
    [junit] Testcase: While_Valid_38 took 0.193 sec
    [junit] Testcase: While_Valid_39 took 0.202 sec
    [junit] Testcase: While_Valid_40 took 0.295 sec
    [junit] Testcase: While_Valid_41 took 0.177 sec
    [junit] Testcase: While_Valid_42 took 0.206 sec
    [junit] Testcase: While_Valid_43 took 0.209 sec
    [junit] Testcase: While_Valid_44 took 0.162 sec
    [junit] Testcase: While_Valid_45 took 0.172 sec
    [junit] Testcase: While_Valid_46 took 0.151 sec
    [junit] Testcase: FunctionRef_Valid_10 took 0.155 sec
    [junit] Testcase: FunctionRef_Valid_11 took 0.176 sec
    [junit] Testcase: FunctionRef_Valid_12 took 0.221 sec
    [junit] Testcase: ListLength_Valid_1 took 0.167 sec
    [junit] Testcase: ListLength_Valid_2 took 0.145 sec
    [junit] Testcase: ListLength_Valid_3 took 0.177 sec
    [junit] Testcase: TypeEquals_Valid_10 took 0.174 sec
    [junit] Testcase: TypeEquals_Valid_11 took 0.213 sec
    [junit] Testcase: TypeEquals_Valid_12 took 0.156 sec
    [junit] Testcase: TypeEquals_Valid_14 took 0.272 sec
    [junit] Testcase: TypeEquals_Valid_15 took 0.235 sec
    [junit] Testcase: TypeEquals_Valid_16 took 0.322 sec
    [junit] Testcase: TypeEquals_Valid_17 took 0.235 sec
    [junit] Testcase: TypeEquals_Valid_18 took 0.128 sec
    [junit] Testcase: TypeEquals_Valid_19 took 0.258 sec
    [junit] Testcase: TypeEquals_Valid_21 took 0.327 sec
    [junit] Testcase: TypeEquals_Valid_24 took 0.229 sec
    [junit] Testcase: TypeEquals_Valid_25 took 0.261 sec
    [junit] Testcase: TypeEquals_Valid_27 took 0.184 sec
    [junit] Testcase: TypeEquals_Valid_28 took 0.177 sec
    [junit] Testcase: TypeEquals_Valid_29 took 0.3 sec
    [junit] Testcase: TypeEquals_Valid_30 took 0.314 sec
    [junit] Testcase: TypeEquals_Valid_31 took 0.142 sec
    [junit] Testcase: TypeEquals_Valid_32 took 0.19 sec
    [junit] Testcase: TypeEquals_Valid_33 took 0.149 sec
    [junit] Testcase: TypeEquals_Valid_34 took 0.17 sec
    [junit] Testcase: TypeEquals_Valid_35 took 1.324 sec
    [junit] Testcase: TypeEquals_Valid_39 took 0.281 sec
    [junit] Testcase: TypeEquals_Valid_40 took 0.3 sec
    [junit] Testcase: TypeEquals_Valid_42 took 0.153 sec
    [junit] Testcase: TypeEquals_Valid_43 took 0.156 sec
    [junit] Testcase: TypeEquals_Valid_44 took 0.176 sec
    [junit] Testcase: TypeEquals_Valid_45 took 0.206 sec
    [junit] Testcase: TypeEquals_Valid_46 took 0.2 sec
    [junit] Testcase: TypeEquals_Valid_47 took 0.244 sec
    [junit] Testcase: VarDecl_Valid_1 took 0.199 sec
    [junit] Testcase: VarDecl_Valid_2 took 0.556 sec
    [junit] Testcase: VarDecl_Valid_3 took 0.113 sec
    [junit] Testcase: VarDecl_Valid_4 took 0.267 sec
    [junit] Testcase: Skip_Valid_1 took 0.213 sec
    [junit] Testcase: Syntax_Valid_1 took 0.172 sec
    [junit] Testcase: MethodCall_Valid_1 took 0.155 sec
    [junit] Testcase: MethodCall_Valid_2 took 0.188 sec
    [junit] Testcase: MethodCall_Valid_3 took 0.344 sec
    [junit] Testcase: MethodCall_Valid_4 took 0.119 sec
    [junit] Testcase: While_Valid_1 took 0.442 sec
    [junit] Testcase: While_Valid_2 took 0.202 sec
    [junit] Testcase: While_Valid_3 took 0.128 sec
    [junit] Testcase: While_Valid_9 took 0.164 sec
    [junit] Testcase: ConstrainedReference_Valid_1 took 0.259 sec
    [junit] Testcase: HexAssign_Valid_1 took 1.023 sec
    [junit] Testcase: RealConst_Valid_1 took 1.157 sec
    [junit] Testcase: BoolFun_Valid_1 took 0.393 sec
    [junit] Testcase: ListGenerator_Valid_1 took 0.427 sec
    [junit] Testcase: ListGenerator_Valid_2 took 0.128 sec
    [junit] Testcase: ListGenerator_Valid_3 took 0.157 sec
    [junit] Testcase: ListGenerator_Valid_5 took 0.116 sec
    [junit] Testcase: ListGenerator_Valid_6 took 0.143 sec
    [junit] Testcase: ListGenerator_Valid_7 took 0.142 sec
    [junit] Testcase: ListGenerator_Valid_8 took 0.132 sec
    [junit] Testcase: ListGenerator_Valid_9 took 0.183 sec
    [junit] Testcase: BoolReturn_Valid_1 took 0.154 sec
    [junit] Testcase: Method_Valid_1 took 0.221 sec
    [junit] Testcase: Requires_Valid_1 took 0.111 sec
    [junit] Testcase: Import_Valid_1 took 0.154 sec
    [junit] Testcase: Import_Valid_2 took 0.237 sec
    [junit] Testcase: Import_Valid_3 took 0.119 sec
    [junit] Testcase: Import_Valid_6 took 0.158 sec
    [junit] Testcase: LengthOf_Valid_1 took 0.206 sec
    [junit] Testcase: LengthOf_Valid_4 took 0.144 sec
    [junit] Testcase: LengthOf_Valid_5 took 0.126 sec
    [junit] Testcase: RecordAssign_Valid_1 took 0.128 sec
    [junit] Testcase: RecordAssign_Valid_2 took 0.126 sec
    [junit] Testcase: RecordAssign_Valid_3 took 0.141 sec
    [junit] Testcase: RecordAssign_Valid_4 took 0.115 sec
    [junit] Testcase: RecordAssign_Valid_5 took 0.109 sec
    [junit] Testcase: RecordAssign_Valid_6 took 0.134 sec
    [junit] Testcase: RecordAssign_Valid_7 took 0.371 sec
    [junit] Testcase: RecordAssign_Valid_8 took 0.16 sec
    [junit] Testcase: RecordAssign_Valid_9 took 0.141 sec
    [junit] Testcase: Subtype_Valid_1 took 0.251 sec
    [junit] Testcase: Subtype_Valid_2 took 0.225 sec
    [junit] Testcase: Subtype_Valid_3 took 0.15 sec
    [junit] Testcase: Subtype_Valid_4 took 0.118 sec
    [junit] Testcase: Subtype_Valid_5 took 0.136 sec
    [junit] Testcase: Subtype_Valid_6 took 0.151 sec
    [junit] Testcase: Subtype_Valid_7 took 0.115 sec
    [junit] Testcase: Subtype_Valid_8 took 0.119 sec
    [junit] Testcase: Subtype_Valid_9 took 0.117 sec
    [junit] Testcase: RealNeg_Valid_1 took 0.18 sec
    [junit] Testcase: RealNeg_Valid_2 took 0.111 sec
    [junit] Testcase: BoolIfElse_Valid_1 took 0.127 sec
    [junit] Testcase: BoolIfElse_Valid_2 took 0.127 sec
    [junit] Testcase: EffectiveList_Valid_1 took 0.147 sec
    [junit] Testcase: IntConst_Valid_1 took 0.125 sec
    [junit] Testcase: Reference_Valid_1 took 0.134 sec
    [junit] Testcase: Reference_Valid_2 took 0.133 sec
    [junit] Testcase: Reference_Valid_3 took 0.1 sec
    [junit] Testcase: Reference_Valid_4 took 0.108 sec
    [junit] Testcase: Reference_Valid_5 took 0.12 sec
    [junit] Testcase: BoolList_Valid_1 took 0.218 sec
    [junit] Testcase: BoolList_Valid_2 took 0.128 sec
    [junit] Testcase: BoolList_Valid_3 took 0.131 sec
    [junit] Testcase: Update_Valid_2 took 0.124 sec
    [junit] Testcase: Switch_Valid_10 took 0.107 sec
    [junit] Testcase: Switch_Valid_11 took 0.114 sec
    [junit] Testcase: Switch_Valid_12 took 0.121 sec
    [junit] Testcase: Switch_Valid_13 took 0.114 sec
    [junit] Testcase: Coercion_Valid_1 took 0.119 sec
    [junit] Testcase: Coercion_Valid_2 took 0.103 sec
    [junit] Testcase: Coercion_Valid_3 took 0.105 sec
    [junit] Testcase: Coercion_Valid_7 took 0.129 sec
    [junit] Testcase: Coercion_Valid_9 took 0.127 sec
    [junit] Testcase: BoolRequires_Valid_1 took 0.11 sec
    [junit] Testcase: ConstrainedRecord_Valid_1 took 0.126 sec
    [junit] Testcase: ConstrainedRecord_Valid_2 took 0.107 sec
    [junit] Testcase: ConstrainedRecord_Valid_3 took 0.106 sec
    [junit] Testcase: ConstrainedRecord_Valid_4 took 0.107 sec
    [junit] Testcase: ConstrainedRecord_Valid_5 took 0.11 sec
    [junit] Testcase: ConstrainedRecord_Valid_6 took 0.127 sec
    [junit] Testcase: ConstrainedRecord_Valid_8 took 0.115 sec
    [junit] Testcase: ConstrainedRecord_Valid_9 took 0.168 sec
    [junit] Testcase: IntOp_Valid_1 took 0.138 sec
    [junit] Testcase: Process_Valid_10 took 0.151 sec
    [junit] Testcase: Process_Valid_11 took 0.111 sec
    [junit] Testcase: Process_Valid_12 took 0.136 sec
    [junit] Testcase: BoolRecord_Valid_1 took 0.108 sec
    [junit] Testcase: BoolRecord_Valid_2 took 0.109 sec
    [junit] Testcase: Complex_Valid_1 took 0.134 sec
    [junit] Testcase: Complex_Valid_2 took 0.159 sec
    [junit] Testcase: Complex_Valid_4 took 0.194 sec
    [junit] Testcase: Complex_Valid_5 took 0.151 sec
    [junit] Testcase: Complex_Valid_6 took 0.18 sec
    [junit] Testcase: Complex_Valid_7 took 0.157 sec
    [junit] Testcase: Complex_Valid_8 took 0.154 sec
    [junit] Testcase: Quantifiers_Valid_1 took 1.3 sec
    [junit] Testcase: MessageSend_Valid_1 took 0.179 sec
    [junit] Testcase: MessageSend_Valid_2 took 0.106 sec
    [junit] Testcase: MessageSend_Valid_3 took 0.112 sec
    [junit] Testcase: MessageSend_Valid_4 took 0.109 sec
    [junit] Testcase: MessageSend_Valid_5 took 0.124 sec
    [junit] Testcase: OpenRecord_Valid_10 took 0.113 sec
    [junit] Testcase: NegationType_Valid_1 took 0.105 sec
    [junit] Testcase: NegationType_Valid_2 took 0.109 sec
    [junit] Testcase: NegationType_Valid_4 took 0.104 sec
    [junit] Testcase: ListAccess_Valid_1 took 0.153 sec
    [junit] Testcase: ListAccess_Valid_3 took 0.112 sec
    [junit] Testcase: ListAccess_Valid_5 took 0.116 sec
    [junit] Testcase: ListAccess_Valid_8 took 0.129 sec
    [junit] Testcase: ListAccess_Valid_9 took 0.12 sec
    [junit] Testcase: Process_Valid_1 took 0.126 sec
    [junit] Testcase: Process_Valid_2 took 0.126 sec
    [junit] Testcase: Process_Valid_3 took 0.181 sec
    [junit] Testcase: Process_Valid_4 took 0.132 sec
    [junit] Testcase: Process_Valid_5 took 0.137 sec
    [junit] Testcase: Process_Valid_6 took 0.189 sec
    [junit] Testcase: Process_Valid_7 took 0.125 sec
    [junit] Testcase: Process_Valid_8 took 0.144 sec
    [junit] Testcase: Process_Valid_9 took 0.154 sec
    [junit] Testcase: DecimalAssignment_Valid_1 took 0.129 sec
    [junit] Testcase: ConstrainedList_Valid_1 took 0.127 sec
    [junit] Testcase: ConstrainedList_Valid_2 took 0.144 sec
    [junit] Testcase: ConstrainedList_Valid_3 took 0.118 sec
    [junit] Testcase: ConstrainedList_Valid_4 took 0.106 sec
    [junit] Testcase: ConstrainedList_Valid_5 took 0.11 sec
    [junit] Testcase: ConstrainedList_Valid_6 took 0.121 sec
    [junit] Testcase: ConstrainedList_Valid_7 took 0.112 sec
    [junit] Testcase: ConstrainedList_Valid_8 took 0.113 sec
    [junit] Testcase: ConstrainedList_Valid_9 took 0.109 sec
    [junit] Testcase: RealSub_Valid_1 took 0.107 sec
    [junit] Testcase: RealSub_Valid_2 took 0.106 sec
    [junit] Testcase: RealSub_Valid_3 took 0.116 sec
    [junit] Testcase: FunctionRef_Valid_1 took 0.114 sec
    [junit] Testcase: FunctionRef_Valid_3 took 0.124 sec
    [junit] Testcase: FunctionRef_Valid_4 took 0.121 sec
    [junit] Testcase: FunctionRef_Valid_5 took 0.099 sec
    [junit] Testcase: FunctionRef_Valid_6 took 0.111 sec
    [junit] Testcase: FunctionRef_Valid_7 took 0.105 sec
    [junit] Testcase: FunctionRef_Valid_8 took 0.104 sec
    [junit] Testcase: FunctionRef_Valid_9 took 0.151 sec
    [junit] Testcase: RecordConversion_Valid_1 took 0.12 sec
    [junit] Testcase: Ensures_Valid_1 took 0.141 sec
    [junit] Testcase: Ensures_Valid_2 took 0.14 sec
    [junit] Testcase: Ensures_Valid_3 took 0.129 sec
    [junit] Testcase: Ensures_Valid_4 took 0.131 sec
    [junit] Testcase: Ensures_Valid_5 took 0.121 sec
    [junit] Testcase: Ensures_Valid_6 took 0.102 sec
    [junit] Testcase: Ensures_Valid_7 took 0.114 sec
    [junit] Testcase: Ensures_Valid_8 took 0.098 sec
    [junit] Testcase: Function_Valid_1 took 0.106 sec
    [junit] Testcase: Function_Valid_2 took 0.1 sec
    [junit] Testcase: Function_Valid_3 took 0.098 sec
    [junit] Testcase: Function_Valid_4 took 0.095 sec
    [junit] Testcase: Function_Valid_5 took 0.104 sec
    [junit] Testcase: Function_Valid_6 took 0.122 sec
    [junit] Testcase: Function_Valid_7 took 0.108 sec
    [junit] Testcase: Function_Valid_8 took 0.104 sec
    [junit] Testcase: Function_Valid_9 took 0.107 sec
    [junit] Testcase: OpenRecord_Valid_1 took 0.109 sec
    [junit] Testcase: OpenRecord_Valid_2 took 0.112 sec
    [junit] Testcase: OpenRecord_Valid_3 took 0.109 sec
    [junit] Testcase: OpenRecord_Valid_4 took 0.12 sec
    [junit] Testcase: OpenRecord_Valid_5 took 0.118 sec
    [junit] Testcase: OpenRecord_Valid_6 took 0.112 sec
    [junit] Testcase: OpenRecord_Valid_7 took 0.113 sec
    [junit] Testcase: OpenRecord_Valid_8 took 0.111 sec
    [junit] Testcase: OpenRecord_Valid_9 took 0.111 sec
    [junit] Testcase: ListEquals_Valid_1 took 0.101 sec
    [junit] Testcase: Constant_Valid_3 took 0.117 sec
    [junit] Testcase: UnionType_Valid_1 took 0.114 sec
    [junit] Testcase: UnionType_Valid_2 took 0.115 sec
    [junit] Testcase: UnionType_Valid_3 took 0.104 sec
    [junit] Testcase: UnionType_Valid_4 took 0.099 sec
    [junit] Testcase: UnionType_Valid_5 took 0.097 sec
    [junit] Testcase: UnionType_Valid_6 took 0.099 sec
    [junit] Testcase: UnionType_Valid_7 took 0.106 sec
    [junit] Testcase: UnionType_Valid_8 took 0.104 sec
    [junit] Testcase: UnionType_Valid_9 took 0.106 sec
    [junit] Testcase: ListAssign_Valid_11 took 0.099 sec
    [junit] Testcase: MethodRef_Valid_1 took 0.1 sec
    [junit] Testcase: MethodRef_Valid_2 took 0.105 sec
    [junit] Testcase: Lambda_Valid_1 took 0.108 sec
    [junit] Testcase: Lambda_Valid_2 took 0.1 sec
    [junit] Testcase: Lambda_Valid_3 took 0.123 sec
    [junit] Testcase: Lambda_Valid_4 took 0.118 sec
    [junit] Testcase: Lambda_Valid_5 took 0.118 sec
    [junit] Testcase: Lambda_Valid_6 took 0.11 sec
    [junit] Testcase: Lambda_Valid_7 took 0.111 sec
    [junit] Testcase: Lambda_Valid_8 took 0.105 sec
    [junit] Testcase: Lambda_Valid_9 took 0.113 sec
    [junit] Testcase: Real_Valid_1 took 0.115 sec
    [junit] Testcase: IntDefine_Valid_1 took 0.111 sec
    [junit] Testcase: IntDefine_Valid_2 took 0.112 sec
    [junit] Testcase: Cast_Valid_1 took 0.123 sec
    [junit] Testcase: Cast_Valid_2 took 0.12 sec
    [junit] Testcase: Cast_Valid_3 took 0.116 sec
    [junit] Testcase: Cast_Valid_4 took 0.106 sec
    [junit] Testcase: Cast_Valid_5 took 0.14 sec
    [junit] Testcase: Cast_Valid_6 took 0.116 sec
    [junit] Testcase: IntMul_Valid_1 took 0.128 sec
    [junit] Testcase: IntMul_Valid_2 took 0.114 sec
    [junit] Testcase: Remainder_Valid_1 took 0.127 sec
    [junit] Testcase: MessageRef_Valid_1 took 0.12 sec
    [junit] Testcase: MessageRef_Valid_2 took 0.13 sec
    [junit] Testcase: BoolAssign_Valid_1 took 0.131 sec
    [junit] Testcase: BoolAssign_Valid_2 took 0.123 sec
    [junit] Testcase: BoolAssign_Valid_3 took 0.123 sec
    [junit] Testcase: BoolAssign_Valid_4 took 0.121 sec
    [junit] Testcase: BoolAssign_Valid_5 took 0.115 sec
    [junit] Testcase: BoolAssign_Valid_6 took 0.114 sec
    [junit] Testcase: RecursiveType_Valid_1 took 0.112 sec
    [junit] Testcase: RecursiveType_Valid_2 took 0.143 sec
    [junit] Testcase: RecursiveType_Valid_6 took 0.13 sec
    [junit] Testcase: RecursiveType_Valid_7 took 0.195 sec
    [junit] Testcase: RecursiveType_Valid_8 took 0.124 sec
    [junit] Testcase: RecursiveType_Valid_9 took 0.109 sec
    [junit] Testcase: RecordAssign_Valid_10 took 0.123 sec
    [junit] Testcase: IntEquals_Valid_1 took 0.126 sec
    [junit] Testcase: ConstrainedRecord_Valid_10 took 0.119 sec
    [junit] Testcase: Contractive_Valid_2 took 0.129 sec
    [junit] Testcase: String_Valid_1 took 0.11 sec
    [junit] Testcase: String_Valid_2 took 0.115 sec
    [junit] Testcase: String_Valid_3 took 0.124 sec
    [junit] Testcase: String_Valid_4 took 0.155 sec
    [junit] Testcase: String_Valid_5 took 0.128 sec
    [junit] Testcase: String_Valid_6 took 0.113 sec
    [junit] Testcase: Switch_Valid_1 took 0.12 sec
    [junit] Testcase: Switch_Valid_2 took 0.129 sec
    [junit] Testcase: Switch_Valid_3 took 0.112 sec
    [junit] Testcase: Switch_Valid_4 took 0.122 sec
    [junit] Testcase: Switch_Valid_5 took 0.118 sec
    [junit] Testcase: Switch_Valid_6 took 0.121 sec
    [junit] Testcase: Switch_Valid_7 took 0.113 sec
    [junit] Testcase: Switch_Valid_8 took 0.149 sec
    [junit] Testcase: Switch_Valid_9 took 0.12 sec
    [junit] Testcase: SingleLineComment_Valid_1 took 0.119 sec
    [junit] Testcase: ProcessAccess_Valid_1 took 0.119 sec
    [junit] Testcase: ProcessAccess_Valid_2 took 0.124 sec
    [junit] Testcase: IntDiv_Valid_1 took 0.123 sec
    [junit] Testcase: IntDiv_Valid_3 took 0.118 sec
    [junit] Testcase: IntDiv_Valid_4 took 0.111 sec
    [junit] Testcase: IntDiv_Valid_5 took 0.107 sec
    [junit] Testcase: Return_Valid_1 took 0.11 sec
    [junit] Testcase: ConstrainedInt_Valid_10 took 0.144 sec
    [junit] Testcase: ConstrainedInt_Valid_12 took 0.108 sec
    [junit] Testcase: ConstrainedInt_Valid_13 took 0.117 sec
    [junit] Testcase: ConstrainedInt_Valid_15 took 0.114 sec
    [junit] Testcase: ConstrainedInt_Valid_16 took 0.111 sec
    [junit] Testcase: ConstrainedInt_Valid_17 took 0.113 sec
    [junit] Testcase: ConstrainedInt_Valid_18 took 0.122 sec
    [junit] Testcase: ConstrainedInt_Valid_19 took 0.12 sec
    [junit] Testcase: ConstrainedInt_Valid_20 took 0.12 sec
    [junit] Testcase: ConstrainedInt_Valid_21 took 0.109 sec
    [junit] Testcase: ConstrainedInt_Valid_22 took 0.136 sec
    [junit] Testcase: ConstrainedInt_Valid_23 took 0.115 sec
    [junit] Testcase: ConstrainedInt_Valid_24 took 0.113 sec
    [junit] Testcase: ConstrainedUnion_Valid_1 took 0.12 sec
    [junit] Testcase: ListAssign_Valid_1 took 0.108 sec
    [junit] Testcase: ListAssign_Valid_2 took 0.107 sec
    [junit] Testcase: ListAssign_Valid_3 took 0.115 sec
    [junit] Testcase: ListAssign_Valid_4 took 0.113 sec
    [junit] Testcase: ListAssign_Valid_5 took 0.117 sec
    [junit] Testcase: ListAssign_Valid_6 took 0.109 sec
    [junit] Testcase: ListAssign_Valid_7 took 0.111 sec
    [junit] Testcase: ListAssign_Valid_8 took 0.111 sec
    [junit] Testcase: ListAssign_Valid_9 took 0.242 sec
    [junit] Testcase: Assume_Valid_1 took 0.229 sec
    [junit] Testcase: Assume_Valid_2 took 0.116 sec
    [junit] Running wyc.testing.AllValidVerificationTests
    [junit] Testsuite: wyc.testing.AllValidVerificationTests
    [junit] Tests run: 367, Failures: 0, Errors: 0, Time elapsed: 146.817 sec
    [junit] Tests run: 367, Failures: 0, Errors: 0, Time elapsed: 146.817 sec
    [junit] ------------- Standard Error -----------------
    [junit] WARNING: version numbering unavailable
    [junit] ------------- ---------------- ---------------
    [junit] 
    [junit] Testcase: TypeEquals_Valid_1 took 0.621 sec
    [junit] Testcase: TypeEquals_Valid_5 took 0.222 sec
    [junit] Testcase: TypeEquals_Valid_6 took 0.329 sec
    [junit] Testcase: TypeEquals_Valid_7 took 0.194 sec
    [junit] Testcase: TypeEquals_Valid_8 took 0.222 sec
    [junit] Testcase: TypeEquals_Valid_9 took 0.177 sec
    [junit] Testcase: RecordAccess_Valid_1 took 0.174 sec
    [junit] Testcase: RecordAccess_Valid_2 took 0.198 sec
    [junit] Testcase: Byte_Valid_1 took 0.252 sec
    [junit] Testcase: Byte_Valid_2 took 1.13 sec
    [junit] Testcase: Byte_Valid_3 took 0.563 sec
    [junit] Testcase: Byte_Valid_4 took 0.496 sec
    [junit] Testcase: Byte_Valid_5 took 0.439 sec
    [junit] Testcase: Byte_Valid_6 took 0.252 sec
    [junit] Testcase: Byte_Valid_7 took 0.322 sec
    [junit] Testcase: Byte_Valid_8 took 0.283 sec
    [junit] Testcase: Byte_Valid_9 took 0.258 sec
    [junit] Testcase: ConstrainedList_Valid_11 took 0.244 sec
    [junit] Testcase: ConstrainedList_Valid_12 took 0.178 sec
    [junit] Testcase: ConstrainedList_Valid_14 took 0.299 sec
    [junit] Testcase: ConstrainedList_Valid_15 took 0.182 sec
    [junit] Testcase: ConstrainedList_Valid_25 took 0.262 sec
    [junit] Testcase: ConstrainedList_Valid_27 took 0.215 sec
    [junit] Testcase: Resolution_Valid_1 took 0.18 sec
    [junit] Testcase: IfElse_Valid_1 took 0.191 sec
    [junit] Testcase: IfElse_Valid_2 took 0.193 sec
    [junit] Testcase: IfElse_Valid_3 took 0.189 sec
    [junit] Testcase: IfElse_Valid_5 took 0.191 sec
    [junit] Testcase: ListGenerator_Valid_10 took 0.184 sec
    [junit] Testcase: ListGenerator_Valid_11 took 0.225 sec
    [junit] Testcase: RecordDefine_Valid_1 took 0.209 sec
    [junit] Testcase: RecordDefine_Valid_2 took 0.186 sec
    [junit] Testcase: Function_Valid_12 took 0.19 sec
    [junit] Testcase: Function_Valid_13 took 0.216 sec
    [junit] Testcase: Function_Valid_14 took 0.191 sec
    [junit] Testcase: Function_Valid_16 took 0.206 sec
    [junit] Testcase: Function_Valid_17 took 0.183 sec
    [junit] Testcase: Function_Valid_18 took 0.347 sec
    [junit] Testcase: Function_Valid_20 took 0.18 sec
    [junit] Testcase: Function_Valid_21 took 0.175 sec
    [junit] Testcase: RecursiveType_Valid_10 took 0.188 sec
    [junit] Testcase: RecursiveType_Valid_13 took 0.174 sec
    [junit] Testcase: RecursiveType_Valid_15 took 0.177 sec
    [junit] Testcase: UnionType_Valid_10 took 0.193 sec
    [junit] Testcase: UnionType_Valid_11 took 0.212 sec
    [junit] Testcase: UnionType_Valid_12 took 0.209 sec
    [junit] Testcase: UnionType_Valid_13 took 0.194 sec
    [junit] Testcase: UnionType_Valid_15 took 0.192 sec
    [junit] Testcase: UnionType_Valid_16 took 0.185 sec
    [junit] Testcase: UnionType_Valid_17 took 0.188 sec
    [junit] Testcase: UnionType_Valid_18 took 0.194 sec
    [junit] Testcase: UnionType_Valid_19 took 0.178 sec
    [junit] Testcase: UnionType_Valid_20 took 0.387 sec
    [junit] Testcase: UnionType_Valid_21 took 0.211 sec
    [junit] Testcase: UnionType_Valid_23 took 0.195 sec
    [junit] Testcase: ListConversion_Valid_1 took 0.186 sec
    [junit] Testcase: RealDiv_Valid_1 took 0.188 sec
    [junit] Testcase: RealDiv_Valid_2 took 0.189 sec
    [junit] Testcase: RealDiv_Valid_3 took 0.186 sec
    [junit] Testcase: RealDiv_Valid_4 took 0.178 sec
    [junit] Testcase: RealDiv_Valid_6 took 0.182 sec
    [junit] Testcase: RealDiv_Valid_7 took 0.21 sec
    [junit] Testcase: DoWhile_Valid_1 took 0.216 sec
    [junit] Testcase: DoWhile_Valid_2 took 0.184 sec
    [junit] Testcase: DoWhile_Valid_3 took 0.175 sec
    [junit] Testcase: DoWhile_Valid_5 took 0.208 sec
    [junit] Testcase: DoWhile_Valid_6 took 0.335 sec
    [junit] Testcase: Access_Valid_1 took 0.214 sec
    [junit] Testcase: Access_Valid_2 took 0.209 sec
    [junit] Testcase: ListEmpty_Valid_1 took 0.185 sec
    [junit] Testcase: ConstrainedInt_Valid_1 took 0.185 sec
    [junit] Testcase: ConstrainedInt_Valid_2 took 0.194 sec
    [junit] Testcase: ConstrainedInt_Valid_3 took 0.194 sec
    [junit] Testcase: ConstrainedInt_Valid_4 took 0.192 sec
    [junit] Testcase: ConstrainedInt_Valid_5 took 0.19 sec
    [junit] Testcase: ConstrainedInt_Valid_6 took 0.372 sec
    [junit] Testcase: MultiLineComment_Valid_1 took 0.186 sec
    [junit] Testcase: MultiLineComment_Valid_2 took 0.186 sec
    [junit] Testcase: Define_Valid_1 took 0.192 sec
    [junit] Testcase: Define_Valid_2 took 0.183 sec
    [junit] Testcase: Define_Valid_3 took 0.194 sec
    [junit] Testcase: Define_Valid_4 took 0.213 sec
    [junit] Testcase: While_Valid_10 took 0.291 sec
    [junit] Testcase: While_Valid_12 took 0.427 sec
    [junit] Testcase: While_Valid_14 took 0.201 sec
    [junit] Testcase: While_Valid_17 took 0.188 sec
    [junit] Testcase: While_Valid_18 took 0.289 sec
    [junit] Testcase: While_Valid_19 took 0.292 sec
    [junit] Testcase: While_Valid_20 took 0.198 sec
    [junit] Testcase: While_Valid_21 took 0.37 sec
    [junit] Testcase: While_Valid_24 took 0.235 sec
    [junit] Testcase: While_Valid_25 took 0.223 sec
    [junit] Testcase: While_Valid_28 took 0.237 sec
    [junit] Testcase: While_Valid_29 took 0.326 sec
    [junit] Testcase: While_Valid_30 took 0.267 sec
    [junit] Testcase: While_Valid_31 took 0.286 sec
    [junit] Testcase: While_Valid_32 took 0.316 sec
    [junit] Testcase: While_Valid_33 took 0.305 sec
    [junit] Testcase: While_Valid_35 took 1.272 sec
    [junit] Testcase: While_Valid_36 took 0.87 sec
    [junit] Testcase: While_Valid_38 took 2.272 sec
    [junit] Testcase: While_Valid_39 took 0.267 sec
    [junit] Testcase: While_Valid_40 took 0.299 sec
    [junit] Testcase: While_Valid_41 took 0.862 sec
    [junit] Testcase: While_Valid_43 took 0.655 sec
    [junit] Testcase: While_Valid_44 took 0.417 sec
    [junit] Testcase: While_Valid_45 took 0.503 sec
    [junit] Testcase: While_Valid_46 took 0.267 sec
    [junit] Testcase: While_Valid_47 took 0.257 sec
    [junit] Testcase: FunctionRef_Valid_12 took 0.201 sec
    [junit] Testcase: ListLength_Valid_1 took 0.211 sec
    [junit] Testcase: ListLength_Valid_2 took 0.203 sec
    [junit] Testcase: ListLength_Valid_3 took 0.217 sec
    [junit] Testcase: TypeEquals_Valid_10 took 0.192 sec
    [junit] Testcase: TypeEquals_Valid_11 took 0.192 sec
    [junit] Testcase: TypeEquals_Valid_12 took 0.189 sec
    [junit] Testcase: TypeEquals_Valid_14 took 0.194 sec
    [junit] Testcase: TypeEquals_Valid_15 took 0.199 sec
    [junit] Testcase: TypeEquals_Valid_16 took 0.207 sec
    [junit] Testcase: TypeEquals_Valid_17 took 0.202 sec
    [junit] Testcase: TypeEquals_Valid_18 took 0.203 sec
    [junit] Testcase: TypeEquals_Valid_19 took 0.23 sec
    [junit] Testcase: TypeEquals_Valid_21 took 0.2 sec
    [junit] Testcase: TypeEquals_Valid_24 took 0.203 sec
    [junit] Testcase: TypeEquals_Valid_27 took 0.202 sec
    [junit] Testcase: TypeEquals_Valid_28 took 0.204 sec
    [junit] Testcase: TypeEquals_Valid_29 took 0.223 sec
    [junit] Testcase: TypeEquals_Valid_31 took 0.203 sec
    [junit] Testcase: TypeEquals_Valid_32 took 0.482 sec
    [junit] Testcase: TypeEquals_Valid_33 took 0.186 sec
    [junit] Testcase: TypeEquals_Valid_34 took 0.21 sec
    [junit] Testcase: TypeEquals_Valid_35 took 0.198 sec
    [junit] Testcase: TypeEquals_Valid_39 took 0.198 sec
    [junit] Testcase: TypeEquals_Valid_40 took 0.208 sec
    [junit] Testcase: TypeEquals_Valid_42 took 0.208 sec
    [junit] Testcase: TypeEquals_Valid_43 took 0.203 sec
    [junit] Testcase: TypeEquals_Valid_44 took 0.197 sec
    [junit] Testcase: TypeEquals_Valid_46 took 0.217 sec
    [junit] Testcase: TypeEquals_Valid_47 took 0.199 sec
    [junit] Testcase: VarDecl_Valid_1 took 0.198 sec
    [junit] Testcase: VarDecl_Valid_2 took 0.202 sec
    [junit] Testcase: VarDecl_Valid_3 took 0.203 sec
    [junit] Testcase: VarDecl_Valid_4 took 0.193 sec
    [junit] Testcase: Skip_Valid_1 took 0.197 sec
    [junit] Testcase: Syntax_Valid_1 took 0.197 sec
    [junit] Testcase: MethodCall_Valid_1 took 0.21 sec
    [junit] Testcase: MethodCall_Valid_2 took 0.196 sec
    [junit] Testcase: MethodCall_Valid_3 took 0.203 sec
    [junit] Testcase: MethodCall_Valid_4 took 0.26 sec
    [junit] Testcase: While_Valid_1 took 0.412 sec
    [junit] Testcase: While_Valid_7 took 0.426 sec
    [junit] Testcase: While_Valid_9 took 0.37 sec
    [junit] Testcase: HexAssign_Valid_1 took 0.201 sec
    [junit] Testcase: RealConst_Valid_1 took 0.206 sec
    [junit] Testcase: BoolFun_Valid_1 took 0.212 sec
    [junit] Testcase: ListGenerator_Valid_1 took 0.219 sec
    [junit] Testcase: ListGenerator_Valid_2 took 0.203 sec
    [junit] Testcase: ListGenerator_Valid_3 took 0.233 sec
    [junit] Testcase: ListGenerator_Valid_5 took 0.206 sec
    [junit] Testcase: ListGenerator_Valid_6 took 0.205 sec
    [junit] Testcase: ListGenerator_Valid_7 took 0.197 sec
    [junit] Testcase: ListGenerator_Valid_8 took 0.2 sec
    [junit] Testcase: ListGenerator_Valid_9 took 0.201 sec
    [junit] Testcase: BoolReturn_Valid_1 took 0.207 sec
    [junit] Testcase: Requires_Valid_1 took 0.232 sec
    [junit] Testcase: Import_Valid_1 took 0.212 sec
    [junit] Testcase: Import_Valid_2 took 0.209 sec
    [junit] Testcase: Import_Valid_3 took 0.224 sec
    [junit] Testcase: Import_Valid_6 took 0.227 sec
    [junit] Testcase: LengthOf_Valid_1 took 0.208 sec
    [junit] Testcase: LengthOf_Valid_4 took 0.209 sec
    [junit] Testcase: LengthOf_Valid_5 took 0.203 sec
    [junit] Testcase: RecordAssign_Valid_1 took 0.24 sec
    [junit] Testcase: RecordAssign_Valid_3 took 0.216 sec
    [junit] Testcase: RecordAssign_Valid_4 took 0.216 sec
    [junit] Testcase: RecordAssign_Valid_5 took 0.204 sec
    [junit] Testcase: RecordAssign_Valid_6 took 0.206 sec
    [junit] Testcase: RecordAssign_Valid_7 took 0.224 sec
    [junit] Testcase: RecordAssign_Valid_8 took 0.206 sec
    [junit] Testcase: RecordAssign_Valid_9 took 0.226 sec
    [junit] Testcase: Subtype_Valid_2 took 0.195 sec
    [junit] Testcase: Subtype_Valid_3 took 0.213 sec
    [junit] Testcase: Subtype_Valid_4 took 0.199 sec
    [junit] Testcase: Subtype_Valid_5 took 0.206 sec
    [junit] Testcase: Subtype_Valid_6 took 0.197 sec
    [junit] Testcase: Subtype_Valid_8 took 0.192 sec
    [junit] Testcase: Subtype_Valid_9 took 0.19 sec
    [junit] Testcase: RealNeg_Valid_1 took 0.205 sec
    [junit] Testcase: RealNeg_Valid_2 took 0.193 sec
    [junit] Testcase: BoolIfElse_Valid_1 took 0.192 sec
    [junit] Testcase: BoolIfElse_Valid_2 took 0.186 sec
    [junit] Testcase: EffectiveList_Valid_1 took 0.669 sec
    [junit] Testcase: IntConst_Valid_1 took 0.204 sec
    [junit] Testcase: Reference_Valid_1 took 0.198 sec
    [junit] Testcase: Reference_Valid_4 took 0.2 sec
    [junit] Testcase: Reference_Valid_5 took 0.199 sec
    [junit] Testcase: BoolList_Valid_1 took 0.248 sec
    [junit] Testcase: BoolList_Valid_2 took 0.377 sec
    [junit] Testcase: Update_Valid_2 took 0.246 sec
    [junit] Testcase: Switch_Valid_10 took 0.207 sec
    [junit] Testcase: Switch_Valid_11 took 0.217 sec
    [junit] Testcase: Switch_Valid_12 took 0.198 sec
    [junit] Testcase: Switch_Valid_13 took 0.204 sec
    [junit] Testcase: Coercion_Valid_1 took 0.212 sec
    [junit] Testcase: Coercion_Valid_2 took 0.213 sec
    [junit] Testcase: Coercion_Valid_3 took 0.189 sec
    [junit] Testcase: Coercion_Valid_7 took 0.202 sec
    [junit] Testcase: Coercion_Valid_9 took 0.213 sec
    [junit] Testcase: BoolRequires_Valid_1 took 0.219 sec
    [junit] Testcase: ConstrainedRecord_Valid_1 took 0.207 sec
    [junit] Testcase: ConstrainedRecord_Valid_2 took 0.208 sec
    [junit] Testcase: ConstrainedRecord_Valid_3 took 0.226 sec
    [junit] Testcase: ConstrainedRecord_Valid_4 took 0.206 sec
    [junit] Testcase: ConstrainedRecord_Valid_5 took 0.204 sec
    [junit] Testcase: ConstrainedRecord_Valid_6 took 0.337 sec
    [junit] Testcase: IntOp_Valid_1 took 0.224 sec
    [junit] Testcase: Process_Valid_11 took 0.212 sec
    [junit] Testcase: Process_Valid_12 took 0.193 sec
    [junit] Testcase: BoolRecord_Valid_2 took 0.205 sec
    [junit] Testcase: Quantifiers_Valid_1 took 0.205 sec
    [junit] Testcase: MessageSend_Valid_1 took 0.202 sec
    [junit] Testcase: MessageSend_Valid_2 took 0.216 sec
    [junit] Testcase: MessageSend_Valid_3 took 0.203 sec
    [junit] Testcase: MessageSend_Valid_4 took 0.21 sec
    [junit] Testcase: MessageSend_Valid_5 took 0.228 sec
    [junit] Testcase: OpenRecord_Valid_10 took 0.201 sec
    [junit] Testcase: NegationType_Valid_1 took 0.197 sec
    [junit] Testcase: NegationType_Valid_2 took 0.195 sec
    [junit] Testcase: NegationType_Valid_4 took 0.204 sec
    [junit] Testcase: ListAccess_Valid_1 took 0.215 sec
    [junit] Testcase: ListAccess_Valid_3 took 0.293 sec
    [junit] Testcase: ListAccess_Valid_5 took 0.182 sec
    [junit] Testcase: ListAccess_Valid_8 took 0.379 sec
    [junit] Testcase: ListAccess_Valid_9 took 0.196 sec
    [junit] Testcase: Process_Valid_2 took 0.197 sec
    [junit] Testcase: Process_Valid_3 took 0.189 sec
    [junit] Testcase: Process_Valid_4 took 0.191 sec
    [junit] Testcase: Process_Valid_5 took 0.182 sec
    [junit] Testcase: Process_Valid_6 took 0.355 sec
    [junit] Testcase: Process_Valid_7 took 0.206 sec
    [junit] Testcase: Process_Valid_8 took 0.194 sec
    [junit] Testcase: DecimalAssignment_Valid_1 took 0.198 sec
    [junit] Testcase: ConstrainedList_Valid_3 took 1.287 sec
    [junit] Testcase: ConstrainedList_Valid_5 took 0.196 sec
    [junit] Testcase: ConstrainedList_Valid_9 took 0.437 sec
    [junit] Testcase: RealSub_Valid_1 took 0.215 sec
    [junit] Testcase: RealSub_Valid_2 took 0.187 sec
    [junit] Testcase: RealSub_Valid_3 took 0.19 sec
    [junit] Testcase: FunctionRef_Valid_1 took 0.218 sec
    [junit] Testcase: FunctionRef_Valid_3 took 0.193 sec
    [junit] Testcase: FunctionRef_Valid_5 took 0.198 sec
    [junit] Testcase: FunctionRef_Valid_6 took 0.207 sec
    [junit] Testcase: FunctionRef_Valid_7 took 0.202 sec
    [junit] Testcase: FunctionRef_Valid_8 took 0.198 sec
    [junit] Testcase: FunctionRef_Valid_9 took 0.205 sec
    [junit] Testcase: RecordConversion_Valid_1 took 0.211 sec
    [junit] Testcase: Ensures_Valid_1 took 0.222 sec
    [junit] Testcase: Ensures_Valid_2 took 0.194 sec
    [junit] Testcase: Ensures_Valid_4 took 0.193 sec
    [junit] Testcase: Ensures_Valid_5 took 0.192 sec
    [junit] Testcase: Ensures_Valid_7 took 0.241 sec
    [junit] Testcase: Ensures_Valid_8 took 0.224 sec
    [junit] Testcase: Function_Valid_1 took 0.208 sec
    [junit] Testcase: Function_Valid_2 took 0.18 sec
    [junit] Testcase: Function_Valid_3 took 0.177 sec
    [junit] Testcase: Function_Valid_4 took 0.191 sec
    [junit] Testcase: Function_Valid_5 took 0.218 sec
    [junit] Testcase: Function_Valid_6 took 24.382 sec
    [junit] Testcase: Function_Valid_7 took 0.613 sec
    [junit] Testcase: Function_Valid_8 took 25.26 sec
    [junit] Testcase: Function_Valid_9 took 0.729 sec
    [junit] Testcase: OpenRecord_Valid_1 took 0.206 sec
    [junit] Testcase: OpenRecord_Valid_2 took 0.218 sec
    [junit] Testcase: OpenRecord_Valid_3 took 0.202 sec
    [junit] Testcase: OpenRecord_Valid_4 took 0.218 sec
    [junit] Testcase: OpenRecord_Valid_5 took 0.25 sec
    [junit] Testcase: OpenRecord_Valid_6 took 0.248 sec
    [junit] Testcase: OpenRecord_Valid_7 took 0.208 sec
    [junit] Testcase: OpenRecord_Valid_8 took 0.2 sec
    [junit] Testcase: OpenRecord_Valid_9 took 0.215 sec
    [junit] Testcase: ListEquals_Valid_1 took 0.21 sec
    [junit] Testcase: Constant_Valid_3 took 0.204 sec
    [junit] Testcase: UnionType_Valid_1 took 0.205 sec
    [junit] Testcase: UnionType_Valid_3 took 0.235 sec
    [junit] Testcase: UnionType_Valid_4 took 0.213 sec
    [junit] Testcase: UnionType_Valid_5 took 0.213 sec
    [junit] Testcase: UnionType_Valid_6 took 0.206 sec
    [junit] Testcase: UnionType_Valid_7 took 0.213 sec
    [junit] Testcase: UnionType_Valid_8 took 0.218 sec
    [junit] Testcase: UnionType_Valid_9 took 0.207 sec
    [junit] Testcase: ListAssign_Valid_11 took 0.211 sec
    [junit] Testcase: MethodRef_Valid_1 took 0.207 sec
    [junit] Testcase: MethodRef_Valid_2 took 0.214 sec
    [junit] Testcase: Lambda_Valid_1 took 0.206 sec
    [junit] Testcase: Lambda_Valid_2 took 0.209 sec
    [junit] Testcase: Lambda_Valid_5 took 0.206 sec
    [junit] Testcase: Lambda_Valid_6 took 0.209 sec
    [junit] Testcase: Lambda_Valid_8 took 0.218 sec
    [junit] Testcase: Real_Valid_1 took 0.225 sec
    [junit] Testcase: IntDefine_Valid_1 took 0.229 sec
    [junit] Testcase: IntDefine_Valid_2 took 0.203 sec
    [junit] Testcase: Cast_Valid_1 took 0.206 sec
    [junit] Testcase: Cast_Valid_2 took 0.197 sec
    [junit] Testcase: Cast_Valid_3 took 0.199 sec
    [junit] Testcase: Cast_Valid_4 took 0.21 sec
    [junit] Testcase: Cast_Valid_6 took 0.211 sec
    [junit] Testcase: IntMul_Valid_1 took 0.203 sec
    [junit] Testcase: IntMul_Valid_2 took 0.219 sec
    [junit] Testcase: Remainder_Valid_1 took 0.221 sec
    [junit] Testcase: MessageRef_Valid_1 took 0.221 sec
    [junit] Testcase: MessageRef_Valid_2 took 0.202 sec
    [junit] Testcase: BoolAssign_Valid_1 took 0.199 sec
    [junit] Testcase: BoolAssign_Valid_2 took 0.386 sec
    [junit] Testcase: BoolAssign_Valid_3 took 0.275 sec
    [junit] Testcase: BoolAssign_Valid_4 took 0.211 sec
    [junit] Testcase: BoolAssign_Valid_5 took 0.239 sec
    [junit] Testcase: BoolAssign_Valid_6 took 0.22 sec
    [junit] Testcase: RecursiveType_Valid_1 took 0.211 sec
    [junit] Testcase: RecursiveType_Valid_6 took 0.205 sec
    [junit] Testcase: RecursiveType_Valid_8 took 0.204 sec
    [junit] Testcase: RecursiveType_Valid_9 took 0.203 sec
    [junit] Testcase: RecordAssign_Valid_10 took 0.209 sec
    [junit] Testcase: IntEquals_Valid_1 took 0.199 sec
    [junit] Testcase: Contractive_Valid_2 took 0.206 sec
    [junit] Testcase: String_Valid_1 took 0.22 sec
    [junit] Testcase: String_Valid_2 took 0.231 sec
    [junit] Testcase: String_Valid_3 took 0.232 sec
    [junit] Testcase: String_Valid_4 took 0.286 sec
    [junit] Testcase: String_Valid_5 took 0.231 sec
    [junit] Testcase: String_Valid_6 took 1.336 sec
    [junit] Testcase: Switch_Valid_1 took 0.233 sec
    [junit] Testcase: Switch_Valid_2 took 0.216 sec
    [junit] Testcase: Switch_Valid_3 took 0.192 sec
    [junit] Testcase: Switch_Valid_4 took 0.22 sec
    [junit] Testcase: Switch_Valid_5 took 0.205 sec
    [junit] Testcase: Switch_Valid_6 took 0.227 sec
    [junit] Testcase: Switch_Valid_7 took 0.219 sec
    [junit] Testcase: Switch_Valid_8 took 0.209 sec
    [junit] Testcase: Switch_Valid_9 took 0.221 sec
    [junit] Testcase: SingleLineComment_Valid_1 took 0.214 sec
    [junit] Testcase: ProcessAccess_Valid_1 took 0.218 sec
    [junit] Testcase: ProcessAccess_Valid_2 took 0.213 sec
    [junit] Testcase: IntDiv_Valid_1 took 0.222 sec
    [junit] Testcase: IntDiv_Valid_4 took 0.207 sec
    [junit] Testcase: IntDiv_Valid_5 took 0.227 sec
    [junit] Testcase: ConstrainedInt_Valid_10 took 0.391 sec
    [junit] Testcase: ConstrainedInt_Valid_12 took 0.204 sec
    [junit] Testcase: ConstrainedInt_Valid_13 took 0.216 sec
    [junit] Testcase: ConstrainedInt_Valid_15 took 0.207 sec
    [junit] Testcase: ConstrainedInt_Valid_16 took 2.312 sec
    [junit] Testcase: ConstrainedInt_Valid_17 took 0.222 sec
    [junit] Testcase: ConstrainedInt_Valid_18 took 0.204 sec
    [junit] Testcase: ConstrainedInt_Valid_19 took 0.221 sec
    [junit] Testcase: ConstrainedInt_Valid_20 took 0.206 sec
    [junit] Testcase: ConstrainedInt_Valid_21 took 0.212 sec
    [junit] Testcase: ConstrainedInt_Valid_23 took 0.197 sec
    [junit] Testcase: ConstrainedInt_Valid_24 took 0.296 sec
    [junit] Testcase: ConstrainedUnion_Valid_1 took 0.215 sec
    [junit] Testcase: ListAssign_Valid_2 took 0.2 sec
    [junit] Testcase: ListAssign_Valid_3 took 0.229 sec
    [junit] Testcase: ListAssign_Valid_4 took 0.323 sec
    [junit] Testcase: ListAssign_Valid_5 took 1.318 sec
    [junit] Testcase: ListAssign_Valid_7 took 0.246 sec
    [junit] Testcase: ListAssign_Valid_8 took 0.251 sec
    [junit] Testcase: ListAssign_Valid_9 took 0.233 sec
    [junit] Testcase: Assume_Valid_1 took 0.246 sec
    [junit] Testcase: Assume_Valid_2 took 0.215 sec

test:

test:

BUILD SUCCESSFUL
Total time: 6 minutes 19 seconds

travis_time:end:15c1636c:start=1660930191986739725,finish=1660930571456794867,duration=379470055142[0K
[32;1mThe command "ant build-all test-all" exited with 0.[0m

Done. Your build exited with 0.
