[INFO] Scanning for projects...
[INFO]                                                                         
[INFO] ------------------------------------------------------------------------
[INFO] Building Core 1.6.2-SNAPSHOT
[INFO] ------------------------------------------------------------------------
[INFO] 
[INFO] --- maven-sortpom-plugin:2.3.0:verify (verify-sorted-pom) @ accumulo-core ---
[INFO] Verifying file /home/ylyu/parallel/accumulo/accumulo9/dataset/accumulo/ACCUMULO-3218_1b35d2633e7558b49a1ff8887a3bc37c19d0b34f/core/pom.xml
[INFO] 
[INFO] --- maven-enforcer-plugin:1.3.1:enforce (enforce-mvn) @ accumulo-core ---
[INFO] 
[INFO] --- mavanagaiata:0.7.0:commit (git-commit) @ accumulo-core ---
[INFO] 
[INFO] --- apache-rat-plugin:0.10:check (check-licenses) @ accumulo-core ---
[INFO] 51 implicit excludes (use -debug for more details).
[INFO] Exclude: src/test/resources/shelltest.txt
[INFO] Exclude: src/test/resources/org/apache/accumulo/core/file/rfile/ver_3.rf
[INFO] Exclude: src/test/resources/org/apache/accumulo/core/file/rfile/ver_4.rf
[INFO] Exclude: src/test/resources/org/apache/accumulo/core/file/rfile/ver_6.rf
[INFO] Exclude: src/test/resources/site-cfg.jceks
[INFO] Exclude: src/test/resources/accumulo.jceks
[INFO] Exclude: src/test/resources/empty.jceks
[INFO] Exclude: src/test/resources/passwords.jceks
[INFO] 760 resources included (use -debug for more details)
[INFO] Rat check: Summary of files. Unapproved: 0 unknown: 0 generated: 0 approved: 760 licence.
[INFO] 
[INFO] --- maven-resources-plugin:2.6:copy-resources (prepare-filtered-java-source) @ accumulo-core ---
[INFO] Using 'UTF-8' encoding to copy filtered resources.
[INFO] Copying 1 resource
[INFO] 
[INFO] --- build-helper-maven-plugin:1.8:add-source (add-filtered-java-source) @ accumulo-core ---
[INFO] Source directory: /home/ylyu/parallel/accumulo/accumulo9/dataset/accumulo/ACCUMULO-3218_1b35d2633e7558b49a1ff8887a3bc37c19d0b34f/core/target/filtered-java-src added.
[INFO] 
[INFO] --- maven-remote-resources-plugin:1.5:process (default) @ accumulo-core ---
[INFO] 
[INFO] --- maven-resources-plugin:2.6:resources (default-resources) @ accumulo-core ---
[INFO] Using 'UTF-8' encoding to copy filtered resources.
[INFO] Copying 2 resources
[INFO] Copying 3 resources
[INFO] 
[INFO] --- maven-compiler-plugin:3.1:compile (default-compile) @ accumulo-core ---
[INFO] Changes detected - recompiling the module!
[INFO] Compiling 595 source files to /home/ylyu/parallel/accumulo/accumulo9/dataset/accumulo/ACCUMULO-3218_1b35d2633e7558b49a1ff8887a3bc37c19d0b34f/core/target/classes
[WARNING] bootstrap class path not set in conjunction with -source 1.6
[WARNING] /home/ylyu/parallel/accumulo/accumulo9/dataset/accumulo/ACCUMULO-3218_1b35d2633e7558b49a1ff8887a3bc37c19d0b34f/core/src/main/java/org/apache/accumulo/core/client/mapreduce/lib/impl/DistributedCacheHelper.java:[23,35] org.apache.hadoop.filecache.DistributedCache in org.apache.hadoop.filecache has been deprecated
[WARNING] /home/ylyu/parallel/accumulo/accumulo9/dataset/accumulo/ACCUMULO-3218_1b35d2633e7558b49a1ff8887a3bc37c19d0b34f/core/src/main/java/org/apache/accumulo/core/iterators/AggregatingIterator.java:[31,54] org.apache.accumulo.core.iterators.aggregation.Aggregator in org.apache.accumulo.core.iterators.aggregation has been deprecated
[WARNING] /home/ylyu/parallel/accumulo/accumulo9/dataset/accumulo/ACCUMULO-3218_1b35d2633e7558b49a1ff8887a3bc37c19d0b34f/core/src/main/java/org/apache/accumulo/core/iterators/aggregation/conf/AggregatorSet.java:[23,54] org.apache.accumulo.core.iterators.aggregation.Aggregator in org.apache.accumulo.core.iterators.aggregation has been deprecated
[WARNING] /home/ylyu/parallel/accumulo/accumulo9/dataset/accumulo/ACCUMULO-3218_1b35d2633e7558b49a1ff8887a3bc37c19d0b34f/core/src/main/java/org/apache/accumulo/core/iterators/aggregation/conf/AggregatorConfiguration.java:[19,47] org.apache.accumulo.core.iterators.conf.PerColumnIteratorConfig in org.apache.accumulo.core.iterators.conf has been deprecated
[WARNING] /home/ylyu/parallel/accumulo/accumulo9/dataset/accumulo/ACCUMULO-3218_1b35d2633e7558b49a1ff8887a3bc37c19d0b34f/core/src/main/java/org/apache/accumulo/core/tabletserver/thrift/ConstraintViolationException.java: Some input files use unchecked or unsafe operations.
[WARNING] /home/ylyu/parallel/accumulo/accumulo9/dataset/accumulo/ACCUMULO-3218_1b35d2633e7558b49a1ff8887a3bc37c19d0b34f/core/src/main/java/org/apache/accumulo/core/tabletserver/thrift/ConstraintViolationException.java: Recompile with -Xlint:unchecked for details.
[INFO] 
[INFO] --- maven-resources-plugin:2.6:testResources (default-testResources) @ accumulo-core ---
[INFO] Using 'UTF-8' encoding to copy filtered resources.
[INFO] skip non existing resourceDirectory /home/ylyu/parallel/accumulo/accumulo9/dataset/accumulo/ACCUMULO-3218_1b35d2633e7558b49a1ff8887a3bc37c19d0b34f/core/src/test/filtered-resources
[INFO] Copying 14 resources
[INFO] Copying 3 resources
[INFO] 
[INFO] --- maven-compiler-plugin:3.1:testCompile (default-testCompile) @ accumulo-core ---
[INFO] Nothing to compile - all classes are up to date
[INFO] 
[INFO] --- maven-surefire-plugin:2.16:test (default-test) @ accumulo-core ---
[INFO] Surefire report directory: /home/ylyu/parallel/accumulo/accumulo9/dataset/accumulo/ACCUMULO-3218_1b35d2633e7558b49a1ff8887a3bc37c19d0b34f/core/target/surefire-reports

-------------------------------------------------------
 T E S T S
-------------------------------------------------------

-------------------------------------------------------
 T E S T S
-------------------------------------------------------
Running org.apache.accumulo.core.iterators.AggregatingIteratorTest
Tests run: 7, Failures: 0, Errors: 0, Skipped: 0, Time elapsed: 0.669 sec - in org.apache.accumulo.core.iterators.AggregatingIteratorTest
Running org.apache.accumulo.core.iterators.FirstEntryInRowIteratorTest
Tests run: 1, Failures: 0, Errors: 0, Skipped: 0, Time elapsed: 0.185 sec - in org.apache.accumulo.core.iterators.FirstEntryInRowIteratorTest
Running org.apache.accumulo.core.iterators.FirstEntryInRowTest
Tests run: 2, Failures: 0, Errors: 0, Skipped: 0, Time elapsed: 0.451 sec - in org.apache.accumulo.core.iterators.FirstEntryInRowTest
Running org.apache.accumulo.core.iterators.system.ColumnFamilySkippingIteratorTest
Tests run: 3, Failures: 0, Errors: 0, Skipped: 0, Time elapsed: 2.916 sec - in org.apache.accumulo.core.iterators.system.ColumnFamilySkippingIteratorTest
Running org.apache.accumulo.core.iterators.system.SourceSwitchingIteratorTest
Tests run: 6, Failures: 0, Errors: 0, Skipped: 0, Time elapsed: 0.177 sec - in org.apache.accumulo.core.iterators.system.SourceSwitchingIteratorTest
Running org.apache.accumulo.core.iterators.system.TimeSettingIteratorTest
Tests run: 1, Failures: 0, Errors: 0, Skipped: 0, Time elapsed: 0.243 sec - in org.apache.accumulo.core.iterators.system.TimeSettingIteratorTest
Running org.apache.accumulo.core.iterators.system.DeletingIteratorTest
Tests run: 4, Failures: 0, Errors: 0, Skipped: 0, Time elapsed: 0.242 sec - in org.apache.accumulo.core.iterators.system.DeletingIteratorTest
Running org.apache.accumulo.core.iterators.system.VisibilityFilterTest
Tests run: 1, Failures: 0, Errors: 0, Skipped: 0, Time elapsed: 0.255 sec - in org.apache.accumulo.core.iterators.system.VisibilityFilterTest
Running org.apache.accumulo.core.iterators.system.ColumnFilterTest
Tests run: 3, Failures: 0, Errors: 0, Skipped: 0, Time elapsed: 0.129 sec - in org.apache.accumulo.core.iterators.system.ColumnFilterTest
Running org.apache.accumulo.core.iterators.system.MultiIteratorTest
Tests run: 7, Failures: 0, Errors: 0, Skipped: 0, Time elapsed: 1.051 sec - in org.apache.accumulo.core.iterators.system.MultiIteratorTest
Running org.apache.accumulo.core.iterators.IteratorUtilTest
Tests run: 6, Failures: 0, Errors: 0, Skipped: 0, Time elapsed: 0.605 sec - in org.apache.accumulo.core.iterators.IteratorUtilTest
Running org.apache.accumulo.core.iterators.aggregation.NumSummationTest
Tests run: 5, Failures: 0, Errors: 0, Skipped: 0, Time elapsed: 0.124 sec - in org.apache.accumulo.core.iterators.aggregation.NumSummationTest
Running org.apache.accumulo.core.iterators.aggregation.conf.AggregatorConfigurationTest
Tests run: 2, Failures: 0, Errors: 0, Skipped: 0, Time elapsed: 0.154 sec - in org.apache.accumulo.core.iterators.aggregation.conf.AggregatorConfigurationTest
Running org.apache.accumulo.core.iterators.user.RowFilterTest
Tests run: 4, Failures: 0, Errors: 0, Skipped: 0, Time elapsed: 1.495 sec - in org.apache.accumulo.core.iterators.user.RowFilterTest
Running org.apache.accumulo.core.iterators.user.LargeRowFilterTest
Tests run: 5, Failures: 0, Errors: 0, Skipped: 0, Time elapsed: 0.709 sec - in org.apache.accumulo.core.iterators.user.LargeRowFilterTest
Running org.apache.accumulo.core.iterators.user.FilterTest
Tests run: 11, Failures: 0, Errors: 0, Skipped: 0, Time elapsed: 1.124 sec - in org.apache.accumulo.core.iterators.user.FilterTest
Running org.apache.accumulo.core.iterators.user.VersioningIteratorTest
Tests run: 6, Failures: 0, Errors: 0, Skipped: 0, Time elapsed: 0.309 sec - in org.apache.accumulo.core.iterators.user.VersioningIteratorTest
Running org.apache.accumulo.core.iterators.user.IntersectingIteratorTest
Tests run: 7, Failures: 0, Errors: 0, Skipped: 0, Time elapsed: 3.835 sec - in org.apache.accumulo.core.iterators.user.IntersectingIteratorTest
Running org.apache.accumulo.core.iterators.user.ColumnSliceFilterTest
Tests run: 11, Failures: 0, Errors: 0, Skipped: 0, Time elapsed: 0.456 sec - in org.apache.accumulo.core.iterators.user.ColumnSliceFilterTest
Running org.apache.accumulo.core.iterators.user.RowDeletingIteratorTest
Tests run: 4, Failures: 0, Errors: 0, Skipped: 0, Time elapsed: 0.178 sec - in org.apache.accumulo.core.iterators.user.RowDeletingIteratorTest
Running org.apache.accumulo.core.iterators.user.WholeRowIteratorTest
Tests run: 4, Failures: 0, Errors: 0, Skipped: 0, Time elapsed: 0.181 sec - in org.apache.accumulo.core.iterators.user.WholeRowIteratorTest
Running org.apache.accumulo.core.iterators.user.RegExFilterTest
Tests run: 2, Failures: 0, Errors: 0, Skipped: 0, Time elapsed: 1.395 sec - in org.apache.accumulo.core.iterators.user.RegExFilterTest
Running org.apache.accumulo.core.iterators.user.IndexedDocIteratorTest
Tests run: 5, Failures: 0, Errors: 0, Skipped: 0, Time elapsed: 4.067 sec - in org.apache.accumulo.core.iterators.user.IndexedDocIteratorTest
Running org.apache.accumulo.core.iterators.user.GrepIteratorTest
Tests run: 1, Failures: 0, Errors: 0, Skipped: 0, Time elapsed: 0.163 sec - in org.apache.accumulo.core.iterators.user.GrepIteratorTest
Running org.apache.accumulo.core.iterators.user.WholeColumnFamilyIteratorTest
Tests run: 3, Failures: 0, Errors: 0, Skipped: 0, Time elapsed: 0.175 sec - in org.apache.accumulo.core.iterators.user.WholeColumnFamilyIteratorTest
Running org.apache.accumulo.core.iterators.user.VisibilityFilterTest
Tests run: 9, Failures: 0, Errors: 0, Skipped: 0, Time elapsed: 0.974 sec - in org.apache.accumulo.core.iterators.user.VisibilityFilterTest
Running org.apache.accumulo.core.iterators.user.BigDecimalCombinerTest
Tests run: 3, Failures: 0, Errors: 0, Skipped: 0, Time elapsed: 0.375 sec - in org.apache.accumulo.core.iterators.user.BigDecimalCombinerTest
Running org.apache.accumulo.core.iterators.user.TransformingIteratorTest
Tests run: 16, Failures: 0, Errors: 0, Skipped: 0, Time elapsed: 1.757 sec - in org.apache.accumulo.core.iterators.user.TransformingIteratorTest
Running org.apache.accumulo.core.iterators.user.CombinerTest
Tests run: 14, Failures: 0, Errors: 0, Skipped: 0, Time elapsed: 0.71 sec - in org.apache.accumulo.core.iterators.user.CombinerTest
Running org.apache.accumulo.core.metadata.MetadataServicerTest
Tests run: 2, Failures: 0, Errors: 0, Skipped: 0, Time elapsed: 1.397 sec - in org.apache.accumulo.core.metadata.MetadataServicerTest
Running org.apache.accumulo.core.data.MutationTest
Tests run: 13, Failures: 0, Errors: 0, Skipped: 0, Time elapsed: 0.403 sec - in org.apache.accumulo.core.data.MutationTest
Running org.apache.accumulo.core.data.KeyTest
Tests run: 7, Failures: 0, Errors: 0, Skipped: 0, Time elapsed: 0.24 sec - in org.apache.accumulo.core.data.KeyTest
Running org.apache.accumulo.core.data.ArrayByteSequenceTest
Tests run: 12, Failures: 0, Errors: 0, Skipped: 0, Time elapsed: 0.226 sec - in org.apache.accumulo.core.data.ArrayByteSequenceTest
Running org.apache.accumulo.core.data.ByteSequenceTest
Tests run: 1, Failures: 0, Errors: 0, Skipped: 0, Time elapsed: 0.138 sec - in org.apache.accumulo.core.data.ByteSequenceTest
Running org.apache.accumulo.core.data.ConditionTest
Tests run: 15, Failures: 0, Errors: 0, Skipped: 0, Time elapsed: 0.191 sec - in org.apache.accumulo.core.data.ConditionTest
Running org.apache.accumulo.core.data.ColumnTest
Tests run: 5, Failures: 0, Errors: 0, Skipped: 0, Time elapsed: 0.172 sec - in org.apache.accumulo.core.data.ColumnTest
Running org.apache.accumulo.core.data.ConditionalMutationTest
Tests run: 10, Failures: 0, Errors: 0, Skipped: 0, Time elapsed: 0.228 sec - in org.apache.accumulo.core.data.ConditionalMutationTest
Running org.apache.accumulo.core.data.ValueTest
Tests run: 20, Failures: 0, Errors: 0, Skipped: 0, Time elapsed: 0.49 sec - in org.apache.accumulo.core.data.ValueTest
Running org.apache.accumulo.core.data.KeyExtentTest
Tests run: 7, Failures: 0, Errors: 0, Skipped: 0, Time elapsed: 0.199 sec - in org.apache.accumulo.core.data.KeyExtentTest
Running org.apache.accumulo.core.data.RangeTest
Tests run: 47, Failures: 0, Errors: 0, Skipped: 0, Time elapsed: 0.219 sec - in org.apache.accumulo.core.data.RangeTest
Running org.apache.accumulo.core.security.AuthorizationsTest
Tests run: 6, Failures: 0, Errors: 0, Skipped: 0, Time elapsed: 0.056 sec - in org.apache.accumulo.core.security.AuthorizationsTest
Running org.apache.accumulo.core.security.VisibilityConstraintTest
Tests run: 6, Failures: 0, Errors: 0, Skipped: 1, Time elapsed: 0.251 sec - in org.apache.accumulo.core.security.VisibilityConstraintTest
Running org.apache.accumulo.core.security.NamespacePermissionsTest
Tests run: 1, Failures: 0, Errors: 0, Skipped: 0, Time elapsed: 0.176 sec - in org.apache.accumulo.core.security.NamespacePermissionsTest
Running org.apache.accumulo.core.security.CredentialsTest
Tests run: 6, Failures: 0, Errors: 0, Skipped: 0, Time elapsed: 1.391 sec - in org.apache.accumulo.core.security.CredentialsTest
Running org.apache.accumulo.core.security.ColumnVisibilityTest
Tests run: 21, Failures: 0, Errors: 0, Skipped: 0, Time elapsed: 0.194 sec - in org.apache.accumulo.core.security.ColumnVisibilityTest
Running org.apache.accumulo.core.security.AuthenticationTokenTest
Tests run: 1, Failures: 0, Errors: 0, Skipped: 0, Time elapsed: 0.177 sec - in org.apache.accumulo.core.security.AuthenticationTokenTest
Running org.apache.accumulo.core.security.VisibilityEvaluatorTest
Tests run: 4, Failures: 0, Errors: 0, Skipped: 0, Time elapsed: 0.185 sec - in org.apache.accumulo.core.security.VisibilityEvaluatorTest
Running org.apache.accumulo.core.security.crypto.CryptoTest
Tests run: 10, Failures: 0, Errors: 0, Skipped: 0, Time elapsed: 1.768 sec - in org.apache.accumulo.core.security.crypto.CryptoTest
Running org.apache.accumulo.core.security.crypto.BlockedIOStreamTest
Tests run: 4, Failures: 0, Errors: 0, Skipped: 0, Time elapsed: 29.192 sec - in org.apache.accumulo.core.security.crypto.BlockedIOStreamTest
Running org.apache.accumulo.core.util.LocalityGroupUtilTest
Tests run: 2, Failures: 0, Errors: 0, Skipped: 0, Time elapsed: 0.279 sec - in org.apache.accumulo.core.util.LocalityGroupUtilTest
Running org.apache.accumulo.core.util.MergeTest
Tests run: 1, Failures: 0, Errors: 0, Skipped: 0, Time elapsed: 0.223 sec - in org.apache.accumulo.core.util.MergeTest
Running org.apache.accumulo.core.util.AsyncSocketAppenderTest
Tests run: 3, Failures: 0, Errors: 0, Skipped: 0, Time elapsed: 0.64 sec - in org.apache.accumulo.core.util.AsyncSocketAppenderTest
Running org.apache.accumulo.core.util.TestStringUtil
Tests run: 1, Failures: 0, Errors: 0, Skipped: 0, Time elapsed: 0.126 sec - in org.apache.accumulo.core.util.TestStringUtil
Running org.apache.accumulo.core.util.shell.command.FormatterCommandTest
Tests run: 1, Failures: 0, Errors: 0, Skipped: 0, Time elapsed: 2.124 sec - in org.apache.accumulo.core.util.shell.command.FormatterCommandTest
Running org.apache.accumulo.core.util.shell.command.HistoryCommandTest
Tests run: 2, Failures: 0, Errors: 0, Skipped: 0, Time elapsed: 0.776 sec - in org.apache.accumulo.core.util.shell.command.HistoryCommandTest
Running org.apache.accumulo.core.util.shell.ShellSetInstanceTest
Tests run: 7, Failures: 0, Errors: 0, Skipped: 0, Time elapsed: 4.493 sec - in org.apache.accumulo.core.util.shell.ShellSetInstanceTest
Running org.apache.accumulo.core.util.shell.PasswordConverterTest
Tests run: 5, Failures: 0, Errors: 0, Skipped: 0, Time elapsed: 0.26 sec - in org.apache.accumulo.core.util.shell.PasswordConverterTest
Running org.apache.accumulo.core.util.shell.ShellConfigTest
Tests run: 5, Failures: 0, Errors: 0, Skipped: 0, Time elapsed: 1.847 sec - in org.apache.accumulo.core.util.shell.ShellConfigTest
Running org.apache.accumulo.core.util.shell.ShellTest
Tests run: 12, Failures: 0, Errors: 0, Skipped: 0, Time elapsed: 2.549 sec - in org.apache.accumulo.core.util.shell.ShellTest
Running org.apache.accumulo.core.util.format.DeleterFormatterTest
Tests run: 6, Failures: 0, Errors: 0, Skipped: 0, Time elapsed: 0.793 sec - in org.apache.accumulo.core.util.format.DeleterFormatterTest
Running org.apache.accumulo.core.util.format.DefaultFormatterTest
Tests run: 3, Failures: 0, Errors: 0, Skipped: 0, Time elapsed: 0.163 sec - in org.apache.accumulo.core.util.format.DefaultFormatterTest
Running org.apache.accumulo.core.util.format.ShardedTableDistributionFormatterTest
Tests run: 2, Failures: 0, Errors: 0, Skipped: 0, Time elapsed: 0.157 sec - in org.apache.accumulo.core.util.format.ShardedTableDistributionFormatterTest
Running org.apache.accumulo.core.util.format.HexFormatterTest
Tests run: 6, Failures: 0, Errors: 0, Skipped: 0, Time elapsed: 0.186 sec - in org.apache.accumulo.core.util.format.HexFormatterTest
Running org.apache.accumulo.core.util.format.FormatterFactoryTest
Tests run: 1, Failures: 0, Errors: 0, Skipped: 0, Time elapsed: 0.252 sec - in org.apache.accumulo.core.util.format.FormatterFactoryTest
Running org.apache.accumulo.core.util.format.StatisticsDisplayFormatterTest
Tests run: 2, Failures: 0, Errors: 0, Skipped: 0, Time elapsed: 0.184 sec - in org.apache.accumulo.core.util.format.StatisticsDisplayFormatterTest
Running org.apache.accumulo.core.util.format.DateStringFormatterTest
Tests run: 2, Failures: 0, Errors: 0, Skipped: 0, Time elapsed: 0.197 sec - in org.apache.accumulo.core.util.format.DateStringFormatterTest
Running org.apache.accumulo.core.util.TextUtilTest
Tests run: 1, Failures: 0, Errors: 0, Skipped: 0, Time elapsed: 0.124 sec - in org.apache.accumulo.core.util.TextUtilTest
Running org.apache.accumulo.core.util.TestVersion
Tests run: 1, Failures: 0, Errors: 0, Skipped: 0, Time elapsed: 0.073 sec - in org.apache.accumulo.core.util.TestVersion
Running org.apache.accumulo.core.util.PartitionerTest
Tests run: 1, Failures: 0, Errors: 0, Skipped: 0, Time elapsed: 0.187 sec - in org.apache.accumulo.core.util.PartitionerTest
Running org.apache.accumulo.core.util.StatTest
Tests run: 6, Failures: 0, Errors: 0, Skipped: 0, Time elapsed: 0.175 sec - in org.apache.accumulo.core.util.StatTest
Running org.apache.accumulo.core.util.NumUtilTest
Tests run: 2, Failures: 0, Errors: 0, Skipped: 0, Time elapsed: 0.18 sec - in org.apache.accumulo.core.util.NumUtilTest
Running org.apache.accumulo.core.volume.NonConfiguredVolumeTest
Tests run: 6, Failures: 0, Errors: 0, Skipped: 0, Time elapsed: 1.717 sec - in org.apache.accumulo.core.volume.NonConfiguredVolumeTest
Running org.apache.accumulo.core.file.BloomFilterLayerLookupTest
Tests run: 1, Failures: 0, Errors: 0, Skipped: 0, Time elapsed: 6.777 sec - in org.apache.accumulo.core.file.BloomFilterLayerLookupTest
Running org.apache.accumulo.core.file.FileOperationsTest
Tests run: 1, Failures: 0, Errors: 0, Skipped: 0, Time elapsed: 1.59 sec - in org.apache.accumulo.core.file.FileOperationsTest
Running org.apache.accumulo.core.file.blockfile.cache.TestCachedBlockQueue
Tests run: 2, Failures: 0, Errors: 0, Skipped: 0, Time elapsed: 0.248 sec - in org.apache.accumulo.core.file.blockfile.cache.TestCachedBlockQueue
Running org.apache.accumulo.core.file.blockfile.cache.TestLruBlockCache
Tests run: 7, Failures: 0, Errors: 0, Skipped: 0, Time elapsed: 1.479 sec - in org.apache.accumulo.core.file.blockfile.cache.TestLruBlockCache
Running org.apache.accumulo.core.file.rfile.MultiLevelIndexTest
Tests run: 1, Failures: 0, Errors: 0, Skipped: 0, Time elapsed: 4.398 sec - in org.apache.accumulo.core.file.rfile.MultiLevelIndexTest
Running org.apache.accumulo.core.file.rfile.RFileTest
Tests run: 42, Failures: 0, Errors: 0, Skipped: 0, Time elapsed: 9.758 sec - in org.apache.accumulo.core.file.rfile.RFileTest
Running org.apache.accumulo.core.file.rfile.BlockIndexTest
Tests run: 2, Failures: 0, Errors: 0, Skipped: 0, Time elapsed: 0.67 sec - in org.apache.accumulo.core.file.rfile.BlockIndexTest
Running org.apache.accumulo.core.file.rfile.RelativeKeyTest
Tests run: 6, Failures: 0, Errors: 0, Skipped: 0, Time elapsed: 0.357 sec - in org.apache.accumulo.core.file.rfile.RelativeKeyTest
Running org.apache.accumulo.core.constraints.DefaultKeySizeConstraintTest
Tests run: 1, Failures: 0, Errors: 0, Skipped: 0, Time elapsed: 0.387 sec - in org.apache.accumulo.core.constraints.DefaultKeySizeConstraintTest
Running org.apache.accumulo.core.conf.ClientConfigurationTest
Tests run: 2, Failures: 0, Errors: 0, Skipped: 0, Time elapsed: 0.34 sec - in org.apache.accumulo.core.conf.ClientConfigurationTest
Running org.apache.accumulo.core.conf.SiteConfigurationTest
Tests run: 1, Failures: 0, Errors: 0, Skipped: 0, Time elapsed: 0.174 sec - in org.apache.accumulo.core.conf.SiteConfigurationTest
Running org.apache.accumulo.core.conf.PropertyTest
Tests run: 6, Failures: 0, Errors: 0, Skipped: 0, Time elapsed: 0.473 sec - in org.apache.accumulo.core.conf.PropertyTest
Running org.apache.accumulo.core.conf.PropertyTypeTest
Tests run: 4, Failures: 0, Errors: 0, Skipped: 0, Time elapsed: 0.181 sec - in org.apache.accumulo.core.conf.PropertyTypeTest
Running org.apache.accumulo.core.conf.CredentialProviderFactoryShimTest
Tests run: 8, Failures: 0, Errors: 0, Skipped: 0, Time elapsed: 0.438 sec - in org.apache.accumulo.core.conf.CredentialProviderFactoryShimTest
Running org.apache.accumulo.core.conf.DefaultConfigurationTest
Tests run: 2, Failures: 0, Errors: 0, Skipped: 0, Time elapsed: 0.376 sec - in org.apache.accumulo.core.conf.DefaultConfigurationTest
Running org.apache.accumulo.core.conf.ConfigSanityCheckTest
Tests run: 7, Failures: 0, Errors: 0, Skipped: 0, Time elapsed: 0.265 sec - in org.apache.accumulo.core.conf.ConfigSanityCheckTest
Running org.apache.accumulo.core.conf.ObservableConfigurationTest
Tests run: 5, Failures: 0, Errors: 0, Skipped: 0, Time elapsed: 0.3 sec - in org.apache.accumulo.core.conf.ObservableConfigurationTest
Running org.apache.accumulo.core.conf.AccumuloConfigurationTest
Tests run: 3, Failures: 0, Errors: 0, Skipped: 0, Time elapsed: 0.223 sec - in org.apache.accumulo.core.conf.AccumuloConfigurationTest
Running org.apache.accumulo.core.cli.TestClientOpts
Tests run: 3, Failures: 0, Errors: 0, Skipped: 0, Time elapsed: 1.702 sec - in org.apache.accumulo.core.cli.TestClientOpts
Running org.apache.accumulo.core.cli.TestHelp
Tests run: 1, Failures: 0, Errors: 0, Skipped: 0, Time elapsed: 0.191 sec - in org.apache.accumulo.core.cli.TestHelp
Running org.apache.accumulo.core.client.BatchWriterConfigTest
Tests run: 12, Failures: 0, Errors: 0, Skipped: 0, Time elapsed: 0.364 sec - in org.apache.accumulo.core.client.BatchWriterConfigTest
Running org.apache.accumulo.core.client.RowIteratorTest
Tests run: 2, Failures: 0, Errors: 0, Skipped: 0, Time elapsed: 0.183 sec - in org.apache.accumulo.core.client.RowIteratorTest
Running org.apache.accumulo.core.client.impl.TabletLocatorImplTest
Tests run: 19, Failures: 0, Errors: 0, Skipped: 0, Time elapsed: 0.457 sec - in org.apache.accumulo.core.client.impl.TabletLocatorImplTest
Running org.apache.accumulo.core.client.impl.ScannerOptionsTest
Tests run: 2, Failures: 0, Errors: 0, Skipped: 0, Time elapsed: 0.187 sec - in org.apache.accumulo.core.client.impl.ScannerOptionsTest
Running org.apache.accumulo.core.client.impl.RootTabletLocatorTest
Tests run: 1, Failures: 0, Errors: 0, Skipped: 0, Time elapsed: 0.598 sec - in org.apache.accumulo.core.client.impl.RootTabletLocatorTest
Running org.apache.accumulo.core.client.impl.ServerConfigurationUtilTest
Tests run: 3, Failures: 0, Errors: 0, Skipped: 0, Time elapsed: 0.17 sec - in org.apache.accumulo.core.client.impl.ServerConfigurationUtilTest
Running org.apache.accumulo.core.client.impl.ZookeeperLockCheckerTest
Tests run: 1, Failures: 0, Errors: 0, Skipped: 0, Time elapsed: 0.564 sec - in org.apache.accumulo.core.client.impl.ZookeeperLockCheckerTest
Running org.apache.accumulo.core.client.impl.TableOperationsHelperTest
Tests run: 1, Failures: 0, Errors: 0, Skipped: 0, Time elapsed: 0.26 sec - in org.apache.accumulo.core.client.impl.TableOperationsHelperTest
Running org.apache.accumulo.core.client.impl.ScannerImplTest
Tests run: 2, Failures: 0, Errors: 0, Skipped: 0, Time elapsed: 1.365 sec - in org.apache.accumulo.core.client.impl.ScannerImplTest
Running org.apache.accumulo.core.client.mapred.AccumuloRowInputFormatTest
Tests run: 1, Failures: 0, Errors: 0, Skipped: 0, Time elapsed: 3.661 sec - in org.apache.accumulo.core.client.mapred.AccumuloRowInputFormatTest
Running org.apache.accumulo.core.client.mapred.AccumuloInputFormatTest
Tests run: 7, Failures: 0, Errors: 0, Skipped: 0, Time elapsed: 4.218 sec - in org.apache.accumulo.core.client.mapred.AccumuloInputFormatTest
Running org.apache.accumulo.core.client.mapred.RangeInputSplitTest
Tests run: 2, Failures: 0, Errors: 0, Skipped: 0, Time elapsed: 0.25 sec - in org.apache.accumulo.core.client.mapred.RangeInputSplitTest
Running org.apache.accumulo.core.client.mapred.AccumuloMultiTableInputFormatTest
Tests run: 2, Failures: 0, Errors: 0, Skipped: 0, Time elapsed: 3.736 sec - in org.apache.accumulo.core.client.mapred.AccumuloMultiTableInputFormatTest
Running org.apache.accumulo.core.client.mapred.AccumuloOutputFormatTest
Tests run: 2, Failures: 0, Errors: 0, Skipped: 0, Time elapsed: 3.742 sec - in org.apache.accumulo.core.client.mapred.AccumuloOutputFormatTest
Running org.apache.accumulo.core.client.mapred.AccumuloFileOutputFormatTest
Tests run: 4, Failures: 0, Errors: 0, Skipped: 0, Time elapsed: 6.179 sec - in org.apache.accumulo.core.client.mapred.AccumuloFileOutputFormatTest
Running org.apache.accumulo.core.client.mapred.TokenFileTest
Tests run: 1, Failures: 0, Errors: 0, Skipped: 0, Time elapsed: 3.518 sec - in org.apache.accumulo.core.client.mapred.TokenFileTest
Running org.apache.accumulo.core.client.mapreduce.InputTableConfigTest
Tests run: 5, Failures: 0, Errors: 0, Skipped: 0, Time elapsed: 0.168 sec - in org.apache.accumulo.core.client.mapreduce.InputTableConfigTest
Running org.apache.accumulo.core.client.mapreduce.AccumuloRowInputFormatTest
Tests run: 1, Failures: 0, Errors: 0, Skipped: 0, Time elapsed: 3.588 sec - in org.apache.accumulo.core.client.mapreduce.AccumuloRowInputFormatTest
Running org.apache.accumulo.core.client.mapreduce.AccumuloInputFormatTest
Tests run: 10, Failures: 0, Errors: 0, Skipped: 0, Time elapsed: 5.784 sec - in org.apache.accumulo.core.client.mapreduce.AccumuloInputFormatTest
Running org.apache.accumulo.core.client.mapreduce.RangeInputSplitTest
Tests run: 2, Failures: 0, Errors: 0, Skipped: 0, Time elapsed: 0.243 sec - in org.apache.accumulo.core.client.mapreduce.RangeInputSplitTest
Running org.apache.accumulo.core.client.mapreduce.AccumuloMultiTableInputFormatTest
Tests run: 2, Failures: 0, Errors: 0, Skipped: 0, Time elapsed: 3.688 sec - in org.apache.accumulo.core.client.mapreduce.AccumuloMultiTableInputFormatTest
Running org.apache.accumulo.core.client.mapreduce.lib.impl.ConfiguratorBaseTest
Tests run: 7, Failures: 0, Errors: 0, Skipped: 0, Time elapsed: 1.858 sec - in org.apache.accumulo.core.client.mapreduce.lib.impl.ConfiguratorBaseTest
Running org.apache.accumulo.core.client.mapreduce.lib.partition.RangePartitionerTest
Tests run: 2, Failures: 0, Errors: 0, Skipped: 0, Time elapsed: 3.655 sec - in org.apache.accumulo.core.client.mapreduce.lib.partition.RangePartitionerTest
Running org.apache.accumulo.core.client.mapreduce.AccumuloOutputFormatTest
Tests run: 2, Failures: 0, Errors: 0, Skipped: 0, Time elapsed: 3.764 sec - in org.apache.accumulo.core.client.mapreduce.AccumuloOutputFormatTest
Running org.apache.accumulo.core.client.mapreduce.AccumuloFileOutputFormatTest
Tests run: 4, Failures: 0, Errors: 0, Skipped: 0, Time elapsed: 6.251 sec - in org.apache.accumulo.core.client.mapreduce.AccumuloFileOutputFormatTest
Running org.apache.accumulo.core.client.mapreduce.TokenFileTest
Tests run: 1, Failures: 0, Errors: 0, Skipped: 0, Time elapsed: 4.562 sec - in org.apache.accumulo.core.client.mapreduce.TokenFileTest
Running org.apache.accumulo.core.client.ClientSideIteratorTest
Tests run: 2, Failures: 0, Errors: 0, Skipped: 0, Time elapsed: 1.521 sec - in org.apache.accumulo.core.client.ClientSideIteratorTest
Running org.apache.accumulo.core.client.security.SecurityErrorCodeTest
Tests run: 1, Failures: 0, Errors: 0, Skipped: 0, Time elapsed: 0.175 sec - in org.apache.accumulo.core.client.security.SecurityErrorCodeTest
Running org.apache.accumulo.core.client.security.tokens.CredentialProviderTokenTest
Tests run: 7, Failures: 0, Errors: 0, Skipped: 0, Time elapsed: 0.319 sec - in org.apache.accumulo.core.client.security.tokens.CredentialProviderTokenTest
Running org.apache.accumulo.core.client.security.tokens.PasswordTokenTest
Tests run: 1, Failures: 0, Errors: 0, Skipped: 0, Time elapsed: 0.151 sec - in org.apache.accumulo.core.client.security.tokens.PasswordTokenTest
Running org.apache.accumulo.core.client.TestThrift1474
Tests run: 1, Failures: 0, Errors: 0, Skipped: 0, Time elapsed: 0.48 sec - in org.apache.accumulo.core.client.TestThrift1474
Running org.apache.accumulo.core.client.lexicoder.LongLexicoderTest
Tests run: 1, Failures: 0, Errors: 0, Skipped: 0, Time elapsed: 0.123 sec - in org.apache.accumulo.core.client.lexicoder.LongLexicoderTest
Running org.apache.accumulo.core.client.lexicoder.ULongLexicoderTest
Tests run: 2, Failures: 0, Errors: 0, Skipped: 0, Time elapsed: 0.123 sec - in org.apache.accumulo.core.client.lexicoder.ULongLexicoderTest
Running org.apache.accumulo.core.client.lexicoder.UIntegerLexicoderTest
Tests run: 1, Failures: 0, Errors: 0, Skipped: 0, Time elapsed: 0.125 sec - in org.apache.accumulo.core.client.lexicoder.UIntegerLexicoderTest
Running org.apache.accumulo.core.client.lexicoder.DoubleLexicoderTest
Tests run: 1, Failures: 0, Errors: 0, Skipped: 0, Time elapsed: 0.123 sec - in org.apache.accumulo.core.client.lexicoder.DoubleLexicoderTest
Running org.apache.accumulo.core.client.lexicoder.ListLexicoderTest
Tests run: 1, Failures: 0, Errors: 0, Skipped: 0, Time elapsed: 0.124 sec - in org.apache.accumulo.core.client.lexicoder.ListLexicoderTest
Running org.apache.accumulo.core.client.lexicoder.ReverseLexicoderTest
Tests run: 2, Failures: 0, Errors: 0, Skipped: 0, Time elapsed: 0.179 sec - in org.apache.accumulo.core.client.lexicoder.ReverseLexicoderTest
Running org.apache.accumulo.core.client.lexicoder.UUIDLexicoderTest
Tests run: 1, Failures: 0, Errors: 0, Skipped: 0, Time elapsed: 0.185 sec - in org.apache.accumulo.core.client.lexicoder.UUIDLexicoderTest
Running org.apache.accumulo.core.client.lexicoder.BigIntegerLexicoderTest
Tests run: 1, Failures: 0, Errors: 0, Skipped: 0, Time elapsed: 0.124 sec - in org.apache.accumulo.core.client.lexicoder.BigIntegerLexicoderTest
Running org.apache.accumulo.core.client.lexicoder.PairLexicoderTest
Tests run: 1, Failures: 0, Errors: 0, Skipped: 0, Time elapsed: 0.127 sec - in org.apache.accumulo.core.client.lexicoder.PairLexicoderTest
Running org.apache.accumulo.core.client.lexicoder.IntegerLexicoderTest
Tests run: 1, Failures: 0, Errors: 0, Skipped: 0, Time elapsed: 0.095 sec - in org.apache.accumulo.core.client.lexicoder.IntegerLexicoderTest
Running org.apache.accumulo.core.client.mock.MockTableOperationsTest
Tests run: 8, Failures: 0, Errors: 0, Skipped: 0, Time elapsed: 2.431 sec - in org.apache.accumulo.core.client.mock.MockTableOperationsTest
Running org.apache.accumulo.core.client.mock.MockNamespacesTest
Tests run: 6, Failures: 0, Errors: 0, Skipped: 0, Time elapsed: 1.541 sec - in org.apache.accumulo.core.client.mock.MockNamespacesTest
Running org.apache.accumulo.core.client.mock.TestBatchScanner821
Tests run: 1, Failures: 0, Errors: 0, Skipped: 0, Time elapsed: 1.45 sec - in org.apache.accumulo.core.client.mock.TestBatchScanner821
Running org.apache.accumulo.core.client.mock.MockConnectorTest
Tests run: 10, Failures: 0, Errors: 0, Skipped: 0, Time elapsed: 1.579 sec - in org.apache.accumulo.core.client.mock.MockConnectorTest
Running org.apache.accumulo.core.client.IteratorSettingTest
Tests run: 10, Failures: 0, Errors: 0, Skipped: 0, Time elapsed: 0.179 sec - in org.apache.accumulo.core.client.IteratorSettingTest
Running org.apache.accumulo.core.client.ZooKeeperInstanceTest
Tests run: 9, Failures: 1, Errors: 0, Skipped: 0, Time elapsed: 0.768 sec <<< FAILURE! - in org.apache.accumulo.core.client.ZooKeeperInstanceTest
testAllZooKeepersAreUsed(org.apache.accumulo.core.client.ZooKeeperInstanceTest)  Time elapsed: 0.061 sec  <<< FAILURE!
java.lang.AssertionError: 
  Unexpected method call ZooCacheFactory.getZooCache("zk1", 30000):
	at org.easymock.internal.MockInvocationHandler.invoke(MockInvocationHandler.java:44)
	at org.easymock.internal.ObjectMethodsFilter.invoke(ObjectMethodsFilter.java:85)
	at org.easymock.internal.ClassProxyFactory$MockMethodInterceptor.intercept(ClassProxyFactory.java:94)
	at org.apache.accumulo.fate.zookeeper.ZooCacheFactory$$EnhancerByCGLIB$$f42232aa.getZooCache(<generated>)
	at org.apache.accumulo.core.client.ZooKeeperInstance.<init>(ZooKeeperInstance.java:152)
	at org.apache.accumulo.core.client.ZooKeeperInstanceTest.testAllZooKeepersAreUsed(ZooKeeperInstanceTest.java:153)

Running org.apache.accumulo.core.client.admin.FindMaxTest
Tests run: 1, Failures: 0, Errors: 0, Skipped: 0, Time elapsed: 4 sec - in org.apache.accumulo.core.client.admin.FindMaxTest
Running org.apache.accumulo.core.client.admin.TableOperationsHelperTest
Tests run: 1, Failures: 0, Errors: 0, Skipped: 0, Time elapsed: 0.26 sec - in org.apache.accumulo.core.client.admin.TableOperationsHelperTest

Results :

Failed tests: 
  ZooKeeperInstanceTest.testAllZooKeepersAreUsed:153 
  Unexpected method call ZooCacheFactory.getZooCache("zk1", 30000):

Tests run: 702, Failures: 1, Errors: 0, Skipped: 1

[INFO] ------------------------------------------------------------------------
[INFO] BUILD FAILURE
[INFO] ------------------------------------------------------------------------
[INFO] Total time: 04:35 min
[INFO] Finished at: 2016-07-26T09:39:33-07:00
[INFO] Final Memory: 52M/2438M
[INFO] ------------------------------------------------------------------------
[ERROR] Failed to execute goal org.apache.maven.plugins:maven-surefire-plugin:2.16:test (default-test) on project accumulo-core: There are test failures.
[ERROR] 
[ERROR] Please refer to /home/ylyu/parallel/accumulo/accumulo9/dataset/accumulo/ACCUMULO-3218_1b35d2633e7558b49a1ff8887a3bc37c19d0b34f/core/target/surefire-reports for the individual test results.
[ERROR] -> [Help 1]
[ERROR] 
[ERROR] To see the full stack trace of the errors, re-run Maven with the -e switch.
[ERROR] Re-run Maven using the -X switch to enable full debug logging.
[ERROR] 
[ERROR] For more information about the errors and possible solutions, please read the following articles:
[ERROR] [Help 1] http://cwiki.apache.org/confluence/display/MAVEN/MojoFailureException
