[INFO] Scanning for projects...
[INFO]                                                                         
[INFO] ------------------------------------------------------------------------
[INFO] Building Maven Project 3.0-SNAPSHOT
[INFO] ------------------------------------------------------------------------
[INFO] 
[INFO] --- modello-maven-plugin:1.0-alpha-22:java (standard) @ maven-project ---
[INFO] outputDirectory: /home/ylyu/parallel/maven/maven9/dataset/mng/MNG-2174_778f044ed92673ad03ab21b0ea9a8b77bd22b4ab/maven-project/target/generated-sources/modello
[INFO] Working on model: src/main/mdo/profiles.mdo
[INFO] Generating current version: 1.0.0
[INFO] 
[INFO] --- modello-maven-plugin:1.0-alpha-22:xpp3-reader (standard) @ maven-project ---
[INFO] outputDirectory: /home/ylyu/parallel/maven/maven9/dataset/mng/MNG-2174_778f044ed92673ad03ab21b0ea9a8b77bd22b4ab/maven-project/target/generated-sources/modello
[INFO] Working on model: src/main/mdo/profiles.mdo
[INFO] Generating current version: 1.0.0
[INFO] 
[INFO] --- modello-maven-plugin:1.0-alpha-22:xpp3-writer (standard) @ maven-project ---
[INFO] outputDirectory: /home/ylyu/parallel/maven/maven9/dataset/mng/MNG-2174_778f044ed92673ad03ab21b0ea9a8b77bd22b4ab/maven-project/target/generated-sources/modello
[INFO] Working on model: src/main/mdo/profiles.mdo
[INFO] Generating current version: 1.0.0
[INFO] 
[INFO] --- maven-remote-resources-plugin:1.0:process (default) @ maven-project ---
[INFO] Setting property: classpath.resource.loader.class => 'org.codehaus.plexus.velocity.ContextClassLoaderResourceLoader'.
[INFO] Setting property: velocimacro.messages.on => 'false'.
[INFO] Setting property: resource.loader => 'classpath'.
[INFO] Setting property: resource.manager.logwhenfound => 'false'.
[INFO] 
[INFO] --- maven-resources-plugin:2.3:resources (default-resources) @ maven-project ---
[INFO] Using 'UTF-8' encoding to copy filtered resources.
[INFO] skip non existing resourceDirectory /home/ylyu/parallel/maven/maven9/dataset/mng/MNG-2174_778f044ed92673ad03ab21b0ea9a8b77bd22b4ab/maven-project/src/main/resources
[INFO] Copying 3 resources
[INFO] 
[INFO] --- maven-compiler-plugin:2.0.2:compile (default-compile) @ maven-project ---
[INFO] Compiling 11 source files to /home/ylyu/parallel/maven/maven9/dataset/mng/MNG-2174_778f044ed92673ad03ab21b0ea9a8b77bd22b4ab/maven-project/target/classes
[INFO] 
[INFO] --- plexus-component-metadata:1.0-beta-3.0.5:generate-metadata (default) @ maven-project ---
[INFO] Discovered 15 component descriptors(s)
[INFO] 
[INFO] --- maven-resources-plugin:2.3:testResources (default-testResources) @ maven-project ---
[INFO] Using 'UTF-8' encoding to copy filtered resources.
[INFO] Copying 213 resources
[INFO] Copying 3 resources
[INFO] 
[INFO] --- maven-compiler-plugin:2.0.2:testCompile (default-testCompile) @ maven-project ---
[INFO] Nothing to compile - all classes are up to date
[INFO] 
[INFO] --- maven-surefire-plugin:2.4.2:test (default-test) @ maven-project ---
[INFO] Surefire report directory: /home/ylyu/parallel/maven/maven9/dataset/mng/MNG-2174_778f044ed92673ad03ab21b0ea9a8b77bd22b4ab/maven-project/target/surefire-reports

-------------------------------------------------------
 T E S T S
-------------------------------------------------------
Running org.apache.maven.project.ProjectBuilderURITest
Original URL String:
jar:file:/c:/Program Files/maven2.1/bin/../lib/maven-project-2.1-SNAPSHOT.jar!/org/apache/maven/project/pom-4.0.0.xml
URI result:
jar:file:/c:/Program%20Files/maven2.1/bin/../lib/maven-project-2.1-SNAPSHOT.jar!/org/apache/maven/project/pom-4.0.0.xml
Tests run: 1, Failures: 0, Errors: 0, Skipped: 0, Time elapsed: 0.023 sec
Running org.apache.maven.project.artifact.TestModelDefaultsInjector
Tests run: 0, Failures: 0, Errors: 0, Skipped: 0, Time elapsed: 0.007 sec
Running org.apache.maven.project.artifact.MavenMetadataSourceTest
{basedir=/home/ylyu/parallel/maven/maven9/dataset/mng/MNG-2174_778f044ed92673ad03ab21b0ea9a8b77bd22b4ab/maven-project}
{plexus.home=/home/ylyu/parallel/maven/maven9/dataset/mng/MNG-2174_778f044ed92673ad03ab21b0ea9a8b77bd22b4ab/maven-project/target/plexus-home, basedir=/home/ylyu/parallel/maven/maven9/dataset/mng/MNG-2174_778f044ed92673ad03ab21b0ea9a8b77bd22b4ab/maven-project}
{basedir=/home/ylyu/parallel/maven/maven9/dataset/mng/MNG-2174_778f044ed92673ad03ab21b0ea9a8b77bd22b4ab/maven-project}
{plexus.home=/home/ylyu/parallel/maven/maven9/dataset/mng/MNG-2174_778f044ed92673ad03ab21b0ea9a8b77bd22b4ab/maven-project/target/plexus-home, basedir=/home/ylyu/parallel/maven/maven9/dataset/mng/MNG-2174_778f044ed92673ad03ab21b0ea9a8b77bd22b4ab/maven-project}
{basedir=/home/ylyu/parallel/maven/maven9/dataset/mng/MNG-2174_778f044ed92673ad03ab21b0ea9a8b77bd22b4ab/maven-project}
{plexus.home=/home/ylyu/parallel/maven/maven9/dataset/mng/MNG-2174_778f044ed92673ad03ab21b0ea9a8b77bd22b4ab/maven-project/target/plexus-home, basedir=/home/ylyu/parallel/maven/maven9/dataset/mng/MNG-2174_778f044ed92673ad03ab21b0ea9a8b77bd22b4ab/maven-project}
Tests run: 3, Failures: 0, Errors: 0, Skipped: 0, Time elapsed: 0.336 sec
Running org.apache.maven.profiles.activation.SystemPropertyProfileActivatorTest
Tests run: 4, Failures: 0, Errors: 0, Skipped: 0, Time elapsed: 0.007 sec
Running org.apache.maven.project.injection.DefaultModelDefaultsInjectorTest
Tests run: 11, Failures: 0, Errors: 0, Skipped: 0, Time elapsed: 0.005 sec
Running org.apache.maven.project.inheritance.t09.ProjectInheritanceTest
{basedir=/home/ylyu/parallel/maven/maven9/dataset/mng/MNG-2174_778f044ed92673ad03ab21b0ea9a8b77bd22b4ab/maven-project}
{plexus.home=/home/ylyu/parallel/maven/maven9/dataset/mng/MNG-2174_778f044ed92673ad03ab21b0ea9a8b77bd22b4ab/maven-project/target/plexus-home, basedir=/home/ylyu/parallel/maven/maven9/dataset/mng/MNG-2174_778f044ed92673ad03ab21b0ea9a8b77bd22b4ab/maven-project}
{basedir=/home/ylyu/parallel/maven/maven9/dataset/mng/MNG-2174_778f044ed92673ad03ab21b0ea9a8b77bd22b4ab/maven-project}
{plexus.home=/home/ylyu/parallel/maven/maven9/dataset/mng/MNG-2174_778f044ed92673ad03ab21b0ea9a8b77bd22b4ab/maven-project/target/plexus-home, basedir=/home/ylyu/parallel/maven/maven9/dataset/mng/MNG-2174_778f044ed92673ad03ab21b0ea9a8b77bd22b4ab/maven-project}
Tests run: 2, Failures: 0, Errors: 0, Skipped: 0, Time elapsed: 0.453 sec
Running org.apache.maven.project.inheritance.t12.ProjectInheritanceTest
{basedir=/home/ylyu/parallel/maven/maven9/dataset/mng/MNG-2174_778f044ed92673ad03ab21b0ea9a8b77bd22b4ab/maven-project}
{plexus.home=/home/ylyu/parallel/maven/maven9/dataset/mng/MNG-2174_778f044ed92673ad03ab21b0ea9a8b77bd22b4ab/maven-project/target/plexus-home, basedir=/home/ylyu/parallel/maven/maven9/dataset/mng/MNG-2174_778f044ed92673ad03ab21b0ea9a8b77bd22b4ab/maven-project}
Tests run: 1, Failures: 0, Errors: 0, Skipped: 0, Time elapsed: 0.064 sec
Running org.apache.maven.project.inheritance.t01.ProjectInheritanceTest
{basedir=/home/ylyu/parallel/maven/maven9/dataset/mng/MNG-2174_778f044ed92673ad03ab21b0ea9a8b77bd22b4ab/maven-project}
{plexus.home=/home/ylyu/parallel/maven/maven9/dataset/mng/MNG-2174_778f044ed92673ad03ab21b0ea9a8b77bd22b4ab/maven-project/target/plexus-home, basedir=/home/ylyu/parallel/maven/maven9/dataset/mng/MNG-2174_778f044ed92673ad03ab21b0ea9a8b77bd22b4ab/maven-project}
Tests run: 1, Failures: 0, Errors: 0, Skipped: 0, Time elapsed: 0.201 sec
Running org.apache.maven.project.ModelUtilsTest
Tests run: 15, Failures: 0, Errors: 0, Skipped: 0, Time elapsed: 0.006 sec
Running org.apache.maven.project.builder.PomConstructionTest
{basedir=/home/ylyu/parallel/maven/maven9/dataset/mng/MNG-2174_778f044ed92673ad03ab21b0ea9a8b77bd22b4ab/maven-project}
{plexus.home=/home/ylyu/parallel/maven/maven9/dataset/mng/MNG-2174_778f044ed92673ad03ab21b0ea9a8b77bd22b4ab/maven-project/target/plexus-home, basedir=/home/ylyu/parallel/maven/maven9/dataset/mng/MNG-2174_778f044ed92673ad03ab21b0ea9a8b77bd22b4ab/maven-project}
{basedir=/home/ylyu/parallel/maven/maven9/dataset/mng/MNG-2174_778f044ed92673ad03ab21b0ea9a8b77bd22b4ab/maven-project}
{plexus.home=/home/ylyu/parallel/maven/maven9/dataset/mng/MNG-2174_778f044ed92673ad03ab21b0ea9a8b77bd22b4ab/maven-project/target/plexus-home, basedir=/home/ylyu/parallel/maven/maven9/dataset/mng/MNG-2174_778f044ed92673ad03ab21b0ea9a8b77bd22b4ab/maven-project}
{basedir=/home/ylyu/parallel/maven/maven9/dataset/mng/MNG-2174_778f044ed92673ad03ab21b0ea9a8b77bd22b4ab/maven-project}
{plexus.home=/home/ylyu/parallel/maven/maven9/dataset/mng/MNG-2174_778f044ed92673ad03ab21b0ea9a8b77bd22b4ab/maven-project/target/plexus-home, basedir=/home/ylyu/parallel/maven/maven9/dataset/mng/MNG-2174_778f044ed92673ad03ab21b0ea9a8b77bd22b4ab/maven-project}
{basedir=/home/ylyu/parallel/maven/maven9/dataset/mng/MNG-2174_778f044ed92673ad03ab21b0ea9a8b77bd22b4ab/maven-project}
{plexus.home=/home/ylyu/parallel/maven/maven9/dataset/mng/MNG-2174_778f044ed92673ad03ab21b0ea9a8b77bd22b4ab/maven-project/target/plexus-home, basedir=/home/ylyu/parallel/maven/maven9/dataset/mng/MNG-2174_778f044ed92673ad03ab21b0ea9a8b77bd22b4ab/maven-project}
{basedir=/home/ylyu/parallel/maven/maven9/dataset/mng/MNG-2174_778f044ed92673ad03ab21b0ea9a8b77bd22b4ab/maven-project}
{plexus.home=/home/ylyu/parallel/maven/maven9/dataset/mng/MNG-2174_778f044ed92673ad03ab21b0ea9a8b77bd22b4ab/maven-project/target/plexus-home, basedir=/home/ylyu/parallel/maven/maven9/dataset/mng/MNG-2174_778f044ed92673ad03ab21b0ea9a8b77bd22b4ab/maven-project}
{basedir=/home/ylyu/parallel/maven/maven9/dataset/mng/MNG-2174_778f044ed92673ad03ab21b0ea9a8b77bd22b4ab/maven-project}
{plexus.home=/home/ylyu/parallel/maven/maven9/dataset/mng/MNG-2174_778f044ed92673ad03ab21b0ea9a8b77bd22b4ab/maven-project/target/plexus-home, basedir=/home/ylyu/parallel/maven/maven9/dataset/mng/MNG-2174_778f044ed92673ad03ab21b0ea9a8b77bd22b4ab/maven-project}
{basedir=/home/ylyu/parallel/maven/maven9/dataset/mng/MNG-2174_778f044ed92673ad03ab21b0ea9a8b77bd22b4ab/maven-project}
{plexus.home=/home/ylyu/parallel/maven/maven9/dataset/mng/MNG-2174_778f044ed92673ad03ab21b0ea9a8b77bd22b4ab/maven-project/target/plexus-home, basedir=/home/ylyu/parallel/maven/maven9/dataset/mng/MNG-2174_778f044ed92673ad03ab21b0ea9a8b77bd22b4ab/maven-project}
{basedir=/home/ylyu/parallel/maven/maven9/dataset/mng/MNG-2174_778f044ed92673ad03ab21b0ea9a8b77bd22b4ab/maven-project}
{plexus.home=/home/ylyu/parallel/maven/maven9/dataset/mng/MNG-2174_778f044ed92673ad03ab21b0ea9a8b77bd22b4ab/maven-project/target/plexus-home, basedir=/home/ylyu/parallel/maven/maven9/dataset/mng/MNG-2174_778f044ed92673ad03ab21b0ea9a8b77bd22b4ab/maven-project}
{basedir=/home/ylyu/parallel/maven/maven9/dataset/mng/MNG-2174_778f044ed92673ad03ab21b0ea9a8b77bd22b4ab/maven-project}
{plexus.home=/home/ylyu/parallel/maven/maven9/dataset/mng/MNG-2174_778f044ed92673ad03ab21b0ea9a8b77bd22b4ab/maven-project/target/plexus-home, basedir=/home/ylyu/parallel/maven/maven9/dataset/mng/MNG-2174_778f044ed92673ad03ab21b0ea9a8b77bd22b4ab/maven-project}
{basedir=/home/ylyu/parallel/maven/maven9/dataset/mng/MNG-2174_778f044ed92673ad03ab21b0ea9a8b77bd22b4ab/maven-project}
{plexus.home=/home/ylyu/parallel/maven/maven9/dataset/mng/MNG-2174_778f044ed92673ad03ab21b0ea9a8b77bd22b4ab/maven-project/target/plexus-home, basedir=/home/ylyu/parallel/maven/maven9/dataset/mng/MNG-2174_778f044ed92673ad03ab21b0ea9a8b77bd22b4ab/maven-project}
{basedir=/home/ylyu/parallel/maven/maven9/dataset/mng/MNG-2174_778f044ed92673ad03ab21b0ea9a8b77bd22b4ab/maven-project}
{plexus.home=/home/ylyu/parallel/maven/maven9/dataset/mng/MNG-2174_778f044ed92673ad03ab21b0ea9a8b77bd22b4ab/maven-project/target/plexus-home, basedir=/home/ylyu/parallel/maven/maven9/dataset/mng/MNG-2174_778f044ed92673ad03ab21b0ea9a8b77bd22b4ab/maven-project}
{basedir=/home/ylyu/parallel/maven/maven9/dataset/mng/MNG-2174_778f044ed92673ad03ab21b0ea9a8b77bd22b4ab/maven-project}
{plexus.home=/home/ylyu/parallel/maven/maven9/dataset/mng/MNG-2174_778f044ed92673ad03ab21b0ea9a8b77bd22b4ab/maven-project/target/plexus-home, basedir=/home/ylyu/parallel/maven/maven9/dataset/mng/MNG-2174_778f044ed92673ad03ab21b0ea9a8b77bd22b4ab/maven-project}
{basedir=/home/ylyu/parallel/maven/maven9/dataset/mng/MNG-2174_778f044ed92673ad03ab21b0ea9a8b77bd22b4ab/maven-project}
{plexus.home=/home/ylyu/parallel/maven/maven9/dataset/mng/MNG-2174_778f044ed92673ad03ab21b0ea9a8b77bd22b4ab/maven-project/target/plexus-home, basedir=/home/ylyu/parallel/maven/maven9/dataset/mng/MNG-2174_778f044ed92673ad03ab21b0ea9a8b77bd22b4ab/maven-project}
{basedir=/home/ylyu/parallel/maven/maven9/dataset/mng/MNG-2174_778f044ed92673ad03ab21b0ea9a8b77bd22b4ab/maven-project}
{plexus.home=/home/ylyu/parallel/maven/maven9/dataset/mng/MNG-2174_778f044ed92673ad03ab21b0ea9a8b77bd22b4ab/maven-project/target/plexus-home, basedir=/home/ylyu/parallel/maven/maven9/dataset/mng/MNG-2174_778f044ed92673ad03ab21b0ea9a8b77bd22b4ab/maven-project}
{basedir=/home/ylyu/parallel/maven/maven9/dataset/mng/MNG-2174_778f044ed92673ad03ab21b0ea9a8b77bd22b4ab/maven-project}
{plexus.home=/home/ylyu/parallel/maven/maven9/dataset/mng/MNG-2174_778f044ed92673ad03ab21b0ea9a8b77bd22b4ab/maven-project/target/plexus-home, basedir=/home/ylyu/parallel/maven/maven9/dataset/mng/MNG-2174_778f044ed92673ad03ab21b0ea9a8b77bd22b4ab/maven-project}
{basedir=/home/ylyu/parallel/maven/maven9/dataset/mng/MNG-2174_778f044ed92673ad03ab21b0ea9a8b77bd22b4ab/maven-project}
{plexus.home=/home/ylyu/parallel/maven/maven9/dataset/mng/MNG-2174_778f044ed92673ad03ab21b0ea9a8b77bd22b4ab/maven-project/target/plexus-home, basedir=/home/ylyu/parallel/maven/maven9/dataset/mng/MNG-2174_778f044ed92673ad03ab21b0ea9a8b77bd22b4ab/maven-project}
{basedir=/home/ylyu/parallel/maven/maven9/dataset/mng/MNG-2174_778f044ed92673ad03ab21b0ea9a8b77bd22b4ab/maven-project}
{plexus.home=/home/ylyu/parallel/maven/maven9/dataset/mng/MNG-2174_778f044ed92673ad03ab21b0ea9a8b77bd22b4ab/maven-project/target/plexus-home, basedir=/home/ylyu/parallel/maven/maven9/dataset/mng/MNG-2174_778f044ed92673ad03ab21b0ea9a8b77bd22b4ab/maven-project}
{basedir=/home/ylyu/parallel/maven/maven9/dataset/mng/MNG-2174_778f044ed92673ad03ab21b0ea9a8b77bd22b4ab/maven-project}
{plexus.home=/home/ylyu/parallel/maven/maven9/dataset/mng/MNG-2174_778f044ed92673ad03ab21b0ea9a8b77bd22b4ab/maven-project/target/plexus-home, basedir=/home/ylyu/parallel/maven/maven9/dataset/mng/MNG-2174_778f044ed92673ad03ab21b0ea9a8b77bd22b4ab/maven-project}
{basedir=/home/ylyu/parallel/maven/maven9/dataset/mng/MNG-2174_778f044ed92673ad03ab21b0ea9a8b77bd22b4ab/maven-project}
{plexus.home=/home/ylyu/parallel/maven/maven9/dataset/mng/MNG-2174_778f044ed92673ad03ab21b0ea9a8b77bd22b4ab/maven-project/target/plexus-home, basedir=/home/ylyu/parallel/maven/maven9/dataset/mng/MNG-2174_778f044ed92673ad03ab21b0ea9a8b77bd22b4ab/maven-project}
{basedir=/home/ylyu/parallel/maven/maven9/dataset/mng/MNG-2174_778f044ed92673ad03ab21b0ea9a8b77bd22b4ab/maven-project}
{plexus.home=/home/ylyu/parallel/maven/maven9/dataset/mng/MNG-2174_778f044ed92673ad03ab21b0ea9a8b77bd22b4ab/maven-project/target/plexus-home, basedir=/home/ylyu/parallel/maven/maven9/dataset/mng/MNG-2174_778f044ed92673ad03ab21b0ea9a8b77bd22b4ab/maven-project}
{basedir=/home/ylyu/parallel/maven/maven9/dataset/mng/MNG-2174_778f044ed92673ad03ab21b0ea9a8b77bd22b4ab/maven-project}
{plexus.home=/home/ylyu/parallel/maven/maven9/dataset/mng/MNG-2174_778f044ed92673ad03ab21b0ea9a8b77bd22b4ab/maven-project/target/plexus-home, basedir=/home/ylyu/parallel/maven/maven9/dataset/mng/MNG-2174_778f044ed92673ad03ab21b0ea9a8b77bd22b4ab/maven-project}
{basedir=/home/ylyu/parallel/maven/maven9/dataset/mng/MNG-2174_778f044ed92673ad03ab21b0ea9a8b77bd22b4ab/maven-project}
{plexus.home=/home/ylyu/parallel/maven/maven9/dataset/mng/MNG-2174_778f044ed92673ad03ab21b0ea9a8b77bd22b4ab/maven-project/target/plexus-home, basedir=/home/ylyu/parallel/maven/maven9/dataset/mng/MNG-2174_778f044ed92673ad03ab21b0ea9a8b77bd22b4ab/maven-project}
{basedir=/home/ylyu/parallel/maven/maven9/dataset/mng/MNG-2174_778f044ed92673ad03ab21b0ea9a8b77bd22b4ab/maven-project}
{plexus.home=/home/ylyu/parallel/maven/maven9/dataset/mng/MNG-2174_778f044ed92673ad03ab21b0ea9a8b77bd22b4ab/maven-project/target/plexus-home, basedir=/home/ylyu/parallel/maven/maven9/dataset/mng/MNG-2174_778f044ed92673ad03ab21b0ea9a8b77bd22b4ab/maven-project}
{basedir=/home/ylyu/parallel/maven/maven9/dataset/mng/MNG-2174_778f044ed92673ad03ab21b0ea9a8b77bd22b4ab/maven-project}
{plexus.home=/home/ylyu/parallel/maven/maven9/dataset/mng/MNG-2174_778f044ed92673ad03ab21b0ea9a8b77bd22b4ab/maven-project/target/plexus-home, basedir=/home/ylyu/parallel/maven/maven9/dataset/mng/MNG-2174_778f044ed92673ad03ab21b0ea9a8b77bd22b4ab/maven-project}
{basedir=/home/ylyu/parallel/maven/maven9/dataset/mng/MNG-2174_778f044ed92673ad03ab21b0ea9a8b77bd22b4ab/maven-project}
{plexus.home=/home/ylyu/parallel/maven/maven9/dataset/mng/MNG-2174_778f044ed92673ad03ab21b0ea9a8b77bd22b4ab/maven-project/target/plexus-home, basedir=/home/ylyu/parallel/maven/maven9/dataset/mng/MNG-2174_778f044ed92673ad03ab21b0ea9a8b77bd22b4ab/maven-project}
{basedir=/home/ylyu/parallel/maven/maven9/dataset/mng/MNG-2174_778f044ed92673ad03ab21b0ea9a8b77bd22b4ab/maven-project}
{plexus.home=/home/ylyu/parallel/maven/maven9/dataset/mng/MNG-2174_778f044ed92673ad03ab21b0ea9a8b77bd22b4ab/maven-project/target/plexus-home, basedir=/home/ylyu/parallel/maven/maven9/dataset/mng/MNG-2174_778f044ed92673ad03ab21b0ea9a8b77bd22b4ab/maven-project}
{basedir=/home/ylyu/parallel/maven/maven9/dataset/mng/MNG-2174_778f044ed92673ad03ab21b0ea9a8b77bd22b4ab/maven-project}
{plexus.home=/home/ylyu/parallel/maven/maven9/dataset/mng/MNG-2174_778f044ed92673ad03ab21b0ea9a8b77bd22b4ab/maven-project/target/plexus-home, basedir=/home/ylyu/parallel/maven/maven9/dataset/mng/MNG-2174_778f044ed92673ad03ab21b0ea9a8b77bd22b4ab/maven-project}
{basedir=/home/ylyu/parallel/maven/maven9/dataset/mng/MNG-2174_778f044ed92673ad03ab21b0ea9a8b77bd22b4ab/maven-project}
{plexus.home=/home/ylyu/parallel/maven/maven9/dataset/mng/MNG-2174_778f044ed92673ad03ab21b0ea9a8b77bd22b4ab/maven-project/target/plexus-home, basedir=/home/ylyu/parallel/maven/maven9/dataset/mng/MNG-2174_778f044ed92673ad03ab21b0ea9a8b77bd22b4ab/maven-project}
{basedir=/home/ylyu/parallel/maven/maven9/dataset/mng/MNG-2174_778f044ed92673ad03ab21b0ea9a8b77bd22b4ab/maven-project}
{plexus.home=/home/ylyu/parallel/maven/maven9/dataset/mng/MNG-2174_778f044ed92673ad03ab21b0ea9a8b77bd22b4ab/maven-project/target/plexus-home, basedir=/home/ylyu/parallel/maven/maven9/dataset/mng/MNG-2174_778f044ed92673ad03ab21b0ea9a8b77bd22b4ab/maven-project}
{basedir=/home/ylyu/parallel/maven/maven9/dataset/mng/MNG-2174_778f044ed92673ad03ab21b0ea9a8b77bd22b4ab/maven-project}
{plexus.home=/home/ylyu/parallel/maven/maven9/dataset/mng/MNG-2174_778f044ed92673ad03ab21b0ea9a8b77bd22b4ab/maven-project/target/plexus-home, basedir=/home/ylyu/parallel/maven/maven9/dataset/mng/MNG-2174_778f044ed92673ad03ab21b0ea9a8b77bd22b4ab/maven-project}
{basedir=/home/ylyu/parallel/maven/maven9/dataset/mng/MNG-2174_778f044ed92673ad03ab21b0ea9a8b77bd22b4ab/maven-project}
{plexus.home=/home/ylyu/parallel/maven/maven9/dataset/mng/MNG-2174_778f044ed92673ad03ab21b0ea9a8b77bd22b4ab/maven-project/target/plexus-home, basedir=/home/ylyu/parallel/maven/maven9/dataset/mng/MNG-2174_778f044ed92673ad03ab21b0ea9a8b77bd22b4ab/maven-project}
{basedir=/home/ylyu/parallel/maven/maven9/dataset/mng/MNG-2174_778f044ed92673ad03ab21b0ea9a8b77bd22b4ab/maven-project}
{plexus.home=/home/ylyu/parallel/maven/maven9/dataset/mng/MNG-2174_778f044ed92673ad03ab21b0ea9a8b77bd22b4ab/maven-project/target/plexus-home, basedir=/home/ylyu/parallel/maven/maven9/dataset/mng/MNG-2174_778f044ed92673ad03ab21b0ea9a8b77bd22b4ab/maven-project}
{basedir=/home/ylyu/parallel/maven/maven9/dataset/mng/MNG-2174_778f044ed92673ad03ab21b0ea9a8b77bd22b4ab/maven-project}
{plexus.home=/home/ylyu/parallel/maven/maven9/dataset/mng/MNG-2174_778f044ed92673ad03ab21b0ea9a8b77bd22b4ab/maven-project/target/plexus-home, basedir=/home/ylyu/parallel/maven/maven9/dataset/mng/MNG-2174_778f044ed92673ad03ab21b0ea9a8b77bd22b4ab/maven-project}
{basedir=/home/ylyu/parallel/maven/maven9/dataset/mng/MNG-2174_778f044ed92673ad03ab21b0ea9a8b77bd22b4ab/maven-project}
{plexus.home=/home/ylyu/parallel/maven/maven9/dataset/mng/MNG-2174_778f044ed92673ad03ab21b0ea9a8b77bd22b4ab/maven-project/target/plexus-home, basedir=/home/ylyu/parallel/maven/maven9/dataset/mng/MNG-2174_778f044ed92673ad03ab21b0ea9a8b77bd22b4ab/maven-project}
{basedir=/home/ylyu/parallel/maven/maven9/dataset/mng/MNG-2174_778f044ed92673ad03ab21b0ea9a8b77bd22b4ab/maven-project}
{plexus.home=/home/ylyu/parallel/maven/maven9/dataset/mng/MNG-2174_778f044ed92673ad03ab21b0ea9a8b77bd22b4ab/maven-project/target/plexus-home, basedir=/home/ylyu/parallel/maven/maven9/dataset/mng/MNG-2174_778f044ed92673ad03ab21b0ea9a8b77bd22b4ab/maven-project}
{basedir=/home/ylyu/parallel/maven/maven9/dataset/mng/MNG-2174_778f044ed92673ad03ab21b0ea9a8b77bd22b4ab/maven-project}
{plexus.home=/home/ylyu/parallel/maven/maven9/dataset/mng/MNG-2174_778f044ed92673ad03ab21b0ea9a8b77bd22b4ab/maven-project/target/plexus-home, basedir=/home/ylyu/parallel/maven/maven9/dataset/mng/MNG-2174_778f044ed92673ad03ab21b0ea9a8b77bd22b4ab/maven-project}
{basedir=/home/ylyu/parallel/maven/maven9/dataset/mng/MNG-2174_778f044ed92673ad03ab21b0ea9a8b77bd22b4ab/maven-project}
{plexus.home=/home/ylyu/parallel/maven/maven9/dataset/mng/MNG-2174_778f044ed92673ad03ab21b0ea9a8b77bd22b4ab/maven-project/target/plexus-home, basedir=/home/ylyu/parallel/maven/maven9/dataset/mng/MNG-2174_778f044ed92673ad03ab21b0ea9a8b77bd22b4ab/maven-project}
{basedir=/home/ylyu/parallel/maven/maven9/dataset/mng/MNG-2174_778f044ed92673ad03ab21b0ea9a8b77bd22b4ab/maven-project}
{plexus.home=/home/ylyu/parallel/maven/maven9/dataset/mng/MNG-2174_778f044ed92673ad03ab21b0ea9a8b77bd22b4ab/maven-project/target/plexus-home, basedir=/home/ylyu/parallel/maven/maven9/dataset/mng/MNG-2174_778f044ed92673ad03ab21b0ea9a8b77bd22b4ab/maven-project}
{basedir=/home/ylyu/parallel/maven/maven9/dataset/mng/MNG-2174_778f044ed92673ad03ab21b0ea9a8b77bd22b4ab/maven-project}
{plexus.home=/home/ylyu/parallel/maven/maven9/dataset/mng/MNG-2174_778f044ed92673ad03ab21b0ea9a8b77bd22b4ab/maven-project/target/plexus-home, basedir=/home/ylyu/parallel/maven/maven9/dataset/mng/MNG-2174_778f044ed92673ad03ab21b0ea9a8b77bd22b4ab/maven-project}
{basedir=/home/ylyu/parallel/maven/maven9/dataset/mng/MNG-2174_778f044ed92673ad03ab21b0ea9a8b77bd22b4ab/maven-project}
{plexus.home=/home/ylyu/parallel/maven/maven9/dataset/mng/MNG-2174_778f044ed92673ad03ab21b0ea9a8b77bd22b4ab/maven-project/target/plexus-home, basedir=/home/ylyu/parallel/maven/maven9/dataset/mng/MNG-2174_778f044ed92673ad03ab21b0ea9a8b77bd22b4ab/maven-project}
{basedir=/home/ylyu/parallel/maven/maven9/dataset/mng/MNG-2174_778f044ed92673ad03ab21b0ea9a8b77bd22b4ab/maven-project}
{plexus.home=/home/ylyu/parallel/maven/maven9/dataset/mng/MNG-2174_778f044ed92673ad03ab21b0ea9a8b77bd22b4ab/maven-project/target/plexus-home, basedir=/home/ylyu/parallel/maven/maven9/dataset/mng/MNG-2174_778f044ed92673ad03ab21b0ea9a8b77bd22b4ab/maven-project}
{basedir=/home/ylyu/parallel/maven/maven9/dataset/mng/MNG-2174_778f044ed92673ad03ab21b0ea9a8b77bd22b4ab/maven-project}
{plexus.home=/home/ylyu/parallel/maven/maven9/dataset/mng/MNG-2174_778f044ed92673ad03ab21b0ea9a8b77bd22b4ab/maven-project/target/plexus-home, basedir=/home/ylyu/parallel/maven/maven9/dataset/mng/MNG-2174_778f044ed92673ad03ab21b0ea9a8b77bd22b4ab/maven-project}
{basedir=/home/ylyu/parallel/maven/maven9/dataset/mng/MNG-2174_778f044ed92673ad03ab21b0ea9a8b77bd22b4ab/maven-project}
{plexus.home=/home/ylyu/parallel/maven/maven9/dataset/mng/MNG-2174_778f044ed92673ad03ab21b0ea9a8b77bd22b4ab/maven-project/target/plexus-home, basedir=/home/ylyu/parallel/maven/maven9/dataset/mng/MNG-2174_778f044ed92673ad03ab21b0ea9a8b77bd22b4ab/maven-project}
{basedir=/home/ylyu/parallel/maven/maven9/dataset/mng/MNG-2174_778f044ed92673ad03ab21b0ea9a8b77bd22b4ab/maven-project}
{plexus.home=/home/ylyu/parallel/maven/maven9/dataset/mng/MNG-2174_778f044ed92673ad03ab21b0ea9a8b77bd22b4ab/maven-project/target/plexus-home, basedir=/home/ylyu/parallel/maven/maven9/dataset/mng/MNG-2174_778f044ed92673ad03ab21b0ea9a8b77bd22b4ab/maven-project}
{basedir=/home/ylyu/parallel/maven/maven9/dataset/mng/MNG-2174_778f044ed92673ad03ab21b0ea9a8b77bd22b4ab/maven-project}
{plexus.home=/home/ylyu/parallel/maven/maven9/dataset/mng/MNG-2174_778f044ed92673ad03ab21b0ea9a8b77bd22b4ab/maven-project/target/plexus-home, basedir=/home/ylyu/parallel/maven/maven9/dataset/mng/MNG-2174_778f044ed92673ad03ab21b0ea9a8b77bd22b4ab/maven-project}
{basedir=/home/ylyu/parallel/maven/maven9/dataset/mng/MNG-2174_778f044ed92673ad03ab21b0ea9a8b77bd22b4ab/maven-project}
{plexus.home=/home/ylyu/parallel/maven/maven9/dataset/mng/MNG-2174_778f044ed92673ad03ab21b0ea9a8b77bd22b4ab/maven-project/target/plexus-home, basedir=/home/ylyu/parallel/maven/maven9/dataset/mng/MNG-2174_778f044ed92673ad03ab21b0ea9a8b77bd22b4ab/maven-project}
{basedir=/home/ylyu/parallel/maven/maven9/dataset/mng/MNG-2174_778f044ed92673ad03ab21b0ea9a8b77bd22b4ab/maven-project}
{plexus.home=/home/ylyu/parallel/maven/maven9/dataset/mng/MNG-2174_778f044ed92673ad03ab21b0ea9a8b77bd22b4ab/maven-project/target/plexus-home, basedir=/home/ylyu/parallel/maven/maven9/dataset/mng/MNG-2174_778f044ed92673ad03ab21b0ea9a8b77bd22b4ab/maven-project}
{basedir=/home/ylyu/parallel/maven/maven9/dataset/mng/MNG-2174_778f044ed92673ad03ab21b0ea9a8b77bd22b4ab/maven-project}
{plexus.home=/home/ylyu/parallel/maven/maven9/dataset/mng/MNG-2174_778f044ed92673ad03ab21b0ea9a8b77bd22b4ab/maven-project/target/plexus-home, basedir=/home/ylyu/parallel/maven/maven9/dataset/mng/MNG-2174_778f044ed92673ad03ab21b0ea9a8b77bd22b4ab/maven-project}
{basedir=/home/ylyu/parallel/maven/maven9/dataset/mng/MNG-2174_778f044ed92673ad03ab21b0ea9a8b77bd22b4ab/maven-project}
{plexus.home=/home/ylyu/parallel/maven/maven9/dataset/mng/MNG-2174_778f044ed92673ad03ab21b0ea9a8b77bd22b4ab/maven-project/target/plexus-home, basedir=/home/ylyu/parallel/maven/maven9/dataset/mng/MNG-2174_778f044ed92673ad03ab21b0ea9a8b77bd22b4ab/maven-project}
{basedir=/home/ylyu/parallel/maven/maven9/dataset/mng/MNG-2174_778f044ed92673ad03ab21b0ea9a8b77bd22b4ab/maven-project}
{plexus.home=/home/ylyu/parallel/maven/maven9/dataset/mng/MNG-2174_778f044ed92673ad03ab21b0ea9a8b77bd22b4ab/maven-project/target/plexus-home, basedir=/home/ylyu/parallel/maven/maven9/dataset/mng/MNG-2174_778f044ed92673ad03ab21b0ea9a8b77bd22b4ab/maven-project}
{basedir=/home/ylyu/parallel/maven/maven9/dataset/mng/MNG-2174_778f044ed92673ad03ab21b0ea9a8b77bd22b4ab/maven-project}
{plexus.home=/home/ylyu/parallel/maven/maven9/dataset/mng/MNG-2174_778f044ed92673ad03ab21b0ea9a8b77bd22b4ab/maven-project/target/plexus-home, basedir=/home/ylyu/parallel/maven/maven9/dataset/mng/MNG-2174_778f044ed92673ad03ab21b0ea9a8b77bd22b4ab/maven-project}
{basedir=/home/ylyu/parallel/maven/maven9/dataset/mng/MNG-2174_778f044ed92673ad03ab21b0ea9a8b77bd22b4ab/maven-project}
{plexus.home=/home/ylyu/parallel/maven/maven9/dataset/mng/MNG-2174_778f044ed92673ad03ab21b0ea9a8b77bd22b4ab/maven-project/target/plexus-home, basedir=/home/ylyu/parallel/maven/maven9/dataset/mng/MNG-2174_778f044ed92673ad03ab21b0ea9a8b77bd22b4ab/maven-project}
[src/main/filters/child-a.properties, src/main/filters/child-c.properties, src/main/filters/child-b.properties, src/main/filters/child-d.properties, src/main/filters/parent-c.properties, src/main/filters/parent-b.properties, src/main/filters/parent-d.properties]
Tests run: 52, Failures: 0, Errors: 1, Skipped: 0, Time elapsed: 1.659 sec <<< FAILURE!
Running org.apache.maven.project.canonical.CanonicalProjectBuilderTest
{basedir=/home/ylyu/parallel/maven/maven9/dataset/mng/MNG-2174_778f044ed92673ad03ab21b0ea9a8b77bd22b4ab/maven-project}
{plexus.home=/home/ylyu/parallel/maven/maven9/dataset/mng/MNG-2174_778f044ed92673ad03ab21b0ea9a8b77bd22b4ab/maven-project/target/plexus-home, basedir=/home/ylyu/parallel/maven/maven9/dataset/mng/MNG-2174_778f044ed92673ad03ab21b0ea9a8b77bd22b4ab/maven-project}
Tests run: 1, Failures: 0, Errors: 0, Skipped: 0, Time elapsed: 0.027 sec
Running org.apache.maven.project.inheritance.t06.ProjectInheritanceTest
{basedir=/home/ylyu/parallel/maven/maven9/dataset/mng/MNG-2174_778f044ed92673ad03ab21b0ea9a8b77bd22b4ab/maven-project}
{plexus.home=/home/ylyu/parallel/maven/maven9/dataset/mng/MNG-2174_778f044ed92673ad03ab21b0ea9a8b77bd22b4ab/maven-project/target/plexus-home, basedir=/home/ylyu/parallel/maven/maven9/dataset/mng/MNG-2174_778f044ed92673ad03ab21b0ea9a8b77bd22b4ab/maven-project}
Artifact: maven-test:t06-a:jar 1.0 Optional=false
Artifact: maven-test:t06-b:jar 1.0 Optional=false
Artifact: maven-test:t06-c:jar 1.0 Optional=false
Artifact: maven-test:t06-d:jar 1.0 Optional=false
Tests run: 1, Failures: 0, Errors: 0, Skipped: 0, Time elapsed: 0.098 sec
Running org.apache.maven.project.inheritance.t07.ProjectInheritanceTest
{basedir=/home/ylyu/parallel/maven/maven9/dataset/mng/MNG-2174_778f044ed92673ad03ab21b0ea9a8b77bd22b4ab/maven-project}
{plexus.home=/home/ylyu/parallel/maven/maven9/dataset/mng/MNG-2174_778f044ed92673ad03ab21b0ea9a8b77bd22b4ab/maven-project/target/plexus-home, basedir=/home/ylyu/parallel/maven/maven9/dataset/mng/MNG-2174_778f044ed92673ad03ab21b0ea9a8b77bd22b4ab/maven-project}
Project maven-t07:p1:pom:1.0 MavenProject: maven-t07:p1:1.0 @ /home/ylyu/parallel/maven/maven9/dataset/mng/MNG-2174_778f044ed92673ad03ab21b0ea9a8b77bd22b4ab/maven-project/src/test/resources/inheritance-repo/t07/p0/p1/pom.xml
Artifact: maven-test:t07-a:jar 1.0 Optional=false
Artifact: maven-test:t07-b:jar 1.0 Optional=false
Artifact: maven-test:t07-c:jar 1.0 Optional=false
Tests run: 1, Failures: 0, Errors: 0, Skipped: 0, Time elapsed: 0.089 sec
Running org.apache.maven.project.injection.TestProfileInjector
Tests run: 0, Failures: 0, Errors: 0, Skipped: 0, Time elapsed: 0.002 sec
Running org.apache.maven.project.inheritance.t08.ProjectInheritanceTest
{basedir=/home/ylyu/parallel/maven/maven9/dataset/mng/MNG-2174_778f044ed92673ad03ab21b0ea9a8b77bd22b4ab/maven-project}
{plexus.home=/home/ylyu/parallel/maven/maven9/dataset/mng/MNG-2174_778f044ed92673ad03ab21b0ea9a8b77bd22b4ab/maven-project/target/plexus-home, basedir=/home/ylyu/parallel/maven/maven9/dataset/mng/MNG-2174_778f044ed92673ad03ab21b0ea9a8b77bd22b4ab/maven-project}
Project maven-t08:p1:pom:1.0 MavenProject: maven-t08:p1:1.0 @ /home/ylyu/parallel/maven/maven9/dataset/mng/MNG-2174_778f044ed92673ad03ab21b0ea9a8b77bd22b4ab/maven-project/src/test/resources/inheritance-repo/t08/p0/p1/pom.xml
Artifact: maven-test:t08-a:jar 1.0 Optional=false
Artifact: maven-test:t08-b:jar 1.0 Optional=false
Artifact: maven-test:t08-c:jar 1.0 Optional=false
Artifact: maven-test:t08-d:jar 1.0 Optional=true
Tests run: 1, Failures: 0, Errors: 0, Skipped: 0, Time elapsed: 0.093 sec
Running org.apache.maven.project.inheritance.t02.ProjectInheritanceTest
{basedir=/home/ylyu/parallel/maven/maven9/dataset/mng/MNG-2174_778f044ed92673ad03ab21b0ea9a8b77bd22b4ab/maven-project}
{plexus.home=/home/ylyu/parallel/maven/maven9/dataset/mng/MNG-2174_778f044ed92673ad03ab21b0ea9a8b77bd22b4ab/maven-project/target/plexus-home, basedir=/home/ylyu/parallel/maven/maven9/dataset/mng/MNG-2174_778f044ed92673ad03ab21b0ea9a8b77bd22b4ab/maven-project}
Local repository is at: /home/ylyu/parallel/maven/maven9/dataset/mng/MNG-2174_778f044ed92673ad03ab21b0ea9a8b77bd22b4ab/maven-project/src/test/resources/inheritance-repo/t02
Location of project-4's POM: /home/ylyu/parallel/maven/maven9/dataset/mng/MNG-2174_778f044ed92673ad03ab21b0ea9a8b77bd22b4ab/maven-project/src/test/resources/inheritance-repo/t02/p0/p1/p2/p3/p4/pom.xml
Tests run: 1, Failures: 0, Errors: 0, Skipped: 0, Time elapsed: 0.255 sec
Running org.apache.maven.project.SuperPomProjectBuilderTest
{basedir=/home/ylyu/parallel/maven/maven9/dataset/mng/MNG-2174_778f044ed92673ad03ab21b0ea9a8b77bd22b4ab/maven-project}
{plexus.home=/home/ylyu/parallel/maven/maven9/dataset/mng/MNG-2174_778f044ed92673ad03ab21b0ea9a8b77bd22b4ab/maven-project/target/plexus-home, basedir=/home/ylyu/parallel/maven/maven9/dataset/mng/MNG-2174_778f044ed92673ad03ab21b0ea9a8b77bd22b4ab/maven-project}
Tests run: 1, Failures: 0, Errors: 0, Skipped: 0, Time elapsed: 0.011 sec
Running org.apache.maven.project.inheritance.t04.ProjectInheritanceTest
{basedir=/home/ylyu/parallel/maven/maven9/dataset/mng/MNG-2174_778f044ed92673ad03ab21b0ea9a8b77bd22b4ab/maven-project}
{plexus.home=/home/ylyu/parallel/maven/maven9/dataset/mng/MNG-2174_778f044ed92673ad03ab21b0ea9a8b77bd22b4ab/maven-project/target/plexus-home, basedir=/home/ylyu/parallel/maven/maven9/dataset/mng/MNG-2174_778f044ed92673ad03ab21b0ea9a8b77bd22b4ab/maven-project}
Artifact: maven-test:t04-a:jar 1.0 Optional=false
Artifact: maven-test:t04-b:jar 1.0 Optional=false
Artifact: maven-test:t04-c:jar 1.0 Optional=false
Tests run: 1, Failures: 0, Errors: 0, Skipped: 0, Time elapsed: 0.081 sec
Running org.apache.maven.project.inheritance.t12scm.ProjectInheritanceTest
{basedir=/home/ylyu/parallel/maven/maven9/dataset/mng/MNG-2174_778f044ed92673ad03ab21b0ea9a8b77bd22b4ab/maven-project}
{plexus.home=/home/ylyu/parallel/maven/maven9/dataset/mng/MNG-2174_778f044ed92673ad03ab21b0ea9a8b77bd22b4ab/maven-project/target/plexus-home, basedir=/home/ylyu/parallel/maven/maven9/dataset/mng/MNG-2174_778f044ed92673ad03ab21b0ea9a8b77bd22b4ab/maven-project}



Parent SCM URL is: http://host/viewer?path=/p0
Child SCM URL is: http://host/viewer?path=/p0/p1

Parent SCM connection is: scm:svn:http://host/p0
Child SCM connection is: scm:svn:http://host/p0/p1

Parent SCM developer connection is: scm:svn:https://host/p0
Child SCM developer connection is: scm:svn:https://host/p0/p1
{basedir=/home/ylyu/parallel/maven/maven9/dataset/mng/MNG-2174_778f044ed92673ad03ab21b0ea9a8b77bd22b4ab/maven-project}
{plexus.home=/home/ylyu/parallel/maven/maven9/dataset/mng/MNG-2174_778f044ed92673ad03ab21b0ea9a8b77bd22b4ab/maven-project/target/plexus-home, basedir=/home/ylyu/parallel/maven/maven9/dataset/mng/MNG-2174_778f044ed92673ad03ab21b0ea9a8b77bd22b4ab/maven-project}



Child SCM URL is: http://host/viewer?path=/p0/p1
Child SCM connection is: scm:svn:http://host/p0/p1
Child SCM developer connection is: scm:svn:https://host/p0/p1
Tests run: 2, Failures: 0, Errors: 0, Skipped: 0, Time elapsed: 0.069 sec
Running org.apache.maven.project.MavenProjectTest
{basedir=/home/ylyu/parallel/maven/maven9/dataset/mng/MNG-2174_778f044ed92673ad03ab21b0ea9a8b77bd22b4ab/maven-project}
{plexus.home=/home/ylyu/parallel/maven/maven9/dataset/mng/MNG-2174_778f044ed92673ad03ab21b0ea9a8b77bd22b4ab/maven-project/target/plexus-home, basedir=/home/ylyu/parallel/maven/maven9/dataset/mng/MNG-2174_778f044ed92673ad03ab21b0ea9a8b77bd22b4ab/maven-project}
{basedir=/home/ylyu/parallel/maven/maven9/dataset/mng/MNG-2174_778f044ed92673ad03ab21b0ea9a8b77bd22b4ab/maven-project}
{plexus.home=/home/ylyu/parallel/maven/maven9/dataset/mng/MNG-2174_778f044ed92673ad03ab21b0ea9a8b77bd22b4ab/maven-project/target/plexus-home, basedir=/home/ylyu/parallel/maven/maven9/dataset/mng/MNG-2174_778f044ed92673ad03ab21b0ea9a8b77bd22b4ab/maven-project}
{basedir=/home/ylyu/parallel/maven/maven9/dataset/mng/MNG-2174_778f044ed92673ad03ab21b0ea9a8b77bd22b4ab/maven-project}
{plexus.home=/home/ylyu/parallel/maven/maven9/dataset/mng/MNG-2174_778f044ed92673ad03ab21b0ea9a8b77bd22b4ab/maven-project/target/plexus-home, basedir=/home/ylyu/parallel/maven/maven9/dataset/mng/MNG-2174_778f044ed92673ad03ab21b0ea9a8b77bd22b4ab/maven-project}
{basedir=/home/ylyu/parallel/maven/maven9/dataset/mng/MNG-2174_778f044ed92673ad03ab21b0ea9a8b77bd22b4ab/maven-project}
{plexus.home=/home/ylyu/parallel/maven/maven9/dataset/mng/MNG-2174_778f044ed92673ad03ab21b0ea9a8b77bd22b4ab/maven-project/target/plexus-home, basedir=/home/ylyu/parallel/maven/maven9/dataset/mng/MNG-2174_778f044ed92673ad03ab21b0ea9a8b77bd22b4ab/maven-project}
{basedir=/home/ylyu/parallel/maven/maven9/dataset/mng/MNG-2174_778f044ed92673ad03ab21b0ea9a8b77bd22b4ab/maven-project}
{plexus.home=/home/ylyu/parallel/maven/maven9/dataset/mng/MNG-2174_778f044ed92673ad03ab21b0ea9a8b77bd22b4ab/maven-project/target/plexus-home, basedir=/home/ylyu/parallel/maven/maven9/dataset/mng/MNG-2174_778f044ed92673ad03ab21b0ea9a8b77bd22b4ab/maven-project}
{basedir=/home/ylyu/parallel/maven/maven9/dataset/mng/MNG-2174_778f044ed92673ad03ab21b0ea9a8b77bd22b4ab/maven-project}
{plexus.home=/home/ylyu/parallel/maven/maven9/dataset/mng/MNG-2174_778f044ed92673ad03ab21b0ea9a8b77bd22b4ab/maven-project/target/plexus-home, basedir=/home/ylyu/parallel/maven/maven9/dataset/mng/MNG-2174_778f044ed92673ad03ab21b0ea9a8b77bd22b4ab/maven-project}
{basedir=/home/ylyu/parallel/maven/maven9/dataset/mng/MNG-2174_778f044ed92673ad03ab21b0ea9a8b77bd22b4ab/maven-project}
{plexus.home=/home/ylyu/parallel/maven/maven9/dataset/mng/MNG-2174_778f044ed92673ad03ab21b0ea9a8b77bd22b4ab/maven-project/target/plexus-home, basedir=/home/ylyu/parallel/maven/maven9/dataset/mng/MNG-2174_778f044ed92673ad03ab21b0ea9a8b77bd22b4ab/maven-project}
Tests run: 7, Failures: 0, Errors: 0, Skipped: 0, Time elapsed: 0.086 sec
Running org.apache.maven.project.inheritance.t10.ProjectInheritanceTest
{basedir=/home/ylyu/parallel/maven/maven9/dataset/mng/MNG-2174_778f044ed92673ad03ab21b0ea9a8b77bd22b4ab/maven-project}
{plexus.home=/home/ylyu/parallel/maven/maven9/dataset/mng/MNG-2174_778f044ed92673ad03ab21b0ea9a8b77bd22b4ab/maven-project/target/plexus-home, basedir=/home/ylyu/parallel/maven/maven9/dataset/mng/MNG-2174_778f044ed92673ad03ab21b0ea9a8b77bd22b4ab/maven-project}
Project maven-t10:p1:pom:1.0 MavenProject: maven-t10:p1:1.0 @ /home/ylyu/parallel/maven/maven9/dataset/mng/MNG-2174_778f044ed92673ad03ab21b0ea9a8b77bd22b4ab/maven-project/src/test/resources/inheritance-repo/t10/p0/p1/pom.xml
Tests run: 1, Failures: 0, Errors: 0, Skipped: 0, Time elapsed: 0.082 sec
Running org.apache.maven.project.inheritance.t03.ProjectInheritanceTest
{basedir=/home/ylyu/parallel/maven/maven9/dataset/mng/MNG-2174_778f044ed92673ad03ab21b0ea9a8b77bd22b4ab/maven-project}
{plexus.home=/home/ylyu/parallel/maven/maven9/dataset/mng/MNG-2174_778f044ed92673ad03ab21b0ea9a8b77bd22b4ab/maven-project/target/plexus-home, basedir=/home/ylyu/parallel/maven/maven9/dataset/mng/MNG-2174_778f044ed92673ad03ab21b0ea9a8b77bd22b4ab/maven-project}
Tests run: 1, Failures: 0, Errors: 0, Skipped: 0, Time elapsed: 0.03 sec
Running org.apache.maven.project.builder.PluginBuilderTest
Tests run: 0, Failures: 0, Errors: 0, Skipped: 0, Time elapsed: 0.001 sec
Running org.apache.maven.profiles.injection.DefaultProfileInjectorTest
Tests run: 7, Failures: 0, Errors: 0, Skipped: 0, Time elapsed: 0.003 sec
Running org.apache.maven.project.inheritance.t11.ProjectInheritanceTest
{basedir=/home/ylyu/parallel/maven/maven9/dataset/mng/MNG-2174_778f044ed92673ad03ab21b0ea9a8b77bd22b4ab/maven-project}
{plexus.home=/home/ylyu/parallel/maven/maven9/dataset/mng/MNG-2174_778f044ed92673ad03ab21b0ea9a8b77bd22b4ab/maven-project/target/plexus-home, basedir=/home/ylyu/parallel/maven/maven9/dataset/mng/MNG-2174_778f044ed92673ad03ab21b0ea9a8b77bd22b4ab/maven-project}
Tests run: 1, Failures: 0, Errors: 0, Skipped: 0, Time elapsed: 0.02 sec
Running org.apache.maven.project.inheritance.t00.ProjectInheritanceTest
{basedir=/home/ylyu/parallel/maven/maven9/dataset/mng/MNG-2174_778f044ed92673ad03ab21b0ea9a8b77bd22b4ab/maven-project}
{plexus.home=/home/ylyu/parallel/maven/maven9/dataset/mng/MNG-2174_778f044ed92673ad03ab21b0ea9a8b77bd22b4ab/maven-project/target/plexus-home, basedir=/home/ylyu/parallel/maven/maven9/dataset/mng/MNG-2174_778f044ed92673ad03ab21b0ea9a8b77bd22b4ab/maven-project}
Tests run: 1, Failures: 0, Errors: 0, Skipped: 0, Time elapsed: 0.03 sec
Running org.apache.maven.project.validation.DefaultModelValidatorTest
{basedir=/home/ylyu/parallel/maven/maven9/dataset/mng/MNG-2174_778f044ed92673ad03ab21b0ea9a8b77bd22b4ab/maven-project}
{plexus.home=/home/ylyu/parallel/maven/maven9/dataset/mng/MNG-2174_778f044ed92673ad03ab21b0ea9a8b77bd22b4ab/maven-project/target/plexus-home, basedir=/home/ylyu/parallel/maven/maven9/dataset/mng/MNG-2174_778f044ed92673ad03ab21b0ea9a8b77bd22b4ab/maven-project}
{basedir=/home/ylyu/parallel/maven/maven9/dataset/mng/MNG-2174_778f044ed92673ad03ab21b0ea9a8b77bd22b4ab/maven-project}
{plexus.home=/home/ylyu/parallel/maven/maven9/dataset/mng/MNG-2174_778f044ed92673ad03ab21b0ea9a8b77bd22b4ab/maven-project/target/plexus-home, basedir=/home/ylyu/parallel/maven/maven9/dataset/mng/MNG-2174_778f044ed92673ad03ab21b0ea9a8b77bd22b4ab/maven-project}
{basedir=/home/ylyu/parallel/maven/maven9/dataset/mng/MNG-2174_778f044ed92673ad03ab21b0ea9a8b77bd22b4ab/maven-project}
{plexus.home=/home/ylyu/parallel/maven/maven9/dataset/mng/MNG-2174_778f044ed92673ad03ab21b0ea9a8b77bd22b4ab/maven-project/target/plexus-home, basedir=/home/ylyu/parallel/maven/maven9/dataset/mng/MNG-2174_778f044ed92673ad03ab21b0ea9a8b77bd22b4ab/maven-project}
{basedir=/home/ylyu/parallel/maven/maven9/dataset/mng/MNG-2174_778f044ed92673ad03ab21b0ea9a8b77bd22b4ab/maven-project}
{plexus.home=/home/ylyu/parallel/maven/maven9/dataset/mng/MNG-2174_778f044ed92673ad03ab21b0ea9a8b77bd22b4ab/maven-project/target/plexus-home, basedir=/home/ylyu/parallel/maven/maven9/dataset/mng/MNG-2174_778f044ed92673ad03ab21b0ea9a8b77bd22b4ab/maven-project}
{basedir=/home/ylyu/parallel/maven/maven9/dataset/mng/MNG-2174_778f044ed92673ad03ab21b0ea9a8b77bd22b4ab/maven-project}
{plexus.home=/home/ylyu/parallel/maven/maven9/dataset/mng/MNG-2174_778f044ed92673ad03ab21b0ea9a8b77bd22b4ab/maven-project/target/plexus-home, basedir=/home/ylyu/parallel/maven/maven9/dataset/mng/MNG-2174_778f044ed92673ad03ab21b0ea9a8b77bd22b4ab/maven-project}
{basedir=/home/ylyu/parallel/maven/maven9/dataset/mng/MNG-2174_778f044ed92673ad03ab21b0ea9a8b77bd22b4ab/maven-project}
{plexus.home=/home/ylyu/parallel/maven/maven9/dataset/mng/MNG-2174_778f044ed92673ad03ab21b0ea9a8b77bd22b4ab/maven-project/target/plexus-home, basedir=/home/ylyu/parallel/maven/maven9/dataset/mng/MNG-2174_778f044ed92673ad03ab21b0ea9a8b77bd22b4ab/maven-project}
{basedir=/home/ylyu/parallel/maven/maven9/dataset/mng/MNG-2174_778f044ed92673ad03ab21b0ea9a8b77bd22b4ab/maven-project}
{plexus.home=/home/ylyu/parallel/maven/maven9/dataset/mng/MNG-2174_778f044ed92673ad03ab21b0ea9a8b77bd22b4ab/maven-project/target/plexus-home, basedir=/home/ylyu/parallel/maven/maven9/dataset/mng/MNG-2174_778f044ed92673ad03ab21b0ea9a8b77bd22b4ab/maven-project}
{basedir=/home/ylyu/parallel/maven/maven9/dataset/mng/MNG-2174_778f044ed92673ad03ab21b0ea9a8b77bd22b4ab/maven-project}
{plexus.home=/home/ylyu/parallel/maven/maven9/dataset/mng/MNG-2174_778f044ed92673ad03ab21b0ea9a8b77bd22b4ab/maven-project/target/plexus-home, basedir=/home/ylyu/parallel/maven/maven9/dataset/mng/MNG-2174_778f044ed92673ad03ab21b0ea9a8b77bd22b4ab/maven-project}
{basedir=/home/ylyu/parallel/maven/maven9/dataset/mng/MNG-2174_778f044ed92673ad03ab21b0ea9a8b77bd22b4ab/maven-project}
{plexus.home=/home/ylyu/parallel/maven/maven9/dataset/mng/MNG-2174_778f044ed92673ad03ab21b0ea9a8b77bd22b4ab/maven-project/target/plexus-home, basedir=/home/ylyu/parallel/maven/maven9/dataset/mng/MNG-2174_778f044ed92673ad03ab21b0ea9a8b77bd22b4ab/maven-project}
{basedir=/home/ylyu/parallel/maven/maven9/dataset/mng/MNG-2174_778f044ed92673ad03ab21b0ea9a8b77bd22b4ab/maven-project}
{plexus.home=/home/ylyu/parallel/maven/maven9/dataset/mng/MNG-2174_778f044ed92673ad03ab21b0ea9a8b77bd22b4ab/maven-project/target/plexus-home, basedir=/home/ylyu/parallel/maven/maven9/dataset/mng/MNG-2174_778f044ed92673ad03ab21b0ea9a8b77bd22b4ab/maven-project}
{basedir=/home/ylyu/parallel/maven/maven9/dataset/mng/MNG-2174_778f044ed92673ad03ab21b0ea9a8b77bd22b4ab/maven-project}
{plexus.home=/home/ylyu/parallel/maven/maven9/dataset/mng/MNG-2174_778f044ed92673ad03ab21b0ea9a8b77bd22b4ab/maven-project/target/plexus-home, basedir=/home/ylyu/parallel/maven/maven9/dataset/mng/MNG-2174_778f044ed92673ad03ab21b0ea9a8b77bd22b4ab/maven-project}
{basedir=/home/ylyu/parallel/maven/maven9/dataset/mng/MNG-2174_778f044ed92673ad03ab21b0ea9a8b77bd22b4ab/maven-project}
{plexus.home=/home/ylyu/parallel/maven/maven9/dataset/mng/MNG-2174_778f044ed92673ad03ab21b0ea9a8b77bd22b4ab/maven-project/target/plexus-home, basedir=/home/ylyu/parallel/maven/maven9/dataset/mng/MNG-2174_778f044ed92673ad03ab21b0ea9a8b77bd22b4ab/maven-project}
{basedir=/home/ylyu/parallel/maven/maven9/dataset/mng/MNG-2174_778f044ed92673ad03ab21b0ea9a8b77bd22b4ab/maven-project}
{plexus.home=/home/ylyu/parallel/maven/maven9/dataset/mng/MNG-2174_778f044ed92673ad03ab21b0ea9a8b77bd22b4ab/maven-project/target/plexus-home, basedir=/home/ylyu/parallel/maven/maven9/dataset/mng/MNG-2174_778f044ed92673ad03ab21b0ea9a8b77bd22b4ab/maven-project}
{basedir=/home/ylyu/parallel/maven/maven9/dataset/mng/MNG-2174_778f044ed92673ad03ab21b0ea9a8b77bd22b4ab/maven-project}
{plexus.home=/home/ylyu/parallel/maven/maven9/dataset/mng/MNG-2174_778f044ed92673ad03ab21b0ea9a8b77bd22b4ab/maven-project/target/plexus-home, basedir=/home/ylyu/parallel/maven/maven9/dataset/mng/MNG-2174_778f044ed92673ad03ab21b0ea9a8b77bd22b4ab/maven-project}
{basedir=/home/ylyu/parallel/maven/maven9/dataset/mng/MNG-2174_778f044ed92673ad03ab21b0ea9a8b77bd22b4ab/maven-project}
{plexus.home=/home/ylyu/parallel/maven/maven9/dataset/mng/MNG-2174_778f044ed92673ad03ab21b0ea9a8b77bd22b4ab/maven-project/target/plexus-home, basedir=/home/ylyu/parallel/maven/maven9/dataset/mng/MNG-2174_778f044ed92673ad03ab21b0ea9a8b77bd22b4ab/maven-project}
{basedir=/home/ylyu/parallel/maven/maven9/dataset/mng/MNG-2174_778f044ed92673ad03ab21b0ea9a8b77bd22b4ab/maven-project}
{plexus.home=/home/ylyu/parallel/maven/maven9/dataset/mng/MNG-2174_778f044ed92673ad03ab21b0ea9a8b77bd22b4ab/maven-project/target/plexus-home, basedir=/home/ylyu/parallel/maven/maven9/dataset/mng/MNG-2174_778f044ed92673ad03ab21b0ea9a8b77bd22b4ab/maven-project}
Tests run: 16, Failures: 0, Errors: 0, Skipped: 0, Time elapsed: 0.118 sec
Running org.apache.maven.project.TestProjectBuilder
Tests run: 0, Failures: 0, Errors: 0, Skipped: 0, Time elapsed: 0.001 sec
Running org.apache.maven.project.TestArtifactResolver
Tests run: 0, Failures: 0, Errors: 0, Skipped: 0, Time elapsed: 0.001 sec
Running org.apache.maven.project.inheritance.t05.ProjectInheritanceTest
{basedir=/home/ylyu/parallel/maven/maven9/dataset/mng/MNG-2174_778f044ed92673ad03ab21b0ea9a8b77bd22b4ab/maven-project}
{plexus.home=/home/ylyu/parallel/maven/maven9/dataset/mng/MNG-2174_778f044ed92673ad03ab21b0ea9a8b77bd22b4ab/maven-project/target/plexus-home, basedir=/home/ylyu/parallel/maven/maven9/dataset/mng/MNG-2174_778f044ed92673ad03ab21b0ea9a8b77bd22b4ab/maven-project}
Artifact: maven-test:t05-a:jar 1.0 Scope: runtime
Artifact: maven-test:t05-b:jar 1.0 Scope: runtime
Artifact: maven-test:t05-c:jar 1.0 Scope: runtime
Artifact: maven-test:t05-d:jar 1.0 Scope: runtime
Tests run: 1, Failures: 0, Errors: 0, Skipped: 0, Time elapsed: 0.036 sec
Running org.apache.maven.project.ProjectClasspathTest
{basedir=/home/ylyu/parallel/maven/maven9/dataset/mng/MNG-2174_778f044ed92673ad03ab21b0ea9a8b77bd22b4ab/maven-project}
{plexus.home=/home/ylyu/parallel/maven/maven9/dataset/mng/MNG-2174_778f044ed92673ad03ab21b0ea9a8b77bd22b4ab/maven-project/target/plexus-home, basedir=/home/ylyu/parallel/maven/maven9/dataset/mng/MNG-2174_778f044ed92673ad03ab21b0ea9a8b77bd22b4ab/maven-project}
Tests run: 1, Failures: 0, Errors: 0, Skipped: 0, Time elapsed: 0.017 sec
Running org.apache.maven.profiles.manager.DefaultProfileManagerTest
{basedir=/home/ylyu/parallel/maven/maven9/dataset/mng/MNG-2174_778f044ed92673ad03ab21b0ea9a8b77bd22b4ab/maven-project}
{plexus.home=/home/ylyu/parallel/maven/maven9/dataset/mng/MNG-2174_778f044ed92673ad03ab21b0ea9a8b77bd22b4ab/maven-project/target/plexus-home, basedir=/home/ylyu/parallel/maven/maven9/dataset/mng/MNG-2174_778f044ed92673ad03ab21b0ea9a8b77bd22b4ab/maven-project}
[WARNING] Cannot locate java version property: java.version. NOT enabling profile: notActivated
{basedir=/home/ylyu/parallel/maven/maven9/dataset/mng/MNG-2174_778f044ed92673ad03ab21b0ea9a8b77bd22b4ab/maven-project}
{plexus.home=/home/ylyu/parallel/maven/maven9/dataset/mng/MNG-2174_778f044ed92673ad03ab21b0ea9a8b77bd22b4ab/maven-project/target/plexus-home, basedir=/home/ylyu/parallel/maven/maven9/dataset/mng/MNG-2174_778f044ed92673ad03ab21b0ea9a8b77bd22b4ab/maven-project}
{basedir=/home/ylyu/parallel/maven/maven9/dataset/mng/MNG-2174_778f044ed92673ad03ab21b0ea9a8b77bd22b4ab/maven-project}
{plexus.home=/home/ylyu/parallel/maven/maven9/dataset/mng/MNG-2174_778f044ed92673ad03ab21b0ea9a8b77bd22b4ab/maven-project/target/plexus-home, basedir=/home/ylyu/parallel/maven/maven9/dataset/mng/MNG-2174_778f044ed92673ad03ab21b0ea9a8b77bd22b4ab/maven-project}
{basedir=/home/ylyu/parallel/maven/maven9/dataset/mng/MNG-2174_778f044ed92673ad03ab21b0ea9a8b77bd22b4ab/maven-project}
{plexus.home=/home/ylyu/parallel/maven/maven9/dataset/mng/MNG-2174_778f044ed92673ad03ab21b0ea9a8b77bd22b4ab/maven-project/target/plexus-home, basedir=/home/ylyu/parallel/maven/maven9/dataset/mng/MNG-2174_778f044ed92673ad03ab21b0ea9a8b77bd22b4ab/maven-project}
{basedir=/home/ylyu/parallel/maven/maven9/dataset/mng/MNG-2174_778f044ed92673ad03ab21b0ea9a8b77bd22b4ab/maven-project}
{plexus.home=/home/ylyu/parallel/maven/maven9/dataset/mng/MNG-2174_778f044ed92673ad03ab21b0ea9a8b77bd22b4ab/maven-project/target/plexus-home, basedir=/home/ylyu/parallel/maven/maven9/dataset/mng/MNG-2174_778f044ed92673ad03ab21b0ea9a8b77bd22b4ab/maven-project}
{basedir=/home/ylyu/parallel/maven/maven9/dataset/mng/MNG-2174_778f044ed92673ad03ab21b0ea9a8b77bd22b4ab/maven-project}
{plexus.home=/home/ylyu/parallel/maven/maven9/dataset/mng/MNG-2174_778f044ed92673ad03ab21b0ea9a8b77bd22b4ab/maven-project/target/plexus-home, basedir=/home/ylyu/parallel/maven/maven9/dataset/mng/MNG-2174_778f044ed92673ad03ab21b0ea9a8b77bd22b4ab/maven-project}
Tests run: 6, Failures: 0, Errors: 0, Skipped: 0, Time elapsed: 0.028 sec
Running org.apache.maven.profiles.activation.FileProfileActivatorTest
Tests run: 1, Failures: 0, Errors: 0, Skipped: 0, Time elapsed: 0.02 sec
Running org.apache.maven.profiles.activation.JdkPrefixProfileActivatorTest
Tests run: 2, Failures: 0, Errors: 0, Skipped: 0, Time elapsed: 0.002 sec
Running org.apache.maven.project.DefaultMavenProjectBuilderTest
{basedir=/home/ylyu/parallel/maven/maven9/dataset/mng/MNG-2174_778f044ed92673ad03ab21b0ea9a8b77bd22b4ab/maven-project}
{plexus.home=/home/ylyu/parallel/maven/maven9/dataset/mng/MNG-2174_778f044ed92673ad03ab21b0ea9a8b77bd22b4ab/maven-project/target/plexus-home, basedir=/home/ylyu/parallel/maven/maven9/dataset/mng/MNG-2174_778f044ed92673ad03ab21b0ea9a8b77bd22b4ab/maven-project}
{basedir=/home/ylyu/parallel/maven/maven9/dataset/mng/MNG-2174_778f044ed92673ad03ab21b0ea9a8b77bd22b4ab/maven-project}
{plexus.home=/home/ylyu/parallel/maven/maven9/dataset/mng/MNG-2174_778f044ed92673ad03ab21b0ea9a8b77bd22b4ab/maven-project/target/plexus-home, basedir=/home/ylyu/parallel/maven/maven9/dataset/mng/MNG-2174_778f044ed92673ad03ab21b0ea9a8b77bd22b4ab/maven-project}
Tests run: 2, Failures: 0, Errors: 0, Skipped: 0, Time elapsed: 0.035 sec

Results :

Tests in error: 
  testPluginManagementDependencies(org.apache.maven.project.builder.PomConstructionTest)

Tests run: 146, Failures: 0, Errors: 1, Skipped: 0

[INFO] ------------------------------------------------------------------------
[INFO] BUILD FAILURE
[INFO] ------------------------------------------------------------------------
[INFO] Total time: 7.178 s
[INFO] Finished at: 2016-07-13T22:14:32-07:00
[INFO] Final Memory: 22M/964M
[INFO] ------------------------------------------------------------------------
[ERROR] Failed to execute goal org.apache.maven.plugins:maven-surefire-plugin:2.4.2:test (default-test) on project maven-project: There are test failures.
[ERROR] 
[ERROR] Please refer to /home/ylyu/parallel/maven/maven9/dataset/mng/MNG-2174_778f044ed92673ad03ab21b0ea9a8b77bd22b4ab/maven-project/target/surefire-reports for the individual test results.
[ERROR] -> [Help 1]
[ERROR] 
[ERROR] To see the full stack trace of the errors, re-run Maven with the -e switch.
[ERROR] Re-run Maven using the -X switch to enable full debug logging.
[ERROR] 
[ERROR] For more information about the errors and possible solutions, please read the following articles:
[ERROR] [Help 1] http://cwiki.apache.org/confluence/display/MAVEN/MojoFailureException
