[INFO] Scanning for projects...
[WARNING] 
[WARNING] Some problems were encountered while building the effective model for wicket:wicket:jar:2.0-SNAPSHOT
[WARNING] 'build.plugins.plugin.version' for org.apache.maven.plugins:maven-javadoc-plugin is missing. @ line 443, column 15
[WARNING] 'build.plugins.plugin.version' for org.apache.maven.plugins:maven-compiler-plugin is missing. @ line 424, column 15
[WARNING] 'build.plugins.plugin.version' for org.apache.maven.plugins:maven-surefire-plugin is missing. @ line 481, column 15
[WARNING] 'build.plugins.plugin.version' for org.apache.maven.plugins:maven-site-plugin is missing. @ line 473, column 15
[WARNING] 'build.plugins.plugin.version' for org.codehaus.mojo:surefire-report-maven-plugin is missing. @ line 518, column 15
[WARNING] 'build.plugins.plugin.version' for org.apache.maven.plugins:maven-source-plugin is missing. @ line 460, column 15
[WARNING] The expression ${artifactId} is deprecated. Please use ${project.artifactId} instead.
[WARNING] The expression ${version} is deprecated. Please use ${project.version} instead.
[WARNING] 
[WARNING] It is highly recommended to fix these problems because they threaten the stability of your build.
[WARNING] 
[WARNING] For this reason, future Maven versions might no longer support building such malformed projects.
[WARNING] 
[INFO]                                                                         
[INFO] ------------------------------------------------------------------------
[INFO] Building Wicket 2.0-SNAPSHOT
[INFO] ------------------------------------------------------------------------
[INFO] 
[INFO] --- maven-resources-plugin:2.6:resources (default-resources) @ wicket ---
[WARNING] File encoding has not been set, using platform encoding UTF-8, i.e. build is platform dependent!
[WARNING] Using platform encoding (UTF-8 actually) to copy filtered resources, i.e. build is platform dependent!
[INFO] Copying 114 resources
[INFO] Copying 1 resource
[INFO] 
[INFO] --- maven-compiler-plugin:3.1:compile (default-compile) @ wicket ---
[INFO] Nothing to compile - all classes are up to date
[INFO] 
[INFO] --- maven-resources-plugin:2.6:testResources (default-testResources) @ wicket ---
[WARNING] Using platform encoding (UTF-8 actually) to copy filtered resources, i.e. build is platform dependent!
[INFO] Copying 503 resources
[INFO] 
[INFO] --- maven-compiler-plugin:3.1:testCompile (default-testCompile) @ wicket ---
[INFO] Nothing to compile - all classes are up to date
[INFO] 
[INFO] --- maven-surefire-plugin:2.12.4:test (default-test) @ wicket ---
[INFO] Surefire report directory: /home/ylyu/dataset/wicket3/dataset/wicket/WICKET-16_3431e60d3b49e50f6d1fe6140027ce752714e676/wicket/target/surefire-reports

-------------------------------------------------------
 T E S T S
-------------------------------------------------------
Running wicket.behavior.AjaxHandlerTest
=== wicket.behavior.AjaxHandlerBodyOnLoadPage ===
Tests run: 1, Failures: 0, Errors: 0, Skipped: 0, Time elapsed: 0.56 sec
Running wicket.behavior.AttributeAppenderTest
Tests run: 2, Failures: 0, Errors: 0, Skipped: 0, Time elapsed: 0 sec
Running wicket.LocalizerTest
Tests run: 8, Failures: 0, Errors: 0, Skipped: 0, Time elapsed: 0.067 sec
Running wicket.resource.BundleStringResourceLoaderTest
Tests run: 6, Failures: 0, Errors: 0, Skipped: 0, Time elapsed: 0.062 sec
Running wicket.resource.ComponentStringResourceLoaderTest
Tests run: 10, Failures: 0, Errors: 0, Skipped: 0, Time elapsed: 0.182 sec
Running wicket.resource.InvalidResourceSpecificationExceptionTest
Tests run: 4, Failures: 0, Errors: 0, Skipped: 0, Time elapsed: 0 sec
Running wicket.resource.ApplicationStringResourceLoaderTest
Tests run: 6, Failures: 0, Errors: 0, Skipped: 0, Time elapsed: 0.105 sec
Running wicket.AuthorizationTest
Tests run: 6, Failures: 0, Errors: 0, Skipped: 0, Time elapsed: 0.112 sec
Running wicket.ComponentTest
=== wicket.TestPage_1 ===
Tests run: 1, Failures: 0, Errors: 0, Skipped: 0, Time elapsed: 0.002 sec
Running wicket.properties.PropertiesTest
Tests run: 2, Failures: 0, Errors: 0, Skipped: 0, Time elapsed: 0.154 sec
Running wicket.ApplicationSettingsTest
Tests run: 8, Failures: 0, Errors: 0, Skipped: 0, Time elapsed: 0.008 sec
Running wicket.HomePageRedirectTest
Tests run: 1, Failures: 0, Errors: 0, Skipped: 0, Time elapsed: 0.046 sec
Running wicket.WicketMessageAttributeTest
Tests run: 4, Failures: 0, Errors: 0, Skipped: 0, Time elapsed: 0.009 sec
Running wicket.PageFactoryTest
Tests run: 2, Failures: 0, Errors: 0, Skipped: 0, Time elapsed: 0.05 sec
Running wicket.PageParametersTest
Tests run: 5, Failures: 0, Errors: 0, Skipped: 0, Time elapsed: 0 sec
Running wicket.util.resource.ResourceTest
Tests run: 1, Failures: 0, Errors: 0, Skipped: 0, Time elapsed: 0.057 sec
Running wicket.util.io.XmlReaderTest
Tests run: 7, Failures: 0, Errors: 0, Skipped: 0, Time elapsed: 0.001 sec
Running wicket.util.size.BytesTest
Tests run: 4, Failures: 0, Errors: 0, Skipped: 0, Time elapsed: 0.002 sec
Running wicket.util.string.PrependingStringBufferTest
Tests run: 3, Failures: 0, Errors: 0, Skipped: 0, Time elapsed: 0 sec
Running wicket.util.string.StringsTest
Tests run: 21, Failures: 0, Errors: 0, Skipped: 0, Time elapsed: 0.002 sec
Running wicket.util.string.AppendingStringBufferTest
Tests run: 7, Failures: 0, Errors: 0, Skipped: 0, Time elapsed: 0 sec
Running wicket.util.string.StringListTest
Tests run: 8, Failures: 0, Errors: 0, Skipped: 0, Time elapsed: 0.001 sec
Running wicket.util.value.ValueMapTest
Tests run: 3, Failures: 0, Errors: 0, Skipped: 0, Time elapsed: 0.043 sec
Running wicket.util.crypt.Base64Test
Tests run: 14, Failures: 0, Errors: 0, Skipped: 0, Time elapsed: 0.093 sec
Running wicket.util.convert.converters.ConvertersTest
Tests run: 9, Failures: 0, Errors: 0, Skipped: 0, Time elapsed: 0.003 sec
Running wicket.util.lang.PropertyResolverTest
Tests run: 19, Failures: 0, Errors: 0, Skipped: 0, Time elapsed: 0.005 sec
Running wicket.util.lang.ObjectsTest
Tests run: 12, Failures: 0, Errors: 0, Skipped: 0, Time elapsed: 0.112 sec
Running wicket.util.lang.PrimitivesTest
Tests run: 2, Failures: 0, Errors: 0, Skipped: 0, Time elapsed: 0 sec
Running wicket.util.lang.BytesTest
Tests run: 3, Failures: 0, Errors: 0, Skipped: 0, Time elapsed: 0.001 sec
Running wicket.util.tester.apps_5.ListTest
Tests run: 1, Failures: 0, Errors: 0, Skipped: 0, Time elapsed: 0.004 sec
Running wicket.util.tester.apps_4.FormTesterTest
Tests run: 1, Failures: 0, Errors: 0, Skipped: 0, Time elapsed: 0.051 sec
Running wicket.util.tester.apps_2.Test
Tests run: 1, Failures: 0, Errors: 0, Skipped: 0, Time elapsed: 0.003 sec
Running wicket.util.tester.apps_6.AjaxSubmitLinkClickTest
Tests run: 1, Failures: 0, Errors: 0, Skipped: 0, Time elapsed: 0.01 sec
Running wicket.util.tester.apps_6.AjaxLinkClickTest
Tests run: 3, Failures: 0, Errors: 0, Skipped: 0, Time elapsed: 0.054 sec
Running wicket.util.tester.TagTesterTest
Tests run: 8, Failures: 0, Errors: 0, Skipped: 0, Time elapsed: 0.04 sec
Running wicket.util.tester.apps_3.FormTesterTest
Tests run: 6, Failures: 0, Errors: 0, Skipped: 0, Time elapsed: 0.293 sec
Running wicket.util.tester.WicketTesterTest
Tests run: 7, Failures: 0, Errors: 0, Skipped: 0, Time elapsed: 0.116 sec
Running wicket.util.time.TimeMapTest
Tests run: 1, Failures: 0, Errors: 0, Skipped: 0, Time elapsed: 0.001 sec
Running wicket.util.time.DurationTest
Tests run: 4, Failures: 0, Errors: 0, Skipped: 0, Time elapsed: 1.501 sec
Running wicket.util.time.TimeOfDayTest
Tests run: 1, Failures: 0, Errors: 0, Skipped: 0, Time elapsed: 0 sec
Running wicket.util.time.TimeTest
Tests run: 1, Failures: 0, Errors: 0, Skipped: 0, Time elapsed: 0 sec
Running wicket.util.parse.metapattern.MetaPatternTest
Tests run: 5, Failures: 0, Errors: 0, Skipped: 0, Time elapsed: 0.001 sec
Running wicket.util.parse.metapattern.parsers.IndexedParamTest
=== wicket.util.parse.metapattern.parsers.Page1 ===
ERROR - Page2                      - test: abc
Tests run: 1, Failures: 0, Errors: 0, Skipped: 0, Time elapsed: 0.004 sec
Running wicket.markup.HtmlProblemFinderTest
Tests run: 1, Failures: 0, Errors: 0, Skipped: 0, Time elapsed: 0.001 sec
Running wicket.markup.parser.XmlPullParserTest
Tests run: 7, Failures: 0, Errors: 0, Skipped: 0, Time elapsed: 0.052 sec
Running wicket.markup.parser.PrependContextPathHandlerTest
=== wicket.markup.parser.Page_1 ===
=== wicket.markup.parser.Page_1 ===
=== wicket.markup.parser.Page_1 ===
=== wicket.markup.parser.Page_2 ===
Tests run: 4, Failures: 0, Errors: 0, Skipped: 0, Time elapsed: 0.053 sec
Running wicket.markup.html.debug.WicketComponentTreeTest
=== wicket.markup.html.debug.WicketComponentTreeTestPage ===
Tests run: 1, Failures: 0, Errors: 0, Skipped: 0, Time elapsed: 0.01 sec
Running wicket.markup.html.autolink.AutolinkTest
=== wicket.markup.html.autolink.sub.PageB ===
=== wicket.markup.html.autolink.MyPage ===
=== wicket.markup.html.autolink.PageA ===
Tests run: 3, Failures: 0, Errors: 0, Skipped: 0, Time elapsed: 0.052 sec
Running wicket.markup.html.panel.FragmentInPanelTest
Tests run: 1, Failures: 0, Errors: 0, Skipped: 0, Time elapsed: 0.033 sec
Running wicket.markup.html.panel.PanelTest
=== wicket.markup.html.panel.PanelPage_1 ===
ERROR - RequestCycle               - Tag <span wicket:id="test"> does not have a close tag.
[markupFragments = file:/home/ylyu/dataset/wicket3/dataset/wicket/WICKET-16_3431e60d3b49e50f6d1fe6140027ce752714e676/wicket/target/test-classes/wicket/markup/html/panel/SimplePanel_1.html, index = 2, current = [Raw markup]]
wicket.markup.MarkupException: Tag <span wicket:id="test"> does not have a close tag.
[markupFragments = file:/home/ylyu/dataset/wicket3/dataset/wicket/WICKET-16_3431e60d3b49e50f6d1fe6140027ce752714e676/wicket/target/test-classes/wicket/markup/html/panel/SimplePanel_1.html, index = 2, current = [Raw markup]]
	at wicket.markup.MarkupParser.parseMarkup(MarkupParser.java:386)
	at wicket.markup.MarkupParser.readAndParse(MarkupParser.java:272)
	at wicket.markup.loader.DefaultMarkupLoader.loadMarkup(DefaultMarkupLoader.java:59)
	at wicket.markup.loader.AbstractMarkupLoader.loadMarkup(AbstractMarkupLoader.java:69)
	at wicket.markup.loader.InheritedMarkupMarkupLoader.loadMarkup(InheritedMarkupMarkupLoader.java:84)
	at wicket.markup.MarkupCache.loadMarkup(MarkupCache.java:328)
	at wicket.markup.MarkupCache.loadMarkupAndWatchForChanges(MarkupCache.java:405)
	at wicket.markup.MarkupCache.getMarkup(MarkupCache.java:257)
	at wicket.markup.MarkupCache.getMarkup(MarkupCache.java:146)
	at wicket.MarkupContainer.getAssociatedMarkup(MarkupContainer.java:815)
	at wicket.markup.html.WebMarkupContainerWithAssociatedMarkup.renderHeadFromAssociatedMarkupFile(WebMarkupContainerWithAssociatedMarkup.java:119)
	at wicket.markup.html.panel.Panel.renderHead(Panel.java:152)
	at wicket.markup.html.internal.HeaderContainer$1.component(HeaderContainer.java:100)
	at wicket.MarkupContainer.visitChildren(MarkupContainer.java:729)
	at wicket.MarkupContainer.visitChildren(MarkupContainer.java:769)
	at wicket.markup.html.internal.HeaderContainer.renderHeaderSections(HeaderContainer.java:91)
	at wicket.markup.html.internal.HtmlHeaderContainer.onComponentTagBody(HtmlHeaderContainer.java:107)
	at wicket.Component.renderComponent(Component.java:1875)
	at wicket.MarkupContainer.onRender(MarkupContainer.java:889)
	at wicket.Component.render(Component.java:1685)
	at wicket.MarkupContainer.renderNext(MarkupContainer.java:1308)
	at wicket.MarkupContainer.renderAll(MarkupContainer.java:906)
	at wicket.Page.onRender(Page.java:1142)
	at wicket.Component.render(Component.java:1685)
	at wicket.Page.renderPage(Page.java:1262)
	at wicket.request.target.component.BookmarkablePageRequestTarget.respond(BookmarkablePageRequestTarget.java:229)
	at wicket.request.compound.DefaultResponseStrategy.respond(DefaultResponseStrategy.java:55)
	at wicket.request.compound.AbstractCompoundRequestCycleProcessor.respond(AbstractCompoundRequestCycleProcessor.java:67)
	at wicket.RequestCycle.doProcessEventsAndRespond(RequestCycle.java:928)
	at wicket.RequestCycle.processEventsAndRespond(RequestCycle.java:957)
	at wicket.RequestCycle.step(RequestCycle.java:1038)
	at wicket.RequestCycle.steps(RequestCycle.java:1109)
	at wicket.RequestCycle.request(RequestCycle.java:454)
	at wicket.protocol.http.MockWebApplication.processRequestCycle(MockWebApplication.java:321)
	at wicket.protocol.http.MockWebApplication.processRequestCycle(MockWebApplication.java:310)
	at wicket.WicketTestCase.accessPage(WicketTestCase.java:98)
	at wicket.WicketTestCase.executeTest(WicketTestCase.java:78)
	at wicket.markup.html.panel.PanelTest.testRenderHomePage_1(PanelTest.java:51)
	at sun.reflect.NativeMethodAccessorImpl.invoke0(Native Method)
	at sun.reflect.NativeMethodAccessorImpl.invoke(NativeMethodAccessorImpl.java:57)
	at sun.reflect.DelegatingMethodAccessorImpl.invoke(DelegatingMethodAccessorImpl.java:43)
	at java.lang.reflect.Method.invoke(Method.java:606)
	at junit.framework.TestCase.runTest(TestCase.java:154)
	at junit.framework.TestCase.runBare(TestCase.java:127)
	at junit.framework.TestResult$1.protect(TestResult.java:106)
	at junit.framework.TestResult.runProtected(TestResult.java:124)
	at junit.framework.TestResult.run(TestResult.java:109)
	at junit.framework.TestCase.run(TestCase.java:118)
	at junit.framework.TestSuite.runTest(TestSuite.java:208)
	at junit.framework.TestSuite.run(TestSuite.java:203)
	at sun.reflect.GeneratedMethodAccessor6.invoke(Unknown Source)
	at sun.reflect.DelegatingMethodAccessorImpl.invoke(DelegatingMethodAccessorImpl.java:43)
	at java.lang.reflect.Method.invoke(Method.java:606)
	at org.apache.maven.surefire.junit.JUnitTestSet.execute(JUnitTestSet.java:95)
	at org.apache.maven.surefire.junit.JUnit3Provider.executeTestSet(JUnit3Provider.java:121)
	at org.apache.maven.surefire.junit.JUnit3Provider.invoke(JUnit3Provider.java:98)
	at sun.reflect.NativeMethodAccessorImpl.invoke0(Native Method)
	at sun.reflect.NativeMethodAccessorImpl.invoke(NativeMethodAccessorImpl.java:57)
	at sun.reflect.DelegatingMethodAccessorImpl.invoke(DelegatingMethodAccessorImpl.java:43)
	at java.lang.reflect.Method.invoke(Method.java:606)
	at org.apache.maven.surefire.util.ReflectionUtils.invokeMethodWithArray(ReflectionUtils.java:189)
	at org.apache.maven.surefire.booter.ProviderFactory$ProviderProxy.invoke(ProviderFactory.java:165)
	at org.apache.maven.surefire.booter.ProviderFactory.invokeProvider(ProviderFactory.java:85)
	at org.apache.maven.surefire.booter.ForkedBooter.runSuitesInProcess(ForkedBooter.java:115)
	at org.apache.maven.surefire.booter.ForkedBooter.main(ForkedBooter.java:75)
Caused by: java.text.ParseException: Tag <span wicket:id="test"> does not have a close tag.
	at wicket.markup.parser.filter.HtmlHandler.nextTag(HtmlHandler.java:110)
	at wicket.markup.parser.AbstractMarkupFilter.nextComponentTag(AbstractMarkupFilter.java:75)
	at wicket.markup.parser.filter.WicketRemoveTagHandler.nextTag(WicketRemoveTagHandler.java:66)
	at wicket.markup.parser.AbstractMarkupFilter.nextComponentTag(AbstractMarkupFilter.java:75)
	at wicket.markup.parser.filter.WicketLinkTagHandler.nextTag(WicketLinkTagHandler.java:99)
	at wicket.markup.parser.AbstractMarkupFilter.nextComponentTag(AbstractMarkupFilter.java:75)
	at wicket.markup.parser.filter.WicketNamespaceHandler.nextTag(WicketNamespaceHandler.java:77)
	at wicket.markup.parser.AbstractMarkupFilter.nextComponentTag(AbstractMarkupFilter.java:75)
	at wicket.markup.parser.filter.WicketMessageTagHandler.nextTag(WicketMessageTagHandler.java:71)
	at wicket.markup.parser.AbstractMarkupFilter.nextComponentTag(AbstractMarkupFilter.java:75)
	at wicket.markup.parser.filter.BodyOnLoadHandler.nextTag(BodyOnLoadHandler.java:73)
	at wicket.markup.parser.AbstractMarkupFilter.nextComponentTag(AbstractMarkupFilter.java:75)
	at wicket.markup.parser.filter.HeadForceTagIdHandler.nextTag(HeadForceTagIdHandler.java:79)
	at wicket.markup.parser.AbstractMarkupFilter.nextComponentTag(AbstractMarkupFilter.java:75)
	at wicket.markup.parser.filter.PrependContextPathHandler.nextTag(PrependContextPathHandler.java:125)
	at wicket.markup.MarkupParser.parseMarkup(MarkupParser.java:296)
	... 64 more
=== wicket.markup.html.panel.PanelPage_2 ===
ERROR - RequestCycle               - Unable to load associated markup file for [MarkupContainer [Component id = myPanel, page = wicket.markup.html.panel.PanelPage_2, path = 0:myPanel.SimplePanel_2, isVisible = true, isVersioned = true]]
wicket.markup.MarkupException: Unable to load associated markup file for [MarkupContainer [Component id = myPanel, page = wicket.markup.html.panel.PanelPage_2, path = 0:myPanel.SimplePanel_2, isVisible = true, isVersioned = true]]
	at wicket.MarkupContainer.renderAssociatedMarkup(MarkupContainer.java:573)
	at wicket.markup.html.panel.Panel.onComponentTagBody(Panel.java:132)
	at wicket.Component.renderComponent(Component.java:1875)
	at wicket.MarkupContainer.onRender(MarkupContainer.java:889)
	at wicket.Component.render(Component.java:1685)
	at wicket.MarkupContainer.renderNext(MarkupContainer.java:1308)
	at wicket.MarkupContainer.renderComponentTagBody(MarkupContainer.java:944)
	at wicket.MarkupContainer.onComponentTagBody(MarkupContainer.java:878)
	at wicket.Component.renderComponent(Component.java:1875)
	at wicket.MarkupContainer.onRender(MarkupContainer.java:889)
	at wicket.Component.render(Component.java:1685)
	at wicket.MarkupContainer.renderNext(MarkupContainer.java:1308)
	at wicket.MarkupContainer.renderAll(MarkupContainer.java:906)
	at wicket.Page.onRender(Page.java:1142)
	at wicket.Component.render(Component.java:1685)
	at wicket.Page.renderPage(Page.java:1262)
	at wicket.request.target.component.BookmarkablePageRequestTarget.respond(BookmarkablePageRequestTarget.java:229)
	at wicket.request.compound.DefaultResponseStrategy.respond(DefaultResponseStrategy.java:55)
	at wicket.request.compound.AbstractCompoundRequestCycleProcessor.respond(AbstractCompoundRequestCycleProcessor.java:67)
	at wicket.RequestCycle.doProcessEventsAndRespond(RequestCycle.java:928)
	at wicket.RequestCycle.processEventsAndRespond(RequestCycle.java:957)
	at wicket.RequestCycle.step(RequestCycle.java:1038)
	at wicket.RequestCycle.steps(RequestCycle.java:1109)
	at wicket.RequestCycle.request(RequestCycle.java:454)
	at wicket.protocol.http.MockWebApplication.processRequestCycle(MockWebApplication.java:321)
	at wicket.protocol.http.MockWebApplication.processRequestCycle(MockWebApplication.java:310)
	at wicket.WicketTestCase.accessPage(WicketTestCase.java:98)
	at wicket.WicketTestCase.executeTest(WicketTestCase.java:78)
	at wicket.markup.html.panel.PanelTest.testRenderHomePage_2(PanelTest.java:72)
	at sun.reflect.NativeMethodAccessorImpl.invoke0(Native Method)
	at sun.reflect.NativeMethodAccessorImpl.invoke(NativeMethodAccessorImpl.java:57)
	at sun.reflect.DelegatingMethodAccessorImpl.invoke(DelegatingMethodAccessorImpl.java:43)
	at java.lang.reflect.Method.invoke(Method.java:606)
	at junit.framework.TestCase.runTest(TestCase.java:154)
	at junit.framework.TestCase.runBare(TestCase.java:127)
	at junit.framework.TestResult$1.protect(TestResult.java:106)
	at junit.framework.TestResult.runProtected(TestResult.java:124)
	at junit.framework.TestResult.run(TestResult.java:109)
	at junit.framework.TestCase.run(TestCase.java:118)
	at junit.framework.TestSuite.runTest(TestSuite.java:208)
	at junit.framework.TestSuite.run(TestSuite.java:203)
	at sun.reflect.GeneratedMethodAccessor6.invoke(Unknown Source)
	at sun.reflect.DelegatingMethodAccessorImpl.invoke(DelegatingMethodAccessorImpl.java:43)
	at java.lang.reflect.Method.invoke(Method.java:606)
	at org.apache.maven.surefire.junit.JUnitTestSet.execute(JUnitTestSet.java:95)
	at org.apache.maven.surefire.junit.JUnit3Provider.executeTestSet(JUnit3Provider.java:121)
	at org.apache.maven.surefire.junit.JUnit3Provider.invoke(JUnit3Provider.java:98)
	at sun.reflect.NativeMethodAccessorImpl.invoke0(Native Method)
	at sun.reflect.NativeMethodAccessorImpl.invoke(NativeMethodAccessorImpl.java:57)
	at sun.reflect.DelegatingMethodAccessorImpl.invoke(DelegatingMethodAccessorImpl.java:43)
	at java.lang.reflect.Method.invoke(Method.java:606)
	at org.apache.maven.surefire.util.ReflectionUtils.invokeMethodWithArray(ReflectionUtils.java:189)
	at org.apache.maven.surefire.booter.ProviderFactory$ProviderProxy.invoke(ProviderFactory.java:165)
	at org.apache.maven.surefire.booter.ProviderFactory.invokeProvider(ProviderFactory.java:85)
	at org.apache.maven.surefire.booter.ForkedBooter.runSuitesInProcess(ForkedBooter.java:115)
	at org.apache.maven.surefire.booter.ForkedBooter.main(ForkedBooter.java:75)
=== wicket.markup.html.panel.InlinePanelPage_1 ===
=== wicket.markup.html.panel.InlinePanelPage_2 ===
=== wicket.markup.html.panel.InlinePanelPage_3 ===
=== wicket.markup.html.panel.InlinePanelPage_4 ===
=== wicket.markup.html.panel.InlinePanelPage_6 ===
=== wicket.markup.html.panel.PanelWithAttributeModifierPage ===
Tests run: 8, Failures: 0, Errors: 0, Skipped: 0, Time elapsed: 0.166 sec
Running wicket.markup.html.internal.EnclosureTest
=== wicket.markup.html.internal.EnclosurePage_1 ===
Tests run: 1, Failures: 0, Errors: 0, Skipped: 0, Time elapsed: 0.005 sec
Running wicket.markup.html.internal.HtmlHeaderContainerTest
Tests run: 1, Failures: 0, Errors: 0, Skipped: 0, Time elapsed: 0.002 sec
Running wicket.markup.html.navigation.paging.PagingNavigationIncrementLinkTest
Tests run: 4, Failures: 0, Errors: 0, Skipped: 0, Time elapsed: 0.052 sec
Running wicket.markup.html.navigation.paging.PagingNavigationLinkTest
Tests run: 4, Failures: 0, Errors: 0, Skipped: 0, Time elapsed: 0.052 sec
Running wicket.markup.html.list.ListViewTest
Tests run: 2, Failures: 0, Errors: 0, Skipped: 0, Time elapsed: 0.002 sec
Running wicket.markup.html.list.PagedTableTest
Tests run: 1, Failures: 0, Errors: 0, Skipped: 0, Time elapsed: 0.011 sec
Running wicket.markup.html.list.SimpleTableTest
=== wicket.markup.html.list.SimpleTablePage_1 ===
=== wicket.markup.html.list.SimpleTablePage_2 ===
Tests run: 2, Failures: 0, Errors: 0, Skipped: 0, Time elapsed: 0.05 sec
Running wicket.markup.html.list.TableTest
Tests run: 2, Failures: 0, Errors: 0, Skipped: 0, Time elapsed: 0.004 sec
Running wicket.markup.html.PackageResourceTest
Tests run: 2, Failures: 0, Errors: 0, Skipped: 0, Time elapsed: 0.002 sec
Running wicket.markup.html.form.login.InterceptTest
Tests run: 2, Failures: 0, Errors: 0, Skipped: 0, Time elapsed: 0.056 sec
Running wicket.markup.html.form.FormTest
Tests run: 2, Failures: 0, Errors: 0, Skipped: 0, Time elapsed: 0 sec
Running wicket.markup.html.form.upload.FileUploadFieldTest
Tests run: 1, Failures: 0, Errors: 0, Skipped: 0, Time elapsed: 0.058 sec
Running wicket.markup.html.form.upload.FileUploadTest
Tests run: 1, Failures: 0, Errors: 0, Skipped: 0, Time elapsed: 0.001 sec
Running wicket.markup.html.form.PrimitiveTypeRequiredTest
Tests run: 1, Failures: 0, Errors: 0, Skipped: 0, Time elapsed: 0.002 sec
Running wicket.markup.html.form.encryption.CryptTest
Tests run: 2, Failures: 0, Errors: 0, Skipped: 0, Time elapsed: 0.003 sec
Running wicket.markup.html.form.ValidatorPropertiesTest
Tests run: 3, Failures: 0, Errors: 0, Skipped: 0, Time elapsed: 0.096 sec
Running wicket.markup.html.link.ContextPathLinkTest
=== wicket.markup.html.link.ContextPathPage ===
=== wicket.markup.html.link.ContextPathPage ===
=== wicket.markup.html.link.ContextPathPage ===
Tests run: 3, Failures: 0, Errors: 0, Skipped: 0, Time elapsed: 0.007 sec
Running wicket.markup.html.link.HrefTest
=== wicket.markup.html.link.Href_1 ===
=== wicket.markup.html.link.Href_1 ===
=== wicket.markup.html.link.Href_2 ===
=== wicket.markup.html.link.Href_3 ===
Tests run: 4, Failures: 0, Errors: 0, Skipped: 0, Time elapsed: 0.05 sec
Running wicket.markup.html.link.IndexedParamUrlCodingTest
Tests run: 1, Failures: 0, Errors: 0, Skipped: 0, Time elapsed: 0.001 sec
Running wicket.markup.html.header.threelayers.InheritanceHeadTest
=== wicket.markup.html.header.threelayers.MeldingPage ===
Tests run: 1, Failures: 0, Errors: 0, Skipped: 0, Time elapsed: 0.046 sec
Running wicket.markup.html.header.testing2.HeaderTest
=== wicket.markup.html.header.testing2.TestExtendedPage ===
=== wicket.markup.html.header.testing2.TestExtendedPage2 ===
Tests run: 2, Failures: 0, Errors: 0, Skipped: 0, Time elapsed: 0.033 sec
Running wicket.markup.html.header.HeaderScopingTest
=== wicket.markup.html.header.MyPage ===
Tests run: 1, Failures: 0, Errors: 0, Skipped: 0, Time elapsed: 0.048 sec
Running wicket.markup.html.header.testing3.HeaderTest
=== wicket.markup.html.header.testing3.TestPage ===
=== wicket.markup.html.header.testing3.TestPage : link ===
Tests run: 1, Failures: 0, Errors: 0, Skipped: 0, Time elapsed: 0.005 sec
Running wicket.markup.html.header.threelayers2.InheritanceHeadTest
=== wicket.markup.html.header.threelayers2.MeldingPage ===
Tests run: 1, Failures: 0, Errors: 0, Skipped: 0, Time elapsed: 0.045 sec
Running wicket.markup.html.border.WrappedWicketBodyTest
Tests run: 3, Failures: 0, Errors: 0, Skipped: 0, Time elapsed: 0.007 sec
Running wicket.markup.html.basic.HomePageRedirectTest
Tests run: 2, Failures: 0, Errors: 0, Skipped: 0, Time elapsed: 0.048 sec
Running wicket.markup.html.basic.LabelTest
=== wicket.markup.html.basic.LabelWithEscapeMarkupPage ===
=== wicket.markup.html.basic.LabelWithoutEscapeMarkupPage ===
Tests run: 2, Failures: 0, Errors: 0, Skipped: 0, Time elapsed: 0.004 sec
Running wicket.markup.html.basic.SimpleResponsePageClassTest
Tests run: 1, Failures: 0, Errors: 0, Skipped: 0, Time elapsed: 0.004 sec
Running wicket.markup.MarkupParserTest
Tests run: 10, Failures: 0, Errors: 0, Skipped: 0, Time elapsed: 0.105 sec
Running wicket.markup.WicketNamespaceTest
=== wicket.markup.WicketNamespace_1 ===
=== wicket.markup.WicketNamespace_2 ===
=== wicket.markup.WicketNamespace_3 ===
=== wicket.markup.WicketNamespace_4 ===
=== wicket.markup.WicketNamespace_5 ===
=== wicket.markup.WicketNamespace_6 ===
Tests run: 6, Failures: 0, Errors: 0, Skipped: 0, Time elapsed: 0.034 sec
Running wicket.stateless.StatelessComponentTest
=== wicket.stateless.StatelessComponentPage ===
Tests run: 1, Failures: 0, Errors: 0, Skipped: 0, Time elapsed: 0.043 sec
Running wicket.AttributeModifierTest
Tests run: 9, Failures: 0, Errors: 0, Skipped: 0, Time elapsed: 0 sec
Running wicket.TesterTest
Tests run: 1, Failures: 0, Errors: 0, Skipped: 0, Time elapsed: 0.003 sec
Running wicket.protocol.http.request.WebRequestCodingStrategyTest
Tests run: 4, Failures: 0, Errors: 0, Skipped: 0, Time elapsed: 0.001 sec
Running wicket.protocol.http.request.AbstractWebRequestCodingStrategyTest
Tests run: 1, Failures: 1, Errors: 0, Skipped: 0, Time elapsed: 0.003 sec <<< FAILURE!
testEncode__bookmarkablePage_nonAsciiClassNames(wicket.protocol.http.request.AbstractWebRequestCodingStrategyTest)  Time elapsed: 0.003 sec  <<< FAILURE!
junit.framework.AssertionFailedError
	at junit.framework.Assert.fail(Assert.java:47)
	at junit.framework.Assert.assertTrue(Assert.java:20)
	at junit.framework.Assert.assertTrue(Assert.java:27)
	at wicket.protocol.http.request.AbstractWebRequestCodingStrategyTest.testEncode__bookmarkablePage_nonAsciiClassNames(AbstractWebRequestCodingStrategyTest.java:69)

Running wicket.protocol.http.WicketTagPanelTest
Tests run: 2, Failures: 0, Errors: 0, Skipped: 0, Time elapsed: 0.045 sec
Running wicket.protocol.http.ClientPropertiesTest
Tests run: 7, Failures: 0, Errors: 0, Skipped: 0, Time elapsed: 0.002 sec
Running wicket.protocol.http.WebResponseTest
Tests run: 2, Failures: 0, Errors: 0, Skipped: 0, Time elapsed: 0 sec
Running wicket.protocol.http.WebRequestTest
Tests run: 3, Failures: 0, Errors: 0, Skipped: 0, Time elapsed: 0.054 sec
Running wicket.DisabledComponentTest
=== wicket.DisabledComponentPage1 ===
=== wicket.DisabledComponentPage2 : link ===
=== wicket.DisabledComponentPage1 ===
=== wicket.DisabledComponentPage1 : link ===
Tests run: 2, Failures: 0, Errors: 0, Skipped: 0, Time elapsed: 0.006 sec
Running wicket.ajax.markup.html.componentMap.SimpleTestPanelTest
=== wicket.ajax.markup.html.componentMap.SimpleTestPage ===
Tests run: 1, Failures: 0, Errors: 0, Skipped: 0, Time elapsed: 0.049 sec
Running wicket.ajax.markup.html.form.AjaxSubmitButtonTest
Tests run: 1, Failures: 0, Errors: 0, Skipped: 0, Time elapsed: 0.045 sec
Running wicket.ajax.markup.html.form.AjaxSubmitLinkTest
Tests run: 1, Failures: 0, Errors: 0, Skipped: 0, Time elapsed: 0.003 sec
Running wicket.AttributeModifierComponentTest
Tests run: 1, Failures: 0, Errors: 0, Skipped: 0, Time elapsed: 0.003 sec
Running wicket.FormDispatchEventTest
Tests run: 1, Failures: 0, Errors: 0, Skipped: 0, Time elapsed: 0.002 sec
Running wicket.model.StringResourceModelTest
Tests run: 9, Failures: 0, Errors: 0, Skipped: 0, Time elapsed: 0.059 sec
Running wicket.model.ModelToStringTest
Tests run: 7, Failures: 0, Errors: 0, Skipped: 0, Time elapsed: 0.008 sec
Running wicket.model.InheritableModelTest
Tests run: 1, Failures: 0, Errors: 0, Skipped: 0, Time elapsed: 0.001 sec
Running wicket.SharedResourceUrlTest
Tests run: 2, Failures: 0, Errors: 0, Skipped: 0, Time elapsed: 0.002 sec
Running wicket.MarkupContainerTest
Tests run: 1, Failures: 0, Errors: 0, Skipped: 0, Time elapsed: 0.002 sec
Running wicket.session.DefaultPageFactoryTest
Tests run: 1, Failures: 0, Errors: 0, Skipped: 0, Time elapsed: 0.003 sec
Running wicket.performance.MarkupParserPerformanceTest
Tests run: 0, Failures: 0, Errors: 0, Skipped: 0, Time elapsed: 0 sec

Results :

Failed tests:   testEncode__bookmarkablePage_nonAsciiClassNames(wicket.protocol.http.request.AbstractWebRequestCodingStrategyTest)

Tests run: 372, Failures: 1, Errors: 0, Skipped: 0

[INFO] ------------------------------------------------------------------------
[INFO] BUILD FAILURE
[INFO] ------------------------------------------------------------------------
[INFO] Total time: 7.913 s
[INFO] Finished at: 2016-07-31T11:53:51-07:00
[INFO] Final Memory: 15M/606M
[INFO] ------------------------------------------------------------------------
[ERROR] Failed to execute goal org.apache.maven.plugins:maven-surefire-plugin:2.12.4:test (default-test) on project wicket: There are test failures.
[ERROR] 
[ERROR] Please refer to /home/ylyu/dataset/wicket3/dataset/wicket/WICKET-16_3431e60d3b49e50f6d1fe6140027ce752714e676/wicket/target/surefire-reports for the individual test results.
[ERROR] -> [Help 1]
[ERROR] 
[ERROR] To see the full stack trace of the errors, re-run Maven with the -e switch.
[ERROR] Re-run Maven using the -X switch to enable full debug logging.
[ERROR] 
[ERROR] For more information about the errors and possible solutions, please read the following articles:
[ERROR] [Help 1] http://cwiki.apache.org/confluence/display/MAVEN/MojoFailureException
