[INFO] Scanning for projects...
[INFO]                                                                         
[INFO] ------------------------------------------------------------------------
[INFO] Building Wicket Extensions 1.5-SNAPSHOT
[INFO] ------------------------------------------------------------------------
[INFO] 
[INFO] --- maven-remote-resources-plugin:1.2:process (default) @ wicket-extensions ---
[INFO] Setting property: classpath.resource.loader.class => 'org.codehaus.plexus.velocity.ContextClassLoaderResourceLoader'.
[INFO] Setting property: velocimacro.messages.on => 'false'.
[INFO] Setting property: resource.loader => 'classpath'.
[INFO] Setting property: resource.manager.logwhenfound => 'false'.
[INFO] 
[INFO] --- maven-resources-plugin:2.4.3:resources (default-resources) @ wicket-extensions ---
[INFO] Using 'UTF-8' encoding to copy filtered resources.
[INFO] Copying 110 resources
[INFO] skip non existing resourceDirectory /home/ylyu/dataset/wicket3/dataset/wicket/WICKET-4121_8967eb2b43465b20b6dcb70f93743804a12a542d/wicket-extensions/src/main/resources
[INFO] Copying 3 resources
[INFO] 
[INFO] --- maven-compiler-plugin:2.3.2:compile (default-compile) @ wicket-extensions ---
[INFO] Nothing to compile - all classes are up to date
[INFO] 
[INFO] --- maven-bundle-plugin:2.2.0:manifest (bundle-manifest) @ wicket-extensions ---
[WARNING] Warning in manifest for org.apache.wicket:wicket-extensions:jar:1.5-SNAPSHOT : Superfluous export-package instructions: [org.apache.wicket.extensions.markup.html.repeater, org.apache.wicket.extensions.markup.html.image, org.apache.wicket.extensions.markup, org.apache, org.apache.wicket.extensions.ajax.markup, org.apache.wicket.extensions.markup.html, org.apache.wicket.extensions.markup.html.repeater.data, org.apache.wicket, org.apache.wicket.extensions.captcha, org.apache.wicket.extensions.util, org.apache.wicket.extensions.ajax, org, org.apache.wicket.extensions.validation, org.apache.wicket.extensions.ajax.markup.html.repeater.data, org.apache.wicket.extensions.ajax.markup.html.form, org.apache.wicket.extensions.ajax.markup.html.repeater]
[INFO] 
[INFO] --- maven-resources-plugin:2.4.3:testResources (default-testResources) @ wicket-extensions ---
[INFO] Using 'UTF-8' encoding to copy filtered resources.
[INFO] Copying 4 resources
[INFO] Copying 3 resources
[INFO] 
[INFO] --- maven-compiler-plugin:2.3.2:testCompile (default-testCompile) @ wicket-extensions ---
[INFO] Nothing to compile - all classes are up to date
[INFO] 
[INFO] --- maven-surefire-plugin:2.9:test (default-test) @ wicket-extensions ---
[INFO] Surefire report directory: /home/ylyu/dataset/wicket3/dataset/wicket/WICKET-4121_8967eb2b43465b20b6dcb70f93743804a12a542d/wicket-extensions/target/surefire-reports

-------------------------------------------------------
 T E S T S
-------------------------------------------------------
Running org.apache.wicket.extensions.markup.html.upload.UploadFormWithProgressBarTest
Tests run: 1, Failures: 0, Errors: 0, Skipped: 0, Time elapsed: 2.08 sec
Running org.apache.wicket.extensions.markup.html.tree.MoveChildToParentNodeMarkedForRecreationTest
Tests run: 1, Failures: 0, Errors: 0, Skipped: 0, Time elapsed: 0.176 sec
Running org.apache.wicket.extensions.markup.html.image.resource.ThumbnailImageResourceTest
Tests run: 1, Failures: 0, Errors: 0, Skipped: 0, Time elapsed: 0.37 sec
Running org.apache.wicket.extensions.markup.html.AjaxLazyLoadPanelTesterTest
Tests run: 1, Failures: 0, Errors: 0, Skipped: 0, Time elapsed: 0.061 sec
Running org.apache.wicket.extensions.markup.html.repeater.data.table.DataTableTest
ERROR - DataTableTest              - <html xmlns:wicket>
<body>
  <table class="dataview" cellspacing="0" wicket:id="table"><wicket:panel xmlns:wicket="http://wicket.apache.org">

<thead wicket:id="topToolbars">
	<wicket:container wicket:id="toolbars"><wicket:panel xmlns:wicket="http://wicket.apache.org">
	<tr class="navigation">
		<td wicket:id="span" colspan="6">
			<div class="navigatorLabel"><span wicket:id="navigatorLabel">Showing 1 to 8 of 50</span></div>
			<div class="navigator"><span wicket:id="navigator"><wicket:panel>
	<span wicket:id="first" class="first" title="Go to first page"><em>&lt;&lt;</em></span>
	<span wicket:id="prev" class="prev" title="Go to previous page"><em>&lt;</em></span>
	<span wicket:id="navigation" class="goto">
		<span wicket:id="pageLink" title="Go to page 1"><em><span wicket:id="pageNumber">1</span></em></span>
	</span><span wicket:id="navigation" class="goto">
		<a wicket:id="pageLink" href="?0-1.ILinkListener-table-topToolbars-toolbars-0-span-navigator-navigation-1-pageLink" title="Go to page 2"><span wicket:id="pageNumber">2</span></a>
	</span><span wicket:id="navigation" class="goto">
		<a wicket:id="pageLink" href="?0-1.ILinkListener-table-topToolbars-toolbars-0-span-navigator-navigation-2-pageLink" title="Go to page 3"><span wicket:id="pageNumber">3</span></a>
	</span><span wicket:id="navigation" class="goto">
		<a wicket:id="pageLink" href="?0-1.ILinkListener-table-topToolbars-toolbars-0-span-navigator-navigation-3-pageLink" title="Go to page 4"><span wicket:id="pageNumber">4</span></a>
	</span><span wicket:id="navigation" class="goto">
		<a wicket:id="pageLink" href="?0-1.ILinkListener-table-topToolbars-toolbars-0-span-navigator-navigation-4-pageLink" title="Go to page 5"><span wicket:id="pageNumber">5</span></a>
	</span><span wicket:id="navigation" class="goto">
		<a wicket:id="pageLink" href="?0-1.ILinkListener-table-topToolbars-toolbars-0-span-navigator-navigation-5-pageLink" title="Go to page 6"><span wicket:id="pageNumber">6</span></a>
	</span><span wicket:id="navigation" class="goto">
		<a wicket:id="pageLink" href="?0-1.ILinkListener-table-topToolbars-toolbars-0-span-navigator-navigation-6-pageLink" title="Go to page 7"><span wicket:id="pageNumber">7</span></a>
	</span>
	<a wicket:id="next" class="next" href="?0-1.ILinkListener-table-topToolbars-toolbars-0-span-navigator-next" title="Go to next page">&gt;</a>
	<a wicket:id="last" class="last" href="?0-1.ILinkListener-table-topToolbars-toolbars-0-span-navigator-last" title="Go to last page">&gt;&gt;</a>
</wicket:panel></span></div>
		</td>
	</tr>
</wicket:panel></wicket:container><wicket:container wicket:id="toolbars"><wicket:panel xmlns:wicket="http://wicket.apache.org">
	<tr class="headers">
		
			<th wicket:id="header"><span wicket:id="label">Actions</span></th>
		
			<th wicket:id="header" class="numeric"><span wicket:id="label">ID</span></th>
		
			<th wicket:id="header" class="wicket_orderUp"><wicket:border xmlns:wicket="http://wicket.apache.org"><a href="?0-1.ILinkListener-table-topToolbars-toolbars-1-headers-3-header-orderByLink" wicket:id="orderByLink"><wicket:body><span wicket:id="label">First Name</span></wicket:body></a></wicket:border></th>
		
			<th wicket:id="header" class="wicket_orderNone last-name"><wicket:border xmlns:wicket="http://wicket.apache.org"><a href="?0-1.ILinkListener-table-topToolbars-toolbars-1-headers-4-header-orderByLink" wicket:id="orderByLink"><wicket:body><span wicket:id="label">Last Name</span></wicket:body></a></wicket:border></th>
		
			<th wicket:id="header"><span wicket:id="label">Home Phone</span></th>
		
			<th wicket:id="header"><span wicket:id="label">Cell Phone</span></th>
		
	</tr>
</wicket:panel></wicket:container>
</thead>

<tbody wicket:id="body">
	<tr wicket:id="rows" class="even">
		<td wicket:id="cells">
			<span wicket:id="cell">[cell]</span>
		</td><td wicket:id="cells" class="numeric">
			<span wicket:id="cell">29</span>
		</td><td wicket:id="cells">
			<span wicket:id="cell">Abby</span>
		</td><td wicket:id="cells" class="last-name">
			<span wicket:id="cell">Nelson</span>
		</td><td wicket:id="cells">
			<span wicket:id="cell">303-555-6847</span>
		</td><td wicket:id="cells">
			<span wicket:id="cell">657-555-1772</span>
		</td>
	</tr><tr wicket:id="rows" class="odd">
		<td wicket:id="cells">
			<span wicket:id="cell">[cell]</span>
		</td><td wicket:id="cells" class="numeric">
			<span wicket:id="cell">11</span>
		</td><td wicket:id="cells">
			<span wicket:id="cell">Brianna</span>
		</td><td wicket:id="cells" class="last-name">
			<span wicket:id="cell">Murray</span>
		</td><td wicket:id="cells">
			<span wicket:id="cell">414-555-7053</span>
		</td><td wicket:id="cells">
			<span wicket:id="cell">307-555-6023</span>
		</td>
	</tr><tr wicket:id="rows" class="even">
		<td wicket:id="cells">
			<span wicket:id="cell">[cell]</span>
		</td><td wicket:id="cells" class="numeric">
			<span wicket:id="cell">18</span>
		</td><td wicket:id="cells">
			<span wicket:id="cell">Brianna</span>
		</td><td wicket:id="cells" class="last-name">
			<span wicket:id="cell">Bailey</span>
		</td><td wicket:id="cells">
			<span wicket:id="cell">647-555-3864</span>
		</td><td wicket:id="cells">
			<span wicket:id="cell">241-555-2682</span>
		</td>
	</tr><tr wicket:id="rows" class="odd">
		<td wicket:id="cells">
			<span wicket:id="cell">[cell]</span>
		</td><td wicket:id="cells" class="numeric">
			<span wicket:id="cell">26</span>
		</td><td wicket:id="cells">
			<span wicket:id="cell">Brianna</span>
		</td><td wicket:id="cells" class="last-name">
			<span wicket:id="cell">Black</span>
		</td><td wicket:id="cells">
			<span wicket:id="cell">817-555-1412</span>
		</td><td wicket:id="cells">
			<span wicket:id="cell">887-555-8773</span>
		</td>
	</tr><tr wicket:id="rows" class="even">
		<td wicket:id="cells">
			<span wicket:id="cell">[cell]</span>
		</td><td wicket:id="cells" class="numeric">
			<span wicket:id="cell">31</span>
		</td><td wicket:id="cells">
			<span wicket:id="cell">Brianna</span>
		</td><td wicket:id="cells" class="last-name">
			<span wicket:id="cell">Graham</span>
		</td><td wicket:id="cells">
			<span wicket:id="cell">367-555-4007</span>
		</td><td wicket:id="cells">
			<span wicket:id="cell">236-555-1235</span>
		</td>
	</tr><tr wicket:id="rows" class="odd">
		<td wicket:id="cells">
			<span wicket:id="cell">[cell]</span>
		</td><td wicket:id="cells" class="numeric">
			<span wicket:id="cell">23</span>
		</td><td wicket:id="cells">
			<span wicket:id="cell">Debra</span>
		</td><td wicket:id="cells" class="last-name">
			<span wicket:id="cell">Graham</span>
		</td><td wicket:id="cells">
			<span wicket:id="cell">204-555-7040</span>
		</td><td wicket:id="cells">
			<span wicket:id="cell">527-555-8777</span>
		</td>
	</tr><tr wicket:id="rows" class="even">
		<td wicket:id="cells">
			<span wicket:id="cell">[cell]</span>
		</td><td wicket:id="cells" class="numeric">
			<span wicket:id="cell">28</span>
		</td><td wicket:id="cells">
			<span wicket:id="cell">Debra</span>
		</td><td wicket:id="cells" class="last-name">
			<span wicket:id="cell">Allen</span>
		</td><td wicket:id="cells">
			<span wicket:id="cell">885-555-7776</span>
		</td><td wicket:id="cells">
			<span wicket:id="cell">624-555-4130</span>
		</td>
	</tr><tr wicket:id="rows" class="odd">
		<td wicket:id="cells">
			<span wicket:id="cell">[cell]</span>
		</td><td wicket:id="cells" class="numeric">
			<span wicket:id="cell">35</span>
		</td><td wicket:id="cells">
			<span wicket:id="cell">Debra</span>
		</td><td wicket:id="cells" class="last-name">
			<span wicket:id="cell">Johnson</span>
		</td><td wicket:id="cells">
			<span wicket:id="cell">542-555-4847</span>
		</td><td wicket:id="cells">
			<span wicket:id="cell">628-555-6711</span>
		</td>
	</tr>
</tbody>
</wicket:panel></table>
</body>
</html>

ERROR - DataTableTest              - ==============================================
ERROR - DataTableTest              - ==============================================
ERROR - DataTableTest              - <html xmlns:wicket>
<body>
  <table class="dataview" cellspacing="0" wicket:id="table"><wicket:panel xmlns:wicket="http://wicket.apache.org">
<thead wicket:id="topToolbars">
	<wicket:container wicket:id="toolbars"><wicket:panel xmlns:wicket="http://wicket.apache.org">
	<tr class="navigation">
		<td wicket:id="span" colspan="6">
			<x/>
			<x/></td><x/></tr><x/></wicket:panel></wicket:container><wicket:container wicket:id="toolbars"><wicket:panel xmlns:wicket="http://wicket.apache.org">
	<tr class="headers">
			<th wicket:id="header"><x/></th>
			<th wicket:id="header" class="numeric"><x/></th>
			<th wicket:id="header" class="wicket_orderUp"><wicket:border xmlns:wicket="http://wicket.apache.org"><x/></wicket:border></th>
			<th wicket:id="header" class="wicket_orderNone last-name"><wicket:border xmlns:wicket="http://wicket.apache.org"><x/></wicket:border></th>
			<th wicket:id="header"><x/></th>
			<th wicket:id="header"><x/></th><x/></tr><x/></wicket:panel></wicket:container><x/></thead>
<tbody wicket:id="body">
	<tr wicket:id="rows" class="even">
		<td wicket:id="cells">
			<x/></td><td wicket:id="cells" class="numeric">
			<x/></td><td wicket:id="cells">
			<x/></td><td wicket:id="cells" class="last-name">
			<x/></td><td wicket:id="cells">
			<x/></td><td wicket:id="cells">
			<x/></td><x/></tr><tr wicket:id="rows" class="odd">
		<td wicket:id="cells">
			<x/></td><td wicket:id="cells" class="numeric">
			<x/></td><td wicket:id="cells">
			<x/></td><td wicket:id="cells" class="last-name">
			<x/></td><td wicket:id="cells">
			<x/></td><td wicket:id="cells">
			<x/></td><x/></tr><tr wicket:id="rows" class="even">
		<td wicket:id="cells">
			<x/></td><td wicket:id="cells" class="numeric">
			<x/></td><td wicket:id="cells">
			<x/></td><td wicket:id="cells" class="last-name">
			<x/></td><td wicket:id="cells">
			<x/></td><td wicket:id="cells">
			<x/></td><x/></tr><tr wicket:id="rows" class="odd">
		<td wicket:id="cells">
			<x/></td><td wicket:id="cells" class="numeric">
			<x/></td><td wicket:id="cells">
			<x/></td><td wicket:id="cells" class="last-name">
			<x/></td><td wicket:id="cells">
			<x/></td><td wicket:id="cells">
			<x/></td><x/></tr><tr wicket:id="rows" class="even">
		<td wicket:id="cells">
			<x/></td><td wicket:id="cells" class="numeric">
			<x/></td><td wicket:id="cells">
			<x/></td><td wicket:id="cells" class="last-name">
			<x/></td><td wicket:id="cells">
			<x/></td><td wicket:id="cells">
			<x/></td><x/></tr><tr wicket:id="rows" class="odd">
		<td wicket:id="cells">
			<x/></td><td wicket:id="cells" class="numeric">
			<x/></td><td wicket:id="cells">
			<x/></td><td wicket:id="cells" class="last-name">
			<x/></td><td wicket:id="cells">
			<x/></td><td wicket:id="cells">
			<x/></td><x/></tr><tr wicket:id="rows" class="even">
		<td wicket:id="cells">
			<x/></td><td wicket:id="cells" class="numeric">
			<x/></td><td wicket:id="cells">
			<x/></td><td wicket:id="cells" class="last-name">
			<x/></td><td wicket:id="cells">
			<x/></td><td wicket:id="cells">
			<x/></td><x/></tr><tr wicket:id="rows" class="odd">
		<td wicket:id="cells">
			<x/></td><td wicket:id="cells" class="numeric">
			<x/></td><td wicket:id="cells">
			<x/></td><td wicket:id="cells" class="last-name">
			<x/></td><td wicket:id="cells">
			<x/></td><td wicket:id="cells">
			<x/></td><x/></tr><x/></tbody><x/></wicket:panel></table><x/></body><x/></html>

<html><body><table wicket:id="table"><wicket:panel xmlns:wicket="http://wicket.apache.org">

<thead wicket:id="topToolbars">
	<wicket:container wicket:id="toolbars"><wicket:panel xmlns:wicket="http://wicket.apache.org">
	<tr class="norecords-tr">
		<td wicket:id="td" class="norecords-td" colspan="1">
			<span wicket:id="msg" class="norecords">No Records Found</span>
		</td>
	</tr>
</wicket:panel></wicket:container>
</thead>
<tfoot wicket:id="bottomToolbars">
	<wicket:container wicket:id="toolbars"><wicket:panel xmlns:wicket="http://wicket.apache.org">
	<tr class="norecords-tr">
		<td wicket:id="td" class="norecords-td" colspan="1">
			<span wicket:id="msg" class="norecords">No Records Found</span>
		</td>
	</tr>
</wicket:panel></wicket:container>
</tfoot>
<tbody wicket:id="body">
	
</tbody>
</wicket:panel></table></body></html>
<html><body><table wicket:id="table"><wicket:panel xmlns:wicket="http://wicket.apache.org">



<tbody wicket:id="body">
	<tr wicket:id="rows">
		<td wicket:id="cells">
			<span wicket:id="cell">1</span>
		</td>
	</tr><tr wicket:id="rows">
		<td wicket:id="cells">
			<span wicket:id="cell">3</span>
		</td>
	</tr><tr wicket:id="rows">
		<td wicket:id="cells">
			<span wicket:id="cell">5</span>
		</td>
	</tr>
</tbody>
</wicket:panel></table></body></html>
Tests run: 3, Failures: 0, Errors: 0, Skipped: 0, Time elapsed: 1.368 sec
Running org.apache.wicket.extensions.markup.html.basic.DefaultLinkParserTest
Tests run: 3, Failures: 0, Errors: 0, Skipped: 0, Time elapsed: 0.013 sec
Running org.apache.wicket.extensions.wizard.WizardModelTest
Tests run: 1, Failures: 1, Errors: 0, Skipped: 0, Time elapsed: 0.005 sec <<< FAILURE!
Running org.apache.wicket.extensions.validation.validator.RfcCompliantEmailValidatorTest
Tests run: 2, Failures: 0, Errors: 0, Skipped: 0, Time elapsed: 0.004 sec
Running org.apache.wicket.extensions.ajax.markup.html.AjaxEditableTest
Tests run: 2, Failures: 0, Errors: 0, Skipped: 0, Time elapsed: 0.023 sec
Running org.apache.wicket.util.markup.xhtml.WellFormedXmlTest
Tests run: 1, Failures: 0, Errors: 0, Skipped: 0, Time elapsed: 0.056 sec
Running org.apache.wicket.util.license.ApacheLicenceHeaderTest
Tests run: 1, Failures: 0, Errors: 0, Skipped: 0, Time elapsed: 0.089 sec

Results :

Failed tests:   testResetInitsSteps(org.apache.wicket.extensions.wizard.WizardModelTest): expected:<org.apache.wicket.extensions.wizard.WizardModel@6c747b55> but was:<null>

Tests run: 17, Failures: 1, Errors: 0, Skipped: 0

[INFO] ------------------------------------------------------------------------
[INFO] BUILD FAILURE
[INFO] ------------------------------------------------------------------------
[INFO] Total time: 7.767 s
[INFO] Finished at: 2016-07-31T04:29:11-07:00
[INFO] Final Memory: 17M/606M
[INFO] ------------------------------------------------------------------------
[ERROR] Failed to execute goal org.apache.maven.plugins:maven-surefire-plugin:2.9:test (default-test) on project wicket-extensions: There are test failures.
[ERROR] 
[ERROR] Please refer to /home/ylyu/dataset/wicket3/dataset/wicket/WICKET-4121_8967eb2b43465b20b6dcb70f93743804a12a542d/wicket-extensions/target/surefire-reports for the individual test results.
[ERROR] -> [Help 1]
[ERROR] 
[ERROR] To see the full stack trace of the errors, re-run Maven with the -e switch.
[ERROR] Re-run Maven using the -X switch to enable full debug logging.
[ERROR] 
[ERROR] For more information about the errors and possible solutions, please read the following articles:
[ERROR] [Help 1] http://cwiki.apache.org/confluence/display/MAVEN/MojoFailureException
