[INFO] Scanning for projects...
[INFO]                                                                         
[INFO] ------------------------------------------------------------------------
[INFO] Building Oak Solr core 0.7-SNAPSHOT
[INFO] ------------------------------------------------------------------------
[INFO] 
[INFO] --- maven-remote-resources-plugin:1.2.1:process (default) @ oak-solr-core ---
[INFO] 
[INFO] --- maven-resources-plugin:2.5:resources (default-resources) @ oak-solr-core ---
[debug] execute contextualize
[INFO] Using 'UTF-8' encoding to copy filtered resources.
[INFO] skip non existing resourceDirectory /home/ylyu/parallel/oak/oak9/dataset/oak/OAK-740_35a7f014668fec3b1752acd8a4f23e7bba7b2ac4/oak-solr-core/src/main/resources
[INFO] Copying 3 resources
[INFO] 
[INFO] --- maven-compiler-plugin:2.3.2:compile (default-compile) @ oak-solr-core ---
[INFO] Nothing to compile - all classes are up to date
[INFO] 
[INFO] --- maven-scr-plugin:1.9.0:scr (generate-scr-scrdescriptor) @ oak-solr-core ---
[INFO] Writing 1 Service Component Descriptors to /home/ylyu/parallel/oak/oak9/dataset/oak/OAK-740_35a7f014668fec3b1752acd8a4f23e7bba7b2ac4/oak-solr-core/target/scr-plugin-generated/OSGI-INF/org.apache.jackrabbit.oak.plugins.index.solr.query.SolrQueryIndexProvider.xml
[INFO] Writing 1 Service Component Descriptors to /home/ylyu/parallel/oak/oak9/dataset/oak/OAK-740_35a7f014668fec3b1752acd8a4f23e7bba7b2ac4/oak-solr-core/target/scr-plugin-generated/OSGI-INF/org.apache.jackrabbit.oak.plugins.index.solr.index.SolrIndexHookProvider.xml
[INFO] 
[INFO] --- maven-resources-plugin:2.5:testResources (default-testResources) @ oak-solr-core ---
[debug] execute contextualize
[INFO] Using 'UTF-8' encoding to copy filtered resources.
[INFO] Copying 8 resources
[INFO] Copying 3 resources
[INFO] 
[INFO] --- maven-compiler-plugin:2.3.2:testCompile (default-testCompile) @ oak-solr-core ---
[INFO] Nothing to compile - all classes are up to date
[INFO] 
[INFO] --- maven-surefire-plugin:2.9:test (default-test) @ oak-solr-core ---
[INFO] Surefire report directory: /home/ylyu/parallel/oak/oak9/dataset/oak/OAK-740_35a7f014668fec3b1752acd8a4f23e7bba7b2ac4/oak-solr-core/target/surefire-reports

-------------------------------------------------------
 T E S T S
-------------------------------------------------------
Running org.apache.jackrabbit.oak.plugins.index.solr.query.SolrIndexQueryTest
Tests run: 8, Failures: 0, Errors: 1, Skipped: 1, Time elapsed: 7.949 sec <<< FAILURE!
Running org.apache.jackrabbit.oak.plugins.index.solr.index.SolrCommitHookTest
Tests run: 5, Failures: 0, Errors: 0, Skipped: 0, Time elapsed: 0.695 sec

Results :

Tests in error: 
  sql2(org.apache.jackrabbit.oak.plugins.index.solr.query.SolrIndexQueryTest): org.apache.lucene.queryparser.classic.ParseException: Cannot parse 'path_exact:/test*': Lexical error at line 1, column 18.  Encountered: <EOF> after : "/test*"

Tests run: 13, Failures: 0, Errors: 1, Skipped: 1

[INFO] ------------------------------------------------------------------------
[INFO] BUILD FAILURE
[INFO] ------------------------------------------------------------------------
[INFO] Total time: 11.519 s
[INFO] Finished at: 2016-07-29T16:10:27-07:00
[INFO] Final Memory: 20M/964M
[INFO] ------------------------------------------------------------------------
[ERROR] Failed to execute goal org.apache.maven.plugins:maven-surefire-plugin:2.9:test (default-test) on project oak-solr-core: There are test failures.
[ERROR] 
[ERROR] Please refer to /home/ylyu/parallel/oak/oak9/dataset/oak/OAK-740_35a7f014668fec3b1752acd8a4f23e7bba7b2ac4/oak-solr-core/target/surefire-reports for the individual test results.
[ERROR] -> [Help 1]
[ERROR] 
[ERROR] To see the full stack trace of the errors, re-run Maven with the -e switch.
[ERROR] Re-run Maven using the -X switch to enable full debug logging.
[ERROR] 
[ERROR] For more information about the errors and possible solutions, please read the following articles:
[ERROR] [Help 1] http://cwiki.apache.org/confluence/display/MAVEN/MojoFailureException
