[INFO] Scanning for projects...
[INFO]                                                                         
[INFO] ------------------------------------------------------------------------
[INFO] Building flink-clients 1.0-SNAPSHOT
[INFO] ------------------------------------------------------------------------
[INFO] 
[INFO] --- maven-checkstyle-plugin:2.16:check (validate) @ flink-clients ---
[INFO] 
[INFO] --- maven-enforcer-plugin:1.3.1:enforce (enforce-maven) @ flink-clients ---
[INFO] 
[INFO] --- maven-remote-resources-plugin:1.5:process (default) @ flink-clients ---
[INFO] 
[INFO] --- maven-resources-plugin:2.6:resources (default-resources) @ flink-clients ---
[INFO] Using 'UTF-8' encoding to copy filtered resources.
[INFO] Copying 19 resources
[INFO] Copying 3 resources
[INFO] 
[INFO] --- maven-compiler-plugin:3.1:compile (default-compile) @ flink-clients ---
[INFO] Nothing to compile - all classes are up to date
[INFO] 
[INFO] --- maven-resources-plugin:2.6:testResources (default-testResources) @ flink-clients ---
[INFO] Using 'UTF-8' encoding to copy filtered resources.
[INFO] Copying 8 resources
[INFO] Copying 3 resources
[INFO] 
[INFO] --- maven-compiler-plugin:3.1:testCompile (default-testCompile) @ flink-clients ---
[INFO] Changes detected - recompiling the module!
[INFO] Compiling 16 source files to /space/parallel/flink/flink9/dataset/flink/FLINK-3189_a5b05566ebeb1504da6579b21f424fbb45a56148/flink-clients/target/test-classes
[WARNING] /space/parallel/flink/flink9/dataset/flink/FLINK-3189_a5b05566ebeb1504da6579b21f424fbb45a56148/flink-clients/src/test/java/org/apache/flink/client/program/ExecutionPlanAfterExecutionTest.java:[88,48] unchecked call to Tuple2(T0,T1) as a member of the raw type org.apache.flink.api.java.tuple.Tuple2
[WARNING] /space/parallel/flink/flink9/dataset/flink/FLINK-3189_a5b05566ebeb1504da6579b21f424fbb45a56148/flink-clients/src/test/java/org/apache/flink/client/program/ExecutionPlanAfterExecutionTest.java:[88,48] unchecked conversion
  required: org.apache.flink.api.java.tuple.Tuple2<java.lang.Integer,java.lang.Integer>
  found:    org.apache.flink.api.java.tuple.Tuple2
[INFO] 
[INFO] --- maven-assembly-plugin:2.4:single (create-test-dependency) @ flink-clients ---
[INFO] Reading assembly descriptor: src/test/assembly/test-assembly.xml
[INFO] Building jar: /space/parallel/flink/flink9/dataset/flink/FLINK-3189_a5b05566ebeb1504da6579b21f424fbb45a56148/flink-clients/target/maven-test-jar.jar
[INFO] 
[INFO] --- maven-clean-plugin:2.5:clean (remove-externaltestclasses) @ flink-clients ---
[INFO] Deleting /space/parallel/flink/flink9/dataset/flink/FLINK-3189_a5b05566ebeb1504da6579b21f424fbb45a56148/flink-clients/target/test-classes (includes = [**/testjar/*.class], excludes = [])
[INFO] 
[INFO] --- maven-surefire-plugin:2.18.1:test (default-test) @ flink-clients ---
[INFO] Surefire report directory: /space/parallel/flink/flink9/dataset/flink/FLINK-3189_a5b05566ebeb1504da6579b21f424fbb45a56148/flink-clients/target/surefire-reports

-------------------------------------------------------
 T E S T S
-------------------------------------------------------
Running org.apache.flink.client.CliFrontendSavepointTest
Running org.apache.flink.client.CliFrontendPackageProgramTest
Tests run: 7, Failures: 0, Errors: 0, Skipped: 0, Time elapsed: 1.024 sec - in org.apache.flink.client.CliFrontendSavepointTest
Running org.apache.flink.client.CliFrontendAddressConfigurationTest
Tests run: 9, Failures: 0, Errors: 0, Skipped: 0, Time elapsed: 0.789 sec - in org.apache.flink.client.CliFrontendPackageProgramTest
Running org.apache.flink.client.program.ClientTest
Tests run: 7, Failures: 0, Errors: 0, Skipped: 0, Time elapsed: 0.149 sec - in org.apache.flink.client.CliFrontendAddressConfigurationTest
Running org.apache.flink.client.CliFrontendInfoTest
Tests run: 3, Failures: 1, Errors: 0, Skipped: 0, Time elapsed: 0.314 sec <<< FAILURE! - in org.apache.flink.client.CliFrontendInfoTest
testShowExecutionPlan(org.apache.flink.client.CliFrontendInfoTest)  Time elapsed: 0.001 sec  <<< FAILURE!
java.lang.AssertionError: null
	at org.junit.Assert.fail(Assert.java:86)
	at org.junit.Assert.assertTrue(Assert.java:41)
	at org.junit.Assert.assertTrue(Assert.java:52)
	at org.apache.flink.client.CliFrontendInfoTest.testShowExecutionPlan(CliFrontendInfoTest.java:67)

Running org.apache.flink.client.program.ClientConnectionTest
Tests run: 2, Failures: 0, Errors: 0, Skipped: 0, Time elapsed: 1.075 sec - in org.apache.flink.client.program.ClientConnectionTest
Running org.apache.flink.client.program.ExecutionPlanCreationTest
Tests run: 1, Failures: 0, Errors: 0, Skipped: 0, Time elapsed: 0.083 sec - in org.apache.flink.client.program.ExecutionPlanCreationTest
Running org.apache.flink.client.program.ExecutionPlanAfterExecutionTest
Tests run: 5, Failures: 0, Errors: 0, Skipped: 0, Time elapsed: 3.906 sec - in org.apache.flink.client.program.ClientTest
Running org.apache.flink.client.CliFrontendRunTest
Tests run: 3, Failures: 0, Errors: 0, Skipped: 0, Time elapsed: 2.316 sec - in org.apache.flink.client.program.ExecutionPlanAfterExecutionTest
Running org.apache.flink.client.program.PackagedProgramTest
Tests run: 1, Failures: 0, Errors: 0, Skipped: 0, Time elapsed: 0.007 sec - in org.apache.flink.client.program.PackagedProgramTest
Running org.apache.flink.client.program.LeaderRetrievalServiceHostnameResolutionTest
Tests run: 2, Failures: 0, Errors: 0, Skipped: 0, Time elapsed: 0.008 sec - in org.apache.flink.client.program.LeaderRetrievalServiceHostnameResolutionTest
Tests run: 1, Failures: 0, Errors: 0, Skipped: 0, Time elapsed: 0.042 sec - in org.apache.flink.client.CliFrontendRunTest
Running org.apache.flink.client.CliFrontendListCancelTest
Tests run: 2, Failures: 0, Errors: 0, Skipped: 0, Time elapsed: 0.137 sec - in org.apache.flink.client.CliFrontendListCancelTest
Running org.apache.flink.client.RemoteExecutorHostnameResolutionTest
Tests run: 2, Failures: 0, Errors: 0, Skipped: 0, Time elapsed: 0.283 sec - in org.apache.flink.client.RemoteExecutorHostnameResolutionTest

Results :

Failed tests: 
  CliFrontendInfoTest.testShowExecutionPlan:67 null

Tests run: 45, Failures: 1, Errors: 0, Skipped: 0

[INFO] ------------------------------------------------------------------------
[INFO] BUILD FAILURE
[INFO] ------------------------------------------------------------------------
[INFO] Total time: 14.444 s
[INFO] Finished at: 2016-07-14T16:00:19-07:00
[INFO] Final Memory: 53M/2476M
[INFO] ------------------------------------------------------------------------
[ERROR] Failed to execute goal org.apache.maven.plugins:maven-surefire-plugin:2.18.1:test (default-test) on project flink-clients: There are test failures.
[ERROR] 
[ERROR] Please refer to /space/parallel/flink/flink9/dataset/flink/FLINK-3189_a5b05566ebeb1504da6579b21f424fbb45a56148/flink-clients/target/surefire-reports for the individual test results.
[ERROR] -> [Help 1]
[ERROR] 
[ERROR] To see the full stack trace of the errors, re-run Maven with the -e switch.
[ERROR] Re-run Maven using the -X switch to enable full debug logging.
[ERROR] 
[ERROR] For more information about the errors and possible solutions, please read the following articles:
[ERROR] [Help 1] http://cwiki.apache.org/confluence/display/MAVEN/MojoFailureException
