[INFO] Scanning for projects...
[INFO]                                                                         
[INFO] ------------------------------------------------------------------------
[INFO] Building flink-java 1.0-SNAPSHOT
[INFO] ------------------------------------------------------------------------
[INFO] 
[INFO] --- maven-checkstyle-plugin:2.16:check (validate) @ flink-java ---
[INFO] 
[INFO] --- maven-enforcer-plugin:1.3.1:enforce (enforce-maven) @ flink-java ---
[INFO] 
[INFO] --- maven-remote-resources-plugin:1.5:process (default) @ flink-java ---
[INFO] 
[INFO] --- maven-resources-plugin:2.6:resources (default-resources) @ flink-java ---
[INFO] Using 'UTF-8' encoding to copy filtered resources.
[INFO] skip non existing resourceDirectory /space/parallel/flink/flink9/dataset/flink/FLINK-2800_b654e989b60c6607f5f5bf757130c86bd0facd8c/flink-java/src/main/resources
[INFO] Copying 3 resources
[INFO] 
[INFO] --- maven-compiler-plugin:3.1:compile (default-compile) @ flink-java ---
[INFO] Changes detected - recompiling the module!
[INFO] Compiling 271 source files to /space/parallel/flink/flink9/dataset/flink/FLINK-2800_b654e989b60c6607f5f5bf757130c86bd0facd8c/flink-java/target/classes
[WARNING] /space/parallel/flink/flink9/dataset/flink/FLINK-2800_b654e989b60c6607f5f5bf757130c86bd0facd8c/flink-java/src/main/java/org/apache/flink/api/java/record/operators/ReduceOperator.java:[371,77] org.apache.flink.api.java.record.functions.ReduceFunction in org.apache.flink.api.java.record.functions has been deprecated
[WARNING] /space/parallel/flink/flink9/dataset/flink/FLINK-2800_b654e989b60c6607f5f5bf757130c86bd0facd8c/flink-java/src/main/java/org/apache/flink/api/java/record/operators/MapPartitionOperator.java:[51,84] org.apache.flink.api.java.record.functions.MapPartitionFunction in org.apache.flink.api.java.record.functions has been deprecated
[WARNING] /space/parallel/flink/flink9/dataset/flink/FLINK-2800_b654e989b60c6607f5f5bf757130c86bd0facd8c/flink-java/src/main/java/org/apache/flink/api/java/record/io/CsvInputFormat.java:[28,50] org.apache.flink.api.java.record.operators.FileDataSource in org.apache.flink.api.java.record.operators has been deprecated
[WARNING] /space/parallel/flink/flink9/dataset/flink/FLINK-2800_b654e989b60c6607f5f5bf757130c86bd0facd8c/flink-java/src/main/java/org/apache/flink/api/java/record/operators/CoGroupOperator.java:[367,78] org.apache.flink.api.java.record.functions.CoGroupFunction in org.apache.flink.api.java.record.functions has been deprecated
[WARNING] /space/parallel/flink/flink9/dataset/flink/FLINK-2800_b654e989b60c6607f5f5bf757130c86bd0facd8c/flink-java/src/main/java/org/apache/flink/api/java/record/operators/CrossWithLargeOperator.java:[26,50] org.apache.flink.api.java.record.functions.CrossFunction in org.apache.flink.api.java.record.functions has been deprecated
[WARNING] /space/parallel/flink/flink9/dataset/flink/FLINK-2800_b654e989b60c6607f5f5bf757130c86bd0facd8c/flink-java/src/main/java/org/apache/flink/api/java/record/operators/CrossOperator.java:[33,50] org.apache.flink.api.java.record.functions.CrossFunction in org.apache.flink.api.java.record.functions has been deprecated
[WARNING] /space/parallel/flink/flink9/dataset/flink/FLINK-2800_b654e989b60c6607f5f5bf757130c86bd0facd8c/flink-java/src/main/java/org/apache/flink/api/java/record/operators/CrossOperator.java:[52,78] org.apache.flink.api.java.record.functions.CrossFunction in org.apache.flink.api.java.record.functions has been deprecated
[WARNING] /space/parallel/flink/flink9/dataset/flink/FLINK-2800_b654e989b60c6607f5f5bf757130c86bd0facd8c/flink-java/src/main/java/org/apache/flink/api/java/record/operators/CrossWithLargeOperator.java:[42,45] org.apache.flink.api.java.record.operators.CrossOperator in org.apache.flink.api.java.record.operators has been deprecated
[WARNING] /space/parallel/flink/flink9/dataset/flink/FLINK-2800_b654e989b60c6607f5f5bf757130c86bd0facd8c/flink-java/src/main/java/org/apache/flink/api/java/record/io/CsvOutputFormat.java:[28,50] org.apache.flink.api.java.record.operators.FileDataSink in org.apache.flink.api.java.record.operators has been deprecated
[WARNING] /space/parallel/flink/flink9/dataset/flink/FLINK-2800_b654e989b60c6607f5f5bf757130c86bd0facd8c/flink-java/src/main/java/org/apache/flink/api/java/record/functions/MapFunction.java:[22,45] org.apache.flink.api.common.functions.GenericCollectorMap in org.apache.flink.api.common.functions has been deprecated
[WARNING] /space/parallel/flink/flink9/dataset/flink/FLINK-2800_b654e989b60c6607f5f5bf757130c86bd0facd8c/flink-java/src/main/java/org/apache/flink/api/java/record/functions/MapFunction.java:[36,75] org.apache.flink.api.common.functions.GenericCollectorMap in org.apache.flink.api.common.functions has been deprecated
[WARNING] /space/parallel/flink/flink9/dataset/flink/FLINK-2800_b654e989b60c6607f5f5bf757130c86bd0facd8c/flink-java/src/main/java/org/apache/flink/api/java/record/operators/JoinOperator.java:[34,50] org.apache.flink.api.java.record.functions.JoinFunction in org.apache.flink.api.java.record.functions has been deprecated
[WARNING] /space/parallel/flink/flink9/dataset/flink/FLINK-2800_b654e989b60c6607f5f5bf757130c86bd0facd8c/flink-java/src/main/java/org/apache/flink/api/java/record/operators/JoinOperator.java:[53,81] org.apache.flink.api.java.record.functions.JoinFunction in org.apache.flink.api.java.record.functions has been deprecated
[WARNING] /space/parallel/flink/flink9/dataset/flink/FLINK-2800_b654e989b60c6607f5f5bf757130c86bd0facd8c/flink-java/src/main/java/org/apache/flink/api/java/record/operators/MapOperator.java:[29,50] org.apache.flink.api.common.operators.base.CollectorMapOperatorBase in org.apache.flink.api.common.operators.base has been deprecated
[WARNING] /space/parallel/flink/flink9/dataset/flink/FLINK-2800_b654e989b60c6607f5f5bf757130c86bd0facd8c/flink-java/src/main/java/org/apache/flink/api/java/record/operators/MapOperator.java:[34,50] org.apache.flink.api.java.record.functions.MapFunction in org.apache.flink.api.java.record.functions has been deprecated
[WARNING] /space/parallel/flink/flink9/dataset/flink/FLINK-2800_b654e989b60c6607f5f5bf757130c86bd0facd8c/flink-java/src/main/java/org/apache/flink/api/java/record/operators/MapOperator.java:[53,34] org.apache.flink.api.common.operators.base.CollectorMapOperatorBase in org.apache.flink.api.common.operators.base has been deprecated
[WARNING] /space/parallel/flink/flink9/dataset/flink/FLINK-2800_b654e989b60c6607f5f5bf757130c86bd0facd8c/flink-java/src/main/java/org/apache/flink/api/java/record/operators/MapOperator.java:[53,75] org.apache.flink.api.java.record.functions.MapFunction in org.apache.flink.api.java.record.functions has been deprecated
[WARNING] /space/parallel/flink/flink9/dataset/flink/FLINK-2800_b654e989b60c6607f5f5bf757130c86bd0facd8c/flink-java/src/main/java/org/apache/flink/api/java/record/operators/CrossWithSmallOperator.java:[26,50] org.apache.flink.api.java.record.functions.CrossFunction in org.apache.flink.api.java.record.functions has been deprecated
[WARNING] /space/parallel/flink/flink9/dataset/flink/FLINK-2800_b654e989b60c6607f5f5bf757130c86bd0facd8c/flink-java/src/main/java/org/apache/flink/api/java/record/operators/CrossWithSmallOperator.java:[42,45] org.apache.flink.api.java.record.operators.CrossOperator in org.apache.flink.api.java.record.operators has been deprecated
[WARNING] /space/parallel/flink/flink9/dataset/flink/FLINK-2800_b654e989b60c6607f5f5bf757130c86bd0facd8c/flink-java/src/main/java/org/apache/flink/api/java/operators/Keys.java:[251,98] unchecked call to getFlatFields(java.lang.String,int,java.util.List<org.apache.flink.api.common.typeutils.CompositeType.FlatFieldDescriptor>) as a member of the raw type org.apache.flink.api.common.typeutils.CompositeType
[WARNING] /space/parallel/flink/flink9/dataset/flink/FLINK-2800_b654e989b60c6607f5f5bf757130c86bd0facd8c/flink-java/src/main/java/org/apache/flink/api/java/tuple/Tuple.java:[105,56] unchecked cast
  required: java.lang.Class<? extends org.apache.flink.api.java.tuple.Tuple>
  found:    java.lang.Class<?>
[WARNING] /space/parallel/flink/flink9/dataset/flink/FLINK-2800_b654e989b60c6607f5f5bf757130c86bd0facd8c/flink-java/src/main/java/org/apache/flink/api/java/tuple/Tuple2.java:[161,30] copy() in org.apache.flink.api.java.tuple.Tuple2 overrides <T>copy() in org.apache.flink.api.java.tuple.Tuple
  return type requires unchecked conversion from org.apache.flink.api.java.tuple.Tuple2<T0,T1> to T
[WARNING] /space/parallel/flink/flink9/dataset/flink/FLINK-2800_b654e989b60c6607f5f5bf757130c86bd0facd8c/flink-java/src/main/java/org/apache/flink/api/java/operators/translation/PlanUnwrappingSortedReduceGroupOperator.java:[75,77] unchecked call to combine(java.lang.Iterable<IN>,org.apache.flink.util.Collector<OUT>) as a member of the raw type org.apache.flink.api.common.functions.GroupCombineFunction
[WARNING] /space/parallel/flink/flink9/dataset/flink/FLINK-2800_b654e989b60c6607f5f5bf757130c86bd0facd8c/flink-java/src/main/java/org/apache/flink/api/java/tuple/Tuple3.java:[167,33] copy() in org.apache.flink.api.java.tuple.Tuple3 overrides <T>copy() in org.apache.flink.api.java.tuple.Tuple
  return type requires unchecked conversion from org.apache.flink.api.java.tuple.Tuple3<T0,T1,T2> to T
[WARNING] /space/parallel/flink/flink9/dataset/flink/FLINK-2800_b654e989b60c6607f5f5bf757130c86bd0facd8c/flink-java/src/main/java/org/apache/flink/api/java/tuple/Tuple1.java:[139,27] copy() in org.apache.flink.api.java.tuple.Tuple1 overrides <T>copy() in org.apache.flink.api.java.tuple.Tuple
  return type requires unchecked conversion from org.apache.flink.api.java.tuple.Tuple1<T0> to T
[WARNING] /space/parallel/flink/flink9/dataset/flink/FLINK-2800_b654e989b60c6607f5f5bf757130c86bd0facd8c/flink-java/src/main/java/org/apache/flink/api/java/tuple/Tuple4.java:[181,36] copy() in org.apache.flink.api.java.tuple.Tuple4 overrides <T>copy() in org.apache.flink.api.java.tuple.Tuple
  return type requires unchecked conversion from org.apache.flink.api.java.tuple.Tuple4<T0,T1,T2,T3> to T
[WARNING] /space/parallel/flink/flink9/dataset/flink/FLINK-2800_b654e989b60c6607f5f5bf757130c86bd0facd8c/flink-java/src/main/java/org/apache/flink/api/java/tuple/Tuple5.java:[195,39] copy() in org.apache.flink.api.java.tuple.Tuple5 overrides <T>copy() in org.apache.flink.api.java.tuple.Tuple
  return type requires unchecked conversion from org.apache.flink.api.java.tuple.Tuple5<T0,T1,T2,T3,T4> to T
[WARNING] /space/parallel/flink/flink9/dataset/flink/FLINK-2800_b654e989b60c6607f5f5bf757130c86bd0facd8c/flink-java/src/main/java/org/apache/flink/api/java/tuple/Tuple6.java:[209,42] copy() in org.apache.flink.api.java.tuple.Tuple6 overrides <T>copy() in org.apache.flink.api.java.tuple.Tuple
  return type requires unchecked conversion from org.apache.flink.api.java.tuple.Tuple6<T0,T1,T2,T3,T4,T5> to T
[WARNING] /space/parallel/flink/flink9/dataset/flink/FLINK-2800_b654e989b60c6607f5f5bf757130c86bd0facd8c/flink-java/src/main/java/org/apache/flink/api/java/tuple/Tuple7.java:[223,45] copy() in org.apache.flink.api.java.tuple.Tuple7 overrides <T>copy() in org.apache.flink.api.java.tuple.Tuple
  return type requires unchecked conversion from org.apache.flink.api.java.tuple.Tuple7<T0,T1,T2,T3,T4,T5,T6> to T
[WARNING] /space/parallel/flink/flink9/dataset/flink/FLINK-2800_b654e989b60c6607f5f5bf757130c86bd0facd8c/flink-java/src/main/java/org/apache/flink/api/java/tuple/Tuple8.java:[237,48] copy() in org.apache.flink.api.java.tuple.Tuple8 overrides <T>copy() in org.apache.flink.api.java.tuple.Tuple
  return type requires unchecked conversion from org.apache.flink.api.java.tuple.Tuple8<T0,T1,T2,T3,T4,T5,T6,T7> to T
[WARNING] /space/parallel/flink/flink9/dataset/flink/FLINK-2800_b654e989b60c6607f5f5bf757130c86bd0facd8c/flink-java/src/main/java/org/apache/flink/api/java/tuple/Tuple9.java:[251,51] copy() in org.apache.flink.api.java.tuple.Tuple9 overrides <T>copy() in org.apache.flink.api.java.tuple.Tuple
  return type requires unchecked conversion from org.apache.flink.api.java.tuple.Tuple9<T0,T1,T2,T3,T4,T5,T6,T7,T8> to T
[WARNING] /space/parallel/flink/flink9/dataset/flink/FLINK-2800_b654e989b60c6607f5f5bf757130c86bd0facd8c/flink-java/src/main/java/org/apache/flink/api/java/tuple/Tuple10.java:[265,55] copy() in org.apache.flink.api.java.tuple.Tuple10 overrides <T>copy() in org.apache.flink.api.java.tuple.Tuple
  return type requires unchecked conversion from org.apache.flink.api.java.tuple.Tuple10<T0,T1,T2,T3,T4,T5,T6,T7,T8,T9> to T
[WARNING] /space/parallel/flink/flink9/dataset/flink/FLINK-2800_b654e989b60c6607f5f5bf757130c86bd0facd8c/flink-java/src/main/java/org/apache/flink/api/java/tuple/Tuple11.java:[279,59] copy() in org.apache.flink.api.java.tuple.Tuple11 overrides <T>copy() in org.apache.flink.api.java.tuple.Tuple
  return type requires unchecked conversion from org.apache.flink.api.java.tuple.Tuple11<T0,T1,T2,T3,T4,T5,T6,T7,T8,T9,T10> to T
[WARNING] /space/parallel/flink/flink9/dataset/flink/FLINK-2800_b654e989b60c6607f5f5bf757130c86bd0facd8c/flink-java/src/main/java/org/apache/flink/api/java/tuple/Tuple12.java:[293,63] copy() in org.apache.flink.api.java.tuple.Tuple12 overrides <T>copy() in org.apache.flink.api.java.tuple.Tuple
  return type requires unchecked conversion from org.apache.flink.api.java.tuple.Tuple12<T0,T1,T2,T3,T4,T5,T6,T7,T8,T9,T10,T11> to T
[WARNING] /space/parallel/flink/flink9/dataset/flink/FLINK-2800_b654e989b60c6607f5f5bf757130c86bd0facd8c/flink-java/src/main/java/org/apache/flink/api/java/tuple/Tuple13.java:[307,67] copy() in org.apache.flink.api.java.tuple.Tuple13 overrides <T>copy() in org.apache.flink.api.java.tuple.Tuple
  return type requires unchecked conversion from org.apache.flink.api.java.tuple.Tuple13<T0,T1,T2,T3,T4,T5,T6,T7,T8,T9,T10,T11,T12> to T
[WARNING] /space/parallel/flink/flink9/dataset/flink/FLINK-2800_b654e989b60c6607f5f5bf757130c86bd0facd8c/flink-java/src/main/java/org/apache/flink/api/java/tuple/Tuple14.java:[321,71] copy() in org.apache.flink.api.java.tuple.Tuple14 overrides <T>copy() in org.apache.flink.api.java.tuple.Tuple
  return type requires unchecked conversion from org.apache.flink.api.java.tuple.Tuple14<T0,T1,T2,T3,T4,T5,T6,T7,T8,T9,T10,T11,T12,T13> to T
[WARNING] /space/parallel/flink/flink9/dataset/flink/FLINK-2800_b654e989b60c6607f5f5bf757130c86bd0facd8c/flink-java/src/main/java/org/apache/flink/api/java/tuple/Tuple15.java:[335,75] copy() in org.apache.flink.api.java.tuple.Tuple15 overrides <T>copy() in org.apache.flink.api.java.tuple.Tuple
  return type requires unchecked conversion from org.apache.flink.api.java.tuple.Tuple15<T0,T1,T2,T3,T4,T5,T6,T7,T8,T9,T10,T11,T12,T13,T14> to T
[WARNING] /space/parallel/flink/flink9/dataset/flink/FLINK-2800_b654e989b60c6607f5f5bf757130c86bd0facd8c/flink-java/src/main/java/org/apache/flink/api/java/tuple/Tuple16.java:[349,79] copy() in org.apache.flink.api.java.tuple.Tuple16 overrides <T>copy() in org.apache.flink.api.java.tuple.Tuple
  return type requires unchecked conversion from org.apache.flink.api.java.tuple.Tuple16<T0,T1,T2,T3,T4,T5,T6,T7,T8,T9,T10,T11,T12,T13,T14,T15> to T
[WARNING] /space/parallel/flink/flink9/dataset/flink/FLINK-2800_b654e989b60c6607f5f5bf757130c86bd0facd8c/flink-java/src/main/java/org/apache/flink/api/java/tuple/Tuple17.java:[363,83] copy() in org.apache.flink.api.java.tuple.Tuple17 overrides <T>copy() in org.apache.flink.api.java.tuple.Tuple
  return type requires unchecked conversion from org.apache.flink.api.java.tuple.Tuple17<T0,T1,T2,T3,T4,T5,T6,T7,T8,T9,T10,T11,T12,T13,T14,T15,T16> to T
[WARNING] /space/parallel/flink/flink9/dataset/flink/FLINK-2800_b654e989b60c6607f5f5bf757130c86bd0facd8c/flink-java/src/main/java/org/apache/flink/api/java/tuple/Tuple18.java:[377,87] copy() in org.apache.flink.api.java.tuple.Tuple18 overrides <T>copy() in org.apache.flink.api.java.tuple.Tuple
  return type requires unchecked conversion from org.apache.flink.api.java.tuple.Tuple18<T0,T1,T2,T3,T4,T5,T6,T7,T8,T9,T10,T11,T12,T13,T14,T15,T16,T17> to T
[WARNING] /space/parallel/flink/flink9/dataset/flink/FLINK-2800_b654e989b60c6607f5f5bf757130c86bd0facd8c/flink-java/src/main/java/org/apache/flink/api/java/tuple/Tuple19.java:[391,91] copy() in org.apache.flink.api.java.tuple.Tuple19 overrides <T>copy() in org.apache.flink.api.java.tuple.Tuple
  return type requires unchecked conversion from org.apache.flink.api.java.tuple.Tuple19<T0,T1,T2,T3,T4,T5,T6,T7,T8,T9,T10,T11,T12,T13,T14,T15,T16,T17,T18> to T
[WARNING] /space/parallel/flink/flink9/dataset/flink/FLINK-2800_b654e989b60c6607f5f5bf757130c86bd0facd8c/flink-java/src/main/java/org/apache/flink/api/java/tuple/Tuple20.java:[405,95] copy() in org.apache.flink.api.java.tuple.Tuple20 overrides <T>copy() in org.apache.flink.api.java.tuple.Tuple
  return type requires unchecked conversion from org.apache.flink.api.java.tuple.Tuple20<T0,T1,T2,T3,T4,T5,T6,T7,T8,T9,T10,T11,T12,T13,T14,T15,T16,T17,T18,T19> to T
[WARNING] /space/parallel/flink/flink9/dataset/flink/FLINK-2800_b654e989b60c6607f5f5bf757130c86bd0facd8c/flink-java/src/main/java/org/apache/flink/api/java/tuple/Tuple21.java:[419,99] copy() in org.apache.flink.api.java.tuple.Tuple21 overrides <T>copy() in org.apache.flink.api.java.tuple.Tuple
  return type requires unchecked conversion from org.apache.flink.api.java.tuple.Tuple21<T0,T1,T2,T3,T4,T5,T6,T7,T8,T9,T10,T11,T12,T13,T14,T15,T16,T17,T18,T19,T20> to T
[WARNING] /space/parallel/flink/flink9/dataset/flink/FLINK-2800_b654e989b60c6607f5f5bf757130c86bd0facd8c/flink-java/src/main/java/org/apache/flink/api/java/tuple/Tuple22.java:[433,103] copy() in org.apache.flink.api.java.tuple.Tuple22 overrides <T>copy() in org.apache.flink.api.java.tuple.Tuple
  return type requires unchecked conversion from org.apache.flink.api.java.tuple.Tuple22<T0,T1,T2,T3,T4,T5,T6,T7,T8,T9,T10,T11,T12,T13,T14,T15,T16,T17,T18,T19,T20,T21> to T
[WARNING] /space/parallel/flink/flink9/dataset/flink/FLINK-2800_b654e989b60c6607f5f5bf757130c86bd0facd8c/flink-java/src/main/java/org/apache/flink/api/java/tuple/Tuple23.java:[447,107] copy() in org.apache.flink.api.java.tuple.Tuple23 overrides <T>copy() in org.apache.flink.api.java.tuple.Tuple
  return type requires unchecked conversion from org.apache.flink.api.java.tuple.Tuple23<T0,T1,T2,T3,T4,T5,T6,T7,T8,T9,T10,T11,T12,T13,T14,T15,T16,T17,T18,T19,T20,T21,T22> to T
[WARNING] /space/parallel/flink/flink9/dataset/flink/FLINK-2800_b654e989b60c6607f5f5bf757130c86bd0facd8c/flink-java/src/main/java/org/apache/flink/api/java/tuple/Tuple24.java:[461,111] copy() in org.apache.flink.api.java.tuple.Tuple24 overrides <T>copy() in org.apache.flink.api.java.tuple.Tuple
  return type requires unchecked conversion from org.apache.flink.api.java.tuple.Tuple24<T0,T1,T2,T3,T4,T5,T6,T7,T8,T9,T10,T11,T12,T13,T14,T15,T16,T17,T18,T19,T20,T21,T22,T23> to T
[WARNING] /space/parallel/flink/flink9/dataset/flink/FLINK-2800_b654e989b60c6607f5f5bf757130c86bd0facd8c/flink-java/src/main/java/org/apache/flink/api/java/tuple/Tuple25.java:[475,115] copy() in org.apache.flink.api.java.tuple.Tuple25 overrides <T>copy() in org.apache.flink.api.java.tuple.Tuple
  return type requires unchecked conversion from org.apache.flink.api.java.tuple.Tuple25<T0,T1,T2,T3,T4,T5,T6,T7,T8,T9,T10,T11,T12,T13,T14,T15,T16,T17,T18,T19,T20,T21,T22,T23,T24> to T
[WARNING] /space/parallel/flink/flink9/dataset/flink/FLINK-2800_b654e989b60c6607f5f5bf757130c86bd0facd8c/flink-java/src/main/java/org/apache/flink/api/java/record/operators/ReduceOperator.java:[311,57] Possible heap pollution from parameterized vararg type org.apache.flink.api.common.operators.Operator<org.apache.flink.types.Record>
[WARNING] /space/parallel/flink/flink9/dataset/flink/FLINK-2800_b654e989b60c6607f5f5bf757130c86bd0facd8c/flink-java/src/main/java/org/apache/flink/api/java/typeutils/runtime/kryo/Serializers.java:[102,89] unchecked cast
  required: java.lang.Class<? extends org.apache.avro.specific.SpecificRecordBase>
  found:    java.lang.Class<capture#1 of ?>
[WARNING] /space/parallel/flink/flink9/dataset/flink/FLINK-2800_b654e989b60c6607f5f5bf757130c86bd0facd8c/flink-java/src/main/java/org/apache/flink/api/java/utils/DataSetUtils.java:[242,80] unchecked conversion
  required: org.apache.flink.api.common.functions.MapPartitionFunction<T,R>
  found:    org.apache.flink.api.java.functions.SampleInPartition
[WARNING] /space/parallel/flink/flink9/dataset/flink/FLINK-2800_b654e989b60c6607f5f5bf757130c86bd0facd8c/flink-java/src/main/java/org/apache/flink/api/java/utils/DataSetUtils.java:[242,79] unchecked method invocation: method mapPartition in class org.apache.flink.api.java.DataSet is applied to given types
  required: org.apache.flink.api.common.functions.MapPartitionFunction<T,R>
  found: org.apache.flink.api.java.functions.SampleInPartition
[WARNING] /space/parallel/flink/flink9/dataset/flink/FLINK-2800_b654e989b60c6607f5f5bf757130c86bd0facd8c/flink-java/src/main/java/org/apache/flink/api/java/utils/DataSetUtils.java:[247,78] unchecked conversion
  required: org.apache.flink.api.java.DataSet<org.apache.flink.api.java.sampling.IntermediateSampleData<T>>
  found:    org.apache.flink.api.java.operators.MapPartitionOperator
[WARNING] /space/parallel/flink/flink9/dataset/flink/FLINK-2800_b654e989b60c6607f5f5bf757130c86bd0facd8c/flink-java/src/main/java/org/apache/flink/api/java/record/operators/MapPartitionOperator.java:[141,57] Possible heap pollution from parameterized vararg type org.apache.flink.api.common.operators.Operator<org.apache.flink.types.Record>
[WARNING] /space/parallel/flink/flink9/dataset/flink/FLINK-2800_b654e989b60c6607f5f5bf757130c86bd0facd8c/flink-java/src/main/java/org/apache/flink/api/java/record/io/CsvInputFormat.java:[86,58] Possible heap pollution from parameterized vararg type java.lang.Class<? extends org.apache.flink.types.Value>
[WARNING] /space/parallel/flink/flink9/dataset/flink/FLINK-2800_b654e989b60c6607f5f5bf757130c86bd0facd8c/flink-java/src/main/java/org/apache/flink/api/java/record/io/CsvInputFormat.java:[91,36] Possible heap pollution from parameterized vararg type java.lang.Class<? extends org.apache.flink.types.Value>
[WARNING] /space/parallel/flink/flink9/dataset/flink/FLINK-2800_b654e989b60c6607f5f5bf757130c86bd0facd8c/flink-java/src/main/java/org/apache/flink/api/java/record/io/CsvInputFormat.java:[103,62] Possible heap pollution from parameterized vararg type java.lang.Class<? extends org.apache.flink.types.Value>
[WARNING] /space/parallel/flink/flink9/dataset/flink/FLINK-2800_b654e989b60c6607f5f5bf757130c86bd0facd8c/flink-java/src/main/java/org/apache/flink/api/java/record/operators/CoGroupOperator.java:[265,58] Possible heap pollution from parameterized vararg type org.apache.flink.api.common.operators.Operator<org.apache.flink.types.Record>
[WARNING] /space/parallel/flink/flink9/dataset/flink/FLINK-2800_b654e989b60c6607f5f5bf757130c86bd0facd8c/flink-java/src/main/java/org/apache/flink/api/java/record/operators/CoGroupOperator.java:[291,58] Possible heap pollution from parameterized vararg type org.apache.flink.api.common.operators.Operator<org.apache.flink.types.Record>
[WARNING] /space/parallel/flink/flink9/dataset/flink/FLINK-2800_b654e989b60c6607f5f5bf757130c86bd0facd8c/flink-java/src/main/java/org/apache/flink/api/java/record/operators/CrossOperator.java:[155,58] Possible heap pollution from parameterized vararg type org.apache.flink.api.common.operators.Operator<org.apache.flink.types.Record>
[WARNING] /space/parallel/flink/flink9/dataset/flink/FLINK-2800_b654e989b60c6607f5f5bf757130c86bd0facd8c/flink-java/src/main/java/org/apache/flink/api/java/record/operators/CrossOperator.java:[168,58] Possible heap pollution from parameterized vararg type org.apache.flink.api.common.operators.Operator<org.apache.flink.types.Record>
[WARNING] /space/parallel/flink/flink9/dataset/flink/FLINK-2800_b654e989b60c6607f5f5bf757130c86bd0facd8c/flink-java/src/main/java/org/apache/flink/api/java/record/io/CsvOutputFormat.java:[111,58] Possible heap pollution from parameterized vararg type java.lang.Class<? extends org.apache.flink.types.Value>
[WARNING] /space/parallel/flink/flink9/dataset/flink/FLINK-2800_b654e989b60c6607f5f5bf757130c86bd0facd8c/flink-java/src/main/java/org/apache/flink/api/java/record/io/CsvOutputFormat.java:[126,39] Possible heap pollution from parameterized vararg type java.lang.Class<? extends org.apache.flink.types.Value>
[WARNING] /space/parallel/flink/flink9/dataset/flink/FLINK-2800_b654e989b60c6607f5f5bf757130c86bd0facd8c/flink-java/src/main/java/org/apache/flink/api/java/record/io/CsvOutputFormat.java:[143,39] Possible heap pollution from parameterized vararg type java.lang.Class<? extends org.apache.flink.types.Value>
[WARNING] /space/parallel/flink/flink9/dataset/flink/FLINK-2800_b654e989b60c6607f5f5bf757130c86bd0facd8c/flink-java/src/main/java/org/apache/flink/api/java/record/io/CsvOutputFormat.java:[162,56] Possible heap pollution from parameterized vararg type java.lang.Class<? extends org.apache.flink.types.Value>
[WARNING] /space/parallel/flink/flink9/dataset/flink/FLINK-2800_b654e989b60c6607f5f5bf757130c86bd0facd8c/flink-java/src/main/java/org/apache/flink/api/java/tuple/Tuple0.java:[59,23] copy() in org.apache.flink.api.java.tuple.Tuple0 overrides <T>copy() in org.apache.flink.api.java.tuple.Tuple
  return type requires unchecked conversion from org.apache.flink.api.java.tuple.Tuple0 to T
[WARNING] /space/parallel/flink/flink9/dataset/flink/FLINK-2800_b654e989b60c6607f5f5bf757130c86bd0facd8c/flink-java/src/main/java/org/apache/flink/api/java/record/operators/GenericDataSink.java:[209,51] Possible heap pollution from parameterized vararg type org.apache.flink.api.common.operators.Operator<org.apache.flink.types.Record>
[WARNING] /space/parallel/flink/flink9/dataset/flink/FLINK-2800_b654e989b60c6607f5f5bf757130c86bd0facd8c/flink-java/src/main/java/org/apache/flink/api/java/record/operators/GenericDataSink.java:[233,50] Possible heap pollution from parameterized vararg type org.apache.flink.api.common.operators.Operator<org.apache.flink.types.Record>
[WARNING] /space/parallel/flink/flink9/dataset/flink/FLINK-2800_b654e989b60c6607f5f5bf757130c86bd0facd8c/flink-java/src/main/java/org/apache/flink/api/java/typeutils/AvroTypeInfo.java:[64,51] unchecked call to GenericTypeInfo(java.lang.Class<T>) as a member of the raw type org.apache.flink.api.java.typeutils.GenericTypeInfo
[WARNING] /space/parallel/flink/flink9/dataset/flink/FLINK-2800_b654e989b60c6607f5f5bf757130c86bd0facd8c/flink-java/src/main/java/org/apache/flink/api/java/record/operators/JoinOperator.java:[243,58] Possible heap pollution from parameterized vararg type org.apache.flink.api.common.operators.Operator<org.apache.flink.types.Record>
[WARNING] /space/parallel/flink/flink9/dataset/flink/FLINK-2800_b654e989b60c6607f5f5bf757130c86bd0facd8c/flink-java/src/main/java/org/apache/flink/api/java/record/operators/JoinOperator.java:[256,58] Possible heap pollution from parameterized vararg type org.apache.flink.api.common.operators.Operator<org.apache.flink.types.Record>
[WARNING] /space/parallel/flink/flink9/dataset/flink/FLINK-2800_b654e989b60c6607f5f5bf757130c86bd0facd8c/flink-java/src/main/java/org/apache/flink/api/java/Utils.java:[156,114] unchecked conversion
  required: org.apache.flink.api.common.typeinfo.TypeInformation<T>
  found:    org.apache.flink.api.common.typeinfo.TypeInformation
[WARNING] /space/parallel/flink/flink9/dataset/flink/FLINK-2800_b654e989b60c6607f5f5bf757130c86bd0facd8c/flink-java/src/main/java/org/apache/flink/api/java/Utils.java:[156,113] unchecked method invocation: method getSerializerTree in class org.apache.flink.api.java.Utils is applied to given types
  required: org.apache.flink.api.common.typeinfo.TypeInformation<T>,int
  found: org.apache.flink.api.common.typeinfo.TypeInformation,int
[WARNING] /space/parallel/flink/flink9/dataset/flink/FLINK-2800_b654e989b60c6607f5f5bf757130c86bd0facd8c/flink-java/src/main/java/org/apache/flink/api/java/record/operators/MapOperator.java:[142,57] Possible heap pollution from parameterized vararg type org.apache.flink.api.common.operators.Operator<org.apache.flink.types.Record>
[WARNING] /space/parallel/flink/flink9/dataset/flink/FLINK-2800_b654e989b60c6607f5f5bf757130c86bd0facd8c/flink-java/src/main/java/org/apache/flink/api/java/utils/ParameterTool.java:[158,32] unchecked conversion
  required: java.util.Map<java.lang.String,java.lang.String>
  found:    java.util.Map
[WARNING] /space/parallel/flink/flink9/dataset/flink/FLINK-2800_b654e989b60c6607f5f5bf757130c86bd0facd8c/flink-java/src/main/java/org/apache/flink/api/java/utils/ParameterTool.java:[180,32] unchecked conversion
  required: java.util.Map<java.lang.String,java.lang.String>
  found:    java.util.Map
[WARNING] /space/parallel/flink/flink9/dataset/flink/FLINK-2800_b654e989b60c6607f5f5bf757130c86bd0facd8c/flink-java/src/main/java/org/apache/flink/api/java/typeutils/runtime/AvroSerializer.java:[119,50] unchecked cast
  required: T
  found:    capture#2 of ? extends java.lang.Object
[INFO] 
[INFO] --- maven-resources-plugin:2.6:testResources (default-testResources) @ flink-java ---
[INFO] Using 'UTF-8' encoding to copy filtered resources.
[INFO] skip non existing resourceDirectory /space/parallel/flink/flink9/dataset/flink/FLINK-2800_b654e989b60c6607f5f5bf757130c86bd0facd8c/flink-java/src/test/resources
[INFO] Copying 3 resources
[INFO] 
[INFO] --- maven-compiler-plugin:3.1:testCompile (default-testCompile) @ flink-java ---
[INFO] Nothing to compile - all classes are up to date
[INFO] 
[INFO] --- maven-surefire-plugin:2.18.1:test (default-test) @ flink-java ---
[INFO] Surefire report directory: /space/parallel/flink/flink9/dataset/flink/FLINK-2800_b654e989b60c6607f5f5bf757130c86bd0facd8c/flink-java/target/surefire-reports

-------------------------------------------------------
 T E S T S
-------------------------------------------------------
Running org.apache.flink.api.java.typeutils.CompositeTypeTest
Running org.apache.flink.api.java.operator.AggregateOperatorTest
Running org.apache.flink.api.java.typeutils.runtime.TupleComparatorILDXC2Test
Running org.apache.flink.api.java.operator.CoGroupOperatorTest
Running org.apache.flink.api.java.typeutils.RecordTypeInfoTest
Running org.apache.flink.api.java.typeutils.runtime.WritableSerializerTest
Running org.apache.flink.api.java.typeutils.ValueTypeInfoTest
Running org.apache.flink.api.java.typeutils.runtime.AvroGenericTypeSerializerTest
Running org.apache.flink.api.java.operators.NamesTest
Tests run: 10, Failures: 0, Errors: 0, Skipped: 0, Time elapsed: 0.374 sec - in org.apache.flink.api.java.typeutils.runtime.TupleComparatorILDXC2Test
Running org.apache.flink.api.java.typeutils.runtime.CopyableValueComparatorTest
Tests run: 10, Failures: 0, Errors: 0, Skipped: 0, Time elapsed: 0.04 sec - in org.apache.flink.api.java.typeutils.runtime.CopyableValueComparatorTest
Running org.apache.flink.api.java.sca.UdfAnalyzerTest
Tests run: 2, Failures: 0, Errors: 0, Skipped: 0, Time elapsed: 0.331 sec - in org.apache.flink.api.java.typeutils.RecordTypeInfoTest
Running org.apache.flink.api.java.typeutils.runtime.TupleComparatorTTT2Test
Tests run: 2, Failures: 0, Errors: 0, Skipped: 0, Time elapsed: 0.618 sec - in org.apache.flink.api.java.typeutils.CompositeTypeTest
Running org.apache.flink.api.java.typeutils.runtime.TupleComparatorISD1Test
Tests run: 10, Failures: 0, Errors: 0, Skipped: 0, Time elapsed: 0.05 sec - in org.apache.flink.api.java.typeutils.runtime.TupleComparatorISD1Test
Running org.apache.flink.api.java.typeutils.runtime.TupleComparatorISD3Test
Tests run: 10, Failures: 0, Errors: 0, Skipped: 0, Time elapsed: 0.088 sec - in org.apache.flink.api.java.typeutils.runtime.TupleComparatorISD3Test
Running org.apache.flink.api.java.typeutils.runtime.AvroGenericArraySerializerTest
Running org.apache.flink.api.java.operators.translation.AggregateTranslationTest
Tests run: 3, Failures: 0, Errors: 0, Skipped: 0, Time elapsed: 0.438 sec - in org.apache.flink.api.java.typeutils.ValueTypeInfoTest
Running org.apache.flink.api.java.typeutils.runtime.GenericPairComparatorTest
Tests run: 2, Failures: 0, Errors: 0, Skipped: 0, Time elapsed: 0.141 sec - in org.apache.flink.api.java.typeutils.runtime.GenericPairComparatorTest
Running org.apache.flink.api.java.typeutils.runtime.kryo.KryoClearedBufferTest
Tests run: 10, Failures: 0, Errors: 0, Skipped: 0, Time elapsed: 0.363 sec - in org.apache.flink.api.java.typeutils.runtime.TupleComparatorTTT2Test
Running org.apache.flink.api.java.typeutils.runtime.PojoSubclassComparatorTest
Tests run: 29, Failures: 0, Errors: 0, Skipped: 0, Time elapsed: 0.853 sec - in org.apache.flink.api.java.operator.CoGroupOperatorTest
Tests run: 2, Failures: 0, Errors: 0, Skipped: 0, Time elapsed: 0.929 sec - in org.apache.flink.api.java.operator.AggregateOperatorTest
Running org.apache.flink.api.java.typeutils.WritableTypeInfoTest
Running org.apache.flink.api.java.record.io.ExternalProcessFixedLengthInputFormatTest
Tests run: 3, Failures: 0, Errors: 0, Skipped: 0, Time elapsed: 0.6 sec - in org.apache.flink.api.java.operators.NamesTest
Running org.apache.flink.api.java.operators.translation.DistinctTranslationTest
Tests run: 2, Failures: 0, Errors: 0, Skipped: 0, Time elapsed: 0.018 sec - in org.apache.flink.api.java.typeutils.WritableTypeInfoTest
Running org.apache.flink.api.java.typeutils.EnumTypeInfoTest
Tests run: 2, Failures: 0, Errors: 0, Skipped: 0, Time elapsed: 0.01 sec - in org.apache.flink.api.java.typeutils.EnumTypeInfoTest
Running org.apache.flink.api.java.typeutils.TypeInfoParserTest
Tests run: 1, Failures: 0, Errors: 0, Skipped: 0, Time elapsed: 0.781 sec - in org.apache.flink.api.java.typeutils.runtime.WritableSerializerTest
Running org.apache.flink.api.java.typeutils.runtime.AvroGenericTypeComparatorTest
Tests run: 6, Failures: 0, Errors: 0, Skipped: 0, Time elapsed: 0.093 sec - in org.apache.flink.api.java.operators.translation.DistinctTranslationTest
Running org.apache.flink.api.java.operators.translation.DeltaIterationTranslationTest
Tests run: 13, Failures: 0, Errors: 0, Skipped: 0, Time elapsed: 0.182 sec - in org.apache.flink.api.java.typeutils.TypeInfoParserTest
Running org.apache.flink.api.java.typeutils.GenericTypeInfoTest
Tests run: 2, Failures: 0, Errors: 0, Skipped: 0, Time elapsed: 0.021 sec - in org.apache.flink.api.java.typeutils.GenericTypeInfoTest
Running org.apache.flink.api.java.typeutils.runtime.AvroSerializerEmptyArrayTest
Tests run: 3, Failures: 0, Errors: 0, Skipped: 0, Time elapsed: 0.165 sec - in org.apache.flink.api.java.operators.translation.DeltaIterationTranslationTest
Running org.apache.flink.api.java.hadoop.mapred.HadoopInputFormatTest
Tests run: 5, Failures: 0, Errors: 0, Skipped: 0, Time elapsed: 0.294 sec - in org.apache.flink.api.java.record.io.ExternalProcessFixedLengthInputFormatTest
Running org.apache.flink.api.java.record.io.CsvInputFormatTest
Tests run: 10, Failures: 0, Errors: 0, Skipped: 0, Time elapsed: 0.509 sec - in org.apache.flink.api.java.typeutils.runtime.PojoSubclassComparatorTest
Running org.apache.flink.api.java.typeutils.runtime.PojoSubclassSerializerTest
Tests run: 8, Failures: 0, Errors: 0, Skipped: 0, Time elapsed: 0.227 sec - in org.apache.flink.api.java.record.io.CsvInputFormatTest
Running org.apache.flink.api.java.record.io.CsvOutputFormatTest
Tests run: 7, Failures: 0, Errors: 0, Skipped: 0, Time elapsed: 0.007 sec - in org.apache.flink.api.java.record.io.CsvOutputFormatTest
Running org.apache.flink.api.java.record.io.ExternalProcessInputFormatTest
Tests run: 1, Failures: 0, Errors: 0, Skipped: 0, Time elapsed: 0.875 sec - in org.apache.flink.api.java.operators.translation.AggregateTranslationTest
Running org.apache.flink.api.java.operators.translation.CoGroupSortTranslationTest
HERE
Tests run: 4, Failures: 0, Errors: 0, Skipped: 0, Time elapsed: 0.215 sec - in org.apache.flink.api.java.record.io.ExternalProcessInputFormatTest
Running org.apache.flink.api.java.typeutils.PojoTypeInfoTest
Tests run: 5, Failures: 0, Errors: 0, Skipped: 0, Time elapsed: 0.087 sec - in org.apache.flink.api.java.typeutils.PojoTypeInfoTest
Running org.apache.flink.api.java.typeutils.ObjectArrayTypeInfoTest
Tests run: 2, Failures: 0, Errors: 0, Skipped: 0, Time elapsed: 0.27 sec - in org.apache.flink.api.java.operators.translation.CoGroupSortTranslationTest
Running org.apache.flink.api.java.operators.KeysTest
Tests run: 2, Failures: 0, Errors: 0, Skipped: 0, Time elapsed: 0.016 sec - in org.apache.flink.api.java.typeutils.ObjectArrayTypeInfoTest
Running org.apache.flink.api.java.typeutils.runtime.TupleComparatorILD3Test
Tests run: 10, Failures: 0, Errors: 0, Skipped: 0, Time elapsed: 0.042 sec - in org.apache.flink.api.java.typeutils.runtime.TupleComparatorILD3Test
Running org.apache.flink.api.java.typeutils.runtime.TupleComparatorTTT1Test
Tests run: 63, Failures: 0, Errors: 0, Skipped: 0, Time elapsed: 1.393 sec - in org.apache.flink.api.java.sca.UdfAnalyzerTest
Running org.apache.flink.api.java.io.TextInputFormatTest
Tests run: 10, Failures: 0, Errors: 0, Skipped: 0, Time elapsed: 0.117 sec - in org.apache.flink.api.java.typeutils.runtime.TupleComparatorTTT1Test
Running org.apache.flink.api.java.typeutils.runtime.PojoGenericTypeSerializerTest
Tests run: 6, Failures: 0, Errors: 0, Skipped: 0, Time elapsed: 1.713 sec - in org.apache.flink.api.java.typeutils.runtime.AvroGenericTypeSerializerTest
Running org.apache.flink.api.java.typeutils.runtime.PojoComparatorTest
Tests run: 7, Failures: 0, Errors: 0, Skipped: 0, Time elapsed: 0.252 sec - in org.apache.flink.api.java.operators.KeysTest
Running org.apache.flink.api.java.hadoop.mapreduce.HadoopInputFormatTest
Tests run: 1, Failures: 0, Errors: 1, Skipped: 0, Time elapsed: 1.355 sec <<< FAILURE! - in org.apache.flink.api.java.typeutils.runtime.kryo.KryoClearedBufferTest
testOutputBufferedBeingClearedInCaseOfException(org.apache.flink.api.java.typeutils.runtime.kryo.KryoClearedBufferTest)  Time elapsed: 1.337 sec  <<< ERROR!
java.io.EOFException: null
	at org.apache.flink.api.java.typeutils.runtime.kryo.KryoClearedBufferTest$TestDataOutputView.checkSize(KryoClearedBufferTest.java:158)
	at org.apache.flink.api.java.typeutils.runtime.kryo.KryoClearedBufferTest$TestDataOutputView.write(KryoClearedBufferTest.java:199)
	at org.apache.flink.api.java.typeutils.runtime.DataOutputViewStream.write(DataOutputViewStream.java:39)
	at com.esotericsoftware.kryo.io.Output.flush(Output.java:163)
	at org.apache.flink.api.java.typeutils.runtime.kryo.KryoSerializer.serialize(KryoSerializer.java:187)
	at org.apache.flink.api.java.typeutils.runtime.kryo.KryoClearedBufferTest.testOutputBufferedBeingClearedInCaseOfException(KryoClearedBufferTest.java:80)

Running org.apache.flink.api.java.typeutils.runtime.kryo.KryoGenericTypeSerializerTest
Tests run: 2, Failures: 0, Errors: 0, Skipped: 0, Time elapsed: 1.006 sec - in org.apache.flink.api.java.typeutils.runtime.AvroSerializerEmptyArrayTest
Running org.apache.flink.api.java.typeutils.runtime.TupleComparatorILDX1Test
Tests run: 4, Failures: 0, Errors: 0, Skipped: 0, Time elapsed: 1.209 sec - in org.apache.flink.api.java.typeutils.runtime.AvroGenericTypeComparatorTest
Running org.apache.flink.api.java.typeutils.runtime.kryo.KryoGenericArraySerializerTest
Tests run: 2, Failures: 0, Errors: 0, Skipped: 0, Time elapsed: 0.337 sec - in org.apache.flink.api.java.io.TextInputFormatTest
Running org.apache.flink.api.java.io.CsvInputFormatTest
Tests run: 1, Failures: 0, Errors: 0, Skipped: 0, Time elapsed: 1.007 sec - in org.apache.flink.api.java.hadoop.mapred.HadoopInputFormatTest
Running org.apache.flink.api.java.type.extractor.PojoTypeExtractionTest
Tests run: 10, Failures: 0, Errors: 0, Skipped: 0, Time elapsed: 0.097 sec - in org.apache.flink.api.java.typeutils.runtime.TupleComparatorILDX1Test
Tests run: 22, Failures: 0, Errors: 0, Skipped: 0, Time elapsed: 0.154 sec - in org.apache.flink.api.java.type.extractor.PojoTypeExtractionTest
Running org.apache.flink.api.java.type.extractor.TypeExtractorInputFormatsTest
Tests run: 4, Failures: 0, Errors: 0, Skipped: 0, Time elapsed: 0.006 sec - in org.apache.flink.api.java.type.extractor.TypeExtractorInputFormatsTest
Running org.apache.flink.api.java.functions.SemanticPropUtilTest
Tests run: 10, Failures: 0, Errors: 0, Skipped: 0, Time elapsed: 0.454 sec - in org.apache.flink.api.java.typeutils.runtime.PojoComparatorTest
Running org.apache.flink.api.java.typeutils.runtime.MultidimensionalArraySerializerTest
Tests run: 65, Failures: 0, Errors: 0, Skipped: 0, Time elapsed: 0.217 sec - in org.apache.flink.api.java.functions.SemanticPropUtilTest
Running org.apache.flink.api.java.functions.SemanticPropertiesTranslationTest
Tests run: 25, Failures: 0, Errors: 0, Skipped: 0, Time elapsed: 0.421 sec - in org.apache.flink.api.java.io.CsvInputFormatTest
Tests run: 5, Failures: 0, Errors: 0, Skipped: 0, Time elapsed: 2.163 sec - in org.apache.flink.api.java.typeutils.runtime.AvroGenericArraySerializerTest
Running org.apache.flink.api.java.typeutils.runtime.SubclassFromInterfaceSerializerTest
Tests run: 23, Failures: 0, Errors: 0, Skipped: 0, Time elapsed: 0.212 sec - in org.apache.flink.api.java.functions.SemanticPropertiesTranslationTest
Running org.apache.flink.api.java.functions.SemanticPropertiesPrecedenceTest
Tests run: 4, Failures: 0, Errors: 0, Skipped: 0, Time elapsed: 0.094 sec - in org.apache.flink.api.java.functions.SemanticPropertiesPrecedenceTest
Running org.apache.flink.api.java.functions.SemanticPropertiesProjectionTest
Tests run: 6, Failures: 0, Errors: 0, Skipped: 0, Time elapsed: 0.031 sec - in org.apache.flink.api.java.functions.SemanticPropertiesProjectionTest
Running org.apache.flink.api.java.functions.ClosureCleanerTest
Tests run: 5, Failures: 0, Errors: 0, Skipped: 0, Time elapsed: 0.055 sec - in org.apache.flink.api.java.functions.ClosureCleanerTest
Running org.apache.flink.api.java.functions.SelectByFunctionsTest
Tests run: 9, Failures: 0, Errors: 0, Skipped: 0, Time elapsed: 0.014 sec - in org.apache.flink.api.java.functions.SelectByFunctionsTest
Running org.apache.flink.api.java.operator.RightOuterJoinOperatorTest
Tests run: 16, Failures: 0, Errors: 0, Skipped: 0, Time elapsed: 0.054 sec - in org.apache.flink.api.java.operator.RightOuterJoinOperatorTest
Running org.apache.flink.api.java.operator.GroupReduceOperatorTest
Tests run: 7, Failures: 0, Errors: 0, Skipped: 0, Time elapsed: 0.032 sec - in org.apache.flink.api.java.operator.GroupReduceOperatorTest
Running org.apache.flink.api.java.operator.CrossOperatorTest
Tests run: 23, Failures: 0, Errors: 0, Skipped: 0, Time elapsed: 0.024 sec - in org.apache.flink.api.java.operator.CrossOperatorTest
Running org.apache.flink.api.java.operator.GroupCombineOperatorTest
Tests run: 7, Failures: 0, Errors: 0, Skipped: 0, Time elapsed: 0.028 sec - in org.apache.flink.api.java.operator.GroupCombineOperatorTest
Running org.apache.flink.api.java.operator.LeftOuterJoinOperatorTest
Tests run: 16, Failures: 0, Errors: 0, Skipped: 0, Time elapsed: 0.024 sec - in org.apache.flink.api.java.operator.LeftOuterJoinOperatorTest
Running org.apache.flink.api.java.operator.FullOuterJoinOperatorTest
Tests run: 16, Failures: 0, Errors: 0, Skipped: 0, Time elapsed: 0.019 sec - in org.apache.flink.api.java.operator.FullOuterJoinOperatorTest
Running org.apache.flink.api.java.operator.DistinctOperatorTest
Tests run: 12, Failures: 0, Errors: 0, Skipped: 0, Time elapsed: 1.898 sec - in org.apache.flink.api.java.typeutils.runtime.PojoSubclassSerializerTest
Tests run: 11, Failures: 0, Errors: 0, Skipped: 0, Time elapsed: 0.019 sec - in org.apache.flink.api.java.operator.DistinctOperatorTest
Running org.apache.flink.api.java.record.ReduceWrappingFunctionTest
Tests run: 4, Failures: 0, Errors: 0, Skipped: 0, Time elapsed: 0.031 sec - in org.apache.flink.api.java.record.ReduceWrappingFunctionTest
Running org.apache.flink.api.java.record.io.TextInputFormatTest
Tests run: 4, Failures: 0, Errors: 0, Skipped: 0, Time elapsed: 0.98 sec - in org.apache.flink.api.java.typeutils.runtime.MultidimensionalArraySerializerTest
Running org.apache.flink.api.java.tuple.Tuple2Test
Tests run: 2, Failures: 0, Errors: 0, Skipped: 0, Time elapsed: 0.003 sec - in org.apache.flink.api.java.tuple.Tuple2Test
Running org.apache.flink.api.java.io.TypeSerializerFormatTest
Tests run: 2, Failures: 0, Errors: 0, Skipped: 0, Time elapsed: 0.217 sec - in org.apache.flink.api.java.record.io.TextInputFormatTest
Running org.apache.flink.api.java.typeutils.TupleTypeInfoTest
Tests run: 3, Failures: 0, Errors: 0, Skipped: 0, Time elapsed: 0.001 sec - in org.apache.flink.api.java.typeutils.TupleTypeInfoTest
Running org.apache.flink.api.java.typeutils.runtime.kryo.KryoWithCustomSerializersTest
Tests run: 1, Failures: 0, Errors: 0, Skipped: 0, Time elapsed: 1.496 sec - in org.apache.flink.api.java.hadoop.mapreduce.HadoopInputFormatTest
Running org.apache.flink.api.java.type.extractor.PojoTypeInformationTest
Tests run: 12, Failures: 0, Errors: 0, Skipped: 0, Time elapsed: 1.372 sec - in org.apache.flink.api.java.typeutils.runtime.kryo.KryoGenericTypeSerializerTest
Running org.apache.flink.api.java.typeutils.runtime.kryo.KryoGenericTypeComparatorTest
Tests run: 4, Failures: 0, Errors: 0, Skipped: 0, Time elapsed: 0.051 sec - in org.apache.flink.api.java.type.extractor.PojoTypeInformationTest
Running org.apache.flink.api.java.type.extractor.TypeExtractorTest
Tests run: 5, Failures: 0, Errors: 0, Skipped: 0, Time elapsed: 1.592 sec - in org.apache.flink.api.java.typeutils.runtime.kryo.KryoGenericArraySerializerTest
Running org.apache.flink.api.java.typeutils.runtime.kryo.SerializersTest
Tests run: 12, Failures: 0, Errors: 0, Skipped: 0, Time elapsed: 1.021 sec - in org.apache.flink.api.java.typeutils.runtime.SubclassFromInterfaceSerializerTest
Tests run: 1, Failures: 0, Errors: 0, Skipped: 0, Time elapsed: 0.093 sec - in org.apache.flink.api.java.typeutils.runtime.kryo.SerializersTest
Running org.apache.flink.api.java.typeutils.runtime.TupleSerializerTest
Tests run: 6, Failures: 0, Errors: 0, Skipped: 0, Time elapsed: 1.947 sec - in org.apache.flink.api.java.typeutils.runtime.PojoGenericTypeSerializerTest
Running org.apache.flink.api.java.sca.UdfAnalyzerExamplesTest
Tests run: 60, Failures: 0, Errors: 0, Skipped: 0, Time elapsed: 0.344 sec - in org.apache.flink.api.java.type.extractor.TypeExtractorTest
Running org.apache.flink.api.java.operator.GroupingTest
Tests run: 36, Failures: 0, Errors: 0, Skipped: 0, Time elapsed: 0.098 sec - in org.apache.flink.api.java.operator.GroupingTest
Running org.apache.flink.api.java.operator.MinByOperatorTest
Tests run: 10, Failures: 0, Errors: 0, Skipped: 0, Time elapsed: 0.021 sec - in org.apache.flink.api.java.operator.MinByOperatorTest
Running org.apache.flink.api.java.operator.DataSinkTest
Tests run: 18, Failures: 0, Errors: 0, Skipped: 0, Time elapsed: 0.046 sec - in org.apache.flink.api.java.operator.DataSinkTest
Running org.apache.flink.api.java.operator.FirstNOperatorTest
Tests run: 3, Failures: 0, Errors: 0, Skipped: 0, Time elapsed: 0.046 sec - in org.apache.flink.api.java.operator.FirstNOperatorTest
Running org.apache.flink.api.java.operator.JoinOperatorTest
Tests run: 18, Failures: 0, Errors: 0, Skipped: 0, Time elapsed: 0.941 sec - in org.apache.flink.api.java.sca.UdfAnalyzerExamplesTest
Running org.apache.flink.api.java.io.CSVReaderTest
Tests run: 15, Failures: 0, Errors: 0, Skipped: 0, Time elapsed: 0.049 sec - in org.apache.flink.api.java.io.CSVReaderTest
Running org.apache.flink.api.java.io.CollectionInputFormatTest
Tests run: 4, Failures: 0, Errors: 0, Skipped: 0, Time elapsed: 0.075 sec - in org.apache.flink.api.java.io.CollectionInputFormatTest
Running org.apache.flink.api.common.operators.CollectionExecutionWithBroadcastVariableTest
Tests run: 2, Failures: 0, Errors: 0, Skipped: 0, Time elapsed: 0.1 sec - in org.apache.flink.api.common.operators.CollectionExecutionWithBroadcastVariableTest
Running org.apache.flink.api.common.operators.CollectionExecutionAccumulatorsTest
Tests run: 1, Failures: 0, Errors: 0, Skipped: 0, Time elapsed: 0.005 sec - in org.apache.flink.api.common.operators.CollectionExecutionAccumulatorsTest
Running org.apache.flink.api.common.operators.base.CoGroupOperatorCollectionTest
Tests run: 1, Failures: 0, Errors: 0, Skipped: 0, Time elapsed: 0.009 sec - in org.apache.flink.api.common.operators.base.CoGroupOperatorCollectionTest
Tests run: 7, Failures: 0, Errors: 0, Skipped: 0, Time elapsed: 1.414 sec - in org.apache.flink.api.java.typeutils.runtime.TupleSerializerTest
Running org.apache.flink.api.java.typeutils.runtime.TupleComparatorISD2Test
Tests run: 10, Failures: 0, Errors: 0, Skipped: 0, Time elapsed: 0.089 sec - in org.apache.flink.api.java.typeutils.runtime.TupleComparatorISD2Test
Running org.apache.flink.api.java.typeutils.runtime.TupleComparatorTTT3Test
Tests run: 63, Failures: 0, Errors: 0, Skipped: 0, Time elapsed: 1.259 sec - in org.apache.flink.api.java.operator.JoinOperatorTest
Running org.apache.flink.api.java.operator.ProjectionOperatorTest
Tests run: 3, Failures: 0, Errors: 0, Skipped: 0, Time elapsed: 0.005 sec - in org.apache.flink.api.java.operator.ProjectionOperatorTest
Running org.apache.flink.api.java.operator.MaxByOperatorTest
Tests run: 10, Failures: 0, Errors: 0, Skipped: 0, Time elapsed: 0.009 sec - in org.apache.flink.api.java.operator.MaxByOperatorTest
Running org.apache.flink.api.java.operator.ReduceOperatorTest
Tests run: 10, Failures: 0, Errors: 0, Skipped: 0, Time elapsed: 0.076 sec - in org.apache.flink.api.java.typeutils.runtime.TupleComparatorTTT3Test
Running org.apache.flink.api.java.sampling.RandomSamplerTest
Tests run: 4, Failures: 0, Errors: 0, Skipped: 0, Time elapsed: 0.04 sec - in org.apache.flink.api.java.operator.ReduceOperatorTest
Running org.apache.flink.api.java.operator.SortPartitionTest
Tests run: 8, Failures: 0, Errors: 0, Skipped: 0, Time elapsed: 0.028 sec - in org.apache.flink.api.java.operator.SortPartitionTest
Running org.apache.flink.api.java.MultipleInvokationsTest
Tests run: 1, Failures: 0, Errors: 0, Skipped: 0, Time elapsed: 0.002 sec - in org.apache.flink.api.java.MultipleInvokationsTest
Running org.apache.flink.api.java.record.CoGroupWrappingFunctionTest
Tests run: 3, Failures: 0, Errors: 0, Skipped: 0, Time elapsed: 0.082 sec - in org.apache.flink.api.java.record.CoGroupWrappingFunctionTest
Running org.apache.flink.api.java.record.io.FixedLenghtInputFormatTest
Tests run: 3, Failures: 0, Errors: 0, Skipped: 0, Time elapsed: 0.075 sec - in org.apache.flink.api.java.record.io.FixedLenghtInputFormatTest
Running org.apache.flink.api.java.typeutils.MissingTypeInfoTest
Tests run: 2, Failures: 0, Errors: 0, Skipped: 0, Time elapsed: 0.004 sec - in org.apache.flink.api.java.typeutils.MissingTypeInfoTest
Running org.apache.flink.api.java.typeutils.runtime.WritableComparatorTest
Tests run: 7, Failures: 0, Errors: 0, Skipped: 0, Time elapsed: 2.174 sec - in org.apache.flink.api.java.typeutils.runtime.kryo.KryoWithCustomSerializersTest
Running org.apache.flink.api.java.typeutils.runtime.TupleComparatorILDC3Test
Tests run: 10, Failures: 0, Errors: 0, Skipped: 0, Time elapsed: 0.017 sec - in org.apache.flink.api.java.typeutils.runtime.TupleComparatorILDC3Test
Tests run: 10, Failures: 0, Errors: 0, Skipped: 0, Time elapsed: 0.04 sec - in org.apache.flink.api.java.typeutils.runtime.WritableComparatorTest
Running org.apache.flink.api.common.operators.base.ReduceOperatorTest
Tests run: 2, Failures: 0, Errors: 0, Skipped: 0, Time elapsed: 0.015 sec - in org.apache.flink.api.common.operators.base.ReduceOperatorTest
Tests run: 4, Failures: 0, Errors: 0, Skipped: 0, Time elapsed: 2.949 sec - in org.apache.flink.api.java.typeutils.runtime.kryo.KryoGenericTypeComparatorTest
Running org.apache.flink.api.java.typeutils.runtime.ValueComparatorTest
Tests run: 10, Failures: 0, Errors: 0, Skipped: 0, Time elapsed: 0.036 sec - in org.apache.flink.api.java.typeutils.runtime.ValueComparatorTest
Running org.apache.flink.api.java.typeutils.runtime.TupleComparatorILD2Test
Tests run: 10, Failures: 0, Errors: 0, Skipped: 0, Time elapsed: 0.023 sec - in org.apache.flink.api.java.typeutils.runtime.TupleComparatorILD2Test
Running org.apache.flink.api.java.typeutils.runtime.PojoSerializerTest
Tests run: 13, Failures: 0, Errors: 0, Skipped: 0, Time elapsed: 0.107 sec - in org.apache.flink.api.java.typeutils.runtime.PojoSerializerTest
Running org.apache.flink.api.java.utils.ParameterToolTest
Tests run: 13, Failures: 0, Errors: 0, Skipped: 0, Time elapsed: 0.267 sec - in org.apache.flink.api.java.utils.ParameterToolTest
Running org.apache.flink.api.java.io.PrimitiveInputFormatTest
Tests run: 5, Failures: 0, Errors: 0, Skipped: 0, Time elapsed: 0.092 sec - in org.apache.flink.api.java.io.PrimitiveInputFormatTest
Running org.apache.flink.api.common.operators.base.InnerJoinOperatorBaseTest
Tests run: 1, Failures: 0, Errors: 0, Skipped: 0, Time elapsed: 0.011 sec - in org.apache.flink.api.common.operators.base.InnerJoinOperatorBaseTest
Tests run: 40, Failures: 0, Errors: 0, Skipped: 0, Time elapsed: 5.874 sec - in org.apache.flink.api.java.io.TypeSerializerFormatTest
Running org.apache.flink.api.common.operators.base.GroupReduceOperatorTest
Tests run: 2, Failures: 0, Errors: 0, Skipped: 0, Time elapsed: 0.018 sec - in org.apache.flink.api.common.operators.base.GroupReduceOperatorTest
Running org.apache.flink.api.common.operators.CollectionExecutionIterationTest
Tests run: 3, Failures: 0, Errors: 0, Skipped: 0, Time elapsed: 0.159 sec - in org.apache.flink.api.common.operators.CollectionExecutionIterationTest
Tests run: 17, Failures: 0, Errors: 0, Skipped: 0, Time elapsed: 6.774 sec - in org.apache.flink.api.java.sampling.RandomSamplerTest

Results :

Tests in error: 
  KryoClearedBufferTest.testOutputBufferedBeingClearedInCaseOfException:80  EOF

Tests run: 1063, Failures: 0, Errors: 1, Skipped: 0

[INFO] ------------------------------------------------------------------------
[INFO] BUILD FAILURE
[INFO] ------------------------------------------------------------------------
[INFO] Total time: 26.700 s
[INFO] Finished at: 2016-07-14T21:14:10-07:00
[INFO] Final Memory: 41M/2476M
[INFO] ------------------------------------------------------------------------
[ERROR] Failed to execute goal org.apache.maven.plugins:maven-surefire-plugin:2.18.1:test (default-test) on project flink-java: There are test failures.
[ERROR] 
[ERROR] Please refer to /space/parallel/flink/flink9/dataset/flink/FLINK-2800_b654e989b60c6607f5f5bf757130c86bd0facd8c/flink-java/target/surefire-reports for the individual test results.
[ERROR] -> [Help 1]
[ERROR] 
[ERROR] To see the full stack trace of the errors, re-run Maven with the -e switch.
[ERROR] Re-run Maven using the -X switch to enable full debug logging.
[ERROR] 
[ERROR] For more information about the errors and possible solutions, please read the following articles:
[ERROR] [Help 1] http://cwiki.apache.org/confluence/display/MAVEN/MojoFailureException
