[INFO] Scanning for projects...
[INFO]                                                                         
[INFO] ------------------------------------------------------------------------
[INFO] Building flink-streaming-java 1.0-SNAPSHOT
[INFO] ------------------------------------------------------------------------
[INFO] 
[INFO] --- maven-checkstyle-plugin:2.16:check (validate) @ flink-streaming-java_2.10 ---
[INFO] 
[INFO] --- maven-enforcer-plugin:1.3.1:enforce (enforce-maven) @ flink-streaming-java_2.10 ---
[INFO] 
[INFO] --- maven-remote-resources-plugin:1.5:process (default) @ flink-streaming-java_2.10 ---
[INFO] 
[INFO] --- maven-resources-plugin:2.6:resources (default-resources) @ flink-streaming-java_2.10 ---
[INFO] Using 'UTF-8' encoding to copy filtered resources.
[INFO] skip non existing resourceDirectory /space/parallel/flink/flink9/dataset/flink/FLINK-3513_d90672fd647081ae82c53b42ca0080977465f176/flink-streaming-java/src/main/resources
[INFO] Copying 3 resources
[INFO] 
[INFO] --- maven-compiler-plugin:3.1:compile (default-compile) @ flink-streaming-java_2.10 ---
[INFO] Changes detected - recompiling the module!
[INFO] Compiling 224 source files to /space/parallel/flink/flink9/dataset/flink/FLINK-3513_d90672fd647081ae82c53b42ca0080977465f176/flink-streaming-java/target/classes
[WARNING] /space/parallel/flink/flink9/dataset/flink/FLINK-3513_d90672fd647081ae82c53b42ca0080977465f176/flink-streaming-java/src/main/java/org/apache/flink/streaming/runtime/operators/ExtractTimestampsOperator.java:[20,48] org.apache.flink.streaming.api.functions.TimestampExtractor in org.apache.flink.streaming.api.functions has been deprecated
[WARNING] /space/parallel/flink/flink9/dataset/flink/FLINK-3513_d90672fd647081ae82c53b42ca0080977465f176/flink-streaming-java/src/main/java/org/apache/flink/streaming/api/functions/source/FromElementsFunction.java:[66,55] Possible heap pollution from parameterized vararg type T
[WARNING] /space/parallel/flink/flink9/dataset/flink/FLINK-3513_d90672fd647081ae82c53b42ca0080977465f176/flink-streaming-java/src/main/java/org/apache/flink/streaming/api/operators/AbstractStreamOperator.java:[28,27] org.apache.flink.api.common.state.OperatorState in org.apache.flink.api.common.state has been deprecated
[WARNING] /space/parallel/flink/flink9/dataset/flink/FLINK-3513_d90672fd647081ae82c53b42ca0080977465f176/flink-streaming-java/src/main/java/org/apache/flink/streaming/api/operators/AbstractStreamOperator.java:[192,67] unchecked conversion
  required: java.util.HashMap<java.lang.String,org.apache.flink.runtime.state.KvStateSnapshot>
  found:    java.util.HashMap
[WARNING] /space/parallel/flink/flink9/dataset/flink/FLINK-3513_d90672fd647081ae82c53b42ca0080977465f176/flink-streaming-java/src/main/java/org/apache/flink/streaming/api/environment/StreamExecutionEnvironment.java:[54,12] org.apache.flink.streaming.api.functions.TimestampExtractor in org.apache.flink.streaming.api.functions has been deprecated
[WARNING] /space/parallel/flink/flink9/dataset/flink/FLINK-3513_d90672fd647081ae82c53b42ca0080977465f176/flink-streaming-java/src/main/java/org/apache/flink/streaming/api/environment/StreamExecutionEnvironment.java:[92,29] org.apache.flink.streaming.runtime.operators.ExtractTimestampsOperator in org.apache.flink.streaming.runtime.operators has been deprecated
[WARNING] /space/parallel/flink/flink9/dataset/flink/FLINK-3513_d90672fd647081ae82c53b42ca0080977465f176/flink-streaming-java/src/main/java/org/apache/flink/streaming/api/datastream/KeyedStream.java:[145,119] unchecked cast
  required: org.apache.flink.streaming.api.transformations.OneInputTransformation<T,R>
  found:    org.apache.flink.streaming.api.transformations.StreamTransformation<R>
[WARNING] /space/parallel/flink/flink9/dataset/flink/FLINK-3513_d90672fd647081ae82c53b42ca0080977465f176/flink-streaming-java/src/main/java/org/apache/flink/streaming/api/datastream/CoGroupedStreams.java:[356,32] unchecked conversion
  required: java.lang.Class<org.apache.flink.streaming.api.datastream.CoGroupedStreams.TaggedUnion<T1,T2>>
  found:    java.lang.Class
[WARNING] /space/parallel/flink/flink9/dataset/flink/FLINK-3513_d90672fd647081ae82c53b42ca0080977465f176/flink-streaming-java/src/main/java/org/apache/flink/streaming/api/datastream/AllWindowedStream.java:[227,83] unchecked conversion
  required: java.lang.Class<T>
  found:    java.lang.Class
[WARNING] /space/parallel/flink/flink9/dataset/flink/FLINK-3513_d90672fd647081ae82c53b42ca0080977465f176/flink-streaming-java/src/main/java/org/apache/flink/streaming/api/datastream/AllWindowedStream.java:[227,83] unchecked conversion
  required: java.lang.Class<java.lang.Iterable<T>>
  found:    java.lang.Class
[WARNING] /space/parallel/flink/flink9/dataset/flink/FLINK-3513_d90672fd647081ae82c53b42ca0080977465f176/flink-streaming-java/src/main/java/org/apache/flink/streaming/api/datastream/WindowedStream.java:[223,83] unchecked conversion
  required: java.lang.Class<T>
  found:    java.lang.Class
[WARNING] /space/parallel/flink/flink9/dataset/flink/FLINK-3513_d90672fd647081ae82c53b42ca0080977465f176/flink-streaming-java/src/main/java/org/apache/flink/streaming/api/datastream/WindowedStream.java:[223,83] unchecked conversion
  required: java.lang.Class<java.lang.Iterable<T>>
  found:    java.lang.Class
[WARNING] /space/parallel/flink/flink9/dataset/flink/FLINK-3513_d90672fd647081ae82c53b42ca0080977465f176/flink-streaming-java/src/main/java/org/apache/flink/streaming/runtime/operators/windowing/WindowOperator.java:[364,63] <S>getKeyValueState(java.lang.String,org.apache.flink.api.common.typeinfo.TypeInformation<S>,S) in org.apache.flink.streaming.api.windowing.triggers.Trigger.TriggerContext has been deprecated
[WARNING] /space/parallel/flink/flink9/dataset/flink/FLINK-3513_d90672fd647081ae82c53b42ca0080977465f176/flink-streaming-java/src/main/java/org/apache/flink/streaming/runtime/operators/windowing/WindowOperator.java:[345,63] <S>getKeyValueState(java.lang.String,java.lang.Class<S>,S) in org.apache.flink.streaming.api.windowing.triggers.Trigger.TriggerContext has been deprecated
[WARNING] /space/parallel/flink/flink9/dataset/flink/FLINK-3513_d90672fd647081ae82c53b42ca0080977465f176/flink-streaming-java/src/main/java/org/apache/flink/streaming/util/FieldAccessor.java:[127,107] unchecked conversion
  required: java.lang.Class<X>
  found:    java.lang.Class
[WARNING] /space/parallel/flink/flink9/dataset/flink/FLINK-3513_d90672fd647081ae82c53b42ca0080977465f176/flink-streaming-java/src/main/java/org/apache/flink/streaming/util/FieldAccessor.java:[127,66] unchecked method invocation: method getInfoFor in class org.apache.flink.api.common.typeinfo.BasicTypeInfo is applied to given types
  required: java.lang.Class<X>
  found: java.lang.Class
[WARNING] /space/parallel/flink/flink9/dataset/flink/FLINK-3513_d90672fd647081ae82c53b42ca0080977465f176/flink-streaming-java/src/main/java/org/apache/flink/streaming/runtime/operators/windowing/NonKeyedWindowOperator.java:[441,63] <S>getKeyValueState(java.lang.String,org.apache.flink.api.common.typeinfo.TypeInformation<S>,S) in org.apache.flink.streaming.api.windowing.triggers.Trigger.TriggerContext has been deprecated
[WARNING] /space/parallel/flink/flink9/dataset/flink/FLINK-3513_d90672fd647081ae82c53b42ca0080977465f176/flink-streaming-java/src/main/java/org/apache/flink/streaming/runtime/operators/windowing/NonKeyedWindowOperator.java:[422,63] <S>getKeyValueState(java.lang.String,java.lang.Class<S>,S) in org.apache.flink.streaming.api.windowing.triggers.Trigger.TriggerContext has been deprecated
[WARNING] /space/parallel/flink/flink9/dataset/flink/FLINK-3513_d90672fd647081ae82c53b42ca0080977465f176/flink-streaming-java/src/main/java/org/apache/flink/streaming/runtime/operators/windowing/NonKeyedWindowOperator.java:[487,36] unchecked cast
  required: S
  found:    org.apache.flink.api.common.state.ValueState
[WARNING] /space/parallel/flink/flink9/dataset/flink/FLINK-3513_d90672fd647081ae82c53b42ca0080977465f176/flink-streaming-java/src/main/java/org/apache/flink/streaming/runtime/operators/windowing/EvictingNonKeyedWindowOperator.java:[68,49] unchecked conversion
  required: java.lang.Iterable<org.apache.flink.streaming.runtime.streamrecord.StreamRecord<capture#1 of ? super IN>>
  found:    java.lang.Iterable
[WARNING] /space/parallel/flink/flink9/dataset/flink/FLINK-3513_d90672fd647081ae82c53b42ca0080977465f176/flink-streaming-java/src/main/java/org/apache/flink/streaming/runtime/operators/windowing/EvictingWindowOperator.java:[117,53] unchecked conversion
  required: java.lang.Iterable<org.apache.flink.streaming.runtime.streamrecord.StreamRecord<capture#2 of ? super IN>>
  found:    java.lang.Iterable
[WARNING] /space/parallel/flink/flink9/dataset/flink/FLINK-3513_d90672fd647081ae82c53b42ca0080977465f176/flink-streaming-java/src/main/java/org/apache/flink/streaming/runtime/operators/windowing/EvictingWindowOperator.java:[160,87] unchecked cast
  required: org.apache.flink.api.common.state.StateDescriptor<? extends org.apache.flink.api.common.state.MergingState<IN,java.lang.Iterable<IN>>,?>
  found:    org.apache.flink.api.common.state.StateDescriptor<capture#3 of ? extends org.apache.flink.api.common.state.ListState<org.apache.flink.streaming.runtime.streamrecord.StreamRecord<IN>>,capture#4 of ?>
[INFO] 
[INFO] --- maven-resources-plugin:2.6:testResources (default-testResources) @ flink-streaming-java_2.10 ---
[INFO] Using 'UTF-8' encoding to copy filtered resources.
[INFO] Copying 3 resources
[INFO] Copying 3 resources
[INFO] 
[INFO] --- maven-compiler-plugin:3.1:testCompile (default-testCompile) @ flink-streaming-java_2.10 ---
[INFO] Changes detected - recompiling the module!
[INFO] Compiling 126 source files to /space/parallel/flink/flink9/dataset/flink/FLINK-3513_d90672fd647081ae82c53b42ca0080977465f176/flink-streaming-java/target/test-classes
[WARNING] /space/parallel/flink/flink9/dataset/flink/FLINK-3513_d90672fd647081ae82c53b42ca0080977465f176/flink-streaming-java/src/test/java/org/apache/flink/streaming/api/RestartStrategyTest.java:[38,20] enableCheckpointing() in org.apache.flink.streaming.api.environment.StreamExecutionEnvironment has been deprecated
[WARNING] /space/parallel/flink/flink9/dataset/flink/FLINK-3513_d90672fd647081ae82c53b42ca0080977465f176/flink-streaming-java/src/test/java/org/apache/flink/streaming/api/RestartStrategyTest.java:[59,20] enableCheckpointing() in org.apache.flink.streaming.api.environment.StreamExecutionEnvironment has been deprecated
[WARNING] /space/parallel/flink/flink9/dataset/flink/FLINK-3513_d90672fd647081ae82c53b42ca0080977465f176/flink-streaming-java/src/test/java/org/apache/flink/streaming/api/RestartStrategyTest.java:[60,20] setNumberOfExecutionRetries(int) in org.apache.flink.streaming.api.environment.StreamExecutionEnvironment has been deprecated
[WARNING] /space/parallel/flink/flink9/dataset/flink/FLINK-3513_d90672fd647081ae82c53b42ca0080977465f176/flink-streaming-java/src/test/java/org/apache/flink/streaming/api/RestartStrategyTest.java:[80,20] enableCheckpointing() in org.apache.flink.streaming.api.environment.StreamExecutionEnvironment has been deprecated
[WARNING] /space/parallel/flink/flink9/dataset/flink/FLINK-3513_d90672fd647081ae82c53b42ca0080977465f176/flink-streaming-java/src/test/java/org/apache/flink/streaming/api/RestartStrategyTest.java:[81,20] setNumberOfExecutionRetries(int) in org.apache.flink.streaming.api.environment.StreamExecutionEnvironment has been deprecated
[WARNING] /space/parallel/flink/flink9/dataset/flink/FLINK-3513_d90672fd647081ae82c53b42ca0080977465f176/flink-streaming-java/src/test/java/org/apache/flink/streaming/api/RestartStrategyTest.java:[82,32] setExecutionRetryDelay(long) in org.apache.flink.api.common.ExecutionConfig has been deprecated
[WARNING] /space/parallel/flink/flink9/dataset/flink/FLINK-3513_d90672fd647081ae82c53b42ca0080977465f176/flink-streaming-java/src/test/java/org/apache/flink/streaming/runtime/operators/windowing/WindowTranslationTest.java:[96,203] unchecked cast
  required: org.apache.flink.streaming.api.transformations.OneInputTransformation<org.apache.flink.api.java.tuple.Tuple2<java.lang.String,java.lang.Integer>,org.apache.flink.api.java.tuple.Tuple2<java.lang.String,java.lang.Integer>>
  found:    org.apache.flink.streaming.api.transformations.StreamTransformation<org.apache.flink.api.java.tuple.Tuple2<java.lang.String,java.lang.Integer>>
[WARNING] /space/parallel/flink/flink9/dataset/flink/FLINK-3513_d90672fd647081ae82c53b42ca0080977465f176/flink-streaming-java/src/test/java/org/apache/flink/streaming/runtime/operators/windowing/WindowTranslationTest.java:[119,203] unchecked cast
  required: org.apache.flink.streaming.api.transformations.OneInputTransformation<org.apache.flink.api.java.tuple.Tuple2<java.lang.String,java.lang.Integer>,org.apache.flink.api.java.tuple.Tuple2<java.lang.String,java.lang.Integer>>
  found:    org.apache.flink.streaming.api.transformations.StreamTransformation<org.apache.flink.api.java.tuple.Tuple2<java.lang.String,java.lang.Integer>>
[WARNING] /space/parallel/flink/flink9/dataset/flink/FLINK-3513_d90672fd647081ae82c53b42ca0080977465f176/flink-streaming-java/src/test/java/org/apache/flink/streaming/runtime/operators/windowing/WindowTranslationTest.java:[144,203] unchecked cast
  required: org.apache.flink.streaming.api.transformations.OneInputTransformation<org.apache.flink.api.java.tuple.Tuple2<java.lang.String,java.lang.Integer>,org.apache.flink.api.java.tuple.Tuple2<java.lang.String,java.lang.Integer>>
  found:    org.apache.flink.streaming.api.transformations.StreamTransformation<org.apache.flink.api.java.tuple.Tuple2<java.lang.String,java.lang.Integer>>
[WARNING] /space/parallel/flink/flink9/dataset/flink/FLINK-3513_d90672fd647081ae82c53b42ca0080977465f176/flink-streaming-java/src/test/java/org/apache/flink/streaming/runtime/operators/windowing/WindowTranslationTest.java:[168,203] unchecked cast
  required: org.apache.flink.streaming.api.transformations.OneInputTransformation<org.apache.flink.api.java.tuple.Tuple2<java.lang.String,java.lang.Integer>,org.apache.flink.api.java.tuple.Tuple2<java.lang.String,java.lang.Integer>>
  found:    org.apache.flink.streaming.api.transformations.StreamTransformation<org.apache.flink.api.java.tuple.Tuple2<java.lang.String,java.lang.Integer>>
[WARNING] /space/parallel/flink/flink9/dataset/flink/FLINK-3513_d90672fd647081ae82c53b42ca0080977465f176/flink-streaming-java/src/test/java/org/apache/flink/streaming/runtime/operators/windowing/WindowTranslationTest.java:[193,203] unchecked cast
  required: org.apache.flink.streaming.api.transformations.OneInputTransformation<org.apache.flink.api.java.tuple.Tuple2<java.lang.String,java.lang.Integer>,org.apache.flink.api.java.tuple.Tuple2<java.lang.String,java.lang.Integer>>
  found:    org.apache.flink.streaming.api.transformations.StreamTransformation<org.apache.flink.api.java.tuple.Tuple2<java.lang.String,java.lang.Integer>>
[WARNING] /space/parallel/flink/flink9/dataset/flink/FLINK-3513_d90672fd647081ae82c53b42ca0080977465f176/flink-streaming-java/src/test/java/org/apache/flink/streaming/runtime/operators/windowing/WindowTranslationTest.java:[219,203] unchecked cast
  required: org.apache.flink.streaming.api.transformations.OneInputTransformation<org.apache.flink.api.java.tuple.Tuple2<java.lang.String,java.lang.Integer>,org.apache.flink.api.java.tuple.Tuple2<java.lang.String,java.lang.Integer>>
  found:    org.apache.flink.streaming.api.transformations.StreamTransformation<org.apache.flink.api.java.tuple.Tuple2<java.lang.String,java.lang.Integer>>
[WARNING] /space/parallel/flink/flink9/dataset/flink/FLINK-3513_d90672fd647081ae82c53b42ca0080977465f176/flink-streaming-java/src/test/java/org/apache/flink/streaming/api/StreamExecutionEnvironmentTest.java:[130,68] unchecked cast
  required: org.apache.flink.streaming.api.functions.source.SourceFunction<T>
  found:    capture#1 of ?
[WARNING] /space/parallel/flink/flink9/dataset/flink/FLINK-3513_d90672fd647081ae82c53b42ca0080977465f176/flink-streaming-java/src/test/java/org/apache/flink/streaming/api/DataStreamTest.java:[762,72] unchecked call to <OUT>map(org.apache.flink.streaming.api.functions.co.CoMapFunction<IN1,IN2,OUT>) as a member of the raw type org.apache.flink.streaming.api.datastream.ConnectedStreams
[WARNING] /space/parallel/flink/flink9/dataset/flink/FLINK-3513_d90672fd647081ae82c53b42ca0080977465f176/flink-streaming-java/src/test/java/org/apache/flink/streaming/api/DataStreamTest.java:[775,31] unchecked conversion
  required: org.apache.flink.streaming.api.functions.sink.SinkFunction<capture#2 of ?>
  found:    org.apache.flink.streaming.util.NoOpSink
[WARNING] /space/parallel/flink/flink9/dataset/flink/FLINK-3513_d90672fd647081ae82c53b42ca0080977465f176/flink-streaming-java/src/test/java/org/apache/flink/streaming/runtime/operators/windowing/NonKeyedWindowOperatorTest.java:[393,64] unchecked call to Factory(org.apache.flink.api.common.functions.ReduceFunction<T>) as a member of the raw type org.apache.flink.streaming.runtime.operators.windowing.buffers.PreAggregatingHeapWindowBuffer.Factory
[WARNING] /space/parallel/flink/flink9/dataset/flink/FLINK-3513_d90672fd647081ae82c53b42ca0080977465f176/flink-streaming-java/src/test/java/org/apache/flink/streaming/api/graph/StreamGraphGeneratorTest.java:[256,40] unchecked conversion
  required: org.apache.flink.streaming.runtime.streamrecord.StreamRecord<java.lang.Integer>
  found:    org.apache.flink.streaming.runtime.streamrecord.StreamRecord
[WARNING] /space/parallel/flink/flink9/dataset/flink/FLINK-3513_d90672fd647081ae82c53b42ca0080977465f176/flink-streaming-java/src/test/java/org/apache/flink/streaming/api/graph/StreamGraphGeneratorTest.java:[261,40] unchecked conversion
  required: org.apache.flink.streaming.runtime.streamrecord.StreamRecord<java.lang.Integer>
  found:    org.apache.flink.streaming.runtime.streamrecord.StreamRecord
[WARNING] /space/parallel/flink/flink9/dataset/flink/FLINK-3513_d90672fd647081ae82c53b42ca0080977465f176/flink-streaming-java/src/test/java/org/apache/flink/streaming/runtime/operators/windowing/AllWindowTranslationTest.java:[69,203] unchecked cast
  required: org.apache.flink.streaming.api.transformations.OneInputTransformation<org.apache.flink.api.java.tuple.Tuple2<java.lang.String,java.lang.Integer>,org.apache.flink.api.java.tuple.Tuple2<java.lang.String,java.lang.Integer>>
  found:    org.apache.flink.streaming.api.transformations.StreamTransformation<org.apache.flink.api.java.tuple.Tuple2<java.lang.String,java.lang.Integer>>
[WARNING] /space/parallel/flink/flink9/dataset/flink/FLINK-3513_d90672fd647081ae82c53b42ca0080977465f176/flink-streaming-java/src/test/java/org/apache/flink/streaming/runtime/operators/windowing/AllWindowTranslationTest.java:[91,203] unchecked cast
  required: org.apache.flink.streaming.api.transformations.OneInputTransformation<org.apache.flink.api.java.tuple.Tuple2<java.lang.String,java.lang.Integer>,org.apache.flink.api.java.tuple.Tuple2<java.lang.String,java.lang.Integer>>
  found:    org.apache.flink.streaming.api.transformations.StreamTransformation<org.apache.flink.api.java.tuple.Tuple2<java.lang.String,java.lang.Integer>>
[WARNING] /space/parallel/flink/flink9/dataset/flink/FLINK-3513_d90672fd647081ae82c53b42ca0080977465f176/flink-streaming-java/src/test/java/org/apache/flink/streaming/runtime/operators/windowing/AllWindowTranslationTest.java:[115,203] unchecked cast
  required: org.apache.flink.streaming.api.transformations.OneInputTransformation<org.apache.flink.api.java.tuple.Tuple2<java.lang.String,java.lang.Integer>,org.apache.flink.api.java.tuple.Tuple2<java.lang.String,java.lang.Integer>>
  found:    org.apache.flink.streaming.api.transformations.StreamTransformation<org.apache.flink.api.java.tuple.Tuple2<java.lang.String,java.lang.Integer>>
[WARNING] /space/parallel/flink/flink9/dataset/flink/FLINK-3513_d90672fd647081ae82c53b42ca0080977465f176/flink-streaming-java/src/test/java/org/apache/flink/streaming/runtime/operators/windowing/AllWindowTranslationTest.java:[138,203] unchecked cast
  required: org.apache.flink.streaming.api.transformations.OneInputTransformation<org.apache.flink.api.java.tuple.Tuple2<java.lang.String,java.lang.Integer>,org.apache.flink.api.java.tuple.Tuple2<java.lang.String,java.lang.Integer>>
  found:    org.apache.flink.streaming.api.transformations.StreamTransformation<org.apache.flink.api.java.tuple.Tuple2<java.lang.String,java.lang.Integer>>
[WARNING] /space/parallel/flink/flink9/dataset/flink/FLINK-3513_d90672fd647081ae82c53b42ca0080977465f176/flink-streaming-java/src/test/java/org/apache/flink/streaming/runtime/operators/windowing/AllWindowTranslationTest.java:[162,203] unchecked cast
  required: org.apache.flink.streaming.api.transformations.OneInputTransformation<org.apache.flink.api.java.tuple.Tuple2<java.lang.String,java.lang.Integer>,org.apache.flink.api.java.tuple.Tuple2<java.lang.String,java.lang.Integer>>
  found:    org.apache.flink.streaming.api.transformations.StreamTransformation<org.apache.flink.api.java.tuple.Tuple2<java.lang.String,java.lang.Integer>>
[WARNING] /space/parallel/flink/flink9/dataset/flink/FLINK-3513_d90672fd647081ae82c53b42ca0080977465f176/flink-streaming-java/src/test/java/org/apache/flink/streaming/runtime/operators/windowing/AllWindowTranslationTest.java:[187,203] unchecked cast
  required: org.apache.flink.streaming.api.transformations.OneInputTransformation<org.apache.flink.api.java.tuple.Tuple2<java.lang.String,java.lang.Integer>,org.apache.flink.api.java.tuple.Tuple2<java.lang.String,java.lang.Integer>>
  found:    org.apache.flink.streaming.api.transformations.StreamTransformation<org.apache.flink.api.java.tuple.Tuple2<java.lang.String,java.lang.Integer>>
[WARNING] /space/parallel/flink/flink9/dataset/flink/FLINK-3513_d90672fd647081ae82c53b42ca0080977465f176/flink-streaming-java/src/test/java/org/apache/flink/streaming/runtime/operators/windowing/TimeWindowTranslationTest.java:[70,203] unchecked cast
  required: org.apache.flink.streaming.api.transformations.OneInputTransformation<org.apache.flink.api.java.tuple.Tuple2<java.lang.String,java.lang.Integer>,org.apache.flink.api.java.tuple.Tuple2<java.lang.String,java.lang.Integer>>
  found:    org.apache.flink.streaming.api.transformations.StreamTransformation<org.apache.flink.api.java.tuple.Tuple2<java.lang.String,java.lang.Integer>>
[WARNING] /space/parallel/flink/flink9/dataset/flink/FLINK-3513_d90672fd647081ae82c53b42ca0080977465f176/flink-streaming-java/src/test/java/org/apache/flink/streaming/runtime/operators/windowing/TimeWindowTranslationTest.java:[89,203] unchecked cast
  required: org.apache.flink.streaming.api.transformations.OneInputTransformation<org.apache.flink.api.java.tuple.Tuple2<java.lang.String,java.lang.Integer>,org.apache.flink.api.java.tuple.Tuple2<java.lang.String,java.lang.Integer>>
  found:    org.apache.flink.streaming.api.transformations.StreamTransformation<org.apache.flink.api.java.tuple.Tuple2<java.lang.String,java.lang.Integer>>
[WARNING] /space/parallel/flink/flink9/dataset/flink/FLINK-3513_d90672fd647081ae82c53b42ca0080977465f176/flink-streaming-java/src/test/java/org/apache/flink/streaming/runtime/operators/windowing/TimeWindowTranslationTest.java:[109,203] unchecked cast
  required: org.apache.flink.streaming.api.transformations.OneInputTransformation<org.apache.flink.api.java.tuple.Tuple2<java.lang.String,java.lang.Integer>,org.apache.flink.api.java.tuple.Tuple2<java.lang.String,java.lang.Integer>>
  found:    org.apache.flink.streaming.api.transformations.StreamTransformation<org.apache.flink.api.java.tuple.Tuple2<java.lang.String,java.lang.Integer>>
[WARNING] /space/parallel/flink/flink9/dataset/flink/FLINK-3513_d90672fd647081ae82c53b42ca0080977465f176/flink-streaming-java/src/test/java/org/apache/flink/streaming/runtime/operators/windowing/TimeWindowTranslationTest.java:[132,203] unchecked cast
  required: org.apache.flink.streaming.api.transformations.OneInputTransformation<org.apache.flink.api.java.tuple.Tuple2<java.lang.String,java.lang.Integer>,org.apache.flink.api.java.tuple.Tuple2<java.lang.String,java.lang.Integer>>
  found:    org.apache.flink.streaming.api.transformations.StreamTransformation<org.apache.flink.api.java.tuple.Tuple2<java.lang.String,java.lang.Integer>>
[WARNING] /space/parallel/flink/flink9/dataset/flink/FLINK-3513_d90672fd647081ae82c53b42ca0080977465f176/flink-streaming-java/src/test/java/org/apache/flink/streaming/runtime/operators/windowing/TimeWindowTranslationTest.java:[162,203] unchecked cast
  required: org.apache.flink.streaming.api.transformations.OneInputTransformation<org.apache.flink.api.java.tuple.Tuple2<java.lang.String,java.lang.Integer>,org.apache.flink.api.java.tuple.Tuple2<java.lang.String,java.lang.Integer>>
  found:    org.apache.flink.streaming.api.transformations.StreamTransformation<org.apache.flink.api.java.tuple.Tuple2<java.lang.String,java.lang.Integer>>
[WARNING] /space/parallel/flink/flink9/dataset/flink/FLINK-3513_d90672fd647081ae82c53b42ca0080977465f176/flink-streaming-java/src/test/java/org/apache/flink/streaming/runtime/operators/windowing/TimeWindowTranslationTest.java:[180,203] unchecked cast
  required: org.apache.flink.streaming.api.transformations.OneInputTransformation<org.apache.flink.api.java.tuple.Tuple2<java.lang.String,java.lang.Integer>,org.apache.flink.api.java.tuple.Tuple2<java.lang.String,java.lang.Integer>>
  found:    org.apache.flink.streaming.api.transformations.StreamTransformation<org.apache.flink.api.java.tuple.Tuple2<java.lang.String,java.lang.Integer>>
[WARNING] /space/parallel/flink/flink9/dataset/flink/FLINK-3513_d90672fd647081ae82c53b42ca0080977465f176/flink-streaming-java/src/test/java/org/apache/flink/streaming/runtime/state/StateBackendITCase.java:[72,60] <S>getKeyValueState(java.lang.String,java.lang.Class<S>,S) in org.apache.flink.api.common.functions.RuntimeContext has been deprecated
[INFO] 
[INFO] --- maven-surefire-plugin:2.18.1:test (default-test) @ flink-streaming-java_2.10 ---
[INFO] Surefire report directory: /space/parallel/flink/flink9/dataset/flink/FLINK-3513_d90672fd647081ae82c53b42ca0080977465f176/flink-streaming-java/target/surefire-reports

-------------------------------------------------------
 T E S T S
-------------------------------------------------------
Running org.apache.flink.streaming.api.functions.windowing.delta.extractor.FieldsFromTupleTest
Running org.apache.flink.streaming.api.functions.source.FileMonitoringFunctionTest
Tests run: 1, Failures: 0, Errors: 0, Skipped: 0, Time elapsed: 0.261 sec - in org.apache.flink.streaming.api.functions.windowing.delta.extractor.FieldsFromTupleTest
Running org.apache.flink.streaming.api.functions.FromElementsFunctionTest
Running org.apache.flink.streaming.api.functions.IngestionTimeExtractorTest
Running org.apache.flink.streaming.api.operators.FoldApplyWindowFunctionTest
Running org.apache.flink.streaming.api.operators.StreamFilterTest
Running org.apache.flink.streaming.api.operators.co.CoStreamMapTest
Running org.apache.flink.streaming.api.streamtask.StreamVertexTest
Running org.apache.flink.streaming.api.functions.source.SocketTextStreamFunctionTest
Running org.apache.flink.streaming.api.functions.windowing.delta.extractor.FieldsFromArrayTest
Tests run: 3, Failures: 0, Errors: 0, Skipped: 0, Time elapsed: 0.062 sec - in org.apache.flink.streaming.api.functions.windowing.delta.extractor.FieldsFromArrayTest
Running org.apache.flink.streaming.api.operators.StreamMapTest
Running org.apache.flink.streaming.api.functions.sink.SocketClientSinkTest
Running org.apache.flink.streaming.api.functions.AscendingTimestampExtractorTest
Tests run: 1, Failures: 0, Errors: 0, Skipped: 0, Time elapsed: 0.554 sec - in org.apache.flink.streaming.api.functions.IngestionTimeExtractorTest
Running org.apache.flink.streaming.api.operators.StreamGroupedReduceTest
Running org.apache.flink.streaming.api.operators.StreamFlatMapTest
Running org.apache.flink.streaming.api.operators.StreamingRuntimeContextTest
Running org.apache.flink.streaming.api.functions.PrintSinkFunctionTest
Running org.apache.flink.streaming.api.operators.co.CoStreamFlatMapTest
Tests run: 1, Failures: 0, Errors: 0, Skipped: 0, Time elapsed: 1.336 sec - in org.apache.flink.streaming.api.functions.source.FileMonitoringFunctionTest
Running org.apache.flink.streaming.api.functions.windowing.delta.extractor.FieldFromTupleTest
Tests run: 1, Failures: 0, Errors: 0, Skipped: 0, Time elapsed: 0.89 sec - in org.apache.flink.streaming.api.operators.FoldApplyWindowFunctionTest
Running org.apache.flink.streaming.api.operators.co.SelfConnectionTest
Running org.apache.flink.streaming.api.operators.StreamGroupedFoldTest
Tests run: 1, Failures: 0, Errors: 0, Skipped: 0, Time elapsed: 0.23 sec - in org.apache.flink.streaming.api.functions.windowing.delta.extractor.FieldFromTupleTest
Tests run: 5, Failures: 0, Errors: 0, Skipped: 0, Time elapsed: 0.725 sec - in org.apache.flink.streaming.api.functions.AscendingTimestampExtractorTest
Running org.apache.flink.streaming.api.operators.StreamProjectTest
Running org.apache.flink.streaming.api.operators.StreamCounterTest
Tests run: 4, Failures: 0, Errors: 0, Skipped: 0, Time elapsed: 1.026 sec - in org.apache.flink.streaming.api.functions.sink.SocketClientSinkTest
Running org.apache.flink.streaming.api.functions.windowing.delta.extractor.ArrayFromTupleTest
Tests run: 2, Failures: 0, Errors: 0, Skipped: 0, Time elapsed: 0.17 sec - in org.apache.flink.streaming.api.functions.windowing.delta.extractor.ArrayFromTupleTest
Tests run: 2, Failures: 0, Errors: 0, Skipped: 0, Time elapsed: 1.931 sec - in org.apache.flink.streaming.api.operators.co.CoStreamMapTest
Running org.apache.flink.streaming.api.functions.windowing.delta.extractor.FieldFromArrayTest
Tests run: 3, Failures: 0, Errors: 0, Skipped: 0, Time elapsed: 0.019 sec - in org.apache.flink.streaming.api.functions.windowing.delta.extractor.FieldFromArrayTest
Tests run: 5, Failures: 0, Errors: 0, Skipped: 0, Time elapsed: 2.015 sec - in org.apache.flink.streaming.api.functions.source.SocketTextStreamFunctionTest
Running org.apache.flink.streaming.api.IterateTest
Running org.apache.flink.streaming.api.streamtask.StreamIterationHeadTest
Running org.apache.flink.streaming.api.DataStreamTest
Running org.apache.flink.streaming.api.functions.windowing.delta.extractor.ConcatenatedExtractTest
Running org.apache.flink.streaming.api.AggregationFunctionTest
Tests run: 2, Failures: 0, Errors: 0, Skipped: 0, Time elapsed: 0.102 sec - in org.apache.flink.streaming.api.functions.windowing.delta.extractor.ConcatenatedExtractTest
Tests run: 2, Failures: 0, Errors: 0, Skipped: 0, Time elapsed: 3.036 sec - in org.apache.flink.streaming.api.operators.StreamFilterTest
Tests run: 5, Failures: 0, Errors: 0, Skipped: 0, Time elapsed: 3.339 sec - in org.apache.flink.streaming.api.functions.FromElementsFunctionTest
Tests run: 2, Failures: 0, Errors: 0, Skipped: 0, Time elapsed: 2.247 sec - in org.apache.flink.streaming.api.operators.StreamGroupedFoldTest
Tests run: 2, Failures: 0, Errors: 0, Skipped: 0, Time elapsed: 2.757 sec - in org.apache.flink.streaming.api.operators.StreamMapTest
Running org.apache.flink.streaming.api.ChainedRuntimeContextTest
Tests run: 2, Failures: 0, Errors: 0, Skipped: 0, Time elapsed: 3.018 sec - in org.apache.flink.streaming.api.operators.StreamGroupedReduceTest
Tests run: 2, Failures: 0, Errors: 0, Skipped: 0, Time elapsed: 3.036 sec - in org.apache.flink.streaming.api.operators.StreamFlatMapTest
Running org.apache.flink.streaming.api.OutputSplitterTest
Tests run: 2, Failures: 0, Errors: 0, Skipped: 0, Time elapsed: 3.11 sec - in org.apache.flink.streaming.api.operators.co.CoStreamFlatMapTest
Tests run: 3, Failures: 0, Errors: 0, Skipped: 0, Time elapsed: 3.155 sec - in org.apache.flink.streaming.api.functions.PrintSinkFunctionTest
Running org.apache.flink.streaming.api.graph.StreamGraphGeneratorTest
Running org.apache.flink.streaming.api.TypeFillTest
Running org.apache.flink.streaming.api.graph.StreamingJobGraphGeneratorTest
Tests run: 1, Failures: 0, Errors: 0, Skipped: 0, Time elapsed: 3.533 sec - in org.apache.flink.streaming.api.operators.StreamCounterTest
Running org.apache.flink.streaming.api.graph.SlotAllocationTest
Running org.apache.flink.streaming.api.StreamExecutionEnvironmentTest
Running org.apache.flink.streaming.api.windowing.deltafunction.CosineDistanceTest
Running org.apache.flink.streaming.api.PartitionerTest
Tests run: 1, Failures: 0, Errors: 0, Skipped: 0, Time elapsed: 0.124 sec - in org.apache.flink.streaming.api.windowing.deltafunction.CosineDistanceTest
Running org.apache.flink.streaming.api.RestartStrategyTest
Running org.apache.flink.streaming.api.windowing.deltafunction.EuclideanDistanceTest
Running org.apache.flink.streaming.api.collector.DirectedOutputTest
Running org.apache.flink.streaming.api.collector.OutputSelectorTest
Tests run: 1, Failures: 0, Errors: 0, Skipped: 0, Time elapsed: 0.058 sec - in org.apache.flink.streaming.api.windowing.deltafunction.EuclideanDistanceTest
Tests run: 4, Failures: 0, Errors: 0, Skipped: 0, Time elapsed: 2.054 sec - in org.apache.flink.streaming.api.graph.StreamGraphGeneratorTest
Tests run: 1, Failures: 0, Errors: 0, Skipped: 0, Time elapsed: 0.072 sec - in org.apache.flink.streaming.api.collector.OutputSelectorTest
Running org.apache.flink.streaming.api.SourceFunctionTest
Running org.apache.flink.streaming.graph.TranslationTest
Running org.apache.flink.streaming.graph.StreamingJobGraphGeneratorNodeHashTest
Tests run: 4, Failures: 0, Errors: 0, Skipped: 0, Time elapsed: 4.211 sec - in org.apache.flink.streaming.api.AggregationFunctionTest
Tests run: 2, Failures: 0, Errors: 0, Skipped: 0, Time elapsed: 2.903 sec - in org.apache.flink.streaming.api.graph.StreamingJobGraphGeneratorTest
Running org.apache.flink.streaming.util.TypeInformationSerializationSchemaTest
Running org.apache.flink.streaming.util.HDFSCopyUtilitiesTest
Running org.apache.flink.streaming.util.keys.ArrayKeySelectorTest
Tests run: 4, Failures: 0, Errors: 0, Skipped: 0, Time elapsed: 3.884 sec - in org.apache.flink.streaming.api.graph.SlotAllocationTest
Tests run: 1, Failures: 0, Errors: 0, Skipped: 0, Time elapsed: 5.942 sec - in org.apache.flink.streaming.api.streamtask.StreamIterationHeadTest
Tests run: 3, Failures: 0, Errors: 0, Skipped: 0, Time elapsed: 2.976 sec - in org.apache.flink.streaming.api.RestartStrategyTest
Running org.apache.flink.streaming.runtime.operators.TimestampsAndPeriodicWatermarksOperatorTest
Running org.apache.flink.streaming.util.FieldAccessorTest
Tests run: 4, Failures: 0, Errors: 0, Skipped: 0, Time elapsed: 3.119 sec - in org.apache.flink.streaming.api.SourceFunctionTest
Tests run: 2, Failures: 0, Errors: 0, Skipped: 0, Time elapsed: 0.868 sec - in org.apache.flink.streaming.util.keys.ArrayKeySelectorTest
Tests run: 3, Failures: 0, Errors: 0, Skipped: 0, Time elapsed: 8.825 sec - in org.apache.flink.streaming.api.operators.StreamingRuntimeContextTest
Tests run: 2, Failures: 0, Errors: 0, Skipped: 0, Time elapsed: 1.036 sec - in org.apache.flink.streaming.util.FieldAccessorTest
Tests run: 3, Failures: 0, Errors: 0, Skipped: 0, Time elapsed: 10.652 sec - in org.apache.flink.streaming.api.streamtask.StreamVertexTest
Running org.apache.flink.streaming.runtime.operators.TimestampsAndPunctuatedWatermarksOperatorTest
Tests run: 11, Failures: 1, Errors: 0, Skipped: 0, Time elapsed: 3.824 sec <<< FAILURE! - in org.apache.flink.streaming.graph.StreamingJobGraphGeneratorNodeHashTest
testChangedOperatorName(org.apache.flink.streaming.graph.StreamingJobGraphGeneratorNodeHashTest)  Time elapsed: 0.094 sec  <<< FAILURE!
java.lang.AssertionError: expected:<b5a07107ff294c7c73af04fe19fe861e> but was:<794fffc5554098c3a3a108acf8061d34>
	at org.junit.Assert.fail(Assert.java:88)
	at org.junit.Assert.failNotEquals(Assert.java:743)
	at org.junit.Assert.assertEquals(Assert.java:118)
	at org.junit.Assert.assertEquals(Assert.java:144)
	at org.apache.flink.streaming.graph.StreamingJobGraphGeneratorNodeHashTest.testChangedOperatorName(StreamingJobGraphGeneratorNodeHashTest.java:343)

Running org.apache.flink.streaming.runtime.operators.windowing.EvictingNonKeyedWindowOperatorTest
Running org.apache.flink.streaming.runtime.operators.windowing.WindowOperatorTest
Running org.apache.flink.streaming.runtime.operators.windowing.EvictingWindowOperatorTest
Running org.apache.flink.streaming.runtime.operators.windowing.KeyMapPutIfAbsentTest
Running org.apache.flink.streaming.runtime.operators.windowing.TimeWindowTranslationTest
Tests run: 2, Failures: 0, Errors: 0, Skipped: 0, Time elapsed: 4.032 sec - in org.apache.flink.streaming.util.HDFSCopyUtilitiesTest
Running org.apache.flink.streaming.runtime.operators.windowing.AccumulatingAlignedProcessingTimeWindowOperatorTest
Tests run: 2, Failures: 0, Errors: 0, Skipped: 0, Time elapsed: 3.954 sec - in org.apache.flink.streaming.runtime.operators.TimestampsAndPeriodicWatermarksOperatorTest
Running org.apache.flink.streaming.runtime.operators.windowing.KeyMapPutTest
Running org.apache.flink.streaming.runtime.operators.windowing.KeyMapTest
Tests run: 2, Failures: 0, Errors: 0, Skipped: 0, Time elapsed: 2.683 sec - in org.apache.flink.streaming.runtime.operators.TimestampsAndPunctuatedWatermarksOperatorTest
Tests run: 2, Failures: 0, Errors: 0, Skipped: 0, Time elapsed: 12.901 sec - in org.apache.flink.streaming.api.operators.co.SelfConnectionTest
Tests run: 1, Failures: 0, Errors: 0, Skipped: 0, Time elapsed: 9.99 sec - in org.apache.flink.streaming.api.TypeFillTest
Tests run: 1, Failures: 0, Errors: 0, Skipped: 0, Time elapsed: 8.709 sec - in org.apache.flink.streaming.api.collector.DirectedOutputTest
Tests run: 1, Failures: 0, Errors: 0, Skipped: 0, Time elapsed: 3.885 sec - in org.apache.flink.streaming.runtime.operators.windowing.EvictingNonKeyedWindowOperatorTest
Tests run: 2, Failures: 0, Errors: 0, Skipped: 0, Time elapsed: 7.279 sec - in org.apache.flink.streaming.util.TypeInformationSerializationSchemaTest
Running org.apache.flink.streaming.runtime.operators.windowing.AggregatingAlignedProcessingTimeWindowOperatorTest
Tests run: 6, Failures: 0, Errors: 0, Skipped: 0, Time elapsed: 3.801 sec - in org.apache.flink.streaming.runtime.operators.windowing.WindowOperatorTest
Running org.apache.flink.streaming.runtime.operators.windowing.AllWindowTranslationTest
Tests run: 2, Failures: 0, Errors: 0, Skipped: 0, Time elapsed: 10.873 sec - in org.apache.flink.streaming.api.StreamExecutionEnvironmentTest
Running org.apache.flink.streaming.runtime.streamrecord.StreamRecordTest
Tests run: 8, Failures: 0, Errors: 0, Skipped: 0, Time elapsed: 0.126 sec - in org.apache.flink.streaming.runtime.streamrecord.StreamRecordTest
Running org.apache.flink.streaming.runtime.operators.windowing.WindowTranslationTest
Tests run: 2, Failures: 0, Errors: 0, Skipped: 0, Time elapsed: 12.989 sec - in org.apache.flink.streaming.api.OutputSplitterTest
Tests run: 2, Failures: 0, Errors: 0, Skipped: 0, Time elapsed: 5.219 sec - in org.apache.flink.streaming.runtime.operators.windowing.EvictingWindowOperatorTest
Running org.apache.flink.streaming.runtime.streamrecord.StreamRecordSerializerTest
Running org.apache.flink.streaming.runtime.operators.windowing.NonKeyedWindowOperatorTest
Tests run: 8, Failures: 0, Errors: 0, Skipped: 0, Time elapsed: 14.14 sec - in org.apache.flink.streaming.api.DataStreamTest
Running org.apache.flink.streaming.runtime.operators.StreamTaskTimerTest
Tests run: 2, Failures: 0, Errors: 0, Skipped: 0, Time elapsed: 16.077 sec - in org.apache.flink.streaming.api.operators.StreamProjectTest
Tests run: 1, Failures: 0, Errors: 0, Skipped: 0, Time elapsed: 11.071 sec - in org.apache.flink.streaming.graph.TranslationTest
Running org.apache.flink.streaming.runtime.streamrecord.MultiplexingStreamRecordSerializerTest
Running org.apache.flink.streaming.runtime.partitioner.GlobalPartitionerTest
Tests run: 1, Failures: 0, Errors: 0, Skipped: 0, Time elapsed: 0.083 sec - in org.apache.flink.streaming.runtime.partitioner.GlobalPartitionerTest
Running org.apache.flink.streaming.runtime.partitioner.RescalePartitionerTest
Running org.apache.flink.streaming.runtime.partitioner.RebalancePartitionerTest
Tests run: 2, Failures: 0, Errors: 0, Skipped: 0, Time elapsed: 0.015 sec - in org.apache.flink.streaming.runtime.partitioner.RebalancePartitionerTest
Running org.apache.flink.streaming.runtime.partitioner.ShufflePartitionerTest
Tests run: 2, Failures: 0, Errors: 0, Skipped: 0, Time elapsed: 0.032 sec - in org.apache.flink.streaming.runtime.partitioner.ShufflePartitionerTest
Tests run: 3, Failures: 0, Errors: 0, Skipped: 0, Time elapsed: 1.559 sec - in org.apache.flink.streaming.runtime.streamrecord.StreamRecordSerializerTest
Running org.apache.flink.streaming.runtime.partitioner.ForwardPartitionerTest
Tests run: 2, Failures: 0, Errors: 0, Skipped: 0, Time elapsed: 0.125 sec - in org.apache.flink.streaming.runtime.partitioner.ForwardPartitionerTest
Tests run: 1, Failures: 0, Errors: 0, Skipped: 0, Time elapsed: 15.776 sec - in org.apache.flink.streaming.api.ChainedRuntimeContextTest
Tests run: 3, Failures: 0, Errors: 0, Skipped: 0, Time elapsed: 1.893 sec - in org.apache.flink.streaming.runtime.streamrecord.MultiplexingStreamRecordSerializerTest
Running org.apache.flink.streaming.runtime.partitioner.HashPartitionerTest
Tests run: 2, Failures: 0, Errors: 0, Skipped: 0, Time elapsed: 0.318 sec - in org.apache.flink.streaming.runtime.partitioner.HashPartitionerTest
Running org.apache.flink.streaming.runtime.partitioner.BroadcastPartitionerTest
Tests run: 1, Failures: 0, Errors: 0, Skipped: 0, Time elapsed: 0.174 sec - in org.apache.flink.streaming.runtime.partitioner.BroadcastPartitionerTest
Running org.apache.flink.streaming.runtime.tasks.StreamTaskTest
Running org.apache.flink.streaming.runtime.io.BarrierBufferTest
Tests run: 3, Failures: 0, Errors: 0, Skipped: 0, Time elapsed: 15.312 sec - in org.apache.flink.streaming.api.PartitionerTest
Tests run: 8, Failures: 0, Errors: 0, Skipped: 0, Time elapsed: 4.146 sec - in org.apache.flink.streaming.runtime.operators.windowing.NonKeyedWindowOperatorTest
Running org.apache.flink.streaming.runtime.io.BarrierTrackerTest
Tests run: 12, Failures: 0, Errors: 0, Skipped: 0, Time elapsed: 1.373 sec - in org.apache.flink.streaming.runtime.io.BarrierBufferTest
Tests run: 7, Failures: 0, Errors: 0, Skipped: 0, Time elapsed: 0.259 sec - in org.apache.flink.streaming.runtime.io.BarrierTrackerTest
Running org.apache.flink.streaming.runtime.io.BufferSpillerTest
Running org.apache.flink.streaming.runtime.io.SpilledBufferOrEventSequenceTest
Running org.apache.flink.streaming.runtime.tasks.StreamTaskAsyncCheckpointTest
Running org.apache.flink.streaming.runtime.io.BarrierBufferMassiveRandomTest
Tests run: 3, Failures: 0, Errors: 0, Skipped: 0, Time elapsed: 5.82 sec - in org.apache.flink.streaming.runtime.partitioner.RescalePartitionerTest
Tests run: 3, Failures: 0, Errors: 0, Skipped: 1, Time elapsed: 11.624 sec - in org.apache.flink.streaming.runtime.operators.windowing.TimeWindowTranslationTest
Tests run: 2, Failures: 0, Errors: 0, Skipped: 0, Time elapsed: 10.994 sec - in org.apache.flink.streaming.runtime.operators.windowing.KeyMapPutTest
Running org.apache.flink.streaming.runtime.tasks.SourceStreamTaskTest
Running org.apache.flink.streaming.runtime.tasks.TwoInputStreamTaskTest
Running org.apache.flink.streaming.runtime.tasks.OneInputStreamTaskTest
Tests run: 2, Failures: 0, Errors: 0, Skipped: 0, Time elapsed: 7.914 sec - in org.apache.flink.streaming.runtime.operators.StreamTaskTimerTest
Tests run: 1, Failures: 0, Errors: 0, Skipped: 0, Time elapsed: 4.77 sec - in org.apache.flink.streaming.runtime.tasks.StreamTaskTest
Tests run: 1, Failures: 0, Errors: 0, Skipped: 0, Time elapsed: 3.715 sec - in org.apache.flink.streaming.runtime.tasks.StreamTaskAsyncCheckpointTest
Running org.apache.flink.streaming.runtime.io.StreamRecordWriterTest
Tests run: 4, Failures: 0, Errors: 0, Skipped: 0, Time elapsed: 10.415 sec - in org.apache.flink.streaming.runtime.operators.windowing.WindowTranslationTest
Tests run: 8, Failures: 0, Errors: 0, Skipped: 0, Time elapsed: 5.137 sec - in org.apache.flink.streaming.runtime.io.SpilledBufferOrEventSequenceTest
Tests run: 3, Failures: 0, Errors: 0, Skipped: 0, Time elapsed: 11.882 sec - in org.apache.flink.streaming.runtime.operators.windowing.AllWindowTranslationTest
Tests run: 12, Failures: 0, Errors: 0, Skipped: 0, Time elapsed: 12.884 sec - in org.apache.flink.streaming.runtime.operators.windowing.AggregatingAlignedProcessingTimeWindowOperatorTest
Tests run: 10, Failures: 0, Errors: 0, Skipped: 0, Time elapsed: 15.223 sec - in org.apache.flink.streaming.runtime.operators.windowing.AccumulatingAlignedProcessingTimeWindowOperatorTest
Tests run: 4, Failures: 0, Errors: 0, Skipped: 0, Time elapsed: 4.806 sec - in org.apache.flink.streaming.runtime.tasks.TwoInputStreamTaskTest
Tests run: 14, Failures: 0, Errors: 0, Skipped: 0, Time elapsed: 26.653 sec - in org.apache.flink.streaming.api.IterateTest
Tests run: 2, Failures: 0, Errors: 0, Skipped: 0, Time elapsed: 18.056 sec - in org.apache.flink.streaming.runtime.operators.windowing.KeyMapPutIfAbsentTest
Tests run: 1, Failures: 0, Errors: 0, Skipped: 0, Time elapsed: 3.139 sec - in org.apache.flink.streaming.runtime.io.StreamRecordWriterTest
Tests run: 4, Failures: 0, Errors: 0, Skipped: 0, Time elapsed: 5.631 sec - in org.apache.flink.streaming.runtime.tasks.OneInputStreamTaskTest
Tests run: 3, Failures: 0, Errors: 0, Skipped: 0, Time elapsed: 7.557 sec - in org.apache.flink.streaming.runtime.tasks.SourceStreamTaskTest
Tests run: 3, Failures: 0, Errors: 0, Skipped: 0, Time elapsed: 9.682 sec - in org.apache.flink.streaming.runtime.io.BufferSpillerTest
Tests run: 4, Failures: 0, Errors: 0, Skipped: 0, Time elapsed: 19 sec - in org.apache.flink.streaming.runtime.operators.windowing.KeyMapTest
Tests run: 1, Failures: 0, Errors: 0, Skipped: 0, Time elapsed: 22.791 sec - in org.apache.flink.streaming.runtime.io.BarrierBufferMassiveRandomTest

Results :

Failed tests: 
  StreamingJobGraphGeneratorNodeHashTest.testChangedOperatorName:343 expected:<b5a07107ff294c7c73af04fe19fe861e> but was:<794fffc5554098c3a3a108acf8061d34>

Tests run: 274, Failures: 1, Errors: 0, Skipped: 1

[INFO] ------------------------------------------------------------------------
[INFO] BUILD FAILURE
[INFO] ------------------------------------------------------------------------
[INFO] Total time: 01:00 min
[INFO] Finished at: 2016-07-14T12:50:36-07:00
[INFO] Final Memory: 58M/3502M
[INFO] ------------------------------------------------------------------------
[ERROR] Failed to execute goal org.apache.maven.plugins:maven-surefire-plugin:2.18.1:test (default-test) on project flink-streaming-java_2.10: There are test failures.
[ERROR] 
[ERROR] Please refer to /space/parallel/flink/flink9/dataset/flink/FLINK-3513_d90672fd647081ae82c53b42ca0080977465f176/flink-streaming-java/target/surefire-reports for the individual test results.
[ERROR] -> [Help 1]
[ERROR] 
[ERROR] To see the full stack trace of the errors, re-run Maven with the -e switch.
[ERROR] Re-run Maven using the -X switch to enable full debug logging.
[ERROR] 
[ERROR] For more information about the errors and possible solutions, please read the following articles:
[ERROR] [Help 1] http://cwiki.apache.org/confluence/display/MAVEN/MojoFailureException
