[INFO] Scanning for projects...
[INFO]                                                                         
[INFO] ------------------------------------------------------------------------
[INFO] Building flink-java 0.9-SNAPSHOT
[INFO] ------------------------------------------------------------------------
[INFO] 
[INFO] --- maven-checkstyle-plugin:2.12.1:check (validate) @ flink-java ---
[INFO] 
[INFO] 
[INFO] --- maven-enforcer-plugin:1.3.1:enforce (enforce-maven) @ flink-java ---
[INFO] 
[INFO] --- maven-remote-resources-plugin:1.5:process (default) @ flink-java ---
[INFO] 
[INFO] --- maven-resources-plugin:2.6:resources (default-resources) @ flink-java ---
[INFO] Using 'UTF-8' encoding to copy filtered resources.
[INFO] skip non existing resourceDirectory /space/parallel/flink/flink9/dataset/flink/FLINK-1531_21f47d9c69441c17b5f90ea2c7cb8f4d47f7fcb5/flink-java/src/main/resources
[INFO] Copying 3 resources
[INFO] 
[INFO] --- maven-compiler-plugin:3.1:compile (default-compile) @ flink-java ---
[INFO] Changes detected - recompiling the module!
[INFO] Compiling 236 source files to /space/parallel/flink/flink9/dataset/flink/FLINK-1531_21f47d9c69441c17b5f90ea2c7cb8f4d47f7fcb5/flink-java/target/classes
[WARNING] /space/parallel/flink/flink9/dataset/flink/FLINK-1531_21f47d9c69441c17b5f90ea2c7cb8f4d47f7fcb5/flink-java/src/main/java/org/apache/flink/api/java/record/operators/CoGroupOperator.java:[366,78] org.apache.flink.api.java.record.functions.CoGroupFunction in org.apache.flink.api.java.record.functions has been deprecated
[WARNING] /space/parallel/flink/flink9/dataset/flink/FLINK-1531_21f47d9c69441c17b5f90ea2c7cb8f4d47f7fcb5/flink-java/src/main/java/org/apache/flink/api/java/record/functions/MapFunction.java:[22,45] org.apache.flink.api.common.functions.GenericCollectorMap in org.apache.flink.api.common.functions has been deprecated
[WARNING] /space/parallel/flink/flink9/dataset/flink/FLINK-1531_21f47d9c69441c17b5f90ea2c7cb8f4d47f7fcb5/flink-java/src/main/java/org/apache/flink/api/java/record/functions/MapFunction.java:[36,75] org.apache.flink.api.common.functions.GenericCollectorMap in org.apache.flink.api.common.functions has been deprecated
[WARNING] /space/parallel/flink/flink9/dataset/flink/FLINK-1531_21f47d9c69441c17b5f90ea2c7cb8f4d47f7fcb5/flink-java/src/main/java/org/apache/flink/api/java/record/io/CsvInputFormat.java:[28,50] org.apache.flink.api.java.record.operators.FileDataSource in org.apache.flink.api.java.record.operators has been deprecated
[WARNING] /space/parallel/flink/flink9/dataset/flink/FLINK-1531_21f47d9c69441c17b5f90ea2c7cb8f4d47f7fcb5/flink-java/src/main/java/org/apache/flink/api/java/record/operators/JoinOperator.java:[52,76] org.apache.flink.api.java.record.functions.JoinFunction in org.apache.flink.api.java.record.functions has been deprecated
[WARNING] /space/parallel/flink/flink9/dataset/flink/FLINK-1531_21f47d9c69441c17b5f90ea2c7cb8f4d47f7fcb5/flink-java/src/main/java/org/apache/flink/api/java/record/operators/CrossWithLargeOperator.java:[26,50] org.apache.flink.api.java.record.functions.CrossFunction in org.apache.flink.api.java.record.functions has been deprecated
[WARNING] /space/parallel/flink/flink9/dataset/flink/FLINK-1531_21f47d9c69441c17b5f90ea2c7cb8f4d47f7fcb5/flink-java/src/main/java/org/apache/flink/api/java/record/operators/CrossOperator.java:[34,50] org.apache.flink.api.java.record.functions.CrossFunction in org.apache.flink.api.java.record.functions has been deprecated
[WARNING] /space/parallel/flink/flink9/dataset/flink/FLINK-1531_21f47d9c69441c17b5f90ea2c7cb8f4d47f7fcb5/flink-java/src/main/java/org/apache/flink/api/java/record/operators/CrossOperator.java:[51,78] org.apache.flink.api.java.record.functions.CrossFunction in org.apache.flink.api.java.record.functions has been deprecated
[WARNING] /space/parallel/flink/flink9/dataset/flink/FLINK-1531_21f47d9c69441c17b5f90ea2c7cb8f4d47f7fcb5/flink-java/src/main/java/org/apache/flink/api/java/record/operators/CrossWithLargeOperator.java:[42,45] org.apache.flink.api.java.record.operators.CrossOperator in org.apache.flink.api.java.record.operators has been deprecated
[WARNING] /space/parallel/flink/flink9/dataset/flink/FLINK-1531_21f47d9c69441c17b5f90ea2c7cb8f4d47f7fcb5/flink-java/src/main/java/org/apache/flink/api/java/record/io/DelimitedOutputFormat.java:[25,50] org.apache.flink.api.java.record.operators.FileDataSink in org.apache.flink.api.java.record.operators has been deprecated
[WARNING] /space/parallel/flink/flink9/dataset/flink/FLINK-1531_21f47d9c69441c17b5f90ea2c7cb8f4d47f7fcb5/flink-java/src/main/java/org/apache/flink/api/java/record/operators/ReduceOperator.java:[45,50] org.apache.flink.api.java.record.functions.FunctionAnnotation in org.apache.flink.api.java.record.functions has been deprecated
[WARNING] /space/parallel/flink/flink9/dataset/flink/FLINK-1531_21f47d9c69441c17b5f90ea2c7cb8f4d47f7fcb5/flink-java/src/main/java/org/apache/flink/api/java/record/operators/ReduceOperator.java:[46,50] org.apache.flink.api.java.record.functions.ReduceFunction in org.apache.flink.api.java.record.functions has been deprecated
[WARNING] /space/parallel/flink/flink9/dataset/flink/FLINK-1531_21f47d9c69441c17b5f90ea2c7cb8f4d47f7fcb5/flink-java/src/main/java/org/apache/flink/api/java/record/operators/ReduceOperator.java:[370,77] org.apache.flink.api.java.record.functions.ReduceFunction in org.apache.flink.api.java.record.functions has been deprecated
[WARNING] /space/parallel/flink/flink9/dataset/flink/FLINK-1531_21f47d9c69441c17b5f90ea2c7cb8f4d47f7fcb5/flink-java/src/main/java/org/apache/flink/api/java/record/operators/MapPartitionOperator.java:[34,50] org.apache.flink.api.java.record.functions.FunctionAnnotation in org.apache.flink.api.java.record.functions has been deprecated
[WARNING] /space/parallel/flink/flink9/dataset/flink/FLINK-1531_21f47d9c69441c17b5f90ea2c7cb8f4d47f7fcb5/flink-java/src/main/java/org/apache/flink/api/java/record/operators/MapPartitionOperator.java:[50,84] org.apache.flink.api.java.record.functions.MapPartitionFunction in org.apache.flink.api.java.record.functions has been deprecated
[WARNING] /space/parallel/flink/flink9/dataset/flink/FLINK-1531_21f47d9c69441c17b5f90ea2c7cb8f4d47f7fcb5/flink-java/src/main/java/org/apache/flink/api/java/record/operators/MapOperator.java:[30,50] org.apache.flink.api.common.operators.base.CollectorMapOperatorBase in org.apache.flink.api.common.operators.base has been deprecated
[WARNING] /space/parallel/flink/flink9/dataset/flink/FLINK-1531_21f47d9c69441c17b5f90ea2c7cb8f4d47f7fcb5/flink-java/src/main/java/org/apache/flink/api/java/record/operators/MapOperator.java:[34,50] org.apache.flink.api.java.record.functions.FunctionAnnotation in org.apache.flink.api.java.record.functions has been deprecated
[WARNING] /space/parallel/flink/flink9/dataset/flink/FLINK-1531_21f47d9c69441c17b5f90ea2c7cb8f4d47f7fcb5/flink-java/src/main/java/org/apache/flink/api/java/record/operators/MapOperator.java:[35,50] org.apache.flink.api.java.record.functions.MapFunction in org.apache.flink.api.java.record.functions has been deprecated
[WARNING] /space/parallel/flink/flink9/dataset/flink/FLINK-1531_21f47d9c69441c17b5f90ea2c7cb8f4d47f7fcb5/flink-java/src/main/java/org/apache/flink/api/java/record/operators/MapOperator.java:[52,34] org.apache.flink.api.common.operators.base.CollectorMapOperatorBase in org.apache.flink.api.common.operators.base has been deprecated
[WARNING] /space/parallel/flink/flink9/dataset/flink/FLINK-1531_21f47d9c69441c17b5f90ea2c7cb8f4d47f7fcb5/flink-java/src/main/java/org/apache/flink/api/java/record/operators/MapOperator.java:[52,75] org.apache.flink.api.java.record.functions.MapFunction in org.apache.flink.api.java.record.functions has been deprecated
[WARNING] /space/parallel/flink/flink9/dataset/flink/FLINK-1531_21f47d9c69441c17b5f90ea2c7cb8f4d47f7fcb5/flink-java/src/main/java/org/apache/flink/api/java/record/operators/CrossWithSmallOperator.java:[26,50] org.apache.flink.api.java.record.functions.CrossFunction in org.apache.flink.api.java.record.functions has been deprecated
[WARNING] /space/parallel/flink/flink9/dataset/flink/FLINK-1531_21f47d9c69441c17b5f90ea2c7cb8f4d47f7fcb5/flink-java/src/main/java/org/apache/flink/api/java/record/operators/CrossWithSmallOperator.java:[42,45] org.apache.flink.api.java.record.operators.CrossOperator in org.apache.flink.api.java.record.operators has been deprecated
[WARNING] /space/parallel/flink/flink9/dataset/flink/FLINK-1531_21f47d9c69441c17b5f90ea2c7cb8f4d47f7fcb5/flink-java/src/main/java/org/apache/flink/api/java/typeutils/runtime/AvroSerializer.java:[82,31] duplicate() in org.apache.flink.api.java.typeutils.runtime.AvroSerializer overrides duplicate() in org.apache.flink.api.common.typeutils.TypeSerializer
  return type requires unchecked conversion from org.apache.flink.api.java.typeutils.runtime.AvroSerializer to org.apache.flink.api.common.typeutils.TypeSerializer<T>
[WARNING] /space/parallel/flink/flink9/dataset/flink/FLINK-1531_21f47d9c69441c17b5f90ea2c7cb8f4d47f7fcb5/flink-java/src/main/java/org/apache/flink/api/java/typeutils/runtime/AvroSerializer.java:[83,24] unchecked call to AvroSerializer(java.lang.Class<T>,java.lang.Class<? extends T>) as a member of the raw type org.apache.flink.api.java.typeutils.runtime.AvroSerializer
[WARNING] /space/parallel/flink/flink9/dataset/flink/FLINK-1531_21f47d9c69441c17b5f90ea2c7cb8f4d47f7fcb5/flink-java/src/main/java/org/apache/flink/api/java/tuple/Tuple.java:[99,56] unchecked cast
  required: java.lang.Class<? extends org.apache.flink.api.java.tuple.Tuple>
  found:    java.lang.Class<?>
[WARNING] /space/parallel/flink/flink9/dataset/flink/FLINK-1531_21f47d9c69441c17b5f90ea2c7cb8f4d47f7fcb5/flink-java/src/main/java/org/apache/flink/api/java/typeutils/runtime/WritableSerializer.java:[101,35] duplicate() in org.apache.flink.api.java.typeutils.runtime.WritableSerializer overrides duplicate() in org.apache.flink.api.common.typeutils.TypeSerializer
  return type requires unchecked conversion from org.apache.flink.api.java.typeutils.runtime.WritableSerializer to org.apache.flink.api.common.typeutils.TypeSerializer<T>
[WARNING] /space/parallel/flink/flink9/dataset/flink/FLINK-1531_21f47d9c69441c17b5f90ea2c7cb8f4d47f7fcb5/flink-java/src/main/java/org/apache/flink/api/java/typeutils/runtime/WritableSerializer.java:[102,24] unchecked call to WritableSerializer(java.lang.Class<T>) as a member of the raw type org.apache.flink.api.java.typeutils.runtime.WritableSerializer
[INFO] 
[INFO] --- maven-resources-plugin:2.6:testResources (default-testResources) @ flink-java ---
[INFO] Using 'UTF-8' encoding to copy filtered resources.
[INFO] skip non existing resourceDirectory /space/parallel/flink/flink9/dataset/flink/FLINK-1531_21f47d9c69441c17b5f90ea2c7cb8f4d47f7fcb5/flink-java/src/test/resources
[INFO] Copying 3 resources
[INFO] 
[INFO] --- maven-compiler-plugin:3.1:testCompile (default-testCompile) @ flink-java ---
[INFO] Nothing to compile - all classes are up to date
[INFO] 
[INFO] --- maven-surefire-plugin:2.17:test (default-test) @ flink-java ---
[INFO] Surefire report directory: /space/parallel/flink/flink9/dataset/flink/FLINK-1531_21f47d9c69441c17b5f90ea2c7cb8f4d47f7fcb5/flink-java/target/surefire-reports

-------------------------------------------------------
 T E S T S
-------------------------------------------------------

-------------------------------------------------------
 T E S T S
-------------------------------------------------------
Running org.apache.flink.api.java.operators.NamesTest
Running org.apache.flink.api.java.operators.translation.DeltaIterationTranslationTest
Running org.apache.flink.api.java.hadoop.mapreduce.HadoopInputFormatTest
Running org.apache.flink.api.java.operators.translation.CoGroupSortTranslationTest
Running org.apache.flink.api.java.type.extractor.PojoTypeInformationTest
Running org.apache.flink.api.java.operators.translation.DistinctTranslationTest
Running org.apache.flink.api.java.operators.translation.AggregateTranslationTest
Running org.apache.flink.api.java.hadoop.mapred.HadoopInputFormatTest
Running org.apache.flink.api.java.type.extractor.PojoTypeExtractionTest
Running org.apache.flink.api.java.operators.KeysTest
Running org.apache.flink.api.java.type.extractor.TypeExtractorInputFormatsTest
Running org.apache.flink.api.java.functions.SemanticPropUtilTest
Running org.apache.flink.api.java.type.extractor.TypeExtractorTest
Running org.apache.flink.api.java.functions.SemanticPropertiesTranslationTest
Running org.apache.flink.api.java.functions.SemanticPropertiesProjectionTest
Running org.apache.flink.api.java.functions.ClosureCleanerTest
Running org.apache.flink.api.java.functions.SelectByFunctionsTest
Running org.apache.flink.api.java.operator.GroupingTest
Running org.apache.flink.api.java.operator.MinByOperatorTest
Running org.apache.flink.api.java.operator.FirstNOperatorTest
Running org.apache.flink.api.java.operator.DataSinkTest
Running org.apache.flink.api.java.operator.CrossOperatorTest
Running org.apache.flink.api.java.operator.JoinOperatorTest
Running org.apache.flink.api.java.operator.ProjectionOperatorTest
Tests run: 9, Failures: 0, Errors: 0, Skipped: 0, Time elapsed: 0.906 sec - in org.apache.flink.api.java.functions.SelectByFunctionsTest
Tests run: 4, Failures: 0, Errors: 0, Skipped: 0, Time elapsed: 1.443 sec - in org.apache.flink.api.java.type.extractor.PojoTypeInformationTest
Running org.apache.flink.api.java.operator.MaxByOperatorTest
Running org.apache.flink.api.java.operator.CoGroupOperatorTest
Tests run: 4, Failures: 0, Errors: 0, Skipped: 0, Time elapsed: 1.523 sec - in org.apache.flink.api.java.type.extractor.TypeExtractorInputFormatsTest
Running org.apache.flink.api.java.operator.AggregateOperatorTest
Tests run: 1, Failures: 0, Errors: 0, Skipped: 0, Time elapsed: 1.656 sec - in org.apache.flink.api.java.operators.translation.AggregateTranslationTest
Running org.apache.flink.api.java.operator.DistinctOperatorTest
Tests run: 10, Failures: 0, Errors: 0, Skipped: 0, Time elapsed: 1.343 sec - in org.apache.flink.api.java.operator.MinByOperatorTest
Running org.apache.flink.api.java.MultipleInvokationsTest
Tests run: 7, Failures: 0, Errors: 0, Skipped: 0, Time elapsed: 0.192 sec - in org.apache.flink.api.java.operator.DistinctOperatorTest
Running org.apache.flink.api.java.record.ReduceWrappingFunctionTest
Tests run: 19, Failures: 0, Errors: 0, Skipped: 0, Time elapsed: 0.491 sec - in org.apache.flink.api.java.operator.CoGroupOperatorTest
Running org.apache.flink.api.java.record.CoGroupWrappingFunctionTest
Tests run: 3, Failures: 0, Errors: 0, Skipped: 0, Time elapsed: 1.257 sec - in org.apache.flink.api.java.operator.ProjectionOperatorTest
Tests run: 18, Failures: 0, Errors: 0, Skipped: 0, Time elapsed: 1.942 sec - in org.apache.flink.api.java.type.extractor.PojoTypeExtractionTest
Running org.apache.flink.api.java.record.io.ExternalProcessFixedLengthInputFormatTest
Running org.apache.flink.api.java.record.io.TextInputFormatTest
Tests run: 5, Failures: 0, Errors: 0, Skipped: 0, Time elapsed: 1.675 sec - in org.apache.flink.api.java.functions.ClosureCleanerTest
Running org.apache.flink.api.java.record.io.FixedLenghtInputFormatTest
Tests run: 2, Failures: 0, Errors: 0, Skipped: 0, Time elapsed: 0.42 sec - in org.apache.flink.api.java.operator.AggregateOperatorTest
Tests run: 2, Failures: 0, Errors: 0, Skipped: 0, Time elapsed: 2.042 sec - in org.apache.flink.api.java.operators.translation.CoGroupSortTranslationTest
Running org.apache.flink.api.java.record.io.CsvInputFormatTest
Running org.apache.flink.api.java.record.io.CsvOutputFormatTest
Tests run: 1, Failures: 0, Errors: 0, Skipped: 0, Time elapsed: 0.28 sec - in org.apache.flink.api.java.MultipleInvokationsTest
Running org.apache.flink.api.java.record.io.ExternalProcessInputFormatTest
Tests run: 58, Failures: 0, Errors: 0, Skipped: 0, Time elapsed: 2.019 sec - in org.apache.flink.api.java.type.extractor.TypeExtractorTest
Running org.apache.flink.api.java.typeutils.PojoTypeInfoTest
Tests run: 4, Failures: 0, Errors: 0, Skipped: 0, Time elapsed: 0.301 sec - in org.apache.flink.api.java.record.ReduceWrappingFunctionTest
Tests run: 1, Failures: 0, Errors: 0, Skipped: 0, Time elapsed: 0.016 sec - in org.apache.flink.api.java.typeutils.PojoTypeInfoTest
Running org.apache.flink.api.java.typeutils.CompositeTypeTest
Running org.apache.flink.api.java.typeutils.TypeInfoParserTest
Tests run: 3, Failures: 0, Errors: 0, Skipped: 0, Time elapsed: 0.228 sec - in org.apache.flink.api.java.record.CoGroupWrappingFunctionTest
Running org.apache.flink.api.java.typeutils.runtime.AvroGenericTypeSerializerTest
Tests run: 17, Failures: 0, Errors: 0, Skipped: 0, Time elapsed: 1.738 sec - in org.apache.flink.api.java.operator.DataSinkTest
Running org.apache.flink.api.java.typeutils.runtime.AvroSerializerEmptyArrayTest
Tests run: 2, Failures: 0, Errors: 0, Skipped: 0, Time elapsed: 0.074 sec - in org.apache.flink.api.java.typeutils.CompositeTypeTest
Running org.apache.flink.api.java.typeutils.runtime.WritableSerializerTest
Tests run: 2, Failures: 0, Errors: 0, Skipped: 0, Time elapsed: 0.287 sec - in org.apache.flink.api.java.record.io.TextInputFormatTest
Running org.apache.flink.api.java.typeutils.runtime.TupleComparatorILDXC2Test
Tests run: 3, Failures: 0, Errors: 0, Skipped: 0, Time elapsed: 0.351 sec - in org.apache.flink.api.java.record.io.FixedLenghtInputFormatTest
Running org.apache.flink.api.java.typeutils.runtime.TupleComparatorISD1Test
Tests run: 10, Failures: 0, Errors: 0, Skipped: 0, Time elapsed: 0.067 sec - in org.apache.flink.api.java.typeutils.runtime.TupleComparatorILDXC2Test
Running org.apache.flink.api.java.typeutils.runtime.GenericPairComparatorTest
Tests run: 2, Failures: 0, Errors: 0, Skipped: 0, Time elapsed: 0.021 sec - in org.apache.flink.api.java.typeutils.runtime.GenericPairComparatorTest
Tests run: 8, Failures: 0, Errors: 0, Skipped: 0, Time elapsed: 0.343 sec - in org.apache.flink.api.java.record.io.CsvInputFormatTest
Running org.apache.flink.api.java.typeutils.runtime.TupleComparatorTTT2Test
Running org.apache.flink.api.java.typeutils.runtime.TupleComparatorILD3Test
Tests run: 6, Failures: 0, Errors: 0, Skipped: 0, Time elapsed: 2.424 sec - in org.apache.flink.api.java.operators.translation.DistinctTranslationTest
Tests run: 3, Failures: 0, Errors: 0, Skipped: 0, Time elapsed: 1.944 sec - in org.apache.flink.api.java.operator.FirstNOperatorTest
Running org.apache.flink.api.java.typeutils.runtime.KryoGenericArraySerializerTest
Running org.apache.flink.api.java.typeutils.runtime.KryoWithCustomSerializersTest
Tests run: 10, Failures: 0, Errors: 0, Skipped: 0, Time elapsed: 0.178 sec - in org.apache.flink.api.java.typeutils.runtime.TupleComparatorTTT2Test
Running org.apache.flink.api.java.typeutils.runtime.AvroGenericTypeComparatorTest
Tests run: 6, Failures: 0, Errors: 0, Skipped: 0, Time elapsed: 2.362 sec - in org.apache.flink.api.java.functions.SemanticPropertiesProjectionTest
Running org.apache.flink.api.java.typeutils.runtime.TupleSerializerTest
Tests run: 10, Failures: 0, Errors: 0, Skipped: 0, Time elapsed: 0.215 sec - in org.apache.flink.api.java.typeutils.runtime.TupleComparatorILD3Test
Tests run: 4, Failures: 0, Errors: 0, Skipped: 0, Time elapsed: 0.534 sec - in org.apache.flink.api.java.record.io.ExternalProcessInputFormatTest
Running org.apache.flink.api.java.typeutils.runtime.PojoSubclassComparatorTest
Tests run: 3, Failures: 0, Errors: 0, Skipped: 0, Time elapsed: 2.701 sec - in org.apache.flink.api.java.operators.NamesTest
Tests run: 7, Failures: 0, Errors: 0, Skipped: 0, Time elapsed: 0.613 sec - in org.apache.flink.api.java.record.io.CsvOutputFormatTest
Running org.apache.flink.api.java.typeutils.runtime.ValueComparatorTest
Running org.apache.flink.api.java.typeutils.runtime.TupleComparatorILDC3Test
Tests run: 10, Failures: 0, Errors: 0, Skipped: 0, Time elapsed: 0.324 sec - in org.apache.flink.api.java.typeutils.runtime.TupleComparatorISD1Test
Running org.apache.flink.api.java.typeutils.runtime.TupleComparatorISD2Test
Running org.apache.flink.api.java.typeutils.runtime.TupleComparatorISD3Test
Tests run: 13, Failures: 0, Errors: 0, Skipped: 0, Time elapsed: 0.551 sec - in org.apache.flink.api.java.typeutils.TypeInfoParserTest
Tests run: 23, Failures: 0, Errors: 0, Skipped: 0, Time elapsed: 2.21 sec - in org.apache.flink.api.java.operator.CrossOperatorTest
Running org.apache.flink.api.java.typeutils.runtime.TupleComparatorTTT3Test
Running org.apache.flink.api.java.typeutils.runtime.WritableComparatorTest
Tests run: 10, Failures: 0, Errors: 0, Skipped: 0, Time elapsed: 0.217 sec - in org.apache.flink.api.java.typeutils.runtime.TupleComparatorISD2Test
Running org.apache.flink.api.java.typeutils.runtime.KryoGenericTypeSerializerTest
Tests run: 10, Failures: 0, Errors: 0, Skipped: 0, Time elapsed: 1.492 sec - in org.apache.flink.api.java.operator.MaxByOperatorTest
Tests run: 10, Failures: 0, Errors: 0, Skipped: 0, Time elapsed: 0.264 sec - in org.apache.flink.api.java.typeutils.runtime.TupleComparatorISD3Test
Running org.apache.flink.api.java.typeutils.runtime.CopyableValueComparatorTest
Running org.apache.flink.api.java.typeutils.runtime.PojoComparatorTest
Tests run: 5, Failures: 0, Errors: 0, Skipped: 0, Time elapsed: 1.004 sec - in org.apache.flink.api.java.record.io.ExternalProcessFixedLengthInputFormatTest
Tests run: 10, Failures: 0, Errors: 0, Skipped: 0, Time elapsed: 0.31 sec - in org.apache.flink.api.java.typeutils.runtime.TupleComparatorILDC3Test
Running org.apache.flink.api.java.typeutils.runtime.TupleComparatorILD2Test
Tests run: 19, Failures: 0, Errors: 0, Skipped: 0, Time elapsed: 2.557 sec - in org.apache.flink.api.java.operator.GroupingTest
Tests run: 63, Failures: 0, Errors: 0, Skipped: 0, Time elapsed: 2.91 sec - in org.apache.flink.api.java.functions.SemanticPropUtilTest
Running org.apache.flink.api.java.typeutils.runtime.TupleComparatorTTT1Test
Running org.apache.flink.api.java.typeutils.runtime.PojoSubclassSerializerTest
Running org.apache.flink.api.java.typeutils.runtime.TupleComparatorILDX1Test
Tests run: 3, Failures: 0, Errors: 0, Skipped: 0, Time elapsed: 3.135 sec - in org.apache.flink.api.java.operators.translation.DeltaIterationTranslationTest
Running org.apache.flink.api.java.typeutils.runtime.AvroGenericArraySerializerTest
Tests run: 1, Failures: 0, Errors: 0, Skipped: 0, Time elapsed: 0.877 sec - in org.apache.flink.api.java.typeutils.runtime.WritableSerializerTest
Running org.apache.flink.api.java.typeutils.runtime.PojoGenericTypeSerializerTest
Tests run: 10, Failures: 0, Errors: 0, Skipped: 0, Time elapsed: 0.435 sec - in org.apache.flink.api.java.typeutils.runtime.TupleComparatorTTT3Test
Running org.apache.flink.api.java.typeutils.runtime.SubclassFromInterfaceSerializerTest
Tests run: 10, Failures: 0, Errors: 0, Skipped: 0, Time elapsed: 0.237 sec - in org.apache.flink.api.java.typeutils.runtime.PojoComparatorTest
Tests run: 10, Failures: 0, Errors: 0, Skipped: 0, Time elapsed: 0.2 sec - in org.apache.flink.api.java.typeutils.runtime.TupleComparatorILD2Test
Running org.apache.flink.api.java.typeutils.runtime.KryoGenericTypeComparatorTest
Tests run: 10, Failures: 0, Errors: 0, Skipped: 0, Time elapsed: 0.256 sec - in org.apache.flink.api.java.typeutils.runtime.CopyableValueComparatorTest
Running org.apache.flink.api.java.typeutils.runtime.PojoSerializerTest
Running org.apache.flink.api.java.typeutils.runtime.MultidimensionalArraySerializerTest
Tests run: 10, Failures: 0, Errors: 0, Skipped: 0, Time elapsed: 0.17 sec - in org.apache.flink.api.java.typeutils.runtime.TupleComparatorILDX1Test
Running org.apache.flink.api.java.tuple.Tuple2Test
Tests run: 2, Failures: 0, Errors: 0, Skipped: 0, Time elapsed: 0.007 sec - in org.apache.flink.api.java.tuple.Tuple2Test
Running org.apache.flink.api.java.io.CSVReaderTest
Tests run: 10, Failures: 0, Errors: 0, Skipped: 0, Time elapsed: 0.243 sec - in org.apache.flink.api.java.typeutils.runtime.TupleComparatorTTT1Test
Running org.apache.flink.api.java.io.TypeSerializerFormatTest
Tests run: 6, Failures: 0, Errors: 0, Skipped: 0, Time elapsed: 1.175 sec - in org.apache.flink.api.java.typeutils.runtime.AvroGenericTypeSerializerTest
Running org.apache.flink.api.java.io.TextInputFormatTest
Tests run: 6, Failures: 0, Errors: 0, Skipped: 0, Time elapsed: 3.371 sec - in org.apache.flink.api.java.operators.KeysTest
Running org.apache.flink.api.java.io.CollectionInputFormatTest
Tests run: 10, Failures: 0, Errors: 0, Skipped: 0, Time elapsed: 0.74 sec - in org.apache.flink.api.java.typeutils.runtime.ValueComparatorTest
Running org.apache.flink.api.java.io.PrimitiveInputFormatTest
Tests run: 10, Failures: 0, Errors: 0, Skipped: 0, Time elapsed: 0.816 sec - in org.apache.flink.api.java.typeutils.runtime.PojoSubclassComparatorTest
Running org.apache.flink.api.java.io.CsvInputFormatTest
Tests run: 23, Failures: 0, Errors: 0, Skipped: 0, Time elapsed: 3.276 sec - in org.apache.flink.api.java.functions.SemanticPropertiesTranslationTest
Tests run: 5, Failures: 0, Errors: 0, Skipped: 0, Time elapsed: 0.063 sec - in org.apache.flink.api.java.io.PrimitiveInputFormatTest
Running org.apache.flink.api.common.operators.CollectionExecutionWithBroadcastVariableTest
Running org.apache.flink.api.common.operators.CollectionExecutionAccumulatorsTest
Tests run: 1, Failures: 0, Errors: 0, Skipped: 0, Time elapsed: 0.029 sec - in org.apache.flink.api.common.operators.CollectionExecutionAccumulatorsTest
Running org.apache.flink.api.common.operators.base.JoinOperatorBaseTest
Tests run: 1, Failures: 0, Errors: 0, Skipped: 0, Time elapsed: 0.013 sec - in org.apache.flink.api.common.operators.base.JoinOperatorBaseTest
Running org.apache.flink.api.common.operators.base.GroupReduceOperatorTest
Tests run: 2, Failures: 0, Errors: 0, Skipped: 0, Time elapsed: 0.161 sec - in org.apache.flink.api.java.io.TextInputFormatTest
Tests run: 12, Failures: 0, Errors: 0, Skipped: 0, Time elapsed: 0.284 sec - in org.apache.flink.api.java.io.CSVReaderTest
Running org.apache.flink.api.common.operators.base.CoGroupOperatorCollectionTest
Running org.apache.flink.api.common.operators.base.ReduceOperatorTest
Tests run: 2, Failures: 0, Errors: 0, Skipped: 0, Time elapsed: 0.027 sec - in org.apache.flink.api.common.operators.base.GroupReduceOperatorTest
Running org.apache.flink.api.common.operators.CollectionExecutionIterationTest
Tests run: 2, Failures: 0, Errors: 0, Skipped: 0, Time elapsed: 0.033 sec - in org.apache.flink.api.common.operators.base.ReduceOperatorTest
Tests run: 2, Failures: 0, Errors: 0, Skipped: 0, Time elapsed: 0.196 sec - in org.apache.flink.api.common.operators.CollectionExecutionWithBroadcastVariableTest
Tests run: 1, Failures: 0, Errors: 0, Skipped: 0, Time elapsed: 0.167 sec - in org.apache.flink.api.common.operators.base.CoGroupOperatorCollectionTest
Tests run: 3, Failures: 0, Errors: 0, Skipped: 0, Time elapsed: 0.152 sec - in org.apache.flink.api.common.operators.CollectionExecutionIterationTest
Tests run: 10, Failures: 0, Errors: 0, Skipped: 0, Time elapsed: 0.949 sec - in org.apache.flink.api.java.typeutils.runtime.WritableComparatorTest
Tests run: 13, Failures: 0, Errors: 0, Skipped: 0, Time elapsed: 0.577 sec - in org.apache.flink.api.java.typeutils.runtime.PojoSerializerTest
Tests run: 14, Failures: 0, Errors: 0, Skipped: 0, Time elapsed: 0.588 sec - in org.apache.flink.api.java.io.CsvInputFormatTest
Tests run: 2, Failures: 0, Errors: 0, Skipped: 0, Time elapsed: 2.509 sec - in org.apache.flink.api.java.typeutils.runtime.AvroSerializerEmptyArrayTest
Tests run: 1, Failures: 0, Errors: 0, Skipped: 0, Time elapsed: 4.798 sec - in org.apache.flink.api.java.hadoop.mapreduce.HadoopInputFormatTest
Tests run: 1, Failures: 0, Errors: 0, Skipped: 0, Time elapsed: 5.181 sec - in org.apache.flink.api.java.hadoop.mapred.HadoopInputFormatTest
Tests run: 4, Failures: 0, Errors: 0, Skipped: 0, Time elapsed: 2.216 sec - in org.apache.flink.api.java.typeutils.runtime.MultidimensionalArraySerializerTest
Tests run: 12, Failures: 0, Errors: 0, Skipped: 0, Time elapsed: 2.898 sec - in org.apache.flink.api.java.typeutils.runtime.PojoSubclassSerializerTest
Tests run: 5, Failures: 0, Errors: 0, Skipped: 0, Time elapsed: 2.841 sec - in org.apache.flink.api.java.typeutils.runtime.AvroGenericArraySerializerTest
Tests run: 12, Failures: 0, Errors: 0, Skipped: 0, Time elapsed: 3.342 sec - in org.apache.flink.api.java.typeutils.runtime.SubclassFromInterfaceSerializerTest
Tests run: 4, Failures: 0, Errors: 0, Skipped: 0, Time elapsed: 4 sec - in org.apache.flink.api.java.typeutils.runtime.AvroGenericTypeComparatorTest
Tests run: 7, Failures: 0, Errors: 0, Skipped: 0, Time elapsed: 4.255 sec - in org.apache.flink.api.java.typeutils.runtime.KryoWithCustomSerializersTest
Tests run: 4, Failures: 0, Errors: 0, Skipped: 0, Time elapsed: 3.302 sec - in org.apache.flink.api.java.io.CollectionInputFormatTest
Tests run: 5, Failures: 0, Errors: 0, Skipped: 0, Time elapsed: 4.295 sec - in org.apache.flink.api.java.typeutils.runtime.KryoGenericArraySerializerTest
Tests run: 52, Failures: 0, Errors: 0, Skipped: 0, Time elapsed: 6.089 sec - in org.apache.flink.api.java.operator.JoinOperatorTest
Tests run: 6, Failures: 0, Errors: 0, Skipped: 0, Time elapsed: 3.674 sec - in org.apache.flink.api.java.typeutils.runtime.PojoGenericTypeSerializerTest
Tests run: 11, Failures: 1, Errors: 0, Skipped: 0, Time elapsed: 4.075 sec <<< FAILURE! - in org.apache.flink.api.java.typeutils.runtime.KryoGenericTypeSerializerTest
testForwardEOFExceptionWhileDeserializing(org.apache.flink.api.java.typeutils.runtime.KryoGenericTypeSerializerTest)  Time elapsed: 0.046 sec  <<< FAILURE!
java.lang.AssertionError: throws wrong exception: should throw a java.io.EOFException, has thrown a com.esotericsoftware.kryo.KryoException
	at org.junit.Assert.fail(Assert.java:88)
	at org.apache.flink.api.java.typeutils.runtime.KryoGenericTypeSerializerTest.testForwardEOFExceptionWhileDeserializing(KryoGenericTypeSerializerTest.java:147)

Tests run: 6, Failures: 0, Errors: 0, Skipped: 0, Time elapsed: 4.633 sec - in org.apache.flink.api.java.typeutils.runtime.TupleSerializerTest
Tests run: 4, Failures: 0, Errors: 0, Skipped: 0, Time elapsed: 4.986 sec - in org.apache.flink.api.java.typeutils.runtime.KryoGenericTypeComparatorTest
Tests run: 40, Failures: 0, Errors: 0, Skipped: 0, Time elapsed: 7.28 sec - in org.apache.flink.api.java.io.TypeSerializerFormatTest

Results :

Failed tests: 
  KryoGenericTypeSerializerTest.testForwardEOFExceptionWhileDeserializing:147 throws wrong exception: should throw a java.io.EOFException, has thrown a com.esotericsoftware.kryo.KryoException

Tests run: 782, Failures: 1, Errors: 0, Skipped: 0

[INFO] ------------------------------------------------------------------------
[INFO] BUILD FAILURE
[INFO] ------------------------------------------------------------------------
[INFO] Total time: 25.086 s
[INFO] Finished at: 2016-07-15T07:46:35-07:00
[INFO] Final Memory: 41M/2476M
[INFO] ------------------------------------------------------------------------
[ERROR] Failed to execute goal org.apache.maven.plugins:maven-surefire-plugin:2.17:test (default-test) on project flink-java: There are test failures.
[ERROR] 
[ERROR] Please refer to /space/parallel/flink/flink9/dataset/flink/FLINK-1531_21f47d9c69441c17b5f90ea2c7cb8f4d47f7fcb5/flink-java/target/surefire-reports for the individual test results.
[ERROR] -> [Help 1]
[ERROR] 
[ERROR] To see the full stack trace of the errors, re-run Maven with the -e switch.
[ERROR] Re-run Maven using the -X switch to enable full debug logging.
[ERROR] 
[ERROR] For more information about the errors and possible solutions, please read the following articles:
[ERROR] [Help 1] http://cwiki.apache.org/confluence/display/MAVEN/MojoFailureException
