[INFO] Scanning for projects...
[INFO]                                                                         
[INFO] ------------------------------------------------------------------------
[INFO] Building flink-core 0.9-SNAPSHOT
[INFO] ------------------------------------------------------------------------
[INFO] 
[INFO] --- maven-checkstyle-plugin:2.12.1:check (validate) @ flink-core ---
[INFO] 
[INFO] 
[INFO] --- maven-enforcer-plugin:1.3.1:enforce (enforce-maven) @ flink-core ---
[INFO] 
[INFO] --- maven-remote-resources-plugin:1.5:process (default) @ flink-core ---
[INFO] 
[INFO] --- maven-resources-plugin:2.6:resources (default-resources) @ flink-core ---
[INFO] Using 'UTF-8' encoding to copy filtered resources.
[INFO] skip non existing resourceDirectory /space/parallel/flink/flink9/dataset/flink/FLINK-1640_8f321c7299155990d4e4341f3831a843535219e8/flink-core/src/main/resources
[INFO] Copying 3 resources
[INFO] 
[INFO] --- maven-compiler-plugin:3.1:compile (default-compile) @ flink-core ---
[INFO] Nothing to compile - all classes are up to date
[INFO] 
[INFO] --- maven-resources-plugin:2.6:testResources (default-testResources) @ flink-core ---
[INFO] Using 'UTF-8' encoding to copy filtered resources.
[INFO] Copying 2 resources
[INFO] Copying 3 resources
[INFO] 
[INFO] --- maven-compiler-plugin:3.1:testCompile (default-testCompile) @ flink-core ---
[INFO] Nothing to compile - all classes are up to date
[INFO] 
[INFO] --- maven-surefire-plugin:2.17:test (default-test) @ flink-core ---
[INFO] Surefire report directory: /space/parallel/flink/flink9/dataset/flink/FLINK-1640_8f321c7299155990d4e4341f3831a843535219e8/flink-core/target/surefire-reports

-------------------------------------------------------
 T E S T S
-------------------------------------------------------

-------------------------------------------------------
 T E S T S
-------------------------------------------------------
Running org.apache.flink.api.common.operators.base.JoinOperatorBaseTest
Running org.apache.flink.api.common.operators.base.FlatMapOperatorCollectionTest
Running org.apache.flink.api.common.operators.base.MapOperatorTest
Running org.apache.flink.api.common.operators.base.PartitionMapOperatorTest
Running org.apache.flink.api.common.operators.DualInputSemanticPropertiesTest
Running org.apache.flink.api.common.operators.SingleInputSemanticPropertiesTest
Running org.apache.flink.api.common.operators.util.OperatorUtilTest
Running org.apache.flink.api.common.operators.util.FieldListTest
Running org.apache.flink.api.common.operators.util.FieldSetTest
Running org.apache.flink.api.common.functions.util.RuntimeUDFContextTest
Running org.apache.flink.api.common.typeutils.base.DoubleComparatorTest
Running org.apache.flink.api.common.typeutils.base.DateComparatorTest
Running org.apache.flink.api.common.typeutils.base.BooleanValueSerializerTest
Running org.apache.flink.api.common.typeutils.base.ShortComparatorTest
Running org.apache.flink.api.common.typeutils.base.LongComparatorTest
Running org.apache.flink.api.common.typeutils.base.FloatComparatorTest
Running org.apache.flink.api.common.typeutils.base.CharComparatorTest
Running org.apache.flink.api.common.typeutils.base.LongSerializerTest
Tests run: 10, Failures: 0, Errors: 0, Skipped: 0, Time elapsed: 0.469 sec - in org.apache.flink.api.common.operators.SingleInputSemanticPropertiesTest
Running org.apache.flink.api.common.typeutils.base.DoubleSerializerTest
Running org.apache.flink.api.common.typeutils.base.IntComparatorTest
Running org.apache.flink.api.common.typeutils.base.BooleanComparatorTest
Running org.apache.flink.api.common.typeutils.base.array.FloatPrimitiveArraySerializerTest
Tests run: 5, Failures: 0, Errors: 0, Skipped: 0, Time elapsed: 0.388 sec - in org.apache.flink.api.common.functions.util.RuntimeUDFContextTest
Running org.apache.flink.api.common.typeutils.base.array.BytePrimitiveArraySerializerTest
Tests run: 5, Failures: 0, Errors: 0, Skipped: 0, Time elapsed: 0.696 sec - in org.apache.flink.api.common.operators.DualInputSemanticPropertiesTest
Running org.apache.flink.api.common.typeutils.base.array.CharPrimitiveArraySerializerTest
Tests run: 8, Failures: 0, Errors: 0, Skipped: 0, Time elapsed: 0.627 sec - in org.apache.flink.api.common.operators.util.OperatorUtilTest
Running org.apache.flink.api.common.typeutils.base.array.ShortPrimitiveArraySerializerTest
Running org.apache.flink.api.common.typeutils.base.array.DoublePrimitiveArraySerializerTest
Tests run: 12, Failures: 0, Errors: 0, Skipped: 0, Time elapsed: 0.253 sec - in org.apache.flink.api.common.typeutils.base.DoubleSerializerTest
Running org.apache.flink.api.common.typeutils.base.array.StringArraySerializerTest
Tests run: 10, Failures: 0, Errors: 0, Skipped: 0, Time elapsed: 0.537 sec - in org.apache.flink.api.common.typeutils.base.LongComparatorTest
Running org.apache.flink.api.common.typeutils.base.array.IntPrimitiveArraySerializerTest
Running org.apache.flink.api.common.typeutils.base.array.BooleanPrimitiveArraySerializerTest
Tests run: 10, Failures: 0, Errors: 0, Skipped: 0, Time elapsed: 0.544 sec - in org.apache.flink.api.common.typeutils.base.FloatComparatorTest
Tests run: 10, Failures: 0, Errors: 0, Skipped: 0, Time elapsed: 0.328 sec - in org.apache.flink.api.common.typeutils.base.IntComparatorTest
Running org.apache.flink.api.common.typeutils.base.array.LongPrimitiveArraySerializerTest
Running org.apache.flink.api.common.typeutils.base.IntSerializerTest
Tests run: 1, Failures: 0, Errors: 0, Skipped: 0, Time elapsed: 0.957 sec - in org.apache.flink.api.common.operators.base.FlatMapOperatorCollectionTest
Tests run: 12, Failures: 0, Errors: 0, Skipped: 0, Time elapsed: 0.184 sec - in org.apache.flink.api.common.typeutils.base.array.ShortPrimitiveArraySerializerTest
Tests run: 4, Failures: 0, Errors: 0, Skipped: 0, Time elapsed: 0.656 sec - in org.apache.flink.api.common.operators.util.FieldSetTest
Running org.apache.flink.api.common.typeutils.base.ByteComparatorTest
Running org.apache.flink.api.common.typeutils.base.DateSerializerTest
Running org.apache.flink.api.common.typeutils.base.FloatSerializerTest
Tests run: 10, Failures: 0, Errors: 0, Skipped: 0, Time elapsed: 0.632 sec - in org.apache.flink.api.common.typeutils.base.ShortComparatorTest
Running org.apache.flink.api.common.typeutils.base.ShortSerializerTest
Tests run: 12, Failures: 0, Errors: 0, Skipped: 0, Time elapsed: 0.637 sec - in org.apache.flink.api.common.typeutils.base.BooleanValueSerializerTest
Running org.apache.flink.api.common.typeutils.base.DoubleValueSerializerTest
Tests run: 10, Failures: 0, Errors: 0, Skipped: 0, Time elapsed: 0.676 sec - in org.apache.flink.api.common.typeutils.base.DateComparatorTest
Tests run: 2, Failures: 0, Errors: 0, Skipped: 0, Time elapsed: 1.126 sec - in org.apache.flink.api.common.operators.base.JoinOperatorBaseTest
Running org.apache.flink.api.common.typeutils.base.ByteSerializerTest
Tests run: 10, Failures: 0, Errors: 0, Skipped: 0, Time elapsed: 0.441 sec - in org.apache.flink.api.common.typeutils.base.BooleanComparatorTest
Tests run: 12, Failures: 0, Errors: 0, Skipped: 0, Time elapsed: 0.08 sec - in org.apache.flink.api.common.typeutils.base.FloatSerializerTest
Running org.apache.flink.api.common.typeutils.base.StringSerializerTest
Running org.apache.flink.api.common.typeutils.base.BooleanSerializerTest
Tests run: 2, Failures: 0, Errors: 0, Skipped: 0, Time elapsed: 1.07 sec - in org.apache.flink.api.common.operators.base.MapOperatorTest
Tests run: 1, Failures: 0, Errors: 0, Skipped: 0, Time elapsed: 1.064 sec - in org.apache.flink.api.common.operators.base.PartitionMapOperatorTest
Running org.apache.flink.api.common.typeutils.base.CharValueSerializerTest
Running org.apache.flink.api.common.typeutils.base.FloatValueSerializerTest
Tests run: 12, Failures: 0, Errors: 0, Skipped: 0, Time elapsed: 0.337 sec - in org.apache.flink.api.common.typeutils.base.array.CharPrimitiveArraySerializerTest
Running org.apache.flink.api.common.typeutils.base.CharSerializerTest
Running org.apache.flink.api.common.typeutils.base.ShortValueSerializerTest
Tests run: 4, Failures: 0, Errors: 0, Skipped: 0, Time elapsed: 0.908 sec - in org.apache.flink.api.common.operators.util.FieldListTest
Tests run: 12, Failures: 0, Errors: 0, Skipped: 0, Time elapsed: 0.096 sec - in org.apache.flink.api.common.typeutils.base.ShortSerializerTest
Running org.apache.flink.api.common.typeutils.base.StringComparatorTest
Tests run: 12, Failures: 0, Errors: 0, Skipped: 0, Time elapsed: 0.196 sec - in org.apache.flink.api.common.typeutils.base.array.IntPrimitiveArraySerializerTest
Running org.apache.flink.api.common.typeutils.base.LongValueSerializerTest
Running org.apache.flink.api.common.typeutils.base.ByteValueSerializerTest
Tests run: 12, Failures: 0, Errors: 0, Skipped: 0, Time elapsed: 0.106 sec - in org.apache.flink.api.common.typeutils.base.DoubleValueSerializerTest
Running org.apache.flink.api.common.typeutils.base.IntValueSerializerTest
Tests run: 12, Failures: 0, Errors: 0, Skipped: 0, Time elapsed: 0.066 sec - in org.apache.flink.api.common.typeutils.base.StringSerializerTest
Running org.apache.flink.api.common.typeutils.base.StringValueSerializerTest
Running org.apache.flink.api.common.io.BinaryInputFormatTest
Tests run: 12, Failures: 0, Errors: 0, Skipped: 0, Time elapsed: 0.186 sec - in org.apache.flink.api.common.typeutils.base.IntSerializerTest
Running org.apache.flink.api.common.io.EnumerateNestedFilesTest
Tests run: 12, Failures: 0, Errors: 0, Skipped: 0, Time elapsed: 0.455 sec - in org.apache.flink.api.common.typeutils.base.array.FloatPrimitiveArraySerializerTest
Running org.apache.flink.api.common.io.DelimitedInputFormatTest
Tests run: 12, Failures: 0, Errors: 0, Skipped: 0, Time elapsed: 0.088 sec - in org.apache.flink.api.common.typeutils.base.FloatValueSerializerTest
Tests run: 12, Failures: 0, Errors: 0, Skipped: 0, Time elapsed: 0.222 sec - in org.apache.flink.api.common.typeutils.base.array.LongPrimitiveArraySerializerTest
Running org.apache.flink.api.common.io.FileInputFormatTest
Running org.apache.flink.api.common.io.GenericCsvInputFormatTest
Tests run: 10, Failures: 0, Errors: 0, Skipped: 0, Time elapsed: 0.232 sec - in org.apache.flink.api.common.typeutils.base.ByteComparatorTest
Running org.apache.flink.api.common.io.FileOutputFormatTest
Tests run: 12, Failures: 0, Errors: 0, Skipped: 0, Time elapsed: 0.091 sec - in org.apache.flink.api.common.typeutils.base.LongValueSerializerTest
Running org.apache.flink.api.common.io.DelimitedInputFormatSamplingTest
Tests run: 12, Failures: 0, Errors: 0, Skipped: 0, Time elapsed: 0.09 sec - in org.apache.flink.api.common.typeutils.base.IntValueSerializerTest
Running org.apache.flink.api.common.io.SerializedFormatTest
Tests run: 12, Failures: 0, Errors: 0, Skipped: 0, Time elapsed: 0.136 sec - in org.apache.flink.api.common.typeutils.base.CharSerializerTest
Tests run: 10, Failures: 0, Errors: 0, Skipped: 0, Time elapsed: 0.115 sec - in org.apache.flink.api.common.typeutils.base.StringComparatorTest
Running org.apache.flink.api.distributions.SimpleDataDistributionTest
Tests run: 12, Failures: 0, Errors: 0, Skipped: 0, Time elapsed: 0.17 sec - in org.apache.flink.api.common.typeutils.base.BooleanSerializerTest
Running org.apache.flink.configuration.GlobalConfigurationTest
Tests run: 12, Failures: 0, Errors: 0, Skipped: 0, Time elapsed: 0.18 sec - in org.apache.flink.api.common.typeutils.base.ByteSerializerTest
Running org.apache.flink.configuration.ConfigurationTest
Running org.apache.flink.core.fs.local.LocalFileSystemTest
Tests run: 12, Failures: 0, Errors: 0, Skipped: 0, Time elapsed: 0.206 sec - in org.apache.flink.api.common.typeutils.base.CharValueSerializerTest
Tests run: 10, Failures: 0, Errors: 0, Skipped: 0, Time elapsed: 0.839 sec - in org.apache.flink.api.common.typeutils.base.CharComparatorTest
Running org.apache.flink.core.fs.PathTest
Tests run: 10, Failures: 0, Errors: 0, Skipped: 0, Time elapsed: 0.957 sec - in org.apache.flink.api.common.typeutils.base.DoubleComparatorTest
Running org.apache.flink.core.io.DefaultSplitAssignerTest
Tests run: 12, Failures: 0, Errors: 0, Skipped: 0, Time elapsed: 0.793 sec - in org.apache.flink.api.common.typeutils.base.LongSerializerTest
Running org.apache.flink.core.io.LocatableSplitAssignerTest
Tests run: 12, Failures: 0, Errors: 0, Skipped: 0, Time elapsed: 0.353 sec - in org.apache.flink.api.common.typeutils.base.DateSerializerTest
Running org.apache.flink.core.fs.FileSystemTest
Tests run: 12, Failures: 0, Errors: 0, Skipped: 0, Time elapsed: 0.234 sec - in org.apache.flink.api.common.typeutils.base.ShortValueSerializerTest
Running org.apache.flink.util.AbstractIDTest
Running org.apache.flink.util.NumberSequenceIteratorTest
Tests run: 3, Failures: 0, Errors: 0, Skipped: 0, Time elapsed: 0.017 sec - in org.apache.flink.util.NumberSequenceIteratorTest
Tests run: 4, Failures: 0, Errors: 0, Skipped: 0, Time elapsed: 0.135 sec - in org.apache.flink.api.distributions.SimpleDataDistributionTest
Running org.apache.flink.util.StringUtilsTest
Running org.apache.flink.util.InstantiationUtilTest
Tests run: 3, Failures: 0, Errors: 0, Skipped: 0, Time elapsed: 0.05 sec - in org.apache.flink.util.AbstractIDTest
Running org.apache.flink.util.SimpleStringUtilsTest
Tests run: 1, Failures: 0, Errors: 0, Skipped: 0, Time elapsed: 0.143 sec - in org.apache.flink.core.fs.local.LocalFileSystemTest
Running org.apache.flink.types.CollectionsDataTypeTest
Tests run: 5, Failures: 0, Errors: 0, Skipped: 0, Time elapsed: 0.06 sec - in org.apache.flink.util.StringUtilsTest
Running org.apache.flink.types.parser.DoubleParserTest
Tests run: 5, Failures: 0, Errors: 0, Skipped: 0, Time elapsed: 0.062 sec - in org.apache.flink.util.SimpleStringUtilsTest
Running org.apache.flink.types.parser.IntValueParserTest
Tests run: 1, Failures: 0, Errors: 0, Skipped: 0, Time elapsed: 0.183 sec - in org.apache.flink.core.fs.FileSystemTest
Running org.apache.flink.types.parser.LongValueParserTest
Tests run: 3, Failures: 0, Errors: 0, Skipped: 0, Time elapsed: 0.106 sec - in org.apache.flink.types.CollectionsDataTypeTest
Running org.apache.flink.types.parser.UnquotedStringValueParserTest
Tests run: 12, Failures: 0, Errors: 0, Skipped: 0, Time elapsed: 0.437 sec - in org.apache.flink.api.common.typeutils.base.ByteValueSerializerTest
Tests run: 1, Failures: 0, Errors: 0, Skipped: 0, Time elapsed: 0.455 sec - in org.apache.flink.api.common.io.BinaryInputFormatTest
Running org.apache.flink.types.parser.DoubleValueParserTest
Tests run: 10, Failures: 0, Errors: 0, Skipped: 0, Time elapsed: 0.061 sec - in org.apache.flink.types.parser.UnquotedStringValueParserTest
Running org.apache.flink.types.parser.IntParserTest
Running org.apache.flink.types.parser.UnquotedStringParserTest
Tests run: 12, Failures: 0, Errors: 0, Skipped: 0, Time elapsed: 0.683 sec - in org.apache.flink.api.common.typeutils.base.array.BooleanPrimitiveArraySerializerTest
Running org.apache.flink.types.parser.ByteValueParserTest
Tests run: 10, Failures: 0, Errors: 0, Skipped: 0, Time elapsed: 0.182 sec - in org.apache.flink.types.parser.IntValueParserTest
Running org.apache.flink.types.parser.FloatValueParserTest
Tests run: 10, Failures: 0, Errors: 0, Skipped: 0, Time elapsed: 0.042 sec - in org.apache.flink.types.parser.UnquotedStringParserTest
Running org.apache.flink.types.parser.ByteParserTest
Tests run: 10, Failures: 0, Errors: 0, Skipped: 0, Time elapsed: 0.028 sec - in org.apache.flink.types.parser.ByteParserTest
Running org.apache.flink.types.parser.FloatParserTest
Tests run: 10, Failures: 0, Errors: 0, Skipped: 0, Time elapsed: 0.251 sec - in org.apache.flink.types.parser.DoubleParserTest
Running org.apache.flink.types.parser.ShortParserTest
Tests run: 10, Failures: 0, Errors: 0, Skipped: 0, Time elapsed: 0.036 sec - in org.apache.flink.types.parser.FloatParserTest
Tests run: 10, Failures: 0, Errors: 0, Skipped: 0, Time elapsed: 0.187 sec - in org.apache.flink.types.parser.LongValueParserTest
Running org.apache.flink.types.parser.QuotedStringValueParserTest
Running org.apache.flink.types.parser.QuotedStringParserTest
Tests run: 2, Failures: 0, Errors: 0, Skipped: 0, Time elapsed: 0.486 sec - in org.apache.flink.configuration.ConfigurationTest
Tests run: 10, Failures: 0, Errors: 0, Skipped: 0, Time elapsed: 0.115 sec - in org.apache.flink.types.parser.ByteValueParserTest
Running org.apache.flink.types.parser.LongParserTest
Tests run: 10, Failures: 0, Errors: 0, Skipped: 0, Time elapsed: 0.063 sec - in org.apache.flink.types.parser.ShortParserTest
Running org.apache.flink.types.parser.ShortValueParserTest
Tests run: 10, Failures: 0, Errors: 0, Skipped: 0, Time elapsed: 0.114 sec - in org.apache.flink.types.parser.FloatValueParserTest
Running org.apache.flink.types.StringValueSerializationTest
Tests run: 10, Failures: 0, Errors: 0, Skipped: 0, Time elapsed: 0.033 sec - in org.apache.flink.types.parser.QuotedStringParserTest
Running org.apache.flink.types.parser.VarLengthStringParserTest
Tests run: 8, Failures: 0, Errors: 0, Skipped: 0, Time elapsed: 0.373 sec - in org.apache.flink.util.InstantiationUtilTest
Running org.apache.flink.types.JavaToValueConverterTest
Running org.apache.flink.types.PrimitiveDataTypeTest
Tests run: 2, Failures: 0, Errors: 0, Skipped: 0, Time elapsed: 0.019 sec - in org.apache.flink.types.JavaToValueConverterTest
Running org.apache.flink.types.NormalizableKeyTest
Tests run: 10, Failures: 0, Errors: 0, Skipped: 0, Time elapsed: 0.215 sec - in org.apache.flink.types.parser.DoubleValueParserTest
Tests run: 10, Failures: 0, Errors: 0, Skipped: 0, Time elapsed: 0.092 sec - in org.apache.flink.types.parser.QuotedStringValueParserTest
Tests run: 10, Failures: 0, Errors: 0, Skipped: 0, Time elapsed: 0.07 sec - in org.apache.flink.types.parser.LongParserTest
Running org.apache.flink.types.RecordTest
Running org.apache.flink.types.StringSerializationTest
Tests run: 5, Failures: 0, Errors: 0, Skipped: 0, Time elapsed: 0.04 sec - in org.apache.flink.types.NormalizableKeyTest
Tests run: 10, Failures: 0, Errors: 0, Skipped: 0, Time elapsed: 0.087 sec - in org.apache.flink.types.parser.ShortValueParserTest
Tests run: 10, Failures: 0, Errors: 0, Skipped: 0, Time elapsed: 0.246 sec - in org.apache.flink.types.parser.IntParserTest
Tests run: 4, Failures: 0, Errors: 0, Skipped: 0, Time elapsed: 0.101 sec - in org.apache.flink.types.PrimitiveDataTypeTest
Tests run: 5, Failures: 0, Errors: 0, Skipped: 0, Time elapsed: 0.127 sec - in org.apache.flink.types.parser.VarLengthStringParserTest
Tests run: 8, Failures: 0, Errors: 0, Skipped: 0, Time elapsed: 0.708 sec - in org.apache.flink.api.common.io.FileInputFormatTest
Tests run: 8, Failures: 4, Errors: 0, Skipped: 0, Time elapsed: 0.624 sec <<< FAILURE! - in org.apache.flink.core.fs.PathTest
testDepth(org.apache.flink.core.fs.PathTest)  Time elapsed: 0.021 sec  <<< FAILURE!
java.lang.AssertionError: expected:<3> but was:<4>
	at org.junit.Assert.fail(Assert.java:88)
	at org.junit.Assert.failNotEquals(Assert.java:743)
	at org.junit.Assert.assertEquals(Assert.java:118)
	at org.junit.Assert.assertEquals(Assert.java:555)
	at org.junit.Assert.assertEquals(Assert.java:542)
	at org.apache.flink.core.fs.PathTest.testDepth(PathTest.java:159)

testPathFromString(org.apache.flink.core.fs.PathTest)  Time elapsed: 0.004 sec  <<< FAILURE!
org.junit.ComparisonFailure: expected:</my/path[]> but was:</my/path[/]>
	at org.junit.Assert.assertEquals(Assert.java:115)
	at org.junit.Assert.assertEquals(Assert.java:144)
	at org.apache.flink.core.fs.PathTest.testPathFromString(PathTest.java:35)

testGetParent(org.apache.flink.core.fs.PathTest)  Time elapsed: 0.001 sec  <<< FAILURE!
org.junit.ComparisonFailure: expected:</my/other/fancy[]> but was:</my/other/fancy[/path]>
	at org.junit.Assert.assertEquals(Assert.java:115)
	at org.junit.Assert.assertEquals(Assert.java:144)
	at org.apache.flink.core.fs.PathTest.testGetParent(PathTest.java:127)

testSuffix(org.apache.flink.core.fs.PathTest)  Time elapsed: 0.001 sec  <<< FAILURE!
org.junit.ComparisonFailure: expected:</my/path/[]abc> but was:</my/path/[path/]abc>
	at org.junit.Assert.assertEquals(Assert.java:115)
	at org.junit.Assert.assertEquals(Assert.java:144)
	at org.apache.flink.core.fs.PathTest.testSuffix(PathTest.java:148)

Tests run: 2, Failures: 0, Errors: 0, Skipped: 0, Time elapsed: 0.676 sec - in org.apache.flink.core.io.DefaultSplitAssignerTest
Tests run: 3, Failures: 0, Errors: 0, Skipped: 0, Time elapsed: 0.789 sec - in org.apache.flink.configuration.GlobalConfigurationTest
Tests run: 12, Failures: 0, Errors: 0, Skipped: 0, Time elapsed: 0.9 sec - in org.apache.flink.api.common.typeutils.base.StringValueSerializerTest
Tests run: 5, Failures: 0, Errors: 0, Skipped: 0, Time elapsed: 0.898 sec - in org.apache.flink.api.common.io.DelimitedInputFormatTest
Tests run: 12, Failures: 0, Errors: 0, Skipped: 0, Time elapsed: 1.333 sec - in org.apache.flink.api.common.typeutils.base.array.DoublePrimitiveArraySerializerTest
Tests run: 15, Failures: 0, Errors: 0, Skipped: 0, Time elapsed: 0.944 sec - in org.apache.flink.api.common.io.GenericCsvInputFormatTest
Tests run: 7, Failures: 0, Errors: 0, Skipped: 0, Time elapsed: 1.059 sec - in org.apache.flink.api.common.io.EnumerateNestedFilesTest
Tests run: 4, Failures: 4, Errors: 0, Skipped: 0, Time elapsed: 1.052 sec <<< FAILURE! - in org.apache.flink.api.common.io.FileOutputFormatTest
testCreateNonParallelLocalFS(org.apache.flink.api.common.io.FileOutputFormatTest)  Time elapsed: 0.926 sec  <<< FAILURE!
java.lang.AssertionError: null
	at org.junit.Assert.fail(Assert.java:86)
	at org.junit.Assert.fail(Assert.java:95)
	at org.apache.flink.api.common.io.FileOutputFormatTest.testCreateNonParallelLocalFS(FileOutputFormatTest.java:114)

testCreateParallelLocalFS(org.apache.flink.api.common.io.FileOutputFormatTest)  Time elapsed: 0.031 sec  <<< FAILURE!
java.lang.AssertionError: null
	at org.junit.Assert.fail(Assert.java:86)
	at org.junit.Assert.assertTrue(Assert.java:41)
	at org.junit.Assert.assertTrue(Assert.java:52)
	at org.apache.flink.api.common.io.FileOutputFormatTest.testCreateParallelLocalFS(FileOutputFormatTest.java:346)

testOverwriteParallelLocalFS(org.apache.flink.api.common.io.FileOutputFormatTest)  Time elapsed: 0.038 sec  <<< FAILURE!
java.lang.AssertionError: null
	at org.junit.Assert.fail(Assert.java:86)
	at org.junit.Assert.assertTrue(Assert.java:41)
	at org.junit.Assert.assertTrue(Assert.java:52)
	at org.apache.flink.api.common.io.FileOutputFormatTest.testOverwriteParallelLocalFS(FileOutputFormatTest.java:646)

testOverwriteNonParallelLocalFS(org.apache.flink.api.common.io.FileOutputFormatTest)  Time elapsed: 0.012 sec  <<< FAILURE!
java.lang.AssertionError: null
	at org.junit.Assert.fail(Assert.java:86)
	at org.junit.Assert.fail(Assert.java:95)
	at org.apache.flink.api.common.io.FileOutputFormatTest.testOverwriteNonParallelLocalFS(FileOutputFormatTest.java:428)

Tests run: 7, Failures: 0, Errors: 0, Skipped: 0, Time elapsed: 1.669 sec - in org.apache.flink.api.common.io.DelimitedInputFormatSamplingTest
Tests run: 11, Failures: 0, Errors: 0, Skipped: 0, Time elapsed: 2.43 sec - in org.apache.flink.types.RecordTest
Tests run: 5, Failures: 0, Errors: 0, Skipped: 0, Time elapsed: 3.08 sec - in org.apache.flink.types.StringSerializationTest
Tests run: 4, Failures: 0, Errors: 0, Skipped: 0, Time elapsed: 3.556 sec - in org.apache.flink.types.StringValueSerializationTest
Tests run: 40, Failures: 0, Errors: 0, Skipped: 0, Time elapsed: 5.385 sec - in org.apache.flink.api.common.io.SerializedFormatTest
Tests run: 12, Failures: 0, Errors: 0, Skipped: 0, Time elapsed: 8.891 sec - in org.apache.flink.api.common.typeutils.base.array.StringArraySerializerTest
Tests run: 12, Failures: 0, Errors: 0, Skipped: 0, Time elapsed: 12.236 sec - in org.apache.flink.api.common.typeutils.base.array.BytePrimitiveArraySerializerTest
Tests run: 10, Failures: 0, Errors: 0, Skipped: 0, Time elapsed: 12.349 sec - in org.apache.flink.core.io.LocatableSplitAssignerTest

Results :

Failed tests: 
  PathTest.testDepth:159 expected:<3> but was:<4>
  PathTest.testPathFromString:35 expected:</my/path[]> but was:</my/path[/]>
  PathTest.testGetParent:127 expected:</my/other/fancy[]> but was:</my/other/fancy[/path]>
  PathTest.testSuffix:148 expected:</my/path/[]abc> but was:</my/path/[path/]abc>
  FileOutputFormatTest.testCreateNonParallelLocalFS:114 null
  FileOutputFormatTest.testCreateParallelLocalFS:346 null
  FileOutputFormatTest.testOverwriteParallelLocalFS:646 null
  FileOutputFormatTest.testOverwriteNonParallelLocalFS:428 null

Tests run: 819, Failures: 8, Errors: 0, Skipped: 0

[INFO] ------------------------------------------------------------------------
[INFO] BUILD FAILURE
[INFO] ------------------------------------------------------------------------
[INFO] Total time: 20.855 s
[INFO] Finished at: 2016-07-15T07:23:40-07:00
[INFO] Final Memory: 28M/2476M
[INFO] ------------------------------------------------------------------------
[ERROR] Failed to execute goal org.apache.maven.plugins:maven-surefire-plugin:2.17:test (default-test) on project flink-core: There are test failures.
[ERROR] 
[ERROR] Please refer to /space/parallel/flink/flink9/dataset/flink/FLINK-1640_8f321c7299155990d4e4341f3831a843535219e8/flink-core/target/surefire-reports for the individual test results.
[ERROR] -> [Help 1]
[ERROR] 
[ERROR] To see the full stack trace of the errors, re-run Maven with the -e switch.
[ERROR] Re-run Maven using the -X switch to enable full debug logging.
[ERROR] 
[ERROR] For more information about the errors and possible solutions, please read the following articles:
[ERROR] [Help 1] http://cwiki.apache.org/confluence/display/MAVEN/MojoFailureException
