travis_fold:start:system_info[0K[33;1mBuild system information[0m
Build language: java
Build group: stable
Build dist: precise
Build id: ''
Job id: ''
[34m[1mBuild image provisioning date and time[0m
Thu Feb  5 15:09:33 UTC 2015
[34m[1mOperating System Details[0m
Distributor ID:	Ubuntu
Description:	Ubuntu 12.04.5 LTS
Release:	12.04
Codename:	precise
[34m[1mLinux Version[0m
3.13.0-29-generic
[34m[1mCookbooks Version[0m
a68419e https://github.com/travis-ci/travis-cookbooks/tree/a68419e
[34m[1mGCC version[0m
gcc (Ubuntu/Linaro 4.6.3-1ubuntu5) 4.6.3
Copyright (C) 2011 Free Software Foundation, Inc.
This is free software; see the source for copying conditions.  There is NO
warranty; not even for MERCHANTABILITY or FITNESS FOR A PARTICULAR PURPOSE.

[34m[1mLLVM version[0m
clang version 3.4 (tags/RELEASE_34/final)
Target: x86_64-unknown-linux-gnu
Thread model: posix
[34m[1mPre-installed Ruby versions[0m
ruby-1.9.3-p551
[34m[1mPre-installed Node.js versions[0m
v0.10.36
[34m[1mPre-installed Go versions[0m
1.4.1
[34m[1mRedis version[0m
redis-server 2.8.19
[34m[1mriak version[0m
2.0.2
[34m[1mMongoDB version[0m
MongoDB 2.4.12
[34m[1mCouchDB version[0m
couchdb 1.6.1
[34m[1mNeo4j version[0m
1.9.4
[34m[1mRabbitMQ Version[0m
3.4.3
[34m[1mElasticSearch version[0m
1.4.0
[34m[1mInstalled Sphinx versions[0m
2.0.10
2.1.9
2.2.6
[34m[1mDefault Sphinx version[0m
2.2.6
[34m[1mInstalled Firefox version[0m
firefox 31.0esr
[34m[1mPhantomJS version[0m
1.9.8
[34m[1mant -version[0m
Apache Ant(TM) version 1.8.2 compiled on December 3 2011
[34m[1mmvn -version[0m
Apache Maven 3.2.5 (12a6b3acb947671f09b81f49094c53f426d8cea1; 2014-12-14T17:29:23+00:00)
Maven home: /usr/local/maven
Java version: 1.7.0_76, vendor: Oracle Corporation
Java home: /usr/lib/jvm/java-7-oracle/jre
Default locale: en_US, platform encoding: ANSI_X3.4-1968
OS name: "linux", version: "3.13.0-29-generic", arch: "amd64", family: "unix"
travis_fold:end:system_info[0K
grep: /etc/apt/sources.list.d/*: No such file or directory
W: Failed to fetch http://us.archive.ubuntu.com/ubuntu/dists/precise/main/source/Sources  404  Not Found [IP: 91.189.91.39 80]

W: Failed to fetch http://us.archive.ubuntu.com/ubuntu/dists/precise/restricted/source/Sources  404  Not Found [IP: 91.189.91.39 80]

W: Failed to fetch http://us.archive.ubuntu.com/ubuntu/dists/precise/universe/source/Sources  404  Not Found [IP: 91.189.91.39 80]

W: Failed to fetch http://us.archive.ubuntu.com/ubuntu/dists/precise/multiverse/source/Sources  404  Not Found [IP: 91.189.91.39 80]

W: Failed to fetch http://us.archive.ubuntu.com/ubuntu/dists/precise/main/binary-amd64/Packages  404  Not Found [IP: 91.189.91.39 80]

W: Failed to fetch http://us.archive.ubuntu.com/ubuntu/dists/precise/restricted/binary-amd64/Packages  404  Not Found [IP: 91.189.91.39 80]

W: Failed to fetch http://us.archive.ubuntu.com/ubuntu/dists/precise/universe/binary-amd64/Packages  404  Not Found [IP: 91.189.91.39 80]

W: Failed to fetch http://us.archive.ubuntu.com/ubuntu/dists/precise/multiverse/binary-amd64/Packages  404  Not Found [IP: 91.189.91.39 80]

W: Failed to fetch http://us.archive.ubuntu.com/ubuntu/dists/precise/main/binary-i386/Packages  404  Not Found [IP: 91.189.91.39 80]

W: Failed to fetch http://us.archive.ubuntu.com/ubuntu/dists/precise/restricted/binary-i386/Packages  404  Not Found [IP: 91.189.91.39 80]

W: Failed to fetch http://us.archive.ubuntu.com/ubuntu/dists/precise/universe/binary-i386/Packages  404  Not Found [IP: 91.189.91.39 80]

W: Failed to fetch http://us.archive.ubuntu.com/ubuntu/dists/precise/multiverse/binary-i386/Packages  404  Not Found [IP: 91.189.91.39 80]

W: Failed to fetch http://us.archive.ubuntu.com/ubuntu/dists/precise-updates/main/source/Sources  404  Not Found [IP: 91.189.91.39 80]

W: Failed to fetch http://us.archive.ubuntu.com/ubuntu/dists/precise-updates/restricted/source/Sources  404  Not Found [IP: 91.189.91.39 80]

W: Failed to fetch http://us.archive.ubuntu.com/ubuntu/dists/precise-updates/universe/source/Sources  404  Not Found [IP: 91.189.91.39 80]

W: Failed to fetch http://us.archive.ubuntu.com/ubuntu/dists/precise-updates/multiverse/source/Sources  404  Not Found [IP: 91.189.91.39 80]

W: Failed to fetch http://us.archive.ubuntu.com/ubuntu/dists/precise-updates/main/binary-amd64/Packages  404  Not Found [IP: 91.189.91.39 80]

W: Failed to fetch http://us.archive.ubuntu.com/ubuntu/dists/precise-updates/restricted/binary-amd64/Packages  404  Not Found [IP: 91.189.91.39 80]

W: Failed to fetch http://us.archive.ubuntu.com/ubuntu/dists/precise-updates/universe/binary-amd64/Packages  404  Not Found [IP: 91.189.91.39 80]

W: Failed to fetch http://us.archive.ubuntu.com/ubuntu/dists/precise-updates/multiverse/binary-amd64/Packages  404  Not Found [IP: 91.189.91.39 80]

W: Failed to fetch http://us.archive.ubuntu.com/ubuntu/dists/precise-updates/main/binary-i386/Packages  404  Not Found [IP: 91.189.91.39 80]

W: Failed to fetch http://us.archive.ubuntu.com/ubuntu/dists/precise-updates/restricted/binary-i386/Packages  404  Not Found [IP: 91.189.91.39 80]

W: Failed to fetch http://us.archive.ubuntu.com/ubuntu/dists/precise-updates/universe/binary-i386/Packages  404  Not Found [IP: 91.189.91.39 80]

W: Failed to fetch http://us.archive.ubuntu.com/ubuntu/dists/precise-updates/multiverse/binary-i386/Packages  404  Not Found [IP: 91.189.91.39 80]

W: Failed to fetch http://us.archive.ubuntu.com/ubuntu/dists/precise-backports/main/source/Sources  404  Not Found [IP: 91.189.91.39 80]

W: Failed to fetch http://us.archive.ubuntu.com/ubuntu/dists/precise-backports/restricted/source/Sources  404  Not Found [IP: 91.189.91.39 80]

W: Failed to fetch http://us.archive.ubuntu.com/ubuntu/dists/precise-backports/universe/source/Sources  404  Not Found [IP: 91.189.91.39 80]

W: Failed to fetch http://us.archive.ubuntu.com/ubuntu/dists/precise-backports/multiverse/source/Sources  404  Not Found [IP: 91.189.91.39 80]

W: Failed to fetch http://us.archive.ubuntu.com/ubuntu/dists/precise-backports/main/binary-amd64/Packages  404  Not Found [IP: 91.189.91.39 80]

W: Failed to fetch http://us.archive.ubuntu.com/ubuntu/dists/precise-backports/restricted/binary-amd64/Packages  404  Not Found [IP: 91.189.91.39 80]

W: Failed to fetch http://us.archive.ubuntu.com/ubuntu/dists/precise-backports/universe/binary-amd64/Packages  404  Not Found [IP: 91.189.91.39 80]

W: Failed to fetch http://us.archive.ubuntu.com/ubuntu/dists/precise-backports/multiverse/binary-amd64/Packages  404  Not Found [IP: 91.189.91.39 80]

W: Failed to fetch http://us.archive.ubuntu.com/ubuntu/dists/precise-backports/main/binary-i386/Packages  404  Not Found [IP: 91.189.91.39 80]

W: Failed to fetch http://us.archive.ubuntu.com/ubuntu/dists/precise-backports/restricted/binary-i386/Packages  404  Not Found [IP: 91.189.91.39 80]

W: Failed to fetch http://us.archive.ubuntu.com/ubuntu/dists/precise-backports/universe/binary-i386/Packages  404  Not Found [IP: 91.189.91.39 80]

W: Failed to fetch http://us.archive.ubuntu.com/ubuntu/dists/precise-backports/multiverse/binary-i386/Packages  404  Not Found [IP: 91.189.91.39 80]

W: Failed to fetch http://security.ubuntu.com/ubuntu/dists/precise-security/main/source/Sources  404  Not Found [IP: 185.125.190.36 80]

W: Failed to fetch http://security.ubuntu.com/ubuntu/dists/precise-security/restricted/source/Sources  404  Not Found [IP: 185.125.190.36 80]

W: Failed to fetch http://security.ubuntu.com/ubuntu/dists/precise-security/universe/source/Sources  404  Not Found [IP: 185.125.190.36 80]

W: Failed to fetch http://security.ubuntu.com/ubuntu/dists/precise-security/multiverse/source/Sources  404  Not Found [IP: 185.125.190.36 80]

W: Failed to fetch http://security.ubuntu.com/ubuntu/dists/precise-security/main/binary-amd64/Packages  404  Not Found [IP: 185.125.190.36 80]

W: Failed to fetch http://security.ubuntu.com/ubuntu/dists/precise-security/restricted/binary-amd64/Packages  404  Not Found [IP: 185.125.190.36 80]

W: Failed to fetch http://security.ubuntu.com/ubuntu/dists/precise-security/universe/binary-amd64/Packages  404  Not Found [IP: 185.125.190.36 80]

W: Failed to fetch http://security.ubuntu.com/ubuntu/dists/precise-security/multiverse/binary-amd64/Packages  404  Not Found [IP: 185.125.190.36 80]

W: Failed to fetch http://security.ubuntu.com/ubuntu/dists/precise-security/main/binary-i386/Packages  404  Not Found [IP: 185.125.190.36 80]

W: Failed to fetch http://security.ubuntu.com/ubuntu/dists/precise-security/restricted/binary-i386/Packages  404  Not Found [IP: 185.125.190.36 80]

W: Failed to fetch http://security.ubuntu.com/ubuntu/dists/precise-security/universe/binary-i386/Packages  404  Not Found [IP: 185.125.190.36 80]

W: Failed to fetch http://security.ubuntu.com/ubuntu/dists/precise-security/multiverse/binary-i386/Packages  404  Not Found [IP: 185.125.190.36 80]

E: Some index files failed to download. They have been ignored, or old ones used instead.
sed: cannot rename /etc/hosts: Device or resource busy
sed: cannot rename /etc/hosts: Device or resource busy
$ jdk_switcher use oraclejdk8
Switching to Oracle JDK8 (java-8-oracle), JAVA_HOME will be set to /usr/lib/jvm/java-8-oracle
$ cd passed/apache/commons-lang
$ java -Xmx512m -version
java version "1.8.0_31"
Java(TM) SE Runtime Environment (build 1.8.0_31-b13)
Java HotSpot(TM) 64-Bit Server VM (build 25.31-b07, mixed mode)
$ javac -J-Xmx512m -version
javac 1.8.0_31
travis_fold:start:install[0Ktravis_time:start:14098fc8[0K$ mvn install -Dhttps.protocols=TLSv1.2 -DskipTests=true -Dmaven.javadoc.skip=true -B -V
Java HotSpot(TM) 64-Bit Server VM warning: ignoring option MaxPermSize=192m; support was removed in 8.0
Apache Maven 3.2.5 (12a6b3acb947671f09b81f49094c53f426d8cea1; 2014-12-14T17:29:23+00:00)
Maven home: /usr/local/maven
Java version: 1.8.0_31, vendor: Oracle Corporation
Java home: /usr/lib/jvm/java-8-oracle/jre
Default locale: en_US, platform encoding: UTF-8
OS name: "linux", version: "4.15.0-109-generic", arch: "amd64", family: "unix"
[INFO] Scanning for projects...
[INFO]                                                                         
[INFO] ------------------------------------------------------------------------
[INFO] Building Apache Commons Lang 3.6-SNAPSHOT
[INFO] ------------------------------------------------------------------------
[INFO] 
[INFO] --- maven-enforcer-plugin:1.4.1:enforce (enforce-maven-3) @ commons-lang3 ---
[INFO] 
[INFO] --- build-helper-maven-plugin:1.10:parse-version (parse-version) @ commons-lang3 ---
[INFO] 
[INFO] --- maven-antrun-plugin:1.8:run (javadoc.resources) @ commons-lang3 ---
[INFO] Executing tasks

main:
[INFO] Executed tasks
[INFO] 
[INFO] --- maven-remote-resources-plugin:1.5:process (process-resource-bundles) @ commons-lang3 ---
[INFO] 
[INFO] --- buildnumber-maven-plugin:1.4:create (default) @ commons-lang3 ---
[INFO] Executing: /bin/sh -c cd '/home/travis/build/passed/apache/commons-lang' && 'git' 'rev-parse' '--verify' 'HEAD'
[INFO] Working directory: /home/travis/build/passed/apache/commons-lang
[INFO] Storing buildNumber: 8cafd87c83f4197f7e8d14de8cba453c844266c0 at timestamp: 1657809459739
[INFO] Storing buildScmBranch: master
[INFO] 
[INFO] --- maven-resources-plugin:2.7:resources (default-resources) @ commons-lang3 ---
[INFO] Using 'ISO-8859-1' encoding to copy filtered resources.
[INFO] skip non existing resourceDirectory /home/travis/build/passed/apache/commons-lang/src/main/resources
[INFO] Copying 2 resources to META-INF
[INFO] 
[INFO] --- maven-compiler-plugin:3.6.0:compile (default-compile) @ commons-lang3 ---
[INFO] Changes detected - recompiling the module!
[INFO] Compiling 155 source files to /home/travis/build/passed/apache/commons-lang/target/classes
[INFO] /home/travis/build/passed/apache/commons-lang/src/main/java/org/apache/commons/lang3/ObjectUtils.java: Some input files use or override a deprecated API.
[INFO] /home/travis/build/passed/apache/commons-lang/src/main/java/org/apache/commons/lang3/ObjectUtils.java: Recompile with -Xlint:deprecation for details.
[INFO] /home/travis/build/passed/apache/commons-lang/src/main/java/org/apache/commons/lang3/text/StrBuilder.java: Some input files use unchecked or unsafe operations.
[INFO] /home/travis/build/passed/apache/commons-lang/src/main/java/org/apache/commons/lang3/text/StrBuilder.java: Recompile with -Xlint:unchecked for details.
[INFO] 
[INFO] --- maven-bundle-plugin:3.0.1:manifest (bundle-manifest) @ commons-lang3 ---
[INFO] 
[INFO] --- animal-sniffer-maven-plugin:1.15:check (checkAPIcompatibility) @ commons-lang3 ---
[INFO] Checking unresolved references to org.codehaus.mojo.signature:java17:1.0
[INFO] 
[INFO] --- maven-resources-plugin:2.7:testResources (default-testResources) @ commons-lang3 ---
[INFO] Using 'ISO-8859-1' encoding to copy filtered resources.
[INFO] Copying 2 resources
[INFO] Copying 2 resources to META-INF
[INFO] 
[INFO] --- maven-compiler-plugin:3.6.0:testCompile (default-testCompile) @ commons-lang3 ---
[INFO] Nothing to compile - all classes are up to date
[INFO] 
[INFO] --- maven-surefire-plugin:2.19.1:test (default-test) @ commons-lang3 ---
[INFO] Tests are skipped.
[INFO] 
[INFO] --- maven-jar-plugin:3.0.0:jar (default-jar) @ commons-lang3 ---
[INFO] Building jar: /home/travis/build/passed/apache/commons-lang/target/commons-lang3-3.6-SNAPSHOT.jar
[INFO] 
[INFO] --- maven-site-plugin:3.6:attach-descriptor (attach-descriptor) @ commons-lang3 ---
[INFO] Skipping because packaging 'jar' is not pom.
[INFO] 
[INFO] --- maven-jar-plugin:3.0.0:test-jar (default) @ commons-lang3 ---
[INFO] Building jar: /home/travis/build/passed/apache/commons-lang/target/commons-lang3-3.6-SNAPSHOT-tests.jar
[INFO] ------------------------------------------------------------------------
[INFO] BUILD FAILURE
[INFO] ------------------------------------------------------------------------
[INFO] Total time: 16.392 s
[INFO] Finished at: 2022-07-14T14:37:54+00:00
[INFO] Final Memory: 356M/455M
[INFO] ------------------------------------------------------------------------
[ERROR] Failed to execute goal org.apache.maven.plugins:maven-jar-plugin:3.0.0:test-jar (default) on project commons-lang3: Error assembling JAR: Problem creating jar: Execution exception: Java heap space -> [Help 1]
[ERROR] 
[ERROR] To see the full stack trace of the errors, re-run Maven with the -e switch.
[ERROR] Re-run Maven using the -X switch to enable full debug logging.
[ERROR] 
[ERROR] For more information about the errors and possible solutions, please read the following articles:
[ERROR] [Help 1] http://cwiki.apache.org/confluence/display/MAVEN/MojoExecutionException

[31;1mThe command "eval mvn install -Dhttps.protocols=TLSv1.2 -DskipTests=true -Dmaven.javadoc.skip=true -B -V " failed. Retrying, 2 of 3.[0m

Java HotSpot(TM) 64-Bit Server VM warning: ignoring option MaxPermSize=192m; support was removed in 8.0
Apache Maven 3.2.5 (12a6b3acb947671f09b81f49094c53f426d8cea1; 2014-12-14T17:29:23+00:00)
Maven home: /usr/local/maven
Java version: 1.8.0_31, vendor: Oracle Corporation
Java home: /usr/lib/jvm/java-8-oracle/jre
Default locale: en_US, platform encoding: UTF-8
OS name: "linux", version: "4.15.0-109-generic", arch: "amd64", family: "unix"
[INFO] Scanning for projects...
[INFO]                                                                         
[INFO] ------------------------------------------------------------------------
[INFO] Building Apache Commons Lang 3.6-SNAPSHOT
[INFO] ------------------------------------------------------------------------
[INFO] 
[INFO] --- maven-enforcer-plugin:1.4.1:enforce (enforce-maven-3) @ commons-lang3 ---
[INFO] 
[INFO] --- build-helper-maven-plugin:1.10:parse-version (parse-version) @ commons-lang3 ---
[INFO] 
[INFO] --- maven-antrun-plugin:1.8:run (javadoc.resources) @ commons-lang3 ---
[INFO] Executing tasks

main:
[INFO] Executed tasks
[INFO] 
[INFO] --- maven-remote-resources-plugin:1.5:process (process-resource-bundles) @ commons-lang3 ---
[INFO] 
[INFO] --- buildnumber-maven-plugin:1.4:create (default) @ commons-lang3 ---
[INFO] Executing: /bin/sh -c cd '/home/travis/build/passed/apache/commons-lang' && 'git' 'rev-parse' '--verify' 'HEAD'
[INFO] Working directory: /home/travis/build/passed/apache/commons-lang
[INFO] Storing buildNumber: 8cafd87c83f4197f7e8d14de8cba453c844266c0 at timestamp: 1657809488507
[INFO] Storing buildScmBranch: master
[INFO] 
[INFO] --- maven-resources-plugin:2.7:resources (default-resources) @ commons-lang3 ---
[INFO] Using 'ISO-8859-1' encoding to copy filtered resources.
[INFO] skip non existing resourceDirectory /home/travis/build/passed/apache/commons-lang/src/main/resources
[INFO] Copying 2 resources to META-INF
[INFO] 
[INFO] --- maven-compiler-plugin:3.6.0:compile (default-compile) @ commons-lang3 ---
[INFO] Changes detected - recompiling the module!
[INFO] Compiling 155 source files to /home/travis/build/passed/apache/commons-lang/target/classes
[INFO] /home/travis/build/passed/apache/commons-lang/src/main/java/org/apache/commons/lang3/ObjectUtils.java: Some input files use or override a deprecated API.
[INFO] /home/travis/build/passed/apache/commons-lang/src/main/java/org/apache/commons/lang3/ObjectUtils.java: Recompile with -Xlint:deprecation for details.
[INFO] /home/travis/build/passed/apache/commons-lang/src/main/java/org/apache/commons/lang3/text/StrBuilder.java: Some input files use unchecked or unsafe operations.
[INFO] /home/travis/build/passed/apache/commons-lang/src/main/java/org/apache/commons/lang3/text/StrBuilder.java: Recompile with -Xlint:unchecked for details.
[INFO] 
[INFO] --- maven-bundle-plugin:3.0.1:manifest (bundle-manifest) @ commons-lang3 ---
[INFO] 
[INFO] --- animal-sniffer-maven-plugin:1.15:check (checkAPIcompatibility) @ commons-lang3 ---
[INFO] Checking unresolved references to org.codehaus.mojo.signature:java17:1.0
[INFO] 
[INFO] --- maven-resources-plugin:2.7:testResources (default-testResources) @ commons-lang3 ---
[INFO] Using 'ISO-8859-1' encoding to copy filtered resources.
[INFO] Copying 2 resources
[INFO] Copying 2 resources to META-INF
[INFO] 
[INFO] --- maven-compiler-plugin:3.6.0:testCompile (default-testCompile) @ commons-lang3 ---
[INFO] Nothing to compile - all classes are up to date
[INFO] 
[INFO] --- maven-surefire-plugin:2.19.1:test (default-test) @ commons-lang3 ---
[INFO] Tests are skipped.
[INFO] 
[INFO] --- maven-jar-plugin:3.0.0:jar (default-jar) @ commons-lang3 ---
[INFO] Building jar: /home/travis/build/passed/apache/commons-lang/target/commons-lang3-3.6-SNAPSHOT.jar
[INFO] 
[INFO] --- maven-site-plugin:3.6:attach-descriptor (attach-descriptor) @ commons-lang3 ---
[INFO] Skipping because packaging 'jar' is not pom.
[INFO] 
[INFO] --- maven-jar-plugin:3.0.0:test-jar (default) @ commons-lang3 ---
[INFO] Building jar: /home/travis/build/passed/apache/commons-lang/target/commons-lang3-3.6-SNAPSHOT-tests.jar
[INFO] 
[INFO] --- maven-install-plugin:2.5.2:install (default-install) @ commons-lang3 ---
[INFO] Installing /home/travis/build/passed/apache/commons-lang/target/commons-lang3-3.6-SNAPSHOT.jar to /home/travis/.m2/repository/org/apache/commons/commons-lang3/3.6-SNAPSHOT/commons-lang3-3.6-SNAPSHOT.jar
[INFO] Installing /home/travis/build/passed/apache/commons-lang/pom.xml to /home/travis/.m2/repository/org/apache/commons/commons-lang3/3.6-SNAPSHOT/commons-lang3-3.6-SNAPSHOT.pom
[INFO] Installing /home/travis/build/passed/apache/commons-lang/target/commons-lang3-3.6-SNAPSHOT-tests.jar to /home/travis/.m2/repository/org/apache/commons/commons-lang3/3.6-SNAPSHOT/commons-lang3-3.6-SNAPSHOT-tests.jar
[INFO] ------------------------------------------------------------------------
[INFO] BUILD SUCCESS
[INFO] ------------------------------------------------------------------------
[INFO] Total time: 10.269 s
[INFO] Finished at: 2022-07-14T14:38:17+00:00
[INFO] Final Memory: 25M/429M
[INFO] ------------------------------------------------------------------------

travis_time:end:14098fc8:start=1657809456960838975,finish=1657809507808271409,duration=50847432434[0Ktravis_fold:end:install[0Ktravis_time:start:0b02f840[0K$ mvn test apache-rat:check clirr:check checkstyle:check findbugs:check javadoc:javadoc -Dhttps.protocols=TLSv1.2 -B
Java HotSpot(TM) 64-Bit Server VM warning: ignoring option MaxPermSize=192m; support was removed in 8.0
[INFO] Scanning for projects...
[INFO]                                                                         
[INFO] ------------------------------------------------------------------------
[INFO] Building Apache Commons Lang 3.6-SNAPSHOT
[INFO] ------------------------------------------------------------------------
[INFO] 
[INFO] --- maven-enforcer-plugin:1.4.1:enforce (enforce-maven-3) @ commons-lang3 ---
[INFO] 
[INFO] --- build-helper-maven-plugin:1.10:parse-version (parse-version) @ commons-lang3 ---
[INFO] 
[INFO] --- maven-antrun-plugin:1.8:run (javadoc.resources) @ commons-lang3 ---
[INFO] Executing tasks

main:
[INFO] Executed tasks
[INFO] 
[INFO] --- maven-remote-resources-plugin:1.5:process (process-resource-bundles) @ commons-lang3 ---
[INFO] 
[INFO] --- buildnumber-maven-plugin:1.4:create (default) @ commons-lang3 ---
[INFO] Executing: /bin/sh -c cd '/home/travis/build/passed/apache/commons-lang' && 'git' 'rev-parse' '--verify' 'HEAD'
[INFO] Working directory: /home/travis/build/passed/apache/commons-lang
[INFO] Storing buildNumber: 8cafd87c83f4197f7e8d14de8cba453c844266c0 at timestamp: 1657809510806
[INFO] Storing buildScmBranch: master
[INFO] 
[INFO] --- maven-resources-plugin:2.7:resources (default-resources) @ commons-lang3 ---
[INFO] Using 'ISO-8859-1' encoding to copy filtered resources.
[INFO] skip non existing resourceDirectory /home/travis/build/passed/apache/commons-lang/src/main/resources
[INFO] Copying 2 resources to META-INF
[INFO] 
[INFO] --- maven-compiler-plugin:3.6.0:compile (default-compile) @ commons-lang3 ---
[INFO] Changes detected - recompiling the module!
[INFO] Compiling 155 source files to /home/travis/build/passed/apache/commons-lang/target/classes
[INFO] /home/travis/build/passed/apache/commons-lang/src/main/java/org/apache/commons/lang3/ObjectUtils.java: Some input files use or override a deprecated API.
[INFO] /home/travis/build/passed/apache/commons-lang/src/main/java/org/apache/commons/lang3/ObjectUtils.java: Recompile with -Xlint:deprecation for details.
[INFO] /home/travis/build/passed/apache/commons-lang/src/main/java/org/apache/commons/lang3/text/StrBuilder.java: Some input files use unchecked or unsafe operations.
[INFO] /home/travis/build/passed/apache/commons-lang/src/main/java/org/apache/commons/lang3/text/StrBuilder.java: Recompile with -Xlint:unchecked for details.
[INFO] 
[INFO] --- maven-bundle-plugin:3.0.1:manifest (bundle-manifest) @ commons-lang3 ---
[INFO] 
[INFO] --- animal-sniffer-maven-plugin:1.15:check (checkAPIcompatibility) @ commons-lang3 ---
[INFO] Checking unresolved references to org.codehaus.mojo.signature:java17:1.0
[INFO] 
[INFO] --- maven-resources-plugin:2.7:testResources (default-testResources) @ commons-lang3 ---
[INFO] Using 'ISO-8859-1' encoding to copy filtered resources.
[INFO] Copying 2 resources
[INFO] Copying 2 resources to META-INF
[INFO] 
[INFO] --- maven-compiler-plugin:3.6.0:testCompile (default-testCompile) @ commons-lang3 ---
[INFO] Nothing to compile - all classes are up to date
[INFO] 
[INFO] --- maven-surefire-plugin:2.19.1:test (default-test) @ commons-lang3 ---

-------------------------------------------------------
 T E S T S
-------------------------------------------------------
Running org.apache.commons.lang3.AnnotationUtilsTest
Tests run: 10, Failures: 0, Errors: 0, Skipped: 0, Time elapsed: 0.058 sec - in org.apache.commons.lang3.AnnotationUtilsTest
Running org.apache.commons.lang3.ArchUtilsTest
Tests run: 4, Failures: 0, Errors: 0, Skipped: 0, Time elapsed: 0 sec - in org.apache.commons.lang3.ArchUtilsTest
Running org.apache.commons.lang3.ArrayUtilsAddTest
Tests run: 13, Failures: 0, Errors: 0, Skipped: 0, Time elapsed: 0 sec - in org.apache.commons.lang3.ArrayUtilsAddTest
Running org.apache.commons.lang3.ArrayUtilsInsertTest
Tests run: 9, Failures: 0, Errors: 0, Skipped: 0, Time elapsed: 0 sec - in org.apache.commons.lang3.ArrayUtilsInsertTest
Running org.apache.commons.lang3.ArrayUtilsRemoveMultipleTest
Tests run: 55, Failures: 0, Errors: 0, Skipped: 0, Time elapsed: 0.009 sec - in org.apache.commons.lang3.ArrayUtilsRemoveMultipleTest
Running org.apache.commons.lang3.ArrayUtilsRemoveTest
Tests run: 28, Failures: 0, Errors: 0, Skipped: 0, Time elapsed: 0.001 sec - in org.apache.commons.lang3.ArrayUtilsRemoveTest
Running org.apache.commons.lang3.ArrayUtilsTest
Tests run: 307, Failures: 0, Errors: 0, Skipped: 0, Time elapsed: 0.051 sec - in org.apache.commons.lang3.ArrayUtilsTest
Running org.apache.commons.lang3.BitFieldTest
Tests run: 15, Failures: 0, Errors: 0, Skipped: 0, Time elapsed: 0 sec - in org.apache.commons.lang3.BitFieldTest
Running org.apache.commons.lang3.BooleanUtilsTest
Tests run: 72, Failures: 0, Errors: 0, Skipped: 0, Time elapsed: 0.001 sec - in org.apache.commons.lang3.BooleanUtilsTest
Running org.apache.commons.lang3.CharEncodingTest
Tests run: 4, Failures: 0, Errors: 0, Skipped: 0, Time elapsed: 0.001 sec - in org.apache.commons.lang3.CharEncodingTest
Running org.apache.commons.lang3.CharRangeTest
Tests run: 17, Failures: 0, Errors: 0, Skipped: 0, Time elapsed: 0.017 sec - in org.apache.commons.lang3.CharRangeTest
Running org.apache.commons.lang3.CharSequenceUtilsTest
Tests run: 6, Failures: 0, Errors: 0, Skipped: 0, Time elapsed: 0.002 sec - in org.apache.commons.lang3.CharSequenceUtilsTest
Running org.apache.commons.lang3.CharSetTest
Tests run: 15, Failures: 0, Errors: 0, Skipped: 0, Time elapsed: 0.006 sec - in org.apache.commons.lang3.CharSetTest
Running org.apache.commons.lang3.CharSetUtilsTest
Tests run: 11, Failures: 0, Errors: 0, Skipped: 0, Time elapsed: 0.001 sec - in org.apache.commons.lang3.CharSetUtilsTest
Running org.apache.commons.lang3.CharUtilsTest
Tests run: 24, Failures: 0, Errors: 0, Skipped: 0, Time elapsed: 0.002 sec - in org.apache.commons.lang3.CharUtilsTest
Running org.apache.commons.lang3.ClassPathUtilsTest
Tests run: 13, Failures: 0, Errors: 0, Skipped: 0, Time elapsed: 0 sec - in org.apache.commons.lang3.ClassPathUtilsTest
Running org.apache.commons.lang3.ClassUtilsTest
Tests run: 57, Failures: 0, Errors: 0, Skipped: 0, Time elapsed: 0.016 sec - in org.apache.commons.lang3.ClassUtilsTest
Running org.apache.commons.lang3.ConversionTest
Tests run: 42, Failures: 0, Errors: 0, Skipped: 0, Time elapsed: 0.002 sec - in org.apache.commons.lang3.ConversionTest
Running org.apache.commons.lang3.EnumUtilsTest
Tests run: 34, Failures: 0, Errors: 0, Skipped: 0, Time elapsed: 0.005 sec - in org.apache.commons.lang3.EnumUtilsTest
Running org.apache.commons.lang3.HashSetvBitSetTest
Ratio=82% array=100 count=1 extract=13583041 bitset=11151238
Ratio=31% array=100 count=10 extract=11171960 bitset=3517132
Ratio=13% array=100 count=50 extract=17695491 bitset=2410003
Ratio=5% array=100 count=100 extract=18990673 bitset=1106791
Ratio=144% array=1000 count=10 extract=25120312 bitset=36233449
Ratio=39% array=1000 count=100 extract=21089451 bitset=8426560
Ratio=25% array=1000 count=500 extract=55995989 bitset=14298199
Ratio=1% array=1000 count=1000 extract=96593551 bitset=1031461
Ratio=72% count=0 hash=257261 bits=185294
Ratio=36% count=5 hash=1223564 bits=445458
Ratio=23% count=10 hash=2096846 bits=491787
Ratio=13% count=200 hash=31487363 bits=4350671
Ratio=16% count=50 hash=6308032 bits=1029604
Ratio=17% count=100 hash=11854297 bits=2116445
Ratio=16% count=1000 hash=125332633 bits=20365519
Ratio=15% count=2000 hash=259402710 bits=40550489
Tests run: 2, Failures: 0, Errors: 0, Skipped: 0, Time elapsed: 0.876 sec - in org.apache.commons.lang3.HashSetvBitSetTest
Running org.apache.commons.lang3.JavaVersionTest
Tests run: 3, Failures: 0, Errors: 0, Skipped: 0, Time elapsed: 0.001 sec - in org.apache.commons.lang3.JavaVersionTest
Running org.apache.commons.lang3.LocaleUtilsTest
Tests run: 16, Failures: 0, Errors: 0, Skipped: 0, Time elapsed: 0.025 sec - in org.apache.commons.lang3.LocaleUtilsTest
Running org.apache.commons.lang3.NotImplementedExceptionTest
Tests run: 1, Failures: 0, Errors: 0, Skipped: 0, Time elapsed: 0 sec - in org.apache.commons.lang3.NotImplementedExceptionTest
Running org.apache.commons.lang3.ObjectUtilsTest
Tests run: 38, Failures: 0, Errors: 0, Skipped: 0, Time elapsed: 0.012 sec - in org.apache.commons.lang3.ObjectUtilsTest
Running org.apache.commons.lang3.RandomStringUtilsTest
Tests run: 18, Failures: 0, Errors: 0, Skipped: 0, Time elapsed: 0.085 sec - in org.apache.commons.lang3.RandomStringUtilsTest
Running org.apache.commons.lang3.RandomUtilsTest
Tests run: 29, Failures: 0, Errors: 0, Skipped: 0, Time elapsed: 0.001 sec - in org.apache.commons.lang3.RandomUtilsTest
Running org.apache.commons.lang3.RangeTest
Tests run: 24, Failures: 0, Errors: 0, Skipped: 0, Time elapsed: 0.005 sec - in org.apache.commons.lang3.RangeTest
Running org.apache.commons.lang3.SerializationUtilsTest
Tests run: 26, Failures: 0, Errors: 0, Skipped: 0, Time elapsed: 0.025 sec - in org.apache.commons.lang3.SerializationUtilsTest
Running org.apache.commons.lang3.StringEscapeUtilsTest
Tests run: 32, Failures: 0, Errors: 0, Skipped: 0, Time elapsed: 0.282 sec - in org.apache.commons.lang3.StringEscapeUtilsTest
Running org.apache.commons.lang3.StringUtilsContainsTest
Tests run: 22, Failures: 0, Errors: 0, Skipped: 0, Time elapsed: 0.004 sec - in org.apache.commons.lang3.StringUtilsContainsTest
Running org.apache.commons.lang3.StringUtilsEmptyBlankTest
Tests run: 10, Failures: 0, Errors: 0, Skipped: 0, Time elapsed: 0.004 sec - in org.apache.commons.lang3.StringUtilsEmptyBlankTest
Running org.apache.commons.lang3.StringUtilsEqualsIndexOfTest
Tests run: 37, Failures: 0, Errors: 0, Skipped: 0, Time elapsed: 0.003 sec - in org.apache.commons.lang3.StringUtilsEqualsIndexOfTest
Running org.apache.commons.lang3.StringUtilsIsTest
Tests run: 8, Failures: 0, Errors: 0, Skipped: 0, Time elapsed: 0 sec - in org.apache.commons.lang3.StringUtilsIsTest
Running org.apache.commons.lang3.StringUtilsStartsEndsWithTest
Tests run: 6, Failures: 0, Errors: 0, Skipped: 0, Time elapsed: 0 sec - in org.apache.commons.lang3.StringUtilsStartsEndsWithTest
Running org.apache.commons.lang3.StringUtilsSubstringTest
Tests run: 14, Failures: 0, Errors: 0, Skipped: 0, Time elapsed: 0 sec - in org.apache.commons.lang3.StringUtilsSubstringTest
Running org.apache.commons.lang3.StringUtilsTest
Tests run: 142, Failures: 0, Errors: 0, Skipped: 0, Time elapsed: 0.042 sec - in org.apache.commons.lang3.StringUtilsTest
Running org.apache.commons.lang3.StringUtilsTrimStripTest
Tests run: 11, Failures: 0, Errors: 0, Skipped: 0, Time elapsed: 0.012 sec - in org.apache.commons.lang3.StringUtilsTrimStripTest
Running org.apache.commons.lang3.SystemUtilsTest
Tests run: 15, Failures: 0, Errors: 0, Skipped: 0, Time elapsed: 0.002 sec - in org.apache.commons.lang3.SystemUtilsTest
Running org.apache.commons.lang3.ThreadUtilsTest
Tests run: 27, Failures: 0, Errors: 0, Skipped: 0, Time elapsed: 0.012 sec - in org.apache.commons.lang3.ThreadUtilsTest
Running org.apache.commons.lang3.ValidateTest
Tests run: 67, Failures: 0, Errors: 0, Skipped: 0, Time elapsed: 0.005 sec - in org.apache.commons.lang3.ValidateTest
Running org.apache.commons.lang3.builder.CompareToBuilderTest
Tests run: 48, Failures: 0, Errors: 0, Skipped: 0, Time elapsed: 0.007 sec - in org.apache.commons.lang3.builder.CompareToBuilderTest
Running org.apache.commons.lang3.builder.DefaultToStringStyleTest
Tests run: 8, Failures: 0, Errors: 0, Skipped: 0, Time elapsed: 0 sec - in org.apache.commons.lang3.builder.DefaultToStringStyleTest
Running org.apache.commons.lang3.builder.DiffBuilderTest
Tests run: 31, Failures: 0, Errors: 0, Skipped: 0, Time elapsed: 0.016 sec - in org.apache.commons.lang3.builder.DiffBuilderTest
Running org.apache.commons.lang3.builder.DiffResultTest
Tests run: 9, Failures: 0, Errors: 0, Skipped: 0, Time elapsed: 0 sec - in org.apache.commons.lang3.builder.DiffResultTest
Running org.apache.commons.lang3.builder.DiffTest
Tests run: 4, Failures: 0, Errors: 0, Skipped: 0, Time elapsed: 0 sec - in org.apache.commons.lang3.builder.DiffTest
Running org.apache.commons.lang3.builder.EqualsBuilderTest
Tests run: 53, Failures: 0, Errors: 0, Skipped: 0, Time elapsed: 0.008 sec - in org.apache.commons.lang3.builder.EqualsBuilderTest
Running org.apache.commons.lang3.builder.HashCodeBuilderAndEqualsBuilderTest
Tests run: 4, Failures: 0, Errors: 0, Skipped: 0, Time elapsed: 0.001 sec - in org.apache.commons.lang3.builder.HashCodeBuilderAndEqualsBuilderTest
Running org.apache.commons.lang3.builder.HashCodeBuilderTest
Tests run: 45, Failures: 0, Errors: 0, Skipped: 0, Time elapsed: 0.008 sec - in org.apache.commons.lang3.builder.HashCodeBuilderTest
Running org.apache.commons.lang3.builder.JsonToStringStyleTest
Tests run: 12, Failures: 0, Errors: 0, Skipped: 0, Time elapsed: 0.005 sec - in org.apache.commons.lang3.builder.JsonToStringStyleTest
Running org.apache.commons.lang3.builder.MultiLineToStringStyleTest
Tests run: 8, Failures: 0, Errors: 0, Skipped: 0, Time elapsed: 0 sec - in org.apache.commons.lang3.builder.MultiLineToStringStyleTest
Running org.apache.commons.lang3.builder.MultilineRecursiveToStringStyleTest
Tests run: 10, Failures: 0, Errors: 0, Skipped: 0, Time elapsed: 0.003 sec - in org.apache.commons.lang3.builder.MultilineRecursiveToStringStyleTest
Running org.apache.commons.lang3.builder.NoClassNameToStringStyleTest
Tests run: 8, Failures: 0, Errors: 0, Skipped: 0, Time elapsed: 0.001 sec - in org.apache.commons.lang3.builder.NoClassNameToStringStyleTest
Running org.apache.commons.lang3.builder.NoFieldNamesToStringStyleTest
Tests run: 8, Failures: 0, Errors: 0, Skipped: 0, Time elapsed: 0 sec - in org.apache.commons.lang3.builder.NoFieldNamesToStringStyleTest
Running org.apache.commons.lang3.builder.RecursiveToStringStyleTest
Tests run: 8, Failures: 0, Errors: 0, Skipped: 0, Time elapsed: 0.001 sec - in org.apache.commons.lang3.builder.RecursiveToStringStyleTest
Running org.apache.commons.lang3.builder.ReflectionDiffBuilderTest
Tests run: 6, Failures: 0, Errors: 0, Skipped: 0, Time elapsed: 0.002 sec - in org.apache.commons.lang3.builder.ReflectionDiffBuilderTest
Running org.apache.commons.lang3.builder.ReflectionToStringBuilderConcurrencyTest
Tests run: 3, Failures: 0, Errors: 0, Skipped: 3, Time elapsed: 0.001 sec - in org.apache.commons.lang3.builder.ReflectionToStringBuilderConcurrencyTest
Running org.apache.commons.lang3.builder.ReflectionToStringBuilderExcludeNullValuesTest
Tests run: 5, Failures: 0, Errors: 0, Skipped: 0, Time elapsed: 0 sec - in org.apache.commons.lang3.builder.ReflectionToStringBuilderExcludeNullValuesTest
Running org.apache.commons.lang3.builder.ReflectionToStringBuilderExcludeTest
Tests run: 11, Failures: 0, Errors: 0, Skipped: 0, Time elapsed: 0.001 sec - in org.apache.commons.lang3.builder.ReflectionToStringBuilderExcludeTest
Running org.apache.commons.lang3.builder.ToStringBuilderTest
Tests run: 74, Failures: 0, Errors: 0, Skipped: 1, Time elapsed: 0.016 sec - in org.apache.commons.lang3.builder.ToStringBuilderTest
Running org.apache.commons.lang3.builder.ReflectionToStringBuilderExcludeWithAnnotationTest
Tests run: 1, Failures: 0, Errors: 0, Skipped: 0, Time elapsed: 0 sec - in org.apache.commons.lang3.builder.ReflectionToStringBuilderExcludeWithAnnotationTest
Running org.apache.commons.lang3.builder.ReflectionToStringBuilderMutateInspectConcurrencyTest
Tests run: 1, Failures: 0, Errors: 0, Skipped: 1, Time elapsed: 0 sec - in org.apache.commons.lang3.builder.ReflectionToStringBuilderMutateInspectConcurrencyTest
Running org.apache.commons.lang3.builder.ReflectionToStringBuilderTest
Tests run: 1, Failures: 0, Errors: 0, Skipped: 0, Time elapsed: 0 sec - in org.apache.commons.lang3.builder.ReflectionToStringBuilderTest
Running org.apache.commons.lang3.builder.ShortPrefixToStringStyleTest
Tests run: 8, Failures: 0, Errors: 0, Skipped: 0, Time elapsed: 0.001 sec - in org.apache.commons.lang3.builder.ShortPrefixToStringStyleTest
Running org.apache.commons.lang3.builder.SimpleToStringStyleTest
Tests run: 8, Failures: 0, Errors: 0, Skipped: 0, Time elapsed: 0 sec - in org.apache.commons.lang3.builder.SimpleToStringStyleTest
Running org.apache.commons.lang3.builder.StandardToStringStyleTest
Tests run: 8, Failures: 0, Errors: 0, Skipped: 0, Time elapsed: 0 sec - in org.apache.commons.lang3.builder.StandardToStringStyleTest
Running org.apache.commons.lang3.builder.ToStringStyleConcurrencyTest
Tests run: 3, Failures: 0, Errors: 0, Skipped: 0, Time elapsed: 3.727 sec - in org.apache.commons.lang3.builder.ToStringStyleConcurrencyTest
Running org.apache.commons.lang3.builder.ToStringStyleTest
Tests run: 12, Failures: 0, Errors: 0, Skipped: 0, Time elapsed: 0.002 sec - in org.apache.commons.lang3.builder.ToStringStyleTest
Running org.apache.commons.lang3.concurrent.AtomicInitializerTest
Tests run: 3, Failures: 0, Errors: 0, Skipped: 0, Time elapsed: 0.008 sec - in org.apache.commons.lang3.concurrent.AtomicInitializerTest
Running org.apache.commons.lang3.concurrent.AtomicSafeInitializerTest
Tests run: 4, Failures: 0, Errors: 0, Skipped: 0, Time elapsed: 0.01 sec - in org.apache.commons.lang3.concurrent.AtomicSafeInitializerTest
Running org.apache.commons.lang3.concurrent.BackgroundInitializerTest
Tests run: 15, Failures: 0, Errors: 0, Skipped: 0, Time elapsed: 0.012 sec - in org.apache.commons.lang3.concurrent.BackgroundInitializerTest
Running org.apache.commons.lang3.concurrent.BasicThreadFactoryTest
Tests run: 15, Failures: 0, Errors: 0, Skipped: 0, Time elapsed: 0.028 sec - in org.apache.commons.lang3.concurrent.BasicThreadFactoryTest
Running org.apache.commons.lang3.concurrent.CallableBackgroundInitializerTest
Tests run: 4, Failures: 0, Errors: 0, Skipped: 0, Time elapsed: 0 sec - in org.apache.commons.lang3.concurrent.CallableBackgroundInitializerTest
Running org.apache.commons.lang3.concurrent.CircuitBreakingExceptionTest
Tests run: 7, Failures: 0, Errors: 0, Skipped: 0, Time elapsed: 0 sec - in org.apache.commons.lang3.concurrent.CircuitBreakingExceptionTest
Running org.apache.commons.lang3.concurrent.ConcurrentUtilsTest
Tests run: 41, Failures: 0, Errors: 0, Skipped: 0, Time elapsed: 0.004 sec - in org.apache.commons.lang3.concurrent.ConcurrentUtilsTest
Running org.apache.commons.lang3.concurrent.ConstantInitializerTest
Tests run: 7, Failures: 0, Errors: 0, Skipped: 0, Time elapsed: 0 sec - in org.apache.commons.lang3.concurrent.ConstantInitializerTest
Running org.apache.commons.lang3.concurrent.EventCountCircuitBreakerTest
Tests run: 17, Failures: 0, Errors: 0, Skipped: 0, Time elapsed: 0.053 sec - in org.apache.commons.lang3.concurrent.EventCountCircuitBreakerTest
Running org.apache.commons.lang3.concurrent.LazyInitializerTest
Tests run: 3, Failures: 0, Errors: 0, Skipped: 0, Time elapsed: 0.003 sec - in org.apache.commons.lang3.concurrent.LazyInitializerTest
Running org.apache.commons.lang3.concurrent.MemoizerTest
Tests run: 6, Failures: 0, Errors: 0, Skipped: 0, Time elapsed: 0.012 sec - in org.apache.commons.lang3.concurrent.MemoizerTest
Running org.apache.commons.lang3.concurrent.MultiBackgroundInitializerTest
Tests run: 17, Failures: 0, Errors: 0, Skipped: 0, Time elapsed: 0.062 sec - in org.apache.commons.lang3.concurrent.MultiBackgroundInitializerTest
Running org.apache.commons.lang3.concurrent.ThresholdCircuitBreakerTest
Tests run: 5, Failures: 0, Errors: 0, Skipped: 0, Time elapsed: 0 sec - in org.apache.commons.lang3.concurrent.ThresholdCircuitBreakerTest
Running org.apache.commons.lang3.concurrent.TimedSemaphoreTest
Tests run: 17, Failures: 0, Errors: 0, Skipped: 0, Time elapsed: 1.176 sec - in org.apache.commons.lang3.concurrent.TimedSemaphoreTest
Running org.apache.commons.lang3.concurrent.annotation.ContractTest
Tests run: 2, Failures: 0, Errors: 0, Skipped: 0, Time elapsed: 0.035 sec - in org.apache.commons.lang3.concurrent.annotation.ContractTest
Running org.apache.commons.lang3.concurrent.annotation.GuardedByTest
Tests run: 2, Failures: 0, Errors: 0, Skipped: 0, Time elapsed: 0.001 sec - in org.apache.commons.lang3.concurrent.annotation.GuardedByTest
Running org.apache.commons.lang3.concurrent.annotation.ImmutableTest
Tests run: 2, Failures: 0, Errors: 0, Skipped: 0, Time elapsed: 0 sec - in org.apache.commons.lang3.concurrent.annotation.ImmutableTest
Running org.apache.commons.lang3.concurrent.annotation.NotThreadSafeTest
Tests run: 2, Failures: 0, Errors: 0, Skipped: 0, Time elapsed: 0 sec - in org.apache.commons.lang3.concurrent.annotation.NotThreadSafeTest
Running org.apache.commons.lang3.concurrent.annotation.ThreadSafeTest
Tests run: 2, Failures: 0, Errors: 0, Skipped: 0, Time elapsed: 0 sec - in org.apache.commons.lang3.concurrent.annotation.ThreadSafeTest
Running org.apache.commons.lang3.event.EventListenerSupportTest
Tests run: 10, Failures: 0, Errors: 0, Skipped: 0, Time elapsed: 0.012 sec - in org.apache.commons.lang3.event.EventListenerSupportTest
Running org.apache.commons.lang3.event.EventUtilsTest
Tests run: 8, Failures: 0, Errors: 0, Skipped: 0, Time elapsed: 0.006 sec - in org.apache.commons.lang3.event.EventUtilsTest
Running org.apache.commons.lang3.exception.CloneFailedExceptionTest
Tests run: 6, Failures: 0, Errors: 0, Skipped: 0, Time elapsed: 0 sec - in org.apache.commons.lang3.exception.CloneFailedExceptionTest
Running org.apache.commons.lang3.exception.ContextedExceptionTest
Tests run: 14, Failures: 0, Errors: 0, Skipped: 0, Time elapsed: 0.009 sec - in org.apache.commons.lang3.exception.ContextedExceptionTest
Running org.apache.commons.lang3.exception.ContextedRuntimeExceptionTest
Tests run: 14, Failures: 0, Errors: 0, Skipped: 0, Time elapsed: 0.005 sec - in org.apache.commons.lang3.exception.ContextedRuntimeExceptionTest
Running org.apache.commons.lang3.exception.DefaultExceptionContextTest
Tests run: 8, Failures: 0, Errors: 0, Skipped: 0, Time elapsed: 0 sec - in org.apache.commons.lang3.exception.DefaultExceptionContextTest
Running org.apache.commons.lang3.exception.ExceptionUtilsTest
Tests run: 34, Failures: 0, Errors: 0, Skipped: 0, Time elapsed: 0.015 sec - in org.apache.commons.lang3.exception.ExceptionUtilsTest
Running org.apache.commons.lang3.math.FractionTest
Tests run: 25, Failures: 0, Errors: 0, Skipped: 0, Time elapsed: 0.08 sec - in org.apache.commons.lang3.math.FractionTest
Running org.apache.commons.lang3.math.IEEE754rUtilsTest
Tests run: 3, Failures: 0, Errors: 0, Skipped: 0, Time elapsed: 0 sec - in org.apache.commons.lang3.math.IEEE754rUtilsTest
Running org.apache.commons.lang3.math.NumberUtilsTest
Tests run: 101, Failures: 0, Errors: 0, Skipped: 0, Time elapsed: 0.01 sec - in org.apache.commons.lang3.math.NumberUtilsTest
Running org.apache.commons.lang3.mutable.MutableBooleanTest
Tests run: 9, Failures: 0, Errors: 0, Skipped: 0, Time elapsed: 0 sec - in org.apache.commons.lang3.mutable.MutableBooleanTest
Running org.apache.commons.lang3.mutable.MutableByteTest
Tests run: 25, Failures: 0, Errors: 0, Skipped: 0, Time elapsed: 0.001 sec - in org.apache.commons.lang3.mutable.MutableByteTest
Running org.apache.commons.lang3.mutable.MutableDoubleTest
Tests run: 26, Failures: 0, Errors: 0, Skipped: 0, Time elapsed: 0 sec - in org.apache.commons.lang3.mutable.MutableDoubleTest
Running org.apache.commons.lang3.mutable.MutableFloatTest
Tests run: 26, Failures: 0, Errors: 0, Skipped: 0, Time elapsed: 0 sec - in org.apache.commons.lang3.mutable.MutableFloatTest
Running org.apache.commons.lang3.mutable.MutableIntTest
Tests run: 25, Failures: 0, Errors: 0, Skipped: 0, Time elapsed: 0 sec - in org.apache.commons.lang3.mutable.MutableIntTest
Running org.apache.commons.lang3.mutable.MutableLongTest
Tests run: 25, Failures: 0, Errors: 0, Skipped: 0, Time elapsed: 0 sec - in org.apache.commons.lang3.mutable.MutableLongTest
Running org.apache.commons.lang3.mutable.MutableObjectTest
Tests run: 5, Failures: 0, Errors: 0, Skipped: 0, Time elapsed: 0 sec - in org.apache.commons.lang3.mutable.MutableObjectTest
Running org.apache.commons.lang3.mutable.MutableShortTest
Tests run: 22, Failures: 0, Errors: 0, Skipped: 0, Time elapsed: 0 sec - in org.apache.commons.lang3.mutable.MutableShortTest
Running org.apache.commons.lang3.reflect.ConstructorUtilsTest
Tests run: 8, Failures: 0, Errors: 0, Skipped: 0, Time elapsed: 0.001 sec - in org.apache.commons.lang3.reflect.ConstructorUtilsTest
Running org.apache.commons.lang3.reflect.FieldUtilsTest
Tests run: 64, Failures: 0, Errors: 0, Skipped: 0, Time elapsed: 0.012 sec - in org.apache.commons.lang3.reflect.FieldUtilsTest
Running org.apache.commons.lang3.reflect.InheritanceUtilsTest
Tests run: 9, Failures: 0, Errors: 0, Skipped: 0, Time elapsed: 0 sec - in org.apache.commons.lang3.reflect.InheritanceUtilsTest
Running org.apache.commons.lang3.reflect.MethodUtilsTest
Tests run: 40, Failures: 0, Errors: 0, Skipped: 0, Time elapsed: 0.011 sec - in org.apache.commons.lang3.reflect.MethodUtilsTest
Running org.apache.commons.lang3.reflect.TypeLiteralTest
Tests run: 4, Failures: 0, Errors: 0, Skipped: 0, Time elapsed: 0.002 sec - in org.apache.commons.lang3.reflect.TypeLiteralTest
Running org.apache.commons.lang3.reflect.TypeUtilsTest
Tests run: 22, Failures: 0, Errors: 0, Skipped: 0, Time elapsed: 0.01 sec - in org.apache.commons.lang3.reflect.TypeUtilsTest
Running org.apache.commons.lang3.test.SystemDefaultsSwitchTest
Tests run: 4, Failures: 0, Errors: 0, Skipped: 0, Time elapsed: 0 sec - in org.apache.commons.lang3.test.SystemDefaultsSwitchTest
Running org.apache.commons.lang3.text.CompositeFormatTest
Tests run: 2, Failures: 0, Errors: 0, Skipped: 0, Time elapsed: 0.006 sec - in org.apache.commons.lang3.text.CompositeFormatTest
Running org.apache.commons.lang3.text.ExtendedMessageFormatTest
Tests run: 10, Failures: 0, Errors: 0, Skipped: 0, Time elapsed: 0.632 sec - in org.apache.commons.lang3.text.ExtendedMessageFormatTest
Running org.apache.commons.lang3.text.FormattableUtilsTest
Tests run: 5, Failures: 0, Errors: 0, Skipped: 0, Time elapsed: 0 sec - in org.apache.commons.lang3.text.FormattableUtilsTest
Running org.apache.commons.lang3.text.StrBuilderAppendInsertTest
Tests run: 51, Failures: 0, Errors: 0, Skipped: 0, Time elapsed: 0.003 sec - in org.apache.commons.lang3.text.StrBuilderAppendInsertTest
Running org.apache.commons.lang3.text.StrBuilderTest
Tests run: 91, Failures: 0, Errors: 0, Skipped: 0, Time elapsed: 0.008 sec - in org.apache.commons.lang3.text.StrBuilderTest
Running org.apache.commons.lang3.text.StrLookupTest
Tests run: 6, Failures: 0, Errors: 0, Skipped: 0, Time elapsed: 0 sec - in org.apache.commons.lang3.text.StrLookupTest
Running org.apache.commons.lang3.text.StrMatcherTest
Tests run: 14, Failures: 0, Errors: 0, Skipped: 0, Time elapsed: 0 sec - in org.apache.commons.lang3.text.StrMatcherTest
Running org.apache.commons.lang3.text.StrSubstitutorTest
Tests run: 41, Failures: 0, Errors: 0, Skipped: 0, Time elapsed: 0.007 sec - in org.apache.commons.lang3.text.StrSubstitutorTest
Running org.apache.commons.lang3.text.StrTokenizerTest
Tests run: 55, Failures: 0, Errors: 0, Skipped: 0, Time elapsed: 0.003 sec - in org.apache.commons.lang3.text.StrTokenizerTest
Running org.apache.commons.lang3.text.WordUtilsTest
Tests run: 15, Failures: 0, Errors: 0, Skipped: 0, Time elapsed: 0 sec - in org.apache.commons.lang3.text.WordUtilsTest
Running org.apache.commons.lang3.text.translate.EntityArraysTest
Tests run: 3, Failures: 0, Errors: 0, Skipped: 0, Time elapsed: 0 sec - in org.apache.commons.lang3.text.translate.EntityArraysTest
Running org.apache.commons.lang3.text.translate.LookupTranslatorTest
Tests run: 2, Failures: 0, Errors: 0, Skipped: 0, Time elapsed: 0 sec - in org.apache.commons.lang3.text.translate.LookupTranslatorTest
Running org.apache.commons.lang3.text.translate.NumericEntityEscaperTest
Tests run: 4, Failures: 0, Errors: 0, Skipped: 0, Time elapsed: 0 sec - in org.apache.commons.lang3.text.translate.NumericEntityEscaperTest
Running org.apache.commons.lang3.text.translate.NumericEntityUnescaperTest
Tests run: 3, Failures: 0, Errors: 0, Skipped: 0, Time elapsed: 0 sec - in org.apache.commons.lang3.text.translate.NumericEntityUnescaperTest
Running org.apache.commons.lang3.text.translate.OctalUnescaperTest
Tests run: 1, Failures: 0, Errors: 0, Skipped: 0, Time elapsed: 0 sec - in org.apache.commons.lang3.text.translate.OctalUnescaperTest
Running org.apache.commons.lang3.text.translate.UnicodeEscaperTest
Tests run: 3, Failures: 0, Errors: 0, Skipped: 0, Time elapsed: 0 sec - in org.apache.commons.lang3.text.translate.UnicodeEscaperTest
Running org.apache.commons.lang3.text.translate.UnicodeUnescaperTest
Tests run: 3, Failures: 0, Errors: 0, Skipped: 0, Time elapsed: 0 sec - in org.apache.commons.lang3.text.translate.UnicodeUnescaperTest
Running org.apache.commons.lang3.text.translate.UnicodeUnpairedSurrogateRemoverTest
Tests run: 2, Failures: 0, Errors: 0, Skipped: 0, Time elapsed: 0 sec - in org.apache.commons.lang3.text.translate.UnicodeUnpairedSurrogateRemoverTest
Running org.apache.commons.lang3.time.DateFormatUtilsTest
Tests run: 12, Failures: 0, Errors: 0, Skipped: 0, Time elapsed: 0.058 sec - in org.apache.commons.lang3.time.DateFormatUtilsTest
Running org.apache.commons.lang3.time.DateUtilsFragmentTest
Tests run: 57, Failures: 0, Errors: 0, Skipped: 0, Time elapsed: 0.002 sec - in org.apache.commons.lang3.time.DateUtilsFragmentTest
Running org.apache.commons.lang3.time.DateUtilsRoundingTest
Tests run: 22, Failures: 0, Errors: 0, Skipped: 0, Time elapsed: 0.024 sec - in org.apache.commons.lang3.time.DateUtilsRoundingTest
Running org.apache.commons.lang3.time.DateUtilsTest
Tests run: 63, Failures: 0, Errors: 0, Skipped: 0, Time elapsed: 0.056 sec - in org.apache.commons.lang3.time.DateUtilsTest
Running org.apache.commons.lang3.time.DurationFormatUtilsTest
Tests run: 25, Failures: 0, Errors: 0, Skipped: 0, Time elapsed: 0.467 sec - in org.apache.commons.lang3.time.DurationFormatUtilsTest
Running org.apache.commons.lang3.time.FastDateFormatTest
>>FastDateFormatTest: FastDatePrinter:360  SimpleDateFormat:3501
>>FastDateFormatTest: FastDateParser:676  SimpleDateFormat:3051
Tests run: 16, Failures: 0, Errors: 0, Skipped: 0, Time elapsed: 0.941 sec - in org.apache.commons.lang3.time.FastDateFormatTest
Running org.apache.commons.lang3.time.FastDateFormat_ParserTest
Tests run: 37, Failures: 0, Errors: 0, Skipped: 0, Time elapsed: 0.645 sec - in org.apache.commons.lang3.time.FastDateFormat_ParserTest
Running org.apache.commons.lang3.time.FastDateFormat_PrinterTest
Tests run: 22, Failures: 0, Errors: 0, Skipped: 0, Time elapsed: 0.003 sec - in org.apache.commons.lang3.time.FastDateFormat_PrinterTest
Running org.apache.commons.lang3.time.FastDateParserSDFTest
Tests run: 276, Failures: 0, Errors: 0, Skipped: 0, Time elapsed: 0.022 sec - in org.apache.commons.lang3.time.FastDateParserSDFTest
Running org.apache.commons.lang3.time.FastDateParserTest
Tests run: 37, Failures: 0, Errors: 0, Skipped: 0, Time elapsed: 0.172 sec - in org.apache.commons.lang3.time.FastDateParserTest
Running org.apache.commons.lang3.time.FastDateParser_MoreOrLessTest
Tests run: 7, Failures: 0, Errors: 0, Skipped: 0, Time elapsed: 0 sec - in org.apache.commons.lang3.time.FastDateParser_MoreOrLessTest
Running org.apache.commons.lang3.time.FastDateParser_TimeZoneStrategyTest
Tests run: 2, Failures: 0, Errors: 0, Skipped: 0, Time elapsed: 2.362 sec - in org.apache.commons.lang3.time.FastDateParser_TimeZoneStrategyTest
Running org.apache.commons.lang3.time.FastDatePrinterTest
Tests run: 22, Failures: 0, Errors: 0, Skipped: 0, Time elapsed: 0.003 sec - in org.apache.commons.lang3.time.FastDatePrinterTest
Running org.apache.commons.lang3.time.FastDatePrinterTimeZonesTest
Tests run: 617, Failures: 0, Errors: 0, Skipped: 0, Time elapsed: 0.062 sec - in org.apache.commons.lang3.time.FastDatePrinterTimeZonesTest
Running org.apache.commons.lang3.time.StopWatchTest
Tests run: 10, Failures: 0, Errors: 0, Skipped: 0, Time elapsed: 4.741 sec - in org.apache.commons.lang3.time.StopWatchTest
Running org.apache.commons.lang3.time.WeekYearTest
Tests run: 32, Failures: 0, Errors: 0, Skipped: 0, Time elapsed: 0.005 sec - in org.apache.commons.lang3.time.WeekYearTest
Running org.apache.commons.lang3.tuple.ImmutablePairTest
Tests run: 6, Failures: 0, Errors: 0, Skipped: 0, Time elapsed: 0.001 sec - in org.apache.commons.lang3.tuple.ImmutablePairTest
Running org.apache.commons.lang3.tuple.ImmutableTripleTest
Tests run: 6, Failures: 0, Errors: 0, Skipped: 0, Time elapsed: 0.001 sec - in org.apache.commons.lang3.tuple.ImmutableTripleTest
Running org.apache.commons.lang3.tuple.MutablePairTest
Tests run: 8, Failures: 0, Errors: 0, Skipped: 0, Time elapsed: 0.001 sec - in org.apache.commons.lang3.tuple.MutablePairTest
Running org.apache.commons.lang3.tuple.MutableTripleTest
Tests run: 8, Failures: 0, Errors: 0, Skipped: 0, Time elapsed: 0.001 sec - in org.apache.commons.lang3.tuple.MutableTripleTest
Running org.apache.commons.lang3.tuple.PairTest
Tests run: 9, Failures: 0, Errors: 0, Skipped: 0, Time elapsed: 0.001 sec - in org.apache.commons.lang3.tuple.PairTest
Running org.apache.commons.lang3.tuple.TripleTest
Tests run: 10, Failures: 0, Errors: 0, Skipped: 0, Time elapsed: 0.001 sec - in org.apache.commons.lang3.tuple.TripleTest

Results :

Tests run: 4004, Failures: 0, Errors: 0, Skipped: 5

[INFO] 
[INFO] --- apache-rat-plugin:0.12:check (default-cli) @ commons-lang3 ---
[INFO] Enabled default license matchers.
[INFO] Will parse SCM ignores for exclusions...
[INFO] Parsing exclusions from /home/travis/build/passed/apache/commons-lang/.gitignore
[INFO] Finished adding exclusions from SCM ignore files.
[INFO] 73 implicit excludes (use -debug for more details).
[INFO] Exclude: site-content/**
[INFO] Exclude: src/site/resources/.htaccess
[INFO] Exclude: src/site/resources/download_lang.cgi
[INFO] Exclude: src/site/resources/release-notes/RELEASE-NOTES-*.txt
[INFO] Exclude: src/test/resources/lang-708-input.txt
[INFO] Exclude: site-content/**
[INFO] Exclude: .checkstyle
[INFO] Exclude: .fbprefs
[INFO] Exclude: .pmd
[INFO] Exclude: src/site/resources/download_*.cgi
[INFO] Exclude: src/site/resources/profile.*
[INFO] Exclude: maven-eclipse.xml
[INFO] Exclude: .externalToolBuilders/**
[INFO] 375 resources included (use -debug for more details)
[INFO] Rat check: Summary over all files. Unapproved: 0, unknown: 0, generated: 0, approved: 370 licenses.
[INFO] 
[INFO] >>> clirr-maven-plugin:2.8:check (default-cli) > compile @ commons-lang3 >>>
[INFO] 
[INFO] --- maven-enforcer-plugin:1.4.1:enforce (enforce-maven-3) @ commons-lang3 ---
[INFO] 
[INFO] --- build-helper-maven-plugin:1.10:parse-version (parse-version) @ commons-lang3 ---
[INFO] 
[INFO] --- maven-antrun-plugin:1.8:run (javadoc.resources) @ commons-lang3 ---
[INFO] Executing tasks

main:
[INFO] Executed tasks
[INFO] 
[INFO] --- maven-remote-resources-plugin:1.5:process (process-resource-bundles) @ commons-lang3 ---
[INFO] 
[INFO] --- buildnumber-maven-plugin:1.4:create (default) @ commons-lang3 ---
[INFO] Executing: /bin/sh -c cd '/home/travis/build/passed/apache/commons-lang' && 'git' 'rev-parse' '--verify' 'HEAD'
[INFO] Working directory: /home/travis/build/passed/apache/commons-lang
[INFO] Storing buildNumber: 8cafd87c83f4197f7e8d14de8cba453c844266c0 at timestamp: 1657809536963
[INFO] Storing buildScmBranch: master
[INFO] 
[INFO] --- maven-resources-plugin:2.7:resources (default-resources) @ commons-lang3 ---
[INFO] Using 'ISO-8859-1' encoding to copy filtered resources.
[INFO] skip non existing resourceDirectory /home/travis/build/passed/apache/commons-lang/src/main/resources
[INFO] Copying 2 resources to META-INF
[INFO] 
[INFO] --- maven-compiler-plugin:3.6.0:compile (default-compile) @ commons-lang3 ---
[INFO] Changes detected - recompiling the module!
[INFO] Compiling 155 source files to /home/travis/build/passed/apache/commons-lang/target/classes
[INFO] /home/travis/build/passed/apache/commons-lang/src/main/java/org/apache/commons/lang3/ObjectUtils.java: Some input files use or override a deprecated API.
[INFO] /home/travis/build/passed/apache/commons-lang/src/main/java/org/apache/commons/lang3/ObjectUtils.java: Recompile with -Xlint:deprecation for details.
[INFO] /home/travis/build/passed/apache/commons-lang/src/main/java/org/apache/commons/lang3/text/StrBuilder.java: Some input files use unchecked or unsafe operations.
[INFO] /home/travis/build/passed/apache/commons-lang/src/main/java/org/apache/commons/lang3/text/StrBuilder.java: Recompile with -Xlint:unchecked for details.
[INFO] 
[INFO] <<< clirr-maven-plugin:2.8:check (default-cli) < compile @ commons-lang3 <<<
[INFO] 
[INFO] --- clirr-maven-plugin:2.8:check (default-cli) @ commons-lang3 ---
[INFO] artifact org.apache.commons:commons-lang3: checking for updates from central
[INFO] artifact org.apache.commons:commons-lang3: checking for updates from sonatype
[INFO] artifact org.apache.commons:commons-lang3: checking for updates from sonatype-snapshots
[INFO] artifact org.apache.commons:commons-lang3: checking for updates from sonatype-apache
[INFO] artifact org.apache.commons:commons-lang3: checking for updates from apache-snapshots
[INFO] artifact org.apache.commons:commons-lang3: checking for updates from codehaus-snapshots
[WARNING] repository metadata for: 'artifact org.apache.commons:commons-lang3' could not be retrieved from repository: codehaus-snapshots due to an error: nexus.codehaus.org: unknown error
[INFO] artifact org.apache.commons:commons-lang3: checking for updates from apache.snapshots
[INFO] artifact org.apache.commons:commons-lang3: checking for updates from sonatype
[INFO] artifact org.apache.commons:commons-lang3: checking for updates from sonatype-snapshots
[INFO] artifact org.apache.commons:commons-lang3: checking for updates from sonatype-apache
[INFO] artifact org.apache.commons:commons-lang3: checking for updates from apache-snapshots
[INFO] artifact org.apache.commons:commons-lang3: checking for updates from codehaus-snapshots
[WARNING] repository metadata for: 'artifact org.apache.commons:commons-lang3' could not be retrieved from repository: codehaus-snapshots due to an error: nexus.codehaus.org
[INFO] Comparing to version: 3.5
[INFO] Succeeded with 0 errors; 0 warnings; and 77 other changes.
[INFO] 
[INFO] --- maven-checkstyle-plugin:2.17:check (default-cli) @ commons-lang3 ---
[INFO] 
[INFO] >>> findbugs-maven-plugin:3.0.3:check (default-cli) > :findbugs @ commons-lang3 >>>
[INFO] 
[INFO] --- findbugs-maven-plugin:3.0.3:findbugs (findbugs) @ commons-lang3 ---
[INFO] Fork Value is true
[INFO] Done FindBugs Analysis....
[INFO] 
[INFO] <<< findbugs-maven-plugin:3.0.3:check (default-cli) < :findbugs @ commons-lang3 <<<
[INFO] 
[INFO] --- findbugs-maven-plugin:3.0.3:check (default-cli) @ commons-lang3 ---
[INFO] BugInstance size is 0
[INFO] Error size is 0
[INFO] No errors/warnings found
[INFO] 
[INFO] >>> maven-javadoc-plugin:2.10.4:javadoc (default-cli) > generate-sources @ commons-lang3 >>>
[INFO] 
[INFO] --- maven-enforcer-plugin:1.4.1:enforce (enforce-maven-3) @ commons-lang3 ---
[INFO] 
[INFO] --- build-helper-maven-plugin:1.10:parse-version (parse-version) @ commons-lang3 ---
[INFO] 
[INFO] --- maven-antrun-plugin:1.8:run (javadoc.resources) @ commons-lang3 ---
[INFO] Executing tasks

main:
[INFO] Executed tasks
[INFO] 
[INFO] <<< maven-javadoc-plugin:2.10.4:javadoc (default-cli) < generate-sources @ commons-lang3 <<<
[INFO] 
[INFO] --- maven-javadoc-plugin:2.10.4:javadoc (default-cli) @ commons-lang3 ---
[INFO] ------------------------------------------------------------------------
[INFO] BUILD SUCCESS
[INFO] ------------------------------------------------------------------------
[INFO] Total time: 01:16 min
[INFO] Finished at: 2022-07-14T14:39:45+00:00
[INFO] Final Memory: 54M/462M
[INFO] ------------------------------------------------------------------------

travis_time:end:0b02f840:start=1657809507819559611,finish=1657809586489376206,duration=78669816595[0K
[32;1mThe command "mvn test apache-rat:check clirr:check checkstyle:check findbugs:check javadoc:javadoc -Dhttps.protocols=TLSv1.2 -B" exited with 0.[0m
travis_fold:start:after_success[0Ktravis_time:start:1673c4c4[0K$ mvn clean cobertura:cobertura coveralls:report -Dhttps.protocols=TLSv1.2
Java HotSpot(TM) 64-Bit Server VM warning: ignoring option MaxPermSize=192m; support was removed in 8.0
[INFO] Scanning for projects...
[INFO]                                                                         
[INFO] ------------------------------------------------------------------------
[INFO] Building Apache Commons Lang 3.6-SNAPSHOT
[INFO] ------------------------------------------------------------------------
[INFO] 
[INFO] --- maven-clean-plugin:3.0.0:clean (default-clean) @ commons-lang3 ---
[INFO] Deleting /home/travis/build/passed/apache/commons-lang/target
[INFO] 
[INFO] >>> cobertura-maven-plugin:2.7:cobertura (default-cli) > [cobertura]test @ commons-lang3 >>>
[INFO] 
[INFO] --- maven-enforcer-plugin:1.4.1:enforce (enforce-maven-3) @ commons-lang3 ---
[INFO] 
[INFO] --- build-helper-maven-plugin:1.10:parse-version (parse-version) @ commons-lang3 ---
[INFO] 
[INFO] --- maven-antrun-plugin:1.8:run (javadoc.resources) @ commons-lang3 ---
[INFO] Executing tasks

main:
     [copy] Copying 2 files to /home/travis/build/passed/apache/commons-lang/target/apidocs/META-INF
[INFO] Executed tasks
[INFO] 
[INFO] --- maven-remote-resources-plugin:1.5:process (process-resource-bundles) @ commons-lang3 ---
[INFO] 
[INFO] --- buildnumber-maven-plugin:1.4:create (default) @ commons-lang3 ---
[INFO] Executing: /bin/sh -c cd '/home/travis/build/passed/apache/commons-lang' && 'git' 'rev-parse' '--verify' 'HEAD'
[INFO] Working directory: /home/travis/build/passed/apache/commons-lang
[INFO] Storing buildNumber: 8cafd87c83f4197f7e8d14de8cba453c844266c0 at timestamp: 1657809589569
[INFO] Storing buildScmBranch: master
[INFO] 
[INFO] --- maven-resources-plugin:2.7:resources (default-resources) @ commons-lang3 ---
[INFO] Using 'ISO-8859-1' encoding to copy filtered resources.
[INFO] skip non existing resourceDirectory /home/travis/build/passed/apache/commons-lang/src/main/resources
[INFO] Copying 2 resources to META-INF
[INFO] 
[INFO] --- maven-compiler-plugin:3.6.0:compile (default-compile) @ commons-lang3 ---
[INFO] Changes detected - recompiling the module!
[INFO] Compiling 155 source files to /home/travis/build/passed/apache/commons-lang/target/classes
[INFO] /home/travis/build/passed/apache/commons-lang/src/main/java/org/apache/commons/lang3/ObjectUtils.java: Some input files use or override a deprecated API.
[INFO] /home/travis/build/passed/apache/commons-lang/src/main/java/org/apache/commons/lang3/ObjectUtils.java: Recompile with -Xlint:deprecation for details.
[INFO] /home/travis/build/passed/apache/commons-lang/src/main/java/org/apache/commons/lang3/text/StrBuilder.java: Some input files use unchecked or unsafe operations.
[INFO] /home/travis/build/passed/apache/commons-lang/src/main/java/org/apache/commons/lang3/text/StrBuilder.java: Recompile with -Xlint:unchecked for details.
[INFO] 
[INFO] --- maven-bundle-plugin:3.0.1:manifest (bundle-manifest) @ commons-lang3 ---
[INFO] 
[INFO] --- animal-sniffer-maven-plugin:1.15:check (checkAPIcompatibility) @ commons-lang3 ---
[INFO] Checking unresolved references to org.codehaus.mojo.signature:java17:1.0
[INFO] 
[INFO] --- cobertura-maven-plugin:2.7:instrument (default-cli) @ commons-lang3 ---
[INFO] Cobertura 2.1.1 - GNU GPL License (NO WARRANTY) - See COPYRIGHT file
[INFO] Cobertura: Saved information on 273 classes.
[INFO] Cobertura: Saved information on 273 classes.

[INFO] Instrumentation was successful.
[INFO] NOT adding cobertura ser file to attached artifacts list.
[INFO] 
[INFO] --- maven-resources-plugin:2.7:testResources (default-testResources) @ commons-lang3 ---
[INFO] Using 'ISO-8859-1' encoding to copy filtered resources.
[INFO] Copying 2 resources
[INFO] Copying 2 resources to META-INF
[INFO] 
[INFO] --- maven-compiler-plugin:3.6.0:testCompile (default-testCompile) @ commons-lang3 ---
[INFO] Changes detected - recompiling the module!
[INFO] Compiling 181 source files to /home/travis/build/passed/apache/commons-lang/target/test-classes
[INFO] /home/travis/build/passed/apache/commons-lang/src/test/java/org/apache/commons/lang3/ObjectUtilsTest.java: Some input files use or override a deprecated API.
[INFO] /home/travis/build/passed/apache/commons-lang/src/test/java/org/apache/commons/lang3/ObjectUtilsTest.java: Recompile with -Xlint:deprecation for details.
[INFO] 
[INFO] --- maven-surefire-plugin:2.19.1:test (default-test) @ commons-lang3 ---

-------------------------------------------------------
 T E S T S
-------------------------------------------------------
Running org.apache.commons.lang3.SerializationUtilsTest
Tests run: 26, Failures: 0, Errors: 0, Skipped: 0, Time elapsed: 0.214 sec - in org.apache.commons.lang3.SerializationUtilsTest
Running org.apache.commons.lang3.builder.ToStringStyleConcurrencyTest
Tests run: 3, Failures: 0, Errors: 0, Skipped: 0, Time elapsed: 3.948 sec - in org.apache.commons.lang3.builder.ToStringStyleConcurrencyTest
Running org.apache.commons.lang3.builder.ToStringStyleTest
Tests run: 12, Failures: 0, Errors: 0, Skipped: 0, Time elapsed: 0.009 sec - in org.apache.commons.lang3.builder.ToStringStyleTest
Running org.apache.commons.lang3.builder.JsonToStringStyleTest
Tests run: 12, Failures: 0, Errors: 0, Skipped: 0, Time elapsed: 0.007 sec - in org.apache.commons.lang3.builder.JsonToStringStyleTest
Running org.apache.commons.lang3.builder.DiffResultTest
Tests run: 9, Failures: 0, Errors: 0, Skipped: 0, Time elapsed: 0.039 sec - in org.apache.commons.lang3.builder.DiffResultTest
Running org.apache.commons.lang3.builder.StandardToStringStyleTest
Tests run: 8, Failures: 0, Errors: 0, Skipped: 0, Time elapsed: 0.001 sec - in org.apache.commons.lang3.builder.StandardToStringStyleTest
Running org.apache.commons.lang3.builder.NoFieldNamesToStringStyleTest
Tests run: 8, Failures: 0, Errors: 0, Skipped: 0, Time elapsed: 0.001 sec - in org.apache.commons.lang3.builder.NoFieldNamesToStringStyleTest
Running org.apache.commons.lang3.builder.ReflectionToStringBuilderConcurrencyTest
Tests run: 3, Failures: 0, Errors: 0, Skipped: 3, Time elapsed: 0 sec - in org.apache.commons.lang3.builder.ReflectionToStringBuilderConcurrencyTest
Running org.apache.commons.lang3.builder.ShortPrefixToStringStyleTest
Tests run: 8, Failures: 0, Errors: 0, Skipped: 0, Time elapsed: 0.001 sec - in org.apache.commons.lang3.builder.ShortPrefixToStringStyleTest
Running org.apache.commons.lang3.builder.EqualsBuilderTest
Tests run: 53, Failures: 0, Errors: 0, Skipped: 0, Time elapsed: 0.046 sec - in org.apache.commons.lang3.builder.EqualsBuilderTest
Running org.apache.commons.lang3.builder.DiffBuilderTest
Tests run: 31, Failures: 0, Errors: 0, Skipped: 0, Time elapsed: 0.019 sec - in org.apache.commons.lang3.builder.DiffBuilderTest
Running org.apache.commons.lang3.builder.ReflectionDiffBuilderTest
Tests run: 6, Failures: 0, Errors: 0, Skipped: 0, Time elapsed: 0.006 sec - in org.apache.commons.lang3.builder.ReflectionDiffBuilderTest
Running org.apache.commons.lang3.builder.ReflectionToStringBuilderExcludeWithAnnotationTest
Tests run: 1, Failures: 0, Errors: 0, Skipped: 0, Time elapsed: 0.007 sec - in org.apache.commons.lang3.builder.ReflectionToStringBuilderExcludeWithAnnotationTest
Running org.apache.commons.lang3.builder.ReflectionToStringBuilderExcludeNullValuesTest
Tests run: 5, Failures: 0, Errors: 0, Skipped: 0, Time elapsed: 0.001 sec - in org.apache.commons.lang3.builder.ReflectionToStringBuilderExcludeNullValuesTest
Running org.apache.commons.lang3.builder.ReflectionToStringBuilderTest
Tests run: 1, Failures: 0, Errors: 0, Skipped: 0, Time elapsed: 0 sec - in org.apache.commons.lang3.builder.ReflectionToStringBuilderTest
Running org.apache.commons.lang3.builder.RecursiveToStringStyleTest
Tests run: 8, Failures: 0, Errors: 0, Skipped: 0, Time elapsed: 0.002 sec - in org.apache.commons.lang3.builder.RecursiveToStringStyleTest
Running org.apache.commons.lang3.builder.ReflectionToStringBuilderMutateInspectConcurrencyTest
Tests run: 1, Failures: 0, Errors: 0, Skipped: 1, Time elapsed: 0 sec - in org.apache.commons.lang3.builder.ReflectionToStringBuilderMutateInspectConcurrencyTest
Running org.apache.commons.lang3.builder.NoClassNameToStringStyleTest
Tests run: 8, Failures: 0, Errors: 0, Skipped: 0, Time elapsed: 0.001 sec - in org.apache.commons.lang3.builder.NoClassNameToStringStyleTest
Running org.apache.commons.lang3.builder.ToStringBuilderTest
Tests run: 74, Failures: 0, Errors: 0, Skipped: 1, Time elapsed: 0.021 sec - in org.apache.commons.lang3.builder.ToStringBuilderTest
Running org.apache.commons.lang3.builder.HashCodeBuilderAndEqualsBuilderTest
Tests run: 4, Failures: 0, Errors: 0, Skipped: 0, Time elapsed: 0.003 sec - in org.apache.commons.lang3.builder.HashCodeBuilderAndEqualsBuilderTest
Running org.apache.commons.lang3.builder.MultilineRecursiveToStringStyleTest
Tests run: 10, Failures: 0, Errors: 0, Skipped: 0, Time elapsed: 0.003 sec - in org.apache.commons.lang3.builder.MultilineRecursiveToStringStyleTest
Running org.apache.commons.lang3.builder.SimpleToStringStyleTest
Tests run: 8, Failures: 0, Errors: 0, Skipped: 0, Time elapsed: 0.001 sec - in org.apache.commons.lang3.builder.SimpleToStringStyleTest
Running org.apache.commons.lang3.builder.DiffTest
Tests run: 4, Failures: 0, Errors: 0, Skipped: 0, Time elapsed: 0 sec - in org.apache.commons.lang3.builder.DiffTest
Running org.apache.commons.lang3.builder.CompareToBuilderTest
Tests run: 48, Failures: 0, Errors: 0, Skipped: 0, Time elapsed: 0.01 sec - in org.apache.commons.lang3.builder.CompareToBuilderTest
Running org.apache.commons.lang3.builder.DefaultToStringStyleTest
Tests run: 8, Failures: 0, Errors: 0, Skipped: 0, Time elapsed: 0 sec - in org.apache.commons.lang3.builder.DefaultToStringStyleTest
Running org.apache.commons.lang3.builder.ReflectionToStringBuilderExcludeTest
Tests run: 11, Failures: 0, Errors: 0, Skipped: 0, Time elapsed: 0.002 sec - in org.apache.commons.lang3.builder.ReflectionToStringBuilderExcludeTest
Running org.apache.commons.lang3.builder.HashCodeBuilderTest
Tests run: 45, Failures: 0, Errors: 0, Skipped: 0, Time elapsed: 0.001 sec - in org.apache.commons.lang3.builder.HashCodeBuilderTest
Running org.apache.commons.lang3.builder.MultiLineToStringStyleTest
Tests run: 8, Failures: 0, Errors: 0, Skipped: 0, Time elapsed: 0 sec - in org.apache.commons.lang3.builder.MultiLineToStringStyleTest
Running org.apache.commons.lang3.concurrent.annotation.ImmutableTest
Tests run: 2, Failures: 0, Errors: 0, Skipped: 0, Time elapsed: 0.033 sec - in org.apache.commons.lang3.concurrent.annotation.ImmutableTest
Running org.apache.commons.lang3.concurrent.annotation.ThreadSafeTest
Tests run: 2, Failures: 0, Errors: 0, Skipped: 0, Time elapsed: 0 sec - in org.apache.commons.lang3.concurrent.annotation.ThreadSafeTest
Running org.apache.commons.lang3.concurrent.annotation.GuardedByTest
Tests run: 2, Failures: 0, Errors: 0, Skipped: 0, Time elapsed: 0.002 sec - in org.apache.commons.lang3.concurrent.annotation.GuardedByTest
Running org.apache.commons.lang3.concurrent.annotation.ContractTest
Tests run: 2, Failures: 0, Errors: 0, Skipped: 0, Time elapsed: 0 sec - in org.apache.commons.lang3.concurrent.annotation.ContractTest
Running org.apache.commons.lang3.concurrent.annotation.NotThreadSafeTest
Tests run: 2, Failures: 0, Errors: 0, Skipped: 0, Time elapsed: 0 sec - in org.apache.commons.lang3.concurrent.annotation.NotThreadSafeTest
Running org.apache.commons.lang3.concurrent.CallableBackgroundInitializerTest
Tests run: 4, Failures: 0, Errors: 0, Skipped: 0, Time elapsed: 0 sec - in org.apache.commons.lang3.concurrent.CallableBackgroundInitializerTest
Running org.apache.commons.lang3.concurrent.AtomicSafeInitializerTest
Tests run: 4, Failures: 0, Errors: 0, Skipped: 0, Time elapsed: 0.013 sec - in org.apache.commons.lang3.concurrent.AtomicSafeInitializerTest
Running org.apache.commons.lang3.concurrent.EventCountCircuitBreakerTest
Tests run: 17, Failures: 0, Errors: 0, Skipped: 0, Time elapsed: 0.077 sec - in org.apache.commons.lang3.concurrent.EventCountCircuitBreakerTest
Running org.apache.commons.lang3.concurrent.MemoizerTest
Tests run: 6, Failures: 0, Errors: 0, Skipped: 0, Time elapsed: 0.024 sec - in org.apache.commons.lang3.concurrent.MemoizerTest
Running org.apache.commons.lang3.concurrent.MultiBackgroundInitializerTest
Tests run: 17, Failures: 0, Errors: 0, Skipped: 0, Time elapsed: 0.043 sec - in org.apache.commons.lang3.concurrent.MultiBackgroundInitializerTest
Running org.apache.commons.lang3.concurrent.ConcurrentUtilsTest
Tests run: 41, Failures: 0, Errors: 0, Skipped: 0, Time elapsed: 0.007 sec - in org.apache.commons.lang3.concurrent.ConcurrentUtilsTest
Running org.apache.commons.lang3.concurrent.BasicThreadFactoryTest
Tests run: 15, Failures: 0, Errors: 0, Skipped: 0, Time elapsed: 0.005 sec - in org.apache.commons.lang3.concurrent.BasicThreadFactoryTest
Running org.apache.commons.lang3.concurrent.ConstantInitializerTest
Tests run: 7, Failures: 0, Errors: 0, Skipped: 0, Time elapsed: 0.001 sec - in org.apache.commons.lang3.concurrent.ConstantInitializerTest
Running org.apache.commons.lang3.concurrent.LazyInitializerTest
Tests run: 3, Failures: 0, Errors: 0, Skipped: 0, Time elapsed: 0.003 sec - in org.apache.commons.lang3.concurrent.LazyInitializerTest
Running org.apache.commons.lang3.concurrent.AtomicInitializerTest
Tests run: 3, Failures: 0, Errors: 0, Skipped: 0, Time elapsed: 0.004 sec - in org.apache.commons.lang3.concurrent.AtomicInitializerTest
Running org.apache.commons.lang3.concurrent.CircuitBreakingExceptionTest
Tests run: 7, Failures: 0, Errors: 0, Skipped: 0, Time elapsed: 0.001 sec - in org.apache.commons.lang3.concurrent.CircuitBreakingExceptionTest
Running org.apache.commons.lang3.concurrent.TimedSemaphoreTest
Tests run: 17, Failures: 0, Errors: 0, Skipped: 0, Time elapsed: 1.179 sec - in org.apache.commons.lang3.concurrent.TimedSemaphoreTest
Running org.apache.commons.lang3.concurrent.ThresholdCircuitBreakerTest
Tests run: 5, Failures: 0, Errors: 0, Skipped: 0, Time elapsed: 0 sec - in org.apache.commons.lang3.concurrent.ThresholdCircuitBreakerTest
Running org.apache.commons.lang3.concurrent.BackgroundInitializerTest
Tests run: 15, Failures: 0, Errors: 0, Skipped: 0, Time elapsed: 0.005 sec - in org.apache.commons.lang3.concurrent.BackgroundInitializerTest
Running org.apache.commons.lang3.reflect.TypeUtilsTest
Tests run: 22, Failures: 0, Errors: 0, Skipped: 0, Time elapsed: 0.023 sec - in org.apache.commons.lang3.reflect.TypeUtilsTest
Running org.apache.commons.lang3.reflect.TypeLiteralTest
Tests run: 4, Failures: 0, Errors: 0, Skipped: 0, Time elapsed: 0.004 sec - in org.apache.commons.lang3.reflect.TypeLiteralTest
Running org.apache.commons.lang3.reflect.MethodUtilsTest
Tests run: 40, Failures: 0, Errors: 0, Skipped: 0, Time elapsed: 0.024 sec - in org.apache.commons.lang3.reflect.MethodUtilsTest
Running org.apache.commons.lang3.reflect.InheritanceUtilsTest
Tests run: 9, Failures: 0, Errors: 0, Skipped: 0, Time elapsed: 0.002 sec - in org.apache.commons.lang3.reflect.InheritanceUtilsTest
Running org.apache.commons.lang3.reflect.ConstructorUtilsTest
Tests run: 8, Failures: 0, Errors: 0, Skipped: 0, Time elapsed: 0.004 sec - in org.apache.commons.lang3.reflect.ConstructorUtilsTest
Running org.apache.commons.lang3.reflect.FieldUtilsTest
Tests run: 64, Failures: 0, Errors: 0, Skipped: 0, Time elapsed: 0.015 sec - in org.apache.commons.lang3.reflect.FieldUtilsTest
Running org.apache.commons.lang3.SystemUtilsTest
Tests run: 15, Failures: 0, Errors: 0, Skipped: 0, Time elapsed: 0.001 sec - in org.apache.commons.lang3.SystemUtilsTest
Running org.apache.commons.lang3.JavaVersionTest
Tests run: 3, Failures: 0, Errors: 0, Skipped: 0, Time elapsed: 0 sec - in org.apache.commons.lang3.JavaVersionTest
Running org.apache.commons.lang3.time.DateUtilsTest
Tests run: 63, Failures: 0, Errors: 0, Skipped: 0, Time elapsed: 0.199 sec - in org.apache.commons.lang3.time.DateUtilsTest
Running org.apache.commons.lang3.time.FastDatePrinterTimeZonesTest
Tests run: 617, Failures: 0, Errors: 0, Skipped: 0, Time elapsed: 0.14 sec - in org.apache.commons.lang3.time.FastDatePrinterTimeZonesTest
Running org.apache.commons.lang3.time.FastDateFormatTest
>>FastDateFormatTest: FastDatePrinter:613  SimpleDateFormat:2821
>>FastDateFormatTest: FastDateParser:4073  SimpleDateFormat:3133
Tests run: 16, Failures: 0, Errors: 0, Skipped: 0, Time elapsed: 1.302 sec - in org.apache.commons.lang3.time.FastDateFormatTest
Running org.apache.commons.lang3.time.FastDateFormat_PrinterTest
Tests run: 22, Failures: 0, Errors: 0, Skipped: 0, Time elapsed: 0.013 sec - in org.apache.commons.lang3.time.FastDateFormat_PrinterTest
Running org.apache.commons.lang3.time.FastDatePrinterTest
Tests run: 22, Failures: 0, Errors: 0, Skipped: 0, Time elapsed: 0.003 sec - in org.apache.commons.lang3.time.FastDatePrinterTest
Running org.apache.commons.lang3.time.StopWatchTest
Tests run: 10, Failures: 0, Errors: 0, Skipped: 0, Time elapsed: 4.765 sec - in org.apache.commons.lang3.time.StopWatchTest
Running org.apache.commons.lang3.time.FastDateParserTest
Tests run: 37, Failures: 0, Errors: 0, Skipped: 0, Time elapsed: 1.083 sec - in org.apache.commons.lang3.time.FastDateParserTest
Running org.apache.commons.lang3.time.DateFormatUtilsTest
Tests run: 12, Failures: 0, Errors: 0, Skipped: 0, Time elapsed: 0 sec - in org.apache.commons.lang3.time.DateFormatUtilsTest
Running org.apache.commons.lang3.time.FastDateParserSDFTest
Tests run: 276, Failures: 0, Errors: 0, Skipped: 0, Time elapsed: 0.029 sec - in org.apache.commons.lang3.time.FastDateParserSDFTest
Running org.apache.commons.lang3.time.FastDateParser_MoreOrLessTest
Tests run: 7, Failures: 0, Errors: 0, Skipped: 0, Time elapsed: 0 sec - in org.apache.commons.lang3.time.FastDateParser_MoreOrLessTest
Running org.apache.commons.lang3.time.WeekYearTest
Tests run: 32, Failures: 0, Errors: 0, Skipped: 0, Time elapsed: 0.004 sec - in org.apache.commons.lang3.time.WeekYearTest
Running org.apache.commons.lang3.time.FastDateParser_TimeZoneStrategyTest
Tests run: 2, Failures: 0, Errors: 0, Skipped: 0, Time elapsed: 2.752 sec - in org.apache.commons.lang3.time.FastDateParser_TimeZoneStrategyTest
Running org.apache.commons.lang3.time.DateUtilsRoundingTest
Tests run: 22, Failures: 0, Errors: 0, Skipped: 0, Time elapsed: 0.016 sec - in org.apache.commons.lang3.time.DateUtilsRoundingTest
Running org.apache.commons.lang3.time.DurationFormatUtilsTest
Tests run: 25, Failures: 0, Errors: 0, Skipped: 0, Time elapsed: 0.507 sec - in org.apache.commons.lang3.time.DurationFormatUtilsTest
Running org.apache.commons.lang3.time.FastDateFormat_ParserTest
Tests run: 37, Failures: 0, Errors: 0, Skipped: 0, Time elapsed: 0.18 sec - in org.apache.commons.lang3.time.FastDateFormat_ParserTest
Running org.apache.commons.lang3.time.DateUtilsFragmentTest
Tests run: 57, Failures: 0, Errors: 0, Skipped: 0, Time elapsed: 0.001 sec - in org.apache.commons.lang3.time.DateUtilsFragmentTest
Running org.apache.commons.lang3.test.SystemDefaultsSwitchTest
Tests run: 4, Failures: 0, Errors: 0, Skipped: 0, Time elapsed: 0 sec - in org.apache.commons.lang3.test.SystemDefaultsSwitchTest
Running org.apache.commons.lang3.ArchUtilsTest
Tests run: 4, Failures: 0, Errors: 0, Skipped: 0, Time elapsed: 0 sec - in org.apache.commons.lang3.ArchUtilsTest
Running org.apache.commons.lang3.NotImplementedExceptionTest
Tests run: 1, Failures: 0, Errors: 0, Skipped: 0, Time elapsed: 0 sec - in org.apache.commons.lang3.NotImplementedExceptionTest
Running org.apache.commons.lang3.text.translate.NumericEntityEscaperTest
Tests run: 4, Failures: 0, Errors: 0, Skipped: 0, Time elapsed: 0 sec - in org.apache.commons.lang3.text.translate.NumericEntityEscaperTest
Running org.apache.commons.lang3.text.translate.UnicodeUnescaperTest
Tests run: 3, Failures: 0, Errors: 0, Skipped: 0, Time elapsed: 0 sec - in org.apache.commons.lang3.text.translate.UnicodeUnescaperTest
Running org.apache.commons.lang3.text.translate.UnicodeEscaperTest
Tests run: 3, Failures: 0, Errors: 0, Skipped: 0, Time elapsed: 0 sec - in org.apache.commons.lang3.text.translate.UnicodeEscaperTest
Running org.apache.commons.lang3.text.translate.UnicodeUnpairedSurrogateRemoverTest
Tests run: 2, Failures: 0, Errors: 0, Skipped: 0, Time elapsed: 0 sec - in org.apache.commons.lang3.text.translate.UnicodeUnpairedSurrogateRemoverTest
Running org.apache.commons.lang3.text.translate.NumericEntityUnescaperTest
Tests run: 3, Failures: 0, Errors: 0, Skipped: 0, Time elapsed: 0.001 sec - in org.apache.commons.lang3.text.translate.NumericEntityUnescaperTest
Running org.apache.commons.lang3.text.translate.OctalUnescaperTest
Tests run: 1, Failures: 0, Errors: 0, Skipped: 0, Time elapsed: 0 sec - in org.apache.commons.lang3.text.translate.OctalUnescaperTest
Running org.apache.commons.lang3.text.translate.LookupTranslatorTest
Tests run: 2, Failures: 0, Errors: 0, Skipped: 0, Time elapsed: 0 sec - in org.apache.commons.lang3.text.translate.LookupTranslatorTest
Running org.apache.commons.lang3.text.translate.EntityArraysTest
Tests run: 3, Failures: 0, Errors: 0, Skipped: 0, Time elapsed: 0.002 sec - in org.apache.commons.lang3.text.translate.EntityArraysTest
Running org.apache.commons.lang3.text.StrBuilderAppendInsertTest
Tests run: 51, Failures: 0, Errors: 0, Skipped: 0, Time elapsed: 0.008 sec - in org.apache.commons.lang3.text.StrBuilderAppendInsertTest
Running org.apache.commons.lang3.text.WordUtilsTest
Tests run: 15, Failures: 0, Errors: 0, Skipped: 0, Time elapsed: 0.002 sec - in org.apache.commons.lang3.text.WordUtilsTest
Running org.apache.commons.lang3.text.ExtendedMessageFormatTest
Tests run: 10, Failures: 0, Errors: 0, Skipped: 0, Time elapsed: 0.213 sec - in org.apache.commons.lang3.text.ExtendedMessageFormatTest
Running org.apache.commons.lang3.text.StrLookupTest
Tests run: 6, Failures: 0, Errors: 0, Skipped: 0, Time elapsed: 0 sec - in org.apache.commons.lang3.text.StrLookupTest
Running org.apache.commons.lang3.text.FormattableUtilsTest
Tests run: 5, Failures: 0, Errors: 0, Skipped: 0, Time elapsed: 0.001 sec - in org.apache.commons.lang3.text.FormattableUtilsTest
Running org.apache.commons.lang3.text.CompositeFormatTest
Tests run: 2, Failures: 0, Errors: 0, Skipped: 0, Time elapsed: 0 sec - in org.apache.commons.lang3.text.CompositeFormatTest
Running org.apache.commons.lang3.text.StrTokenizerTest
Tests run: 55, Failures: 0, Errors: 0, Skipped: 0, Time elapsed: 0.006 sec - in org.apache.commons.lang3.text.StrTokenizerTest
Running org.apache.commons.lang3.text.StrBuilderTest
Tests run: 91, Failures: 0, Errors: 0, Skipped: 0, Time elapsed: 0.011 sec - in org.apache.commons.lang3.text.StrBuilderTest
Running org.apache.commons.lang3.text.StrSubstitutorTest
Tests run: 41, Failures: 0, Errors: 0, Skipped: 0, Time elapsed: 0.013 sec - in org.apache.commons.lang3.text.StrSubstitutorTest
Running org.apache.commons.lang3.text.StrMatcherTest
Tests run: 14, Failures: 0, Errors: 0, Skipped: 0, Time elapsed: 0 sec - in org.apache.commons.lang3.text.StrMatcherTest
Running org.apache.commons.lang3.event.EventListenerSupportTest
Tests run: 10, Failures: 0, Errors: 0, Skipped: 0, Time elapsed: 0.013 sec - in org.apache.commons.lang3.event.EventListenerSupportTest
Running org.apache.commons.lang3.event.EventUtilsTest
Tests run: 8, Failures: 0, Errors: 0, Skipped: 0, Time elapsed: 0.006 sec - in org.apache.commons.lang3.event.EventUtilsTest
Running org.apache.commons.lang3.ObjectUtilsTest
Tests run: 38, Failures: 0, Errors: 0, Skipped: 0, Time elapsed: 0.006 sec - in org.apache.commons.lang3.ObjectUtilsTest
Running org.apache.commons.lang3.math.FractionTest
Tests run: 25, Failures: 0, Errors: 0, Skipped: 0, Time elapsed: 0.08 sec - in org.apache.commons.lang3.math.FractionTest
Running org.apache.commons.lang3.math.IEEE754rUtilsTest
Tests run: 3, Failures: 0, Errors: 0, Skipped: 0, Time elapsed: 0 sec - in org.apache.commons.lang3.math.IEEE754rUtilsTest
Running org.apache.commons.lang3.math.NumberUtilsTest
Tests run: 101, Failures: 0, Errors: 0, Skipped: 0, Time elapsed: 0.015 sec - in org.apache.commons.lang3.math.NumberUtilsTest
Running org.apache.commons.lang3.StringUtilsTrimStripTest
Tests run: 11, Failures: 0, Errors: 0, Skipped: 0, Time elapsed: 0.009 sec - in org.apache.commons.lang3.StringUtilsTrimStripTest
Running org.apache.commons.lang3.StringEscapeUtilsTest
Tests run: 32, Failures: 0, Errors: 0, Skipped: 0, Time elapsed: 0.272 sec - in org.apache.commons.lang3.StringEscapeUtilsTest
Running org.apache.commons.lang3.ArrayUtilsRemoveTest
Tests run: 28, Failures: 0, Errors: 0, Skipped: 0, Time elapsed: 0.001 sec - in org.apache.commons.lang3.ArrayUtilsRemoveTest
Running org.apache.commons.lang3.CharEncodingTest
Tests run: 4, Failures: 0, Errors: 0, Skipped: 0, Time elapsed: 0.005 sec - in org.apache.commons.lang3.CharEncodingTest
Running org.apache.commons.lang3.HashSetvBitSetTest
Ratio=103% array=100 count=1 extract=4966598 bitset=5134851
Ratio=79% array=100 count=10 extract=4279669 bitset=3417489
Ratio=19% array=100 count=50 extract=16723071 bitset=3246238
Ratio=2% array=100 count=100 extract=43949051 bitset=1131041
Ratio=86% array=1000 count=10 extract=12421424 bitset=10708535
Ratio=25% array=1000 count=100 extract=34803129 bitset=8811249
Ratio=5% array=1000 count=500 extract=101540684 bitset=5196575
Ratio=0% array=1000 count=1000 extract=158937493 bitset=1046389
Ratio=64% count=0 hash=294854 bits=190637
Ratio=30% count=5 hash=1355155 bits=409151
Ratio=32% count=10 hash=2172281 bits=696371
Ratio=9% count=200 hash=36935607 bits=3487227
Ratio=17% count=50 hash=5749423 bits=1027729
Ratio=15% count=100 hash=11700812 bits=1848126
Ratio=13% count=1000 hash=127098066 bits=17011110
Ratio=14% count=2000 hash=229556188 bits=33132665
Tests run: 2, Failures: 0, Errors: 0, Skipped: 0, Time elapsed: 0.919 sec - in org.apache.commons.lang3.HashSetvBitSetTest
Running org.apache.commons.lang3.mutable.MutableFloatTest
Tests run: 26, Failures: 0, Errors: 0, Skipped: 0, Time elapsed: 0.001 sec - in org.apache.commons.lang3.mutable.MutableFloatTest
Running org.apache.commons.lang3.mutable.MutableIntTest
Tests run: 25, Failures: 0, Errors: 0, Skipped: 0, Time elapsed: 0 sec - in org.apache.commons.lang3.mutable.MutableIntTest
Running org.apache.commons.lang3.mutable.MutableLongTest
Tests run: 25, Failures: 0, Errors: 0, Skipped: 0, Time elapsed: 0 sec - in org.apache.commons.lang3.mutable.MutableLongTest
Running org.apache.commons.lang3.mutable.MutableObjectTest
Tests run: 5, Failures: 0, Errors: 0, Skipped: 0, Time elapsed: 0 sec - in org.apache.commons.lang3.mutable.MutableObjectTest
Running org.apache.commons.lang3.mutable.MutableShortTest
Tests run: 22, Failures: 0, Errors: 0, Skipped: 0, Time elapsed: 0 sec - in org.apache.commons.lang3.mutable.MutableShortTest
Running org.apache.commons.lang3.mutable.MutableBooleanTest
Tests run: 9, Failures: 0, Errors: 0, Skipped: 0, Time elapsed: 0 sec - in org.apache.commons.lang3.mutable.MutableBooleanTest
Running org.apache.commons.lang3.mutable.MutableDoubleTest
Tests run: 26, Failures: 0, Errors: 0, Skipped: 0, Time elapsed: 0.001 sec - in org.apache.commons.lang3.mutable.MutableDoubleTest
Running org.apache.commons.lang3.mutable.MutableByteTest
Tests run: 25, Failures: 0, Errors: 0, Skipped: 0, Time elapsed: 0 sec - in org.apache.commons.lang3.mutable.MutableByteTest
Running org.apache.commons.lang3.tuple.MutablePairTest
Tests run: 8, Failures: 0, Errors: 0, Skipped: 0, Time elapsed: 0 sec - in org.apache.commons.lang3.tuple.MutablePairTest
Running org.apache.commons.lang3.tuple.TripleTest
Tests run: 10, Failures: 0, Errors: 0, Skipped: 0, Time elapsed: 0 sec - in org.apache.commons.lang3.tuple.TripleTest
Running org.apache.commons.lang3.tuple.ImmutablePairTest
Tests run: 6, Failures: 0, Errors: 0, Skipped: 0, Time elapsed: 0 sec - in org.apache.commons.lang3.tuple.ImmutablePairTest
Running org.apache.commons.lang3.tuple.MutableTripleTest
Tests run: 8, Failures: 0, Errors: 0, Skipped: 0, Time elapsed: 0.001 sec - in org.apache.commons.lang3.tuple.MutableTripleTest
Running org.apache.commons.lang3.tuple.PairTest
Tests run: 9, Failures: 0, Errors: 0, Skipped: 0, Time elapsed: 0 sec - in org.apache.commons.lang3.tuple.PairTest
Running org.apache.commons.lang3.tuple.ImmutableTripleTest
Tests run: 6, Failures: 0, Errors: 0, Skipped: 0, Time elapsed: 0 sec - in org.apache.commons.lang3.tuple.ImmutableTripleTest
Running org.apache.commons.lang3.RangeTest
Tests run: 24, Failures: 0, Errors: 0, Skipped: 0, Time elapsed: 0.005 sec - in org.apache.commons.lang3.RangeTest
Running org.apache.commons.lang3.BooleanUtilsTest
Tests run: 72, Failures: 0, Errors: 0, Skipped: 0, Time elapsed: 0.002 sec - in org.apache.commons.lang3.BooleanUtilsTest
Running org.apache.commons.lang3.StringUtilsEqualsIndexOfTest
Tests run: 37, Failures: 0, Errors: 0, Skipped: 0, Time elapsed: 0.002 sec - in org.apache.commons.lang3.StringUtilsEqualsIndexOfTest
Running org.apache.commons.lang3.ThreadUtilsTest
Tests run: 27, Failures: 0, Errors: 0, Skipped: 0, Time elapsed: 0.015 sec - in org.apache.commons.lang3.ThreadUtilsTest
Running org.apache.commons.lang3.ArrayUtilsTest
Tests run: 307, Failures: 0, Errors: 0, Skipped: 0, Time elapsed: 0.022 sec - in org.apache.commons.lang3.ArrayUtilsTest
Running org.apache.commons.lang3.EnumUtilsTest
Tests run: 34, Failures: 0, Errors: 0, Skipped: 0, Time elapsed: 0 sec - in org.apache.commons.lang3.EnumUtilsTest
Running org.apache.commons.lang3.CharSetTest
Tests run: 15, Failures: 0, Errors: 0, Skipped: 0, Time elapsed: 0.005 sec - in org.apache.commons.lang3.CharSetTest
Running org.apache.commons.lang3.CharRangeTest
Tests run: 17, Failures: 0, Errors: 0, Skipped: 0, Time elapsed: 0.012 sec - in org.apache.commons.lang3.CharRangeTest
Running org.apache.commons.lang3.StringUtilsTest
Tests run: 142, Failures: 0, Errors: 0, Skipped: 0, Time elapsed: 0.052 sec - in org.apache.commons.lang3.StringUtilsTest
Running org.apache.commons.lang3.exception.ExceptionUtilsTest
Tests run: 34, Failures: 0, Errors: 0, Skipped: 0, Time elapsed: 0.019 sec - in org.apache.commons.lang3.exception.ExceptionUtilsTest
Running org.apache.commons.lang3.exception.CloneFailedExceptionTest
Tests run: 6, Failures: 0, Errors: 0, Skipped: 0, Time elapsed: 0 sec - in org.apache.commons.lang3.exception.CloneFailedExceptionTest
Running org.apache.commons.lang3.exception.ContextedRuntimeExceptionTest
Tests run: 14, Failures: 0, Errors: 0, Skipped: 0, Time elapsed: 0.008 sec - in org.apache.commons.lang3.exception.ContextedRuntimeExceptionTest
Running org.apache.commons.lang3.exception.DefaultExceptionContextTest
Tests run: 8, Failures: 0, Errors: 0, Skipped: 0, Time elapsed: 0.001 sec - in org.apache.commons.lang3.exception.DefaultExceptionContextTest
Running org.apache.commons.lang3.exception.ContextedExceptionTest
Tests run: 14, Failures: 0, Errors: 0, Skipped: 0, Time elapsed: 0.004 sec - in org.apache.commons.lang3.exception.ContextedExceptionTest
Running org.apache.commons.lang3.BitFieldTest
Tests run: 15, Failures: 0, Errors: 0, Skipped: 0, Time elapsed: 0.001 sec - in org.apache.commons.lang3.BitFieldTest
Running org.apache.commons.lang3.RandomUtilsTest
Tests run: 29, Failures: 0, Errors: 0, Skipped: 0, Time elapsed: 0.001 sec - in org.apache.commons.lang3.RandomUtilsTest
Running org.apache.commons.lang3.LocaleUtilsTest
Tests run: 16, Failures: 0, Errors: 0, Skipped: 0, Time elapsed: 0.004 sec - in org.apache.commons.lang3.LocaleUtilsTest
Running org.apache.commons.lang3.ConversionTest
Tests run: 42, Failures: 0, Errors: 0, Skipped: 0, Time elapsed: 0.005 sec - in org.apache.commons.lang3.ConversionTest
Running org.apache.commons.lang3.StringUtilsContainsTest
Tests run: 22, Failures: 0, Errors: 0, Skipped: 0, Time elapsed: 0 sec - in org.apache.commons.lang3.StringUtilsContainsTest
Running org.apache.commons.lang3.StringUtilsEmptyBlankTest
Tests run: 10, Failures: 0, Errors: 0, Skipped: 0, Time elapsed: 0 sec - in org.apache.commons.lang3.StringUtilsEmptyBlankTest
Running org.apache.commons.lang3.CharSetUtilsTest
Tests run: 11, Failures: 0, Errors: 0, Skipped: 0, Time elapsed: 0 sec - in org.apache.commons.lang3.CharSetUtilsTest
Running org.apache.commons.lang3.ArrayUtilsRemoveMultipleTest
Tests run: 55, Failures: 0, Errors: 0, Skipped: 0, Time elapsed: 0.003 sec - in org.apache.commons.lang3.ArrayUtilsRemoveMultipleTest
Running org.apache.commons.lang3.ArrayUtilsInsertTest
Tests run: 9, Failures: 0, Errors: 0, Skipped: 0, Time elapsed: 0 sec - in org.apache.commons.lang3.ArrayUtilsInsertTest
Running org.apache.commons.lang3.CharSequenceUtilsTest
Tests run: 6, Failures: 0, Errors: 0, Skipped: 0, Time elapsed: 0 sec - in org.apache.commons.lang3.CharSequenceUtilsTest
Running org.apache.commons.lang3.ArrayUtilsAddTest
Tests run: 13, Failures: 0, Errors: 0, Skipped: 0, Time elapsed: 0 sec - in org.apache.commons.lang3.ArrayUtilsAddTest
Running org.apache.commons.lang3.ClassPathUtilsTest
Tests run: 13, Failures: 0, Errors: 0, Skipped: 0, Time elapsed: 0.001 sec - in org.apache.commons.lang3.ClassPathUtilsTest
Running org.apache.commons.lang3.StringUtilsIsTest
Tests run: 8, Failures: 0, Errors: 0, Skipped: 0, Time elapsed: 0 sec - in org.apache.commons.lang3.StringUtilsIsTest
Running org.apache.commons.lang3.ValidateTest
Tests run: 67, Failures: 0, Errors: 0, Skipped: 0, Time elapsed: 0.003 sec - in org.apache.commons.lang3.ValidateTest
Running org.apache.commons.lang3.RandomStringUtilsTest
Tests run: 18, Failures: 0, Errors: 0, Skipped: 0, Time elapsed: 0.061 sec - in org.apache.commons.lang3.RandomStringUtilsTest
Running org.apache.commons.lang3.AnnotationUtilsTest
Tests run: 10, Failures: 0, Errors: 0, Skipped: 0, Time elapsed: 0.018 sec - in org.apache.commons.lang3.AnnotationUtilsTest
Running org.apache.commons.lang3.StringUtilsSubstringTest
Tests run: 14, Failures: 0, Errors: 0, Skipped: 0, Time elapsed: 0 sec - in org.apache.commons.lang3.StringUtilsSubstringTest
Running org.apache.commons.lang3.CharUtilsTest
Tests run: 24, Failures: 0, Errors: 0, Skipped: 0, Time elapsed: 0.002 sec - in org.apache.commons.lang3.CharUtilsTest
Running org.apache.commons.lang3.StringUtilsStartsEndsWithTest
Tests run: 6, Failures: 0, Errors: 0, Skipped: 0, Time elapsed: 0 sec - in org.apache.commons.lang3.StringUtilsStartsEndsWithTest
Running org.apache.commons.lang3.ClassUtilsTest
Tests run: 57, Failures: 0, Errors: 0, Skipped: 0, Time elapsed: 0.013 sec - in org.apache.commons.lang3.ClassUtilsTest
[INFO] Cobertura: Loaded information on 273 classes.
[INFO] Cobertura: Saved information on 273 classes.

Results :

Tests run: 4004, Failures: 0, Errors: 0, Skipped: 5

[INFO] 
[INFO] <<< cobertura-maven-plugin:2.7:cobertura (default-cli) < [cobertura]test @ commons-lang3 <<<
[INFO] 
[INFO] --- cobertura-maven-plugin:2.7:cobertura (default-cli) @ commons-lang3 ---
[INFO] Cobertura 2.1.1 - GNU GPL License (NO WARRANTY) - See COPYRIGHT file
[INFO] Cobertura: Loaded information on 273 classes.
Report time: 1443ms

[INFO] Cobertura Report generation was successful.
[INFO]                                                                         
[INFO] ------------------------------------------------------------------------
[INFO] Building Apache Commons Lang 3.6-SNAPSHOT
[INFO] ------------------------------------------------------------------------
[INFO] 
[INFO] --- coveralls-maven-plugin:4.3.0:report (default-cli) @ commons-lang3 ---
[INFO] ------------------------------------------------------------------------
[INFO] BUILD FAILURE
[INFO] ------------------------------------------------------------------------
[INFO] Total time: 40.031 s
[INFO] Finished at: 2022-07-14T14:40:27+00:00
[INFO] Final Memory: 37M/369M
[INFO] ------------------------------------------------------------------------
[ERROR] Failed to execute goal org.eluder.coveralls:coveralls-maven-plugin:4.3.0:report (default-cli) on project commons-lang3: Build error: Either repository token or service with job id must be defined -> [Help 1]
[ERROR] 
[ERROR] To see the full stack trace of the errors, re-run Maven with the -e switch.
[ERROR] Re-run Maven using the -X switch to enable full debug logging.
[ERROR] 
[ERROR] For more information about the errors and possible solutions, please read the following articles:
[ERROR] [Help 1] http://cwiki.apache.org/confluence/display/MAVEN/MojoExecutionException

travis_time:end:1673c4c4:start=1657809586500673138,finish=1657809628111249856,duration=41610576718[0Ktravis_fold:end:after_success[0K
Done. Your build exited with 0.
