travis_fold:start:system_info[0K[33;1mBuild system information[0m
Build language: java
Build group: stable
Build dist: precise
Build id: ''
Job id: ''
[34m[1mBuild image provisioning date and time[0m
Thu Feb  5 15:09:33 UTC 2015
[34m[1mOperating System Details[0m
Distributor ID:	Ubuntu
Description:	Ubuntu 12.04.5 LTS
Release:	12.04
Codename:	precise
[34m[1mLinux Version[0m
3.13.0-29-generic
[34m[1mCookbooks Version[0m
a68419e https://github.com/travis-ci/travis-cookbooks/tree/a68419e
[34m[1mGCC version[0m
gcc (Ubuntu/Linaro 4.6.3-1ubuntu5) 4.6.3
Copyright (C) 2011 Free Software Foundation, Inc.
This is free software; see the source for copying conditions.  There is NO
warranty; not even for MERCHANTABILITY or FITNESS FOR A PARTICULAR PURPOSE.

[34m[1mLLVM version[0m
clang version 3.4 (tags/RELEASE_34/final)
Target: x86_64-unknown-linux-gnu
Thread model: posix
[34m[1mPre-installed Ruby versions[0m
ruby-1.9.3-p551
[34m[1mPre-installed Node.js versions[0m
v0.10.36
[34m[1mPre-installed Go versions[0m
1.4.1
[34m[1mRedis version[0m
redis-server 2.8.19
[34m[1mriak version[0m
2.0.2
[34m[1mMongoDB version[0m
MongoDB 2.4.12
[34m[1mCouchDB version[0m
couchdb 1.6.1
[34m[1mNeo4j version[0m
1.9.4
[34m[1mRabbitMQ Version[0m
3.4.3
[34m[1mElasticSearch version[0m
1.4.0
[34m[1mInstalled Sphinx versions[0m
2.0.10
2.1.9
2.2.6
[34m[1mDefault Sphinx version[0m
2.2.6
[34m[1mInstalled Firefox version[0m
firefox 31.0esr
[34m[1mPhantomJS version[0m
1.9.8
[34m[1mant -version[0m
Apache Ant(TM) version 1.8.2 compiled on December 3 2011
[34m[1mmvn -version[0m
Apache Maven 3.2.5 (12a6b3acb947671f09b81f49094c53f426d8cea1; 2014-12-14T17:29:23+00:00)
Maven home: /usr/local/maven
Java version: 1.7.0_76, vendor: Oracle Corporation
Java home: /usr/lib/jvm/java-7-oracle/jre
Default locale: en_US, platform encoding: ANSI_X3.4-1968
OS name: "linux", version: "3.13.0-29-generic", arch: "amd64", family: "unix"
travis_fold:end:system_info[0K
grep: /etc/apt/sources.list.d/*: No such file or directory
W: Failed to fetch http://us.archive.ubuntu.com/ubuntu/dists/precise/main/source/Sources  404  Not Found [IP: 91.189.91.39 80]

W: Failed to fetch http://us.archive.ubuntu.com/ubuntu/dists/precise/restricted/source/Sources  404  Not Found [IP: 91.189.91.39 80]

W: Failed to fetch http://us.archive.ubuntu.com/ubuntu/dists/precise/universe/source/Sources  404  Not Found [IP: 91.189.91.39 80]

W: Failed to fetch http://us.archive.ubuntu.com/ubuntu/dists/precise/multiverse/source/Sources  404  Not Found [IP: 91.189.91.39 80]

W: Failed to fetch http://us.archive.ubuntu.com/ubuntu/dists/precise/main/binary-amd64/Packages  404  Not Found [IP: 91.189.91.39 80]

W: Failed to fetch http://us.archive.ubuntu.com/ubuntu/dists/precise/restricted/binary-amd64/Packages  404  Not Found [IP: 91.189.91.39 80]

W: Failed to fetch http://us.archive.ubuntu.com/ubuntu/dists/precise/universe/binary-amd64/Packages  404  Not Found [IP: 91.189.91.39 80]

W: Failed to fetch http://us.archive.ubuntu.com/ubuntu/dists/precise/multiverse/binary-amd64/Packages  404  Not Found [IP: 91.189.91.39 80]

W: Failed to fetch http://us.archive.ubuntu.com/ubuntu/dists/precise/main/binary-i386/Packages  404  Not Found [IP: 91.189.91.39 80]

W: Failed to fetch http://us.archive.ubuntu.com/ubuntu/dists/precise/restricted/binary-i386/Packages  404  Not Found [IP: 91.189.91.39 80]

W: Failed to fetch http://us.archive.ubuntu.com/ubuntu/dists/precise/universe/binary-i386/Packages  404  Not Found [IP: 91.189.91.39 80]

W: Failed to fetch http://us.archive.ubuntu.com/ubuntu/dists/precise/multiverse/binary-i386/Packages  404  Not Found [IP: 91.189.91.39 80]

W: Failed to fetch http://us.archive.ubuntu.com/ubuntu/dists/precise-updates/main/source/Sources  404  Not Found [IP: 91.189.91.39 80]

W: Failed to fetch http://us.archive.ubuntu.com/ubuntu/dists/precise-updates/restricted/source/Sources  404  Not Found [IP: 91.189.91.39 80]

W: Failed to fetch http://us.archive.ubuntu.com/ubuntu/dists/precise-updates/universe/source/Sources  404  Not Found [IP: 91.189.91.39 80]

W: Failed to fetch http://us.archive.ubuntu.com/ubuntu/dists/precise-updates/multiverse/source/Sources  404  Not Found [IP: 91.189.91.39 80]

W: Failed to fetch http://us.archive.ubuntu.com/ubuntu/dists/precise-updates/main/binary-amd64/Packages  404  Not Found [IP: 91.189.91.39 80]

W: Failed to fetch http://us.archive.ubuntu.com/ubuntu/dists/precise-updates/restricted/binary-amd64/Packages  404  Not Found [IP: 91.189.91.39 80]

W: Failed to fetch http://us.archive.ubuntu.com/ubuntu/dists/precise-updates/universe/binary-amd64/Packages  404  Not Found [IP: 91.189.91.39 80]

W: Failed to fetch http://us.archive.ubuntu.com/ubuntu/dists/precise-updates/multiverse/binary-amd64/Packages  404  Not Found [IP: 91.189.91.39 80]

W: Failed to fetch http://us.archive.ubuntu.com/ubuntu/dists/precise-updates/main/binary-i386/Packages  404  Not Found [IP: 91.189.91.39 80]

W: Failed to fetch http://us.archive.ubuntu.com/ubuntu/dists/precise-updates/restricted/binary-i386/Packages  404  Not Found [IP: 91.189.91.39 80]

W: Failed to fetch http://us.archive.ubuntu.com/ubuntu/dists/precise-updates/universe/binary-i386/Packages  404  Not Found [IP: 91.189.91.39 80]

W: Failed to fetch http://us.archive.ubuntu.com/ubuntu/dists/precise-updates/multiverse/binary-i386/Packages  404  Not Found [IP: 91.189.91.39 80]

W: Failed to fetch http://us.archive.ubuntu.com/ubuntu/dists/precise-backports/main/source/Sources  404  Not Found [IP: 91.189.91.39 80]

W: Failed to fetch http://us.archive.ubuntu.com/ubuntu/dists/precise-backports/restricted/source/Sources  404  Not Found [IP: 91.189.91.39 80]

W: Failed to fetch http://us.archive.ubuntu.com/ubuntu/dists/precise-backports/universe/source/Sources  404  Not Found [IP: 91.189.91.39 80]

W: Failed to fetch http://us.archive.ubuntu.com/ubuntu/dists/precise-backports/multiverse/source/Sources  404  Not Found [IP: 91.189.91.39 80]

W: Failed to fetch http://us.archive.ubuntu.com/ubuntu/dists/precise-backports/main/binary-amd64/Packages  404  Not Found [IP: 91.189.91.39 80]

W: Failed to fetch http://us.archive.ubuntu.com/ubuntu/dists/precise-backports/restricted/binary-amd64/Packages  404  Not Found [IP: 91.189.91.39 80]

W: Failed to fetch http://us.archive.ubuntu.com/ubuntu/dists/precise-backports/universe/binary-amd64/Packages  404  Not Found [IP: 91.189.91.39 80]

W: Failed to fetch http://us.archive.ubuntu.com/ubuntu/dists/precise-backports/multiverse/binary-amd64/Packages  404  Not Found [IP: 91.189.91.39 80]

W: Failed to fetch http://us.archive.ubuntu.com/ubuntu/dists/precise-backports/main/binary-i386/Packages  404  Not Found [IP: 91.189.91.39 80]

W: Failed to fetch http://us.archive.ubuntu.com/ubuntu/dists/precise-backports/restricted/binary-i386/Packages  404  Not Found [IP: 91.189.91.39 80]

W: Failed to fetch http://us.archive.ubuntu.com/ubuntu/dists/precise-backports/universe/binary-i386/Packages  404  Not Found [IP: 91.189.91.39 80]

W: Failed to fetch http://us.archive.ubuntu.com/ubuntu/dists/precise-backports/multiverse/binary-i386/Packages  404  Not Found [IP: 91.189.91.39 80]

W: Failed to fetch http://security.ubuntu.com/ubuntu/dists/precise-security/main/source/Sources  404  Not Found [IP: 185.125.190.36 80]

W: Failed to fetch http://security.ubuntu.com/ubuntu/dists/precise-security/restricted/source/Sources  404  Not Found [IP: 185.125.190.36 80]

W: Failed to fetch http://security.ubuntu.com/ubuntu/dists/precise-security/universe/source/Sources  404  Not Found [IP: 185.125.190.36 80]

W: Failed to fetch http://security.ubuntu.com/ubuntu/dists/precise-security/multiverse/source/Sources  404  Not Found [IP: 185.125.190.36 80]

W: Failed to fetch http://security.ubuntu.com/ubuntu/dists/precise-security/main/binary-amd64/Packages  404  Not Found [IP: 185.125.190.36 80]

W: Failed to fetch http://security.ubuntu.com/ubuntu/dists/precise-security/restricted/binary-amd64/Packages  404  Not Found [IP: 185.125.190.36 80]

W: Failed to fetch http://security.ubuntu.com/ubuntu/dists/precise-security/universe/binary-amd64/Packages  404  Not Found [IP: 185.125.190.36 80]

W: Failed to fetch http://security.ubuntu.com/ubuntu/dists/precise-security/multiverse/binary-amd64/Packages  404  Not Found [IP: 185.125.190.36 80]

W: Failed to fetch http://security.ubuntu.com/ubuntu/dists/precise-security/main/binary-i386/Packages  404  Not Found [IP: 185.125.190.36 80]

W: Failed to fetch http://security.ubuntu.com/ubuntu/dists/precise-security/restricted/binary-i386/Packages  404  Not Found [IP: 185.125.190.36 80]

W: Failed to fetch http://security.ubuntu.com/ubuntu/dists/precise-security/universe/binary-i386/Packages  404  Not Found [IP: 185.125.190.36 80]

W: Failed to fetch http://security.ubuntu.com/ubuntu/dists/precise-security/multiverse/binary-i386/Packages  404  Not Found [IP: 185.125.190.36 80]

E: Some index files failed to download. They have been ignored, or old ones used instead.
sed: cannot rename /etc/hosts: Device or resource busy
sed: cannot rename /etc/hosts: Device or resource busy
$ jdk_switcher use oraclejdk8
Switching to Oracle JDK8 (java-8-oracle), JAVA_HOME will be set to /usr/lib/jvm/java-8-oracle
$ cd passed/SonarSource/sonarlint-intellij

[33;1mSetting environment variables from .travis.yml[0m
$ export TARGET=CI

$ export TERM=dumb
travis_fold:start:cache.1[0KSetting up build cache
$ export CASHER_DIR=$HOME/.casher
travis_time:start:0f960c44[0K$ Installing caching utilities

travis_time:end:0f960c44:start=1657930561945676613,finish=1657930562150413076,duration=204736463[0Ktravis_time:start:10984afc[0K
travis_time:end:10984afc:start=1657930562163617883,finish=1657930562170604355,duration=6986472[0Ktravis_time:start:0310a477[0K/home/travis/.casher/bin/casher:213:in `cache_archive_name': undefined method `[]' for nil:NilClass (NoMethodError)
	from /home/travis/.casher/bin/casher:65:in `block in fetch'
	from /home/travis/.casher/bin/casher:64:in `each'
	from /home/travis/.casher/bin/casher:64:in `fetch'
	from /home/travis/.casher/bin/casher:53:in `block in run'
	from /home/travis/.rvm/rubies/ruby-1.9.3-p551/lib/ruby/1.9.1/timeout.rb:69:in `timeout'
	from /home/travis/.casher/bin/casher:53:in `run'
	from /home/travis/.casher/bin/casher:263:in `<main>'
[32;1mattempting to download cache archive[0m

travis_time:end:0310a477:start=1657930562178907713,finish=1657930562946688182,duration=767780469[0Ktravis_time:start:06aa9920[0K
travis_time:end:06aa9920:start=1657930562955859197,finish=1657930562965328602,duration=9469405[0Ktravis_time:start:095510dc[0K[32;1madding /home/travis/.m2/repository to cache[0m
[32;1madding /home/travis/.gradle to cache[0m
[32;1mcreating directory /home/travis/.gradle[0m
[32;1madding /home/travis/build/passed/SonarSource/sonarlint-intellij/.gradle to cache[0m
[32;1mcreating directory /home/travis/build/passed/SonarSource/sonarlint-intellij/.gradle[0m
[32;1madding /home/travis/.sonar to cache[0m
[32;1mcreating directory /home/travis/.sonar[0m

travis_time:end:095510dc:start=1657930562977001279,finish=1657930563761370829,duration=784369550[0Ktravis_fold:end:cache.1[0K$ java -Xmx32m -version
java version "1.8.0_31"
Java(TM) SE Runtime Environment (build 1.8.0_31-b13)
Java HotSpot(TM) 64-Bit Server VM (build 25.31-b07, mixed mode)
$ javac -J-Xmx32m -version
javac 1.8.0_31
travis_fold:start:install[0Ktravis_time:start:033ad143[0K$ true

travis_time:end:033ad143:start=1657930564077726299,finish=1657930564085157246,duration=7430947[0Ktravis_fold:end:install[0Ktravis_time:start:004db980[0K$ ./travis.sh

================ Build, no analysis =================
Downloading https://services.gradle.org/distributions/gradle-2.14.1-all.zip
...........................................................................................................................................................................................................................................................................................................................................................................................................................................................................................................................................................................................................................................................................................................................................................................................................................................................................................................................................................................................................................................................................................................................................................................................................................................................................................................................................................................................................................................................................................................................................................................................................................................................................................................................................................................................................................................................................................................................................................................................................................................................................................................................................................................................................................................................................................................................................................................................................................................................................................................................................................................................................................................................................................................................................................................................................................................................................................................................................................................................................................................................................................................................................................................................................................................................................................................................................................................................................................................................................................................................................................................................
Unzipping /home/travis/.gradle/wrapper/dists/gradle-2.14.1-all/8bnwg5hd3w55iofp58khbp6yv/gradle-2.14.1-all.zip to /home/travis/.gradle/wrapper/dists/gradle-2.14.1-all/8bnwg5hd3w55iofp58khbp6yv
Set executable permissions for: /home/travis/.gradle/wrapper/dists/gradle-2.14.1-all/8bnwg5hd3w55iofp58khbp6yv/gradle-2.14.1/bin/gradle
To honour the JVM settings for this build a new JVM will be forked. Please consider using the daemon: https://docs.gradle.org/2.14.1/userguide/gradle_daemon.html.
Download https://plugins.gradle.org/m2/gradle/plugin/org/jetbrains/gradle-intellij-plugin/0.1.10/gradle-intellij-plugin-0.1.10.pom
Download https://plugins.gradle.org/m2/org/sonarsource/scanner/gradle/sonarqube-gradle-plugin/1.2-rc1/sonarqube-gradle-plugin-1.2-rc1.pom
Download https://plugins.gradle.org/m2/nl/javadude/gradle/plugins/license-gradle-plugin/0.11.0/license-gradle-plugin-0.11.0.pom
Download https://plugins.gradle.org/m2/net/researchgate/gradle-release/2.4.1/gradle-release-2.4.1.pom
Download https://plugins.gradle.org/m2/org/jfrog/buildinfo/build-info-extractor-gradle/4.4.0/build-info-extractor-gradle-4.4.0.pom
Download https://plugins.gradle.org/m2/org/jetbrains/annotations/13.0/annotations-13.0.pom
Download https://plugins.gradle.org/m2/org/jetbrains/intellij/plugin-repository-rest-client/0.3.16/plugin-repository-rest-client-0.3.16.pom
Download https://plugins.gradle.org/m2/org/jetbrains/intellij/plugins/intellij-plugin-structure/1.23/intellij-plugin-structure-1.23.pom
Download https://plugins.gradle.org/m2/org/sonarsource/sonar-runner/sonar-runner-api/2.5/sonar-runner-api-2.5.pom
Download https://plugins.gradle.org/m2/org/sonarsource/sonar-runner/sonar-runner/2.5/sonar-runner-2.5.pom
Download https://plugins.gradle.org/m2/org/sonarsource/parent/parent/26/parent-26.pom
Download https://plugins.gradle.org/m2/com/google/guava/guava/17.0/guava-17.0.pom
Download https://plugins.gradle.org/m2/com/google/guava/guava-parent/17.0/guava-parent-17.0.pom
Download https://plugins.gradle.org/m2/org/sonatype/oss/oss-parent/7/oss-parent-7.pom
Download https://plugins.gradle.org/m2/com/mycila/maven-license-plugin/maven-license-plugin/1.10.b1/maven-license-plugin-1.10.b1.pom
Download https://plugins.gradle.org/m2/com/mycila/parent-pom/5/parent-pom-5.pom
Download https://plugins.gradle.org/m2/org/apache/ivy/ivy/2.2.0/ivy-2.2.0.pom
Download https://plugins.gradle.org/m2/org/apache/apache/7/apache-7.pom
Download https://plugins.gradle.org/m2/commons-logging/commons-logging/1.1.1/commons-logging-1.1.1.pom
Download https://plugins.gradle.org/m2/org/apache/commons/commons-parent/5/commons-parent-5.pom
Download https://plugins.gradle.org/m2/org/apache/apache/4/apache-4.pom
Download https://plugins.gradle.org/m2/commons-io/commons-io/2.2/commons-io-2.2.pom
Download https://plugins.gradle.org/m2/org/apache/commons/commons-parent/24/commons-parent-24.pom
Download https://plugins.gradle.org/m2/org/apache/apache/9/apache-9.pom
Download https://plugins.gradle.org/m2/commons-lang/commons-lang/2.4/commons-lang-2.4.pom
Download https://plugins.gradle.org/m2/org/apache/commons/commons-parent/9/commons-parent-9.pom
Download https://plugins.gradle.org/m2/org/codehaus/groovy/groovy-all/2.3.6/groovy-all-2.3.6.pom
Download https://plugins.gradle.org/m2/org/jfrog/buildinfo/build-info-extractor/2.6.0/build-info-extractor-2.6.0.pom
Download https://plugins.gradle.org/m2/org/jetbrains/kotlin/kotlin-stdlib/1.0.0/kotlin-stdlib-1.0.0.pom
Download https://plugins.gradle.org/m2/org/jetbrains/kotlin/kotlin-project/1.0.0/kotlin-project-1.0.0.pom
Download https://plugins.gradle.org/m2/org/slf4j/slf4j-api/1.7.12/slf4j-api-1.7.12.pom
Download https://plugins.gradle.org/m2/org/slf4j/slf4j-parent/1.7.12/slf4j-parent-1.7.12.pom
Download https://plugins.gradle.org/m2/com/squareup/retrofit/retrofit/1.9.0/retrofit-1.9.0.pom
Download https://plugins.gradle.org/m2/com/squareup/retrofit/parent/1.9.0/parent-1.9.0.pom
Download https://plugins.gradle.org/m2/org/jdom/jdom/2.0.2/jdom-2.0.2.pom
Download https://plugins.gradle.org/m2/com/intellij/annotations/12.0/annotations-12.0.pom
Download https://plugins.gradle.org/m2/org/ow2/asm/asm-all/5.0.4/asm-all-5.0.4.pom
Download https://plugins.gradle.org/m2/org/ow2/asm/asm-parent/5.0.4/asm-parent-5.0.4.pom
Download https://plugins.gradle.org/m2/org/ow2/ow2/1.3/ow2-1.3.pom
Download https://plugins.gradle.org/m2/org/jsoup/jsoup/1.8.3/jsoup-1.8.3.pom
Download https://plugins.gradle.org/m2/org/codehaus/plexus/plexus-archiver/2.3/plexus-archiver-2.3.pom
Download https://plugins.gradle.org/m2/org/codehaus/plexus/plexus-components/1.3/plexus-components-1.3.pom
Download https://plugins.gradle.org/m2/org/codehaus/plexus/plexus/3.3/plexus-3.3.pom
Download https://plugins.gradle.org/m2/org/sonatype/spice/spice-parent/17/spice-parent-17.pom
Download https://plugins.gradle.org/m2/org/sonatype/forge/forge-parent/10/forge-parent-10.pom
Download https://plugins.gradle.org/m2/org/apache/maven/maven-plugin-api/3.0.1/maven-plugin-api-3.0.1.pom
Download https://plugins.gradle.org/m2/org/apache/maven/maven/3.0.1/maven-3.0.1.pom
Download https://plugins.gradle.org/m2/org/apache/maven/maven-parent/15/maven-parent-15.pom
Download https://plugins.gradle.org/m2/org/apache/apache/6/apache-6.pom
Download https://plugins.gradle.org/m2/com/mycila/xmltool/xmltool/3.3/xmltool-3.3.pom
Download https://plugins.gradle.org/m2/org/apache/maven/maven-project/3.0-alpha-2/maven-project-3.0-alpha-2.pom
Download https://plugins.gradle.org/m2/org/apache/maven/maven/3.0-alpha-2/maven-3.0-alpha-2.pom
Download https://plugins.gradle.org/m2/org/apache/maven/maven-parent/10/maven-parent-10.pom
Download https://plugins.gradle.org/m2/org/codehaus/plexus/plexus-utils/2.0.5/plexus-utils-2.0.5.pom
Download https://plugins.gradle.org/m2/org/codehaus/plexus/plexus/2.0.6/plexus-2.0.6.pom
Download https://plugins.gradle.org/m2/org/jfrog/buildinfo/build-info-client/2.6.0/build-info-client-2.6.0.pom
Download https://plugins.gradle.org/m2/com/thoughtworks/xstream/xstream/1.3.1/xstream-1.3.1.pom
Download https://plugins.gradle.org/m2/com/thoughtworks/xstream/xstream-parent/1.3.1/xstream-parent-1.3.1.pom
Download https://plugins.gradle.org/m2/org/jetbrains/kotlin/kotlin-runtime/1.0.0/kotlin-runtime-1.0.0.pom
Download https://plugins.gradle.org/m2/com/google/code/gson/gson/2.3.1/gson-2.3.1.pom
Download https://plugins.gradle.org/m2/org/sonatype/oss/oss-parent/9/oss-parent-9.pom
Download https://plugins.gradle.org/m2/org/codehaus/plexus/plexus-container-default/1.0-alpha-9-stable-1/plexus-container-default-1.0-alpha-9-stable-1.pom
Download https://plugins.gradle.org/m2/org/codehaus/plexus/plexus-containers/1.0.3/plexus-containers-1.0.3.pom
Download https://plugins.gradle.org/m2/org/codehaus/plexus/plexus/1.0.4/plexus-1.0.4.pom
Download https://plugins.gradle.org/m2/org/codehaus/plexus/plexus-io/2.0.6/plexus-io-2.0.6.pom
Download https://plugins.gradle.org/m2/org/codehaus/plexus/plexus-components/1.2/plexus-components-1.2.pom
Download https://plugins.gradle.org/m2/org/codehaus/plexus/plexus/3.2/plexus-3.2.pom
Download https://plugins.gradle.org/m2/org/apache/maven/maven-model/3.0.1/maven-model-3.0.1.pom
Download https://plugins.gradle.org/m2/org/apache/maven/maven-artifact/3.0.1/maven-artifact-3.0.1.pom
Download https://plugins.gradle.org/m2/org/sonatype/sisu/sisu-inject-plexus/1.4.3.1/sisu-inject-plexus-1.4.3.1.pom
Download https://plugins.gradle.org/m2/org/sonatype/sisu/inject/guice-plexus/1.4.3.1/guice-plexus-1.4.3.1.pom
Download https://plugins.gradle.org/m2/org/sonatype/sisu/inject/guice-bean/1.4.3.1/guice-bean-1.4.3.1.pom
Download https://plugins.gradle.org/m2/org/sonatype/sisu/sisu-inject/1.4.3.1/sisu-inject-1.4.3.1.pom
Download https://plugins.gradle.org/m2/org/sonatype/sisu/sisu-parent/1.4.3.1/sisu-parent-1.4.3.1.pom
Download https://plugins.gradle.org/m2/org/sonatype/forge/forge-parent/6/forge-parent-6.pom
Download https://plugins.gradle.org/m2/org/codehaus/plexus/plexus-interpolation/1.1/plexus-interpolation-1.1.pom
Download https://plugins.gradle.org/m2/org/codehaus/plexus/plexus/1.0.11/plexus-1.0.11.pom
Download https://plugins.gradle.org/m2/org/apache/maven/maven-compat/3.0-alpha-2/maven-compat-3.0-alpha-2.pom
Download https://plugins.gradle.org/m2/org/codehaus/woodstox/wstx-asl/3.2.6/wstx-asl-3.2.6.pom
Download https://plugins.gradle.org/m2/org/sonatype/spice/model-builder/1.3/model-builder-1.3.pom
Download https://plugins.gradle.org/m2/org/sonatype/spice/spice-parent/10/spice-parent-10.pom
Download https://plugins.gradle.org/m2/org/sonatype/forge/forge-parent/3/forge-parent-3.pom
Download https://plugins.gradle.org/m2/org/apache/maven/maven-project-builder/3.0-alpha-2/maven-project-builder-3.0-alpha-2.pom
Download https://plugins.gradle.org/m2/commons-codec/commons-codec/1.8/commons-codec-1.8.pom
Download https://plugins.gradle.org/m2/org/apache/commons/commons-parent/28/commons-parent-28.pom
Download https://plugins.gradle.org/m2/org/apache/apache/13/apache-13.pom
Download https://plugins.gradle.org/m2/org/apache/httpcomponents/httpcore/4.2.5/httpcore-4.2.5.pom
Download https://plugins.gradle.org/m2/org/apache/httpcomponents/httpcomponents-core/4.2.5/httpcomponents-core-4.2.5.pom
Download https://plugins.gradle.org/m2/org/apache/httpcomponents/project/7/project-7.pom
Download https://plugins.gradle.org/m2/org/codehaus/jackson/jackson-mapper-asl/1.9.12/jackson-mapper-asl-1.9.12.pom
Download https://plugins.gradle.org/m2/org/jfrog/buildinfo/build-info-api/2.6.0/build-info-api-2.6.0.pom
Download https://plugins.gradle.org/m2/org/apache/httpcomponents/httpclient/4.2.5/httpclient-4.2.5.pom
Download https://plugins.gradle.org/m2/org/apache/httpcomponents/httpcomponents-client/4.2.5/httpcomponents-client-4.2.5.pom
Download https://plugins.gradle.org/m2/org/apache/httpcomponents/project/6/project-6.pom
Download https://plugins.gradle.org/m2/xpp3/xpp3_min/1.1.4c/xpp3_min-1.1.4c.pom
Download https://plugins.gradle.org/m2/org/codehaus/plexus/plexus-component-annotations/1.5.5/plexus-component-annotations-1.5.5.pom
Download https://plugins.gradle.org/m2/org/codehaus/plexus/plexus-containers/1.5.5/plexus-containers-1.5.5.pom
Download https://plugins.gradle.org/m2/org/codehaus/plexus/plexus/2.0.7/plexus-2.0.7.pom
Download https://plugins.gradle.org/m2/org/codehaus/plexus/plexus-classworlds/2.2.3/plexus-classworlds-2.2.3.pom
Download https://plugins.gradle.org/m2/org/sonatype/sisu/sisu-inject-bean/1.4.3.1/sisu-inject-bean-1.4.3.1.pom
Download https://plugins.gradle.org/m2/org/apache/maven/wagon/wagon-provider-api/1.0-beta-4/wagon-provider-api-1.0-beta-4.pom
Download https://plugins.gradle.org/m2/org/apache/maven/wagon/wagon/1.0-beta-4/wagon-1.0-beta-4.pom
Download https://plugins.gradle.org/m2/org/apache/maven/maven-parent/8/maven-parent-8.pom
Download https://plugins.gradle.org/m2/stax/stax-api/1.0.1/stax-api-1.0.1.pom
Download https://plugins.gradle.org/m2/org/codehaus/jackson/jackson-core-asl/1.9.12/jackson-core-asl-1.9.12.pom
Download https://plugins.gradle.org/m2/org/sonatype/sisu/sisu-guice/2.9.1/sisu-guice-2.9.1.pom
Download https://plugins.gradle.org/m2/org/sonatype/sisu/inject/guice-parent/2.9.1/guice-parent-2.9.1.pom
Download https://plugins.gradle.org/m2/com/google/guava/guava/18.0/guava-18.0.pom
Download https://plugins.gradle.org/m2/com/google/guava/guava-parent/18.0/guava-parent-18.0.pom
Download https://plugins.gradle.org/m2/commons-io/commons-io/2.3/commons-io-2.3.pom
Download https://plugins.gradle.org/m2/org/codehaus/plexus/plexus-utils/3.0.10/plexus-utils-3.0.10.pom
Download https://plugins.gradle.org/m2/org/codehaus/plexus/plexus-container-default/1.0-beta-3.0.5/plexus-container-default-1.0-beta-3.0.5.pom
Download https://plugins.gradle.org/m2/org/codehaus/plexus/plexus-containers/1.0-beta-3.0.5/plexus-containers-1.0-beta-3.0.5.pom
Download https://plugins.gradle.org/m2/org/codehaus/plexus/plexus/2.0.2/plexus-2.0.2.pom
Download https://plugins.gradle.org/m2/org/apache/xbean/xbean-reflect/3.4/xbean-reflect-3.4.pom
Download https://plugins.gradle.org/m2/org/apache/xbean/xbean/3.4/xbean-3.4.pom
Download https://plugins.gradle.org/m2/com/google/code/google-collections/google-collect/snapshot-20080530/google-collect-snapshot-20080530.pom
Download https://plugins.gradle.org/m2/junit/junit/3.8.2/junit-3.8.2.pom
Download https://plugins.gradle.org/m2/log4j/log4j/1.2.12/log4j-1.2.12.pom
Download https://plugins.gradle.org/m2/commons-logging/commons-logging-api/1.1/commons-logging-api-1.1.pom
Download https://plugins.gradle.org/m2/gradle/plugin/org/jetbrains/gradle-intellij-plugin/0.1.10/gradle-intellij-plugin-0.1.10.jar
Download https://plugins.gradle.org/m2/org/sonarsource/scanner/gradle/sonarqube-gradle-plugin/1.2-rc1/sonarqube-gradle-plugin-1.2-rc1.jar
Download https://plugins.gradle.org/m2/nl/javadude/gradle/plugins/license-gradle-plugin/0.11.0/license-gradle-plugin-0.11.0.jar
Download https://plugins.gradle.org/m2/net/researchgate/gradle-release/2.4.1/gradle-release-2.4.1.jar
Download https://plugins.gradle.org/m2/org/jfrog/buildinfo/build-info-extractor-gradle/4.4.0/build-info-extractor-gradle-4.4.0.jar
Download https://plugins.gradle.org/m2/org/jetbrains/annotations/13.0/annotations-13.0.jar
Download https://plugins.gradle.org/m2/org/jetbrains/intellij/plugin-repository-rest-client/0.3.16/plugin-repository-rest-client-0.3.16.jar
Download https://plugins.gradle.org/m2/org/jetbrains/intellij/plugins/intellij-plugin-structure/1.23/intellij-plugin-structure-1.23.jar
Download https://plugins.gradle.org/m2/org/sonarsource/sonar-runner/sonar-runner-api/2.5/sonar-runner-api-2.5.jar
Download https://plugins.gradle.org/m2/com/mycila/maven-license-plugin/maven-license-plugin/1.10.b1/maven-license-plugin-1.10.b1.jar
Download https://plugins.gradle.org/m2/org/apache/ivy/ivy/2.2.0/ivy-2.2.0.jar
Download https://plugins.gradle.org/m2/commons-logging/commons-logging/1.1.1/commons-logging-1.1.1.jar
Download https://plugins.gradle.org/m2/commons-lang/commons-lang/2.4/commons-lang-2.4.jar
Download https://plugins.gradle.org/m2/org/codehaus/groovy/groovy-all/2.3.6/groovy-all-2.3.6.jar
Download https://plugins.gradle.org/m2/org/jfrog/buildinfo/build-info-extractor/2.6.0/build-info-extractor-2.6.0.jar
Download https://plugins.gradle.org/m2/org/jetbrains/kotlin/kotlin-stdlib/1.0.0/kotlin-stdlib-1.0.0.jar
Download https://plugins.gradle.org/m2/org/slf4j/slf4j-api/1.7.12/slf4j-api-1.7.12.jar
Download https://plugins.gradle.org/m2/com/squareup/retrofit/retrofit/1.9.0/retrofit-1.9.0.jar
Download https://plugins.gradle.org/m2/org/jdom/jdom/2.0.2/jdom-2.0.2.jar
Download https://plugins.gradle.org/m2/com/intellij/annotations/12.0/annotations-12.0.jar
Download https://plugins.gradle.org/m2/org/ow2/asm/asm-all/5.0.4/asm-all-5.0.4.jar
Download https://plugins.gradle.org/m2/org/jsoup/jsoup/1.8.3/jsoup-1.8.3.jar
Download https://plugins.gradle.org/m2/org/codehaus/plexus/plexus-archiver/2.3/plexus-archiver-2.3.jar
Download https://plugins.gradle.org/m2/org/apache/maven/maven-plugin-api/3.0.1/maven-plugin-api-3.0.1.jar
Download https://plugins.gradle.org/m2/com/mycila/xmltool/xmltool/3.3/xmltool-3.3.jar
Download https://plugins.gradle.org/m2/org/apache/maven/maven-project/3.0-alpha-2/maven-project-3.0-alpha-2.jar
Download https://plugins.gradle.org/m2/org/jfrog/buildinfo/build-info-client/2.6.0/build-info-client-2.6.0.jar
Download https://plugins.gradle.org/m2/com/thoughtworks/xstream/xstream/1.3.1/xstream-1.3.1.jar
Download https://plugins.gradle.org/m2/org/jetbrains/kotlin/kotlin-runtime/1.0.0/kotlin-runtime-1.0.0.jar
Download https://plugins.gradle.org/m2/com/google/code/gson/gson/2.3.1/gson-2.3.1.jar
Download https://plugins.gradle.org/m2/org/codehaus/plexus/plexus-io/2.0.6/plexus-io-2.0.6.jar
Download https://plugins.gradle.org/m2/org/apache/maven/maven-model/3.0.1/maven-model-3.0.1.jar
Download https://plugins.gradle.org/m2/org/apache/maven/maven-artifact/3.0.1/maven-artifact-3.0.1.jar
Download https://plugins.gradle.org/m2/org/sonatype/sisu/sisu-inject-plexus/1.4.3.1/sisu-inject-plexus-1.4.3.1.jar
Download https://plugins.gradle.org/m2/org/codehaus/plexus/plexus-interpolation/1.1/plexus-interpolation-1.1.jar
Download https://plugins.gradle.org/m2/org/apache/maven/maven-compat/3.0-alpha-2/maven-compat-3.0-alpha-2.jar
Download https://plugins.gradle.org/m2/org/codehaus/woodstox/wstx-asl/3.2.6/wstx-asl-3.2.6.jar
Download https://plugins.gradle.org/m2/org/sonatype/spice/model-builder/1.3/model-builder-1.3.jar
Download https://plugins.gradle.org/m2/org/apache/maven/maven-project-builder/3.0-alpha-2/maven-project-builder-3.0-alpha-2.jar
Download https://plugins.gradle.org/m2/commons-codec/commons-codec/1.8/commons-codec-1.8.jar
Download https://plugins.gradle.org/m2/org/apache/httpcomponents/httpcore/4.2.5/httpcore-4.2.5.jar
Download https://plugins.gradle.org/m2/org/codehaus/jackson/jackson-mapper-asl/1.9.12/jackson-mapper-asl-1.9.12.jar
Download https://plugins.gradle.org/m2/org/jfrog/buildinfo/build-info-api/2.6.0/build-info-api-2.6.0.jar
Download https://plugins.gradle.org/m2/org/apache/httpcomponents/httpclient/4.2.5/httpclient-4.2.5.jar
Download https://plugins.gradle.org/m2/xpp3/xpp3_min/1.1.4c/xpp3_min-1.1.4c.jar
Download https://plugins.gradle.org/m2/org/codehaus/plexus/plexus-component-annotations/1.5.5/plexus-component-annotations-1.5.5.jar
Download https://plugins.gradle.org/m2/org/codehaus/plexus/plexus-classworlds/2.2.3/plexus-classworlds-2.2.3.jar
Download https://plugins.gradle.org/m2/org/sonatype/sisu/sisu-inject-bean/1.4.3.1/sisu-inject-bean-1.4.3.1.jar
Download https://plugins.gradle.org/m2/org/apache/maven/wagon/wagon-provider-api/1.0-beta-4/wagon-provider-api-1.0-beta-4.jar
Download https://plugins.gradle.org/m2/stax/stax-api/1.0.1/stax-api-1.0.1.jar
Download https://plugins.gradle.org/m2/org/codehaus/jackson/jackson-core-asl/1.9.12/jackson-core-asl-1.9.12.jar
Download https://plugins.gradle.org/m2/org/sonatype/sisu/sisu-guice/2.9.1/sisu-guice-2.9.1-noaop.jar
Download https://plugins.gradle.org/m2/com/google/guava/guava/18.0/guava-18.0.jar
Download https://plugins.gradle.org/m2/commons-io/commons-io/2.3/commons-io-2.3.jar
Download https://plugins.gradle.org/m2/org/codehaus/plexus/plexus-utils/3.0.10/plexus-utils-3.0.10.jar
Download https://plugins.gradle.org/m2/org/codehaus/plexus/plexus-container-default/1.0-beta-3.0.5/plexus-container-default-1.0-beta-3.0.5.jar
Download https://plugins.gradle.org/m2/org/apache/xbean/xbean-reflect/3.4/xbean-reflect-3.4.jar
Download https://plugins.gradle.org/m2/com/google/code/google-collections/google-collect/snapshot-20080530/google-collect-snapshot-20080530.jar
Download https://plugins.gradle.org/m2/junit/junit/3.8.2/junit-3.8.2.jar
Download https://plugins.gradle.org/m2/log4j/log4j/1.2.12/log4j-1.2.12.jar
Download https://plugins.gradle.org/m2/commons-logging/commons-logging-api/1.1/commons-logging-api-1.1.jar
[buildinfo] Not using buildInfo properties file for this build.
Download https://www.jetbrains.com/intellij-repository/releases/com/jetbrains/intellij/idea/ideaIC/2016.2/ideaIC-2016.2.pom
Download https://www.jetbrains.com/intellij-repository/releases/com/jetbrains/intellij/idea/ideaIC/2016.2/ideaIC-2016.2.zip
Download https://www.jetbrains.com/intellij-repository/releases/com/jetbrains/intellij/idea/ideaIC/2016.2/ideaIC-2016.2-sources.jar
:compileJava
Download https://jcenter.bintray.com/org/sonarsource/sonarlint/core/sonarlint-client-api/2.4/sonarlint-client-api-2.4.pom
Download https://jcenter.bintray.com/org/sonarsource/sonarlint/core/sonarlint-core-parent/2.4/sonarlint-core-parent-2.4.pom
Download https://jcenter.bintray.com/org/sonarsource/parent/parent/36/parent-36.pom
Download https://jcenter.bintray.com/org/sonarsource/sonarlint/core/sonarlint-core/2.4/sonarlint-core-2.4.pom
Download https://jcenter.bintray.com/commons-lang/commons-lang/2.6/commons-lang-2.6.pom
Download https://jcenter.bintray.com/org/apache/commons/commons-parent/17/commons-parent-17.pom
Download https://jcenter.bintray.com/commons-io/commons-io/2.4/commons-io-2.4.pom
Download https://jcenter.bintray.com/org/apache/commons/commons-parent/25/commons-parent-25.pom
Download https://jcenter.bintray.com/com/google/code/findbugs/jsr305/2.0.2/jsr305-2.0.2.pom
Download https://jcenter.bintray.com/org/sonarsource/sonarlint/core/sonarlint-client-api/2.4/sonarlint-client-api-2.4.jar
Download https://jcenter.bintray.com/org/sonarsource/sonarlint/core/sonarlint-core/2.4/sonarlint-core-2.4.jar
Download https://jcenter.bintray.com/commons-lang/commons-lang/2.6/commons-lang-2.6.jar
Download https://jcenter.bintray.com/commons-io/commons-io/2.4/commons-io-2.4.jar
Download https://jcenter.bintray.com/com/google/code/findbugs/jsr305/2.0.2/jsr305-2.0.2.jar
Note: Some input files use or override a deprecated API.
Note: Recompile with -Xlint:deprecation for details.
Note: Some input files use unchecked or unsafe operations.
Note: Recompile with -Xlint:unchecked for details.
:processResources
:classes
:prepareSandbox
:cleanSQPlugins UP-TO-DATE
:downloadSQPlugins
Download https://jcenter.bintray.com/org/sonarsource/java/sonar-java-plugin/4.2/sonar-java-plugin-4.2.pom
Download https://jcenter.bintray.com/org/sonarsource/java/java/4.2/java-4.2.pom
Download https://jcenter.bintray.com/org/sonarsource/javascript/sonar-javascript-plugin/2.15/sonar-javascript-plugin-2.15.pom
Download https://jcenter.bintray.com/org/sonarsource/javascript/javascript/2.15/javascript-2.15.pom
Download https://jcenter.bintray.com/org/sonarsource/php/sonar-php-plugin/2.8/sonar-php-plugin-2.8.pom
Download https://jcenter.bintray.com/org/sonarsource/php/php/2.8/php-2.8.pom
Download https://jcenter.bintray.com/org/sonarsource/parent/parent/29/parent-29.pom
Download https://jcenter.bintray.com/org/sonarsource/python/sonar-python-plugin/1.6/sonar-python-plugin-1.6.pom
Download https://jcenter.bintray.com/org/sonarsource/python/python/1.6/python-1.6.pom
Download https://jcenter.bintray.com/org/sonarsource/java/java-surefire/4.2/java-surefire-4.2.pom
Download https://jcenter.bintray.com/org/sonarsource/java/java-jacoco/4.2/java-jacoco-4.2.pom
Download https://jcenter.bintray.com/org/sonarsource/java/java-frontend/4.2/java-frontend-4.2.pom
Download https://jcenter.bintray.com/org/sonarsource/java/java-checks/4.2/java-checks-4.2.pom
Download https://jcenter.bintray.com/com/google/code/gson/gson/2.6.2/gson-2.6.2.pom
Download https://jcenter.bintray.com/com/google/code/gson/gson-parent/2.6.2/gson-parent-2.6.2.pom
Download https://jcenter.bintray.com/org/sonarsource/javascript/javascript-frontend/2.15/javascript-frontend-2.15.pom
Download https://jcenter.bintray.com/org/sonarsource/javascript/javascript-checks/2.15/javascript-checks-2.15.pom
Download https://jcenter.bintray.com/org/sonarsource/php/php-frontend/2.8/php-frontend-2.8.pom
Download https://jcenter.bintray.com/org/sonarsource/php/php-checks/2.8/php-checks-2.8.pom
Download https://jcenter.bintray.com/org/codehaus/sonar/sonar-deprecated/4.5.2/sonar-deprecated-4.5.2.pom
Download https://jcenter.bintray.com/org/codehaus/sonar/sonar/4.5.2/sonar-4.5.2.pom
Download https://jcenter.bintray.com/org/sonarsource/python/python-squid/1.6/python-squid-1.6.pom
Download https://jcenter.bintray.com/org/sonarsource/python/python-checks/1.6/python-checks-1.6.pom
Download https://jcenter.bintray.com/org/jacoco/org.jacoco.core/0.7.5.201505241946/org.jacoco.core-0.7.5.201505241946.pom
Download https://jcenter.bintray.com/org/jacoco/org.jacoco.build/0.7.5.201505241946/org.jacoco.build-0.7.5.201505241946.pom
Download https://jcenter.bintray.com/org/sonarsource/java/java-jacoco-previous/4.2/java-jacoco-previous-4.2.pom
Download https://jcenter.bintray.com/org/sonarsource/sonarqube/sonar-plugin-api/5.6/sonar-plugin-api-5.6.pom
Download https://jcenter.bintray.com/org/sonarsource/sonarqube/sonarqube/5.6/sonarqube-5.6.pom
Download https://jcenter.bintray.com/org/sonarsource/parent/parent/34/parent-34.pom
Download https://jcenter.bintray.com/org/sonarsource/sslr/sslr-core/1.21/sslr-core-1.21.pom
Download https://jcenter.bintray.com/org/sonarsource/sslr/sslr/1.21/sslr-1.21.pom
Download https://jcenter.bintray.com/org/sonarsource/parent/parent/23/parent-23.pom
Download https://jcenter.bintray.com/org/sonarsource/sslr-squid-bridge/sslr-squid-bridge/2.6.1/sslr-squid-bridge-2.6.1.pom
Download https://jcenter.bintray.com/org/sonarsource/parent/parent/24/parent-24.pom
Download https://jcenter.bintray.com/com/google/guava/guava/19.0/guava-19.0.pom
Download https://jcenter.bintray.com/com/google/guava/guava-parent/19.0/guava-parent-19.0.pom
Download https://jcenter.bintray.com/org/sonarsource/java/java-maven-model/4.2/java-maven-model-4.2.pom
Download https://jcenter.bintray.com/org/ow2/asm/asm-debug-all/5.0.3/asm-debug-all-5.0.3.pom
Download https://jcenter.bintray.com/org/ow2/asm/asm-parent/5.0.3/asm-parent-5.0.3.pom
Download https://jcenter.bintray.com/org/apache/maven/maven-project/2.0.7/maven-project-2.0.7.pom
Download https://jcenter.bintray.com/org/apache/maven/maven/2.0.7/maven-2.0.7.pom
Download https://jcenter.bintray.com/org/apache/maven/maven-parent/5/maven-parent-5.pom
Download https://jcenter.bintray.com/org/apache/apache/3/apache-3.pom
Download https://jcenter.bintray.com/org/sonarsource/sslr/sslr-testing-harness/1.21/sslr-testing-harness-1.21.pom
Download https://jcenter.bintray.com/org/mockito/mockito-all/1.9.0/mockito-all-1.9.0.pom
Download https://jcenter.bintray.com/ch/qos/logback/logback-classic/0.9.30/logback-classic-0.9.30.pom
Download https://jcenter.bintray.com/ch/qos/logback/logback-parent/0.9.30/logback-parent-0.9.30.pom
Download https://jcenter.bintray.com/org/codehaus/sonar/sonar-plugin-api/4.5.2/sonar-plugin-api-4.5.2.pom
Download https://jcenter.bintray.com/jfree/jfreechart/1.0.9/jfreechart-1.0.9.pom
Download https://jcenter.bintray.com/commons-io/commons-io/2.5/commons-io-2.5.pom
Download https://jcenter.bintray.com/org/apache/commons/commons-parent/39/commons-parent-39.pom
Download https://jcenter.bintray.com/org/apache/apache/16/apache-16.pom
Download https://jcenter.bintray.com/org/codehaus/woodstox/woodstox-core-lgpl/4.4.0/woodstox-core-lgpl-4.4.0.pom
Download https://jcenter.bintray.com/org/codehaus/woodstox/stax2-api/3.1.4/stax2-api-3.1.4.pom
Download https://jcenter.bintray.com/org/codehaus/staxmate/staxmate/2.0.1/staxmate-2.0.1.pom
Download https://jcenter.bintray.com/com/google/code/findbugs/jsr305/1.3.9/jsr305-1.3.9.pom
Download https://jcenter.bintray.com/cglib/cglib-nodep/3.1/cglib-nodep-3.1.pom
Download https://jcenter.bintray.com/org/codehaus/sonar/sslr/sslr-core/1.20/sslr-core-1.20.pom
Download https://jcenter.bintray.com/org/codehaus/sonar/sslr/sslr/1.20/sslr-1.20.pom
Download https://jcenter.bintray.com/org/codehaus/sonar-plugins/parent/18/parent-18.pom
Download https://jcenter.bintray.com/org/codehaus/sonar/sslr/sslr-xpath/1.20/sslr-xpath-1.20.pom
Download https://jcenter.bintray.com/org/picocontainer/picocontainer/2.14.1/picocontainer-2.14.1.pom
Download https://jcenter.bintray.com/org/picocontainer/picocontainer-parent/2.14.1/picocontainer-parent-2.14.1.pom
Download https://jcenter.bintray.com/org/codehaus/codehaus-parent/3/codehaus-parent-3.pom
Download https://jcenter.bintray.com/org/slf4j/slf4j-api/1.5.6/slf4j-api-1.5.6.pom
Download https://jcenter.bintray.com/org/slf4j/slf4j-parent/1.5.6/slf4j-parent-1.5.6.pom
Download https://jcenter.bintray.com/org/slf4j/jcl-over-slf4j/1.5.6/jcl-over-slf4j-1.5.6.pom
Download https://jcenter.bintray.com/org/sonarsource/sslr/sslr-toolkit/1.21/sslr-toolkit-1.21.pom
Download https://jcenter.bintray.com/org/easytesting/fest-assert/1.4/fest-assert-1.4.pom
Download https://jcenter.bintray.com/org/easytesting/fest/1.0.8/fest-1.0.8.pom
Download https://jcenter.bintray.com/org/hamcrest/hamcrest-all/1.1/hamcrest-all-1.1.pom
Download https://jcenter.bintray.com/org/hamcrest/hamcrest-parent/1.1/hamcrest-parent-1.1.pom
Download https://jcenter.bintray.com/junit/junit/4.10/junit-4.10.pom
Download https://jcenter.bintray.com/ch/qos/logback/logback-core/0.9.30/logback-core-0.9.30.pom
Download https://jcenter.bintray.com/jfree/jcommon/1.0.12/jcommon-1.0.12.pom
Download https://jcenter.bintray.com/javax/xml/stream/stax-api/1.0-2/stax-api-1.0-2.pom
Download https://jcenter.bintray.com/jaxen/jaxen/1.1.4/jaxen-1.1.4.pom
Download https://jcenter.bintray.com/org/sonarsource/sslr/sslr-xpath/1.21/sslr-xpath-1.21.pom
Download https://jcenter.bintray.com/org/codehaus/sonar/sonar-colorizer/3.7/sonar-colorizer-3.7.pom
Download https://jcenter.bintray.com/org/codehaus/sonar/sonar/3.7/sonar-3.7.pom
Download https://jcenter.bintray.com/org/easytesting/fest-util/1.1.6/fest-util-1.1.6.pom
Download https://jcenter.bintray.com/org/hamcrest/hamcrest-core/1.1/hamcrest-core-1.1.pom
Download https://jcenter.bintray.com/org/codehaus/sonar/sonar-channel/3.7/sonar-channel-3.7.pom
Download https://jcenter.bintray.com/org/apache/maven/maven-project/2.2.0/maven-project-2.2.0.pom
Download https://jcenter.bintray.com/org/apache/maven/maven/2.2.0/maven-2.2.0.pom
Download https://jcenter.bintray.com/org/apache/maven/maven-parent/11/maven-parent-11.pom
Download https://jcenter.bintray.com/org/apache/apache/5/apache-5.pom
Download https://jcenter.bintray.com/org/apache/maven/maven-settings/2.2.0/maven-settings-2.2.0.pom
Download https://jcenter.bintray.com/org/apache/maven/maven-profile/2.2.0/maven-profile-2.2.0.pom
Download https://jcenter.bintray.com/org/apache/maven/maven-model/2.2.0/maven-model-2.2.0.pom
Download https://jcenter.bintray.com/org/apache/maven/maven-artifact-manager/2.2.0/maven-artifact-manager-2.2.0.pom
Download https://jcenter.bintray.com/org/apache/maven/maven-plugin-registry/2.2.0/maven-plugin-registry-2.2.0.pom
Download https://jcenter.bintray.com/org/codehaus/plexus/plexus-interpolation/1.11/plexus-interpolation-1.11.pom
Download https://jcenter.bintray.com/org/codehaus/plexus/plexus-components/1.1.14/plexus-components-1.1.14.pom
Download https://jcenter.bintray.com/org/codehaus/plexus/plexus-utils/1.5.15/plexus-utils-1.5.15.pom
Download https://jcenter.bintray.com/org/apache/maven/maven-artifact/2.2.0/maven-artifact-2.2.0.pom
Download https://jcenter.bintray.com/org/apache/maven/maven-repository-metadata/2.2.0/maven-repository-metadata-2.2.0.pom
Download https://jcenter.bintray.com/org/apache/maven/wagon/wagon-provider-api/1.0-beta-6/wagon-provider-api-1.0-beta-6.pom
Download https://jcenter.bintray.com/org/apache/maven/wagon/wagon/1.0-beta-6/wagon-1.0-beta-6.pom
Download https://jcenter.bintray.com/backport-util-concurrent/backport-util-concurrent/3.1/backport-util-concurrent-3.1.pom
Download https://jcenter.bintray.com/classworlds/classworlds/1.1-alpha-2/classworlds-1.1-alpha-2.pom
Download https://jcenter.bintray.com/org/codehaus/sonar/sonar-check-api/4.5.2/sonar-check-api-4.5.2.pom
Download https://jcenter.bintray.com/org/codehaus/sonar/sonar-duplications/4.5.2/sonar-duplications-4.5.2.pom
Download https://jcenter.bintray.com/org/codehaus/sonar/sonar-graph/4.5.2/sonar-graph-4.5.2.pom
Download https://jcenter.bintray.com/org/codehaus/sonar/sonar-squid/4.1/sonar-squid-4.1.pom
Download https://jcenter.bintray.com/org/codehaus/sonar/sonar/4.1/sonar-4.1.pom
Download https://jcenter.bintray.com/org/hibernate/hibernate-annotations/3.4.0.GA/hibernate-annotations-3.4.0.GA.pom
Download https://jcenter.bintray.com/commons-configuration/commons-configuration/1.6/commons-configuration-1.6.pom
Download https://jcenter.bintray.com/org/slf4j/log4j-over-slf4j/1.7.5/log4j-over-slf4j-1.7.5.pom
Download https://jcenter.bintray.com/org/slf4j/slf4j-parent/1.7.5/slf4j-parent-1.7.5.pom
Download https://jcenter.bintray.com/xpp3/xpp3/1.1.3.3/xpp3-1.1.3.3.pom
Download https://jcenter.bintray.com/org/hibernate/ejb3-persistence/1.0.2.GA/ejb3-persistence-1.0.2.GA.pom
Download https://jcenter.bintray.com/org/hibernate/hibernate-commons-annotations/3.1.0.GA/hibernate-commons-annotations-3.1.0.GA.pom
Download https://jcenter.bintray.com/dom4j/dom4j/1.6.1/dom4j-1.6.1.pom
Download https://jcenter.bintray.com/commons-collections/commons-collections/3.2.1/commons-collections-3.2.1.pom
Download https://jcenter.bintray.com/xml-apis/xml-apis/1.0.b2/xml-apis-1.0.b2.pom
Download https://jcenter.bintray.com/org/slf4j/slf4j-api/1.7.5/slf4j-api-1.7.5.pom
Download https://jcenter.bintray.com/org/codehaus/sonar/sonar-colorizer/4.5.2/sonar-colorizer-4.5.2.pom
Download https://jcenter.bintray.com/org/slf4j/jcl-over-slf4j/1.7.5/jcl-over-slf4j-1.7.5.pom
Download https://jcenter.bintray.com/org/codehaus/sonar/sonar-channel/4.1/sonar-channel-4.1.pom
Download https://jcenter.bintray.com/org/picocontainer/picocontainer/2.14.3/picocontainer-2.14.3.pom
Download https://jcenter.bintray.com/org/picocontainer/picocontainer-parent/2.14.3/picocontainer-parent-2.14.3.pom
Download https://jcenter.bintray.com/org/sonarsource/java/sonar-java-plugin/4.2/sonar-java-plugin-4.2.jar
Download https://jcenter.bintray.com/org/sonarsource/javascript/sonar-javascript-plugin/2.15/sonar-javascript-plugin-2.15.jar
Download https://jcenter.bintray.com/org/sonarsource/php/sonar-php-plugin/2.8/sonar-php-plugin-2.8.jar
Download https://jcenter.bintray.com/org/sonarsource/python/sonar-python-plugin/1.6/sonar-python-plugin-1.6.jar
Download https://jcenter.bintray.com/org/sonarsource/java/java-surefire/4.2/java-surefire-4.2.jar
Download https://jcenter.bintray.com/org/sonarsource/java/java-jacoco/4.2/java-jacoco-4.2.jar
Download https://jcenter.bintray.com/org/sonarsource/java/java-frontend/4.2/java-frontend-4.2.jar
Download https://jcenter.bintray.com/org/sonarsource/java/java-checks/4.2/java-checks-4.2.jar
Download https://jcenter.bintray.com/com/google/code/gson/gson/2.6.2/gson-2.6.2.jar
Download https://jcenter.bintray.com/org/sonarsource/javascript/javascript-frontend/2.15/javascript-frontend-2.15.jar
Download https://jcenter.bintray.com/org/sonarsource/javascript/javascript-checks/2.15/javascript-checks-2.15.jar
Download https://jcenter.bintray.com/org/sonarsource/php/php-frontend/2.8/php-frontend-2.8.jar
Download https://jcenter.bintray.com/org/sonarsource/php/php-checks/2.8/php-checks-2.8.jar
Download https://jcenter.bintray.com/org/codehaus/sonar/sonar-deprecated/4.5.2/sonar-deprecated-4.5.2.jar
Download https://jcenter.bintray.com/org/sonarsource/python/python-squid/1.6/python-squid-1.6.jar
Download https://jcenter.bintray.com/org/sonarsource/python/python-checks/1.6/python-checks-1.6.jar
Download https://jcenter.bintray.com/org/jacoco/org.jacoco.core/0.7.5.201505241946/org.jacoco.core-0.7.5.201505241946.jar
Download https://jcenter.bintray.com/org/sonarsource/java/java-jacoco-previous/4.2/java-jacoco-previous-4.2.jar
Download https://jcenter.bintray.com/org/sonarsource/sonarqube/sonar-plugin-api/5.6/sonar-plugin-api-5.6.jar
Download https://jcenter.bintray.com/org/sonarsource/sslr/sslr-core/1.21/sslr-core-1.21.jar
Download https://jcenter.bintray.com/org/sonarsource/sslr-squid-bridge/sslr-squid-bridge/2.6.1/sslr-squid-bridge-2.6.1.jar
Download https://jcenter.bintray.com/com/google/guava/guava/19.0/guava-19.0.jar
Download https://jcenter.bintray.com/org/sonarsource/java/java-maven-model/4.2/java-maven-model-4.2.jar
Download https://jcenter.bintray.com/org/ow2/asm/asm-debug-all/5.0.3/asm-debug-all-5.0.3.jar
Download https://jcenter.bintray.com/org/sonarsource/sslr/sslr-testing-harness/1.21/sslr-testing-harness-1.21.jar
Download https://jcenter.bintray.com/org/mockito/mockito-all/1.9.0/mockito-all-1.9.0.jar
Download https://jcenter.bintray.com/ch/qos/logback/logback-classic/0.9.30/logback-classic-0.9.30.jar
Download https://jcenter.bintray.com/org/codehaus/sonar/sonar-plugin-api/4.5.2/sonar-plugin-api-4.5.2.jar
Download https://jcenter.bintray.com/jfree/jfreechart/1.0.9/jfreechart-1.0.9.jar
Download https://jcenter.bintray.com/commons-io/commons-io/2.5/commons-io-2.5.jar
Download https://jcenter.bintray.com/org/codehaus/woodstox/woodstox-core-lgpl/4.4.0/woodstox-core-lgpl-4.4.0.jar
Download https://jcenter.bintray.com/org/codehaus/woodstox/stax2-api/3.1.4/stax2-api-3.1.4.jar
Download https://jcenter.bintray.com/org/codehaus/staxmate/staxmate/2.0.1/staxmate-2.0.1.jar
Download https://jcenter.bintray.com/com/google/code/findbugs/jsr305/1.3.9/jsr305-1.3.9.jar
Download https://jcenter.bintray.com/cglib/cglib-nodep/3.1/cglib-nodep-3.1.jar
Download https://jcenter.bintray.com/org/codehaus/sonar/sslr/sslr-core/1.20/sslr-core-1.20.jar
Download https://jcenter.bintray.com/org/codehaus/sonar/sslr/sslr-xpath/1.20/sslr-xpath-1.20.jar
Download https://jcenter.bintray.com/org/sonarsource/sslr/sslr-toolkit/1.21/sslr-toolkit-1.21.jar
Download https://jcenter.bintray.com/org/easytesting/fest-assert/1.4/fest-assert-1.4.jar
Download https://jcenter.bintray.com/org/hamcrest/hamcrest-all/1.1/hamcrest-all-1.1.jar
Download https://jcenter.bintray.com/junit/junit/4.10/junit-4.10.jar
Download https://jcenter.bintray.com/ch/qos/logback/logback-core/0.9.30/logback-core-0.9.30.jar
Download https://jcenter.bintray.com/jfree/jcommon/1.0.12/jcommon-1.0.12.jar
Download https://jcenter.bintray.com/javax/xml/stream/stax-api/1.0-2/stax-api-1.0-2.jar
Download https://jcenter.bintray.com/jaxen/jaxen/1.1.4/jaxen-1.1.4.jar
Download https://jcenter.bintray.com/org/sonarsource/sslr/sslr-xpath/1.21/sslr-xpath-1.21.jar
Download https://jcenter.bintray.com/org/easytesting/fest-util/1.1.6/fest-util-1.1.6.jar
Download https://jcenter.bintray.com/org/hamcrest/hamcrest-core/1.1/hamcrest-core-1.1.jar
Download https://jcenter.bintray.com/org/apache/maven/maven-project/2.2.0/maven-project-2.2.0.jar
Download https://jcenter.bintray.com/org/apache/maven/maven-settings/2.2.0/maven-settings-2.2.0.jar
Download https://jcenter.bintray.com/org/apache/maven/maven-profile/2.2.0/maven-profile-2.2.0.jar
Download https://jcenter.bintray.com/org/apache/maven/maven-model/2.2.0/maven-model-2.2.0.jar
Download https://jcenter.bintray.com/org/apache/maven/maven-artifact-manager/2.2.0/maven-artifact-manager-2.2.0.jar
Download https://jcenter.bintray.com/org/apache/maven/maven-plugin-registry/2.2.0/maven-plugin-registry-2.2.0.jar
Download https://jcenter.bintray.com/org/codehaus/plexus/plexus-interpolation/1.11/plexus-interpolation-1.11.jar
Download https://jcenter.bintray.com/org/codehaus/plexus/plexus-utils/1.5.15/plexus-utils-1.5.15.jar
Download https://jcenter.bintray.com/org/apache/maven/maven-artifact/2.2.0/maven-artifact-2.2.0.jar
Download https://jcenter.bintray.com/org/codehaus/plexus/plexus-container-default/1.0-alpha-9-stable-1/plexus-container-default-1.0-alpha-9-stable-1.jar
Download https://jcenter.bintray.com/org/apache/maven/maven-repository-metadata/2.2.0/maven-repository-metadata-2.2.0.jar
Download https://jcenter.bintray.com/org/apache/maven/wagon/wagon-provider-api/1.0-beta-6/wagon-provider-api-1.0-beta-6.jar
Download https://jcenter.bintray.com/backport-util-concurrent/backport-util-concurrent/3.1/backport-util-concurrent-3.1.jar
Download https://jcenter.bintray.com/classworlds/classworlds/1.1-alpha-2/classworlds-1.1-alpha-2.jar
Download https://jcenter.bintray.com/org/codehaus/sonar/sonar-check-api/4.5.2/sonar-check-api-4.5.2.jar
Download https://jcenter.bintray.com/org/codehaus/sonar/sonar-duplications/4.5.2/sonar-duplications-4.5.2.jar
Download https://jcenter.bintray.com/org/codehaus/sonar/sonar-graph/4.5.2/sonar-graph-4.5.2.jar
Download https://jcenter.bintray.com/org/codehaus/sonar/sonar-squid/4.1/sonar-squid-4.1.jar
Download https://jcenter.bintray.com/org/hibernate/hibernate-annotations/3.4.0.GA/hibernate-annotations-3.4.0.GA.jar
Download https://jcenter.bintray.com/commons-configuration/commons-configuration/1.6/commons-configuration-1.6.jar
Download https://jcenter.bintray.com/org/slf4j/log4j-over-slf4j/1.7.5/log4j-over-slf4j-1.7.5.jar
Download https://jcenter.bintray.com/xpp3/xpp3/1.1.3.3/xpp3-1.1.3.3.jar
Download https://jcenter.bintray.com/org/hibernate/ejb3-persistence/1.0.2.GA/ejb3-persistence-1.0.2.GA.jar
Download https://jcenter.bintray.com/org/hibernate/hibernate-commons-annotations/3.1.0.GA/hibernate-commons-annotations-3.1.0.GA.jar
Download https://jcenter.bintray.com/dom4j/dom4j/1.6.1/dom4j-1.6.1.jar
Download https://jcenter.bintray.com/commons-collections/commons-collections/3.2.1/commons-collections-3.2.1.jar
Download https://jcenter.bintray.com/xml-apis/xml-apis/1.0.b2/xml-apis-1.0.b2.jar
Download https://jcenter.bintray.com/org/slf4j/slf4j-api/1.7.5/slf4j-api-1.7.5.jar
Download https://jcenter.bintray.com/org/codehaus/sonar/sonar-colorizer/4.5.2/sonar-colorizer-4.5.2.jar
Download https://jcenter.bintray.com/org/slf4j/jcl-over-slf4j/1.7.5/jcl-over-slf4j-1.7.5.jar
Download https://jcenter.bintray.com/org/codehaus/sonar/sonar-channel/4.1/sonar-channel-4.1.jar
Download https://jcenter.bintray.com/org/picocontainer/picocontainer/2.14.3/picocontainer-2.14.3.jar
:updateSQPlugins
:buildPlugin
:licenseMain
Unknown file extension: src/main/resources/plugins/sonar-javascript-plugin-2.15.jar
Unknown file extension: src/main/resources/images/severity/minor.png
Unknown file extension: src/main/resources/images/ico-sonarlint-32.png
Unknown file extension: src/main/resources/images/onde-sonar-13.png
Unknown file extension: src/main/resources/images/severity/blocker.png
Unknown file extension: src/main/resources/images/ico-sonarlint-13.png
Unknown file extension: src/main/resources/images/issue_annotation.png
Unknown file extension: src/main/resources/images/severity/critical.png
Unknown file extension: src/main/resources/plugins/sonar-python-plugin-1.6.jar
Unknown file extension: src/main/resources/images/severity/info.png
Unknown file extension: src/main/resources/plugins/sonar-php-plugin-2.8.jar
Unknown file extension: src/main/resources/images/ico-sonarlint-16.png
Unknown file extension: src/main/resources/plugins/sonar-java-plugin-4.2.jar
Unknown file extension: src/main/resources/images/suspend.png
Unknown file extension: src/main/resources/images/severity/major.png
Unknown file extension: src/main/resources/images/sonarqube-48x200.png
Unknown file extension: src/main/resources/images/execute.png
Unknown file extension: src/main/resources/images/clean.png
Unknown file extension: src/main/resources/images/externalToolsSmall.png
Unknown file extension: src/main/resources/images/onde-sonar-16-execute.png
Unknown file extension: src/main/resources/images/onde-sonar-16.png
:licenseMain UP-TO-DATE
:licenseTest UP-TO-DATE
:license UP-TO-DATE
:processTestResources UP-TO-DATE
:compileTestJava
Download https://jcenter.bintray.com/junit/junit/4.11/junit-4.11.pom
Download https://jcenter.bintray.com/org/assertj/assertj-core/2.2.0/assertj-core-2.2.0.pom
Download https://jcenter.bintray.com/org/assertj/assertj-parent-pom/1.3.6/assertj-parent-pom-1.3.6.pom
Download https://jcenter.bintray.com/org/mockito/mockito-core/1.10.19/mockito-core-1.10.19.pom
Download https://jcenter.bintray.com/org/hamcrest/hamcrest-core/1.3/hamcrest-core-1.3.pom
Download https://jcenter.bintray.com/org/hamcrest/hamcrest-parent/1.3/hamcrest-parent-1.3.pom
Download https://jcenter.bintray.com/org/objenesis/objenesis/2.1/objenesis-2.1.pom
Download https://jcenter.bintray.com/org/objenesis/objenesis-parent/2.1/objenesis-parent-2.1.pom
Download https://jcenter.bintray.com/junit/junit/4.11/junit-4.11.jar
Download https://jcenter.bintray.com/org/assertj/assertj-core/2.2.0/assertj-core-2.2.0.jar
Download https://jcenter.bintray.com/org/mockito/mockito-core/1.10.19/mockito-core-1.10.19.jar
Download https://jcenter.bintray.com/org/hamcrest/hamcrest-core/1.3/hamcrest-core-1.3.jar
Download https://jcenter.bintray.com/org/objenesis/objenesis/2.1/objenesis-2.1.jar
Note: /home/travis/build/passed/SonarSource/sonarlint-intellij/src/test/java/org/sonarlint/intellij/ui/AbstractNodeTest.java uses unchecked or unsafe operations.
Note: Recompile with -Xlint:unchecked for details.
:testClasses
:prepareTestsSandbox
:test
Download https://jcenter.bintray.com/org/jacoco/org.jacoco.agent/0.7.6.201602180812/org.jacoco.agent-0.7.6.201602180812.pom
Download https://jcenter.bintray.com/org/jacoco/org.jacoco.build/0.7.6.201602180812/org.jacoco.build-0.7.6.201602180812.pom
Download https://jcenter.bintray.com/org/jacoco/org.jacoco.agent/0.7.6.201602180812/org.jacoco.agent-0.7.6.201602180812.jar
Java HotSpot(TM) 64-Bit Server VM warning: ignoring option MaxPermSize=250m; support was removed in 8.0
:check

BUILD SUCCESSFUL

Total time: 5 mins 1.353 secs

travis_time:end:004db980:start=1657930564096049593,finish=1657930866393957441,duration=302297907848[0K
[32;1mThe command "./travis.sh" exited with 0.[0m
travis_fold:start:cache.2[0Kstore build cache
travis_time:start:144e33d3[0K
travis_time:end:144e33d3:start=1657930866404036131,finish=1657930866411830051,duration=7793920[0Ktravis_time:start:0afba5ac[0K/home/travis/.casher/bin/casher:190: warning: Insecure world writable dir /home/travis/build/passed/SonarSource/sonarlint-intellij/. in PATH, mode 040777
[32;1mchanges detected, packing new archive[0m
/home/travis/.casher/bin/casher:213:in `cache_archive_name': undefined method `[]' for nil:NilClass (NoMethodError)
	from /home/travis/.casher/bin/casher:143:in `push'
	from /home/travis/.casher/bin/casher:53:in `block in run'
	from /home/travis/.rvm/rubies/ruby-1.9.3-p551/lib/ruby/1.9.1/timeout.rb:69:in `timeout'
	from /home/travis/.casher/bin/casher:53:in `run'
	from /home/travis/.casher/bin/casher:263:in `<main>'
.
.
.
.
.
.
.
.
.
.
.

travis_time:end:0afba5ac:start=1657930866421462683,finish=1657930925266385067,duration=58844922384[0Ktravis_fold:end:cache.2[0K
Done. Your build exited with 0.
