Apache Maven 3.6.3
Maven home: /usr/share/maven
Java version: 1.8.0_342, vendor: Private Build, runtime: /usr/lib/jvm/java-8-openjdk-amd64/jre
Default locale: en_US, platform encoding: UTF-8
OS name: "linux", version: "5.15.0-41-generic", arch: "amd64", family: "unix"
[INFO] Scanning for projects...
[INFO] 
[INFO] -----------------------< com.squareup:javapoet >------------------------
[INFO] Building JavaPoet 1.12.0-SNAPSHOT
[INFO] --------------------------------[ jar ]---------------------------------
[INFO] 
[INFO] --- maven-enforcer-plugin:1.0:enforce (enforce-maven) @ javapoet ---
[INFO] Skipping Rule Enforcement.
[INFO] 
[INFO] --- maven-resources-plugin:2.6:resources (default-resources) @ javapoet ---
[INFO] Using 'UTF-8' encoding to copy filtered resources.
[INFO] skip non existing resourceDirectory /On-the-Reproducibility/section-2/reproducibility-scanner/reproducer/workspace/Bears-245/src/main/resources
[INFO] 
[INFO] --- maven-compiler-plugin:3.8.0:compile (default-compile) @ javapoet ---
[INFO] Nothing to compile - all classes are up to date
[INFO] 
[INFO] --- maven-resources-plugin:2.6:testResources (default-testResources) @ javapoet ---
[INFO] Using 'UTF-8' encoding to copy filtered resources.
[INFO] skip non existing resourceDirectory /On-the-Reproducibility/section-2/reproducibility-scanner/reproducer/workspace/Bears-245/src/test/resources
[INFO] 
[INFO] --- maven-compiler-plugin:3.8.0:testCompile (default-testCompile) @ javapoet ---
[INFO] Nothing to compile - all classes are up to date
[INFO] 
[INFO] --- maven-surefire-plugin:2.12.4:test (default-test) @ javapoet ---
[INFO] Surefire report directory: /On-the-Reproducibility/section-2/reproducibility-scanner/reproducer/workspace/Bears-245/target/surefire-reports

-------------------------------------------------------
 T E S T S
-------------------------------------------------------
Running com.squareup.javapoet.MethodSpecTest
Tests run: 15, Failures: 0, Errors: 0, Skipped: 0, Time elapsed: 0.927 sec
Running com.squareup.javapoet.LineWrapperTest
Tests run: 16, Failures: 0, Errors: 0, Skipped: 0, Time elapsed: 0.002 sec
Running com.squareup.javapoet.ClassNameTest
Tests run: 12, Failures: 0, Errors: 0, Skipped: 0, Time elapsed: 0.842 sec
Running com.squareup.javapoet.AnnotatedTypeNameTest
Tests run: 22, Failures: 0, Errors: 0, Skipped: 0, Time elapsed: 0.013 sec
Running com.squareup.javapoet.UtilTest
Tests run: 2, Failures: 0, Errors: 0, Skipped: 0, Time elapsed: 0 sec
Running com.squareup.javapoet.TypesTest
Tests run: 20, Failures: 0, Errors: 0, Skipped: 0, Time elapsed: 0.327 sec
Running com.squareup.javapoet.JavaFileTest
Tests run: 30, Failures: 0, Errors: 0, Skipped: 1, Time elapsed: 0.047 sec
Running com.squareup.javapoet.TypesEclipseTest
Tests run: 20, Failures: 0, Errors: 0, Skipped: 0, Time elapsed: 3.127 sec
Running com.squareup.javapoet.TypeNameTest
Tests run: 12, Failures: 0, Errors: 0, Skipped: 0, Time elapsed: 0.003 sec
Running com.squareup.javapoet.AnnotationSpecTest
Tests run: 10, Failures: 0, Errors: 0, Skipped: 0, Time elapsed: 0.154 sec
Running com.squareup.javapoet.FieldSpecTest
Tests run: 2, Failures: 0, Errors: 0, Skipped: 0, Time elapsed: 0 sec
Running com.squareup.javapoet.FileReadingTest
Tests run: 5, Failures: 0, Errors: 0, Skipped: 0, Time elapsed: 0.105 sec
Running com.squareup.javapoet.FileWritingTest
Tests run: 11, Failures: 0, Errors: 0, Skipped: 0, Time elapsed: 0.128 sec
Running com.squareup.javapoet.CodeBlockTest
Tests run: 35, Failures: 0, Errors: 0, Skipped: 0, Time elapsed: 0.01 sec
Running com.squareup.javapoet.TypeSpecTest
Tests run: 109, Failures: 0, Errors: 0, Skipped: 0, Time elapsed: 1.043 sec
Running com.squareup.javapoet.NameAllocatorTest
Tests run: 11, Failures: 0, Errors: 0, Skipped: 0, Time elapsed: 0 sec
Running com.squareup.javapoet.ParameterSpecTest
Tests run: 3, Failures: 0, Errors: 0, Skipped: 0, Time elapsed: 0 sec

Results :

Tests run: 335, Failures: 0, Errors: 0, Skipped: 1

[INFO] ------------------------------------------------------------------------
[INFO] BUILD SUCCESS
[INFO] ------------------------------------------------------------------------
[INFO] Total time:  8.583 s
[INFO] Finished at: 2022-08-18T14:37:22-07:00
[INFO] ------------------------------------------------------------------------
Running the tests related to the bug Bears-245...
The tests related to the bug Bears-245 were executed.