Apache Maven 3.6.3
Maven home: /usr/share/maven
Java version: 1.8.0_342, vendor: Private Build, runtime: /usr/lib/jvm/java-8-openjdk-amd64/jre
Default locale: en_US, platform encoding: UTF-8
OS name: "linux", version: "5.15.0-41-generic", arch: "amd64", family: "unix"
[INFO] Scanning for projects...
[INFO] 
[INFO] ---------------------------< org.la4j:la4j >----------------------------
[INFO] Building la4j 0.6.0
[INFO] --------------------------------[ jar ]---------------------------------
[INFO] 
[INFO] --- maven-enforcer-plugin:1.0:enforce (enforce-maven) @ la4j ---
[INFO] Skipping Rule Enforcement.
[INFO] 
[INFO] --- maven-resources-plugin:2.6:resources (default-resources) @ la4j ---
[INFO] Using 'UTF-8' encoding to copy filtered resources.
[INFO] skip non existing resourceDirectory /On-the-Reproducibility/section-2/reproducibility-scanner/reproducer/workspace/Bears-250/src/main/resources
[INFO] 
[INFO] --- maven-compiler-plugin:2.5.1:compile (default-compile) @ la4j ---
[INFO] Nothing to compile - all classes are up to date
[INFO] 
[INFO] --- maven-resources-plugin:2.6:testResources (default-testResources) @ la4j ---
[INFO] Using 'UTF-8' encoding to copy filtered resources.
[INFO] skip non existing resourceDirectory /On-the-Reproducibility/section-2/reproducibility-scanner/reproducer/workspace/Bears-250/src/test/resources
[INFO] 
[INFO] --- maven-compiler-plugin:2.5.1:testCompile (default-testCompile) @ la4j ---
[INFO] Nothing to compile - all classes are up to date
[INFO] 
[INFO] --- maven-surefire-plugin:2.12.4:test (default-test) @ la4j ---
[INFO] Surefire report directory: /On-the-Reproducibility/section-2/reproducibility-scanner/reproducer/workspace/Bears-250/target/surefire-reports

-------------------------------------------------------
 T E S T S
-------------------------------------------------------
Running org.la4j.matrix.sparse.CCSMatrixTest
Tests run: 151, Failures: 0, Errors: 0, Skipped: 0, Time elapsed: 0.233 sec
Running org.la4j.matrix.sparse.CRSMatrixTest
Tests run: 151, Failures: 0, Errors: 0, Skipped: 0, Time elapsed: 0.092 sec
Running org.la4j.matrix.dense.Basic1DMatrixTest
Tests run: 138, Failures: 0, Errors: 0, Skipped: 0, Time elapsed: 0.022 sec
Running org.la4j.matrix.dense.Basic2DMatrixTest
Tests run: 138, Failures: 0, Errors: 0, Skipped: 0, Time elapsed: 0.018 sec
Running org.la4j.linear.JacobiSolverTest
Tests run: 6, Failures: 0, Errors: 0, Skipped: 0, Time elapsed: 0.017 sec
Running org.la4j.linear.LeastSquaresSolverTest
Tests run: 11, Failures: 0, Errors: 0, Skipped: 0, Time elapsed: 0.006 sec
Running org.la4j.linear.SeidelSolverTest
Tests run: 6, Failures: 0, Errors: 0, Skipped: 0, Time elapsed: 0.009 sec
Running org.la4j.linear.SweepSolverTest
Tests run: 4, Failures: 0, Errors: 0, Skipped: 0, Time elapsed: 0.002 sec
Running org.la4j.linear.GaussianSolverTest
Tests run: 5, Failures: 0, Errors: 0, Skipped: 0, Time elapsed: 0.006 sec
Running org.la4j.linear.ForwardBackSubstitutionSolverTest
Tests run: 7, Failures: 0, Errors: 0, Skipped: 0, Time elapsed: 0.005 sec
Running org.la4j.linear.SquareRootSolverTest
Tests run: 6, Failures: 0, Errors: 0, Skipped: 0, Time elapsed: 0.001 sec
Running org.la4j.vector.sparse.CompressedVectorTest
Tests run: 78, Failures: 0, Errors: 0, Skipped: 0, Time elapsed: 0.021 sec
Running org.la4j.vector.dense.BasicVectorTest
Tests run: 65, Failures: 0, Errors: 0, Skipped: 0, Time elapsed: 0.006 sec
Running org.la4j.inversion.GaussJordanInverterTest
Tests run: 6, Failures: 0, Errors: 0, Skipped: 0, Time elapsed: 7.928 sec
Running org.la4j.inversion.NoPivotGaussInverterTest
Tests run: 6, Failures: 0, Errors: 0, Skipped: 0, Time elapsed: 0.407 sec
Running org.la4j.decomposition.CholeskyDecompositorTest
Tests run: 5, Failures: 0, Errors: 0, Skipped: 0, Time elapsed: 0.004 sec
Running org.la4j.decomposition.EigenDecompositorTest
Tests run: 15, Failures: 0, Errors: 0, Skipped: 0, Time elapsed: 0.495 sec
Running org.la4j.decomposition.LUDecompositorTest
Tests run: 7, Failures: 0, Errors: 0, Skipped: 0, Time elapsed: 0.001 sec
Running org.la4j.decomposition.QRDecompositorTest
Tests run: 8, Failures: 0, Errors: 0, Skipped: 0, Time elapsed: 0.001 sec
Running org.la4j.decomposition.SingularValueDecompositorTest
Tests run: 6, Failures: 0, Errors: 0, Skipped: 0, Time elapsed: 0.003 sec

Results :

Tests run: 819, Failures: 0, Errors: 0, Skipped: 0

[INFO] ------------------------------------------------------------------------
[INFO] BUILD SUCCESS
[INFO] ------------------------------------------------------------------------
[INFO] Total time:  10.917 s
[INFO] Finished at: 2022-08-18T14:40:05-07:00
[INFO] ------------------------------------------------------------------------
Running the tests related to the bug Bears-250...
The tests related to the bug Bears-250 were executed.