Apache Maven 3.6.3
Maven home: /usr/share/maven
Java version: 1.8.0_342, vendor: Private Build, runtime: /usr/lib/jvm/java-8-openjdk-amd64/jre
Default locale: en_US, platform encoding: UTF-8
OS name: "linux", version: "5.15.0-41-generic", arch: "amd64", family: "unix"
[INFO] Scanning for projects...
[WARNING] 
[WARNING] Some problems were encountered while building the effective model for edu.colostate.cs.cs414.warewolves:warewolves-chad:jar:1.0
[WARNING] 'build.plugins.plugin.version' for org.apache.maven.plugins:maven-compiler-plugin is missing. @ line 27, column 15
[WARNING] 
[WARNING] It is highly recommended to fix these problems because they threaten the stability of your build.
[WARNING] 
[WARNING] For this reason, future Maven versions might no longer support building such malformed projects.
[WARNING] 
[INFO] 
[INFO] ---------< edu.colostate.cs.cs414.warewolves:warewolves-chad >----------
[INFO] Building Chad 1.0
[INFO] --------------------------------[ jar ]---------------------------------
[INFO] 
[INFO] --- maven-resources-plugin:2.6:resources (default-resources) @ warewolves-chad ---
[INFO] Using 'UTF-8' encoding to copy filtered resources.
[INFO] skip non existing resourceDirectory /On-the-Reproducibility/section-2/reproducibility-scanner/reproducer/workspace/Bears-204/src/main/resources
[INFO] 
[INFO] --- maven-compiler-plugin:3.1:compile (default-compile) @ warewolves-chad ---
[INFO] Nothing to compile - all classes are up to date
[INFO] 
[INFO] --- maven-resources-plugin:2.6:testResources (default-testResources) @ warewolves-chad ---
[INFO] Using 'UTF-8' encoding to copy filtered resources.
[INFO] skip non existing resourceDirectory /On-the-Reproducibility/section-2/reproducibility-scanner/reproducer/workspace/Bears-204/src/test/resources
[INFO] 
[INFO] --- maven-compiler-plugin:3.1:testCompile (default-testCompile) @ warewolves-chad ---
[INFO] Nothing to compile - all classes are up to date
[INFO] 
[INFO] --- maven-surefire-plugin:2.21.0:test (default-test) @ warewolves-chad ---
[INFO] 
[INFO] -------------------------------------------------------
[INFO]  T E S T S
[INFO] -------------------------------------------------------
[INFO] Running client.presenter.controller.util.HashPasswordsTest
[INFO] Tests run: 2, Failures: 0, Errors: 0, Skipped: 0, Time elapsed: 0.007 s - in client.presenter.controller.util.HashPasswordsTest
[INFO] Running client.presenter.controller.util.ViewMessageFactoryTest
[INFO] Tests run: 22, Failures: 0, Errors: 0, Skipped: 0, Time elapsed: 0.058 s - in client.presenter.controller.util.ViewMessageFactoryTest
[INFO] Running client.presenter.controller.messages.UnregisterMessageTest
[INFO] Tests run: 6, Failures: 0, Errors: 0, Skipped: 0, Time elapsed: 0.001 s - in client.presenter.controller.messages.UnregisterMessageTest
[INFO] Running client.presenter.controller.messages.MovePieceMessageTest
[INFO] Tests run: 7, Failures: 0, Errors: 0, Skipped: 0, Time elapsed: 0.001 s - in client.presenter.controller.messages.MovePieceMessageTest
[INFO] Running client.presenter.controller.messages.UnregisterResponseMessageTest
[INFO] Tests run: 3, Failures: 0, Errors: 0, Skipped: 0, Time elapsed: 0.001 s - in client.presenter.controller.messages.UnregisterResponseMessageTest
[INFO] Running client.presenter.controller.messages.ViewValidMovesTest
[INFO] Tests run: 5, Failures: 0, Errors: 0, Skipped: 0, Time elapsed: 0.001 s - in client.presenter.controller.messages.ViewValidMovesTest
[INFO] Running client.presenter.controller.messages.MenuMessageTest
[INFO] Tests run: 9, Failures: 0, Errors: 0, Skipped: 0, Time elapsed: 0.008 s - in client.presenter.controller.messages.MenuMessageTest
[INFO] Running client.presenter.controller.messages.MovePieceResponseTest
[INFO] Tests run: 2, Failures: 0, Errors: 0, Skipped: 0, Time elapsed: 0 s - in client.presenter.controller.messages.MovePieceResponseTest
[INFO] Running client.presenter.controller.messages.LoginResponseMessageTest
[INFO] Tests run: 3, Failures: 0, Errors: 0, Skipped: 0, Time elapsed: 0.001 s - in client.presenter.controller.messages.LoginResponseMessageTest
[INFO] Running client.presenter.controller.messages.RegisterResponseMessageTest
[INFO] Tests run: 3, Failures: 0, Errors: 0, Skipped: 0, Time elapsed: 0.001 s - in client.presenter.controller.messages.RegisterResponseMessageTest
[INFO] Running client.presenter.controller.messages.RegisterMessageTest
[INFO] Tests run: 6, Failures: 0, Errors: 0, Skipped: 0, Time elapsed: 0.001 s - in client.presenter.controller.messages.RegisterMessageTest
[INFO] Running client.presenter.controller.messages.ViewValidMovesResponseTest
[INFO] Tests run: 2, Failures: 0, Errors: 0, Skipped: 0, Time elapsed: 0 s - in client.presenter.controller.messages.ViewValidMovesResponseTest
[INFO] Running client.presenter.controller.messages.LoginMessageTest
[INFO] Tests run: 5, Failures: 0, Errors: 0, Skipped: 0, Time elapsed: 0.002 s - in client.presenter.controller.messages.LoginMessageTest
[INFO] Running client.presenter.controller.messages.MenuMessageResponseTest
[INFO] Tests run: 3, Failures: 0, Errors: 0, Skipped: 0, Time elapsed: 0.001 s - in client.presenter.controller.messages.MenuMessageResponseTest
[INFO] Running client.presenter.network.messages.GameInfoTest
[INFO] Tests run: 2, Failures: 0, Errors: 0, Skipped: 0, Time elapsed: 0.002 s - in client.presenter.network.messages.GameInfoTest
[INFO] Running client.presenter.network.messages.GameRequestTest
[INFO] Tests run: 2, Failures: 0, Errors: 0, Skipped: 0, Time elapsed: 0.001 s - in client.presenter.network.messages.GameRequestTest
[INFO] Running client.presenter.network.messages.LogoutTest
[INFO] Tests run: 2, Failures: 0, Errors: 0, Skipped: 0, Time elapsed: 0 s - in client.presenter.network.messages.LogoutTest
[INFO] Running client.presenter.network.messages.UnregisterTest
[INFO] Tests run: 2, Failures: 0, Errors: 0, Skipped: 0, Time elapsed: 0 s - in client.presenter.network.messages.UnregisterTest
[INFO] Running client.presenter.network.messages.ResignTest
[INFO] Tests run: 2, Failures: 0, Errors: 0, Skipped: 0, Time elapsed: 0 s - in client.presenter.network.messages.ResignTest
[INFO] Running client.presenter.network.messages.InviteRequestTest
[INFO] Tests run: 2, Failures: 0, Errors: 0, Skipped: 0, Time elapsed: 0 s - in client.presenter.network.messages.InviteRequestTest
[INFO] Running client.presenter.network.messages.InviteResponseTest
[INFO] Tests run: 2, Failures: 0, Errors: 0, Skipped: 0, Time elapsed: 0 s - in client.presenter.network.messages.InviteResponseTest
[INFO] Running client.presenter.network.messages.InboxRequestTest
[INFO] Tests run: 2, Failures: 0, Errors: 0, Skipped: 0, Time elapsed: 0.001 s - in client.presenter.network.messages.InboxRequestTest
[INFO] Running client.presenter.network.messages.ActiveGameRequestTest
[INFO] Tests run: 2, Failures: 0, Errors: 0, Skipped: 0, Time elapsed: 0.001 s - in client.presenter.network.messages.ActiveGameRequestTest
[INFO] Running client.presenter.network.messages.RegisterResponseTest
[INFO] Tests run: 2, Failures: 0, Errors: 0, Skipped: 0, Time elapsed: 0 s - in client.presenter.network.messages.RegisterResponseTest
[INFO] Running client.presenter.network.messages.LoginResponseTest
[INFO] Tests run: 2, Failures: 0, Errors: 0, Skipped: 0, Time elapsed: 0.001 s - in client.presenter.network.messages.LoginResponseTest
[INFO] Running client.presenter.network.messages.MoveTest
[INFO] Tests run: 2, Failures: 0, Errors: 0, Skipped: 0, Time elapsed: 0 s - in client.presenter.network.messages.MoveTest
[INFO] Running client.presenter.network.messages.LoginTest
[INFO] Tests run: 2, Failures: 0, Errors: 0, Skipped: 0, Time elapsed: 0.001 s - in client.presenter.network.messages.LoginTest
[INFO] Running client.presenter.network.messages.ActiveGameResponseTest
[INFO] Tests run: 2, Failures: 0, Errors: 0, Skipped: 0, Time elapsed: 0.001 s - in client.presenter.network.messages.ActiveGameResponseTest
[INFO] Running client.presenter.network.messages.RegisterTest
[INFO] Tests run: 2, Failures: 0, Errors: 0, Skipped: 0, Time elapsed: 0 s - in client.presenter.network.messages.RegisterTest
[INFO] Running client.presenter.network.messages.InboxResponseTest
[INFO] Tests run: 2, Failures: 0, Errors: 0, Skipped: 0, Time elapsed: 0 s - in client.presenter.network.messages.InboxResponseTest
[INFO] Running client.game.PointTest
[INFO] Tests run: 5, Failures: 0, Errors: 0, Skipped: 0, Time elapsed: 0 s - in client.game.PointTest
[INFO] Running client.game.GameTest
[INFO] Tests run: 4, Failures: 0, Errors: 0, Skipped: 0, Time elapsed: 0 s - in client.game.GameTest
[INFO] Running client.game.GameBoardTest
[INFO] Tests run: 42, Failures: 0, Errors: 0, Skipped: 0, Time elapsed: 0.06 s - in client.game.GameBoardTest
[INFO] Running client.game.pieces.KingTest
[INFO] Tests run: 12, Failures: 0, Errors: 0, Skipped: 0, Time elapsed: 0.016 s - in client.game.pieces.KingTest
[INFO] Running client.game.pieces.QueenTest
[INFO] Tests run: 12, Failures: 0, Errors: 0, Skipped: 0, Time elapsed: 0.016 s - in client.game.pieces.QueenTest
[INFO] Running client.game.pieces.RookTest
[INFO] Tests run: 17, Failures: 0, Errors: 0, Skipped: 0, Time elapsed: 0.02 s - in client.game.pieces.RookTest
[INFO] 
[INFO] Results:
[INFO] 
[INFO] Tests run: 202, Failures: 0, Errors: 0, Skipped: 0
[INFO] 
[INFO] ------------------------------------------------------------------------
[INFO] BUILD SUCCESS
[INFO] ------------------------------------------------------------------------
[INFO] Total time:  3.209 s
[INFO] Finished at: 2022-08-18T12:53:50-07:00
[INFO] ------------------------------------------------------------------------
Running the tests related to the bug Bears-204...
The tests related to the bug Bears-204 were executed.