Apache Maven 3.6.3
Maven home: /usr/share/maven
Java version: 1.8.0_342, vendor: Private Build, runtime: /usr/lib/jvm/java-8-openjdk-amd64/jre
Default locale: en_US, platform encoding: UTF-8
OS name: "linux", version: "5.15.0-41-generic", arch: "amd64", family: "unix"
[INFO] Scanning for projects...
[ERROR] [ERROR] Some problems were encountered while processing the POMs:
[ERROR] Non-resolvable import POM: Failure to find io.vertx:vertx-dependencies:pom:3.6.0-SNAPSHOT in https://oss.sonatype.org/content/repositories/snapshots was cached in the local repository, resolution will not be reattempted until the update interval of sonatype-nexus-snapshots has elapsed or updates are forced @ line 22, column 19
[ERROR] 'dependencies.dependency.version' for io.vertx:vertx-sql-common:jar is missing. @ line 34, column 17
[ERROR] 'dependencies.dependency.version' for io.vertx:vertx-codegen:jar is missing. @ line 38, column 17
[ERROR] 'dependencies.dependency.version' for io.vertx:vertx-docgen:jar is missing. @ line 44, column 17
[ERROR] 'dependencies.dependency.version' for io.vertx:vertx-core:test-jar is missing. @ line 94, column 17
 @ 
[ERROR] The build could not read 1 project -> [Help 1]
[ERROR]   
[ERROR]   The project io.vertx:vertx-jdbc-client:3.6.0-SNAPSHOT (/On-the-Reproducibility/section-2/reproducibility-scanner/reproducer/workspace/Bears-247/pom.xml) has 5 errors
[ERROR]     Non-resolvable import POM: Failure to find io.vertx:vertx-dependencies:pom:3.6.0-SNAPSHOT in https://oss.sonatype.org/content/repositories/snapshots was cached in the local repository, resolution will not be reattempted until the update interval of sonatype-nexus-snapshots has elapsed or updates are forced @ line 22, column 19 -> [Help 2]
[ERROR]     'dependencies.dependency.version' for io.vertx:vertx-sql-common:jar is missing. @ line 34, column 17
[ERROR]     'dependencies.dependency.version' for io.vertx:vertx-codegen:jar is missing. @ line 38, column 17
[ERROR]     'dependencies.dependency.version' for io.vertx:vertx-docgen:jar is missing. @ line 44, column 17
[ERROR]     'dependencies.dependency.version' for io.vertx:vertx-core:test-jar is missing. @ line 94, column 17
[ERROR] 
[ERROR] To see the full stack trace of the errors, re-run Maven with the -e switch.
[ERROR] Re-run Maven using the -X switch to enable full debug logging.
[ERROR] 
[ERROR] For more information about the errors and possible solutions, please read the following articles:
[ERROR] [Help 1] http://cwiki.apache.org/confluence/display/MAVEN/ProjectBuildingException
[ERROR] [Help 2] http://cwiki.apache.org/confluence/display/MAVEN/UnresolvableModelException
Running the tests related to the bug Bears-247...
The tests related to the bug Bears-247 were executed.