[INFO] Scanning for projects...
[WARNING] 
[WARNING] Some problems were encountered while building the effective model for org.apache.wicket:wicket:jar:1.4-SNAPSHOT
[WARNING] 'build.plugins.plugin.version' for org.apache.maven.plugins:maven-clover-plugin is missing. @ org.apache.wicket:wicket:[unknown-version], /data-depot/user/Workspace/Reproducibility/Reproducibility-Scanner/benchmarks/bugs-dot-jar/wicket/wicket/pom.xml, line 52, column 12
[WARNING] 'build.plugins.plugin.version' for org.codehaus.mojo:surefire-report-maven-plugin is missing. @ org.apache.wicket:wicket-parent:1.4-SNAPSHOT, /data-depot/user/Workspace/Reproducibility/Reproducibility-Scanner/benchmarks/bugs-dot-jar/wicket/pom.xml, line 531, column 12
[WARNING] The expression ${pom.artifactId} is deprecated. Please use ${project.artifactId} instead.
[WARNING] 
[WARNING] Some problems were encountered while building the effective model for org.apache.wicket:wicket-datetime:jar:1.4-SNAPSHOT
[WARNING] 'build.plugins.plugin.version' for org.codehaus.mojo:surefire-report-maven-plugin is missing. @ org.apache.wicket:wicket-parent:1.4-SNAPSHOT, /data-depot/user/Workspace/Reproducibility/Reproducibility-Scanner/benchmarks/bugs-dot-jar/wicket/pom.xml, line 531, column 12
[WARNING] The expression ${pom.artifactId} is deprecated. Please use ${project.artifactId} instead.
[WARNING] 
[WARNING] Some problems were encountered while building the effective model for org.apache.wicket:wicket-extensions:jar:1.4-SNAPSHOT
[WARNING] 'build.plugins.plugin.version' for org.codehaus.mojo:surefire-report-maven-plugin is missing. @ org.apache.wicket:wicket-parent:1.4-SNAPSHOT, /data-depot/user/Workspace/Reproducibility/Reproducibility-Scanner/benchmarks/bugs-dot-jar/wicket/pom.xml, line 531, column 12
[WARNING] The expression ${pom.artifactId} is deprecated. Please use ${project.artifactId} instead.
[WARNING] 
[WARNING] Some problems were encountered while building the effective model for org.apache.wicket:wicket-ioc:jar:1.4-SNAPSHOT
[WARNING] 'build.plugins.plugin.version' for org.codehaus.mojo:surefire-report-maven-plugin is missing. @ org.apache.wicket:wicket-parent:1.4-SNAPSHOT, /data-depot/user/Workspace/Reproducibility/Reproducibility-Scanner/benchmarks/bugs-dot-jar/wicket/pom.xml, line 531, column 12
[WARNING] The expression ${pom.artifactId} is deprecated. Please use ${project.artifactId} instead.
[WARNING] 
[WARNING] Some problems were encountered while building the effective model for org.apache.wicket:wicket-spring:jar:1.4-SNAPSHOT
[WARNING] 'build.plugins.plugin.version' for org.codehaus.mojo:surefire-report-maven-plugin is missing. @ org.apache.wicket:wicket-parent:1.4-SNAPSHOT, /data-depot/user/Workspace/Reproducibility/Reproducibility-Scanner/benchmarks/bugs-dot-jar/wicket/pom.xml, line 531, column 12
[WARNING] The expression ${pom.artifactId} is deprecated. Please use ${project.artifactId} instead.
[WARNING] 
[WARNING] Some problems were encountered while building the effective model for org.apache.wicket:wicket-velocity:jar:1.4-SNAPSHOT
[WARNING] 'build.plugins.plugin.version' for org.codehaus.mojo:surefire-report-maven-plugin is missing. @ org.apache.wicket:wicket-parent:1.4-SNAPSHOT, /data-depot/user/Workspace/Reproducibility/Reproducibility-Scanner/benchmarks/bugs-dot-jar/wicket/pom.xml, line 531, column 12
[WARNING] The expression ${pom.artifactId} is deprecated. Please use ${project.artifactId} instead.
[WARNING] 
[WARNING] Some problems were encountered while building the effective model for org.apache.wicket:wicket-auth-roles:jar:1.4-SNAPSHOT
[WARNING] 'build.plugins.plugin.version' for org.codehaus.mojo:surefire-report-maven-plugin is missing. @ org.apache.wicket:wicket-parent:1.4-SNAPSHOT, /data-depot/user/Workspace/Reproducibility/Reproducibility-Scanner/benchmarks/bugs-dot-jar/wicket/pom.xml, line 531, column 12
[WARNING] The expression ${pom.artifactId} is deprecated. Please use ${project.artifactId} instead.
[WARNING] 
[WARNING] Some problems were encountered while building the effective model for org.apache.wicket:wicket-guice:jar:1.4-SNAPSHOT
[WARNING] 'build.plugins.plugin.version' for org.codehaus.mojo:surefire-report-maven-plugin is missing. @ org.apache.wicket:wicket-parent:1.4-SNAPSHOT, /data-depot/user/Workspace/Reproducibility/Reproducibility-Scanner/benchmarks/bugs-dot-jar/wicket/pom.xml, line 531, column 12
[WARNING] The expression ${pom.artifactId} is deprecated. Please use ${project.artifactId} instead.
[WARNING] 
[WARNING] Some problems were encountered while building the effective model for org.apache.wicket:wicket-jmx:jar:1.4-SNAPSHOT
[WARNING] 'build.plugins.plugin.version' for org.codehaus.mojo:surefire-report-maven-plugin is missing. @ org.apache.wicket:wicket-parent:1.4-SNAPSHOT, /data-depot/user/Workspace/Reproducibility/Reproducibility-Scanner/benchmarks/bugs-dot-jar/wicket/pom.xml, line 531, column 12
[WARNING] The expression ${pom.artifactId} is deprecated. Please use ${project.artifactId} instead.
[WARNING] 
[WARNING] Some problems were encountered while building the effective model for org.apache.wicket:wicket-objectsizeof-agent:jar:1.4-SNAPSHOT
[WARNING] 'build.plugins.plugin.version' for org.codehaus.mojo:surefire-report-maven-plugin is missing. @ org.apache.wicket:wicket-parent:1.4-SNAPSHOT, /data-depot/user/Workspace/Reproducibility/Reproducibility-Scanner/benchmarks/bugs-dot-jar/wicket/pom.xml, line 531, column 12
[WARNING] The expression ${pom.artifactId} is deprecated. Please use ${project.artifactId} instead.
[WARNING] 
[WARNING] Some problems were encountered while building the effective model for org.apache.wicket:wicket-examples:war:1.4-SNAPSHOT
[WARNING] 'build.plugins.plugin.version' for org.codehaus.mojo:surefire-report-maven-plugin is missing. @ org.apache.wicket:wicket-parent:1.4-SNAPSHOT, /data-depot/user/Workspace/Reproducibility/Reproducibility-Scanner/benchmarks/bugs-dot-jar/wicket/pom.xml, line 531, column 12
[WARNING] The expression ${pom.artifactId} is deprecated. Please use ${project.artifactId} instead.
[WARNING] 
[WARNING] Some problems were encountered while building the effective model for org.apache.wicket:wicket-archetype-quickstart:maven-plugin:1.4-SNAPSHOT
[WARNING] 'build.plugins.plugin.version' for org.codehaus.mojo:surefire-report-maven-plugin is missing. @ org.apache.wicket:wicket-parent:1.4-SNAPSHOT, /data-depot/user/Workspace/Reproducibility/Reproducibility-Scanner/benchmarks/bugs-dot-jar/wicket/pom.xml, line 531, column 12
[WARNING] The expression ${pom.artifactId} is deprecated. Please use ${project.artifactId} instead.
[WARNING] 
[WARNING] Some problems were encountered while building the effective model for org.apache.wicket:wicket-threadtest:jar:1.4-SNAPSHOT
[WARNING] 'build.plugins.plugin.version' for org.codehaus.mojo:surefire-report-maven-plugin is missing. @ org.apache.wicket:wicket-parent:1.4-SNAPSHOT, /data-depot/user/Workspace/Reproducibility/Reproducibility-Scanner/benchmarks/bugs-dot-jar/wicket/pom.xml, line 531, column 12
[WARNING] The expression ${pom.artifactId} is deprecated. Please use ${project.artifactId} instead.
[WARNING] 
[WARNING] Some problems were encountered while building the effective model for org.apache.wicket:wicket-parent:pom:1.4-SNAPSHOT
[WARNING] 'build.plugins.plugin.version' for org.codehaus.mojo:surefire-report-maven-plugin is missing. @ line 531, column 12
[WARNING] The expression ${pom.artifactId} is deprecated. Please use ${project.artifactId} instead.
[WARNING] 
[WARNING] It is highly recommended to fix these problems because they threaten the stability of your build.
[WARNING] 
[WARNING] For this reason, future Maven versions might no longer support building such malformed projects.
[WARNING] 
[INFO] ------------------------------------------------------------------------
[INFO] Reactor Build Order:
[INFO] 
[INFO] Wicket Parent                                                      [pom]
[INFO] Wicket                                                             [jar]
[INFO] Wicket Date/Time                                                   [jar]
[INFO] Wicket Extensions                                                  [jar]
[INFO] Wicket IoC common code                                             [jar]
[INFO] Wicket Spring Integration                                          [jar]
[INFO] Wicket Velocity                                                    [jar]
[INFO] Wicket Auth Roles                                                  [jar]
[INFO] Wicket Guice Integration                                           [jar]
[INFO] Wicket JMX                                                         [jar]
[INFO] Wicket Objects Sizeof Agent                                        [jar]
[INFO] Wicket Examples                                                    [war]
[INFO] Wicket Quickstart Archetype                               [maven-plugin]
[INFO] Wicket Thread Test                                                 [jar]
[INFO] 
[INFO] ------------------< org.apache.wicket:wicket-parent >-------------------
[INFO] Building Wicket Parent 1.4-SNAPSHOT                               [1/14]
[INFO] --------------------------------[ pom ]---------------------------------
[INFO] 
[INFO] --- maven-bundle-plugin:1.4.3:manifest (bundle-manifest) @ wicket-parent ---
[WARNING] Ignoring project type pom - supportedProjectTypes = [jar, bundle]
[INFO] 
[INFO] >>> maven-source-plugin:2.0.4:jar (attach-sources) > generate-sources @ wicket-parent >>>
[INFO] 
[INFO] <<< maven-source-plugin:2.0.4:jar (attach-sources) < generate-sources @ wicket-parent <<<
[INFO] 
[INFO] 
[INFO] --- maven-source-plugin:2.0.4:jar (attach-sources) @ wicket-parent ---
[INFO] 
[INFO] --- maven-jar-plugin:2.2:test-jar (default) @ wicket-parent ---
[WARNING] JAR will be empty - no content was marked for inclusion!
[INFO] Building jar: /data-depot/user/Workspace/Reproducibility/Reproducibility-Scanner/benchmarks/bugs-dot-jar/wicket/target/wicket-parent-1.4-SNAPSHOT-tests.jar
[INFO] 
[INFO] --- maven-install-plugin:2.4:install (default-install) @ wicket-parent ---
[INFO] Installing /data-depot/user/Workspace/Reproducibility/Reproducibility-Scanner/benchmarks/bugs-dot-jar/wicket/pom.xml to /home/user/.m2/repository/org/apache/wicket/wicket-parent/1.4-SNAPSHOT/wicket-parent-1.4-SNAPSHOT.pom
[INFO] Installing /data-depot/user/Workspace/Reproducibility/Reproducibility-Scanner/benchmarks/bugs-dot-jar/wicket/target/wicket-parent-1.4-SNAPSHOT-tests.jar to /home/user/.m2/repository/org/apache/wicket/wicket-parent/1.4-SNAPSHOT/wicket-parent-1.4-SNAPSHOT-tests.jar
[INFO] 
[INFO] ----------------------< org.apache.wicket:wicket >----------------------
[INFO] Building Wicket 1.4-SNAPSHOT                                      [2/14]
[INFO] --------------------------------[ jar ]---------------------------------
[INFO] 
[INFO] --- maven-resources-plugin:2.6:resources (default-resources) @ wicket ---
[WARNING] Using platform encoding (UTF-8 actually) to copy filtered resources, i.e. build is platform dependent!
[INFO] Copying 136 resources
[INFO] Copying 1 resource
[INFO] 
[INFO] --- maven-compiler-plugin:3.1:compile (default-compile) @ wicket ---
[INFO] Changes detected - recompiling the module!
[WARNING] File encoding has not been set, using platform encoding UTF-8, i.e. build is platform dependent!
[INFO] Compiling 774 source files to /data-depot/user/Workspace/Reproducibility/Reproducibility-Scanner/benchmarks/bugs-dot-jar/wicket/wicket/target/classes
[INFO] -------------------------------------------------------------
[WARNING] COMPILATION WARNING : 
[INFO] -------------------------------------------------------------
[WARNING] /data-depot/user/Workspace/Reproducibility/Reproducibility-Scanner/benchmarks/bugs-dot-jar/wicket/wicket/src/main/java/org/apache/wicket/util/io/ClassStreamHandler.java:[38,16] sun.misc.Unsafe is internal proprietary API and may be removed in a future release
[WARNING] /data-depot/user/Workspace/Reproducibility/Reproducibility-Scanner/benchmarks/bugs-dot-jar/wicket/wicket/src/main/java/org/apache/wicket/util/io/ClassStreamHandler.java:[39,19] sun.reflect.ReflectionFactory is internal proprietary API and may be removed in a future release
[WARNING] /data-depot/user/Workspace/Reproducibility/Reproducibility-Scanner/benchmarks/bugs-dot-jar/wicket/wicket/src/main/java/org/apache/wicket/util/io/ClassStreamHandler.java:[52,24] sun.misc.Unsafe is internal proprietary API and may be removed in a future release
[WARNING] /data-depot/user/Workspace/Reproducibility/Reproducibility-Scanner/benchmarks/bugs-dot-jar/wicket/wicket/src/main/java/org/apache/wicket/util/io/ClassStreamHandler.java:[66,51] sun.misc.Unsafe is internal proprietary API and may be removed in a future release
[WARNING] /data-depot/user/Workspace/Reproducibility/Reproducibility-Scanner/benchmarks/bugs-dot-jar/wicket/wicket/src/main/java/org/apache/wicket/util/io/ClassStreamHandler.java:[78,30] sun.reflect.ReflectionFactory is internal proprietary API and may be removed in a future release
[WARNING] /data-depot/user/Workspace/Reproducibility/Reproducibility-Scanner/benchmarks/bugs-dot-jar/wicket/wicket/src/main/java/org/apache/wicket/util/io/ClassStreamHandler.java:[78,63] sun.reflect.ReflectionFactory is internal proprietary API and may be removed in a future release
[WARNING] /data-depot/user/Workspace/Reproducibility/Reproducibility-Scanner/benchmarks/bugs-dot-jar/wicket/wicket/src/main/java/org/apache/wicket/util/io/ClassStreamHandler.java:[78,115] sun.reflect.ReflectionFactory is internal proprietary API and may be removed in a future release
[WARNING] /data-depot/user/Workspace/Reproducibility/Reproducibility-Scanner/benchmarks/bugs-dot-jar/wicket/wicket/src/main/java/org/apache/wicket/markup/html/resources/CompressedPackageResourceReference.java: Some input files use or override a deprecated API.
[WARNING] /data-depot/user/Workspace/Reproducibility/Reproducibility-Scanner/benchmarks/bugs-dot-jar/wicket/wicket/src/main/java/org/apache/wicket/markup/html/resources/CompressedPackageResourceReference.java: Recompile with -Xlint:deprecation for details.
[WARNING] /data-depot/user/Workspace/Reproducibility/Reproducibility-Scanner/benchmarks/bugs-dot-jar/wicket/wicket/src/main/java/org/apache/wicket/util/value/ValueMap.java: Some input files use unchecked or unsafe operations.
[WARNING] /data-depot/user/Workspace/Reproducibility/Reproducibility-Scanner/benchmarks/bugs-dot-jar/wicket/wicket/src/main/java/org/apache/wicket/util/value/ValueMap.java: Recompile with -Xlint:unchecked for details.
[INFO] 11 warnings 
[INFO] -------------------------------------------------------------
[INFO] -------------------------------------------------------------
[ERROR] COMPILATION ERROR : 
[INFO] -------------------------------------------------------------
[ERROR] /data-depot/user/Workspace/Reproducibility/Reproducibility-Scanner/benchmarks/bugs-dot-jar/wicket/wicket/src/main/java/org/apache/wicket/util/value/ValueMap.java:[772,35] incompatible types: inference variable T has incompatible upper bounds java.lang.Enum<T>,T
[ERROR] /data-depot/user/Workspace/Reproducibility/Reproducibility-Scanner/benchmarks/bugs-dot-jar/wicket/wicket/src/main/java/org/apache/wicket/util/io/ClassStreamHandler.java:[548,74] incompatible types: java.lang.reflect.Constructor<capture#1 of ?> cannot be converted to java.lang.reflect.Constructor<? super T>
[INFO] 2 errors 
[INFO] -------------------------------------------------------------
[INFO] 
[INFO] -----------------< org.apache.wicket:wicket-datetime >------------------
[INFO] Building Wicket Date/Time 1.4-SNAPSHOT                            [3/14]
[INFO] --------------------------------[ jar ]---------------------------------
[INFO] 
[INFO] ----------------< org.apache.wicket:wicket-extensions >-----------------
[INFO] Building Wicket Extensions 1.4-SNAPSHOT                           [4/14]
[INFO] --------------------------------[ jar ]---------------------------------
[INFO] 
[INFO] --------------------< org.apache.wicket:wicket-ioc >--------------------
[INFO] Building Wicket IoC common code 1.4-SNAPSHOT                      [5/14]
[INFO] --------------------------------[ jar ]---------------------------------
[INFO] 
[INFO] ------------------< org.apache.wicket:wicket-spring >-------------------
[INFO] Building Wicket Spring Integration 1.4-SNAPSHOT                   [6/14]
[INFO] --------------------------------[ jar ]---------------------------------
[INFO] 
[INFO] -----------------< org.apache.wicket:wicket-velocity >------------------
[INFO] Building Wicket Velocity 1.4-SNAPSHOT                             [7/14]
[INFO] --------------------------------[ jar ]---------------------------------
[INFO] 
[INFO] ----------------< org.apache.wicket:wicket-auth-roles >-----------------
[INFO] Building Wicket Auth Roles 1.4-SNAPSHOT                           [8/14]
[INFO] --------------------------------[ jar ]---------------------------------
[INFO] 
[INFO] -------------------< org.apache.wicket:wicket-guice >-------------------
[INFO] Building Wicket Guice Integration 1.4-SNAPSHOT                    [9/14]
[INFO] --------------------------------[ jar ]---------------------------------
[INFO] 
[INFO] --------------------< org.apache.wicket:wicket-jmx >--------------------
[INFO] Building Wicket JMX 1.4-SNAPSHOT                                 [10/14]
[INFO] --------------------------------[ jar ]---------------------------------
[INFO] 
[INFO] ------------< org.apache.wicket:wicket-objectsizeof-agent >-------------
[INFO] Building Wicket Objects Sizeof Agent 1.4-SNAPSHOT                [11/14]
[INFO] --------------------------------[ jar ]---------------------------------
[INFO] 
[INFO] -----------------< org.apache.wicket:wicket-examples >------------------
[INFO] Building Wicket Examples 1.4-SNAPSHOT                            [12/14]
[INFO] --------------------------------[ war ]---------------------------------
[INFO] 
[INFO] -----------< org.apache.wicket:wicket-archetype-quickstart >------------
[INFO] Building Wicket Quickstart Archetype 1.4-SNAPSHOT                [13/14]
[INFO] ----------------------------[ maven-plugin ]----------------------------
[INFO] 
[INFO] --- maven-resources-plugin:2.6:resources (default-resources) @ wicket-archetype-quickstart ---
[WARNING] Using platform encoding (UTF-8 actually) to copy filtered resources, i.e. build is platform dependent!
[INFO] Copying 9 resources
[INFO] 
[INFO] --- maven-compiler-plugin:3.1:compile (default-compile) @ wicket-archetype-quickstart ---
[INFO] No sources to compile
[INFO] 
[INFO] --- maven-plugin-plugin:3.2:descriptor (default-descriptor) @ wicket-archetype-quickstart ---
[WARNING] Using platform encoding (UTF-8 actually) to read mojo metadata, i.e. build is platform dependent!
[INFO] Applying mojo extractor for language: java
[INFO] Mojo extractor for language: java found 0 mojo descriptors.
[INFO] Applying mojo extractor for language: bsh
[INFO] Mojo extractor for language: bsh found 0 mojo descriptors.
[INFO] Applying mojo extractor for language: java-annotations
[INFO] Mojo extractor for language: java-annotations found 0 mojo descriptors.
[INFO] 
[INFO] ----------------< org.apache.wicket:wicket-threadtest >-----------------
[INFO] Building Wicket Thread Test 1.4-SNAPSHOT                         [14/14]
[INFO] --------------------------------[ jar ]---------------------------------
[INFO] ------------------------------------------------------------------------
[INFO] Reactor Summary:
[INFO] 
[INFO] Wicket Parent 1.4-SNAPSHOT ......................... SUCCESS [  0.494 s]
[INFO] Wicket ............................................. FAILURE [  3.149 s]
[INFO] Wicket Date/Time ................................... FAILURE [  0.015 s]
[INFO] Wicket Extensions .................................. FAILURE [  0.004 s]
[INFO] Wicket IoC common code ............................. FAILURE [  0.006 s]
[INFO] Wicket Spring Integration .......................... FAILURE [  0.008 s]
[INFO] Wicket Velocity .................................... FAILURE [  0.006 s]
[INFO] Wicket Auth Roles .................................. FAILURE [  0.005 s]
[INFO] Wicket Guice Integration ........................... FAILURE [  0.005 s]
[INFO] Wicket JMX ......................................... FAILURE [  0.005 s]
[INFO] Wicket Objects Sizeof Agent ........................ FAILURE [  0.004 s]
[INFO] Wicket Examples .................................... FAILURE [  0.004 s]
[INFO] Wicket Quickstart Archetype ........................ FAILURE [  0.356 s]
[INFO] Wicket Thread Test 1.4-SNAPSHOT .................... FAILURE [  0.016 s]
[INFO] ------------------------------------------------------------------------
[INFO] BUILD FAILURE
[INFO] ------------------------------------------------------------------------
[INFO] Total time: 4.406 s
[INFO] Finished at: 2022-07-16T04:45:53-07:00
[INFO] ------------------------------------------------------------------------
[ERROR] Failed to execute goal org.apache.maven.plugins:maven-compiler-plugin:3.1:compile (default-compile) on project wicket: Compilation failure: Compilation failure: 
[ERROR] /data-depot/user/Workspace/Reproducibility/Reproducibility-Scanner/benchmarks/bugs-dot-jar/wicket/wicket/src/main/java/org/apache/wicket/util/value/ValueMap.java:[772,35] incompatible types: inference variable T has incompatible upper bounds java.lang.Enum<T>,T
[ERROR] /data-depot/user/Workspace/Reproducibility/Reproducibility-Scanner/benchmarks/bugs-dot-jar/wicket/wicket/src/main/java/org/apache/wicket/util/io/ClassStreamHandler.java:[548,74] incompatible types: java.lang.reflect.Constructor<capture#1 of ?> cannot be converted to java.lang.reflect.Constructor<? super T>
[ERROR] -> [Help 1]
[ERROR] Failed to execute goal on project wicket-datetime: Could not resolve dependencies for project org.apache.wicket:wicket-datetime:jar:1.4-SNAPSHOT: Could not find artifact org.apache.wicket:wicket:jar:1.4-SNAPSHOT -> [Help 2]
[ERROR] Failed to execute goal on project wicket-extensions: Could not resolve dependencies for project org.apache.wicket:wicket-extensions:jar:1.4-SNAPSHOT: The following artifacts could not be resolved: org.apache.wicket:wicket:jar:1.4-SNAPSHOT, org.apache.wicket:wicket:jar:tests:1.4-SNAPSHOT: Could not find artifact org.apache.wicket:wicket:jar:1.4-SNAPSHOT -> [Help 2]
[ERROR] Failed to execute goal on project wicket-ioc: Could not resolve dependencies for project org.apache.wicket:wicket-ioc:jar:1.4-SNAPSHOT: Could not find artifact org.apache.wicket:wicket:jar:1.4-SNAPSHOT -> [Help 2]
[ERROR] Failed to execute goal on project wicket-spring: Could not resolve dependencies for project org.apache.wicket:wicket-spring:jar:1.4-SNAPSHOT: The following artifacts could not be resolved: org.apache.wicket:wicket:jar:1.4-SNAPSHOT, org.apache.wicket:wicket-ioc:jar:1.4-SNAPSHOT: Could not find artifact org.apache.wicket:wicket:jar:1.4-SNAPSHOT -> [Help 2]
[ERROR] Failed to execute goal on project wicket-velocity: Could not resolve dependencies for project org.apache.wicket:wicket-velocity:jar:1.4-SNAPSHOT: Could not find artifact org.apache.wicket:wicket:jar:1.4-SNAPSHOT -> [Help 2]
[ERROR] Failed to execute goal on project wicket-auth-roles: Could not resolve dependencies for project org.apache.wicket:wicket-auth-roles:jar:1.4-SNAPSHOT: Could not find artifact org.apache.wicket:wicket:jar:1.4-SNAPSHOT -> [Help 2]
[ERROR] Failed to execute goal on project wicket-guice: Could not resolve dependencies for project org.apache.wicket:wicket-guice:jar:1.4-SNAPSHOT: The following artifacts could not be resolved: org.apache.wicket:wicket:jar:1.4-SNAPSHOT, org.apache.wicket:wicket-ioc:jar:1.4-SNAPSHOT: Could not find artifact org.apache.wicket:wicket:jar:1.4-SNAPSHOT -> [Help 2]
[ERROR] Failed to execute goal on project wicket-jmx: Could not resolve dependencies for project org.apache.wicket:wicket-jmx:jar:1.4-SNAPSHOT: Could not find artifact org.apache.wicket:wicket:jar:1.4-SNAPSHOT -> [Help 2]
[ERROR] Failed to execute goal on project wicket-objectsizeof-agent: Could not resolve dependencies for project org.apache.wicket:wicket-objectsizeof-agent:jar:1.4-SNAPSHOT: Could not find artifact org.apache.wicket:wicket:jar:1.4-SNAPSHOT -> [Help 2]
[ERROR] Failed to parse plugin descriptor for org.apache.maven.plugins:maven-javadoc-plugin:2.5 (/home/user/.m2/repository/org/apache/maven/plugins/maven-javadoc-plugin/2.5/maven-javadoc-plugin-2.5.jar): error in opening zip file -> [Help 3]
[ERROR] Failed to execute goal org.apache.maven.plugins:maven-plugin-plugin:3.2:descriptor (default-descriptor) on project wicket-archetype-quickstart: Error extracting plugin descriptor: 'No mojo definitions were found for plugin: org.apache.wicket:wicket-archetype-quickstart.' -> [Help 4]
[ERROR] Failed to execute goal on project wicket-threadtest: Could not resolve dependencies for project org.apache.wicket:wicket-threadtest:jar:1.4-SNAPSHOT: The following artifacts could not be resolved: org.apache.wicket:wicket:jar:1.4-SNAPSHOT, org.apache.wicket:wicket-extensions:jar:1.4-SNAPSHOT: Could not find artifact org.apache.wicket:wicket:jar:1.4-SNAPSHOT -> [Help 2]
[ERROR] 
[ERROR] To see the full stack trace of the errors, re-run Maven with the -e switch.
[ERROR] Re-run Maven using the -X switch to enable full debug logging.
[ERROR] 
[ERROR] For more information about the errors and possible solutions, please read the following articles:
[ERROR] [Help 1] http://cwiki.apache.org/confluence/display/MAVEN/MojoFailureException
[ERROR] [Help 2] http://cwiki.apache.org/confluence/display/MAVEN/DependencyResolutionException
[ERROR] [Help 3] http://cwiki.apache.org/confluence/display/MAVEN/PluginDescriptorParsingException
[ERROR] [Help 4] http://cwiki.apache.org/confluence/display/MAVEN/MojoExecutionException
[ERROR] 
[ERROR] After correcting the problems, you can resume the build with the command
[ERROR]   mvn <goals> -rf :wicket
[INFO] Build failures were ignored.
[INFO] Scanning for projects...
[WARNING] 
[WARNING] Some problems were encountered while building the effective model for org.apache.wicket:wicket:jar:1.4-SNAPSHOT
[WARNING] 'build.plugins.plugin.version' for org.apache.maven.plugins:maven-clover-plugin is missing. @ org.apache.wicket:wicket:[unknown-version], /data-depot/user/Workspace/Reproducibility/Reproducibility-Scanner/benchmarks/bugs-dot-jar/wicket/wicket/pom.xml, line 52, column 12
[WARNING] 'build.plugins.plugin.version' for org.codehaus.mojo:surefire-report-maven-plugin is missing. @ org.apache.wicket:wicket-parent:1.4-SNAPSHOT, /data-depot/user/Workspace/Reproducibility/Reproducibility-Scanner/benchmarks/bugs-dot-jar/wicket/pom.xml, line 531, column 12
[WARNING] The expression ${pom.artifactId} is deprecated. Please use ${project.artifactId} instead.
[WARNING] 
[WARNING] Some problems were encountered while building the effective model for org.apache.wicket:wicket-datetime:jar:1.4-SNAPSHOT
[WARNING] 'build.plugins.plugin.version' for org.codehaus.mojo:surefire-report-maven-plugin is missing. @ org.apache.wicket:wicket-parent:1.4-SNAPSHOT, /data-depot/user/Workspace/Reproducibility/Reproducibility-Scanner/benchmarks/bugs-dot-jar/wicket/pom.xml, line 531, column 12
[WARNING] The expression ${pom.artifactId} is deprecated. Please use ${project.artifactId} instead.
[WARNING] 
[WARNING] Some problems were encountered while building the effective model for org.apache.wicket:wicket-extensions:jar:1.4-SNAPSHOT
[WARNING] 'build.plugins.plugin.version' for org.codehaus.mojo:surefire-report-maven-plugin is missing. @ org.apache.wicket:wicket-parent:1.4-SNAPSHOT, /data-depot/user/Workspace/Reproducibility/Reproducibility-Scanner/benchmarks/bugs-dot-jar/wicket/pom.xml, line 531, column 12
[WARNING] The expression ${pom.artifactId} is deprecated. Please use ${project.artifactId} instead.
[WARNING] 
[WARNING] Some problems were encountered while building the effective model for org.apache.wicket:wicket-ioc:jar:1.4-SNAPSHOT
[WARNING] 'build.plugins.plugin.version' for org.codehaus.mojo:surefire-report-maven-plugin is missing. @ org.apache.wicket:wicket-parent:1.4-SNAPSHOT, /data-depot/user/Workspace/Reproducibility/Reproducibility-Scanner/benchmarks/bugs-dot-jar/wicket/pom.xml, line 531, column 12
[WARNING] The expression ${pom.artifactId} is deprecated. Please use ${project.artifactId} instead.
[WARNING] 
[WARNING] Some problems were encountered while building the effective model for org.apache.wicket:wicket-spring:jar:1.4-SNAPSHOT
[WARNING] 'build.plugins.plugin.version' for org.codehaus.mojo:surefire-report-maven-plugin is missing. @ org.apache.wicket:wicket-parent:1.4-SNAPSHOT, /data-depot/user/Workspace/Reproducibility/Reproducibility-Scanner/benchmarks/bugs-dot-jar/wicket/pom.xml, line 531, column 12
[WARNING] The expression ${pom.artifactId} is deprecated. Please use ${project.artifactId} instead.
[WARNING] 
[WARNING] Some problems were encountered while building the effective model for org.apache.wicket:wicket-velocity:jar:1.4-SNAPSHOT
[WARNING] 'build.plugins.plugin.version' for org.codehaus.mojo:surefire-report-maven-plugin is missing. @ org.apache.wicket:wicket-parent:1.4-SNAPSHOT, /data-depot/user/Workspace/Reproducibility/Reproducibility-Scanner/benchmarks/bugs-dot-jar/wicket/pom.xml, line 531, column 12
[WARNING] The expression ${pom.artifactId} is deprecated. Please use ${project.artifactId} instead.
[WARNING] 
[WARNING] Some problems were encountered while building the effective model for org.apache.wicket:wicket-auth-roles:jar:1.4-SNAPSHOT
[WARNING] 'build.plugins.plugin.version' for org.codehaus.mojo:surefire-report-maven-plugin is missing. @ org.apache.wicket:wicket-parent:1.4-SNAPSHOT, /data-depot/user/Workspace/Reproducibility/Reproducibility-Scanner/benchmarks/bugs-dot-jar/wicket/pom.xml, line 531, column 12
[WARNING] The expression ${pom.artifactId} is deprecated. Please use ${project.artifactId} instead.
[WARNING] 
[WARNING] Some problems were encountered while building the effective model for org.apache.wicket:wicket-guice:jar:1.4-SNAPSHOT
[WARNING] 'build.plugins.plugin.version' for org.codehaus.mojo:surefire-report-maven-plugin is missing. @ org.apache.wicket:wicket-parent:1.4-SNAPSHOT, /data-depot/user/Workspace/Reproducibility/Reproducibility-Scanner/benchmarks/bugs-dot-jar/wicket/pom.xml, line 531, column 12
[WARNING] The expression ${pom.artifactId} is deprecated. Please use ${project.artifactId} instead.
[WARNING] 
[WARNING] Some problems were encountered while building the effective model for org.apache.wicket:wicket-jmx:jar:1.4-SNAPSHOT
[WARNING] 'build.plugins.plugin.version' for org.codehaus.mojo:surefire-report-maven-plugin is missing. @ org.apache.wicket:wicket-parent:1.4-SNAPSHOT, /data-depot/user/Workspace/Reproducibility/Reproducibility-Scanner/benchmarks/bugs-dot-jar/wicket/pom.xml, line 531, column 12
[WARNING] The expression ${pom.artifactId} is deprecated. Please use ${project.artifactId} instead.
[WARNING] 
[WARNING] Some problems were encountered while building the effective model for org.apache.wicket:wicket-objectsizeof-agent:jar:1.4-SNAPSHOT
[WARNING] 'build.plugins.plugin.version' for org.codehaus.mojo:surefire-report-maven-plugin is missing. @ org.apache.wicket:wicket-parent:1.4-SNAPSHOT, /data-depot/user/Workspace/Reproducibility/Reproducibility-Scanner/benchmarks/bugs-dot-jar/wicket/pom.xml, line 531, column 12
[WARNING] The expression ${pom.artifactId} is deprecated. Please use ${project.artifactId} instead.
[WARNING] 
[WARNING] Some problems were encountered while building the effective model for org.apache.wicket:wicket-examples:war:1.4-SNAPSHOT
[WARNING] 'build.plugins.plugin.version' for org.codehaus.mojo:surefire-report-maven-plugin is missing. @ org.apache.wicket:wicket-parent:1.4-SNAPSHOT, /data-depot/user/Workspace/Reproducibility/Reproducibility-Scanner/benchmarks/bugs-dot-jar/wicket/pom.xml, line 531, column 12
[WARNING] The expression ${pom.artifactId} is deprecated. Please use ${project.artifactId} instead.
[WARNING] 
[WARNING] Some problems were encountered while building the effective model for org.apache.wicket:wicket-archetype-quickstart:maven-plugin:1.4-SNAPSHOT
[WARNING] 'build.plugins.plugin.version' for org.codehaus.mojo:surefire-report-maven-plugin is missing. @ org.apache.wicket:wicket-parent:1.4-SNAPSHOT, /data-depot/user/Workspace/Reproducibility/Reproducibility-Scanner/benchmarks/bugs-dot-jar/wicket/pom.xml, line 531, column 12
[WARNING] The expression ${pom.artifactId} is deprecated. Please use ${project.artifactId} instead.
[WARNING] 
[WARNING] Some problems were encountered while building the effective model for org.apache.wicket:wicket-threadtest:jar:1.4-SNAPSHOT
[WARNING] 'build.plugins.plugin.version' for org.codehaus.mojo:surefire-report-maven-plugin is missing. @ org.apache.wicket:wicket-parent:1.4-SNAPSHOT, /data-depot/user/Workspace/Reproducibility/Reproducibility-Scanner/benchmarks/bugs-dot-jar/wicket/pom.xml, line 531, column 12
[WARNING] The expression ${pom.artifactId} is deprecated. Please use ${project.artifactId} instead.
[WARNING] 
[WARNING] Some problems were encountered while building the effective model for org.apache.wicket:wicket-parent:pom:1.4-SNAPSHOT
[WARNING] 'build.plugins.plugin.version' for org.codehaus.mojo:surefire-report-maven-plugin is missing. @ line 531, column 12
[WARNING] The expression ${pom.artifactId} is deprecated. Please use ${project.artifactId} instead.
[WARNING] 
[WARNING] It is highly recommended to fix these problems because they threaten the stability of your build.
[WARNING] 
[WARNING] For this reason, future Maven versions might no longer support building such malformed projects.
[WARNING] 
[INFO] 
[INFO] ----------------------< org.apache.wicket:wicket >----------------------
[INFO] Building Wicket 1.4-SNAPSHOT
[INFO] --------------------------------[ jar ]---------------------------------
[INFO] 
[INFO] --- maven-resources-plugin:2.6:resources (default-resources) @ wicket ---
[WARNING] Using platform encoding (UTF-8 actually) to copy filtered resources, i.e. build is platform dependent!
[INFO] Copying 136 resources
[INFO] Copying 1 resource
[INFO] 
[INFO] --- maven-compiler-plugin:3.1:compile (default-compile) @ wicket ---
[INFO] Changes detected - recompiling the module!
[WARNING] File encoding has not been set, using platform encoding UTF-8, i.e. build is platform dependent!
[INFO] Compiling 774 source files to /data-depot/user/Workspace/Reproducibility/Reproducibility-Scanner/benchmarks/bugs-dot-jar/wicket/wicket/target/classes
[INFO] -------------------------------------------------------------
[WARNING] COMPILATION WARNING : 
[INFO] -------------------------------------------------------------
[WARNING] /data-depot/user/Workspace/Reproducibility/Reproducibility-Scanner/benchmarks/bugs-dot-jar/wicket/wicket/src/main/java/org/apache/wicket/util/io/ClassStreamHandler.java:[38,16] sun.misc.Unsafe is internal proprietary API and may be removed in a future release
[WARNING] /data-depot/user/Workspace/Reproducibility/Reproducibility-Scanner/benchmarks/bugs-dot-jar/wicket/wicket/src/main/java/org/apache/wicket/util/io/ClassStreamHandler.java:[39,19] sun.reflect.ReflectionFactory is internal proprietary API and may be removed in a future release
[WARNING] /data-depot/user/Workspace/Reproducibility/Reproducibility-Scanner/benchmarks/bugs-dot-jar/wicket/wicket/src/main/java/org/apache/wicket/util/io/ClassStreamHandler.java:[52,24] sun.misc.Unsafe is internal proprietary API and may be removed in a future release
[WARNING] /data-depot/user/Workspace/Reproducibility/Reproducibility-Scanner/benchmarks/bugs-dot-jar/wicket/wicket/src/main/java/org/apache/wicket/util/io/ClassStreamHandler.java:[66,51] sun.misc.Unsafe is internal proprietary API and may be removed in a future release
[WARNING] /data-depot/user/Workspace/Reproducibility/Reproducibility-Scanner/benchmarks/bugs-dot-jar/wicket/wicket/src/main/java/org/apache/wicket/util/io/ClassStreamHandler.java:[78,30] sun.reflect.ReflectionFactory is internal proprietary API and may be removed in a future release
[WARNING] /data-depot/user/Workspace/Reproducibility/Reproducibility-Scanner/benchmarks/bugs-dot-jar/wicket/wicket/src/main/java/org/apache/wicket/util/io/ClassStreamHandler.java:[78,63] sun.reflect.ReflectionFactory is internal proprietary API and may be removed in a future release
[WARNING] /data-depot/user/Workspace/Reproducibility/Reproducibility-Scanner/benchmarks/bugs-dot-jar/wicket/wicket/src/main/java/org/apache/wicket/util/io/ClassStreamHandler.java:[78,115] sun.reflect.ReflectionFactory is internal proprietary API and may be removed in a future release
[WARNING] /data-depot/user/Workspace/Reproducibility/Reproducibility-Scanner/benchmarks/bugs-dot-jar/wicket/wicket/src/main/java/org/apache/wicket/markup/html/resources/CompressedPackageResourceReference.java: Some input files use or override a deprecated API.
[WARNING] /data-depot/user/Workspace/Reproducibility/Reproducibility-Scanner/benchmarks/bugs-dot-jar/wicket/wicket/src/main/java/org/apache/wicket/markup/html/resources/CompressedPackageResourceReference.java: Recompile with -Xlint:deprecation for details.
[WARNING] /data-depot/user/Workspace/Reproducibility/Reproducibility-Scanner/benchmarks/bugs-dot-jar/wicket/wicket/src/main/java/org/apache/wicket/util/value/ValueMap.java: Some input files use unchecked or unsafe operations.
[WARNING] /data-depot/user/Workspace/Reproducibility/Reproducibility-Scanner/benchmarks/bugs-dot-jar/wicket/wicket/src/main/java/org/apache/wicket/util/value/ValueMap.java: Recompile with -Xlint:unchecked for details.
[INFO] 11 warnings 
[INFO] -------------------------------------------------------------
[INFO] -------------------------------------------------------------
[ERROR] COMPILATION ERROR : 
[INFO] -------------------------------------------------------------
[ERROR] /data-depot/user/Workspace/Reproducibility/Reproducibility-Scanner/benchmarks/bugs-dot-jar/wicket/wicket/src/main/java/org/apache/wicket/util/value/ValueMap.java:[772,35] incompatible types: inference variable T has incompatible upper bounds java.lang.Enum<T>,T
[ERROR] /data-depot/user/Workspace/Reproducibility/Reproducibility-Scanner/benchmarks/bugs-dot-jar/wicket/wicket/src/main/java/org/apache/wicket/util/io/ClassStreamHandler.java:[548,74] incompatible types: java.lang.reflect.Constructor<capture#1 of ?> cannot be converted to java.lang.reflect.Constructor<? super T>
[INFO] 2 errors 
[INFO] -------------------------------------------------------------
[INFO] ------------------------------------------------------------------------
[INFO] BUILD FAILURE
[INFO] ------------------------------------------------------------------------
[INFO] Total time: 3.776 s
[INFO] Finished at: 2022-07-16T04:45:58-07:00
[INFO] ------------------------------------------------------------------------
[ERROR] Failed to execute goal org.apache.maven.plugins:maven-compiler-plugin:3.1:compile (default-compile) on project wicket: Compilation failure: Compilation failure: 
[ERROR] /data-depot/user/Workspace/Reproducibility/Reproducibility-Scanner/benchmarks/bugs-dot-jar/wicket/wicket/src/main/java/org/apache/wicket/util/value/ValueMap.java:[772,35] incompatible types: inference variable T has incompatible upper bounds java.lang.Enum<T>,T
[ERROR] /data-depot/user/Workspace/Reproducibility/Reproducibility-Scanner/benchmarks/bugs-dot-jar/wicket/wicket/src/main/java/org/apache/wicket/util/io/ClassStreamHandler.java:[548,74] incompatible types: java.lang.reflect.Constructor<capture#1 of ?> cannot be converted to java.lang.reflect.Constructor<? super T>
[ERROR] -> [Help 1]
[ERROR] 
[ERROR] To see the full stack trace of the errors, re-run Maven with the -e switch.
[ERROR] Re-run Maven using the -X switch to enable full debug logging.
[ERROR] 
[ERROR] For more information about the errors and possible solutions, please read the following articles:
[ERROR] [Help 1] http://cwiki.apache.org/confluence/display/MAVEN/MojoFailureException