[INFO] Scanning for projects...
[INFO]                                                                         
[INFO] ------------------------------------------------------------------------
[INFO] Building flink-java 0.9-incubating-SNAPSHOT
[INFO] ------------------------------------------------------------------------
[INFO] 
[INFO] --- maven-checkstyle-plugin:2.12.1:check (validate) @ flink-java ---
[INFO] 
[INFO] 
[INFO] --- maven-enforcer-plugin:1.3.1:enforce (enforce-maven) @ flink-java ---
[INFO] 
[INFO] --- maven-remote-resources-plugin:1.5:process (default) @ flink-java ---
[INFO] 
[INFO] --- maven-resources-plugin:2.6:resources (default-resources) @ flink-java ---
[INFO] Using 'UTF-8' encoding to copy filtered resources.
[INFO] skip non existing resourceDirectory /space/parallel/flink/flink9/dataset/flink/FLINK-1333_63ef8e86a27e068250240a3b76f932ed07758d23/flink-java/src/main/resources
[INFO] Copying 3 resources
[INFO] 
[INFO] --- maven-compiler-plugin:3.1:compile (default-compile) @ flink-java ---
[INFO] Changes detected - recompiling the module!
[INFO] Compiling 219 source files to /space/parallel/flink/flink9/dataset/flink/FLINK-1333_63ef8e86a27e068250240a3b76f932ed07758d23/flink-java/target/classes
[WARNING] /space/parallel/flink/flink9/dataset/flink/FLINK-1333_63ef8e86a27e068250240a3b76f932ed07758d23/flink-java/src/main/java/org/apache/flink/api/java/record/io/DelimitedOutputFormat.java: Some input files use or override a deprecated API.
[WARNING] /space/parallel/flink/flink9/dataset/flink/FLINK-1333_63ef8e86a27e068250240a3b76f932ed07758d23/flink-java/src/main/java/org/apache/flink/api/java/record/io/DelimitedOutputFormat.java: Recompile with -Xlint:deprecation for details.
[WARNING] /space/parallel/flink/flink9/dataset/flink/FLINK-1333_63ef8e86a27e068250240a3b76f932ed07758d23/flink-java/src/main/java/org/apache/flink/api/java/typeutils/TupleTypeInfo.java: Some input files use unchecked or unsafe operations.
[WARNING] /space/parallel/flink/flink9/dataset/flink/FLINK-1333_63ef8e86a27e068250240a3b76f932ed07758d23/flink-java/src/main/java/org/apache/flink/api/java/typeutils/TupleTypeInfo.java: Recompile with -Xlint:unchecked for details.
[INFO] 
[INFO] --- maven-resources-plugin:2.6:testResources (default-testResources) @ flink-java ---
[INFO] Using 'UTF-8' encoding to copy filtered resources.
[INFO] skip non existing resourceDirectory /space/parallel/flink/flink9/dataset/flink/FLINK-1333_63ef8e86a27e068250240a3b76f932ed07758d23/flink-java/src/test/resources
[INFO] Copying 3 resources
[INFO] 
[INFO] --- maven-compiler-plugin:3.1:testCompile (default-testCompile) @ flink-java ---
[INFO] Nothing to compile - all classes are up to date
[INFO] 
[INFO] --- maven-surefire-plugin:2.17:test (default-test) @ flink-java ---
[INFO] Surefire report directory: /space/parallel/flink/flink9/dataset/flink/FLINK-1333_63ef8e86a27e068250240a3b76f932ed07758d23/flink-java/target/surefire-reports

-------------------------------------------------------
 T E S T S
-------------------------------------------------------

-------------------------------------------------------
 T E S T S
-------------------------------------------------------
Running org.apache.flink.api.java.operators.NamesTest
Running org.apache.flink.api.java.operators.translation.CoGroupSortTranslationTest
Running org.apache.flink.api.java.operators.translation.DeltaIterationTranslationTest
Running org.apache.flink.api.java.operators.KeysTest
Running org.apache.flink.api.java.operators.translation.DistrinctTranslationTest
Running org.apache.flink.api.java.operators.translation.AggregateTranslationTest
Running org.apache.flink.api.java.type.extractor.PojoTypeInformationTest
Running org.apache.flink.api.java.type.extractor.TypeExtractorTest
Running org.apache.flink.api.java.type.extractor.PojoTypeExtractionTest
Running org.apache.flink.api.java.type.extractor.TypeExtractorInputFormatsTest
Running org.apache.flink.api.java.functions.SemanticPropUtilTest
Running org.apache.flink.api.java.functions.SemanticPropertiesTranslationTest
Running org.apache.flink.api.java.functions.SemanticPropertiesProjectionTest
Running org.apache.flink.api.java.functions.ClosureCleanerTest
Running org.apache.flink.api.java.functions.SelectByFunctionsTest
Running org.apache.flink.api.java.operator.GroupingTest
Running org.apache.flink.api.java.operator.MinByOperatorTest
Running org.apache.flink.api.java.operator.FirstNOperatorTest
Running org.apache.flink.api.java.operator.CrossOperatorTest
Running org.apache.flink.api.java.operator.ProjectionOperatorTest
Running org.apache.flink.api.java.operator.JoinOperatorTest
Running org.apache.flink.api.java.operator.MaxByOperatorTest
Tests run: 17, Failures: 0, Errors: 0, Skipped: 0, Time elapsed: 0.758 sec - in org.apache.flink.api.java.functions.SemanticPropUtilTest
Running org.apache.flink.api.java.operator.CoGroupOperatorTest
Running org.apache.flink.api.java.operator.AggregateOperatorTest
Tests run: 4, Failures: 0, Errors: 0, Skipped: 0, Time elapsed: 0.943 sec - in org.apache.flink.api.java.type.extractor.TypeExtractorInputFormatsTest
Running org.apache.flink.api.java.operator.DistinctOperatorTest
Tests run: 7, Failures: 0, Errors: 0, Skipped: 0, Time elapsed: 0.245 sec - in org.apache.flink.api.java.operator.DistinctOperatorTest
Running org.apache.flink.api.java.record.ReduceWrappingFunctionTest
Running org.apache.flink.api.java.MultipleInvokationsTest
Tests run: 3, Failures: 0, Errors: 0, Skipped: 0, Time elapsed: 0.639 sec - in org.apache.flink.api.java.operator.ProjectionOperatorTest
Running org.apache.flink.api.java.record.CoGroupWrappingFunctionTest
Tests run: 2, Failures: 0, Errors: 0, Skipped: 0, Time elapsed: 0.62 sec - in org.apache.flink.api.java.operator.AggregateOperatorTest
Running org.apache.flink.api.java.record.io.ExternalProcessFixedLengthInputFormatTest
Tests run: 4, Failures: 0, Errors: 0, Skipped: 0, Time elapsed: 0.358 sec - in org.apache.flink.api.java.record.ReduceWrappingFunctionTest
Running org.apache.flink.api.java.record.io.TextInputFormatTest
Tests run: 2, Failures: 0, Errors: 0, Skipped: 0, Time elapsed: 0.1 sec - in org.apache.flink.api.java.record.io.TextInputFormatTest
Running org.apache.flink.api.java.record.io.FixedLenghtInputFormatTest
Tests run: 3, Failures: 0, Errors: 0, Skipped: 0, Time elapsed: 0.017 sec - in org.apache.flink.api.java.record.io.FixedLenghtInputFormatTest
Running org.apache.flink.api.java.record.io.CsvInputFormatTest
Tests run: 9, Failures: 0, Errors: 0, Skipped: 0, Time elapsed: 1.303 sec - in org.apache.flink.api.java.functions.SelectByFunctionsTest
Running org.apache.flink.api.java.record.io.CsvOutputFormatTest
Tests run: 3, Failures: 0, Errors: 0, Skipped: 0, Time elapsed: 0.431 sec - in org.apache.flink.api.java.record.CoGroupWrappingFunctionTest
Running org.apache.flink.api.java.record.io.ExternalProcessInputFormatTest
Tests run: 8, Failures: 0, Errors: 0, Skipped: 0, Time elapsed: 0.188 sec - in org.apache.flink.api.java.record.io.CsvInputFormatTest
Running org.apache.flink.api.java.typeutils.PojoTypeInfoTest
Tests run: 1, Failures: 0, Errors: 0, Skipped: 0, Time elapsed: 0 sec - in org.apache.flink.api.java.typeutils.PojoTypeInfoTest
Running org.apache.flink.api.java.typeutils.TypeInfoParserTest
Tests run: 4, Failures: 0, Errors: 0, Skipped: 0, Time elapsed: 2.093 sec - in org.apache.flink.api.java.type.extractor.PojoTypeInformationTest
Running org.apache.flink.api.java.typeutils.runtime.AvroGenericTypeSerializerTest
Tests run: 9, Failures: 0, Errors: 0, Skipped: 0, Time elapsed: 0.073 sec - in org.apache.flink.api.java.typeutils.TypeInfoParserTest
Running org.apache.flink.api.java.typeutils.runtime.AvroSerializerEmptyArrayTest
Tests run: 1, Failures: 0, Errors: 0, Skipped: 0, Time elapsed: 2.136 sec - in org.apache.flink.api.java.operators.translation.AggregateTranslationTest
Running org.apache.flink.api.java.typeutils.runtime.WritableSerializerTest
Tests run: 2, Failures: 0, Errors: 0, Skipped: 0, Time elapsed: 2.243 sec - in org.apache.flink.api.java.operators.translation.CoGroupSortTranslationTest
Running org.apache.flink.api.java.typeutils.runtime.TupleComparatorILDXC2Test
Tests run: 5, Failures: 0, Errors: 0, Skipped: 0, Time elapsed: 1.82 sec - in org.apache.flink.api.java.functions.ClosureCleanerTest
Running org.apache.flink.api.java.typeutils.runtime.TupleComparatorISD1Test
Tests run: 10, Failures: 0, Errors: 0, Skipped: 0, Time elapsed: 0.039 sec - in org.apache.flink.api.java.typeutils.runtime.TupleComparatorILDXC2Test
Running org.apache.flink.api.java.typeutils.runtime.GenericPairComparatorTest
Tests run: 2, Failures: 0, Errors: 0, Skipped: 0, Time elapsed: 0.013 sec - in org.apache.flink.api.java.typeutils.runtime.GenericPairComparatorTest
Running org.apache.flink.api.java.typeutils.runtime.TupleComparatorTTT2Test
Tests run: 3, Failures: 0, Errors: 0, Skipped: 0, Time elapsed: 2.418 sec - in org.apache.flink.api.java.operators.NamesTest
Running org.apache.flink.api.java.typeutils.runtime.TupleComparatorILD3Test
Tests run: 10, Failures: 0, Errors: 0, Skipped: 0, Time elapsed: 0.115 sec - in org.apache.flink.api.java.typeutils.runtime.TupleComparatorISD1Test
Running org.apache.flink.api.java.typeutils.runtime.KryoGenericArraySerializerTest
Tests run: 10, Failures: 0, Errors: 0, Skipped: 0, Time elapsed: 0.083 sec - in org.apache.flink.api.java.typeutils.runtime.TupleComparatorTTT2Test
Running org.apache.flink.api.java.typeutils.runtime.AvroGenericTypeComparatorTest
Tests run: 6, Failures: 0, Errors: 0, Skipped: 0, Time elapsed: 2.023 sec - in org.apache.flink.api.java.functions.SemanticPropertiesProjectionTest
Running org.apache.flink.api.java.typeutils.runtime.TupleSerializerTest
Tests run: 4, Failures: 0, Errors: 0, Skipped: 0, Time elapsed: 0.535 sec - in org.apache.flink.api.java.record.io.ExternalProcessInputFormatTest
Running org.apache.flink.api.java.typeutils.runtime.ValueComparatorTest
Tests run: 10, Failures: 0, Errors: 0, Skipped: 0, Time elapsed: 0.098 sec - in org.apache.flink.api.java.typeutils.runtime.TupleComparatorILD3Test
Running org.apache.flink.api.java.typeutils.runtime.TupleComparatorISD2Test
Tests run: 11, Failures: 1, Errors: 0, Skipped: 0, Time elapsed: 2.381 sec <<< FAILURE! - in org.apache.flink.api.java.type.extractor.PojoTypeExtractionTest
testPojoWithGenericFields(org.apache.flink.api.java.type.extractor.PojoTypeExtractionTest)  Time elapsed: 0.055 sec  <<< FAILURE!
java.lang.AssertionError: null
	at org.junit.Assert.fail(Assert.java:86)
	at org.junit.Assert.assertTrue(Assert.java:41)
	at org.junit.Assert.assertTrue(Assert.java:52)
	at org.apache.flink.api.java.type.extractor.PojoTypeExtractionTest.testPojoWithGenericFields(PojoTypeExtractionTest.java:166)

Running org.apache.flink.api.java.typeutils.runtime.TupleComparatorILDC3Test
Tests run: 7, Failures: 0, Errors: 0, Skipped: 0, Time elapsed: 0.677 sec - in org.apache.flink.api.java.record.io.CsvOutputFormatTest
Running org.apache.flink.api.java.typeutils.runtime.TupleComparatorISD3Test
Tests run: 3, Failures: 0, Errors: 0, Skipped: 0, Time elapsed: 2.341 sec - in org.apache.flink.api.java.functions.SemanticPropertiesTranslationTest
Tests run: 19, Failures: 0, Errors: 0, Skipped: 0, Time elapsed: 1.655 sec - in org.apache.flink.api.java.operator.CoGroupOperatorTest
Tests run: 6, Failures: 0, Errors: 0, Skipped: 0, Time elapsed: 2.614 sec - in org.apache.flink.api.java.operators.translation.DistrinctTranslationTest
Tests run: 3, Failures: 0, Errors: 0, Skipped: 0, Time elapsed: 2.614 sec - in org.apache.flink.api.java.operators.translation.DeltaIterationTranslationTest
Running org.apache.flink.api.java.typeutils.runtime.KryoGenericTypeSerializerTest
Running org.apache.flink.api.java.typeutils.runtime.WritableComparatorTest
Running org.apache.flink.api.java.typeutils.runtime.TupleComparatorTTT3Test
Tests run: 10, Failures: 0, Errors: 0, Skipped: 0, Time elapsed: 0.162 sec - in org.apache.flink.api.java.typeutils.runtime.TupleComparatorISD2Test
Running org.apache.flink.api.java.typeutils.runtime.PojoComparatorTest
Running org.apache.flink.api.java.typeutils.runtime.CopyableValueComparatorTest
Tests run: 10, Failures: 0, Errors: 0, Skipped: 0, Time elapsed: 2.055 sec - in org.apache.flink.api.java.operator.MinByOperatorTest
Running org.apache.flink.api.java.typeutils.runtime.TupleComparatorILD2Test
Tests run: 10, Failures: 0, Errors: 0, Skipped: 0, Time elapsed: 0.103 sec - in org.apache.flink.api.java.typeutils.runtime.TupleComparatorISD3Test
Running org.apache.flink.api.java.typeutils.runtime.TupleComparatorTTT1Test
Tests run: 5, Failures: 0, Errors: 0, Skipped: 0, Time elapsed: 1.099 sec - in org.apache.flink.api.java.record.io.ExternalProcessFixedLengthInputFormatTest
Running org.apache.flink.api.java.typeutils.runtime.TupleComparatorILDX1Test
Tests run: 10, Failures: 0, Errors: 0, Skipped: 0, Time elapsed: 0.123 sec - in org.apache.flink.api.java.typeutils.runtime.CopyableValueComparatorTest
Running org.apache.flink.api.java.typeutils.runtime.AvroGenericArraySerializerTest
Tests run: 10, Failures: 0, Errors: 0, Skipped: 0, Time elapsed: 0.296 sec - in org.apache.flink.api.java.typeutils.runtime.TupleComparatorILDC3Test
Running org.apache.flink.api.java.typeutils.runtime.PojoGenericTypeSerializerTest
Tests run: 10, Failures: 0, Errors: 0, Skipped: 0, Time elapsed: 0.13 sec - in org.apache.flink.api.java.typeutils.runtime.TupleComparatorILD2Test
Running org.apache.flink.api.java.typeutils.runtime.KryoGenericTypeComparatorTest
Tests run: 10, Failures: 0, Errors: 0, Skipped: 0, Time elapsed: 0.106 sec - in org.apache.flink.api.java.typeutils.runtime.TupleComparatorILDX1Test
Running org.apache.flink.api.java.typeutils.runtime.PojoSerializerTest
Tests run: 10, Failures: 0, Errors: 0, Skipped: 0, Time elapsed: 0.213 sec - in org.apache.flink.api.java.typeutils.runtime.PojoComparatorTest
Running org.apache.flink.api.java.tuple.Tuple2Test
Tests run: 1, Failures: 0, Errors: 0, Skipped: 0, Time elapsed: 0.704 sec - in org.apache.flink.api.java.typeutils.runtime.WritableSerializerTest
Running org.apache.flink.api.java.io.CSVReaderTest
Tests run: 2, Failures: 0, Errors: 0, Skipped: 0, Time elapsed: 0.016 sec - in org.apache.flink.api.java.tuple.Tuple2Test
Running org.apache.flink.api.java.io.TypeSerializerFormatTest
Tests run: 10, Failures: 0, Errors: 0, Skipped: 0, Time elapsed: 0.182 sec - in org.apache.flink.api.java.typeutils.runtime.TupleComparatorTTT1Test
Running org.apache.flink.api.java.io.TextInputFormatTest
Tests run: 55, Failures: 0, Errors: 0, Skipped: 0, Time elapsed: 2.878 sec - in org.apache.flink.api.java.type.extractor.TypeExtractorTest
Running org.apache.flink.api.java.io.CollectionInputFormatTest
Tests run: 23, Failures: 0, Errors: 0, Skipped: 0, Time elapsed: 2.17 sec - in org.apache.flink.api.java.operator.CrossOperatorTest
Running org.apache.flink.api.java.io.PrimitiveInputFormatTest
Tests run: 10, Failures: 0, Errors: 0, Skipped: 0, Time elapsed: 0.344 sec - in org.apache.flink.api.java.typeutils.runtime.TupleComparatorTTT3Test
Tests run: 3, Failures: 0, Errors: 0, Skipped: 0, Time elapsed: 2.224 sec - in org.apache.flink.api.java.operator.FirstNOperatorTest
Running org.apache.flink.api.common.operators.CollectionExecutionWithBroadcastVariableTest
Running org.apache.flink.api.java.io.CsvInputFormatTest
Tests run: 2, Failures: 0, Errors: 0, Skipped: 0, Time elapsed: 0.127 sec - in org.apache.flink.api.java.io.TextInputFormatTest
Running org.apache.flink.api.common.operators.CollectionExecutionAccumulatorsTest
Tests run: 19, Failures: 0, Errors: 0, Skipped: 0, Time elapsed: 2.461 sec - in org.apache.flink.api.java.operator.GroupingTest
Running org.apache.flink.api.common.operators.base.JoinOperatorBaseTest
Tests run: 12, Failures: 0, Errors: 0, Skipped: 0, Time elapsed: 0.243 sec - in org.apache.flink.api.java.io.CSVReaderTest
Running org.apache.flink.api.common.operators.base.GroupReduceOperatorTest
Tests run: 13, Failures: 0, Errors: 0, Skipped: 0, Time elapsed: 0.35 sec - in org.apache.flink.api.java.typeutils.runtime.PojoSerializerTest
Running org.apache.flink.api.common.operators.base.CoGroupOperatorCollectionTest
Tests run: 10, Failures: 0, Errors: 0, Skipped: 0, Time elapsed: 2.285 sec - in org.apache.flink.api.java.operator.MaxByOperatorTest
Running org.apache.flink.api.common.operators.base.ReduceOperatorTest
Tests run: 2, Failures: 0, Errors: 0, Skipped: 0, Time elapsed: 0.112 sec - in org.apache.flink.api.common.operators.base.GroupReduceOperatorTest
Running org.apache.flink.api.common.operators.CollectionExecutionIterationTest
Tests run: 2, Failures: 0, Errors: 0, Skipped: 0, Time elapsed: 0.044 sec - in org.apache.flink.api.common.operators.base.ReduceOperatorTest
Tests run: 5, Failures: 0, Errors: 0, Skipped: 0, Time elapsed: 0.329 sec - in org.apache.flink.api.java.io.PrimitiveInputFormatTest
Tests run: 1, Failures: 0, Errors: 0, Skipped: 0, Time elapsed: 0.123 sec - in org.apache.flink.api.common.operators.base.CoGroupOperatorCollectionTest
Tests run: 1, Failures: 0, Errors: 0, Skipped: 0, Time elapsed: 0.238 sec - in org.apache.flink.api.common.operators.base.JoinOperatorBaseTest
Tests run: 10, Failures: 0, Errors: 0, Skipped: 0, Time elapsed: 0.751 sec - in org.apache.flink.api.java.typeutils.runtime.WritableComparatorTest
Tests run: 2, Failures: 0, Errors: 0, Skipped: 0, Time elapsed: 0.44 sec - in org.apache.flink.api.common.operators.CollectionExecutionWithBroadcastVariableTest
Tests run: 14, Failures: 0, Errors: 0, Skipped: 0, Time elapsed: 0.462 sec - in org.apache.flink.api.java.io.CsvInputFormatTest
Tests run: 1, Failures: 0, Errors: 0, Skipped: 0, Time elapsed: 0.52 sec - in org.apache.flink.api.common.operators.CollectionExecutionAccumulatorsTest
Tests run: 1, Failures: 0, Errors: 0, Skipped: 0, Time elapsed: 2.207 sec - in org.apache.flink.api.java.MultipleInvokationsTest
Tests run: 10, Failures: 0, Errors: 0, Skipped: 0, Time elapsed: 1.132 sec - in org.apache.flink.api.java.typeutils.runtime.ValueComparatorTest
Tests run: 52, Failures: 0, Errors: 0, Skipped: 0, Time elapsed: 2.772 sec - in org.apache.flink.api.java.operator.JoinOperatorTest
Tests run: 6, Failures: 0, Errors: 0, Skipped: 0, Time elapsed: 3.636 sec - in org.apache.flink.api.java.operators.KeysTest
Tests run: 2, Failures: 0, Errors: 0, Skipped: 0, Time elapsed: 1.613 sec - in org.apache.flink.api.java.typeutils.runtime.AvroSerializerEmptyArrayTest
Tests run: 3, Failures: 0, Errors: 0, Skipped: 0, Time elapsed: 0.63 sec - in org.apache.flink.api.common.operators.CollectionExecutionIterationTest
Tests run: 4, Failures: 0, Errors: 0, Skipped: 0, Time elapsed: 1.765 sec - in org.apache.flink.api.java.typeutils.runtime.AvroGenericTypeComparatorTest
Tests run: 6, Failures: 0, Errors: 0, Skipped: 0, Time elapsed: 2.876 sec - in org.apache.flink.api.java.typeutils.runtime.AvroGenericTypeSerializerTest
Tests run: 5, Failures: 0, Errors: 0, Skipped: 0, Time elapsed: 2.256 sec - in org.apache.flink.api.java.typeutils.runtime.AvroGenericArraySerializerTest
Tests run: 4, Failures: 0, Errors: 0, Skipped: 0, Time elapsed: 2.209 sec - in org.apache.flink.api.java.io.CollectionInputFormatTest
Tests run: 5, Failures: 0, Errors: 0, Skipped: 0, Time elapsed: 2.8 sec - in org.apache.flink.api.java.typeutils.runtime.KryoGenericArraySerializerTest
Tests run: 6, Failures: 0, Errors: 0, Skipped: 0, Time elapsed: 2.912 sec - in org.apache.flink.api.java.typeutils.runtime.TupleSerializerTest
Tests run: 9, Failures: 0, Errors: 0, Skipped: 0, Time elapsed: 2.802 sec - in org.apache.flink.api.java.typeutils.runtime.KryoGenericTypeSerializerTest
Tests run: 6, Failures: 0, Errors: 0, Skipped: 0, Time elapsed: 2.851 sec - in org.apache.flink.api.java.typeutils.runtime.PojoGenericTypeSerializerTest
Tests run: 4, Failures: 0, Errors: 0, Skipped: 0, Time elapsed: 4.281 sec - in org.apache.flink.api.java.typeutils.runtime.KryoGenericTypeComparatorTest
Tests run: 40, Failures: 0, Errors: 0, Skipped: 0, Time elapsed: 6.034 sec - in org.apache.flink.api.java.io.TypeSerializerFormatTest

Results :

Failed tests: 
  PojoTypeExtractionTest.testPojoWithGenericFields:166 null

Tests run: 634, Failures: 1, Errors: 0, Skipped: 0

[INFO] ------------------------------------------------------------------------
[INFO] BUILD FAILURE
[INFO] ------------------------------------------------------------------------
[INFO] Total time: 22.982 s
[INFO] Finished at: 2016-07-15T08:36:06-07:00
[INFO] Final Memory: 46M/2476M
[INFO] ------------------------------------------------------------------------
[ERROR] Failed to execute goal org.apache.maven.plugins:maven-surefire-plugin:2.17:test (default-test) on project flink-java: There are test failures.
[ERROR] 
[ERROR] Please refer to /space/parallel/flink/flink9/dataset/flink/FLINK-1333_63ef8e86a27e068250240a3b76f932ed07758d23/flink-java/target/surefire-reports for the individual test results.
[ERROR] -> [Help 1]
[ERROR] 
[ERROR] To see the full stack trace of the errors, re-run Maven with the -e switch.
[ERROR] Re-run Maven using the -X switch to enable full debug logging.
[ERROR] 
[ERROR] For more information about the errors and possible solutions, please read the following articles:
[ERROR] [Help 1] http://cwiki.apache.org/confluence/display/MAVEN/MojoFailureException
