[INFO] Scanning for projects...
[INFO]                                                                         
[INFO] ------------------------------------------------------------------------
[INFO] Building Oak JCR Binding 0.7-SNAPSHOT
[INFO] ------------------------------------------------------------------------
[INFO] 
[INFO] --- maven-remote-resources-plugin:1.2.1:process (default) @ oak-jcr ---
[INFO] 
[INFO] --- maven-resources-plugin:2.5:resources (default-resources) @ oak-jcr ---
[debug] execute contextualize
[INFO] Using 'UTF-8' encoding to copy filtered resources.
[INFO] Copying 1 resource
[INFO] Copying 3 resources
[INFO] 
[INFO] --- maven-compiler-plugin:2.3.2:compile (default-compile) @ oak-jcr ---
[INFO] Nothing to compile - all classes are up to date
[INFO] 
[INFO] --- maven-resources-plugin:2.5:testResources (default-testResources) @ oak-jcr ---
[debug] execute contextualize
[INFO] Using 'UTF-8' encoding to copy filtered resources.
[INFO] Copying 3 resources
[INFO] Copying 3 resources
[INFO] 
[INFO] --- maven-compiler-plugin:2.3.2:testCompile (default-testCompile) @ oak-jcr ---
[INFO] Nothing to compile - all classes are up to date
[INFO] 
[INFO] --- maven-surefire-plugin:2.9:test (default-test) @ oak-jcr ---
[INFO] Surefire report directory: /home/ylyu/parallel/oak/oak9/dataset/oak/OAK-612_df9e69139277773d5fbcf59636824f011833d4cf/oak-jcr/target/surefire-reports

-------------------------------------------------------
 T E S T S
-------------------------------------------------------
Running org.apache.jackrabbit.oak.jcr.MoveTest
Tests run: 6, Failures: 0, Errors: 0, Skipped: 0, Time elapsed: 3.581 sec
Running org.apache.jackrabbit.oak.jcr.security.authorization.WriteTest
Tests run: 1, Failures: 0, Errors: 0, Skipped: 1, Time elapsed: 0 sec
Running org.apache.jackrabbit.oak.jcr.security.authorization.MoveTest
Tests run: 1, Failures: 0, Errors: 0, Skipped: 1, Time elapsed: 0 sec
Running org.apache.jackrabbit.oak.jcr.security.authorization.ReadTest
Tests run: 1, Failures: 0, Errors: 0, Skipped: 1, Time elapsed: 0 sec
Running org.apache.jackrabbit.oak.jcr.security.authorization.InheritanceTest
Tests run: 9, Failures: 0, Errors: 0, Skipped: 0, Time elapsed: 0.001 sec
Running org.apache.jackrabbit.oak.jcr.security.authorization.PrivilegeManagementTest
Tests run: 1, Failures: 0, Errors: 0, Skipped: 1, Time elapsed: 0 sec
Running org.apache.jackrabbit.oak.jcr.security.authorization.NamespaceManagementTest
Tests run: 1, Failures: 0, Errors: 0, Skipped: 1, Time elapsed: 0.001 sec
Running org.apache.jackrabbit.oak.jcr.security.authorization.NodeTypeManagementTest
Tests run: 1, Failures: 0, Errors: 0, Skipped: 1, Time elapsed: 0 sec
Running org.apache.jackrabbit.oak.jcr.security.authorization.AccessControlManagementTest
Tests run: 1, Failures: 0, Errors: 0, Skipped: 1, Time elapsed: 0 sec
Running org.apache.jackrabbit.oak.jcr.security.authorization.NodeTypeDefinitionManagementTest
Tests run: 1, Failures: 0, Errors: 0, Skipped: 1, Time elapsed: 0 sec
Running org.apache.jackrabbit.oak.jcr.security.authorization.VersionManagementTest
Tests run: 1, Failures: 0, Errors: 0, Skipped: 1, Time elapsed: 0 sec
Running org.apache.jackrabbit.oak.jcr.security.authorization.ObservationTest
Tests run: 1, Failures: 0, Errors: 0, Skipped: 1, Time elapsed: 0 sec
Running org.apache.jackrabbit.oak.jcr.security.authorization.JackrabbitAccessControlListTest
Tests run: 7, Failures: 0, Errors: 0, Skipped: 0, Time elapsed: 0 sec
Running org.apache.jackrabbit.oak.jcr.security.privilege.PrivilegeRegistrationTest
Tests run: 13, Failures: 0, Errors: 0, Skipped: 0, Time elapsed: 2.871 sec
Running org.apache.jackrabbit.oak.jcr.security.privilege.PrivilegeManagerTest
Tests run: 7, Failures: 0, Errors: 0, Skipped: 0, Time elapsed: 0.081 sec
Running org.apache.jackrabbit.oak.jcr.security.principal.PrincipalManagerTest
Tests run: 17, Failures: 0, Errors: 0, Skipped: 0, Time elapsed: 0.377 sec
Running org.apache.jackrabbit.oak.jcr.security.user.AdministratorTest
Tests run: 4, Failures: 0, Errors: 0, Skipped: 0, Time elapsed: 0.138 sec
Running org.apache.jackrabbit.oak.jcr.security.user.AuthorizableTest
Tests run: 2, Failures: 0, Errors: 0, Skipped: 0, Time elapsed: 0.106 sec
Running org.apache.jackrabbit.oak.jcr.security.user.FindAuthorizablesTest
Tests run: 14, Failures: 0, Errors: 0, Skipped: 0, Time elapsed: 0.712 sec
Running org.apache.jackrabbit.oak.jcr.security.user.AuthorizablePropertyTest
Tests run: 26, Failures: 0, Errors: 0, Skipped: 0, Time elapsed: 1.251 sec
Running org.apache.jackrabbit.oak.jcr.security.user.ImpersonationTest
Tests run: 3, Failures: 0, Errors: 0, Skipped: 0, Time elapsed: 0.154 sec
Running org.apache.jackrabbit.oak.jcr.security.user.UserManagerTest
Tests run: 26, Failures: 0, Errors: 0, Skipped: 0, Time elapsed: 1.066 sec
Running org.apache.jackrabbit.oak.jcr.security.user.UserTest
Tests run: 22, Failures: 0, Errors: 0, Skipped: 0, Time elapsed: 0.813 sec
Running org.apache.jackrabbit.oak.jcr.security.user.CreateGroupTest
Tests run: 3, Failures: 0, Errors: 0, Skipped: 0, Time elapsed: 0.152 sec
Running org.apache.jackrabbit.oak.jcr.security.user.EveryoneGroupTest
Tests run: 5, Failures: 0, Errors: 0, Skipped: 0, Time elapsed: 0.278 sec
Running org.apache.jackrabbit.oak.jcr.security.user.CreateUserTest
Tests run: 12, Failures: 0, Errors: 0, Skipped: 0, Time elapsed: 0.503 sec
Running org.apache.jackrabbit.oak.jcr.security.user.NestedGroupTest
Tests run: 4, Failures: 0, Errors: 0, Skipped: 0, Time elapsed: 0.443 sec
Running org.apache.jackrabbit.oak.jcr.security.user.UserQueryTest
Tests run: 25, Failures: 0, Errors: 0, Skipped: 0, Time elapsed: 14.126 sec
Running org.apache.jackrabbit.oak.jcr.security.user.GroupTest
Tests run: 27, Failures: 0, Errors: 0, Skipped: 0, Time elapsed: 4.88 sec
Running org.apache.jackrabbit.oak.jcr.nodetype.NodeTypeTest
Tests run: 2, Failures: 0, Errors: 0, Skipped: 0, Time elapsed: 0.15 sec
Running org.apache.jackrabbit.oak.jcr.query.QueryJcrTest
Tests run: 87, Failures: 0, Errors: 0, Skipped: 0, Time elapsed: 1.57 sec
Running org.apache.jackrabbit.oak.jcr.query.qom.QomTest
Tests run: 30, Failures: 0, Errors: 0, Skipped: 0, Time elapsed: 1.556 sec
Running org.apache.jackrabbit.oak.jcr.query.QueryTest
Tests run: 5, Failures: 0, Errors: 0, Skipped: 0, Time elapsed: 0.365 sec
Running org.apache.jackrabbit.oak.jcr.query.PrefetchIteratorTest
Tests run: 3, Failures: 0, Errors: 0, Skipped: 0, Time elapsed: 0.182 sec
Running org.apache.jackrabbit.oak.jcr.ConcurrentAddTest
Tests run: 1, Failures: 0, Errors: 0, Skipped: 1, Time elapsed: 0 sec
Running org.apache.jackrabbit.oak.jcr.ValueFactoryTest
Tests run: 2, Failures: 0, Errors: 0, Skipped: 0, Time elapsed: 0.099 sec
Running org.apache.jackrabbit.oak.jcr.version.VersionablePathsTest
Tests run: 3, Failures: 0, Errors: 0, Skipped: 0, Time elapsed: 0.078 sec
Running org.apache.jackrabbit.oak.jcr.version.VersionHistoryTest
Tests run: 6, Failures: 0, Errors: 0, Skipped: 0, Time elapsed: 0.082 sec
Running org.apache.jackrabbit.oak.jcr.CompatibilityIssuesTest
Tests run: 3, Failures: 0, Errors: 0, Skipped: 0, Time elapsed: 0.127 sec
Running org.apache.jackrabbit.oak.jcr.CRUDTest
Tests run: 6, Failures: 0, Errors: 0, Skipped: 0, Time elapsed: 0.49 sec
Running org.apache.jackrabbit.oak.jcr.AutoCreatedItemsTest
Tests run: 1, Failures: 0, Errors: 0, Skipped: 0, Time elapsed: 0.145 sec
Running org.apache.jackrabbit.oak.jcr.OrderableNodesTest
Tests run: 4, Failures: 4, Errors: 0, Skipped: 0, Time elapsed: 0.577 sec <<< FAILURE!

Results :

Failed tests:   testAddNode(org.apache.jackrabbit.oak.jcr.OrderableNodesTest): expected:<[a]> but was:<[b]>
  setPrimaryType(org.apache.jackrabbit.oak.jcr.OrderableNodesTest): expected:<[node-24, node-92, node-28, node-19, node-75, node-8, node-55, node-38, node-36]> but was:<[node-75, node-8, node-38, node-24, node-19, node-92, node-28, node-36, node-55]>
  orderableFolder(org.apache.jackrabbit.oak.jcr.OrderableNodesTest): expected:<[a]> but was:<[b]>
  testSimpleOrdering(org.apache.jackrabbit.oak.jcr.OrderableNodesTest): expected:<[a]> but was:<[b]>

Tests run: 395, Failures: 4, Errors: 0, Skipped: 11

[INFO] ------------------------------------------------------------------------
[INFO] BUILD FAILURE
[INFO] ------------------------------------------------------------------------
[INFO] Total time: 40.128 s
[INFO] Finished at: 2016-07-29T16:33:20-07:00
[INFO] Final Memory: 18M/964M
[INFO] ------------------------------------------------------------------------
[ERROR] Failed to execute goal org.apache.maven.plugins:maven-surefire-plugin:2.9:test (default-test) on project oak-jcr: There are test failures.
[ERROR] 
[ERROR] Please refer to /home/ylyu/parallel/oak/oak9/dataset/oak/OAK-612_df9e69139277773d5fbcf59636824f011833d4cf/oak-jcr/target/surefire-reports for the individual test results.
[ERROR] -> [Help 1]
[ERROR] 
[ERROR] To see the full stack trace of the errors, re-run Maven with the -e switch.
[ERROR] Re-run Maven using the -X switch to enable full debug logging.
[ERROR] 
[ERROR] For more information about the errors and possible solutions, please read the following articles:
[ERROR] [Help 1] http://cwiki.apache.org/confluence/display/MAVEN/MojoFailureException
