[INFO] Scanning for projects...
[INFO]                                                                         
[INFO] ------------------------------------------------------------------------
[INFO] Building Maven Artifact 3.0-SNAPSHOT
[INFO] ------------------------------------------------------------------------
[INFO] 
[INFO] --- maven-remote-resources-plugin:1.1:process (default) @ maven-artifact ---
[INFO] Setting property: classpath.resource.loader.class => 'org.codehaus.plexus.velocity.ContextClassLoaderResourceLoader'.
[INFO] Setting property: velocimacro.messages.on => 'false'.
[INFO] Setting property: resource.loader => 'classpath'.
[INFO] Setting property: resource.manager.logwhenfound => 'false'.
[INFO] 
[INFO] --- maven-resources-plugin:2.4.2:resources (default-resources) @ maven-artifact ---
[INFO] Using 'UTF-8' encoding to copy filtered resources.
[INFO] skip non existing resourceDirectory /home/ylyu/parallel/maven/maven9/dataset/mng/MNG-3092_5ffd89030cdd7827acfd4efde48fd6bc93d00da7/maven-artifact/src/main/resources
[INFO] Copying 3 resources
[INFO] 
[INFO] --- maven-compiler-plugin:2.0.2:compile (default-compile) @ maven-artifact ---
[INFO] Nothing to compile - all classes are up to date
[INFO] 
[INFO] --- plexus-component-metadata:1.5.4:generate-metadata (default) @ maven-artifact ---
[INFO] 
[INFO] --- maven-resources-plugin:2.4.2:testResources (default-testResources) @ maven-artifact ---
[INFO] Using 'UTF-8' encoding to copy filtered resources.
[INFO] skip non existing resourceDirectory /home/ylyu/parallel/maven/maven9/dataset/mng/MNG-3092_5ffd89030cdd7827acfd4efde48fd6bc93d00da7/maven-artifact/src/test/resources
[INFO] Copying 3 resources
[INFO] 
[INFO] --- maven-compiler-plugin:2.0.2:testCompile (default-testCompile) @ maven-artifact ---
[INFO] Nothing to compile - all classes are up to date
[INFO] 
[INFO] --- plexus-component-metadata:1.5.4:generate-test-metadata (default) @ maven-artifact ---
[INFO] 
[INFO] --- maven-surefire-plugin:2.4.3:test (default-test) @ maven-artifact ---
[INFO] Surefire report directory: /home/ylyu/parallel/maven/maven9/dataset/mng/MNG-3092_5ffd89030cdd7827acfd4efde48fd6bc93d00da7/maven-artifact/target/surefire-reports

-------------------------------------------------------
 T E S T S
-------------------------------------------------------
Running org.apache.maven.artifact.versioning.VersionRangeTest
Tests run: 8, Failures: 2, Errors: 0, Skipped: 0, Time elapsed: 0.046 sec <<< FAILURE!
Running org.apache.maven.artifact.versioning.ComparableVersionTest
Tests run: 6, Failures: 0, Errors: 0, Skipped: 0, Time elapsed: 0.021 sec
Running org.apache.maven.artifact.versioning.DefaultArtifactVersionTest
Tests run: 7, Failures: 0, Errors: 0, Skipped: 0, Time elapsed: 0.022 sec

Results :

Failed tests: 
  testReleaseRangeBoundsCannotContainSnapshots(org.apache.maven.artifact.versioning.VersionRangeTest)
  testSnapshotRangeBoundsCanContainSnapshots(org.apache.maven.artifact.versioning.VersionRangeTest)

Tests run: 21, Failures: 2, Errors: 0, Skipped: 0

[INFO] ------------------------------------------------------------------------
[INFO] BUILD FAILURE
[INFO] ------------------------------------------------------------------------
[INFO] Total time: 1.560 s
[INFO] Finished at: 2016-07-13T22:11:13-07:00
[INFO] Final Memory: 25M/964M
[INFO] ------------------------------------------------------------------------
[ERROR] Failed to execute goal org.apache.maven.plugins:maven-surefire-plugin:2.4.3:test (default-test) on project maven-artifact: There are test failures.
[ERROR] 
[ERROR] Please refer to /home/ylyu/parallel/maven/maven9/dataset/mng/MNG-3092_5ffd89030cdd7827acfd4efde48fd6bc93d00da7/maven-artifact/target/surefire-reports for the individual test results.
[ERROR] -> [Help 1]
[ERROR] 
[ERROR] To see the full stack trace of the errors, re-run Maven with the -e switch.
[ERROR] Re-run Maven using the -X switch to enable full debug logging.
[ERROR] 
[ERROR] For more information about the errors and possible solutions, please read the following articles:
[ERROR] [Help 1] http://cwiki.apache.org/confluence/display/MAVEN/MojoFailureException
