[INFO] Scanning for projects...
[INFO]                                                                         
[INFO] ------------------------------------------------------------------------
[INFO] Building Maven Model Builder 3.2.2-SNAPSHOT
[INFO] ------------------------------------------------------------------------
[INFO] 
[INFO] --- maven-enforcer-plugin:1.3.1:enforce (enforce-bytecode-version) @ maven-model-builder ---
[INFO] 
[INFO] --- maven-enforcer-plugin:1.3.1:enforce (ban-known-bad-maven-versions) @ maven-model-builder ---
[INFO] 
[INFO] --- apache-rat-plugin:0.10:check (check) @ maven-model-builder ---
[INFO] 51 implicit excludes (use -debug for more details).
[INFO] Exclude: src/test/resources*/**
[INFO] Exclude: src/test/projects/**
[INFO] Exclude: src/test/remote-repo/**
[INFO] Exclude: **/*.odg
[INFO] Exclude: bootstrap/**
[INFO] Exclude: README.bootstrap.txt
[INFO] Exclude: .repository/**
[INFO] 106 resources included (use -debug for more details)
[INFO] Rat check: Summary of files. Unapproved: 0 unknown: 0 generated: 0 approved: 106 licence.
[INFO] 
[INFO] --- maven-remote-resources-plugin:1.5:process (default) @ maven-model-builder ---
[INFO] 
[INFO] --- maven-resources-plugin:2.6:resources (default-resources) @ maven-model-builder ---
[INFO] Using 'UTF-8' encoding to copy filtered resources.
[INFO] Copying 1 resource
[INFO] Copying 3 resources
[INFO] 
[INFO] --- maven-compiler-plugin:3.1:compile (default-compile) @ maven-model-builder ---
[INFO] Nothing to compile - all classes are up to date
[INFO] 
[INFO] --- animal-sniffer-maven-plugin:1.10:check (check-java-1.6-compat) @ maven-model-builder ---
[INFO] Checking unresolved references to org.codehaus.mojo.signature:java16:1.1
[INFO] 
[INFO] --- plexus-component-metadata:1.5.5:generate-metadata (default) @ maven-model-builder ---
[INFO] Discovered 26 component descriptors(s)
[INFO] 
[INFO] --- maven-resources-plugin:2.6:testResources (default-testResources) @ maven-model-builder ---
[INFO] Using 'UTF-8' encoding to copy filtered resources.
[INFO] Copying 52 resources
[INFO] Copying 3 resources
[INFO] 
[INFO] --- maven-compiler-plugin:3.1:testCompile (default-testCompile) @ maven-model-builder ---
[INFO] Nothing to compile - all classes are up to date
[INFO] 
[INFO] --- plexus-component-metadata:1.5.5:generate-test-metadata (default) @ maven-model-builder ---
[INFO] 
[INFO] --- maven-surefire-plugin:2.16:test (default-test) @ maven-model-builder ---
[INFO] Surefire report directory: /home/ylyu/parallel/maven/maven9/dataset/mng/MNG-4565_c6529932f9e3efdfc86ed73f59a307a8f8b6ea5f/maven-model-builder/target/surefire-reports

-------------------------------------------------------
 T E S T S
-------------------------------------------------------
Running org.apache.maven.model.building.ComplexActivationTest
Tests run: 1, Failures: 1, Errors: 0, Skipped: 0, Time elapsed: 0.116 sec <<< FAILURE! - in org.apache.maven.model.building.ComplexActivationTest
testAndConditionInActivation(org.apache.maven.model.building.ComplexActivationTest)  Time elapsed: 0.115 sec  <<< FAILURE!
junit.framework.AssertionFailedError
	at junit.framework.Assert.fail(Assert.java:47)
	at junit.framework.Assert.assertTrue(Assert.java:20)
	at junit.framework.Assert.assertNull(Assert.java:230)
	at junit.framework.Assert.assertNull(Assert.java:223)
	at org.apache.maven.model.building.ComplexActivationTest.testAndConditionInActivation(ComplexActivationTest.java:57)

Running org.apache.maven.model.building.DefaultModelBuilderFactoryTest
Tests run: 1, Failures: 0, Errors: 0, Skipped: 0, Time elapsed: 0.003 sec - in org.apache.maven.model.building.DefaultModelBuilderFactoryTest
Running org.apache.maven.model.profile.activation.JdkVersionProfileActivatorTest
Tests run: 7, Failures: 0, Errors: 0, Skipped: 0, Time elapsed: 0.501 sec - in org.apache.maven.model.profile.activation.JdkVersionProfileActivatorTest
Running org.apache.maven.model.profile.activation.PropertyProfileActivatorTest
Tests run: 10, Failures: 0, Errors: 0, Skipped: 0, Time elapsed: 0.16 sec - in org.apache.maven.model.profile.activation.PropertyProfileActivatorTest
Running org.apache.maven.model.interpolation.StringSearchModelInterpolatorTest
Tests run: 28, Failures: 0, Errors: 0, Skipped: 0, Time elapsed: 0.459 sec - in org.apache.maven.model.interpolation.StringSearchModelInterpolatorTest
Running org.apache.maven.model.path.DefaultUrlNormalizerTest
Tests run: 4, Failures: 0, Errors: 0, Skipped: 0, Time elapsed: 0 sec - in org.apache.maven.model.path.DefaultUrlNormalizerTest
Running org.apache.maven.model.validation.DefaultModelValidatorTest
Tests run: 44, Failures: 0, Errors: 0, Skipped: 0, Time elapsed: 0.487 sec - in org.apache.maven.model.validation.DefaultModelValidatorTest
Running org.apache.maven.model.inheritance.DefaultInheritanceAssemblerTest
Tests run: 1, Failures: 0, Errors: 0, Skipped: 0, Time elapsed: 0.193 sec - in org.apache.maven.model.inheritance.DefaultInheritanceAssemblerTest

Results :

Failed tests: 
  org.apache.maven.model.building.ComplexActivationTest#testAndConditionInActivation AssertionFailedError

Tests run: 96, Failures: 1, Errors: 0, Skipped: 0

[INFO] ------------------------------------------------------------------------
[INFO] BUILD FAILURE
[INFO] ------------------------------------------------------------------------
[INFO] Total time: 5.876 s
[INFO] Finished at: 2016-07-13T22:01:27-07:00
[INFO] Final Memory: 19M/964M
[INFO] ------------------------------------------------------------------------
[ERROR] Failed to execute goal org.apache.maven.plugins:maven-surefire-plugin:2.16:test (default-test) on project maven-model-builder: There are test failures.
[ERROR] 
[ERROR] Please refer to /home/ylyu/parallel/maven/maven9/dataset/mng/MNG-4565_c6529932f9e3efdfc86ed73f59a307a8f8b6ea5f/maven-model-builder/target/surefire-reports for the individual test results.
[ERROR] -> [Help 1]
[ERROR] 
[ERROR] To see the full stack trace of the errors, re-run Maven with the -e switch.
[ERROR] Re-run Maven using the -X switch to enable full debug logging.
[ERROR] 
[ERROR] For more information about the errors and possible solutions, please read the following articles:
[ERROR] [Help 1] http://cwiki.apache.org/confluence/display/MAVEN/MojoFailureException
