[INFO] Scanning for projects...
[INFO]                                                                         
[INFO] ------------------------------------------------------------------------
[INFO] Building Oak JCR Binding 0.13-SNAPSHOT
[INFO] ------------------------------------------------------------------------
[INFO] 
[INFO] --- maven-remote-resources-plugin:1.2.1:process (default) @ oak-jcr ---
[INFO] 
[INFO] --- maven-resources-plugin:2.5:resources (default-resources) @ oak-jcr ---
[debug] execute contextualize
[INFO] Using 'UTF-8' encoding to copy filtered resources.
[INFO] Copying 1 resource
[INFO] Copying 3 resources
[INFO] 
[INFO] --- maven-compiler-plugin:2.3.2:compile (default-compile) @ oak-jcr ---
[INFO] Compiling 1 source file to /home/ylyu/parallel/oak/oak9/dataset/oak/OAK-1227_117b0a3d775a41b1e265bdda4877d9c58dcb7edc/oak-jcr/target/classes
[INFO] 
[INFO] --- maven-resources-plugin:2.5:testResources (default-testResources) @ oak-jcr ---
[debug] execute contextualize
[INFO] Using 'UTF-8' encoding to copy filtered resources.
[INFO] Copying 5 resources
[INFO] Copying 3 resources
[INFO] 
[INFO] --- maven-compiler-plugin:2.3.2:testCompile (default-testCompile) @ oak-jcr ---
[INFO] Nothing to compile - all classes are up to date
[INFO] 
[INFO] --- maven-surefire-plugin:2.9:test (default-test) @ oak-jcr ---
[INFO] Surefire report directory: /home/ylyu/parallel/oak/oak9/dataset/oak/OAK-1227_117b0a3d775a41b1e265bdda4877d9c58dcb7edc/oak-jcr/target/surefire-reports

-------------------------------------------------------
 T E S T S
-------------------------------------------------------
Running org.apache.jackrabbit.oak.jcr.MoveTest
Tests run: 7, Failures: 0, Errors: 0, Skipped: 0, Time elapsed: 4.798 sec
Running org.apache.jackrabbit.oak.jcr.security.authorization.ItemModifiedTest
Tests run: 4, Failures: 0, Errors: 0, Skipped: 0, Time elapsed: 0.195 sec
Running org.apache.jackrabbit.oak.jcr.security.authorization.WriteTest
Tests run: 36, Failures: 0, Errors: 0, Skipped: 0, Time elapsed: 1.253 sec
Running org.apache.jackrabbit.oak.jcr.security.authorization.WorkspaceMoveTest
Tests run: 12, Failures: 0, Errors: 0, Skipped: 0, Time elapsed: 0.344 sec
Running org.apache.jackrabbit.oak.jcr.security.authorization.MixReferenceableTest
Tests run: 5, Failures: 0, Errors: 0, Skipped: 0, Time elapsed: 0.123 sec
Running org.apache.jackrabbit.oak.jcr.security.authorization.MixCreatedTest
Tests run: 5, Failures: 0, Errors: 0, Skipped: 0, Time elapsed: 0.109 sec
Running org.apache.jackrabbit.oak.jcr.security.authorization.WritePropertyTest
Tests run: 4, Failures: 0, Errors: 0, Skipped: 0, Time elapsed: 0.105 sec
Running org.apache.jackrabbit.oak.jcr.security.authorization.VersionTest
Tests run: 1, Failures: 0, Errors: 0, Skipped: 0, Time elapsed: 0.157 sec
Running org.apache.jackrabbit.oak.jcr.security.authorization.UserManagementTest
Tests run: 21, Failures: 0, Errors: 0, Skipped: 0, Time elapsed: 0.587 sec
Running org.apache.jackrabbit.oak.jcr.security.authorization.ReadTest
Tests run: 28, Failures: 0, Errors: 0, Skipped: 0, Time elapsed: 0.614 sec
Running org.apache.jackrabbit.oak.jcr.security.authorization.RenameTest
Tests run: 1, Failures: 0, Errors: 0, Skipped: 1, Time elapsed: 0 sec
Running org.apache.jackrabbit.oak.jcr.security.authorization.InheritanceTest
Tests run: 9, Failures: 0, Errors: 0, Skipped: 0, Time elapsed: 0.268 sec
Running org.apache.jackrabbit.oak.jcr.security.authorization.PrivilegeManagementTest
Tests run: 3, Failures: 0, Errors: 0, Skipped: 0, Time elapsed: 0.059 sec
Running org.apache.jackrabbit.oak.jcr.security.authorization.QueryTest
Tests run: 1, Failures: 0, Errors: 0, Skipped: 0, Time elapsed: 0.125 sec
Running org.apache.jackrabbit.oak.jcr.security.authorization.NamespaceManagementTest
Tests run: 4, Failures: 0, Errors: 0, Skipped: 0, Time elapsed: 0.068 sec
Running org.apache.jackrabbit.oak.jcr.security.authorization.ReadPropertyTest
Tests run: 7, Failures: 0, Errors: 0, Skipped: 0, Time elapsed: 0.139 sec
Running org.apache.jackrabbit.oak.jcr.security.authorization.AccessControlImporterTest
Tests run: 8, Failures: 0, Errors: 0, Skipped: 0, Time elapsed: 0.078 sec
Running org.apache.jackrabbit.oak.jcr.security.authorization.NodeTypeManagementTest
Tests run: 13, Failures: 0, Errors: 0, Skipped: 0, Time elapsed: 0.273 sec
Running org.apache.jackrabbit.oak.jcr.security.authorization.CopyTest
Tests run: 6, Failures: 0, Errors: 0, Skipped: 0, Time elapsed: 0.138 sec
Running org.apache.jackrabbit.oak.jcr.security.authorization.AccessControlManagementTest
Tests run: 16, Failures: 0, Errors: 0, Skipped: 0, Time elapsed: 0.277 sec
Running org.apache.jackrabbit.oak.jcr.security.authorization.SessionMoveTest
Tests run: 25, Failures: 0, Errors: 0, Skipped: 0, Time elapsed: 0.572 sec
Running org.apache.jackrabbit.oak.jcr.security.authorization.NodeTypeDefinitionManagementTest
Tests run: 4, Failures: 0, Errors: 0, Skipped: 0, Time elapsed: 0.335 sec
Running org.apache.jackrabbit.oak.jcr.security.authorization.VersionManagementTest
Tests run: 15, Failures: 0, Errors: 0, Skipped: 0, Time elapsed: 0.492 sec
Running org.apache.jackrabbit.oak.jcr.security.authorization.ObservationTest
Tests run: 1, Failures: 0, Errors: 0, Skipped: 0, Time elapsed: 5.045 sec
Running org.apache.jackrabbit.oak.jcr.security.authorization.AccessControlWorkspaceImporterTest
Tests run: 8, Failures: 0, Errors: 0, Skipped: 0, Time elapsed: 0.161 sec
Running org.apache.jackrabbit.oak.jcr.security.authorization.JackrabbitAccessControlListTest
Tests run: 8, Failures: 0, Errors: 0, Skipped: 0, Time elapsed: 0.05 sec
Running org.apache.jackrabbit.oak.jcr.security.privilege.PrivilegeRegistrationTest
Tests run: 13, Failures: 0, Errors: 0, Skipped: 0, Time elapsed: 1.685 sec
Running org.apache.jackrabbit.oak.jcr.security.privilege.PrivilegeManagerTest
Tests run: 8, Failures: 0, Errors: 0, Skipped: 0, Time elapsed: 0.03 sec
Running org.apache.jackrabbit.oak.jcr.security.principal.PrincipalManagerTest
Tests run: 19, Failures: 0, Errors: 0, Skipped: 0, Time elapsed: 0.085 sec
Running org.apache.jackrabbit.oak.jcr.security.user.UserImportIgnoreTest
Tests run: 1, Failures: 0, Errors: 0, Skipped: 0, Time elapsed: 0.162 sec
Running org.apache.jackrabbit.oak.jcr.security.user.AdministratorTest
Tests run: 4, Failures: 0, Errors: 0, Skipped: 0, Time elapsed: 0.038 sec
Running org.apache.jackrabbit.oak.jcr.security.user.UserImportBestEffortTest
Tests run: 5, Failures: 0, Errors: 0, Skipped: 0, Time elapsed: 0.51 sec
Running org.apache.jackrabbit.oak.jcr.security.user.GroupImportBestEffortTest
Tests run: 3, Failures: 0, Errors: 0, Skipped: 0, Time elapsed: 0.278 sec
Running org.apache.jackrabbit.oak.jcr.security.user.UserImportAbortTest
Tests run: 2, Failures: 0, Errors: 0, Skipped: 0, Time elapsed: 0.181 sec
Running org.apache.jackrabbit.oak.jcr.security.user.AuthorizableTest
Tests run: 2, Failures: 0, Errors: 0, Skipped: 0, Time elapsed: 0.026 sec
Running org.apache.jackrabbit.oak.jcr.security.user.GroupImportIgnoreTest
Tests run: 2, Failures: 0, Errors: 0, Skipped: 0, Time elapsed: 0.18 sec
Running org.apache.jackrabbit.oak.jcr.security.user.FindAuthorizablesTest
Tests run: 14, Failures: 0, Errors: 0, Skipped: 0, Time elapsed: 0.181 sec
Running org.apache.jackrabbit.oak.jcr.security.user.GroupImportAbortTest
Tests run: 2, Failures: 0, Errors: 0, Skipped: 0, Time elapsed: 0.182 sec
Running org.apache.jackrabbit.oak.jcr.security.user.RemappingTest
Tests run: 18, Failures: 0, Errors: 0, Skipped: 0, Time elapsed: 0.242 sec
Running org.apache.jackrabbit.oak.jcr.security.user.AuthorizablePropertyTest
Tests run: 26, Failures: 0, Errors: 0, Skipped: 0, Time elapsed: 0.249 sec
Running org.apache.jackrabbit.oak.jcr.security.user.ImpersonationTest
Tests run: 3, Failures: 0, Errors: 0, Skipped: 0, Time elapsed: 0.04 sec
Running org.apache.jackrabbit.oak.jcr.security.user.UserManagerTest
Tests run: 26, Failures: 0, Errors: 0, Skipped: 0, Time elapsed: 0.536 sec
Running org.apache.jackrabbit.oak.jcr.security.user.UserTest
Tests run: 22, Failures: 0, Errors: 0, Skipped: 0, Time elapsed: 0.295 sec
Running org.apache.jackrabbit.oak.jcr.security.user.UserImportWithActionsTest
Tests run: 1, Failures: 0, Errors: 0, Skipped: 1, Time elapsed: 0 sec
Running org.apache.jackrabbit.oak.jcr.security.user.CreateGroupTest
Tests run: 6, Failures: 0, Errors: 0, Skipped: 0, Time elapsed: 0.067 sec
Running org.apache.jackrabbit.oak.jcr.security.user.RefreshTest
Tests run: 2, Failures: 0, Errors: 0, Skipped: 0, Time elapsed: 0.032 sec
Running org.apache.jackrabbit.oak.jcr.security.user.GroupImportTest
Tests run: 10, Failures: 0, Errors: 0, Skipped: 0, Time elapsed: 1.14 sec
Running org.apache.jackrabbit.oak.jcr.security.user.EveryoneGroupTest
Tests run: 5, Failures: 0, Errors: 0, Skipped: 0, Time elapsed: 0.071 sec
Running org.apache.jackrabbit.oak.jcr.security.user.UserImportTest
Tests run: 18, Failures: 0, Errors: 0, Skipped: 0, Time elapsed: 1.631 sec
Running org.apache.jackrabbit.oak.jcr.security.user.CreateUserTest
Tests run: 14, Failures: 0, Errors: 0, Skipped: 0, Time elapsed: 0.162 sec
Running org.apache.jackrabbit.oak.jcr.security.user.NestedGroupTest
Tests run: 4, Failures: 0, Errors: 0, Skipped: 0, Time elapsed: 0.097 sec
Running org.apache.jackrabbit.oak.jcr.security.user.UserQueryTest
Tests run: 28, Failures: 0, Errors: 0, Skipped: 0, Time elapsed: 2.932 sec
Running org.apache.jackrabbit.oak.jcr.security.user.GroupTest
Tests run: 28, Failures: 0, Errors: 0, Skipped: 0, Time elapsed: 0.999 sec
Running org.apache.jackrabbit.oak.jcr.nodetype.NodeTypeTest
Tests run: 8, Failures: 0, Errors: 0, Skipped: 0, Time elapsed: 2.176 sec
Running org.apache.jackrabbit.oak.jcr.nodetype.NodeTypeEqualsTest
Tests run: 1, Failures: 0, Errors: 0, Skipped: 0, Time elapsed: 0.013 sec
Running org.apache.jackrabbit.oak.jcr.nodetype.MixinTest
Tests run: 7, Failures: 0, Errors: 0, Skipped: 0, Time elapsed: 0.096 sec
Running org.apache.jackrabbit.oak.jcr.nodetype.NodeDefinitionTest
Tests run: 3, Failures: 0, Errors: 0, Skipped: 0, Time elapsed: 0.027 sec
Running org.apache.jackrabbit.oak.jcr.query.QueryFulltextTest
Tests run: 8, Failures: 0, Errors: 0, Skipped: 0, Time elapsed: 1.34 sec
Running org.apache.jackrabbit.oak.jcr.query.QueryJcrTest
Tests run: 440, Failures: 0, Errors: 0, Skipped: 0, Time elapsed: 11.401 sec
Running org.apache.jackrabbit.oak.jcr.query.RemappingTest
Tests run: 4, Failures: 0, Errors: 0, Skipped: 0, Time elapsed: 0.028 sec
Running org.apache.jackrabbit.oak.jcr.query.qom.QomTest
Tests run: 120, Failures: 0, Errors: 0, Skipped: 0, Time elapsed: 9.477 sec
Running org.apache.jackrabbit.oak.jcr.query.QueryTest
Tests run: 52, Failures: 0, Errors: 0, Skipped: 0, Time elapsed: 5.24 sec
Running org.apache.jackrabbit.oak.jcr.query.QueryPlanTest
Tests run: 4, Failures: 0, Errors: 0, Skipped: 4, Time elapsed: 0.003 sec
Running org.apache.jackrabbit.oak.jcr.query.PrefetchIteratorTest
Tests run: 3, Failures: 0, Errors: 0, Skipped: 0, Time elapsed: 0.258 sec
Running org.apache.jackrabbit.oak.jcr.ItemSaveTest
Tests run: 32, Failures: 0, Errors: 0, Skipped: 16, Time elapsed: 2.352 sec
Running org.apache.jackrabbit.oak.jcr.RepositoryTest
Tests run: 440, Failures: 0, Errors: 4, Skipped: 12, Time elapsed: 29.736 sec <<< FAILURE!
Running org.apache.jackrabbit.oak.jcr.ValueFactoryTest
Tests run: 8, Failures: 0, Errors: 0, Skipped: 0, Time elapsed: 0.462 sec
Running org.apache.jackrabbit.oak.jcr.version.VersionablePathsTest
Tests run: 4, Failures: 0, Errors: 0, Skipped: 0, Time elapsed: 0.124 sec
Running org.apache.jackrabbit.oak.jcr.version.VersionableTest
Tests run: 5, Failures: 0, Errors: 0, Skipped: 0, Time elapsed: 0.118 sec
Running org.apache.jackrabbit.oak.jcr.version.VersionTest
Tests run: 4, Failures: 0, Errors: 0, Skipped: 0, Time elapsed: 0.049 sec
Running org.apache.jackrabbit.oak.jcr.version.HiddenNodeTest
Tests run: 1, Failures: 0, Errors: 0, Skipped: 0, Time elapsed: 0.11 sec
Running org.apache.jackrabbit.oak.jcr.version.RestoreTest
Tests run: 2, Failures: 0, Errors: 0, Skipped: 0, Time elapsed: 0.056 sec
Running org.apache.jackrabbit.oak.jcr.version.VersionHistoryTest
Tests run: 8, Failures: 0, Errors: 0, Skipped: 0, Time elapsed: 0.089 sec
Running org.apache.jackrabbit.oak.jcr.SameNamePropertyNodeTest
Tests run: 13, Failures: 0, Errors: 0, Skipped: 0, Time elapsed: 0.034 sec
Running org.apache.jackrabbit.oak.jcr.ConcurrentAddReferenceTest
Tests run: 4, Failures: 0, Errors: 0, Skipped: 4, Time elapsed: 0.002 sec
Running org.apache.jackrabbit.oak.jcr.MoveRemoveTest
Tests run: 48, Failures: 0, Errors: 0, Skipped: 0, Time elapsed: 3.408 sec
Running org.apache.jackrabbit.oak.jcr.ConcurrentFileOperationsTest
Tests run: 12, Failures: 0, Errors: 0, Skipped: 0, Time elapsed: 2.334 sec
Running org.apache.jackrabbit.oak.jcr.CopyTest
Tests run: 20, Failures: 0, Errors: 0, Skipped: 16, Time elapsed: 0.372 sec
Running org.apache.jackrabbit.oak.jcr.CompatibilityIssuesTest
Tests run: 32, Failures: 0, Errors: 0, Skipped: 0, Time elapsed: 4.806 sec
Running org.apache.jackrabbit.oak.jcr.CRUDTest
Tests run: 44, Failures: 0, Errors: 0, Skipped: 0, Time elapsed: 3.241 sec
Running org.apache.jackrabbit.oak.jcr.observation.ObservationJcrTest
Tests run: 22, Failures: 0, Errors: 0, Skipped: 0, Time elapsed: 0.294 sec
Running org.apache.jackrabbit.oak.jcr.observation.ObservationTest
Tests run: 40, Failures: 0, Errors: 0, Skipped: 0, Time elapsed: 7.314 sec
Running org.apache.jackrabbit.oak.jcr.ReferencesTest
Tests run: 12, Failures: 0, Errors: 0, Skipped: 0, Time elapsed: 0.175 sec
Running org.apache.jackrabbit.oak.jcr.AutoCreatedItemsTest
Tests run: 4, Failures: 0, Errors: 0, Skipped: 0, Time elapsed: 0.623 sec
Running org.apache.jackrabbit.oak.jcr.OrderableNodesTest
Tests run: 20, Failures: 0, Errors: 0, Skipped: 0, Time elapsed: 2.505 sec

Results :

Tests in error: 
  getNodeSNS[0](org.apache.jackrabbit.oak.jcr.RepositoryTest): bar[2]
  getNodeSNS[3](org.apache.jackrabbit.oak.jcr.RepositoryTest): bar[2]
  getNodeSNS[2](org.apache.jackrabbit.oak.jcr.RepositoryTest): bar[2]
  getNodeSNS[1](org.apache.jackrabbit.oak.jcr.RepositoryTest): bar[2]

Tests run: 1963, Failures: 0, Errors: 4, Skipped: 54

[INFO] ------------------------------------------------------------------------
[INFO] BUILD FAILURE
[INFO] ------------------------------------------------------------------------
[INFO] Total time: 02:00 min
[INFO] Finished at: 2016-07-29T13:14:19-07:00
[INFO] Final Memory: 24M/964M
[INFO] ------------------------------------------------------------------------
[ERROR] Failed to execute goal org.apache.maven.plugins:maven-surefire-plugin:2.9:test (default-test) on project oak-jcr: There are test failures.
[ERROR] 
[ERROR] Please refer to /home/ylyu/parallel/oak/oak9/dataset/oak/OAK-1227_117b0a3d775a41b1e265bdda4877d9c58dcb7edc/oak-jcr/target/surefire-reports for the individual test results.
[ERROR] -> [Help 1]
[ERROR] 
[ERROR] To see the full stack trace of the errors, re-run Maven with the -e switch.
[ERROR] Re-run Maven using the -X switch to enable full debug logging.
[ERROR] 
[ERROR] For more information about the errors and possible solutions, please read the following articles:
[ERROR] [Help 1] http://cwiki.apache.org/confluence/display/MAVEN/MojoFailureException
