[INFO] Scanning for projects...
[INFO]                                                                         
[INFO] ------------------------------------------------------------------------
[INFO] Building flink-java 0.10-SNAPSHOT
[INFO] ------------------------------------------------------------------------
[INFO] 
[INFO] --- maven-checkstyle-plugin:2.12.1:check (validate) @ flink-java ---
[INFO] 
[INFO] 
[INFO] --- maven-enforcer-plugin:1.3.1:enforce (enforce-maven) @ flink-java ---
[INFO] 
[INFO] --- maven-remote-resources-plugin:1.5:process (default) @ flink-java ---
[INFO] 
[INFO] --- maven-resources-plugin:2.6:resources (default-resources) @ flink-java ---
[INFO] Using 'UTF-8' encoding to copy filtered resources.
[INFO] skip non existing resourceDirectory /space/parallel/flink/flink9/dataset/flink/FLINK-2437_a41bc8cc137096916e79f145387804fe94864307/flink-java/src/main/resources
[INFO] Copying 3 resources
[INFO] 
[INFO] --- maven-compiler-plugin:3.1:compile (default-compile) @ flink-java ---
[INFO] Changes detected - recompiling the module!
[INFO] Compiling 253 source files to /space/parallel/flink/flink9/dataset/flink/FLINK-2437_a41bc8cc137096916e79f145387804fe94864307/flink-java/target/classes
[WARNING] /space/parallel/flink/flink9/dataset/flink/FLINK-2437_a41bc8cc137096916e79f145387804fe94864307/flink-java/src/main/java/org/apache/flink/api/java/record/operators/CoGroupOperator.java:[367,78] org.apache.flink.api.java.record.functions.CoGroupFunction in org.apache.flink.api.java.record.functions has been deprecated
[WARNING] /space/parallel/flink/flink9/dataset/flink/FLINK-2437_a41bc8cc137096916e79f145387804fe94864307/flink-java/src/main/java/org/apache/flink/api/java/record/operators/ReduceOperator.java:[371,77] org.apache.flink.api.java.record.functions.ReduceFunction in org.apache.flink.api.java.record.functions has been deprecated
[WARNING] /space/parallel/flink/flink9/dataset/flink/FLINK-2437_a41bc8cc137096916e79f145387804fe94864307/flink-java/src/main/java/org/apache/flink/api/java/record/io/DelimitedOutputFormat.java:[25,50] org.apache.flink.api.java.record.operators.FileDataSink in org.apache.flink.api.java.record.operators has been deprecated
[WARNING] /space/parallel/flink/flink9/dataset/flink/FLINK-2437_a41bc8cc137096916e79f145387804fe94864307/flink-java/src/main/java/org/apache/flink/api/java/record/io/CsvInputFormat.java:[28,50] org.apache.flink.api.java.record.operators.FileDataSource in org.apache.flink.api.java.record.operators has been deprecated
[WARNING] /space/parallel/flink/flink9/dataset/flink/FLINK-2437_a41bc8cc137096916e79f145387804fe94864307/flink-java/src/main/java/org/apache/flink/api/java/record/operators/JoinOperator.java:[33,50] org.apache.flink.api.java.record.functions.FunctionAnnotation in org.apache.flink.api.java.record.functions has been deprecated
[WARNING] /space/parallel/flink/flink9/dataset/flink/FLINK-2437_a41bc8cc137096916e79f145387804fe94864307/flink-java/src/main/java/org/apache/flink/api/java/record/operators/JoinOperator.java:[34,50] org.apache.flink.api.java.record.functions.JoinFunction in org.apache.flink.api.java.record.functions has been deprecated
[WARNING] /space/parallel/flink/flink9/dataset/flink/FLINK-2437_a41bc8cc137096916e79f145387804fe94864307/flink-java/src/main/java/org/apache/flink/api/java/record/operators/JoinOperator.java:[53,76] org.apache.flink.api.java.record.functions.JoinFunction in org.apache.flink.api.java.record.functions has been deprecated
[WARNING] /space/parallel/flink/flink9/dataset/flink/FLINK-2437_a41bc8cc137096916e79f145387804fe94864307/flink-java/src/main/java/org/apache/flink/api/java/record/operators/CrossOperator.java:[33,50] org.apache.flink.api.java.record.functions.CrossFunction in org.apache.flink.api.java.record.functions has been deprecated
[WARNING] /space/parallel/flink/flink9/dataset/flink/FLINK-2437_a41bc8cc137096916e79f145387804fe94864307/flink-java/src/main/java/org/apache/flink/api/java/record/operators/CrossOperator.java:[34,50] org.apache.flink.api.java.record.functions.FunctionAnnotation in org.apache.flink.api.java.record.functions has been deprecated
[WARNING] /space/parallel/flink/flink9/dataset/flink/FLINK-2437_a41bc8cc137096916e79f145387804fe94864307/flink-java/src/main/java/org/apache/flink/api/java/record/operators/CrossOperator.java:[52,78] org.apache.flink.api.java.record.functions.CrossFunction in org.apache.flink.api.java.record.functions has been deprecated
[WARNING] /space/parallel/flink/flink9/dataset/flink/FLINK-2437_a41bc8cc137096916e79f145387804fe94864307/flink-java/src/main/java/org/apache/flink/api/java/record/operators/CrossWithSmallOperator.java:[26,50] org.apache.flink.api.java.record.functions.CrossFunction in org.apache.flink.api.java.record.functions has been deprecated
[WARNING] /space/parallel/flink/flink9/dataset/flink/FLINK-2437_a41bc8cc137096916e79f145387804fe94864307/flink-java/src/main/java/org/apache/flink/api/java/record/operators/CrossWithSmallOperator.java:[42,45] org.apache.flink.api.java.record.operators.CrossOperator in org.apache.flink.api.java.record.operators has been deprecated
[WARNING] /space/parallel/flink/flink9/dataset/flink/FLINK-2437_a41bc8cc137096916e79f145387804fe94864307/flink-java/src/main/java/org/apache/flink/api/java/record/functions/MapFunction.java:[22,45] org.apache.flink.api.common.functions.GenericCollectorMap in org.apache.flink.api.common.functions has been deprecated
[WARNING] /space/parallel/flink/flink9/dataset/flink/FLINK-2437_a41bc8cc137096916e79f145387804fe94864307/flink-java/src/main/java/org/apache/flink/api/java/record/functions/MapFunction.java:[36,75] org.apache.flink.api.common.functions.GenericCollectorMap in org.apache.flink.api.common.functions has been deprecated
[WARNING] /space/parallel/flink/flink9/dataset/flink/FLINK-2437_a41bc8cc137096916e79f145387804fe94864307/flink-java/src/main/java/org/apache/flink/api/java/record/operators/CrossWithLargeOperator.java:[26,50] org.apache.flink.api.java.record.functions.CrossFunction in org.apache.flink.api.java.record.functions has been deprecated
[WARNING] /space/parallel/flink/flink9/dataset/flink/FLINK-2437_a41bc8cc137096916e79f145387804fe94864307/flink-java/src/main/java/org/apache/flink/api/java/record/operators/CrossWithLargeOperator.java:[42,45] org.apache.flink.api.java.record.operators.CrossOperator in org.apache.flink.api.java.record.operators has been deprecated
[WARNING] /space/parallel/flink/flink9/dataset/flink/FLINK-2437_a41bc8cc137096916e79f145387804fe94864307/flink-java/src/main/java/org/apache/flink/api/java/record/operators/MapPartitionOperator.java:[33,50] org.apache.flink.api.java.record.functions.FunctionAnnotation in org.apache.flink.api.java.record.functions has been deprecated
[WARNING] /space/parallel/flink/flink9/dataset/flink/FLINK-2437_a41bc8cc137096916e79f145387804fe94864307/flink-java/src/main/java/org/apache/flink/api/java/record/operators/MapPartitionOperator.java:[51,84] org.apache.flink.api.java.record.functions.MapPartitionFunction in org.apache.flink.api.java.record.functions has been deprecated
[WARNING] /space/parallel/flink/flink9/dataset/flink/FLINK-2437_a41bc8cc137096916e79f145387804fe94864307/flink-java/src/main/java/org/apache/flink/api/java/record/operators/MapOperator.java:[29,50] org.apache.flink.api.common.operators.base.CollectorMapOperatorBase in org.apache.flink.api.common.operators.base has been deprecated
[WARNING] /space/parallel/flink/flink9/dataset/flink/FLINK-2437_a41bc8cc137096916e79f145387804fe94864307/flink-java/src/main/java/org/apache/flink/api/java/record/operators/MapOperator.java:[33,50] org.apache.flink.api.java.record.functions.FunctionAnnotation in org.apache.flink.api.java.record.functions has been deprecated
[WARNING] /space/parallel/flink/flink9/dataset/flink/FLINK-2437_a41bc8cc137096916e79f145387804fe94864307/flink-java/src/main/java/org/apache/flink/api/java/record/operators/MapOperator.java:[34,50] org.apache.flink.api.java.record.functions.MapFunction in org.apache.flink.api.java.record.functions has been deprecated
[WARNING] /space/parallel/flink/flink9/dataset/flink/FLINK-2437_a41bc8cc137096916e79f145387804fe94864307/flink-java/src/main/java/org/apache/flink/api/java/record/operators/MapOperator.java:[53,34] org.apache.flink.api.common.operators.base.CollectorMapOperatorBase in org.apache.flink.api.common.operators.base has been deprecated
[WARNING] /space/parallel/flink/flink9/dataset/flink/FLINK-2437_a41bc8cc137096916e79f145387804fe94864307/flink-java/src/main/java/org/apache/flink/api/java/record/operators/MapOperator.java:[53,75] org.apache.flink.api.java.record.functions.MapFunction in org.apache.flink.api.java.record.functions has been deprecated
[WARNING] /space/parallel/flink/flink9/dataset/flink/FLINK-2437_a41bc8cc137096916e79f145387804fe94864307/flink-java/src/main/java/org/apache/flink/api/java/operators/Keys.java:[245,98] unchecked call to getFlatFields(java.lang.String,int,java.util.List<org.apache.flink.api.common.typeutils.CompositeType.FlatFieldDescriptor>) as a member of the raw type org.apache.flink.api.common.typeutils.CompositeType
[WARNING] /space/parallel/flink/flink9/dataset/flink/FLINK-2437_a41bc8cc137096916e79f145387804fe94864307/flink-java/src/main/java/org/apache/flink/api/java/tuple/Tuple.java:[99,56] unchecked cast
  required: java.lang.Class<? extends org.apache.flink.api.java.tuple.Tuple>
  found:    java.lang.Class<?>
[WARNING] /space/parallel/flink/flink9/dataset/flink/FLINK-2437_a41bc8cc137096916e79f145387804fe94864307/flink-java/src/main/java/org/apache/flink/api/java/ExecutionEnvironment.java:[706,52] Possible heap pollution from parameterized vararg type X
[WARNING] /space/parallel/flink/flink9/dataset/flink/FLINK-2437_a41bc8cc137096916e79f145387804fe94864307/flink-java/src/main/java/org/apache/flink/api/java/operators/translation/PlanUnwrappingSortedReduceGroupOperator.java:[75,77] unchecked call to combine(java.lang.Iterable<IN>,org.apache.flink.util.Collector<OUT>) as a member of the raw type org.apache.flink.api.common.functions.GroupCombineFunction
[WARNING] /space/parallel/flink/flink9/dataset/flink/FLINK-2437_a41bc8cc137096916e79f145387804fe94864307/flink-java/src/main/java/org/apache/flink/api/java/record/io/CsvOutputFormat.java:[111,58] Possible heap pollution from parameterized vararg type java.lang.Class<? extends org.apache.flink.types.Value>
[WARNING] /space/parallel/flink/flink9/dataset/flink/FLINK-2437_a41bc8cc137096916e79f145387804fe94864307/flink-java/src/main/java/org/apache/flink/api/java/record/io/CsvOutputFormat.java:[126,39] Possible heap pollution from parameterized vararg type java.lang.Class<? extends org.apache.flink.types.Value>
[WARNING] /space/parallel/flink/flink9/dataset/flink/FLINK-2437_a41bc8cc137096916e79f145387804fe94864307/flink-java/src/main/java/org/apache/flink/api/java/record/io/CsvOutputFormat.java:[143,39] Possible heap pollution from parameterized vararg type java.lang.Class<? extends org.apache.flink.types.Value>
[WARNING] /space/parallel/flink/flink9/dataset/flink/FLINK-2437_a41bc8cc137096916e79f145387804fe94864307/flink-java/src/main/java/org/apache/flink/api/java/record/io/CsvOutputFormat.java:[162,56] Possible heap pollution from parameterized vararg type java.lang.Class<? extends org.apache.flink.types.Value>
[WARNING] /space/parallel/flink/flink9/dataset/flink/FLINK-2437_a41bc8cc137096916e79f145387804fe94864307/flink-java/src/main/java/org/apache/flink/api/java/utils/ParameterTool.java:[136,32] unchecked conversion
  required: java.util.Map<java.lang.String,java.lang.String>
  found:    java.util.Map
[WARNING] /space/parallel/flink/flink9/dataset/flink/FLINK-2437_a41bc8cc137096916e79f145387804fe94864307/flink-java/src/main/java/org/apache/flink/api/java/utils/ParameterTool.java:[145,32] unchecked conversion
  required: java.util.Map<java.lang.String,java.lang.String>
  found:    java.util.Map
[WARNING] /space/parallel/flink/flink9/dataset/flink/FLINK-2437_a41bc8cc137096916e79f145387804fe94864307/flink-java/src/main/java/org/apache/flink/api/java/record/operators/CoGroupOperator.java:[265,58] Possible heap pollution from parameterized vararg type org.apache.flink.api.common.operators.Operator<org.apache.flink.types.Record>
[WARNING] /space/parallel/flink/flink9/dataset/flink/FLINK-2437_a41bc8cc137096916e79f145387804fe94864307/flink-java/src/main/java/org/apache/flink/api/java/record/operators/CoGroupOperator.java:[291,58] Possible heap pollution from parameterized vararg type org.apache.flink.api.common.operators.Operator<org.apache.flink.types.Record>
[WARNING] /space/parallel/flink/flink9/dataset/flink/FLINK-2437_a41bc8cc137096916e79f145387804fe94864307/flink-java/src/main/java/org/apache/flink/api/java/record/operators/ReduceOperator.java:[311,57] Possible heap pollution from parameterized vararg type org.apache.flink.api.common.operators.Operator<org.apache.flink.types.Record>
[WARNING] /space/parallel/flink/flink9/dataset/flink/FLINK-2437_a41bc8cc137096916e79f145387804fe94864307/flink-java/src/main/java/org/apache/flink/api/java/operators/CoGroupRawOperator.java:[105,27] setDegreeOfParallelism(int) in org.apache.flink.api.common.operators.Operator has been deprecated
[WARNING] /space/parallel/flink/flink9/dataset/flink/FLINK-2437_a41bc8cc137096916e79f145387804fe94864307/flink-java/src/main/java/org/apache/flink/api/java/record/io/CsvInputFormat.java:[86,58] Possible heap pollution from parameterized vararg type java.lang.Class<? extends org.apache.flink.types.Value>
[WARNING] /space/parallel/flink/flink9/dataset/flink/FLINK-2437_a41bc8cc137096916e79f145387804fe94864307/flink-java/src/main/java/org/apache/flink/api/java/record/io/CsvInputFormat.java:[91,36] Possible heap pollution from parameterized vararg type java.lang.Class<? extends org.apache.flink.types.Value>
[WARNING] /space/parallel/flink/flink9/dataset/flink/FLINK-2437_a41bc8cc137096916e79f145387804fe94864307/flink-java/src/main/java/org/apache/flink/api/java/record/io/CsvInputFormat.java:[103,62] Possible heap pollution from parameterized vararg type java.lang.Class<? extends org.apache.flink.types.Value>
[WARNING] /space/parallel/flink/flink9/dataset/flink/FLINK-2437_a41bc8cc137096916e79f145387804fe94864307/flink-java/src/main/java/org/apache/flink/api/java/Utils.java:[150,114] unchecked conversion
  required: org.apache.flink.api.common.typeinfo.TypeInformation<T>
  found:    org.apache.flink.api.common.typeinfo.TypeInformation
[WARNING] /space/parallel/flink/flink9/dataset/flink/FLINK-2437_a41bc8cc137096916e79f145387804fe94864307/flink-java/src/main/java/org/apache/flink/api/java/Utils.java:[150,113] unchecked method invocation: method getSerializerTree in class org.apache.flink.api.java.Utils is applied to given types
  required: org.apache.flink.api.common.typeinfo.TypeInformation<T>,int
  found: org.apache.flink.api.common.typeinfo.TypeInformation,int
[WARNING] /space/parallel/flink/flink9/dataset/flink/FLINK-2437_a41bc8cc137096916e79f145387804fe94864307/flink-java/src/main/java/org/apache/flink/api/java/record/operators/JoinOperator.java:[243,58] Possible heap pollution from parameterized vararg type org.apache.flink.api.common.operators.Operator<org.apache.flink.types.Record>
[WARNING] /space/parallel/flink/flink9/dataset/flink/FLINK-2437_a41bc8cc137096916e79f145387804fe94864307/flink-java/src/main/java/org/apache/flink/api/java/record/operators/JoinOperator.java:[256,58] Possible heap pollution from parameterized vararg type org.apache.flink.api.common.operators.Operator<org.apache.flink.types.Record>
[WARNING] /space/parallel/flink/flink9/dataset/flink/FLINK-2437_a41bc8cc137096916e79f145387804fe94864307/flink-java/src/main/java/org/apache/flink/api/java/record/operators/CrossOperator.java:[155,58] Possible heap pollution from parameterized vararg type org.apache.flink.api.common.operators.Operator<org.apache.flink.types.Record>
[WARNING] /space/parallel/flink/flink9/dataset/flink/FLINK-2437_a41bc8cc137096916e79f145387804fe94864307/flink-java/src/main/java/org/apache/flink/api/java/record/operators/CrossOperator.java:[168,58] Possible heap pollution from parameterized vararg type org.apache.flink.api.common.operators.Operator<org.apache.flink.types.Record>
[WARNING] /space/parallel/flink/flink9/dataset/flink/FLINK-2437_a41bc8cc137096916e79f145387804fe94864307/flink-java/src/main/java/org/apache/flink/api/java/record/operators/GenericDataSink.java:[209,51] Possible heap pollution from parameterized vararg type org.apache.flink.api.common.operators.Operator<org.apache.flink.types.Record>
[WARNING] /space/parallel/flink/flink9/dataset/flink/FLINK-2437_a41bc8cc137096916e79f145387804fe94864307/flink-java/src/main/java/org/apache/flink/api/java/record/operators/GenericDataSink.java:[233,50] Possible heap pollution from parameterized vararg type org.apache.flink.api.common.operators.Operator<org.apache.flink.types.Record>
[WARNING] /space/parallel/flink/flink9/dataset/flink/FLINK-2437_a41bc8cc137096916e79f145387804fe94864307/flink-java/src/main/java/org/apache/flink/api/java/typeutils/runtime/kryo/Serializers.java:[102,89] unchecked cast
  required: java.lang.Class<? extends org.apache.avro.specific.SpecificRecordBase>
  found:    java.lang.Class<capture#1 of ?>
[WARNING] /space/parallel/flink/flink9/dataset/flink/FLINK-2437_a41bc8cc137096916e79f145387804fe94864307/flink-java/src/main/java/org/apache/flink/api/java/typeutils/AvroTypeInfo.java:[64,51] unchecked call to GenericTypeInfo(java.lang.Class<T>) as a member of the raw type org.apache.flink.api.java.typeutils.GenericTypeInfo
[WARNING] /space/parallel/flink/flink9/dataset/flink/FLINK-2437_a41bc8cc137096916e79f145387804fe94864307/flink-java/src/main/java/org/apache/flink/api/java/record/operators/MapPartitionOperator.java:[141,57] Possible heap pollution from parameterized vararg type org.apache.flink.api.common.operators.Operator<org.apache.flink.types.Record>
[WARNING] /space/parallel/flink/flink9/dataset/flink/FLINK-2437_a41bc8cc137096916e79f145387804fe94864307/flink-java/src/main/java/org/apache/flink/api/java/record/operators/MapOperator.java:[142,57] Possible heap pollution from parameterized vararg type org.apache.flink.api.common.operators.Operator<org.apache.flink.types.Record>
[WARNING] /space/parallel/flink/flink9/dataset/flink/FLINK-2437_a41bc8cc137096916e79f145387804fe94864307/flink-java/src/main/java/org/apache/flink/api/java/typeutils/runtime/AvroSerializer.java:[122,50] unchecked cast
  required: T
  found:    capture#2 of ? extends java.lang.Object
[INFO] 
[INFO] --- maven-resources-plugin:2.6:testResources (default-testResources) @ flink-java ---
[INFO] Using 'UTF-8' encoding to copy filtered resources.
[INFO] skip non existing resourceDirectory /space/parallel/flink/flink9/dataset/flink/FLINK-2437_a41bc8cc137096916e79f145387804fe94864307/flink-java/src/test/resources
[INFO] Copying 3 resources
[INFO] 
[INFO] --- maven-compiler-plugin:3.1:testCompile (default-testCompile) @ flink-java ---
[INFO] Nothing to compile - all classes are up to date
[INFO] 
[INFO] --- maven-surefire-plugin:2.17:test (default-test) @ flink-java ---
[INFO] Surefire report directory: /space/parallel/flink/flink9/dataset/flink/FLINK-2437_a41bc8cc137096916e79f145387804fe94864307/flink-java/target/surefire-reports

-------------------------------------------------------
 T E S T S
-------------------------------------------------------

-------------------------------------------------------
 T E S T S
-------------------------------------------------------
Running org.apache.flink.api.java.operators.NamesTest
Running org.apache.flink.api.java.operators.translation.CoGroupSortTranslationTest
Running org.apache.flink.api.java.hadoop.mapreduce.HadoopInputFormatTest
Running org.apache.flink.api.java.operators.translation.DeltaIterationTranslationTest
Running org.apache.flink.api.java.type.extractor.PojoTypeInformationTest
Running org.apache.flink.api.java.operators.translation.DistinctTranslationTest
Running org.apache.flink.api.java.type.extractor.PojoTypeExtractionTest
Running org.apache.flink.api.java.hadoop.mapred.HadoopInputFormatTest
Running org.apache.flink.api.java.operators.KeysTest
Running org.apache.flink.api.java.operators.translation.AggregateTranslationTest
Running org.apache.flink.api.java.type.extractor.TypeExtractorTest
Running org.apache.flink.api.java.type.extractor.TypeExtractorInputFormatsTest
Running org.apache.flink.api.java.functions.SemanticPropUtilTest
Running org.apache.flink.api.java.functions.SemanticPropertiesTranslationTest
Running org.apache.flink.api.java.functions.SemanticPropertiesPrecedenceTest
Running org.apache.flink.api.java.functions.SemanticPropertiesProjectionTest
Running org.apache.flink.api.java.functions.ClosureCleanerTest
Running org.apache.flink.api.java.functions.SelectByFunctionsTest
Running org.apache.flink.api.java.operator.GroupingTest
Running org.apache.flink.api.java.operator.MinByOperatorTest
Running org.apache.flink.api.java.operator.GroupReduceOperatorTest
Running org.apache.flink.api.java.operator.DataSinkTest
Running org.apache.flink.api.java.operator.FirstNOperatorTest
Tests run: 4, Failures: 0, Errors: 0, Skipped: 0, Time elapsed: 0.638 sec - in org.apache.flink.api.java.type.extractor.PojoTypeInformationTest
Running org.apache.flink.api.java.operator.CrossOperatorTest
Running org.apache.flink.api.java.operator.JoinOperatorTest
Tests run: 9, Failures: 0, Errors: 0, Skipped: 0, Time elapsed: 0.529 sec - in org.apache.flink.api.java.functions.SelectByFunctionsTest
Running org.apache.flink.api.java.operator.GroupCombineOperatorTest
Tests run: 23, Failures: 0, Errors: 0, Skipped: 0, Time elapsed: 0.653 sec - in org.apache.flink.api.java.operator.CrossOperatorTest
Running org.apache.flink.api.java.operator.ProjectionOperatorTest
Tests run: 22, Failures: 0, Errors: 0, Skipped: 0, Time elapsed: 1.342 sec - in org.apache.flink.api.java.type.extractor.PojoTypeExtractionTest
Tests run: 3, Failures: 0, Errors: 0, Skipped: 0, Time elapsed: 0.021 sec - in org.apache.flink.api.java.operator.ProjectionOperatorTest
Running org.apache.flink.api.java.operator.MaxByOperatorTest
Tests run: 4, Failures: 0, Errors: 0, Skipped: 0, Time elapsed: 1.288 sec - in org.apache.flink.api.java.type.extractor.TypeExtractorInputFormatsTest
Running org.apache.flink.api.java.operator.CoGroupOperatorTest
Running org.apache.flink.api.java.operator.ReduceOperatorTest
Tests run: 10, Failures: 0, Errors: 0, Skipped: 0, Time elapsed: 0.22 sec - in org.apache.flink.api.java.operator.MaxByOperatorTest
Running org.apache.flink.api.java.operator.AggregateOperatorTest
Tests run: 4, Failures: 0, Errors: 0, Skipped: 0, Time elapsed: 0.333 sec - in org.apache.flink.api.java.operator.ReduceOperatorTest
Running org.apache.flink.api.java.operator.SortPartitionTest
Tests run: 10, Failures: 0, Errors: 0, Skipped: 0, Time elapsed: 1.285 sec - in org.apache.flink.api.java.operator.MinByOperatorTest
Running org.apache.flink.api.java.operator.DistinctOperatorTest
Tests run: 3, Failures: 0, Errors: 0, Skipped: 0, Time elapsed: 1.207 sec - in org.apache.flink.api.java.operator.FirstNOperatorTest
Running org.apache.flink.api.java.MultipleInvokationsTest
Tests run: 2, Failures: 0, Errors: 0, Skipped: 0, Time elapsed: 0.142 sec - in org.apache.flink.api.java.operator.AggregateOperatorTest
Running org.apache.flink.api.java.record.ReduceWrappingFunctionTest
Tests run: 18, Failures: 0, Errors: 0, Skipped: 0, Time elapsed: 1.344 sec - in org.apache.flink.api.java.operator.DataSinkTest
Running org.apache.flink.api.java.record.CoGroupWrappingFunctionTest
Tests run: 8, Failures: 0, Errors: 0, Skipped: 0, Time elapsed: 0.143 sec - in org.apache.flink.api.java.operator.SortPartitionTest
Running org.apache.flink.api.java.record.io.ExternalProcessFixedLengthInputFormatTest
Tests run: 5, Failures: 0, Errors: 0, Skipped: 0, Time elapsed: 1.786 sec - in org.apache.flink.api.java.functions.ClosureCleanerTest
Tests run: 11, Failures: 0, Errors: 0, Skipped: 0, Time elapsed: 0.264 sec - in org.apache.flink.api.java.operator.DistinctOperatorTest
Running org.apache.flink.api.java.record.io.TextInputFormatTest
Running org.apache.flink.api.java.record.io.FixedLenghtInputFormatTest
Tests run: 3, Failures: 0, Errors: 0, Skipped: 0, Time elapsed: 2.22 sec - in org.apache.flink.api.java.operators.NamesTest
Tests run: 1, Failures: 0, Errors: 0, Skipped: 0, Time elapsed: 0.399 sec - in org.apache.flink.api.java.MultipleInvokationsTest
Running org.apache.flink.api.java.record.io.CsvInputFormatTest
Running org.apache.flink.api.java.record.io.CsvOutputFormatTest
Tests run: 23, Failures: 0, Errors: 0, Skipped: 0, Time elapsed: 2.024 sec - in org.apache.flink.api.java.functions.SemanticPropertiesTranslationTest
Running org.apache.flink.api.java.record.io.ExternalProcessInputFormatTest
Tests run: 4, Failures: 0, Errors: 0, Skipped: 0, Time elapsed: 0.508 sec - in org.apache.flink.api.java.record.ReduceWrappingFunctionTest
Running org.apache.flink.api.java.typeutils.PojoTypeInfoTest
Tests run: 1, Failures: 0, Errors: 0, Skipped: 0, Time elapsed: 0.016 sec - in org.apache.flink.api.java.typeutils.PojoTypeInfoTest
Tests run: 7, Failures: 0, Errors: 0, Skipped: 0, Time elapsed: 1.513 sec - in org.apache.flink.api.java.operator.GroupCombineOperatorTest
Running org.apache.flink.api.java.typeutils.TypeInfoParserTest
Running org.apache.flink.api.java.typeutils.CompositeTypeTest
Tests run: 2, Failures: 0, Errors: 0, Skipped: 0, Time elapsed: 0.04 sec - in org.apache.flink.api.java.typeutils.CompositeTypeTest
Running org.apache.flink.api.java.typeutils.runtime.AvroGenericTypeSerializerTest
Tests run: 2, Failures: 0, Errors: 0, Skipped: 0, Time elapsed: 0.36 sec - in org.apache.flink.api.java.record.io.TextInputFormatTest
Running org.apache.flink.api.java.typeutils.runtime.AvroSerializerEmptyArrayTest
Tests run: 3, Failures: 0, Errors: 0, Skipped: 0, Time elapsed: 0.365 sec - in org.apache.flink.api.java.record.io.FixedLenghtInputFormatTest
Running org.apache.flink.api.java.typeutils.runtime.WritableSerializerTest
Tests run: 7, Failures: 0, Errors: 0, Skipped: 0, Time elapsed: 0.239 sec - in org.apache.flink.api.java.record.io.CsvOutputFormatTest
Running org.apache.flink.api.java.typeutils.runtime.TupleComparatorILDXC2Test
Tests run: 7, Failures: 0, Errors: 0, Skipped: 0, Time elapsed: 2.016 sec - in org.apache.flink.api.java.operator.GroupReduceOperatorTest
Running org.apache.flink.api.java.typeutils.runtime.TupleComparatorISD1Test
Tests run: 3, Failures: 0, Errors: 0, Skipped: 0, Time elapsed: 0.651 sec - in org.apache.flink.api.java.record.CoGroupWrappingFunctionTest
Running org.apache.flink.api.java.typeutils.runtime.GenericPairComparatorTest
Tests run: 4, Failures: 0, Errors: 0, Skipped: 0, Time elapsed: 2.356 sec - in org.apache.flink.api.java.functions.SemanticPropertiesPrecedenceTest
Tests run: 2, Failures: 0, Errors: 0, Skipped: 0, Time elapsed: 0.049 sec - in org.apache.flink.api.java.typeutils.runtime.GenericPairComparatorTest
Running org.apache.flink.api.java.typeutils.runtime.TupleComparatorTTT2Test
Running org.apache.flink.api.java.typeutils.runtime.TupleComparatorILD3Test
Tests run: 10, Failures: 0, Errors: 0, Skipped: 0, Time elapsed: 0.19 sec - in org.apache.flink.api.java.typeutils.runtime.TupleComparatorILDXC2Test
Running org.apache.flink.api.java.typeutils.runtime.AvroGenericTypeComparatorTest
Tests run: 7, Failures: 0, Errors: 0, Skipped: 0, Time elapsed: 2.741 sec - in org.apache.flink.api.java.operators.KeysTest
Running org.apache.flink.api.java.typeutils.runtime.kryo.KryoWithCustomSerializersTest
Tests run: 1, Failures: 0, Errors: 0, Skipped: 0, Time elapsed: 2.709 sec - in org.apache.flink.api.java.operators.translation.AggregateTranslationTest
Running org.apache.flink.api.java.typeutils.runtime.kryo.KryoGenericArraySerializerTest
Tests run: 13, Failures: 0, Errors: 0, Skipped: 0, Time elapsed: 0.384 sec - in org.apache.flink.api.java.typeutils.TypeInfoParserTest
Running org.apache.flink.api.java.typeutils.runtime.kryo.KryoGenericTypeSerializerTest
Tests run: 29, Failures: 0, Errors: 0, Skipped: 0, Time elapsed: 1.368 sec - in org.apache.flink.api.java.operator.CoGroupOperatorTest
Running org.apache.flink.api.java.typeutils.runtime.kryo.SerializersTest
Tests run: 6, Failures: 0, Errors: 0, Skipped: 0, Time elapsed: 2.762 sec - in org.apache.flink.api.java.operators.translation.DistinctTranslationTest
Running org.apache.flink.api.java.typeutils.runtime.kryo.KryoGenericTypeComparatorTest
Tests run: 10, Failures: 0, Errors: 0, Skipped: 0, Time elapsed: 0.223 sec - in org.apache.flink.api.java.typeutils.runtime.TupleComparatorISD1Test
Running org.apache.flink.api.java.typeutils.runtime.TupleSerializerTest
Tests run: 5, Failures: 0, Errors: 0, Skipped: 0, Time elapsed: 0.9 sec - in org.apache.flink.api.java.record.io.ExternalProcessFixedLengthInputFormatTest
Running org.apache.flink.api.java.typeutils.runtime.PojoSubclassComparatorTest
Tests run: 58, Failures: 1, Errors: 0, Skipped: 0, Time elapsed: 2.768 sec <<< FAILURE! - in org.apache.flink.api.java.type.extractor.TypeExtractorTest
testPojo(org.apache.flink.api.java.type.extractor.TypeExtractorTest)  Time elapsed: 0.056 sec  <<< FAILURE!
java.lang.AssertionError: null
	at org.junit.Assert.fail(Assert.java:86)
	at org.junit.Assert.assertTrue(Assert.java:41)
	at org.junit.Assert.assertFalse(Assert.java:64)
	at org.junit.Assert.assertFalse(Assert.java:74)
	at org.apache.flink.api.java.type.extractor.TypeExtractorTest.testPojo(TypeExtractorTest.java:354)

Running org.apache.flink.api.java.typeutils.runtime.ValueComparatorTest
Tests run: 6, Failures: 0, Errors: 0, Skipped: 0, Time elapsed: 2.62 sec - in org.apache.flink.api.java.functions.SemanticPropertiesProjectionTest
Running org.apache.flink.api.java.typeutils.runtime.TupleComparatorISD2Test
Tests run: 1, Failures: 0, Errors: 0, Skipped: 0, Time elapsed: 2.902 sec - in org.apache.flink.api.java.hadoop.mapred.HadoopInputFormatTest
Running org.apache.flink.api.java.typeutils.runtime.TupleComparatorILDC3Test
Tests run: 10, Failures: 0, Errors: 0, Skipped: 0, Time elapsed: 0.264 sec - in org.apache.flink.api.java.typeutils.runtime.TupleComparatorILD3Test
Running org.apache.flink.api.java.typeutils.runtime.TupleComparatorISD3Test
Tests run: 4, Failures: 0, Errors: 0, Skipped: 0, Time elapsed: 0.678 sec - in org.apache.flink.api.java.record.io.ExternalProcessInputFormatTest
Running org.apache.flink.api.java.typeutils.runtime.TupleComparatorTTT3Test
Tests run: 8, Failures: 0, Errors: 0, Skipped: 0, Time elapsed: 0.757 sec - in org.apache.flink.api.java.record.io.CsvInputFormatTest
Running org.apache.flink.api.java.typeutils.runtime.WritableComparatorTest
Tests run: 10, Failures: 0, Errors: 0, Skipped: 0, Time elapsed: 0.404 sec - in org.apache.flink.api.java.typeutils.runtime.TupleComparatorTTT2Test
Running org.apache.flink.api.java.typeutils.runtime.CopyableValueComparatorTest
Tests run: 10, Failures: 0, Errors: 0, Skipped: 0, Time elapsed: 0.15 sec - in org.apache.flink.api.java.typeutils.runtime.TupleComparatorILDC3Test
Running org.apache.flink.api.java.typeutils.runtime.PojoComparatorTest
Tests run: 10, Failures: 0, Errors: 0, Skipped: 0, Time elapsed: 0.156 sec - in org.apache.flink.api.java.typeutils.runtime.TupleComparatorTTT3Test
Running org.apache.flink.api.java.typeutils.runtime.TupleComparatorILD2Test
Tests run: 10, Failures: 0, Errors: 0, Skipped: 0, Time elapsed: 0.202 sec - in org.apache.flink.api.java.typeutils.runtime.TupleComparatorISD3Test
Running org.apache.flink.api.java.typeutils.runtime.TupleComparatorTTT1Test
Tests run: 10, Failures: 0, Errors: 0, Skipped: 0, Time elapsed: 0.229 sec - in org.apache.flink.api.java.typeutils.runtime.TupleComparatorISD2Test
Running org.apache.flink.api.java.typeutils.runtime.TupleComparatorILDX1Test
Tests run: 10, Failures: 0, Errors: 0, Skipped: 0, Time elapsed: 0.061 sec - in org.apache.flink.api.java.typeutils.runtime.TupleComparatorILD2Test
Running org.apache.flink.api.java.typeutils.runtime.PojoSubclassSerializerTest
Tests run: 10, Failures: 0, Errors: 0, Skipped: 0, Time elapsed: 0.367 sec - in org.apache.flink.api.java.typeutils.runtime.ValueComparatorTest
Running org.apache.flink.api.java.typeutils.runtime.AvroGenericArraySerializerTest
Tests run: 10, Failures: 0, Errors: 0, Skipped: 0, Time elapsed: 0.161 sec - in org.apache.flink.api.java.typeutils.runtime.CopyableValueComparatorTest
Running org.apache.flink.api.java.typeutils.runtime.PojoGenericTypeSerializerTest
Tests run: 10, Failures: 0, Errors: 0, Skipped: 0, Time elapsed: 0.176 sec - in org.apache.flink.api.java.typeutils.runtime.TupleComparatorILDX1Test
Running org.apache.flink.api.java.typeutils.runtime.SubclassFromInterfaceSerializerTest
Tests run: 10, Failures: 0, Errors: 0, Skipped: 0, Time elapsed: 0.198 sec - in org.apache.flink.api.java.typeutils.runtime.TupleComparatorTTT1Test
Running org.apache.flink.api.java.typeutils.runtime.PojoSerializerTest
Tests run: 10, Failures: 0, Errors: 0, Skipped: 0, Time elapsed: 0.547 sec - in org.apache.flink.api.java.typeutils.runtime.PojoSubclassComparatorTest
Running org.apache.flink.api.java.typeutils.runtime.MultidimensionalArraySerializerTest
Tests run: 1, Failures: 0, Errors: 0, Skipped: 0, Time elapsed: 0.912 sec - in org.apache.flink.api.java.typeutils.runtime.WritableSerializerTest
Running org.apache.flink.api.java.utils.ParameterToolTest
Tests run: 2, Failures: 0, Errors: 0, Skipped: 0, Time elapsed: 3.379 sec - in org.apache.flink.api.java.operators.translation.CoGroupSortTranslationTest
Running org.apache.flink.api.java.sca.UdfAnalyzerTest
Tests run: 3, Failures: 0, Errors: 0, Skipped: 0, Time elapsed: 3.418 sec - in org.apache.flink.api.java.operators.translation.DeltaIterationTranslationTest
Running org.apache.flink.api.java.sca.UdfAnalyzerExamplesTest
Tests run: 13, Failures: 0, Errors: 0, Skipped: 0, Time elapsed: 0.17 sec - in org.apache.flink.api.java.typeutils.runtime.PojoSerializerTest
Running org.apache.flink.api.java.tuple.Tuple2Test
Tests run: 2, Failures: 0, Errors: 0, Skipped: 0, Time elapsed: 0.02 sec - in org.apache.flink.api.java.tuple.Tuple2Test
Running org.apache.flink.api.java.io.CSVReaderTest
Tests run: 10, Failures: 0, Errors: 0, Skipped: 0, Time elapsed: 0.646 sec - in org.apache.flink.api.java.typeutils.runtime.PojoComparatorTest
Running org.apache.flink.api.java.io.TypeSerializerFormatTest
Tests run: 12, Failures: 0, Errors: 0, Skipped: 0, Time elapsed: 0.272 sec - in org.apache.flink.api.java.io.CSVReaderTest
Running org.apache.flink.api.java.io.TextInputFormatTest
Tests run: 65, Failures: 0, Errors: 0, Skipped: 0, Time elapsed: 3.685 sec - in org.apache.flink.api.java.functions.SemanticPropUtilTest
Running org.apache.flink.api.java.io.CollectionInputFormatTest
Tests run: 10, Failures: 0, Errors: 0, Skipped: 0, Time elapsed: 0.923 sec - in org.apache.flink.api.java.typeutils.runtime.WritableComparatorTest
Running org.apache.flink.api.java.io.PrimitiveInputFormatTest
Tests run: 5, Failures: 0, Errors: 0, Skipped: 0, Time elapsed: 0.08 sec - in org.apache.flink.api.java.io.PrimitiveInputFormatTest
Running org.apache.flink.api.java.io.CsvInputFormatTest
Tests run: 2, Failures: 0, Errors: 0, Skipped: 0, Time elapsed: 0.265 sec - in org.apache.flink.api.java.io.TextInputFormatTest
Running org.apache.flink.api.common.operators.CollectionExecutionWithBroadcastVariableTest
Tests run: 35, Failures: 0, Errors: 0, Skipped: 0, Time elapsed: 3.71 sec - in org.apache.flink.api.java.operator.GroupingTest
Running org.apache.flink.api.common.operators.CollectionExecutionAccumulatorsTest
Tests run: 2, Failures: 0, Errors: 0, Skipped: 0, Time elapsed: 0.147 sec - in org.apache.flink.api.common.operators.CollectionExecutionWithBroadcastVariableTest
Running org.apache.flink.api.common.operators.base.JoinOperatorBaseTest
Tests run: 1, Failures: 0, Errors: 0, Skipped: 0, Time elapsed: 0.028 sec - in org.apache.flink.api.common.operators.base.JoinOperatorBaseTest
Running org.apache.flink.api.common.operators.base.GroupReduceOperatorTest
Tests run: 2, Failures: 0, Errors: 0, Skipped: 0, Time elapsed: 0.039 sec - in org.apache.flink.api.common.operators.base.GroupReduceOperatorTest
Running org.apache.flink.api.common.operators.base.CoGroupOperatorCollectionTest
Tests run: 1, Failures: 0, Errors: 0, Skipped: 0, Time elapsed: 0.034 sec - in org.apache.flink.api.common.operators.base.CoGroupOperatorCollectionTest
Running org.apache.flink.api.common.operators.base.ReduceOperatorTest
Tests run: 2, Failures: 0, Errors: 0, Skipped: 0, Time elapsed: 0.045 sec - in org.apache.flink.api.common.operators.base.ReduceOperatorTest
Running org.apache.flink.api.common.operators.CollectionExecutionIterationTest
Tests run: 3, Failures: 0, Errors: 0, Skipped: 0, Time elapsed: 0.177 sec - in org.apache.flink.api.common.operators.CollectionExecutionIterationTest
Tests run: 23, Failures: 0, Errors: 0, Skipped: 0, Time elapsed: 0.592 sec - in org.apache.flink.api.java.io.CsvInputFormatTest
Tests run: 1, Failures: 0, Errors: 0, Skipped: 0, Time elapsed: 0.557 sec - in org.apache.flink.api.common.operators.CollectionExecutionAccumulatorsTest
Tests run: 13, Failures: 0, Errors: 0, Skipped: 0, Time elapsed: 1.67 sec - in org.apache.flink.api.java.utils.ParameterToolTest
Tests run: 2, Failures: 0, Errors: 0, Skipped: 0, Time elapsed: 2.649 sec - in org.apache.flink.api.java.typeutils.runtime.AvroSerializerEmptyArrayTest
HERE
Tests run: 1, Failures: 0, Errors: 0, Skipped: 0, Time elapsed: 2.674 sec - in org.apache.flink.api.java.typeutils.runtime.kryo.SerializersTest
Tests run: 63, Failures: 0, Errors: 0, Skipped: 0, Time elapsed: 2.18 sec - in org.apache.flink.api.java.sca.UdfAnalyzerTest
Tests run: 12, Failures: 0, Errors: 0, Skipped: 0, Time elapsed: 2.462 sec - in org.apache.flink.api.java.typeutils.runtime.PojoSubclassSerializerTest
Tests run: 6, Failures: 0, Errors: 0, Skipped: 0, Time elapsed: 3.368 sec - in org.apache.flink.api.java.typeutils.runtime.AvroGenericTypeSerializerTest
Tests run: 4, Failures: 0, Errors: 0, Skipped: 0, Time elapsed: 3.231 sec - in org.apache.flink.api.java.typeutils.runtime.AvroGenericTypeComparatorTest
Tests run: 18, Failures: 0, Errors: 0, Skipped: 0, Time elapsed: 2.602 sec - in org.apache.flink.api.java.sca.UdfAnalyzerExamplesTest
Tests run: 1, Failures: 0, Errors: 0, Skipped: 0, Time elapsed: 6.179 sec - in org.apache.flink.api.java.hadoop.mapreduce.HadoopInputFormatTest
Tests run: 12, Failures: 0, Errors: 0, Skipped: 0, Time elapsed: 3.029 sec - in org.apache.flink.api.java.typeutils.runtime.SubclassFromInterfaceSerializerTest
Tests run: 5, Failures: 0, Errors: 0, Skipped: 0, Time elapsed: 3.289 sec - in org.apache.flink.api.java.typeutils.runtime.AvroGenericArraySerializerTest
Tests run: 4, Failures: 0, Errors: 0, Skipped: 0, Time elapsed: 3.152 sec - in org.apache.flink.api.java.typeutils.runtime.MultidimensionalArraySerializerTest
Tests run: 6, Failures: 0, Errors: 0, Skipped: 0, Time elapsed: 3.295 sec - in org.apache.flink.api.java.typeutils.runtime.PojoGenericTypeSerializerTest
Tests run: 63, Failures: 0, Errors: 0, Skipped: 0, Time elapsed: 6.155 sec - in org.apache.flink.api.java.operator.JoinOperatorTest
Tests run: 12, Failures: 0, Errors: 0, Skipped: 0, Time elapsed: 4.212 sec - in org.apache.flink.api.java.typeutils.runtime.kryo.KryoGenericTypeSerializerTest
Tests run: 7, Failures: 0, Errors: 0, Skipped: 0, Time elapsed: 4.3 sec - in org.apache.flink.api.java.typeutils.runtime.kryo.KryoWithCustomSerializersTest
Tests run: 5, Failures: 0, Errors: 0, Skipped: 0, Time elapsed: 4.398 sec - in org.apache.flink.api.java.typeutils.runtime.kryo.KryoGenericArraySerializerTest
Tests run: 4, Failures: 0, Errors: 0, Skipped: 0, Time elapsed: 3.32 sec - in org.apache.flink.api.java.io.CollectionInputFormatTest
Tests run: 6, Failures: 0, Errors: 0, Skipped: 0, Time elapsed: 4.956 sec - in org.apache.flink.api.java.typeutils.runtime.TupleSerializerTest
Tests run: 4, Failures: 0, Errors: 0, Skipped: 0, Time elapsed: 6.114 sec - in org.apache.flink.api.java.typeutils.runtime.kryo.KryoGenericTypeComparatorTest
Tests run: 40, Failures: 0, Errors: 0, Skipped: 0, Time elapsed: 7.409 sec - in org.apache.flink.api.java.io.TypeSerializerFormatTest

Results :

Failed tests: 
  TypeExtractorTest.testPojo:354 null

Tests run: 966, Failures: 1, Errors: 0, Skipped: 0

[INFO] ------------------------------------------------------------------------
[INFO] BUILD FAILURE
[INFO] ------------------------------------------------------------------------
[INFO] Total time: 24.624 s
[INFO] Finished at: 2016-07-15T01:42:09-07:00
[INFO] Final Memory: 34M/2476M
[INFO] ------------------------------------------------------------------------
[ERROR] Failed to execute goal org.apache.maven.plugins:maven-surefire-plugin:2.17:test (default-test) on project flink-java: There are test failures.
[ERROR] 
[ERROR] Please refer to /space/parallel/flink/flink9/dataset/flink/FLINK-2437_a41bc8cc137096916e79f145387804fe94864307/flink-java/target/surefire-reports for the individual test results.
[ERROR] -> [Help 1]
[ERROR] 
[ERROR] To see the full stack trace of the errors, re-run Maven with the -e switch.
[ERROR] Re-run Maven using the -X switch to enable full debug logging.
[ERROR] 
[ERROR] For more information about the errors and possible solutions, please read the following articles:
[ERROR] [Help 1] http://cwiki.apache.org/confluence/display/MAVEN/MojoFailureException
