[INFO] Scanning for projects...
[INFO]                                                                         
[INFO] ------------------------------------------------------------------------
[INFO] Building Oak Core 1.4-SNAPSHOT
[INFO] ------------------------------------------------------------------------
[INFO] 
[INFO] --- jacoco-maven-plugin:0.7.1.201405082137:prepare-agent (pre-unit-test) @ oak-core ---
[INFO] Skipping JaCoCo execution because property jacoco.skip is set.
[INFO] test.opts.coverage set to empty
[INFO] 
[INFO] --- maven-remote-resources-plugin:1.4:process (default) @ oak-core ---
[INFO] 
[INFO] --- maven-resources-plugin:2.6:resources (default-resources) @ oak-core ---
[INFO] Using 'UTF-8' encoding to copy filtered resources.
[INFO] Copying 3 resources
[INFO] Copying 3 resources
[INFO] 
[INFO] --- maven-compiler-plugin:2.5.1:compile (default-compile) @ oak-core ---
[INFO] Compiling 4 source files to /home/ylyu/parallel/oak/oak9/dataset/oak/OAK-3897_94c6c575022812919f41f0a14e45d18b16b5b9cc/oak-core/target/classes
[INFO] 
[INFO] --- maven-scr-plugin:1.16.0:scr (generate-scr-scrdescriptor) @ oak-core ---
[WARNING] /home/ylyu/parallel/oak/oak9/dataset/oak/OAK-3897_94c6c575022812919f41f0a14e45d18b16b5b9cc/oak-core/src/main/java/org/apache/jackrabbit/oak/plugins/blob/datastore/DbDataStoreService.java [1:1]:  Component org.apache.jackrabbit.oak.plugins.blob.datastore.DbDataStore is using the deprecated inheritance feature and inherits from org.apache.jackrabbit.oak.plugins.blob.datastore.AbstractDataStoreService. This feature will be removed in future versions.
[WARNING] /home/ylyu/parallel/oak/oak9/dataset/oak/OAK-3897_94c6c575022812919f41f0a14e45d18b16b5b9cc/oak-core/src/main/java/org/apache/jackrabbit/oak/plugins/blob/datastore/SharedS3DataStoreService.java [1:1]:  Component org.apache.jackrabbit.oak.plugins.blob.datastore.SharedS3DataStore is using the deprecated inheritance feature and inherits from org.apache.jackrabbit.oak.plugins.blob.datastore.AbstractDataStoreService. This feature will be removed in future versions.
[WARNING] /home/ylyu/parallel/oak/oak9/dataset/oak/OAK-3897_94c6c575022812919f41f0a14e45d18b16b5b9cc/oak-core/src/main/java/org/apache/jackrabbit/oak/plugins/blob/datastore/FileDataStoreService.java [1:1]:  Component org.apache.jackrabbit.oak.plugins.blob.datastore.FileDataStore is using the deprecated inheritance feature and inherits from org.apache.jackrabbit.oak.plugins.blob.datastore.AbstractDataStoreService. This feature will be removed in future versions.
[WARNING] /home/ylyu/parallel/oak/oak9/dataset/oak/OAK-3897_94c6c575022812919f41f0a14e45d18b16b5b9cc/oak-core/src/main/java/org/apache/jackrabbit/oak/plugins/blob/datastore/S3DataStoreService.java [1:1]:  Component org.apache.jackrabbit.oak.plugins.blob.datastore.S3DataStore is using the deprecated inheritance feature and inherits from org.apache.jackrabbit.oak.plugins.blob.datastore.AbstractDataStoreService. This feature will be removed in future versions.
[WARNING] /home/ylyu/parallel/oak/oak9/dataset/oak/OAK-3897_94c6c575022812919f41f0a14e45d18b16b5b9cc/oak-core/src/main/java/org/apache/jackrabbit/oak/plugins/blob/datastore/CachingFDSService.java [1:1]:  Component org.apache.jackrabbit.oak.plugins.blob.datastore.CachingFDS is using the deprecated inheritance feature and inherits from org.apache.jackrabbit.oak.plugins.blob.datastore.AbstractDataStoreService. This feature will be removed in future versions.
[WARNING] /home/ylyu/parallel/oak/oak9/dataset/oak/OAK-3897_94c6c575022812919f41f0a14e45d18b16b5b9cc/oak-core/src/main/java/org/apache/jackrabbit/oak/plugins/atomic/AtomicCounterEditorProvider.java [1:1]: Property type in class org.apache.jackrabbit.oak.plugins.atomic.AtomicCounterEditorProvider is set as private. This is redundant as no metatype will be generated.
[WARNING] /home/ylyu/parallel/oak/oak9/dataset/oak/OAK-3897_94c6c575022812919f41f0a14e45d18b16b5b9cc/oak-core/src/main/java/org/apache/jackrabbit/oak/plugins/index/property/PropertyIndexEditorProvider.java [1:1]: Property type in class org.apache.jackrabbit.oak.plugins.index.property.PropertyIndexEditorProvider is set as private. This is redundant as no metatype will be generated.
[INFO] Generating 1 MetaType Descriptors in /home/ylyu/parallel/oak/oak9/dataset/oak/OAK-3897_94c6c575022812919f41f0a14e45d18b16b5b9cc/oak-core/target/classes/OSGI-INF/metatype/org.apache.jackrabbit.oak.security.authorization.AuthorizationConfigurationImpl.xml
[INFO] Generating 1 MetaType Descriptors in /home/ylyu/parallel/oak/oak9/dataset/oak/OAK-3897_94c6c575022812919f41f0a14e45d18b16b5b9cc/oak-core/target/classes/OSGI-INF/metatype/org.apache.jackrabbit.oak.security.authentication.AuthenticationConfigurationImpl.xml
[INFO] Generating 1 MetaType Descriptors in /home/ylyu/parallel/oak/oak9/dataset/oak/OAK-3897_94c6c575022812919f41f0a14e45d18b16b5b9cc/oak-core/target/classes/OSGI-INF/metatype/org.apache.jackrabbit.oak.security.authentication.token.TokenConfigurationImpl.xml
[INFO] Generating 1 MetaType Descriptors in /home/ylyu/parallel/oak/oak9/dataset/oak/OAK-3897_94c6c575022812919f41f0a14e45d18b16b5b9cc/oak-core/target/classes/OSGI-INF/metatype/org.apache.jackrabbit.oak.security.user.RandomAuthorizableNodeName.xml
[INFO] Generating 1 MetaType Descriptors in /home/ylyu/parallel/oak/oak9/dataset/oak/OAK-3897_94c6c575022812919f41f0a14e45d18b16b5b9cc/oak-core/target/classes/OSGI-INF/metatype/org.apache.jackrabbit.oak.security.user.UserConfigurationImpl.xml
[INFO] Generating 1 MetaType Descriptors in /home/ylyu/parallel/oak/oak9/dataset/oak/OAK-3897_94c6c575022812919f41f0a14e45d18b16b5b9cc/oak-core/target/classes/OSGI-INF/metatype/org.apache.jackrabbit.oak.security.internal.SecurityProviderRegistration.xml
[INFO] Generating 1 MetaType Descriptors in /home/ylyu/parallel/oak/oak9/dataset/oak/OAK-3897_94c6c575022812919f41f0a14e45d18b16b5b9cc/oak-core/target/classes/OSGI-INF/metatype/org.apache.jackrabbit.oak.plugins.metric.StatisticsProviderFactory.xml
[INFO] Generating 1 MetaType Descriptors in /home/ylyu/parallel/oak/oak9/dataset/oak/OAK-3897_94c6c575022812919f41f0a14e45d18b16b5b9cc/oak-core/target/classes/OSGI-INF/metatype/org.apache.jackrabbit.oak.plugins.blob.datastore.DataStoreTextProviderService.xml
[INFO] Generating 1 MetaType Descriptors in /home/ylyu/parallel/oak/oak9/dataset/oak/OAK-3897_94c6c575022812919f41f0a14e45d18b16b5b9cc/oak-core/target/classes/OSGI-INF/metatype/org.apache.jackrabbit.oak.plugins.segment.SegmentNodeStoreService.xml
[INFO] Generating 1 MetaType Descriptors in /home/ylyu/parallel/oak/oak9/dataset/oak/OAK-3897_94c6c575022812919f41f0a14e45d18b16b5b9cc/oak-core/target/classes/OSGI-INF/metatype/org.apache.jackrabbit.oak.plugins.document.DocumentNodeStoreService.xml
[INFO] Generating 1 MetaType Descriptors in /home/ylyu/parallel/oak/oak9/dataset/oak/OAK-3897_94c6c575022812919f41f0a14e45d18b16b5b9cc/oak-core/target/classes/OSGI-INF/metatype/org.apache.jackrabbit.oak.spi.security.user.action.DefaultAuthorizableActionProvider.xml
[INFO] Writing 1 Service Component Descriptors to /home/ylyu/parallel/oak/oak9/dataset/oak/OAK-3897_94c6c575022812919f41f0a14e45d18b16b5b9cc/oak-core/target/classes/OSGI-INF/org.apache.jackrabbit.oak.security.authorization.restriction.RestrictionProviderImpl.xml
[INFO] Writing 1 Service Component Descriptors to /home/ylyu/parallel/oak/oak9/dataset/oak/OAK-3897_94c6c575022812919f41f0a14e45d18b16b5b9cc/oak-core/target/classes/OSGI-INF/org.apache.jackrabbit.oak.security.authorization.AuthorizationConfigurationImpl.xml
[INFO] Writing 1 Service Component Descriptors to /home/ylyu/parallel/oak/oak9/dataset/oak/OAK-3897_94c6c575022812919f41f0a14e45d18b16b5b9cc/oak-core/target/classes/OSGI-INF/org.apache.jackrabbit.oak.security.authentication.AuthenticationConfigurationImpl.xml
[INFO] Writing 1 Service Component Descriptors to /home/ylyu/parallel/oak/oak9/dataset/oak/OAK-3897_94c6c575022812919f41f0a14e45d18b16b5b9cc/oak-core/target/classes/OSGI-INF/org.apache.jackrabbit.oak.security.authentication.token.TokenConfigurationImpl.xml
[INFO] Writing 1 Service Component Descriptors to /home/ylyu/parallel/oak/oak9/dataset/oak/OAK-3897_94c6c575022812919f41f0a14e45d18b16b5b9cc/oak-core/target/classes/OSGI-INF/org.apache.jackrabbit.oak.security.privilege.PrivilegeConfigurationImpl.xml
[INFO] Writing 1 Service Component Descriptors to /home/ylyu/parallel/oak/oak9/dataset/oak/OAK-3897_94c6c575022812919f41f0a14e45d18b16b5b9cc/oak-core/target/classes/OSGI-INF/org.apache.jackrabbit.oak.security.principal.PrincipalConfigurationImpl.xml
[INFO] Writing 1 Service Component Descriptors to /home/ylyu/parallel/oak/oak9/dataset/oak/OAK-3897_94c6c575022812919f41f0a14e45d18b16b5b9cc/oak-core/target/classes/OSGI-INF/org.apache.jackrabbit.oak.security.user.UserAuthenticationFactoryImpl.xml
[INFO] Writing 1 Service Component Descriptors to /home/ylyu/parallel/oak/oak9/dataset/oak/OAK-3897_94c6c575022812919f41f0a14e45d18b16b5b9cc/oak-core/target/classes/OSGI-INF/org.apache.jackrabbit.oak.security.user.RandomAuthorizableNodeName.xml
[INFO] Writing 1 Service Component Descriptors to /home/ylyu/parallel/oak/oak9/dataset/oak/OAK-3897_94c6c575022812919f41f0a14e45d18b16b5b9cc/oak-core/target/classes/OSGI-INF/org.apache.jackrabbit.oak.security.user.UserConfigurationImpl.xml
[INFO] Writing 1 Service Component Descriptors to /home/ylyu/parallel/oak/oak9/dataset/oak/OAK-3897_94c6c575022812919f41f0a14e45d18b16b5b9cc/oak-core/target/classes/OSGI-INF/org.apache.jackrabbit.oak.security.internal.SecurityProviderRegistration.xml
[INFO] Writing 1 Service Component Descriptors to /home/ylyu/parallel/oak/oak9/dataset/oak/OAK-3897_94c6c575022812919f41f0a14e45d18b16b5b9cc/oak-core/target/classes/OSGI-INF/org.apache.jackrabbit.oak.plugins.commit.ConflictValidatorProvider.xml
[INFO] Writing 1 Service Component Descriptors to /home/ylyu/parallel/oak/oak9/dataset/oak/OAK-3897_94c6c575022812919f41f0a14e45d18b16b5b9cc/oak-core/target/classes/OSGI-INF/org.apache.jackrabbit.oak.plugins.metric.StatisticsProviderFactory.xml
[INFO] Writing 1 Service Component Descriptors to /home/ylyu/parallel/oak/oak9/dataset/oak/OAK-3897_94c6c575022812919f41f0a14e45d18b16b5b9cc/oak-core/target/classes/OSGI-INF/org.apache.jackrabbit.oak.plugins.nodetype.TypeEditorProvider.xml
[INFO] Writing 1 Service Component Descriptors to /home/ylyu/parallel/oak/oak9/dataset/oak/OAK-3897_94c6c575022812919f41f0a14e45d18b16b5b9cc/oak-core/target/classes/OSGI-INF/org.apache.jackrabbit.oak.plugins.blob.migration.BlobMigration.xml
[INFO] Writing 1 Service Component Descriptors to /home/ylyu/parallel/oak/oak9/dataset/oak/OAK-3897_94c6c575022812919f41f0a14e45d18b16b5b9cc/oak-core/target/classes/OSGI-INF/org.apache.jackrabbit.oak.plugins.blob.datastore.DbDataStoreService.xml
[INFO] Writing 1 Service Component Descriptors to /home/ylyu/parallel/oak/oak9/dataset/oak/OAK-3897_94c6c575022812919f41f0a14e45d18b16b5b9cc/oak-core/target/classes/OSGI-INF/org.apache.jackrabbit.oak.plugins.blob.datastore.SharedS3DataStoreService.xml
[INFO] Writing 1 Service Component Descriptors to /home/ylyu/parallel/oak/oak9/dataset/oak/OAK-3897_94c6c575022812919f41f0a14e45d18b16b5b9cc/oak-core/target/classes/OSGI-INF/org.apache.jackrabbit.oak.plugins.blob.datastore.FileDataStoreService.xml
[INFO] Writing 1 Service Component Descriptors to /home/ylyu/parallel/oak/oak9/dataset/oak/OAK-3897_94c6c575022812919f41f0a14e45d18b16b5b9cc/oak-core/target/classes/OSGI-INF/org.apache.jackrabbit.oak.plugins.blob.datastore.S3DataStoreService.xml
[INFO] Writing 1 Service Component Descriptors to /home/ylyu/parallel/oak/oak9/dataset/oak/OAK-3897_94c6c575022812919f41f0a14e45d18b16b5b9cc/oak-core/target/classes/OSGI-INF/org.apache.jackrabbit.oak.plugins.blob.datastore.DataStoreTextProviderService.xml
[INFO] Writing 1 Service Component Descriptors to /home/ylyu/parallel/oak/oak9/dataset/oak/OAK-3897_94c6c575022812919f41f0a14e45d18b16b5b9cc/oak-core/target/classes/OSGI-INF/org.apache.jackrabbit.oak.plugins.blob.datastore.CachingFDSService.xml
[INFO] Writing 1 Service Component Descriptors to /home/ylyu/parallel/oak/oak9/dataset/oak/OAK-3897_94c6c575022812919f41f0a14e45d18b16b5b9cc/oak-core/target/classes/OSGI-INF/org.apache.jackrabbit.oak.plugins.segment.SegmentDiscoveryLiteService.xml
[INFO] Writing 1 Service Component Descriptors to /home/ylyu/parallel/oak/oak9/dataset/oak/OAK-3897_94c6c575022812919f41f0a14e45d18b16b5b9cc/oak-core/target/classes/OSGI-INF/org.apache.jackrabbit.oak.plugins.segment.SegmentNodeStoreService.xml
[INFO] Writing 1 Service Component Descriptors to /home/ylyu/parallel/oak/oak9/dataset/oak/OAK-3897_94c6c575022812919f41f0a14e45d18b16b5b9cc/oak-core/target/classes/OSGI-INF/org.apache.jackrabbit.oak.plugins.itemsave.ItemSaveValidatorProvider.xml
[INFO] Writing 1 Service Component Descriptors to /home/ylyu/parallel/oak/oak9/dataset/oak/OAK-3897_94c6c575022812919f41f0a14e45d18b16b5b9cc/oak-core/target/classes/OSGI-INF/org.apache.jackrabbit.oak.plugins.version.VersionEditorProvider.xml
[INFO] Writing 1 Service Component Descriptors to /home/ylyu/parallel/oak/oak9/dataset/oak/OAK-3897_94c6c575022812919f41f0a14e45d18b16b5b9cc/oak-core/target/classes/OSGI-INF/org.apache.jackrabbit.oak.plugins.atomic.AtomicCounterEditorProvider.xml
[INFO] Writing 1 Service Component Descriptors to /home/ylyu/parallel/oak/oak9/dataset/oak/OAK-3897_94c6c575022812919f41f0a14e45d18b16b5b9cc/oak-core/target/classes/OSGI-INF/org.apache.jackrabbit.oak.plugins.index.property.OrderedPropertyIndexEditorProvider.xml
[INFO] Writing 1 Service Component Descriptors to /home/ylyu/parallel/oak/oak9/dataset/oak/OAK-3897_94c6c575022812919f41f0a14e45d18b16b5b9cc/oak-core/target/classes/OSGI-INF/org.apache.jackrabbit.oak.plugins.index.property.PropertyIndexProvider.xml
[INFO] Writing 1 Service Component Descriptors to /home/ylyu/parallel/oak/oak9/dataset/oak/OAK-3897_94c6c575022812919f41f0a14e45d18b16b5b9cc/oak-core/target/classes/OSGI-INF/org.apache.jackrabbit.oak.plugins.index.property.PropertyIndexEditorProvider.xml
[INFO] Writing 1 Service Component Descriptors to /home/ylyu/parallel/oak/oak9/dataset/oak/OAK-3897_94c6c575022812919f41f0a14e45d18b16b5b9cc/oak-core/target/classes/OSGI-INF/org.apache.jackrabbit.oak.plugins.index.property.OrderedPropertyIndexProvider.xml
[INFO] Writing 1 Service Component Descriptors to /home/ylyu/parallel/oak/oak9/dataset/oak/OAK-3897_94c6c575022812919f41f0a14e45d18b16b5b9cc/oak-core/target/classes/OSGI-INF/org.apache.jackrabbit.oak.plugins.index.nodetype.NodeTypeIndexProvider.xml
[INFO] Writing 1 Service Component Descriptors to /home/ylyu/parallel/oak/oak9/dataset/oak/OAK-3897_94c6c575022812919f41f0a14e45d18b16b5b9cc/oak-core/target/classes/OSGI-INF/org.apache.jackrabbit.oak.plugins.index.counter.NodeCounterEditorProvider.xml
[INFO] Writing 1 Service Component Descriptors to /home/ylyu/parallel/oak/oak9/dataset/oak/OAK-3897_94c6c575022812919f41f0a14e45d18b16b5b9cc/oak-core/target/classes/OSGI-INF/org.apache.jackrabbit.oak.plugins.index.reference.ReferenceIndexProvider.xml
[INFO] Writing 1 Service Component Descriptors to /home/ylyu/parallel/oak/oak9/dataset/oak/OAK-3897_94c6c575022812919f41f0a14e45d18b16b5b9cc/oak-core/target/classes/OSGI-INF/org.apache.jackrabbit.oak.plugins.index.reference.ReferenceEditorProvider.xml
[INFO] Writing 1 Service Component Descriptors to /home/ylyu/parallel/oak/oak9/dataset/oak/OAK-3897_94c6c575022812919f41f0a14e45d18b16b5b9cc/oak-core/target/classes/OSGI-INF/org.apache.jackrabbit.oak.plugins.document.DocumentDiscoveryLiteService.xml
[INFO] Writing 1 Service Component Descriptors to /home/ylyu/parallel/oak/oak9/dataset/oak/OAK-3897_94c6c575022812919f41f0a14e45d18b16b5b9cc/oak-core/target/classes/OSGI-INF/org.apache.jackrabbit.oak.plugins.document.DocumentNodeStoreService.xml
[INFO] Writing 1 Service Component Descriptors to /home/ylyu/parallel/oak/oak9/dataset/oak/OAK-3897_94c6c575022812919f41f0a14e45d18b16b5b9cc/oak-core/target/classes/OSGI-INF/org.apache.jackrabbit.oak.plugins.name.NameValidatorProvider.xml
[INFO] Writing 1 Service Component Descriptors to /home/ylyu/parallel/oak/oak9/dataset/oak/OAK-3897_94c6c575022812919f41f0a14e45d18b16b5b9cc/oak-core/target/classes/OSGI-INF/org.apache.jackrabbit.oak.plugins.name.NamespaceEditorProvider.xml
[INFO] Writing 1 Service Component Descriptors to /home/ylyu/parallel/oak/oak9/dataset/oak/OAK-3897_94c6c575022812919f41f0a14e45d18b16b5b9cc/oak-core/target/classes/OSGI-INF/org.apache.jackrabbit.oak.cache.ConsolidatedCacheStats.xml
[INFO] Writing 1 Service Component Descriptors to /home/ylyu/parallel/oak/oak9/dataset/oak/OAK-3897_94c6c575022812919f41f0a14e45d18b16b5b9cc/oak-core/target/classes/OSGI-INF/org.apache.jackrabbit.oak.spi.security.user.action.DefaultAuthorizableActionProvider.xml
[INFO] 
[INFO] --- maven-resources-plugin:2.6:testResources (default-testResources) @ oak-core ---
[INFO] Using 'UTF-8' encoding to copy filtered resources.
[INFO] Copying 13 resources
[INFO] Copying 3 resources
[INFO] 
[INFO] --- maven-compiler-plugin:2.5.1:testCompile (default-testCompile) @ oak-core ---
[INFO] Nothing to compile - all classes are up to date
[INFO] 
[INFO] --- maven-surefire-plugin:2.12.4:test (default-test) @ oak-core ---
[INFO] Surefire report directory: /home/ylyu/parallel/oak/oak9/dataset/oak/OAK-3897_94c6c575022812919f41f0a14e45d18b16b5b9cc/oak-core/target/surefire-reports

-------------------------------------------------------
 T E S T S
-------------------------------------------------------
Running org.apache.jackrabbit.oak.security.authorization.restriction.PermissionTest
Tests run: 4, Failures: 0, Errors: 0, Skipped: 0, Time elapsed: 1.631 sec
Running org.apache.jackrabbit.oak.security.authorization.restriction.ItemNamePatternTest
Tests run: 3, Failures: 0, Errors: 0, Skipped: 0, Time elapsed: 0.167 sec
Running org.apache.jackrabbit.oak.security.authorization.restriction.GlobPatternTest
Tests run: 4, Failures: 0, Errors: 0, Skipped: 0, Time elapsed: 0 sec
Running org.apache.jackrabbit.oak.security.authorization.restriction.RestrictionProviderImplTest
Tests run: 5, Failures: 0, Errors: 0, Skipped: 0, Time elapsed: 0.21 sec
Running org.apache.jackrabbit.oak.security.authorization.restriction.ItemNameRestrictionTest
Tests run: 7, Failures: 0, Errors: 0, Skipped: 0, Time elapsed: 0.353 sec
Running org.apache.jackrabbit.oak.security.authorization.restriction.CustomRestrictionProviderTest
Tests run: 3, Failures: 0, Errors: 0, Skipped: 0, Time elapsed: 0.143 sec
Running org.apache.jackrabbit.oak.security.authorization.accesscontrol.AdminPrincipalsIgnoreTest
Tests run: 4, Failures: 0, Errors: 0, Skipped: 0, Time elapsed: 0.144 sec
Running org.apache.jackrabbit.oak.security.authorization.accesscontrol.AccessControlManagerImplTest
Tests run: 104, Failures: 0, Errors: 0, Skipped: 0, Time elapsed: 3.762 sec
Running org.apache.jackrabbit.oak.security.authorization.accesscontrol.AdminPrincipalsBestEffortTest
Tests run: 4, Failures: 0, Errors: 0, Skipped: 0, Time elapsed: 0.117 sec
Running org.apache.jackrabbit.oak.security.authorization.accesscontrol.ACLTest
Tests run: 49, Failures: 0, Errors: 0, Skipped: 0, Time elapsed: 1.549 sec
Running org.apache.jackrabbit.oak.security.authorization.accesscontrol.AccessControlValidatorTest
Tests run: 18, Failures: 0, Errors: 0, Skipped: 0, Time elapsed: 0.607 sec
Running org.apache.jackrabbit.oak.security.authorization.accesscontrol.AdminPrincipalsAbortTest
Tests run: 4, Failures: 0, Errors: 0, Skipped: 0, Time elapsed: 0.118 sec
Running org.apache.jackrabbit.oak.security.authorization.accesscontrol.ReadPolicyTest
Tests run: 2, Failures: 0, Errors: 0, Skipped: 0, Time elapsed: 0.057 sec
Running org.apache.jackrabbit.oak.security.authorization.permission.PermissionEntryProviderImplTest
Tests run: 4, Failures: 0, Errors: 0, Skipped: 0, Time elapsed: 0.001 sec
Running org.apache.jackrabbit.oak.security.authorization.permission.ClusterPermissionsTest
Tests run: 3, Failures: 0, Errors: 0, Skipped: 0, Time elapsed: 3.412 sec
Running org.apache.jackrabbit.oak.security.authorization.permission.VersionTreePermissionTest
Tests run: 5, Failures: 0, Errors: 0, Skipped: 0, Time elapsed: 0.45 sec
Running org.apache.jackrabbit.oak.security.authorization.permission.PermissionHookTest
Tests run: 8, Failures: 0, Errors: 0, Skipped: 0, Time elapsed: 0.648 sec
Running org.apache.jackrabbit.oak.security.authorization.permission.TreePermissionImplTest
Tests run: 2, Failures: 0, Errors: 0, Skipped: 0, Time elapsed: 0.099 sec
Running org.apache.jackrabbit.oak.security.authorization.permission.PermissionValidatorTest
Tests run: 1, Failures: 0, Errors: 0, Skipped: 0, Time elapsed: 0.034 sec
Running org.apache.jackrabbit.oak.security.authorization.permission.PermissionProviderImplTest
Tests run: 7, Failures: 0, Errors: 0, Skipped: 0, Time elapsed: 0.224 sec
Running org.apache.jackrabbit.oak.security.authorization.permission.AllPermissionsTest
Tests run: 4, Failures: 0, Errors: 0, Skipped: 0, Time elapsed: 0.098 sec
Running org.apache.jackrabbit.oak.security.authorization.permission.PermissionStoreTest
Tests run: 6, Failures: 0, Errors: 0, Skipped: 0, Time elapsed: 0.176 sec
Running org.apache.jackrabbit.oak.security.authorization.composite.CompositeProviderCoverageTest
Tests run: 32, Failures: 0, Errors: 0, Skipped: 0, Time elapsed: 0.884 sec
Running org.apache.jackrabbit.oak.security.authorization.composite.CompositeAuthorizationConfigurationTest
Tests run: 11, Failures: 0, Errors: 0, Skipped: 0, Time elapsed: 0.24 sec
Running org.apache.jackrabbit.oak.security.authorization.composite.CompositeProviderNoScopeReverseTest
Tests run: 43, Failures: 0, Errors: 0, Skipped: 0, Time elapsed: 1.497 sec
Running org.apache.jackrabbit.oak.security.authorization.composite.CompositeTreePermissionTest
Tests run: 7, Failures: 0, Errors: 0, Skipped: 0, Time elapsed: 0.183 sec
Running org.apache.jackrabbit.oak.security.authorization.composite.CompositeProviderScopeTest
Tests run: 43, Failures: 0, Errors: 0, Skipped: 0, Time elapsed: 1.381 sec
Running org.apache.jackrabbit.oak.security.authorization.composite.CompositeProviderScopeReverseTest
Tests run: 43, Failures: 0, Errors: 0, Skipped: 0, Time elapsed: 1.162 sec
Running org.apache.jackrabbit.oak.security.authorization.composite.CompositeAccessControlManagerTest
Tests run: 7, Failures: 0, Errors: 0, Skipped: 0, Time elapsed: 0.152 sec
Running org.apache.jackrabbit.oak.security.authorization.composite.CompositeProviderFullScopeReverseTest
Tests run: 42, Failures: 0, Errors: 0, Skipped: 0, Time elapsed: 1.072 sec
Running org.apache.jackrabbit.oak.security.authorization.composite.CompositeProviderFullScopeTest
Tests run: 42, Failures: 0, Errors: 0, Skipped: 0, Time elapsed: 1.344 sec
Running org.apache.jackrabbit.oak.security.authorization.composite.CompositeProviderAllReverseTest
Tests run: 33, Failures: 0, Errors: 0, Skipped: 0, Time elapsed: 0.978 sec
Running org.apache.jackrabbit.oak.security.authorization.composite.CompositeProviderEmptyTest
Tests run: 32, Failures: 0, Errors: 0, Skipped: 0, Time elapsed: 0.75 sec
Running org.apache.jackrabbit.oak.security.authorization.composite.CompositeProviderEmptyReverseTest
Tests run: 32, Failures: 0, Errors: 0, Skipped: 0, Time elapsed: 0.746 sec
Running org.apache.jackrabbit.oak.security.authorization.composite.CompositeProviderNoScopeTest
Tests run: 43, Failures: 0, Errors: 0, Skipped: 0, Time elapsed: 1.066 sec
Running org.apache.jackrabbit.oak.security.authorization.composite.CompositeProviderAllTest
Tests run: 33, Failures: 0, Errors: 0, Skipped: 0, Time elapsed: 0.876 sec
Running org.apache.jackrabbit.oak.security.authorization.AuthorizationContextTest
Tests run: 5, Failures: 0, Errors: 0, Skipped: 0, Time elapsed: 0.104 sec
Running org.apache.jackrabbit.oak.security.authorization.evaluation.Jr2CompatibilityTest
Tests run: 3, Failures: 0, Errors: 0, Skipped: 0, Time elapsed: 0.079 sec
Running org.apache.jackrabbit.oak.security.authorization.evaluation.JcrUUIDTest
Tests run: 7, Failures: 0, Errors: 0, Skipped: 0, Time elapsed: 0.47 sec
Running org.apache.jackrabbit.oak.security.authorization.evaluation.ChildOrderPropertyTest
Tests run: 5, Failures: 0, Errors: 0, Skipped: 0, Time elapsed: 0.121 sec
Running org.apache.jackrabbit.oak.security.authorization.evaluation.RootTest
Tests run: 8, Failures: 0, Errors: 0, Skipped: 0, Time elapsed: 0.208 sec
Running org.apache.jackrabbit.oak.security.authorization.evaluation.ShadowInvisibleContentTest
Tests run: 3, Failures: 0, Errors: 0, Skipped: 0, Time elapsed: 0.078 sec
Running org.apache.jackrabbit.oak.security.authorization.evaluation.HiddenPropertyTest
Tests run: 8, Failures: 0, Errors: 0, Skipped: 0, Time elapsed: 0.187 sec
Running org.apache.jackrabbit.oak.security.authorization.evaluation.MultipleSessionsACLStabilityTest
Tests run: 3, Failures: 0, Errors: 0, Skipped: 0, Time elapsed: 0.087 sec
Running org.apache.jackrabbit.oak.security.authorization.evaluation.HiddenTreeTest
Tests run: 7, Failures: 0, Errors: 0, Skipped: 0, Time elapsed: 0.175 sec
Running org.apache.jackrabbit.oak.security.authorization.evaluation.VersionStorageTest
Tests run: 6, Failures: 0, Errors: 0, Skipped: 0, Time elapsed: 0.151 sec
Running org.apache.jackrabbit.oak.security.authorization.evaluation.TreeTest
Tests run: 11, Failures: 0, Errors: 0, Skipped: 0, Time elapsed: 0.288 sec
Running org.apache.jackrabbit.oak.security.authorization.evaluation.MoveWithoutEntryCacheTest
Tests run: 2, Failures: 0, Errors: 0, Skipped: 0, Time elapsed: 0.071 sec
Running org.apache.jackrabbit.oak.security.authentication.Jackrabbit2ConfigurationTest
Tests run: 14, Failures: 0, Errors: 0, Skipped: 0, Time elapsed: 0.348 sec
Running org.apache.jackrabbit.oak.security.authentication.GuestDefaultLoginModuleTest
Tests run: 2, Failures: 0, Errors: 0, Skipped: 0, Time elapsed: 0.044 sec
Running org.apache.jackrabbit.oak.security.authentication.TokenDefaultLoginModuleTest
Tests run: 14, Failures: 0, Errors: 0, Skipped: 0, Time elapsed: 0.323 sec
Running org.apache.jackrabbit.oak.security.authentication.user.LoginModuleImplTest
Tests run: 11, Failures: 0, Errors: 0, Skipped: 0, Time elapsed: 0.245 sec
Running org.apache.jackrabbit.oak.security.authentication.token.TokenNoRefreshTest
Tests run: 1, Failures: 0, Errors: 0, Skipped: 0, Time elapsed: 0.027 sec
Running org.apache.jackrabbit.oak.security.authentication.token.TokenConfigurationImplTest
Tests run: 3, Failures: 0, Errors: 0, Skipped: 0, Time elapsed: 0.061 sec
Running org.apache.jackrabbit.oak.security.authentication.token.TokenAuthenticationTest
Tests run: 6, Failures: 0, Errors: 0, Skipped: 0, Time elapsed: 0.141 sec
Running org.apache.jackrabbit.oak.security.authentication.token.TokenValidatorTest
Tests run: 20, Failures: 0, Errors: 0, Skipped: 0, Time elapsed: 0.488 sec
Running org.apache.jackrabbit.oak.security.authentication.token.TokenProviderImplTest
Tests run: 17, Failures: 0, Errors: 0, Skipped: 0, Time elapsed: 0.438 sec
Running org.apache.jackrabbit.oak.security.authentication.token.TokenInfoTest
Tests run: 10, Failures: 0, Errors: 0, Skipped: 0, Time elapsed: 0.248 sec
Running org.apache.jackrabbit.oak.security.authentication.token.CompositeTokenConfigurationTest
Tests run: 5, Failures: 0, Errors: 0, Skipped: 0, Time elapsed: 0.156 sec
Running org.apache.jackrabbit.oak.security.authentication.token.TokenLoginModuleTest
Tests run: 6, Failures: 0, Errors: 0, Skipped: 0, Time elapsed: 0.154 sec
Running org.apache.jackrabbit.oak.security.privilege.PrivilegeValidatorTest
Tests run: 9, Failures: 0, Errors: 0, Skipped: 0, Time elapsed: 0.238 sec
Running org.apache.jackrabbit.oak.security.privilege.JcrAllCommitHookTest
Tests run: 1, Failures: 0, Errors: 0, Skipped: 0, Time elapsed: 0.025 sec
Running org.apache.jackrabbit.oak.security.privilege.PrivilegeDefinitionWriterTest
Tests run: 3, Failures: 0, Errors: 0, Skipped: 0, Time elapsed: 0.076 sec
Running org.apache.jackrabbit.oak.security.privilege.PrivilegeDefinitionReaderTest
Tests run: 3, Failures: 0, Errors: 0, Skipped: 0, Time elapsed: 0.077 sec
Running org.apache.jackrabbit.oak.security.principal.PrincipalProviderImplTest
Tests run: 12, Failures: 0, Errors: 0, Skipped: 0, Time elapsed: 0.363 sec
Running org.apache.jackrabbit.oak.security.user.AddMembersByIdBestEffortTest
Tests run: 18, Failures: 0, Errors: 0, Skipped: 0, Time elapsed: 0.537 sec
Running org.apache.jackrabbit.oak.security.user.UserValidatorTest
Tests run: 19, Failures: 0, Errors: 0, Skipped: 0, Time elapsed: 0.542 sec
Running org.apache.jackrabbit.oak.security.user.PasswordExpiryTest
Tests run: 6, Failures: 0, Errors: 0, Skipped: 0, Time elapsed: 0.176 sec
Running org.apache.jackrabbit.oak.security.user.AddMembersByIdIgnoreTest
Tests run: 16, Failures: 0, Errors: 0, Skipped: 0, Time elapsed: 0.413 sec
Running org.apache.jackrabbit.oak.security.user.UserPrincipalProviderTest
Tests run: 20, Failures: 0, Errors: 0, Skipped: 0, Time elapsed: 0.498 sec
Running org.apache.jackrabbit.oak.security.user.PasswordExpiryHistoryTest
Tests run: 3, Failures: 0, Errors: 0, Skipped: 0, Time elapsed: 0.082 sec
Running org.apache.jackrabbit.oak.security.user.UserPrincipalProviderWithCacheTest
Tests run: 30, Failures: 0, Errors: 0, Skipped: 0, Time elapsed: 0.927 sec
Running org.apache.jackrabbit.oak.security.user.AddMembersByIdAbortTest
Tests run: 16, Failures: 0, Errors: 0, Skipped: 0, Time elapsed: 0.414 sec
Running org.apache.jackrabbit.oak.security.user.query.UserQueryManagerTest
Tests run: 4, Failures: 0, Errors: 0, Skipped: 0, Time elapsed: 0.096 sec
Running org.apache.jackrabbit.oak.security.user.UserImplTest
Tests run: 2, Failures: 0, Errors: 0, Skipped: 0, Time elapsed: 0.043 sec
Running org.apache.jackrabbit.oak.security.user.CacheValidatorProviderTest
Tests run: 10, Failures: 0, Errors: 0, Skipped: 0, Time elapsed: 0.251 sec
Running org.apache.jackrabbit.oak.security.user.autosave.PasswordExpiryTest
Tests run: 6, Failures: 0, Errors: 0, Skipped: 0, Time elapsed: 0.143 sec
Running org.apache.jackrabbit.oak.security.user.autosave.AuthorizableByTypeTest
Tests run: 4, Failures: 0, Errors: 0, Skipped: 0, Time elapsed: 0.096 sec
Running org.apache.jackrabbit.oak.security.user.autosave.AutoSaveEnabledManagerTest
Tests run: 16, Failures: 0, Errors: 0, Skipped: 0, Time elapsed: 0.371 sec
Running org.apache.jackrabbit.oak.security.user.PasswordExpiryAndForceInitialChangeTest
Tests run: 3, Failures: 0, Errors: 0, Skipped: 0, Time elapsed: 0.075 sec
Running org.apache.jackrabbit.oak.security.user.UserProviderTest
Tests run: 15, Failures: 0, Errors: 0, Skipped: 0, Time elapsed: 0.29 sec
Running org.apache.jackrabbit.oak.security.user.PasswordHistoryTest
Tests run: 16, Failures: 0, Errors: 0, Skipped: 0, Time elapsed: 0.706 sec
Running org.apache.jackrabbit.oak.security.user.RandomAuthorizableNodeNameTest
Tests run: 5, Failures: 0, Errors: 0, Skipped: 0, Time elapsed: 0.111 sec
Running org.apache.jackrabbit.oak.security.user.UserInitializerTest
Tests run: 7, Failures: 0, Errors: 0, Skipped: 0, Time elapsed: 0.184 sec
Running org.apache.jackrabbit.oak.security.user.UserAuthenticationFactoryImplTest
Tests run: 1, Failures: 0, Errors: 0, Skipped: 0, Time elapsed: 0.022 sec
Running org.apache.jackrabbit.oak.security.user.IntermediatePathTest
Tests run: 17, Failures: 0, Errors: 0, Skipped: 0, Time elapsed: 0.362 sec
Running org.apache.jackrabbit.oak.security.user.PasswordForceInitialPasswordChangeTest
Tests run: 3, Failures: 0, Errors: 0, Skipped: 0, Time elapsed: 0.072 sec
Running org.apache.jackrabbit.oak.security.user.UserManagerImplTest
Tests run: 14, Failures: 0, Errors: 0, Skipped: 0, Time elapsed: 0.334 sec
Running org.apache.jackrabbit.oak.security.user.MembershipProviderTest
Tests run: 7, Failures: 0, Errors: 0, Skipped: 0, Time elapsed: 12.551 sec
Running org.apache.jackrabbit.oak.security.user.RemoveMembersByIdBestEffortTest
Tests run: 12, Failures: 0, Errors: 0, Skipped: 0, Time elapsed: 0.281 sec
Running org.apache.jackrabbit.oak.security.user.ResetExpiredPasswordTest
Tests run: 4, Failures: 0, Errors: 0, Skipped: 0, Time elapsed: 0.092 sec
Running org.apache.jackrabbit.oak.security.user.RemoveMembersByIdAbortTest
Tests run: 11, Failures: 0, Errors: 0, Skipped: 0, Time elapsed: 0.256 sec
Running org.apache.jackrabbit.oak.security.user.EveryoneGroupTest
Tests run: 15, Failures: 0, Errors: 0, Skipped: 0, Time elapsed: 0.338 sec
Running org.apache.jackrabbit.oak.security.user.UserConfigurationImplTest
Tests run: 3, Failures: 0, Errors: 0, Skipped: 0, Time elapsed: 0.06 sec
Running org.apache.jackrabbit.oak.security.user.RemoveMembersByIdIgnoreTest
Tests run: 11, Failures: 0, Errors: 0, Skipped: 0, Time elapsed: 0.261 sec
Running org.apache.jackrabbit.oak.security.user.UserAuthenticationTest
Tests run: 11, Failures: 0, Errors: 0, Skipped: 0, Time elapsed: 0.245 sec
Running org.apache.jackrabbit.oak.security.user.AuthorizableImplTest
Tests run: 3, Failures: 0, Errors: 0, Skipped: 0, Time elapsed: 0.066 sec
Running org.apache.jackrabbit.oak.security.user.SystemUserImplTest
Tests run: 17, Failures: 0, Errors: 0, Skipped: 0, Time elapsed: 0.359 sec
Running org.apache.jackrabbit.oak.json.TypeCodesTest
Tests run: 4, Failures: 0, Errors: 0, Skipped: 0, Time elapsed: 0 sec
Running org.apache.jackrabbit.oak.json.JsopDiffTest
Tests run: 2, Failures: 0, Errors: 0, Skipped: 0, Time elapsed: 0.001 sec
Running org.apache.jackrabbit.oak.osgi.OsgiUtilTest
Tests run: 17, Failures: 0, Errors: 0, Skipped: 0, Time elapsed: 0.121 sec
Running org.apache.jackrabbit.oak.osgi.ObserverTrackerTest
Tests run: 4, Failures: 0, Errors: 0, Skipped: 0, Time elapsed: 0.013 sec
Running org.apache.jackrabbit.oak.osgi.OsgiWhiteboardTest
Tests run: 1, Failures: 0, Errors: 0, Skipped: 0, Time elapsed: 0.001 sec
Running org.apache.jackrabbit.oak.query.SQL2ParserTest
Tests run: 4, Failures: 0, Errors: 0, Skipped: 0, Time elapsed: 0.003 sec
Running org.apache.jackrabbit.oak.query.fulltext.SimpleExcerptProviderTest
Tests run: 4, Failures: 0, Errors: 0, Skipped: 0, Time elapsed: 0.059 sec
Running org.apache.jackrabbit.oak.query.LargeQueryTest
Tests run: 2, Failures: 0, Errors: 0, Skipped: 0, Time elapsed: 0.226 sec
Running org.apache.jackrabbit.oak.query.ast.OrImplTest
Tests run: 1, Failures: 0, Errors: 0, Skipped: 0, Time elapsed: 0.011 sec
Running org.apache.jackrabbit.oak.query.ast.LikePatternTest
Tests run: 1, Failures: 0, Errors: 0, Skipped: 0, Time elapsed: 0 sec
Running org.apache.jackrabbit.oak.query.ast.FullTextTest
Tests run: 8, Failures: 0, Errors: 0, Skipped: 0, Time elapsed: 0.005 sec
Running org.apache.jackrabbit.oak.query.ast.AndImplTest
Tests run: 1, Failures: 0, Errors: 0, Skipped: 0, Time elapsed: 0.001 sec
Running org.apache.jackrabbit.oak.query.ast.SimplifyTest
Tests run: 2, Failures: 0, Errors: 0, Skipped: 0, Time elapsed: 0.001 sec
Running org.apache.jackrabbit.oak.query.SQL2OptimiseQueryTest
Tests run: 2, Failures: 0, Errors: 0, Skipped: 0, Time elapsed: 0.087 sec
Running org.apache.jackrabbit.oak.query.IteratorsTest
Tests run: 6, Failures: 0, Errors: 0, Skipped: 0, Time elapsed: 0.019 sec
Running org.apache.jackrabbit.oak.query.UnionQueryTest
Tests run: 1, Failures: 0, Errors: 0, Skipped: 0, Time elapsed: 0.011 sec
Running org.apache.jackrabbit.oak.query.index.AdvancedIndexTest
Tests run: 3, Failures: 0, Errors: 0, Skipped: 0, Time elapsed: 0.001 sec
Running org.apache.jackrabbit.oak.query.index.TraversingIndexTest
Tests run: 1, Failures: 0, Errors: 0, Skipped: 0, Time elapsed: 0 sec
Running org.apache.jackrabbit.oak.query.index.TraversingIndexQueryTest
Tests run: 15, Failures: 0, Errors: 0, Skipped: 2, Time elapsed: 0.872 sec
Running org.apache.jackrabbit.oak.query.index.FilterTest
Tests run: 3, Failures: 0, Errors: 0, Skipped: 0, Time elapsed: 0.175 sec
Running org.apache.jackrabbit.oak.query.UtilsTest
Tests run: 1, Failures: 0, Errors: 0, Skipped: 0, Time elapsed: 0.058 sec
Running org.apache.jackrabbit.oak.query.QueryCostOverheadTest
Tests run: 1, Failures: 0, Errors: 0, Skipped: 0, Time elapsed: 0.007 sec
Running org.apache.jackrabbit.oak.query.facet.FacetResultTest
Tests run: 1, Failures: 0, Errors: 0, Skipped: 0, Time elapsed: 0.018 sec
Running org.apache.jackrabbit.oak.query.FilterTest
Tests run: 5, Failures: 0, Errors: 0, Skipped: 0, Time elapsed: 0.002 sec
Running org.apache.jackrabbit.oak.core.RootTest
Tests run: 19, Failures: 0, Errors: 0, Skipped: 0, Time elapsed: 0.607 sec
Running org.apache.jackrabbit.oak.core.ImmutableRootTest
Tests run: 2, Failures: 0, Errors: 0, Skipped: 0, Time elapsed: 0.002 sec
Running org.apache.jackrabbit.oak.core.DefaultConflictHandlerOursTest
Tests run: 7, Failures: 0, Errors: 0, Skipped: 0, Time elapsed: 0.004 sec
Running org.apache.jackrabbit.oak.core.MutableTreeTest
Tests run: 24, Failures: 0, Errors: 0, Skipped: 0, Time elapsed: 0.544 sec
Running org.apache.jackrabbit.oak.core.DefaultConflictHandlerTheirsTest
Tests run: 7, Failures: 0, Errors: 0, Skipped: 0, Time elapsed: 0.004 sec
Running org.apache.jackrabbit.oak.util.NodeUtilTest
Tests run: 1, Failures: 0, Errors: 0, Skipped: 0, Time elapsed: 0.069 sec
Running org.apache.jackrabbit.oak.util.PerfLoggerTest
Tests run: 2, Failures: 0, Errors: 0, Skipped: 0, Time elapsed: 0.022 sec
Running org.apache.jackrabbit.oak.util.ApproximateCounterTest
Tests run: 6, Failures: 0, Errors: 0, Skipped: 0, Time elapsed: 0.068 sec
Running org.apache.jackrabbit.oak.util.AggregatingDescriptorsTest
Tests run: 4, Failures: 0, Errors: 0, Skipped: 0, Time elapsed: 0.002 sec
Running org.apache.jackrabbit.oak.namepath.GlobalNameMapperTest
Tests run: 4, Failures: 0, Errors: 0, Skipped: 0, Time elapsed: 0.001 sec
Running org.apache.jackrabbit.oak.namepath.NamePathMapperImplTest
Tests run: 11, Failures: 0, Errors: 0, Skipped: 0, Time elapsed: 0.003 sec
Running org.apache.jackrabbit.oak.api.TypePreconditionTest
Tests run: 52, Failures: 0, Errors: 0, Skipped: 0, Time elapsed: 0.011 sec
Running org.apache.jackrabbit.oak.api.UniquePropertyTest
Tests run: 1, Failures: 0, Errors: 0, Skipped: 0, Time elapsed: 0.028 sec
Running org.apache.jackrabbit.oak.api.RootTest
Tests run: 1, Failures: 0, Errors: 0, Skipped: 0, Time elapsed: 0.003 sec
Running org.apache.jackrabbit.oak.api.TypeComparisonTest
Tests run: 1, Failures: 0, Errors: 0, Skipped: 0, Time elapsed: 0 sec
Running org.apache.jackrabbit.oak.api.QueryTest
Tests run: 1, Failures: 0, Errors: 0, Skipped: 0, Time elapsed: 0.011 sec
Running org.apache.jackrabbit.oak.api.TreeTest
Tests run: 12, Failures: 0, Errors: 0, Skipped: 0, Time elapsed: 0.018 sec
Running org.apache.jackrabbit.oak.api.ContentSessionTest
Tests run: 3, Failures: 0, Errors: 0, Skipped: 0, Time elapsed: 0.003 sec
Running org.apache.jackrabbit.oak.plugins.identifier.IdentifierManagerTest
Tests run: 4, Failures: 0, Errors: 0, Skipped: 0, Time elapsed: 0.111 sec
Running org.apache.jackrabbit.oak.plugins.metric.MetricImplTest
Tests run: 5, Failures: 0, Errors: 0, Skipped: 0, Time elapsed: 0.01 sec
Running org.apache.jackrabbit.oak.plugins.metric.MetricStatisticsProviderTest
Tests run: 11, Failures: 0, Errors: 0, Skipped: 0, Time elapsed: 0.051 sec
Running org.apache.jackrabbit.oak.plugins.metric.CompositeStatsTest
Tests run: 5, Failures: 0, Errors: 0, Skipped: 0, Time elapsed: 0.001 sec
Running org.apache.jackrabbit.oak.plugins.metric.StatisticsProviderFactoryTest
Tests run: 3, Failures: 0, Errors: 0, Skipped: 0, Time elapsed: 0.077 sec
Running org.apache.jackrabbit.oak.plugins.value.BinaryBasedBlobTest
Tests run: 2, Failures: 0, Errors: 0, Skipped: 0, Time elapsed: 0.001 sec
Running org.apache.jackrabbit.oak.plugins.nodetype.TypeEditorTest
Tests run: 10, Failures: 0, Errors: 0, Skipped: 0, Time elapsed: 0.071 sec
Running org.apache.jackrabbit.oak.plugins.nodetype.write.InitialContentTest
Tests run: 2, Failures: 0, Errors: 0, Skipped: 0, Time elapsed: 0.278 sec
Running org.apache.jackrabbit.oak.plugins.blob.migration.DocumentToExternalMigrationTest
Tests run: 1, Failures: 0, Errors: 0, Skipped: 1, Time elapsed: 10.069 sec
Running org.apache.jackrabbit.oak.plugins.blob.migration.SegmentToExternalMigrationTest
Tests run: 2, Failures: 0, Errors: 0, Skipped: 0, Time elapsed: 3.125 sec
Running org.apache.jackrabbit.oak.plugins.blob.migration.ExternalToExternalMigrationTest
Tests run: 2, Failures: 0, Errors: 0, Skipped: 0, Time elapsed: 2.902 sec
Running org.apache.jackrabbit.oak.plugins.blob.migration.DepthFirstNodeIteratorTest
Tests run: 2, Failures: 0, Errors: 0, Skipped: 0, Time elapsed: 0.002 sec
Running org.apache.jackrabbit.oak.plugins.blob.datastore.DataStoreTextWriterTest
Tests run: 4, Failures: 0, Errors: 0, Skipped: 0, Time elapsed: 0.02 sec
Running org.apache.jackrabbit.oak.plugins.blob.datastore.DataStoreServiceTest
Tests run: 1, Failures: 0, Errors: 0, Skipped: 0, Time elapsed: 0.019 sec
Running org.apache.jackrabbit.oak.plugins.blob.datastore.OakFileDataStoreTest
Tests run: 2, Failures: 0, Errors: 0, Skipped: 0, Time elapsed: 0.002 sec
Running org.apache.jackrabbit.oak.plugins.blob.datastore.InMemoryDataRecordTest
Tests run: 1, Failures: 0, Errors: 0, Skipped: 0, Time elapsed: 0.001 sec
Running org.apache.jackrabbit.oak.plugins.blob.datastore.DataStoreBlobStoreTest
Tests run: 22, Failures: 0, Errors: 0, Skipped: 0, Time elapsed: 0.31 sec
Running org.apache.jackrabbit.oak.plugins.blob.ClusterRepositoryInfoTest
Tests run: 3, Failures: 0, Errors: 0, Skipped: 0, Time elapsed: 0.013 sec
Running org.apache.jackrabbit.oak.plugins.blob.SharedDataStoreUtilsTest
Tests run: 1, Failures: 0, Errors: 0, Skipped: 0, Time elapsed: 0.136 sec
Running org.apache.jackrabbit.oak.plugins.blob.FileLineDifferenceIteratorTest
Tests run: 5, Failures: 0, Errors: 0, Skipped: 0, Time elapsed: 0.383 sec
Running org.apache.jackrabbit.oak.plugins.blob.BlobStoreStatsTest
Tests run: 2, Failures: 0, Errors: 0, Skipped: 0, Time elapsed: 0.002 sec
Running org.apache.jackrabbit.oak.plugins.segment.PartialCompactionMapTest
Tests run: 12, Failures: 0, Errors: 0, Skipped: 6, Time elapsed: 2.389 sec
Running org.apache.jackrabbit.oak.plugins.segment.SegmentNodeStoreServiceTest
Tests run: 6, Failures: 0, Errors: 0, Skipped: 0, Time elapsed: 0.561 sec
Running org.apache.jackrabbit.oak.plugins.segment.CompactorTest
Tests run: 2, Failures: 0, Errors: 0, Skipped: 0, Time elapsed: 0.012 sec
Running org.apache.jackrabbit.oak.plugins.segment.ShortSetTest
Tests run: 8, Failures: 0, Errors: 0, Skipped: 0, Time elapsed: 0.038 sec
Running org.apache.jackrabbit.oak.plugins.segment.MapRecordTest
Tests run: 1, Failures: 0, Errors: 0, Skipped: 0, Time elapsed: 0.012 sec
Running org.apache.jackrabbit.oak.plugins.segment.SegmentGraphTest
Tests run: 2, Failures: 0, Errors: 0, Skipped: 0, Time elapsed: 0.233 sec
Running org.apache.jackrabbit.oak.plugins.segment.file.TarWriterTest
Tests run: 1, Failures: 0, Errors: 0, Skipped: 0, Time elapsed: 0.006 sec
Running org.apache.jackrabbit.oak.plugins.segment.file.CompactionEstimatorTest
Tests run: 1, Failures: 0, Errors: 0, Skipped: 0, Time elapsed: 0.16 sec
Running org.apache.jackrabbit.oak.plugins.segment.file.TarFileTest
Tests run: 1, Failures: 0, Errors: 0, Skipped: 0, Time elapsed: 0.003 sec
Running org.apache.jackrabbit.oak.plugins.segment.file.JournalReaderTest
Tests run: 5, Failures: 0, Errors: 0, Skipped: 0, Time elapsed: 0.003 sec
Running org.apache.jackrabbit.oak.plugins.segment.file.FileStoreStatsTest
Tests run: 2, Failures: 0, Errors: 0, Skipped: 0, Time elapsed: 0.013 sec
Running org.apache.jackrabbit.oak.plugins.segment.file.ExternalBlobReferenceTest
Tests run: 2, Failures: 0, Errors: 0, Skipped: 0, Time elapsed: 0.223 sec
Running org.apache.jackrabbit.oak.plugins.segment.SegmentIdTableTest
Tests run: 5, Failures: 0, Errors: 0, Skipped: 0, Time elapsed: 0.241 sec
Running org.apache.jackrabbit.oak.plugins.segment.StringCacheTest
Tests run: 4, Failures: 0, Errors: 0, Skipped: 0, Time elapsed: 0.12 sec
Running org.apache.jackrabbit.oak.plugins.segment.SegmentVersionTest
Tests run: 4, Failures: 0, Errors: 0, Skipped: 0, Time elapsed: 0.563 sec
Running org.apache.jackrabbit.oak.plugins.segment.MergeTest
Tests run: 3, Failures: 0, Errors: 0, Skipped: 0, Time elapsed: 0.115 sec
Running org.apache.jackrabbit.oak.plugins.segment.RecordUsageAnalyserTest
Tests run: 42, Failures: 0, Errors: 0, Skipped: 0, Time elapsed: 1.227 sec
Running org.apache.jackrabbit.oak.plugins.segment.SegmentParserTest
Tests run: 32, Failures: 0, Errors: 0, Skipped: 0, Time elapsed: 3.625 sec
Running org.apache.jackrabbit.oak.plugins.segment.SegmentIdFactoryTest
Tests run: 5, Failures: 0, Errors: 0, Skipped: 0, Time elapsed: 0 sec
Running org.apache.jackrabbit.oak.plugins.segment.CancelableDiffTest
Tests run: 6, Failures: 0, Errors: 0, Skipped: 0, Time elapsed: 0.018 sec
Running org.apache.jackrabbit.oak.plugins.segment.SegmentSizeTest
Tests run: 5, Failures: 0, Errors: 0, Skipped: 0, Time elapsed: 0.085 sec
Running org.apache.jackrabbit.oak.plugins.segment.CompareAgainstBaseStateTest
Tests run: 8, Failures: 0, Errors: 0, Skipped: 0, Time elapsed: 0.019 sec
Running org.apache.jackrabbit.oak.plugins.segment.CheckpointTest
Tests run: 4, Failures: 0, Errors: 0, Skipped: 0, Time elapsed: 2.011 sec
Running org.apache.jackrabbit.oak.plugins.segment.RecordTest
Tests run: 15, Failures: 0, Errors: 0, Skipped: 0, Time elapsed: 0.215 sec
Running org.apache.jackrabbit.oak.plugins.segment.RecordIdMapTest
Tests run: 2, Failures: 0, Errors: 0, Skipped: 0, Time elapsed: 0.012 sec
Running org.apache.jackrabbit.oak.plugins.segment.CompactionMapTest
Tests run: 10, Failures: 0, Errors: 0, Skipped: 0, Time elapsed: 1.064 sec
Running org.apache.jackrabbit.oak.plugins.version.ReadOnlyVersionManagerTest
Tests run: 6, Failures: 0, Errors: 0, Skipped: 0, Time elapsed: 0.281 sec
Running org.apache.jackrabbit.oak.plugins.atomic.AtomicCounterEditorTest
Tests run: 11, Failures: 0, Errors: 0, Skipped: 0, Time elapsed: 0.007 sec
Running org.apache.jackrabbit.oak.plugins.memory.MemoryNodeBuilderTest
Tests run: 72, Failures: 0, Errors: 0, Skipped: 0, Time elapsed: 0.012 sec
Running org.apache.jackrabbit.oak.plugins.memory.EmptyNodeStateTest
Tests run: 2, Failures: 0, Errors: 0, Skipped: 0, Time elapsed: 0 sec
Running org.apache.jackrabbit.oak.plugins.memory.AbstractBlobTest
Tests run: 2, Failures: 0, Errors: 0, Skipped: 0, Time elapsed: 0 sec
Running org.apache.jackrabbit.oak.plugins.memory.PropertyBuilderTest
Tests run: 12, Failures: 0, Errors: 0, Skipped: 0, Time elapsed: 0.002 sec
Running org.apache.jackrabbit.oak.plugins.memory.PropertyStatesTest
Tests run: 3, Failures: 0, Errors: 0, Skipped: 0, Time elapsed: 0.001 sec
Running org.apache.jackrabbit.oak.plugins.index.aggregate.SimpleNodeAggregatorTest
Tests run: 7, Failures: 0, Errors: 0, Skipped: 0, Time elapsed: 0.002 sec
Running org.apache.jackrabbit.oak.plugins.index.property.OrderedPropertyIndexProviderTest
Tests run: 2, Failures: 0, Errors: 0, Skipped: 0, Time elapsed: 0.083 sec
Running org.apache.jackrabbit.oak.plugins.index.property.AsyncPropertyIndexTest
Tests run: 1, Failures: 0, Errors: 0, Skipped: 0, Time elapsed: 0.009 sec
Running org.apache.jackrabbit.oak.plugins.index.property.MultipleIndicesTest
Tests run: 2, Failures: 0, Errors: 0, Skipped: 0, Time elapsed: 0.048 sec
Running org.apache.jackrabbit.oak.plugins.index.property.ValuePathTupleTest
Tests run: 9, Failures: 0, Errors: 0, Skipped: 0, Time elapsed: 0.002 sec
Running org.apache.jackrabbit.oak.plugins.index.property.PropertyIndexQueryTest
Tests run: 8, Failures: 0, Errors: 0, Skipped: 1, Time elapsed: 0.542 sec
Running org.apache.jackrabbit.oak.plugins.index.property.strategy.ContentMirrorStoreStrategyTest
Tests run: 4, Failures: 0, Errors: 0, Skipped: 0, Time elapsed: 0 sec
Running org.apache.jackrabbit.oak.plugins.index.property.MultiPropertyOrTest
Tests run: 3, Failures: 0, Errors: 0, Skipped: 0, Time elapsed: 0.126 sec
Running org.apache.jackrabbit.oak.plugins.index.property.OrderedPropertyIndexEditorProviderTest
Tests run: 2, Failures: 0, Errors: 0, Skipped: 0, Time elapsed: 0.004 sec
Running org.apache.jackrabbit.oak.plugins.index.property.PropertyIndexTest
Tests run: 19, Failures: 0, Errors: 0, Skipped: 0, Time elapsed: 1.422 sec
Running org.apache.jackrabbit.oak.plugins.index.property.RelativePathTest
Tests run: 1, Failures: 0, Errors: 0, Skipped: 0, Time elapsed: 0.032 sec
Running org.apache.jackrabbit.oak.plugins.index.nodetype.NodeTypeIndexQueryTest
Tests run: 2, Failures: 0, Errors: 0, Skipped: 0, Time elapsed: 0.064 sec
Running org.apache.jackrabbit.oak.plugins.index.nodetype.NodeTypeIndexTest
Tests run: 1, Failures: 0, Errors: 0, Skipped: 0, Time elapsed: 0.026 sec
Running org.apache.jackrabbit.oak.plugins.index.AsyncIndexUpdateLeaseTest
Tests run: 15, Failures: 0, Errors: 0, Skipped: 0, Time elapsed: 1.029 sec
Running org.apache.jackrabbit.oak.plugins.index.AsyncIndexUpdateTest
Tests run: 17, Failures: 0, Errors: 0, Skipped: 0, Time elapsed: 0.16 sec
Running org.apache.jackrabbit.oak.plugins.index.diffindex.DiffCollectorTest
Tests run: 3, Failures: 0, Errors: 0, Skipped: 0, Time elapsed: 0 sec
Running org.apache.jackrabbit.oak.plugins.index.PathFilterTest
Tests run: 6, Failures: 0, Errors: 0, Skipped: 0, Time elapsed: 0.002 sec
Running org.apache.jackrabbit.oak.plugins.index.IndexUpdateTest
Tests run: 11, Failures: 0, Errors: 0, Skipped: 0, Time elapsed: 0.123 sec
Running org.apache.jackrabbit.oak.plugins.backup.FileStoreBackupTest
Tests run: 2, Failures: 0, Errors: 0, Skipped: 0, Time elapsed: 1.741 sec
Running org.apache.jackrabbit.oak.plugins.document.MultiDocumentStoreTest
Tests run: 5, Failures: 0, Errors: 0, Skipped: 0, Time elapsed: 12.492 sec
Running org.apache.jackrabbit.oak.plugins.document.CollisionWithSplitTest
Tests run: 1, Failures: 0, Errors: 0, Skipped: 1, Time elapsed: 0.001 sec
Running org.apache.jackrabbit.oak.plugins.document.ConcurrentDocumentStoreTest
Tests run: 4, Failures: 0, Errors: 0, Skipped: 0, Time elapsed: 10.106 sec
Running org.apache.jackrabbit.oak.plugins.document.BranchTest
Tests run: 1, Failures: 0, Errors: 0, Skipped: 0, Time elapsed: 0.002 sec
Running org.apache.jackrabbit.oak.plugins.document.DocumentMKCommitMoveTest
Tests run: 1, Failures: 0, Errors: 0, Skipped: 1, Time elapsed: 0 sec
Running org.apache.jackrabbit.oak.plugins.document.LastRevTest
Tests run: 1, Failures: 0, Errors: 0, Skipped: 0, Time elapsed: 0.004 sec
Running org.apache.jackrabbit.oak.plugins.document.RevisionTest
Tests run: 6, Failures: 0, Errors: 0, Skipped: 0, Time elapsed: 0.375 sec
Running org.apache.jackrabbit.oak.plugins.document.DocumentMKBranchMergeTest
Tests run: 19, Failures: 0, Errors: 0, Skipped: 2, Time elapsed: 0.992 sec
Running org.apache.jackrabbit.oak.plugins.document.UpdateOpTest
Tests run: 8, Failures: 0, Errors: 0, Skipped: 0, Time elapsed: 0 sec
Running org.apache.jackrabbit.oak.plugins.document.MongoDocumentStoreTest
Tests run: 7, Failures: 0, Errors: 0, Skipped: 1, Time elapsed: 0.034 sec
Running org.apache.jackrabbit.oak.plugins.document.LargeTreeOperationTest
Tests run: 3, Failures: 0, Errors: 0, Skipped: 0, Time elapsed: 0.123 sec
Running org.apache.jackrabbit.oak.plugins.document.ClusterConflictTest
Tests run: 3, Failures: 0, Errors: 0, Skipped: 0, Time elapsed: 0.72 sec
Running org.apache.jackrabbit.oak.plugins.document.DocumentMKCommitCopyTest
Tests run: 21, Failures: 0, Errors: 0, Skipped: 14, Time elapsed: 0.025 sec
Running org.apache.jackrabbit.oak.plugins.document.UnmergedBranchTest
Tests run: 1, Failures: 0, Errors: 0, Skipped: 0, Time elapsed: 0.006 sec
Running org.apache.jackrabbit.oak.plugins.document.DocumentMKResetTest
Tests run: 10, Failures: 1, Errors: 2, Skipped: 0, Time elapsed: 0.047 sec <<< FAILURE!
resetToBaseOfBranch(org.apache.jackrabbit.oak.plugins.document.DocumentMKResetTest)  Time elapsed: 0.005 sec  <<< ERROR!
org.apache.jackrabbit.oak.plugins.document.DocumentStoreException: org.apache.jackrabbit.oak.plugins.document.DocumentStoreException: br156331b8f5e-1-1 is not an ancestor revision of br156331b8f5f-0-1
	at org.apache.jackrabbit.oak.plugins.document.DocumentMK.reset(DocumentMK.java:340)
	at org.apache.jackrabbit.oak.plugins.document.DocumentMKResetTest.resetToBaseOfBranch(DocumentMKResetTest.java:138)
	at sun.reflect.NativeMethodAccessorImpl.invoke0(Native Method)
	at sun.reflect.NativeMethodAccessorImpl.invoke(NativeMethodAccessorImpl.java:57)
	at sun.reflect.DelegatingMethodAccessorImpl.invoke(DelegatingMethodAccessorImpl.java:43)
	at java.lang.reflect.Method.invoke(Method.java:606)
	at org.junit.runners.model.FrameworkMethod$1.runReflectiveCall(FrameworkMethod.java:50)
	at org.junit.internal.runners.model.ReflectiveCallable.run(ReflectiveCallable.java:12)
	at org.junit.runners.model.FrameworkMethod.invokeExplosively(FrameworkMethod.java:47)
	at org.junit.internal.runners.statements.InvokeMethod.evaluate(InvokeMethod.java:17)
	at org.junit.internal.runners.statements.RunBefores.evaluate(RunBefores.java:26)
	at org.junit.internal.runners.statements.RunAfters.evaluate(RunAfters.java:27)
	at org.junit.runners.ParentRunner.runLeaf(ParentRunner.java:325)
	at org.junit.runners.BlockJUnit4ClassRunner.runChild(BlockJUnit4ClassRunner.java:78)
	at org.junit.runners.BlockJUnit4ClassRunner.runChild(BlockJUnit4ClassRunner.java:57)
	at org.junit.runners.ParentRunner$3.run(ParentRunner.java:290)
	at org.junit.runners.ParentRunner$1.schedule(ParentRunner.java:71)
	at org.junit.runners.ParentRunner.runChildren(ParentRunner.java:288)
	at org.junit.runners.ParentRunner.access$000(ParentRunner.java:58)
	at org.junit.runners.ParentRunner$2.evaluate(ParentRunner.java:268)
	at org.junit.runners.ParentRunner.run(ParentRunner.java:363)
	at org.apache.maven.surefire.junit4.JUnit4Provider.execute(JUnit4Provider.java:252)
	at org.apache.maven.surefire.junit4.JUnit4Provider.executeTestSet(JUnit4Provider.java:141)
	at org.apache.maven.surefire.junit4.JUnit4Provider.invoke(JUnit4Provider.java:112)
	at sun.reflect.NativeMethodAccessorImpl.invoke0(Native Method)
	at sun.reflect.NativeMethodAccessorImpl.invoke(NativeMethodAccessorImpl.java:57)
	at sun.reflect.DelegatingMethodAccessorImpl.invoke(DelegatingMethodAccessorImpl.java:43)
	at java.lang.reflect.Method.invoke(Method.java:606)
	at org.apache.maven.surefire.util.ReflectionUtils.invokeMethodWithArray(ReflectionUtils.java:189)
	at org.apache.maven.surefire.booter.ProviderFactory$ProviderProxy.invoke(ProviderFactory.java:165)
	at org.apache.maven.surefire.booter.ProviderFactory.invokeProvider(ProviderFactory.java:85)
	at org.apache.maven.surefire.booter.ForkedBooter.runSuitesInProcess(ForkedBooter.java:115)
	at org.apache.maven.surefire.booter.ForkedBooter.main(ForkedBooter.java:75)
Caused by: org.apache.jackrabbit.oak.plugins.document.DocumentStoreException: br156331b8f5e-1-1 is not an ancestor revision of br156331b8f5f-0-1
	at org.apache.jackrabbit.oak.plugins.document.DocumentNodeStore.reset(DocumentNodeStore.java:1265)
	at org.apache.jackrabbit.oak.plugins.document.DocumentMK.reset(DocumentMK.java:338)
	... 32 more

resetMultipleCommits(org.apache.jackrabbit.oak.plugins.document.DocumentMKResetTest)  Time elapsed: 0.006 sec  <<< FAILURE!
java.lang.AssertionError: expected:<0> but was:<1>
	at org.junit.Assert.fail(Assert.java:88)
	at org.junit.Assert.failNotEquals(Assert.java:834)
	at org.junit.Assert.assertEquals(Assert.java:645)
	at org.junit.Assert.assertEquals(Assert.java:631)
	at org.apache.jackrabbit.oak.plugins.document.DocumentMKResetTest.resetMultipleCommits(DocumentMKResetTest.java:199)
	at sun.reflect.NativeMethodAccessorImpl.invoke0(Native Method)
	at sun.reflect.NativeMethodAccessorImpl.invoke(NativeMethodAccessorImpl.java:57)
	at sun.reflect.DelegatingMethodAccessorImpl.invoke(DelegatingMethodAccessorImpl.java:43)
	at java.lang.reflect.Method.invoke(Method.java:606)
	at org.junit.runners.model.FrameworkMethod$1.runReflectiveCall(FrameworkMethod.java:50)
	at org.junit.internal.runners.model.ReflectiveCallable.run(ReflectiveCallable.java:12)
	at org.junit.runners.model.FrameworkMethod.invokeExplosively(FrameworkMethod.java:47)
	at org.junit.internal.runners.statements.InvokeMethod.evaluate(InvokeMethod.java:17)
	at org.junit.internal.runners.statements.RunBefores.evaluate(RunBefores.java:26)
	at org.junit.internal.runners.statements.RunAfters.evaluate(RunAfters.java:27)
	at org.junit.runners.ParentRunner.runLeaf(ParentRunner.java:325)
	at org.junit.runners.BlockJUnit4ClassRunner.runChild(BlockJUnit4ClassRunner.java:78)
	at org.junit.runners.BlockJUnit4ClassRunner.runChild(BlockJUnit4ClassRunner.java:57)
	at org.junit.runners.ParentRunner$3.run(ParentRunner.java:290)
	at org.junit.runners.ParentRunner$1.schedule(ParentRunner.java:71)
	at org.junit.runners.ParentRunner.runChildren(ParentRunner.java:288)
	at org.junit.runners.ParentRunner.access$000(ParentRunner.java:58)
	at org.junit.runners.ParentRunner$2.evaluate(ParentRunner.java:268)
	at org.junit.runners.ParentRunner.run(ParentRunner.java:363)
	at org.apache.maven.surefire.junit4.JUnit4Provider.execute(JUnit4Provider.java:252)
	at org.apache.maven.surefire.junit4.JUnit4Provider.executeTestSet(JUnit4Provider.java:141)
	at org.apache.maven.surefire.junit4.JUnit4Provider.invoke(JUnit4Provider.java:112)
	at sun.reflect.NativeMethodAccessorImpl.invoke0(Native Method)
	at sun.reflect.NativeMethodAccessorImpl.invoke(NativeMethodAccessorImpl.java:57)
	at sun.reflect.DelegatingMethodAccessorImpl.invoke(DelegatingMethodAccessorImpl.java:43)
	at java.lang.reflect.Method.invoke(Method.java:606)
	at org.apache.maven.surefire.util.ReflectionUtils.invokeMethodWithArray(ReflectionUtils.java:189)
	at org.apache.maven.surefire.booter.ProviderFactory$ProviderProxy.invoke(ProviderFactory.java:165)
	at org.apache.maven.surefire.booter.ProviderFactory.invokeProvider(ProviderFactory.java:85)
	at org.apache.maven.surefire.booter.ForkedBooter.runSuitesInProcess(ForkedBooter.java:115)
	at org.apache.maven.surefire.booter.ForkedBooter.main(ForkedBooter.java:75)

resetRemovesCommitRootOnParent(org.apache.jackrabbit.oak.plugins.document.DocumentMKResetTest)  Time elapsed: 0.004 sec  <<< ERROR!
org.apache.jackrabbit.oak.plugins.document.DocumentStoreException: org.apache.jackrabbit.oak.plugins.document.DocumentStoreException: br156331b8f70-1-1 is not an ancestor revision of br156331b8f71-0-1
	at org.apache.jackrabbit.oak.plugins.document.DocumentMK.reset(DocumentMK.java:340)
	at org.apache.jackrabbit.oak.plugins.document.DocumentMKResetTest.resetRemovesCommitRootOnParent(DocumentMKResetTest.java:158)
	at sun.reflect.NativeMethodAccessorImpl.invoke0(Native Method)
	at sun.reflect.NativeMethodAccessorImpl.invoke(NativeMethodAccessorImpl.java:57)
	at sun.reflect.DelegatingMethodAccessorImpl.invoke(DelegatingMethodAccessorImpl.java:43)
	at java.lang.reflect.Method.invoke(Method.java:606)
	at org.junit.runners.model.FrameworkMethod$1.runReflectiveCall(FrameworkMethod.java:50)
	at org.junit.internal.runners.model.ReflectiveCallable.run(ReflectiveCallable.java:12)
	at org.junit.runners.model.FrameworkMethod.invokeExplosively(FrameworkMethod.java:47)
	at org.junit.internal.runners.statements.InvokeMethod.evaluate(InvokeMethod.java:17)
	at org.junit.internal.runners.statements.RunBefores.evaluate(RunBefores.java:26)
	at org.junit.internal.runners.statements.RunAfters.evaluate(RunAfters.java:27)
	at org.junit.runners.ParentRunner.runLeaf(ParentRunner.java:325)
	at org.junit.runners.BlockJUnit4ClassRunner.runChild(BlockJUnit4ClassRunner.java:78)
	at org.junit.runners.BlockJUnit4ClassRunner.runChild(BlockJUnit4ClassRunner.java:57)
	at org.junit.runners.ParentRunner$3.run(ParentRunner.java:290)
	at org.junit.runners.ParentRunner$1.schedule(ParentRunner.java:71)
	at org.junit.runners.ParentRunner.runChildren(ParentRunner.java:288)
	at org.junit.runners.ParentRunner.access$000(ParentRunner.java:58)
	at org.junit.runners.ParentRunner$2.evaluate(ParentRunner.java:268)
	at org.junit.runners.ParentRunner.run(ParentRunner.java:363)
	at org.apache.maven.surefire.junit4.JUnit4Provider.execute(JUnit4Provider.java:252)
	at org.apache.maven.surefire.junit4.JUnit4Provider.executeTestSet(JUnit4Provider.java:141)
	at org.apache.maven.surefire.junit4.JUnit4Provider.invoke(JUnit4Provider.java:112)
	at sun.reflect.NativeMethodAccessorImpl.invoke0(Native Method)
	at sun.reflect.NativeMethodAccessorImpl.invoke(NativeMethodAccessorImpl.java:57)
	at sun.reflect.DelegatingMethodAccessorImpl.invoke(DelegatingMethodAccessorImpl.java:43)
	at java.lang.reflect.Method.invoke(Method.java:606)
	at org.apache.maven.surefire.util.ReflectionUtils.invokeMethodWithArray(ReflectionUtils.java:189)
	at org.apache.maven.surefire.booter.ProviderFactory$ProviderProxy.invoke(ProviderFactory.java:165)
	at org.apache.maven.surefire.booter.ProviderFactory.invokeProvider(ProviderFactory.java:85)
	at org.apache.maven.surefire.booter.ForkedBooter.runSuitesInProcess(ForkedBooter.java:115)
	at org.apache.maven.surefire.booter.ForkedBooter.main(ForkedBooter.java:75)
Caused by: org.apache.jackrabbit.oak.plugins.document.DocumentStoreException: br156331b8f70-1-1 is not an ancestor revision of br156331b8f71-0-1
	at org.apache.jackrabbit.oak.plugins.document.DocumentNodeStore.reset(DocumentNodeStore.java:1265)
	at org.apache.jackrabbit.oak.plugins.document.DocumentMK.reset(DocumentMK.java:338)
	... 32 more

Running org.apache.jackrabbit.oak.plugins.document.DocumentMKRebaseTest
Tests run: 20, Failures: 0, Errors: 0, Skipped: 9, Time elapsed: 0.036 sec
Running org.apache.jackrabbit.oak.plugins.document.CheckpointsTest
Tests run: 12, Failures: 0, Errors: 0, Skipped: 0, Time elapsed: 0.055 sec
Running org.apache.jackrabbit.oak.plugins.document.ConcurrentConflictTest
Tests run: 3, Failures: 0, Errors: 0, Skipped: 1, Time elapsed: 1.308 sec
Running org.apache.jackrabbit.oak.plugins.document.DocumentStorePerformanceTest
Tests run: 14, Failures: 0, Errors: 0, Skipped: 14, Time elapsed: 10.124 sec
Running org.apache.jackrabbit.oak.plugins.document.OrphanedBranchTest
Tests run: 2, Failures: 0, Errors: 0, Skipped: 0, Time elapsed: 11.078 sec
Running org.apache.jackrabbit.oak.plugins.document.VersionGCDeletionTest
Tests run: 5, Failures: 0, Errors: 0, Skipped: 0, Time elapsed: 1.87 sec
Running org.apache.jackrabbit.oak.plugins.document.ClusterViewTest
Tests run: 9, Failures: 0, Errors: 0, Skipped: 0, Time elapsed: 0.003 sec
Running org.apache.jackrabbit.oak.plugins.document.ConflictTest
Tests run: 54, Failures: 0, Errors: 0, Skipped: 0, Time elapsed: 0.088 sec
Running org.apache.jackrabbit.oak.plugins.document.ClusterNodeRestartTest
Tests run: 1, Failures: 0, Errors: 0, Skipped: 0, Time elapsed: 0.003 sec
Running org.apache.jackrabbit.oak.plugins.document.NodeDocumentTest
Tests run: 15, Failures: 0, Errors: 0, Skipped: 0, Time elapsed: 5.194 sec
Running org.apache.jackrabbit.oak.plugins.document.CommitQueueTest
Tests run: 6, Failures: 0, Errors: 0, Skipped: 0, Time elapsed: 1.307 sec
Running org.apache.jackrabbit.oak.plugins.document.ClusterTest
Tests run: 10, Failures: 0, Errors: 0, Skipped: 0, Time elapsed: 0.061 sec
Running org.apache.jackrabbit.oak.plugins.document.BlobThroughPutTest
Tests run: 2, Failures: 0, Errors: 0, Skipped: 2, Time elapsed: 0 sec
Running org.apache.jackrabbit.oak.plugins.document.BlobCollectorTest
Tests run: 1, Failures: 0, Errors: 0, Skipped: 0, Time elapsed: 0.004 sec
Running org.apache.jackrabbit.oak.plugins.document.MongoDocumentStoreLimitsTest
Tests run: 1, Failures: 0, Errors: 0, Skipped: 1, Time elapsed: 0 sec
Running org.apache.jackrabbit.oak.plugins.document.CacheConsistencyRDBTest
Tests run: 1, Failures: 0, Errors: 0, Skipped: 0, Time elapsed: 0.063 sec
Running org.apache.jackrabbit.oak.plugins.document.PathComparatorTest
Tests run: 1, Failures: 0, Errors: 0, Skipped: 0, Time elapsed: 0 sec
Running org.apache.jackrabbit.oak.plugins.document.NodeStoreDiffTest
Tests run: 2, Failures: 0, Errors: 0, Skipped: 0, Time elapsed: 0.009 sec
Running org.apache.jackrabbit.oak.plugins.document.BlobReferenceIteratorTest
Tests run: 1, Failures: 0, Errors: 0, Skipped: 0, Time elapsed: 10.017 sec
Running org.apache.jackrabbit.oak.plugins.document.DocumentMKGetHeadRevisionTest
Tests run: 1, Failures: 0, Errors: 0, Skipped: 0, Time elapsed: 0.004 sec
Running org.apache.jackrabbit.oak.plugins.document.IsolationTest
Tests run: 2, Failures: 0, Errors: 0, Skipped: 0, Time elapsed: 0.009 sec
Running org.apache.jackrabbit.oak.plugins.document.BlobTest
Tests run: 2, Failures: 0, Errors: 0, Skipped: 0, Time elapsed: 0.063 sec
Running org.apache.jackrabbit.oak.plugins.document.BasicDocumentStoreTest
Tests run: 50, Failures: 0, Errors: 0, Skipped: 0, Time elapsed: 12.232 sec
Running org.apache.jackrabbit.oak.plugins.document.DocumentMKCommitAddTest
Tests run: 14, Failures: 0, Errors: 0, Skipped: 1, Time elapsed: 0.042 sec
Running org.apache.jackrabbit.oak.plugins.document.DocumentMKCommitRemoveTest
Tests run: 6, Failures: 0, Errors: 0, Skipped: 1, Time elapsed: 0.008 sec
Running org.apache.jackrabbit.oak.plugins.document.DocumentSplitTest
Tests run: 22, Failures: 0, Errors: 0, Skipped: 0, Time elapsed: 2.318 sec
Running org.apache.jackrabbit.oak.plugins.document.DocumentMKNodeExistsTest
Tests run: 8, Failures: 0, Errors: 0, Skipped: 0, Time elapsed: 0.016 sec
Running org.apache.jackrabbit.oak.plugins.document.ClusterViewDocumentTest
Tests run: 5, Failures: 0, Errors: 0, Skipped: 0, Time elapsed: 0.029 sec
Running org.apache.jackrabbit.oak.plugins.document.LastRevRecoveryAgentTest
Tests run: 6, Failures: 0, Errors: 0, Skipped: 0, Time elapsed: 10.183 sec
Running org.apache.jackrabbit.oak.plugins.document.ConcurrentPropertyUpdateTest
Tests run: 1, Failures: 0, Errors: 0, Skipped: 0, Time elapsed: 1.63 sec
Running org.apache.jackrabbit.oak.plugins.document.VersionGCWithSplitTest
Tests run: 1, Failures: 0, Errors: 0, Skipped: 0, Time elapsed: 10.3 sec
Running org.apache.jackrabbit.oak.plugins.document.DocumentNodeStateTest
Tests run: 1, Failures: 0, Errors: 0, Skipped: 0, Time elapsed: 0.001 sec
Running org.apache.jackrabbit.oak.plugins.document.ClusterRevisionComparisonTest
Tests run: 2, Failures: 0, Errors: 0, Skipped: 0, Time elapsed: 0.009 sec
Running org.apache.jackrabbit.oak.plugins.document.BlobReferenceTest
Tests run: 1, Failures: 0, Errors: 0, Skipped: 0, Time elapsed: 0.004 sec
Running org.apache.jackrabbit.oak.plugins.document.blob.ds.DocumentMKDataStoreReadTest
Tests run: 1, Failures: 0, Errors: 0, Skipped: 1, Time elapsed: 0 sec
Running org.apache.jackrabbit.oak.plugins.document.blob.ds.DocumentMKDataStoreGetLengthTest
Tests run: 1, Failures: 0, Errors: 0, Skipped: 1, Time elapsed: 0 sec
Running org.apache.jackrabbit.oak.plugins.document.blob.ds.MongoDataStoreBlobGCTest
Tests run: 1, Failures: 0, Errors: 0, Skipped: 1, Time elapsed: 0 sec
Running org.apache.jackrabbit.oak.plugins.document.blob.ds.DocumentMKDataStoreWriteTest
Tests run: 1, Failures: 0, Errors: 0, Skipped: 1, Time elapsed: 0 sec
Running org.apache.jackrabbit.oak.plugins.document.blob.DocumentMKWriteGridFSTest
Tests run: 1, Failures: 0, Errors: 0, Skipped: 1, Time elapsed: 0 sec
Running org.apache.jackrabbit.oak.plugins.document.blob.DocumentMKGetLengthGridFSTest
Tests run: 1, Failures: 0, Errors: 0, Skipped: 1, Time elapsed: 0 sec
Running org.apache.jackrabbit.oak.plugins.document.blob.RDBBlobStoreTest
Tests run: 22, Failures: 0, Errors: 0, Skipped: 0, Time elapsed: 2.907 sec
Running org.apache.jackrabbit.oak.plugins.document.blob.DocumentMKReadGridFSTest
Tests run: 1, Failures: 0, Errors: 0, Skipped: 1, Time elapsed: 0 sec
Running org.apache.jackrabbit.oak.plugins.document.blob.DocumentMKGetLengthTest
Tests run: 1, Failures: 0, Errors: 0, Skipped: 1, Time elapsed: 0 sec
Running org.apache.jackrabbit.oak.plugins.document.blob.MongoBlobStoreTest
Tests run: 1, Failures: 0, Errors: 0, Skipped: 1, Time elapsed: 0 sec
Running org.apache.jackrabbit.oak.plugins.document.blob.DocumentMKWriteTest
Tests run: 1, Failures: 0, Errors: 0, Skipped: 1, Time elapsed: 0 sec
Running org.apache.jackrabbit.oak.plugins.document.blob.DocumentMKReadTest
Tests run: 1, Failures: 0, Errors: 0, Skipped: 1, Time elapsed: 0 sec
Running org.apache.jackrabbit.oak.plugins.document.blob.cloud.DocumentMKCloudWriteTest
Tests run: 1, Failures: 0, Errors: 0, Skipped: 1, Time elapsed: 0 sec
Running org.apache.jackrabbit.oak.plugins.document.blob.cloud.MongoCloudBlobGCTest
Tests run: 1, Failures: 0, Errors: 0, Skipped: 1, Time elapsed: 0 sec
Running org.apache.jackrabbit.oak.plugins.document.blob.cloud.DocumentMKCloudReadTest
Tests run: 1, Failures: 0, Errors: 0, Skipped: 1, Time elapsed: 0.001 sec
Running org.apache.jackrabbit.oak.plugins.document.blob.cloud.DocumentMKCloudGetLengthTest
Tests run: 1, Failures: 0, Errors: 0, Skipped: 1, Time elapsed: 0 sec
Running org.apache.jackrabbit.oak.plugins.document.blob.cloud.MongoCloudBlobStoreTest
Tests run: 1, Failures: 0, Errors: 0, Skipped: 1, Time elapsed: 0.001 sec
Running org.apache.jackrabbit.oak.plugins.document.ClusterJoinTest
Tests run: 1, Failures: 0, Errors: 0, Skipped: 1, Time elapsed: 0 sec
Running org.apache.jackrabbit.oak.plugins.document.DocumentNodeStoreTest
Tests run: 53, Failures: 0, Errors: 0, Skipped: 0, Time elapsed: 5.215 sec
Running org.apache.jackrabbit.oak.plugins.document.DocumentMKDiffTest
Tests run: 1, Failures: 0, Errors: 0, Skipped: 1, Time elapsed: 0 sec
Running org.apache.jackrabbit.oak.plugins.document.CacheConsistencyTest
Tests run: 1, Failures: 0, Errors: 0, Skipped: 1, Time elapsed: 0 sec
Running org.apache.jackrabbit.oak.plugins.document.HierarchyConflictTest
Tests run: 2, Failures: 0, Errors: 0, Skipped: 0, Time elapsed: 0.007 sec
Running org.apache.jackrabbit.oak.plugins.document.mongo.MongoDocumentStoreTest
Tests run: 1, Failures: 0, Errors: 0, Skipped: 1, Time elapsed: 0.001 sec
Running org.apache.jackrabbit.oak.plugins.document.mongo.ClusterConflictTest
Tests run: 1, Failures: 0, Errors: 0, Skipped: 1, Time elapsed: 0 sec
Running org.apache.jackrabbit.oak.plugins.document.mongo.CollisionMarkerTest
Tests run: 1, Failures: 0, Errors: 0, Skipped: 1, Time elapsed: 0.001 sec
Running org.apache.jackrabbit.oak.plugins.document.mongo.QueryHintTest
Tests run: 1, Failures: 0, Errors: 0, Skipped: 1, Time elapsed: 0 sec
Running org.apache.jackrabbit.oak.plugins.document.mongo.MongoConnectionTest
Tests run: 2, Failures: 0, Errors: 0, Skipped: 0, Time elapsed: 0.033 sec
Running org.apache.jackrabbit.oak.plugins.document.mongo.MongoMissingLastRevSeekerTest
Tests run: 1, Failures: 0, Errors: 0, Skipped: 1, Time elapsed: 0 sec
Running org.apache.jackrabbit.oak.plugins.document.BackgroundWriteTest
Tests run: 1, Failures: 0, Errors: 0, Skipped: 0, Time elapsed: 0.273 sec
Running org.apache.jackrabbit.oak.plugins.document.util.RevisionsKeyTest
Tests run: 1, Failures: 0, Errors: 0, Skipped: 0, Time elapsed: 0 sec
Running org.apache.jackrabbit.oak.plugins.document.util.MergeSortedIteratorsTest
Tests run: 2, Failures: 0, Errors: 0, Skipped: 0, Time elapsed: 0.001 sec
Running org.apache.jackrabbit.oak.plugins.document.util.UtilsTest
Tests run: 12, Failures: 0, Errors: 0, Skipped: 2, Time elapsed: 0.013 sec
Running org.apache.jackrabbit.oak.plugins.document.OptimizedChildFetchTest
Tests run: 2, Failures: 0, Errors: 0, Skipped: 0, Time elapsed: 0.005 sec
Running org.apache.jackrabbit.oak.plugins.document.ClusterInfoTest
Tests run: 3, Failures: 0, Errors: 0, Skipped: 0, Time elapsed: 5.014 sec
Running org.apache.jackrabbit.oak.plugins.document.MongoBlobGCTest
Tests run: 1, Failures: 0, Errors: 0, Skipped: 1, Time elapsed: 0.001 sec
Running org.apache.jackrabbit.oak.plugins.document.ManyChildNodesTest
Tests run: 2, Failures: 0, Errors: 0, Skipped: 0, Time elapsed: 0.118 sec
Running org.apache.jackrabbit.oak.plugins.document.RangeTest
Tests run: 2, Failures: 0, Errors: 0, Skipped: 0, Time elapsed: 0 sec
Running org.apache.jackrabbit.oak.plugins.document.CollisionTest
Tests run: 2, Failures: 0, Errors: 0, Skipped: 0, Time elapsed: 0.008 sec
Running org.apache.jackrabbit.oak.plugins.document.rdb.RDBToolsTest
Tests run: 1, Failures: 0, Errors: 0, Skipped: 0, Time elapsed: 0 sec
Running org.apache.jackrabbit.oak.plugins.document.rdb.RDBDocumentStorePerformanceTest
Tests run: 10, Failures: 0, Errors: 0, Skipped: 10, Time elapsed: 10.081 sec
Running org.apache.jackrabbit.oak.plugins.document.rdb.RDBDocumentStoreTest
Tests run: 4, Failures: 0, Errors: 0, Skipped: 0, Time elapsed: 10.076 sec
Running org.apache.jackrabbit.oak.plugins.document.rdb.RDBDocumentSerializerTest
Tests run: 13, Failures: 0, Errors: 0, Skipped: 0, Time elapsed: 0.476 sec
Running org.apache.jackrabbit.oak.plugins.document.MergeRetryTest
Tests run: 2, Failures: 0, Errors: 0, Skipped: 0, Time elapsed: 2.013 sec
Running org.apache.jackrabbit.oak.plugins.document.DocumentMKGetNodesTest
Tests run: 7, Failures: 0, Errors: 0, Skipped: 3, Time elapsed: 0.012 sec
Running org.apache.jackrabbit.oak.plugins.document.InitializerTest
Tests run: 1, Failures: 0, Errors: 0, Skipped: 1, Time elapsed: 0 sec
Running org.apache.jackrabbit.oak.plugins.document.ValueMapTest
Tests run: 4, Failures: 0, Errors: 0, Skipped: 0, Time elapsed: 0.141 sec
Running org.apache.jackrabbit.oak.plugins.document.impl.command.ConcurrentWriteMultipleMkMongoTest
Tests run: 1, Failures: 0, Errors: 0, Skipped: 1, Time elapsed: 0 sec
Running org.apache.jackrabbit.oak.plugins.document.impl.DocumentMKLimitsTest
Tests run: 2, Failures: 0, Errors: 0, Skipped: 2, Time elapsed: 0 sec
Running org.apache.jackrabbit.oak.plugins.document.impl.DocumentMKConcurrentAddTest
Tests run: 1, Failures: 0, Errors: 0, Skipped: 1, Time elapsed: 0 sec
Running org.apache.jackrabbit.oak.plugins.document.NodeDocumentIdComparatorTest
Tests run: 1, Failures: 0, Errors: 0, Skipped: 0, Time elapsed: 0 sec
Running org.apache.jackrabbit.oak.plugins.document.DocumentDiscoveryLiteServiceTest
Tests run: 7, Failures: 0, Errors: 0, Skipped: 0, Time elapsed: 46.868 sec
Running org.apache.jackrabbit.oak.plugins.document.CommitTest
Tests run: 2, Failures: 0, Errors: 0, Skipped: 0, Time elapsed: 0.004 sec
Running org.apache.jackrabbit.oak.plugins.document.ConflictExceptionTest
Tests run: 3, Failures: 0, Errors: 0, Skipped: 0, Time elapsed: 0 sec
Running org.apache.jackrabbit.oak.plugins.document.RandomizedClusterTest
Tests run: 1, Failures: 0, Errors: 0, Skipped: 0, Time elapsed: 0.298 sec
Running org.apache.jackrabbit.oak.plugins.document.VisibleChangesTest
Tests run: 1, Failures: 0, Errors: 0, Skipped: 0, Time elapsed: 0.003 sec
Running org.apache.jackrabbit.oak.plugins.document.LastRevSingleNodeRecoveryTest
Tests run: 0, Failures: 0, Errors: 0, Skipped: 0, Time elapsed: 10.002 sec
Running org.apache.jackrabbit.oak.plugins.document.ConcurrentUpdatesTest
Tests run: 1, Failures: 0, Errors: 0, Skipped: 1, Time elapsed: 0.001 sec
Running org.apache.jackrabbit.oak.plugins.document.LastRevRecoveryTest
Tests run: 2, Failures: 0, Errors: 0, Skipped: 0, Time elapsed: 0.014 sec
Running org.apache.jackrabbit.oak.plugins.document.BulkCreateOrUpdateTest
Tests run: 8, Failures: 0, Errors: 0, Skipped: 0, Time elapsed: 10.237 sec
Running org.apache.jackrabbit.oak.plugins.document.MongoDbTest
Tests run: 2, Failures: 0, Errors: 0, Skipped: 2, Time elapsed: 0 sec
Running org.apache.jackrabbit.oak.plugins.document.JournalEntryTest
Tests run: 4, Failures: 0, Errors: 0, Skipped: 0, Time elapsed: 0.091 sec
Running org.apache.jackrabbit.oak.plugins.document.persistentCache.CacheTest
Tests run: 5, Failures: 0, Errors: 0, Skipped: 0, Time elapsed: 3.823 sec
Running org.apache.jackrabbit.oak.plugins.document.persistentCache.BroadcastTest
Tests run: 4, Failures: 0, Errors: 0, Skipped: 3, Time elapsed: 0.115 sec
Running org.apache.jackrabbit.oak.plugins.document.SharedBlobStoreGCTest
Tests run: 4, Failures: 0, Errors: 0, Skipped: 0, Time elapsed: 0.117 sec
Running org.apache.jackrabbit.oak.plugins.document.DocumentStoreStatsTest
Tests run: 8, Failures: 0, Errors: 0, Skipped: 0, Time elapsed: 0.024 sec
Running org.apache.jackrabbit.oak.plugins.document.DocumentNodeStoreDiffTest
Tests run: 1, Failures: 0, Errors: 0, Skipped: 1, Time elapsed: 0 sec
Running org.apache.jackrabbit.oak.plugins.document.RevisionVectorTest
Tests run: 19, Failures: 0, Errors: 0, Skipped: 0, Time elapsed: 0.002 sec
Running org.apache.jackrabbit.oak.plugins.document.DocumentMKBranchTest
Tests run: 4, Failures: 0, Errors: 0, Skipped: 0, Time elapsed: 0.006 sec
Running org.apache.jackrabbit.oak.plugins.document.LocalDiffCacheTest
Tests run: 3, Failures: 0, Errors: 0, Skipped: 0, Time elapsed: 0.019 sec
Running org.apache.jackrabbit.oak.plugins.document.JournalTest
Tests run: 6, Failures: 0, Errors: 0, Skipped: 0, Time elapsed: 0.471 sec
Running org.apache.jackrabbit.oak.plugins.document.SimpleTest
Tests run: 17, Failures: 0, Errors: 0, Skipped: 0, Time elapsed: 0.03 sec
Running org.apache.jackrabbit.oak.plugins.document.UpdateUtilsTest
Tests run: 2, Failures: 0, Errors: 0, Skipped: 0, Time elapsed: 0 sec
Running org.apache.jackrabbit.oak.plugins.name.ReadWriteNamespaceRegistryTest
Tests run: 1, Failures: 0, Errors: 0, Skipped: 0, Time elapsed: 0.092 sec
Running org.apache.jackrabbit.oak.plugins.name.NameValidatorTest
Tests run: 15, Failures: 0, Errors: 0, Skipped: 0, Time elapsed: 0.002 sec
Running org.apache.jackrabbit.oak.plugins.observation.filter.FilterBuilderTest
Tests run: 4, Failures: 0, Errors: 0, Skipped: 0, Time elapsed: 0.004 sec
Running org.apache.jackrabbit.oak.plugins.observation.filter.GlobbingPathFilterTest
Tests run: 11, Failures: 0, Errors: 0, Skipped: 0, Time elapsed: 0.002 sec
Running org.apache.jackrabbit.oak.plugins.observation.filter.PropertyPredicateTest
Tests run: 3, Failures: 0, Errors: 0, Skipped: 0, Time elapsed: 0.001 sec
Running org.apache.jackrabbit.oak.plugins.observation.filter.NodeTypePredicateTest
Tests run: 5, Failures: 0, Errors: 0, Skipped: 0, Time elapsed: 0.001 sec
Running org.apache.jackrabbit.oak.plugins.observation.filter.UuidPredicateTest
Tests run: 5, Failures: 0, Errors: 0, Skipped: 0, Time elapsed: 0.001 sec
Running org.apache.jackrabbit.oak.plugins.observation.filter.SelectorTest
Tests run: 1, Failures: 0, Errors: 0, Skipped: 0, Time elapsed: 0.002 sec
Running org.apache.jackrabbit.oak.plugins.observation.CommitRateLimiterTest
Tests run: 5, Failures: 0, Errors: 0, Skipped: 0, Time elapsed: 1.102 sec
Running org.apache.jackrabbit.oak.plugins.observation.NodeObserverTest
Tests run: 6, Failures: 0, Errors: 0, Skipped: 0, Time elapsed: 0.002 sec
Running org.apache.jackrabbit.oak.plugins.tree.TreeLocationTest
Tests run: 5, Failures: 0, Errors: 0, Skipped: 0, Time elapsed: 0.013 sec
Running org.apache.jackrabbit.oak.plugins.tree.TreeTypeProviderTest
Tests run: 6, Failures: 0, Errors: 0, Skipped: 0, Time elapsed: 0.271 sec
Running org.apache.jackrabbit.oak.plugins.tree.impl.ImmutableTreeTest
Tests run: 26, Failures: 0, Errors: 0, Skipped: 0, Time elapsed: 0.026 sec
Running org.apache.jackrabbit.oak.stats.StatisticManagerTest
Tests run: 3, Failures: 0, Errors: 0, Skipped: 0, Time elapsed: 0.006 sec
Running org.apache.jackrabbit.oak.stats.SimpleStatsTest
Tests run: 4, Failures: 0, Errors: 0, Skipped: 0, Time elapsed: 0.044 sec
Running org.apache.jackrabbit.oak.stats.DefaultStatisticsProviderTest
Tests run: 5, Failures: 0, Errors: 0, Skipped: 0, Time elapsed: 0.002 sec
Running org.apache.jackrabbit.oak.stats.ClockTest
Tests run: 6, Failures: 0, Errors: 0, Skipped: 1, Time elapsed: 0.333 sec
Running org.apache.jackrabbit.oak.cache.ConcurrentTest
Tests run: 3, Failures: 0, Errors: 0, Skipped: 0, Time elapsed: 2.211 sec
Running org.apache.jackrabbit.oak.cache.CacheTest
Tests run: 17, Failures: 0, Errors: 0, Skipped: 0, Time elapsed: 0.606 sec
Running org.apache.jackrabbit.oak.cache.ConcurrentPerformanceTest
Tests run: 1, Failures: 0, Errors: 0, Skipped: 1, Time elapsed: 0 sec
Running org.apache.jackrabbit.oak.spi.commit.BackgroundObserverTest
Tests run: 1, Failures: 0, Errors: 0, Skipped: 0, Time elapsed: 0.181 sec
Running org.apache.jackrabbit.oak.spi.commit.MoveTrackerTest
Tests run: 18, Failures: 0, Errors: 0, Skipped: 1, Time elapsed: 0.003 sec
Running org.apache.jackrabbit.oak.spi.commit.SubtreeValidatorTest
Tests run: 1, Failures: 0, Errors: 0, Skipped: 0, Time elapsed: 0 sec
Running org.apache.jackrabbit.oak.spi.whiteboard.WhiteboardUtilsTest
Tests run: 4, Failures: 0, Errors: 0, Skipped: 0, Time elapsed: 0.003 sec
Running org.apache.jackrabbit.oak.spi.whiteboard.WhiteboardUserAuthenticationFactoryTest
Tests run: 4, Failures: 0, Errors: 0, Skipped: 0, Time elapsed: 0.181 sec
Running org.apache.jackrabbit.oak.spi.security.authorization.restriction.AbstractRestrictionProviderTest
Tests run: 21, Failures: 0, Errors: 0, Skipped: 0, Time elapsed: 0.707 sec
Running org.apache.jackrabbit.oak.spi.security.authorization.restriction.CompositeRestrictionProviderTest
Tests run: 15, Failures: 0, Errors: 0, Skipped: 0, Time elapsed: 0.446 sec
Running org.apache.jackrabbit.oak.spi.security.authorization.restriction.RestrictionImplTest
Tests run: 6, Failures: 0, Errors: 0, Skipped: 0, Time elapsed: 0.152 sec
Running org.apache.jackrabbit.oak.spi.security.authorization.restriction.RestrictionDefinitionImplTest
Tests run: 6, Failures: 0, Errors: 0, Skipped: 0, Time elapsed: 0.149 sec
Running org.apache.jackrabbit.oak.spi.security.authorization.accesscontrol.ACETest
Tests run: 26, Failures: 0, Errors: 0, Skipped: 0, Time elapsed: 0.62 sec
Running org.apache.jackrabbit.oak.spi.security.authorization.accesscontrol.ImmutableACLTest
Tests run: 14, Failures: 0, Errors: 0, Skipped: 0, Time elapsed: 0.344 sec
Running org.apache.jackrabbit.oak.spi.security.authorization.permission.PermissionsTest
Tests run: 8, Failures: 0, Errors: 0, Skipped: 0, Time elapsed: 0.178 sec
Running org.apache.jackrabbit.oak.spi.security.authentication.GuestLoginModuleTest
Tests run: 3, Failures: 0, Errors: 0, Skipped: 0, Time elapsed: 0 sec
Running org.apache.jackrabbit.oak.spi.security.authentication.PreAuthTest
Tests run: 7, Failures: 0, Errors: 0, Skipped: 0, Time elapsed: 0.162 sec
Running org.apache.jackrabbit.oak.spi.security.authentication.AbstractLoginModuleTest
Tests run: 4, Failures: 0, Errors: 0, Skipped: 0, Time elapsed: 0 sec
Running org.apache.jackrabbit.oak.spi.security.privilege.PrivilegeBitsTest
Tests run: 16, Failures: 0, Errors: 0, Skipped: 0, Time elapsed: 0.394 sec
Running org.apache.jackrabbit.oak.spi.security.privilege.PrivilegeBitsProviderTest
Tests run: 11, Failures: 0, Errors: 0, Skipped: 0, Time elapsed: 0.254 sec
Running org.apache.jackrabbit.oak.spi.security.CompositeConfigurationTest
Tests run: 6, Failures: 0, Errors: 0, Skipped: 0, Time elapsed: 0.133 sec
Running org.apache.jackrabbit.oak.spi.security.ConfigurationParametersTest
Tests run: 17, Failures: 0, Errors: 0, Skipped: 0, Time elapsed: 0.004 sec
Running org.apache.jackrabbit.oak.spi.security.principal.EveryonePrincipalTest
Tests run: 7, Failures: 0, Errors: 0, Skipped: 0, Time elapsed: 0.001 sec
Running org.apache.jackrabbit.oak.spi.security.principal.PrincipalImplTest
Tests run: 3, Failures: 0, Errors: 0, Skipped: 0, Time elapsed: 0.001 sec
Running org.apache.jackrabbit.oak.spi.security.user.action.PasswordChangeActionTest
Tests run: 4, Failures: 0, Errors: 0, Skipped: 0, Time elapsed: 0.094 sec
Running org.apache.jackrabbit.oak.spi.security.user.action.PasswordValidationActionTest
Tests run: 4, Failures: 0, Errors: 0, Skipped: 0, Time elapsed: 0.108 sec
Running org.apache.jackrabbit.oak.spi.security.user.action.AccessControlActionTest
Tests run: 3, Failures: 0, Errors: 0, Skipped: 0, Time elapsed: 0.075 sec
Running org.apache.jackrabbit.oak.spi.security.user.util.PasswordUtilTest
Tests run: 8, Failures: 0, Errors: 0, Skipped: 0, Time elapsed: 0.107 sec
Running org.apache.jackrabbit.oak.spi.query.CursorsTest
Tests run: 2, Failures: 0, Errors: 0, Skipped: 0, Time elapsed: 0.001 sec
Running org.apache.jackrabbit.oak.spi.query.PropertyStateValueTest
Tests run: 1, Failures: 0, Errors: 0, Skipped: 0, Time elapsed: 0.002 sec
Running org.apache.jackrabbit.oak.spi.state.NodeStoreTest
Tests run: 24, Failures: 0, Errors: 0, Skipped: 0, Time elapsed: 2.053 sec
Running org.apache.jackrabbit.oak.spi.state.NodeBuilderTest
Tests run: 4, Failures: 0, Errors: 0, Skipped: 0, Time elapsed: 0.004 sec
Running org.apache.jackrabbit.oak.spi.state.LargeNodeStateTest
Tests run: 3, Failures: 0, Errors: 0, Skipped: 0, Time elapsed: 0 sec
Running org.apache.jackrabbit.oak.spi.state.MoveDetectorTest
Tests run: 6, Failures: 0, Errors: 0, Skipped: 0, Time elapsed: 0 sec
Running org.apache.jackrabbit.oak.spi.state.NodeStateTest
Tests run: 6, Failures: 0, Errors: 0, Skipped: 0, Time elapsed: 0.001 sec
Running org.apache.jackrabbit.oak.spi.state.AbstractRebaseDiffTest
Tests run: 10, Failures: 0, Errors: 0, Skipped: 0, Time elapsed: 0.001 sec
Running org.apache.jackrabbit.oak.spi.state.CheckpointTest
Tests run: 3, Failures: 0, Errors: 0, Skipped: 0, Time elapsed: 0.001 sec
Running org.apache.jackrabbit.oak.OakTest
Tests run: 3, Failures: 0, Errors: 0, Skipped: 0, Time elapsed: 0 sec
Running org.apache.jackrabbit.oak.management.ManagementOperationTest
Tests run: 6, Failures: 0, Errors: 0, Skipped: 0, Time elapsed: 0.004 sec

Results :

Failed tests:   resetMultipleCommits(org.apache.jackrabbit.oak.plugins.document.DocumentMKResetTest): expected:<0> but was:<1>

Tests in error: 
  resetToBaseOfBranch(org.apache.jackrabbit.oak.plugins.document.DocumentMKResetTest): org.apache.jackrabbit.oak.plugins.document.DocumentStoreException: br156331b8f5e-1-1 is not an ancestor revision of br156331b8f5f-0-1
  resetRemovesCommitRootOnParent(org.apache.jackrabbit.oak.plugins.document.DocumentMKResetTest): org.apache.jackrabbit.oak.plugins.document.DocumentStoreException: br156331b8f70-1-1 is not an ancestor revision of br156331b8f71-0-1

Tests run: 3065, Failures: 1, Errors: 2, Skipped: 113

[INFO] ------------------------------------------------------------------------
[INFO] BUILD FAILURE
[INFO] ------------------------------------------------------------------------
[INFO] Total time: 05:21 min
[INFO] Finished at: 2016-07-28T13:07:37-07:00
[INFO] Final Memory: 30M/949M
[INFO] ------------------------------------------------------------------------
[ERROR] Failed to execute goal org.apache.maven.plugins:maven-surefire-plugin:2.12.4:test (default-test) on project oak-core: There are test failures.
[ERROR] 
[ERROR] Please refer to /home/ylyu/parallel/oak/oak9/dataset/oak/OAK-3897_94c6c575022812919f41f0a14e45d18b16b5b9cc/oak-core/target/surefire-reports for the individual test results.
[ERROR] -> [Help 1]
[ERROR] 
[ERROR] To see the full stack trace of the errors, re-run Maven with the -e switch.
[ERROR] Re-run Maven using the -X switch to enable full debug logging.
[ERROR] 
[ERROR] For more information about the errors and possible solutions, please read the following articles:
[ERROR] [Help 1] http://cwiki.apache.org/confluence/display/MAVEN/MojoFailureException
