[INFO] Scanning for projects...
[INFO]                                                                         
[INFO] ------------------------------------------------------------------------
[INFO] Building Wicket Extensions 7.0.0-SNAPSHOT
[INFO] ------------------------------------------------------------------------
[INFO] 
[INFO] --- maven-remote-resources-plugin:1.4:process (default) @ wicket-extensions ---
[INFO] 
[INFO] --- maven-resources-plugin:2.6:resources (default-resources) @ wicket-extensions ---
[INFO] Using 'UTF-8' encoding to copy filtered resources.
[INFO] Copying 126 resources
[INFO] skip non existing resourceDirectory /home/ylyu/dataset/wicket3/dataset/wicket/WICKET-5447_2abc18f1a4c42d6ca8fcaa3462ad69acfe635b9c/wicket-extensions/src/main/resources
[INFO] Copying 3 resources
[INFO] 
[INFO] --- yuicompressor-maven-plugin:1.3.2:compress (default) @ wicket-extensions ---
[INFO] nothing to do, /home/ylyu/dataset/wicket3/dataset/wicket/WICKET-5447_2abc18f1a4c42d6ca8fcaa3462ad69acfe635b9c/wicket-extensions/target/classes/org/apache/wicket/extensions/rating/RatingPanel.min.css is younger than original, use 'force' option or clean your target
[INFO] nothing to do, /home/ylyu/dataset/wicket3/dataset/wicket/WICKET-5447_2abc18f1a4c42d6ca8fcaa3462ad69acfe635b9c/wicket-extensions/target/classes/org/apache/wicket/extensions/markup/html/form/palette/palette.min.js is younger than original, use 'force' option or clean your target
[INFO] nothing to do, /home/ylyu/dataset/wicket3/dataset/wicket/WICKET-5447_2abc18f1a4c42d6ca8fcaa3462ad69acfe635b9c/wicket-extensions/target/classes/org/apache/wicket/extensions/markup/html/form/palette/palette.min.css is younger than original, use 'force' option or clean your target
[INFO] nothing to do, /home/ylyu/dataset/wicket3/dataset/wicket/WICKET-5447_2abc18f1a4c42d6ca8fcaa3462ad69acfe635b9c/wicket-extensions/target/classes/org/apache/wicket/extensions/markup/html/repeater/tree/theme/windows/theme.min.css is younger than original, use 'force' option or clean your target
[INFO] nothing to do, /home/ylyu/dataset/wicket3/dataset/wicket/WICKET-5447_2abc18f1a4c42d6ca8fcaa3462ad69acfe635b9c/wicket-extensions/target/classes/org/apache/wicket/extensions/markup/html/repeater/tree/theme/human/theme.min.css is younger than original, use 'force' option or clean your target
[INFO] nothing to do, /home/ylyu/dataset/wicket3/dataset/wicket/WICKET-5447_2abc18f1a4c42d6ca8fcaa3462ad69acfe635b9c/wicket-extensions/target/classes/org/apache/wicket/extensions/markup/html/repeater/data/table/filter/wicket-filterform.min.js is younger than original, use 'force' option or clean your target
[INFO] nothing to do, /home/ylyu/dataset/wicket3/dataset/wicket/WICKET-5447_2abc18f1a4c42d6ca8fcaa3462ad69acfe635b9c/wicket-extensions/target/classes/org/apache/wicket/extensions/wizard/Wizard.min.css is younger than original, use 'force' option or clean your target
[INFO] nothing to do, /home/ylyu/dataset/wicket3/dataset/wicket/WICKET-5447_2abc18f1a4c42d6ca8fcaa3462ad69acfe635b9c/wicket-extensions/target/classes/org/apache/wicket/extensions/ajax/markup/html/autocomplete/DefaultCssAutoCompleteTextField.min.css is younger than original, use 'force' option or clean your target
[INFO] nothing to do, /home/ylyu/dataset/wicket3/dataset/wicket/WICKET-5447_2abc18f1a4c42d6ca8fcaa3462ad69acfe635b9c/wicket-extensions/target/classes/org/apache/wicket/extensions/ajax/markup/html/autocomplete/wicket-autocomplete.min.js is younger than original, use 'force' option or clean your target
[INFO] nothing to do, /home/ylyu/dataset/wicket3/dataset/wicket/WICKET-5447_2abc18f1a4c42d6ca8fcaa3462ad69acfe635b9c/wicket-extensions/target/classes/org/apache/wicket/extensions/ajax/markup/html/form/upload/progressbar.min.js is younger than original, use 'force' option or clean your target
[INFO] nothing to do, /home/ylyu/dataset/wicket3/dataset/wicket/WICKET-5447_2abc18f1a4c42d6ca8fcaa3462ad69acfe635b9c/wicket-extensions/target/classes/org/apache/wicket/extensions/ajax/markup/html/form/upload/UploadProgressBar.min.css is younger than original, use 'force' option or clean your target
[INFO] nothing to do, /home/ylyu/dataset/wicket3/dataset/wicket/WICKET-5447_2abc18f1a4c42d6ca8fcaa3462ad69acfe635b9c/wicket-extensions/target/classes/org/apache/wicket/extensions/ajax/markup/html/modal/res/modal.min.js is younger than original, use 'force' option or clean your target
[INFO] nothing to do, /home/ylyu/dataset/wicket3/dataset/wicket/WICKET-5447_2abc18f1a4c42d6ca8fcaa3462ad69acfe635b9c/wicket-extensions/target/classes/org/apache/wicket/extensions/ajax/markup/html/modal/res/modal.min.css is younger than original, use 'force' option or clean your target
[INFO] nb warnings: 0, nb errors: 0
[INFO] 
[INFO] --- maven-compiler-plugin:3.1:compile (default-compile) @ wicket-extensions ---
[INFO] Changes detected - recompiling the module!
[INFO] Compiling 163 source files to /home/ylyu/dataset/wicket3/dataset/wicket/WICKET-5447_2abc18f1a4c42d6ca8fcaa3462ad69acfe635b9c/wicket-extensions/target/classes
[WARNING] /home/ylyu/dataset/wicket3/dataset/wicket/WICKET-5447_2abc18f1a4c42d6ca8fcaa3462ad69acfe635b9c/wicket-extensions/src/main/java/org/apache/wicket/extensions/ajax/markup/html/AjaxEditableLabel.java: Some input files use unchecked or unsafe operations.
[WARNING] /home/ylyu/dataset/wicket3/dataset/wicket/WICKET-5447_2abc18f1a4c42d6ca8fcaa3462ad69acfe635b9c/wicket-extensions/src/main/java/org/apache/wicket/extensions/ajax/markup/html/AjaxEditableLabel.java: Recompile with -Xlint:unchecked for details.
[INFO] 
[INFO] >>> clirr-maven-plugin:2.5:check (clirr-check) > compile @ wicket-extensions >>>
[INFO] 
[INFO] --- maven-remote-resources-plugin:1.4:process (default) @ wicket-extensions ---
[INFO] 
[INFO] --- maven-resources-plugin:2.6:resources (default-resources) @ wicket-extensions ---
[INFO] Using 'UTF-8' encoding to copy filtered resources.
[INFO] Copying 126 resources
[INFO] skip non existing resourceDirectory /home/ylyu/dataset/wicket3/dataset/wicket/WICKET-5447_2abc18f1a4c42d6ca8fcaa3462ad69acfe635b9c/wicket-extensions/src/main/resources
[INFO] Copying 3 resources
[INFO] Copying 3 resources
[INFO] 
[INFO] --- yuicompressor-maven-plugin:1.3.2:compress (default) @ wicket-extensions ---
[INFO] nothing to do, /home/ylyu/dataset/wicket3/dataset/wicket/WICKET-5447_2abc18f1a4c42d6ca8fcaa3462ad69acfe635b9c/wicket-extensions/target/classes/org/apache/wicket/extensions/rating/RatingPanel.min.css is younger than original, use 'force' option or clean your target
[INFO] nothing to do, /home/ylyu/dataset/wicket3/dataset/wicket/WICKET-5447_2abc18f1a4c42d6ca8fcaa3462ad69acfe635b9c/wicket-extensions/target/classes/org/apache/wicket/extensions/markup/html/form/palette/palette.min.js is younger than original, use 'force' option or clean your target
[INFO] nothing to do, /home/ylyu/dataset/wicket3/dataset/wicket/WICKET-5447_2abc18f1a4c42d6ca8fcaa3462ad69acfe635b9c/wicket-extensions/target/classes/org/apache/wicket/extensions/markup/html/form/palette/palette.min.css is younger than original, use 'force' option or clean your target
[INFO] nothing to do, /home/ylyu/dataset/wicket3/dataset/wicket/WICKET-5447_2abc18f1a4c42d6ca8fcaa3462ad69acfe635b9c/wicket-extensions/target/classes/org/apache/wicket/extensions/markup/html/repeater/tree/theme/windows/theme.min.css is younger than original, use 'force' option or clean your target
[INFO] nothing to do, /home/ylyu/dataset/wicket3/dataset/wicket/WICKET-5447_2abc18f1a4c42d6ca8fcaa3462ad69acfe635b9c/wicket-extensions/target/classes/org/apache/wicket/extensions/markup/html/repeater/tree/theme/human/theme.min.css is younger than original, use 'force' option or clean your target
[INFO] nothing to do, /home/ylyu/dataset/wicket3/dataset/wicket/WICKET-5447_2abc18f1a4c42d6ca8fcaa3462ad69acfe635b9c/wicket-extensions/target/classes/org/apache/wicket/extensions/markup/html/repeater/data/table/filter/wicket-filterform.min.js is younger than original, use 'force' option or clean your target
[INFO] nothing to do, /home/ylyu/dataset/wicket3/dataset/wicket/WICKET-5447_2abc18f1a4c42d6ca8fcaa3462ad69acfe635b9c/wicket-extensions/target/classes/org/apache/wicket/extensions/wizard/Wizard.min.css is younger than original, use 'force' option or clean your target
[INFO] nothing to do, /home/ylyu/dataset/wicket3/dataset/wicket/WICKET-5447_2abc18f1a4c42d6ca8fcaa3462ad69acfe635b9c/wicket-extensions/target/classes/org/apache/wicket/extensions/ajax/markup/html/autocomplete/DefaultCssAutoCompleteTextField.min.css is younger than original, use 'force' option or clean your target
[INFO] nothing to do, /home/ylyu/dataset/wicket3/dataset/wicket/WICKET-5447_2abc18f1a4c42d6ca8fcaa3462ad69acfe635b9c/wicket-extensions/target/classes/org/apache/wicket/extensions/ajax/markup/html/autocomplete/wicket-autocomplete.min.js is younger than original, use 'force' option or clean your target
[INFO] nothing to do, /home/ylyu/dataset/wicket3/dataset/wicket/WICKET-5447_2abc18f1a4c42d6ca8fcaa3462ad69acfe635b9c/wicket-extensions/target/classes/org/apache/wicket/extensions/ajax/markup/html/form/upload/progressbar.min.js is younger than original, use 'force' option or clean your target
[INFO] nothing to do, /home/ylyu/dataset/wicket3/dataset/wicket/WICKET-5447_2abc18f1a4c42d6ca8fcaa3462ad69acfe635b9c/wicket-extensions/target/classes/org/apache/wicket/extensions/ajax/markup/html/form/upload/UploadProgressBar.min.css is younger than original, use 'force' option or clean your target
[INFO] nothing to do, /home/ylyu/dataset/wicket3/dataset/wicket/WICKET-5447_2abc18f1a4c42d6ca8fcaa3462ad69acfe635b9c/wicket-extensions/target/classes/org/apache/wicket/extensions/ajax/markup/html/modal/res/modal.min.js is younger than original, use 'force' option or clean your target
[INFO] nothing to do, /home/ylyu/dataset/wicket3/dataset/wicket/WICKET-5447_2abc18f1a4c42d6ca8fcaa3462ad69acfe635b9c/wicket-extensions/target/classes/org/apache/wicket/extensions/ajax/markup/html/modal/res/modal.min.css is younger than original, use 'force' option or clean your target
[INFO] nb warnings: 0, nb errors: 0
[INFO] 
[INFO] --- maven-compiler-plugin:3.1:compile (default-compile) @ wicket-extensions ---
[INFO] Changes detected - recompiling the module!
[INFO] Compiling 163 source files to /home/ylyu/dataset/wicket3/dataset/wicket/WICKET-5447_2abc18f1a4c42d6ca8fcaa3462ad69acfe635b9c/wicket-extensions/target/classes
[WARNING] /home/ylyu/dataset/wicket3/dataset/wicket/WICKET-5447_2abc18f1a4c42d6ca8fcaa3462ad69acfe635b9c/wicket-extensions/src/main/java/org/apache/wicket/extensions/ajax/markup/html/AjaxEditableLabel.java: Some input files use unchecked or unsafe operations.
[WARNING] /home/ylyu/dataset/wicket3/dataset/wicket/WICKET-5447_2abc18f1a4c42d6ca8fcaa3462ad69acfe635b9c/wicket-extensions/src/main/java/org/apache/wicket/extensions/ajax/markup/html/AjaxEditableLabel.java: Recompile with -Xlint:unchecked for details.
[INFO] 
[INFO] <<< clirr-maven-plugin:2.5:check (clirr-check) < compile @ wicket-extensions <<<
[INFO] 
[INFO] --- clirr-maven-plugin:2.5:check (clirr-check) @ wicket-extensions ---
[INFO] Skipping execution
[INFO] 
[INFO] --- maven-bundle-plugin:2.3.7:manifest (bundle-manifest) @ wicket-extensions ---
[INFO] 
[INFO] --- maven-resources-plugin:2.6:testResources (default-testResources) @ wicket-extensions ---
[INFO] Using 'UTF-8' encoding to copy filtered resources.
[INFO] Copying 9 resources
[INFO] Copying 3 resources
[INFO] 
[INFO] --- maven-compiler-plugin:3.1:testCompile (default-testCompile) @ wicket-extensions ---
[INFO] Nothing to compile - all classes are up to date
[INFO] 
[INFO] --- maven-surefire-plugin:2.12.2:test (default-test) @ wicket-extensions ---
[INFO] Surefire report directory: /home/ylyu/dataset/wicket3/dataset/wicket/WICKET-5447_2abc18f1a4c42d6ca8fcaa3462ad69acfe635b9c/wicket-extensions/target/surefire-reports
[INFO] Using configured provider org.apache.maven.surefire.junitcore.JUnitCoreProvider

-------------------------------------------------------
 T E S T S
-------------------------------------------------------
Concurrency config is parallel='none', perCoreThreadCount=true, threadCount=2, useUnlimitedThreads=false
Running org.apache.wicket.extensions.markup.html.upload.UploadFormWithProgressBarTest
log4j:WARN No appenders could be found for logger (org.apache.wicket.Application).
log4j:WARN Please initialize the log4j system properly.
log4j:WARN See http://logging.apache.org/log4j/1.2/faq.html#noconfig for more info.
Tests run: 1, Failures: 0, Errors: 0, Skipped: 0, Time elapsed: 2.092 sec
Running org.apache.wicket.extensions.markup.html.image.resource.ThumbnailImageResourceTest
Tests run: 1, Failures: 0, Errors: 0, Skipped: 0, Time elapsed: 0.389 sec
Running org.apache.wicket.extensions.markup.html.tabs.TabbedPanelTest
Tests run: 6, Failures: 0, Errors: 0, Skipped: 0, Time elapsed: 0.977 sec
Running org.apache.wicket.extensions.markup.html.tabs.TabbedPanelVisibilityTest
Tests run: 3, Failures: 0, Errors: 0, Skipped: 0, Time elapsed: 0.549 sec
Running org.apache.wicket.extensions.markup.html.tabs.AjaxTabbedPanelTest
Tests run: 6, Failures: 0, Errors: 0, Skipped: 0, Time elapsed: 1.792 sec
Running org.apache.wicket.extensions.markup.html.AjaxLazyLoadPanelTesterTest
Tests run: 1, Failures: 0, Errors: 0, Skipped: 0, Time elapsed: 0.012 sec
Running org.apache.wicket.extensions.markup.html.form.palette.PaletteTest
Tests run: 6, Failures: 0, Errors: 0, Skipped: 0, Time elapsed: 0.607 sec
Running org.apache.wicket.extensions.markup.html.form.DateTextFieldTest
Tests run: 2, Failures: 0, Errors: 0, Skipped: 0, Time elapsed: 0.061 sec
Running org.apache.wicket.extensions.markup.html.form.select.SelectTest
Tests run: 2, Failures: 0, Errors: 0, Skipped: 0, Time elapsed: 0.628 sec
Running org.apache.wicket.extensions.markup.html.captcha.CaptchaImageResourceTest
Tests run: 5, Failures: 0, Errors: 0, Skipped: 0, Time elapsed: 4.546 sec
Running org.apache.wicket.extensions.markup.html.repeater.tree.table.TreeDataProviderTest
Tests run: 1, Failures: 0, Errors: 0, Skipped: 0, Time elapsed: 0.001 sec
Running org.apache.wicket.extensions.markup.html.repeater.tree.table.NodeModelTest
Tests run: 1, Failures: 0, Errors: 0, Skipped: 0, Time elapsed: 0.001 sec
Running org.apache.wicket.extensions.markup.html.repeater.data.table.DataTableTest
Tests run: 3, Failures: 0, Errors: 0, Skipped: 0, Time elapsed: 0.97 sec
Running org.apache.wicket.extensions.markup.html.repeater.util.TreeModelProviderTest
Tests run: 2, Failures: 0, Errors: 0, Skipped: 0, Time elapsed: 0.002 sec
Running org.apache.wicket.extensions.markup.html.repeater.util.ProviderSubsetTest
Tests run: 1, Failures: 0, Errors: 0, Skipped: 0, Time elapsed: 0.001 sec
Running org.apache.wicket.extensions.markup.html.basic.DefaultLinkParserTest
Tests run: 4, Failures: 0, Errors: 0, Skipped: 0, Time elapsed: 0.002 sec
Running org.apache.wicket.extensions.wizard.WizardModelTest
Tests run: 1, Failures: 0, Errors: 0, Skipped: 0, Time elapsed: 0.002 sec
Running org.apache.wicket.extensions.validation.validator.RfcCompliantEmailValidatorTest
Tests run: 2, Failures: 0, Errors: 0, Skipped: 0, Time elapsed: 0.004 sec
Running org.apache.wicket.extensions.ajax.markup.html.autocomplete.AutoCompleteTest
Tests run: 1, Failures: 0, Errors: 0, Skipped: 0, Time elapsed: 0.011 sec
Running org.apache.wicket.extensions.ajax.markup.html.AjaxEditableTest
Tests run: 4, Failures: 0, Errors: 0, Skipped: 0, Time elapsed: 0.04 sec
Running org.apache.wicket.util.markup.xhtml.WellFormedXmlTest
Tests run: 1, Failures: 0, Errors: 0, Skipped: 0, Time elapsed: 0.047 sec
Running org.apache.wicket.extensions.markup.html.repeater.tree.table.NodeBorderTest
Tests run: 1, Failures: 1, Errors: 0, Skipped: 0, Time elapsed: 0.004 sec <<< FAILURE!

Results :

Failed tests:   properlyClosed(org.apache.wicket.extensions.markup.html.repeater.tree.table.NodeBorderTest): expected:<...n></div></div></div>[</div></div>]> but was:<...n></div></div></div>[]>

Tests run: 55, Failures: 1, Errors: 0, Skipped: 0

[INFO] ------------------------------------------------------------------------
[INFO] BUILD FAILURE
[INFO] ------------------------------------------------------------------------
[INFO] Total time: 22.000 s
[INFO] Finished at: 2016-07-30T15:29:53-07:00
[INFO] Final Memory: 35M/858M
[INFO] ------------------------------------------------------------------------
[ERROR] Failed to execute goal org.apache.maven.plugins:maven-surefire-plugin:2.12.2:test (default-test) on project wicket-extensions: There are test failures.
[ERROR] 
[ERROR] Please refer to /home/ylyu/dataset/wicket3/dataset/wicket/WICKET-5447_2abc18f1a4c42d6ca8fcaa3462ad69acfe635b9c/wicket-extensions/target/surefire-reports for the individual test results.
[ERROR] -> [Help 1]
[ERROR] 
[ERROR] To see the full stack trace of the errors, re-run Maven with the -e switch.
[ERROR] Re-run Maven using the -X switch to enable full debug logging.
[ERROR] 
[ERROR] For more information about the errors and possible solutions, please read the following articles:
[ERROR] [Help 1] http://cwiki.apache.org/confluence/display/MAVEN/MojoFailureException
