[INFO] Scanning for projects...
[WARNING] 
[WARNING] Some problems were encountered while building the effective model for org.apache.wicket:wicket:jar:1.5-SNAPSHOT
[WARNING] 'distributionManagement.repository.id' must not be 'local', this identifier is reserved for the local repository, using it for other repositories will corrupt your repository metadata. @ org.apache.wicket:wicket-parent:1.5-SNAPSHOT, /home/ylyu/dataset/wicket3/dataset/wicket/WICKET-2961_3d8c9d75974ebe593d1e194c06f4a7f69c834f37/pom.xml, line 268, column 10
[WARNING] 'distributionManagement.snapshotRepository.id' must not be 'local', this identifier is reserved for the local repository, using it for other repositories will corrupt your repository metadata. @ org.apache.wicket:wicket-parent:1.5-SNAPSHOT, /home/ylyu/dataset/wicket3/dataset/wicket/WICKET-2961_3d8c9d75974ebe593d1e194c06f4a7f69c834f37/pom.xml, line 272, column 10
[WARNING] 
[WARNING] It is highly recommended to fix these problems because they threaten the stability of your build.
[WARNING] 
[WARNING] For this reason, future Maven versions might no longer support building such malformed projects.
[WARNING] 
[INFO]                                                                         
[INFO] ------------------------------------------------------------------------
[INFO] Building Wicket 1.5-SNAPSHOT
[INFO] ------------------------------------------------------------------------
[INFO] 
[INFO] --- maven-remote-resources-plugin:1.0:process (default) @ wicket ---
[INFO] Setting property: classpath.resource.loader.class => 'org.codehaus.plexus.velocity.ContextClassLoaderResourceLoader'.
[INFO] Setting property: velocimacro.messages.on => 'false'.
[INFO] Setting property: resource.loader => 'classpath'.
[INFO] Setting property: resource.manager.logwhenfound => 'false'.
[INFO] 
[INFO] --- maven-resources-plugin:2.4:resources (default-resources) @ wicket ---
[INFO] Using 'UTF-8' encoding to copy filtered resources.
[INFO] Copying 105 resources
[INFO] Copying 0 resource
[INFO] Copying 3 resources
[INFO] 
[INFO] --- maven-compiler-plugin:2.0.2:compile (default-compile) @ wicket ---
[INFO] Nothing to compile - all classes are up to date
[INFO] 
[INFO] --- maven-bundle-plugin:1.4.3:manifest (bundle-manifest) @ wicket ---
[WARNING] Warning in manifest for org.apache.wicket:wicket:jar:1.5-SNAPSHOT : Superfluous export-package instructions: [org, org.apache, org.apache.wicket.ajax.markup, org.apache.wicket.ajax.markup.html.navigation, org.apache.wicket.markup.html.navigation, org.apache.wicket.protocol, org.apache.wicket.util]
[INFO] 
[INFO] --- maven-resources-plugin:2.4:testResources (default-testResources) @ wicket ---
[INFO] Using 'UTF-8' encoding to copy filtered resources.
[INFO] Copying 774 resources
[INFO] Copying 3 resources
[INFO] 
[INFO] --- maven-compiler-plugin:2.0.2:testCompile (default-testCompile) @ wicket ---
[INFO] Nothing to compile - all classes are up to date
[INFO] 
[INFO] --- maven-surefire-plugin:2.4:test (default-test) @ wicket ---
[INFO] Surefire report directory: /home/ylyu/dataset/wicket3/dataset/wicket/WICKET-2961_3d8c9d75974ebe593d1e194c06f4a7f69c834f37/wicket/target/surefire-reports

-------------------------------------------------------
 T E S T S
-------------------------------------------------------
Running org.apache.wicket.markup.html.link.BookmarkablePageLinkTest
Tests run: 3, Failures: 0, Errors: 0, Skipped: 0, Time elapsed: 0.415 sec
Running org.apache.wicket.protocol.http.WebExternalResourceTest
Tests run: 2, Failures: 0, Errors: 0, Skipped: 0, Time elapsed: 0.063 sec
Running org.apache.wicket.util.tester.apps_5.AjaxSubmitLinkClickTest
Tests run: 2, Failures: 0, Errors: 0, Skipped: 0, Time elapsed: 0.165 sec
Running org.apache.wicket.markup.html.form.upload.FileUploadTest
Tests run: 1, Failures: 0, Errors: 0, Skipped: 0, Time elapsed: 0.023 sec
Running org.apache.wicket.markup.html.border.ComponentBorderTest
=== org.apache.wicket.markup.html.border.HideableBorderPage ===
Tests run: 2, Failures: 0, Errors: 0, Skipped: 0, Time elapsed: 0.11 sec
Running org.apache.wicket.markup.html.link.submitLink.FormPageTest
Tests run: 3, Failures: 0, Errors: 0, Skipped: 0, Time elapsed: 0.208 sec
Running org.apache.wicket.request.mapper.info.ComponentInfoTest
Tests run: 10, Failures: 0, Errors: 0, Skipped: 0, Time elapsed: 0.004 sec
Running org.apache.wicket.markup.html.basic.SimpleResponsePageClassTest
Tests run: 1, Failures: 0, Errors: 0, Skipped: 0, Time elapsed: 0.04 sec
Running org.apache.wicket.markup.html.form.feedback.FormFeedbackTest
Tests run: 2, Failures: 0, Errors: 0, Skipped: 0, Time elapsed: 0.156 sec
Running org.apache.wicket.request.cycle.RequestHandlerStackTest
Tests run: 3, Failures: 0, Errors: 0, Skipped: 0, Time elapsed: 0.006 sec
Running org.apache.wicket.markup.html.form.RadioGroupTest
=== org.apache.wicket.markup.html.form.RadioGroupTestPage1 ===
=== org.apache.wicket.markup.html.form.RadioGroupTestPage2 ===
=== org.apache.wicket.markup.html.form.RadioGroupDisabledTestPage ===
=== org.apache.wicket.markup.html.form.RadioGroupTestPage3 ===
Tests run: 4, Failures: 0, Errors: 0, Skipped: 0, Time elapsed: 0.137 sec
Running org.apache.wicket.model.InheritedModelTest
Tests run: 2, Failures: 0, Errors: 0, Skipped: 0, Time elapsed: 0.047 sec
Running org.apache.wicket.markup.html.debug.WicketComponentTreeTest
=== org.apache.wicket.markup.html.debug.WicketComponentTreeTestPage ===
Tests run: 1, Failures: 0, Errors: 0, Skipped: 0, Time elapsed: 0.115 sec
Running org.apache.wicket.protocol.http.WicketFilterTest
********************************************************************
*** WARNING: Wicket is running in DEVELOPMENT mode.              ***
***                               ^^^^^^^^^^^                    ***
*** Do NOT deploy to your live server(s) without changing this.  ***
*** See Application#getConfigurationType() for more information. ***
********************************************************************
Tests run: 3, Failures: 0, Errors: 0, Skipped: 0, Time elapsed: 0.396 sec
Running org.apache.wicket.AuthorizationTest
Tests run: 6, Failures: 0, Errors: 0, Skipped: 0, Time elapsed: 0.153 sec
Running org.apache.wicket.markup.html.PackageResourceTest
Tests run: 3, Failures: 0, Errors: 0, Skipped: 0, Time elapsed: 0.07 sec
Running org.apache.wicket.protocol.http.RequestUtilsTest
Tests run: 6, Failures: 0, Errors: 0, Skipped: 0, Time elapsed: 0.002 sec
Running org.apache.wicket.markup.html.list.SimpleTableTest
=== org.apache.wicket.markup.html.list.SimpleTablePage_1 ===
=== org.apache.wicket.markup.html.list.SimpleTablePage_2 ===
Tests run: 2, Failures: 0, Errors: 0, Skipped: 0, Time elapsed: 0.055 sec
Running org.apache.wicket.ajax.AjaxHeaderContributionTest
Tests run: 2, Failures: 0, Errors: 0, Skipped: 0, Time elapsed: 0.121 sec
Running org.apache.wicket.markup.MarkupCacheTest
Tests run: 1, Failures: 0, Errors: 0, Skipped: 0, Time elapsed: 0.002 sec
Running org.apache.wicket.util.resource.ResourceTest
Tests run: 1, Failures: 0, Errors: 0, Skipped: 0, Time elapsed: 0.147 sec
Running org.apache.wicket.ajax.markup.html.form.AjaxButtonTest
Tests run: 1, Failures: 0, Errors: 0, Skipped: 0, Time elapsed: 0.007 sec
Running org.apache.wicket.versioning.PageVersioningTest
Tests run: 1, Failures: 0, Errors: 0, Skipped: 0, Time elapsed: 0.051 sec
Running org.apache.wicket.markup.html.header.HeaderScopingTest
=== org.apache.wicket.markup.html.header.MyPage ===
=== org.apache.wicket.markup.html.header.MyPage2 ===
Tests run: 2, Failures: 0, Errors: 0, Skipped: 0, Time elapsed: 0.016 sec
Running org.apache.wicket.util.lang.ObjectsTest
Tests run: 6, Failures: 0, Errors: 0, Skipped: 0, Time elapsed: 0.011 sec
Running org.apache.wicket.model.ModelDetachTest
Tests run: 4, Failures: 0, Errors: 0, Skipped: 0, Time elapsed: 0.001 sec
Running org.apache.wicket.util.time.TimeMapTest
Tests run: 1, Failures: 0, Errors: 0, Skipped: 0, Time elapsed: 0.003 sec
Running org.apache.wicket.markup.html.border.BoxBorderTest
=== org.apache.wicket.markup.html.border.BoxBorderTestPage_2 ===
=== org.apache.wicket.markup.html.border.BoxBorderTestPage_3 ===
=== org.apache.wicket.markup.html.border.BoxBorderTestPage_5 ===
=== org.apache.wicket.markup.html.border.BoxBorderTestPage_6 ===
=== org.apache.wicket.markup.html.border.BoxBorderTestPage_1 ===
=== org.apache.wicket.markup.html.border.BoxBorderTestPage_8 ===
=== org.apache.wicket.markup.html.border.BoxBorderTestPage_1 ===
=== org.apache.wicket.markup.html.border.BoxBorderTestPage_9 ===
=== org.apache.wicket.markup.html.border.BorderTestHierarchyPage_4 ===
=== org.apache.wicket.markup.html.border.BoxBorderTestPage_10 ===
=== org.apache.wicket.markup.html.border.BoxBorderTestPage_11 ===
=== org.apache.wicket.markup.html.border.BorderRenderWrappedTestPage_1 ===
Tests run: 12, Failures: 0, Errors: 0, Skipped: 0, Time elapsed: 0.077 sec
Running org.apache.wicket.ajax.AjaxTimerBehaviorTest
Tests run: 2, Failures: 0, Errors: 0, Skipped: 0, Time elapsed: 0.015 sec
Running org.apache.wicket.util.time.DurationTest
Tests run: 4, Failures: 0, Errors: 0, Skipped: 0, Time elapsed: 1.503 sec
Running org.apache.wicket.util.string.interpolator.VariableInterpolatorTest
Tests run: 4, Failures: 0, Errors: 0, Skipped: 0, Time elapsed: 0.005 sec
Running org.apache.wicket.VisitorTest
Tests run: 5, Failures: 0, Errors: 0, Skipped: 0, Time elapsed: 0.006 sec
Running org.apache.wicket.util.tester.apps_2.Test
Tests run: 1, Failures: 0, Errors: 0, Skipped: 0, Time elapsed: 0.005 sec
Running org.apache.wicket.markup.html.header.threelayers2.InheritanceHeadTest
=== org.apache.wicket.markup.html.header.threelayers2.MeldingPage ===
Tests run: 1, Failures: 0, Errors: 0, Skipped: 0, Time elapsed: 0.007 sec
Running org.apache.wicket.redirect.encodingtest.RequestEncodingTest
Tests run: 2, Failures: 0, Errors: 0, Skipped: 0, Time elapsed: 0.018 sec
Running org.apache.wicket.markup.html.navigation.paging.PagingNavigationIncrementLinkTest
Tests run: 4, Failures: 0, Errors: 0, Skipped: 0, Time elapsed: 0.003 sec
Running org.apache.wicket.util.string.AppendingStringBufferTest
Tests run: 7, Failures: 0, Errors: 0, Skipped: 0, Time elapsed: 0.002 sec
Running org.apache.wicket.AttributeModifierComponentTest
Tests run: 1, Failures: 0, Errors: 0, Skipped: 0, Time elapsed: 0.008 sec
Running org.apache.wicket.markup.HtmlProblemFinderTest
Tests run: 1, Failures: 0, Errors: 0, Skipped: 0, Time elapsed: 0.002 sec
Running org.apache.wicket.protocol.http.WebSessionTest
Tests run: 1, Failures: 0, Errors: 0, Skipped: 0, Time elapsed: 0.001 sec
Running org.apache.wicket.markup.parser.filter.OpenCloseTagExpanderTest
=== org.apache.wicket.markup.parser.filter.OpenCloseTagExpanderPage_1 ===
Tests run: 1, Failures: 0, Errors: 0, Skipped: 0, Time elapsed: 0.005 sec
Running org.apache.wicket.util.collections.MiniMapTest
Tests run: 1, Failures: 0, Errors: 0, Skipped: 0, Time elapsed: 0.049 sec
Running org.apache.wicket.markup.html.form.FormComponentPanelProcessingTest
Tests run: 1, Failures: 0, Errors: 0, Skipped: 0, Time elapsed: 0.006 sec
Running org.apache.wicket.ajax.form.AjaxFormSubmitTest
=== org.apache.wicket.ajax.form.AjaxFormSubmitTestPage ===
Tests run: 2, Failures: 0, Errors: 0, Skipped: 0, Time elapsed: 0.013 sec
Running org.apache.wicket.util.value.ValueMapTest
Tests run: 7, Failures: 0, Errors: 0, Skipped: 0, Time elapsed: 0.005 sec
Running org.apache.wicket.ComponentConfigurationTest
Tests run: 2, Failures: 0, Errors: 0, Skipped: 0, Time elapsed: 0.005 sec
Running org.apache.wicket.markup.outputTransformer.OutputTransformerContainerTest
=== org.apache.wicket.markup.outputTransformer.Page_2 ===
=== org.apache.wicket.markup.outputTransformer.Page_3 ===
=== org.apache.wicket.markup.outputTransformer.Page_1 ===
Tests run: 3, Failures: 0, Errors: 0, Skipped: 0, Time elapsed: 0.29 sec
Running org.apache.wicket.markup.html.header.testing3.HeaderTest
=== org.apache.wicket.markup.html.header.testing3.TestPage ===
=== org.apache.wicket.markup.html.header.testing3.TestPage : link ===
Tests run: 1, Failures: 0, Errors: 0, Skipped: 0, Time elapsed: 0.009 sec
Running org.apache.wicket.markup.html.form.ValidatorPropertiesTest
Tests run: 3, Failures: 0, Errors: 0, Skipped: 0, Time elapsed: 0.206 sec
Running org.apache.wicket.markup.html.form.imagebutton.ImageButtonTest
Tests run: 1, Failures: 0, Errors: 0, Skipped: 0, Time elapsed: 0.02 sec
Running org.apache.wicket.markup.parser.MergedMarkupTest
Tests run: 2, Failures: 0, Errors: 0, Skipped: 0, Time elapsed: 0.004 sec
Running org.apache.wicket.redirect.intercept.InterceptTest
Tests run: 2, Failures: 0, Errors: 0, Skipped: 0, Time elapsed: 0.011 sec
Running org.apache.wicket.markup.parser.filter.DoubleHeaderPartPageTest
=== org.apache.wicket.markup.parser.filter.DoubleHeaderPartPage ===
Tests run: 1, Failures: 0, Errors: 0, Skipped: 0, Time elapsed: 0.009 sec
Running org.apache.wicket.model.PropertyModelTest
Tests run: 3, Failures: 0, Errors: 0, Skipped: 0, Time elapsed: 0.003 sec
Running org.apache.wicket.request.mapper.PageInstanceMapperTest
Tests run: 10, Failures: 0, Errors: 0, Skipped: 0, Time elapsed: 0.003 sec
Running org.apache.wicket.behavior.ImmutableBehaviorIndexTest
<html><body><a wicket:id="container" href="bookmarkable/org.apache.wicket.behavior.ImmutableBehaviorIndexTest$MyPage?1-2.IBehaviorListener.2-container" onclick="bookmarkable/org.apache.wicket.behavior.ImmutableBehaviorIndexTest$MyPage?1-2.IBehaviorListener.4-container"></a></body></html>
Tests run: 3, Failures: 0, Errors: 0, Skipped: 0, Time elapsed: 0.007 sec
Running org.apache.wicket.protocol.http.request.CryptedUrlWebRequestCodingStrategyTest
Tests run: 3, Failures: 0, Errors: 0, Skipped: 0, Time elapsed: 0.023 sec
Running org.apache.wicket.markup.html.panel.PanelTest
=== org.apache.wicket.markup.html.panel.PanelPage_1 ===
=== org.apache.wicket.markup.html.panel.PanelPage_2 ===
=== org.apache.wicket.markup.html.panel.PanelWithAttributeModifierPage ===
=== org.apache.wicket.markup.html.panel.InlinePanelPage_7 ===
=== org.apache.wicket.markup.html.panel.InlinePanelPage_8 ===
=== org.apache.wicket.markup.html.panel.PanelPage_3 ===
=== org.apache.wicket.markup.html.panel.InlinePanelPage_1 ===
=== org.apache.wicket.markup.html.panel.InlinePanelPage_2 ===
=== org.apache.wicket.markup.html.panel.InlinePanelPage_3 ===
=== org.apache.wicket.markup.html.panel.InlinePanelPage_4 ===
=== org.apache.wicket.markup.html.panel.InlinePanelPage_5 ===
Tests run: 11, Failures: 0, Errors: 0, Skipped: 0, Time elapsed: 0.059 sec
Running org.apache.wicket.markup.parser.filter.HeaderSectionTest
=== org.apache.wicket.markup.parser.filter.HeaderSectionPage_1 ===
=== org.apache.wicket.markup.parser.filter.HeaderSectionPage_2 ===
=== org.apache.wicket.markup.parser.filter.HeaderSectionPage_5 ===
=== org.apache.wicket.markup.parser.filter.HeaderSectionPage_7 ===
=== org.apache.wicket.markup.parser.filter.HeaderSectionPage_9 ===
=== org.apache.wicket.markup.parser.filter.HeaderSectionPage_15 ===
=== org.apache.wicket.markup.parser.filter.HeaderSectionPage_16 ===
=== org.apache.wicket.markup.parser.filter.HeaderSectionPage_17 ===
=== org.apache.wicket.markup.parser.filter.HeaderSectionPage_18 ===
=== org.apache.wicket.markup.parser.filter.HeaderSectionPage_19 ===
=== org.apache.wicket.markup.parser.filter.HeaderSectionPage_9a ===
=== org.apache.wicket.markup.parser.filter.HeaderSectionPage_14 ===
=== org.apache.wicket.markup.parser.filter.HeaderSectionPage_8 ===
=== org.apache.wicket.markup.parser.filter.HeaderSectionPage_10 ===
=== org.apache.wicket.markup.parser.filter.HeaderSectionPage_11 ===
=== org.apache.wicket.markup.parser.filter.HeaderSectionPage_13 ===
=== org.apache.wicket.markup.parser.filter.HeaderSectionPage_3 ===
=== org.apache.wicket.markup.parser.filter.HeaderSectionPage_4 ===
=== org.apache.wicket.markup.parser.filter.HeaderSectionPage_6 ===
Tests run: 19, Failures: 0, Errors: 0, Skipped: 0, Time elapsed: 0.177 sec
Running org.apache.wicket.util.parse.metapattern.MetaPatternTest
Tests run: 5, Failures: 0, Errors: 0, Skipped: 0, Time elapsed: 0.002 sec
Running org.apache.wicket.protocol.http.ClientPropertiesTest
Tests run: 7, Failures: 0, Errors: 0, Skipped: 0, Time elapsed: 0.048 sec
Running org.apache.wicket.markup.html.link.DownloadLinkTest
Tests run: 4, Failures: 0, Errors: 0, Skipped: 0, Time elapsed: 0.145 sec
Running org.apache.wicket.markup.html.list.PagedTableNavigatorTest
Tests run: 1, Failures: 0, Errors: 0, Skipped: 0, Time elapsed: 0.519 sec
Running org.apache.wicket.stateless.TemporarySessionTest
Tests run: 1, Failures: 0, Errors: 0, Skipped: 0, Time elapsed: 0.038 sec
Running org.apache.wicket.markup.html.ScopedComponentResolverTest
Tests run: 1, Failures: 0, Errors: 0, Skipped: 0, Time elapsed: 0.001 sec
Running org.apache.wicket.RestartWithMountedPageTest
Tests run: 1, Failures: 0, Errors: 0, Skipped: 0, Time elapsed: 0.046 sec
Running org.apache.wicket.resource.ComponentStringResourceLoaderTest
Tests run: 10, Failures: 0, Errors: 0, Skipped: 0, Time elapsed: 0.384 sec
Running org.apache.wicket.request.mapper.MountedMapperTest
Tests run: 24, Failures: 0, Errors: 0, Skipped: 0, Time elapsed: 0.048 sec
Running org.apache.wicket.PageFactoryTest
Tests run: 2, Failures: 0, Errors: 0, Skipped: 0, Time elapsed: 0.002 sec
Running org.apache.wicket.ajax.AjaxPostprocessingCallDecoratorTest
Tests run: 3, Failures: 0, Errors: 0, Skipped: 0, Time elapsed: 0.046 sec
Running org.apache.wicket.ajax.AjaxBehaviorAndMetaDataTest
Tests run: 1, Failures: 0, Errors: 0, Skipped: 0, Time elapsed: 0.003 sec
Running org.apache.wicket.markup.html.form.upload.FileUploadFieldTest
Tests run: 2, Failures: 0, Errors: 0, Skipped: 0, Time elapsed: 0.06 sec
Running org.apache.wicket.markup.resolver.WicketContainerResolverTest
=== org.apache.wicket.markup.resolver.SimpleContainerPage_1 ===
Tests run: 1, Failures: 0, Errors: 0, Skipped: 0, Time elapsed: 0.091 sec
Running org.apache.wicket.markup.html.image.InvalidImageTest
Tests run: 1, Failures: 0, Errors: 0, Skipped: 0, Time elapsed: 0.005 sec
Running org.apache.wicket.protocol.http.WebResponseExceptionsTest
ERROR - WebPage                    - ^^^^^^^^^^^^^^^^^^^^^^^^^^^^^^^^^^^^^^^^^^^^^^^^^^^^^^^^^^^^^^^^^^^^^^^^^^^^^^^^^^^^^^^^^
ERROR - WebPage                    - You probably forgot to add a <body> or <head> tag to your markup since no Header Container was 
found but components were found which want to write to the <head> section.
<script type="text/javascript" src="../resource/org.apache.wicket.markup.html.WicketEventReference/wicket-event.js"></script>
<script type="text/javascript" src="../resource/org.apache.wicket.ajax.WicketAjaxReference/wicket-ajax.js"></script>
<script type="text/javascript" src="../resource/org.apache.wicket.ajax.AbstractDefaultAjaxBehavior/wicket-ajax-debug.js"></script>
<script type="text/javascript" id="wicket-ajax-debug-enable"><!--/*--><![CDATA[/*><!--*/
wicketAjaxDebugEnable=true;
/*-->]]>*/</script>
<script type="text/javascript" id="wicket-ajax-base-url"><!--/*--><![CDATA[/*><!--*/
Wicket.Ajax.baseUrl="wicket/bookmarkable/org.apache.wicket.protocol.http.TestErrorPage?0";
/*-->]]>*/</script>

ERROR - WebPage                    - ^^^^^^^^^^^^^^^^^^^^^^^^^^^^^^^^^^^^^^^^^^^^^^^^^^^^^^^^^^^^^^^^^^^^^^^^^^^^^^^^^^^^^^^^^
ERROR - WebPage                    - ^^^^^^^^^^^^^^^^^^^^^^^^^^^^^^^^^^^^^^^^^^^^^^^^^^^^^^^^^^^^^^^^^^^^^^^^^^^^^^^^^^^^^^^^^
ERROR - WebPage                    - You probably forgot to add a <body> or <head> tag to your markup since no Header Container was 
found but components were found which want to write to the <head> section.
<script type="text/javascript" src="../resource/org.apache.wicket.markup.html.WicketEventReference/wicket-event.js"></script>
<script type="text/javascript" src="../resource/org.apache.wicket.ajax.WicketAjaxReference/wicket-ajax.js"></script>
<script type="text/javascript" src="../resource/org.apache.wicket.ajax.AbstractDefaultAjaxBehavior/wicket-ajax-debug.js"></script>
<script type="text/javascript" id="wicket-ajax-debug-enable"><!--/*--><![CDATA[/*><!--*/
wicketAjaxDebugEnable=true;
/*-->]]>*/</script>
<script type="text/javascript" id="wicket-ajax-base-url"><!--/*--><![CDATA[/*><!--*/
Wicket.Ajax.baseUrl="wicket/bookmarkable/org.apache.wicket.protocol.http.TestErrorPage?0";
/*-->]]>*/</script>

ERROR - WebPage                    - ^^^^^^^^^^^^^^^^^^^^^^^^^^^^^^^^^^^^^^^^^^^^^^^^^^^^^^^^^^^^^^^^^^^^^^^^^^^^^^^^^^^^^^^^^
ERROR - WebPage                    - ^^^^^^^^^^^^^^^^^^^^^^^^^^^^^^^^^^^^^^^^^^^^^^^^^^^^^^^^^^^^^^^^^^^^^^^^^^^^^^^^^^^^^^^^^
ERROR - WebPage                    - You probably forgot to add a <body> or <head> tag to your markup since no Header Container was 
found but components were found which want to write to the <head> section.
<script type="text/javascript" src="../resource/org.apache.wicket.markup.html.WicketEventReference/wicket-event.js"></script>
<script type="text/javascript" src="../resource/org.apache.wicket.ajax.WicketAjaxReference/wicket-ajax.js"></script>
<script type="text/javascript" src="../resource/org.apache.wicket.ajax.AbstractDefaultAjaxBehavior/wicket-ajax-debug.js"></script>
<script type="text/javascript" id="wicket-ajax-debug-enable"><!--/*--><![CDATA[/*><!--*/
wicketAjaxDebugEnable=true;
/*-->]]>*/</script>
<script type="text/javascript" id="wicket-ajax-base-url"><!--/*--><![CDATA[/*><!--*/
Wicket.Ajax.baseUrl="wicket/bookmarkable/org.apache.wicket.protocol.http.TestErrorPage?0";
/*-->]]>*/</script>

ERROR - WebPage                    - ^^^^^^^^^^^^^^^^^^^^^^^^^^^^^^^^^^^^^^^^^^^^^^^^^^^^^^^^^^^^^^^^^^^^^^^^^^^^^^^^^^^^^^^^^
Tests run: 4, Failures: 0, Errors: 0, Skipped: 0, Time elapsed: 0.238 sec
Running org.apache.wicket.MetaDataTest
Tests run: 1, Failures: 0, Errors: 0, Skipped: 0, Time elapsed: 0.001 sec
Running org.apache.wicket.markup.html.navigation.paging.PagingNavigationLinkTest
Tests run: 4, Failures: 0, Errors: 0, Skipped: 0, Time elapsed: 0.002 sec
Running org.apache.wicket.markupFragments.MarkupFragmentTest
Tests run: 7, Failures: 0, Errors: 0, Skipped: 0, Time elapsed: 0.242 sec
Running org.apache.wicket.protocol.http.WicketURLTest
Tests run: 4, Failures: 0, Errors: 0, Skipped: 0, Time elapsed: 0.046 sec
Running org.apache.wicket.util.tester.TagTesterTest
Tests run: 10, Failures: 0, Errors: 0, Skipped: 0, Time elapsed: 0.048 sec
Running org.apache.wicket.markup.ComponentCreateTagTest
=== org.apache.wicket.markup.ComponentCreateTag_1 ===
=== org.apache.wicket.markup.ComponentCreateTag_2 ===
=== org.apache.wicket.markup.ComponentCreateTag_3 ===
=== org.apache.wicket.markup.ComponentCreateTag_4 ===
=== org.apache.wicket.markup.ComponentCreateTag_6 ===
Tests run: 5, Failures: 0, Errors: 0, Skipped: 0, Time elapsed: 0.175 sec
Running org.apache.wicket.validation.validator.CreditCardValidatorTest
Tests run: 2, Failures: 0, Errors: 0, Skipped: 0, Time elapsed: 0.061 sec
Running org.apache.wicket.util.io.WicketOutputStreamTest
Tests run: 5, Failures: 0, Errors: 0, Skipped: 0, Time elapsed: 0.059 sec
Running org.apache.wicket.markup.html.link.BookmarkableHomePageLinksTest
=== org.apache.wicket.markup.html.link.BookmarkableHomePageLinksPage ===
Tests run: 1, Failures: 0, Errors: 0, Skipped: 0, Time elapsed: 0.004 sec
Running org.apache.wicket.util.time.TimeFrameTest
Tests run: 5, Failures: 0, Errors: 0, Skipped: 0, Time elapsed: 0.073 sec
Running org.apache.wicket.markup.html.autolink.AutolinkTest
=== org.apache.wicket.markup.html.autolink.MyPage ===
=== org.apache.wicket.markup.html.autolink.Index ===
=== org.apache.wicket.markup.html.autolink.PageA ===
=== org.apache.wicket.markup.html.autolink.sub.PageB ===
Tests run: 4, Failures: 0, Errors: 0, Skipped: 0, Time elapsed: 0.107 sec
Running org.apache.wicket.resource.loader.ClassStringResourceLoaderTest
Tests run: 1, Failures: 0, Errors: 0, Skipped: 0, Time elapsed: 0.002 sec
Running org.apache.wicket.markup.html.form.validation.HomePageTest
Tests run: 7, Failures: 0, Errors: 0, Skipped: 0, Time elapsed: 0.102 sec
Running org.apache.wicket.util.tester.apps_5.AjaxLinkClickTest
Tests run: 3, Failures: 0, Errors: 0, Skipped: 0, Time elapsed: 0.007 sec
Running org.apache.wicket.DisabledComponentTest
=== org.apache.wicket.DisabledComponentPage1 ===
=== org.apache.wicket.DisabledComponentPage2 : link ===
=== org.apache.wicket.DisabledComponentPage1 ===
=== org.apache.wicket.DisabledComponentPage1 : link ===
Tests run: 2, Failures: 0, Errors: 0, Skipped: 0, Time elapsed: 0.007 sec
Running org.apache.wicket.util.lang.PropertyResolverTest
Tests run: 33, Failures: 0, Errors: 0, Skipped: 0, Time elapsed: 0.019 sec
Running org.apache.wicket.request.mapper.BookmarkableMapperTest
Tests run: 17, Failures: 0, Errors: 0, Skipped: 0, Time elapsed: 0.002 sec
Running org.apache.wicket.FeedbackMessagesTest
Tests run: 1, Failures: 0, Errors: 0, Skipped: 0, Time elapsed: 0.003 sec
Running org.apache.wicket.resource.ApplicationStringResourceLoaderTest
Tests run: 6, Failures: 0, Errors: 0, Skipped: 0, Time elapsed: 0.014 sec
Running org.apache.wicket.markup.html.internal.HtmlHeaderContainerTest
Tests run: 1, Failures: 0, Errors: 0, Skipped: 0, Time elapsed: 0.002 sec
Running org.apache.wicket.util.string.interpolator.PropertyVariableInterpolatorTest
Tests run: 2, Failures: 0, Errors: 0, Skipped: 0, Time elapsed: 0 sec
Running org.apache.wicket.util.lang.PrimitivesTest
Tests run: 2, Failures: 0, Errors: 0, Skipped: 0, Time elapsed: 0.001 sec
Running org.apache.wicket.util.string.PrependingStringBufferTest
Tests run: 5, Failures: 0, Errors: 0, Skipped: 0, Time elapsed: 0.001 sec
Running org.apache.wicket.validation.validator.EmailValidatorTest
Tests run: 2, Failures: 0, Errors: 0, Skipped: 0, Time elapsed: 0.002 sec
Running org.apache.wicket.ajax.AjaxBehaviorEnabledTest
<!DOCTYPE html PUBLIC "-//W3C//DTD XHTML 1.0 Transitional//EN" "http://www.w3.org/TR/xhtml1/DTD/xhtml1-transitional.dtd">
<html xmlns="http://www.w3.org/1999/xhtml">
<head>
<meta http-equiv="Content-Type" content="text/html; charset=UTF-8" />
<title>Insert title here</title>
<script type="text/javascript" src="../resource/org.apache.wicket.markup.html.WicketEventReference/wicket-event.js"></script>
<script type="text/javascript" src="../resource/org.apache.wicket.ajax.WicketAjaxReference/wicket-ajax.js"></script>
<script type="text/javascript" src="../resource/org.apache.wicket.ajax.AbstractDefaultAjaxBehavior/wicket-ajax-debug.js"></script>
<script type="text/javascript" id="wicket-ajax-debug-enable"><!--/*--><![CDATA[/*><!--*/
wicketAjaxDebugEnable=true;
/*-->]]>*/</script>
<script type="text/javascript" id="wicket-ajax-base-url"><!--/*--><![CDATA[/*><!--*/
Wicket.Ajax.baseUrl="wicket/bookmarkable/org.apache.wicket.ajax.AjaxBehaviorEnabledPage?0";
/*-->]]>*/</script>
</head>
<body>
	<span wicket:id="enabled" id="enabled1" onclick="var wcall=wicketAjaxGet('../page?0-1.IBehaviorListener.0-enabled',function() { }.bind(this),function() { }.bind(this), function() {return Wicket.$('enabled1') != null;}.bind(this));">this label is ajax enabled</span>
	<span wicket:id="disabled" id="disabled2">this label is not ajax enabled</span>
</body>
</html>
Tests run: 1, Failures: 0, Errors: 0, Skipped: 0, Time elapsed: 0.004 sec
Running org.apache.wicket.markup.MarkupParserTest
Tests run: 8, Failures: 0, Errors: 0, Skipped: 0, Time elapsed: 0.01 sec
Running org.apache.wicket.markup.html.list.IncrementalTableNavigationTest
=== org.apache.wicket.markup.html.list.IncrementalTableNavigationPage ===
=== org.apache.wicket.markup.html.list.IncrementalTableNavigationPage : nextNext ===
=== org.apache.wicket.markup.html.list.IncrementalTableNavigationPage : prev ===
Tests run: 1, Failures: 0, Errors: 0, Skipped: 0, Time elapsed: 0.007 sec
Running org.apache.wicket.PageMarkupLoadingTest
Tests run: 4, Failures: 0, Errors: 0, Skipped: 0, Time elapsed: 0.007 sec
Running org.apache.wicket.markup.html.form.encryption.CryptTest
Tests run: 2, Failures: 0, Errors: 0, Skipped: 0, Time elapsed: 0.026 sec
Running org.apache.wicket.ParentResourceEscapePathTest
<html><head><wicket:link><script type="text/javascript" src="../resource/org.apache.wicket.ParentResourceEscapePathTestPage/-updir-/-updir-/-updir-/ParentResourceTest.js"></script></wicket:link></head></html>
<html><head><wicket:link><script type="text/javascript" src="../resource/org.apache.wicket.ParentResourceEscapePathTestPage/$up$/$up$/$up$/ParentResourceTest.js"></script></wicket:link></head></html>
Tests run: 3, Failures: 0, Errors: 0, Skipped: 0, Time elapsed: 0.008 sec
Running org.apache.wicket.resource.BundleStringResourceLoaderTest
Tests run: 6, Failures: 0, Errors: 0, Skipped: 0, Time elapsed: 0.009 sec
Running org.apache.wicket.markup.html.internal.EnclosureTest
=== org.apache.wicket.markup.html.internal.EnclosurePage_2 ===
=== org.apache.wicket.markup.html.internal.EnclosurePage_3 ===
=== org.apache.wicket.markup.html.internal.EnclosurePage_4 ===
=== org.apache.wicket.markup.html.internal.EnclosurePage_4 ===
=== org.apache.wicket.markup.html.internal.EnclosurePage_5 ===
=== org.apache.wicket.markup.html.internal.EnclosurePage_5 ===
=== org.apache.wicket.markup.html.internal.EnclosurePage_8 ===
=== org.apache.wicket.markup.html.internal.EnclosurePage_10 ===
=== org.apache.wicket.markup.html.internal.EnclosurePage_11 ===
=== org.apache.wicket.markup.html.internal.EnclosurePage_1 ===
Tests run: 14, Failures: 0, Errors: 0, Skipped: 0, Time elapsed: 0.067 sec
Running org.apache.wicket.markup.html.link.submitLink.FormPage2Test
Tests run: 3, Failures: 0, Errors: 0, Skipped: 0, Time elapsed: 0.01 sec
Running org.apache.wicket.LocalizerTest
Tests run: 10, Failures: 0, Errors: 0, Skipped: 0, Time elapsed: 0.043 sec
Running org.apache.wicket.SetResponsePageTest
Tests run: 1, Failures: 0, Errors: 0, Skipped: 0, Time elapsed: 0.005 sec
Running org.apache.wicket.markup.parser.RelativePathPrefixHandlerTest
=== org.apache.wicket.markup.parser.Page_2 ===
=== org.apache.wicket.markup.parser.Page_3 ===
=== org.apache.wicket.markup.parser.Page_1 ===
Tests run: 3, Failures: 0, Errors: 0, Skipped: 0, Time elapsed: 0.008 sec
Running org.apache.wicket.CachingDisabledLocalizerTest
Tests run: 10, Failures: 0, Errors: 0, Skipped: 0, Time elapsed: 0.129 sec
Running org.apache.wicket.ResourceTest
Tests run: 1, Failures: 0, Errors: 0, Skipped: 0, Time elapsed: 0.002 sec
Running org.apache.wicket.markup.html.link.HrefTest
=== org.apache.wicket.markup.html.link.Href_1 ===
=== org.apache.wicket.markup.html.link.Href_1 ===
=== org.apache.wicket.markup.html.link.Href_3 ===
=== org.apache.wicket.markup.html.link.Href_2 ===
Tests run: 4, Failures: 0, Errors: 0, Skipped: 0, Time elapsed: 0.01 sec
Running org.apache.wicket.RemoveTest
Tests run: 1, Failures: 0, Errors: 0, Skipped: 0, Time elapsed: 0.004 sec
Running org.apache.wicket.ajax.markup.html.componentMap.SimpleTestPanelTest
=== org.apache.wicket.ajax.markup.html.componentMap.SimpleTestPage ===
Tests run: 1, Failures: 0, Errors: 0, Skipped: 0, Time elapsed: 0.008 sec
Running org.apache.wicket.resource.InvalidResourceSpecificationExceptionTest
Tests run: 4, Failures: 0, Errors: 0, Skipped: 0, Time elapsed: 0.001 sec
Running org.apache.wicket.markup.html.basic.HomePageRedirectTest
Tests run: 2, Failures: 0, Errors: 0, Skipped: 0, Time elapsed: 0.005 sec
Running org.apache.wicket.ajax.markup.html.ajaxLink.AjaxLinkTest
=== org.apache.wicket.ajax.markup.html.ajaxLink.AjaxLinkPage ===
=== org.apache.wicket.ajax.markup.html.ajaxLink.AjaxLinkWithBorderPage ===
=== org.apache.wicket.ajax.markup.html.ajaxLink.AjaxPage2 : org.apache.wicket.ajax.markup.html.AjaxLink$1@4b19c6e8 ===
=== org.apache.wicket.ajax.markup.html.ajaxLink.AjaxPage2 ===
=== org.apache.wicket.ajax.markup.html.ajaxLink.AjaxPage2 : org.apache.wicket.ajax.markup.html.AjaxLink$1@707123aa ===
Tests run: 6, Failures: 0, Errors: 0, Skipped: 0, Time elapsed: 0.026 sec
Running org.apache.wicket.page.persistent.disk.DiskDataStoreTest
Starting...
Took: 7331 ms
Save: 1000 files, 253575010 bytes
Read: 20 files, 5382820 bytes
Average save time (ns): 529.102
Tests run: 1, Failures: 0, Errors: 0, Skipped: 0, Time elapsed: 7.369 sec
Running org.apache.wicket.util.cookies.CookieUtilsTest
Tests run: 1, Failures: 0, Errors: 0, Skipped: 0, Time elapsed: 0.005 sec
Running org.apache.wicket.page.persistent.disk.PageWindowManagerTest
Tests run: 2, Failures: 0, Errors: 0, Skipped: 0, Time elapsed: 0 sec
Running org.apache.wicket.markup.html.header.testing.HeaderTest
=== org.apache.wicket.markup.html.header.testing.TestPage ===
Tests run: 1, Failures: 0, Errors: 0, Skipped: 0, Time elapsed: 0.005 sec
Running org.apache.wicket.TesterTest
Tests run: 1, Failures: 0, Errors: 0, Skipped: 0, Time elapsed: 0.045 sec
Running org.apache.wicket.properties.PropertiesTest
Tests run: 2, Failures: 0, Errors: 0, Skipped: 0, Time elapsed: 0.518 sec
Running org.apache.wicket.util.collections.MicroMapTest
Tests run: 1, Failures: 0, Errors: 0, Skipped: 0, Time elapsed: 0.001 sec
Running org.apache.wicket.validation.validator.MinimumValidatorTest
Tests run: 2, Failures: 0, Errors: 0, Skipped: 0, Time elapsed: 0.045 sec
Running org.apache.wicket.FormDispatchEventTest
Tests run: 1, Failures: 0, Errors: 0, Skipped: 0, Time elapsed: 0.156 sec
Running org.apache.wicket.markup.html.SecurePackageResourceGuardTest
Tests run: 12, Failures: 0, Errors: 0, Skipped: 0, Time elapsed: 0.051 sec
Running org.apache.wicket.util.tester.apps_4.FormTesterTest
Tests run: 1, Failures: 0, Errors: 0, Skipped: 0, Time elapsed: 0.199 sec
Running org.apache.wicket.request.UrlTest
Tests run: 26, Failures: 0, Errors: 0, Skipped: 0, Time elapsed: 0.005 sec
Running org.apache.wicket.request.mapper.info.PageComponentInfoTest
Tests run: 2, Failures: 0, Errors: 0, Skipped: 0, Time elapsed: 0 sec
Running org.apache.wicket.resource.loader.PackageStringResourceLoaderTest
=== org.apache.wicket.resource.loader.pages.Test1 ===
Tests run: 4, Failures: 0, Errors: 0, Skipped: 0, Time elapsed: 0.484 sec
Running org.apache.wicket.markup.html.form.imagebutton.InvalidImageButtonTest
Tests run: 1, Failures: 0, Errors: 0, Skipped: 0, Time elapsed: 0.002 sec
Running org.apache.wicket.behavior.AttributeAppenderTest
Tests run: 2, Failures: 0, Errors: 0, Skipped: 0, Time elapsed: 0.001 sec
Running org.apache.wicket.markup.html.list.PagedTableTest
Tests run: 1, Failures: 0, Errors: 0, Skipped: 0, Time elapsed: 0.212 sec
Running org.apache.wicket.util.string.StringsTest
Tests run: 21, Failures: 0, Errors: 0, Skipped: 0, Time elapsed: 0.048 sec
Running org.apache.wicket.util.string.JavascriptStripperTest
 attr:   /\[((?:[\w-]*:)?[\w-]+)\s*(?:([!^$*~|]?=)\s*((['"])([^\4]*?)\4|([^'"][^\]]*?)))?\]/ after regex
Tests run: 11, Failures: 0, Errors: 0, Skipped: 0, Time elapsed: 0.046 sec
Running org.apache.wicket.markup.resolver.WicketMessageResolverTest
=== org.apache.wicket.markup.resolver.SimplePage_1 ===
=== org.apache.wicket.markup.resolver.SimplePage_5 ===
=== org.apache.wicket.markup.resolver.SimplePage_6 ===
=== org.apache.wicket.markup.resolver.SimplePage_2 ===
=== org.apache.wicket.markup.resolver.SimplePage_3 ===
=== org.apache.wicket.markup.resolver.SimplePage_2 ===
Tests run: 7, Failures: 0, Errors: 0, Skipped: 0, Time elapsed: 0.426 sec
Running org.apache.wicket.stateless.pages.StatelessFormTest
Tests run: 1, Failures: 0, Errors: 0, Skipped: 0, Time elapsed: 0.004 sec
Running org.apache.wicket.markup.html.form.CheckGroupTest
=== org.apache.wicket.markup.html.form.CheckGroupTestPage1 ===
=== org.apache.wicket.markup.html.form.CheckGroupTestPage2 ===
=== org.apache.wicket.markup.html.form.CheckGroupTestPage3 ===
=== org.apache.wicket.markup.html.form.CheckGroupTestPage4 ===
=== org.apache.wicket.markup.html.form.CheckGroupTestPage5 ===
=== org.apache.wicket.markup.html.form.CheckGroupDisabledTestPage ===
Tests run: 3, Failures: 0, Errors: 0, Skipped: 0, Time elapsed: 0.171 sec
Running org.apache.wicket.redirect.abort.AbortExceptionTest
ERROR - Component                  - Error while getting default model object for Component: [ [Component id = test, page = org.apache.wicket.redirect.abort.AbortExceptionPage, path = 0:test.AbortExceptionPage$2, isVisible = true, isVersioned = true]]
Tests run: 2, Failures: 0, Errors: 0, Skipped: 0, Time elapsed: 0.004 sec
Running org.apache.wicket.util.lang.BytesTest
Tests run: 3, Failures: 0, Errors: 0, Skipped: 0, Time elapsed: 0.001 sec
Running org.apache.wicket.SharedResourceUrlTest
Tests run: 2, Failures: 0, Errors: 0, Skipped: 0, Time elapsed: 0.045 sec
Running org.apache.wicket.markup.html.basic.LabelTest
=== org.apache.wicket.markup.html.basic.LabelWithoutEscapeMarkupPage ===
=== org.apache.wicket.markup.html.basic.LabelWithEscapeMarkupPage ===
Tests run: 2, Failures: 0, Errors: 0, Skipped: 0, Time elapsed: 0.048 sec
Running org.apache.wicket.AttributeModifierTest
Tests run: 9, Failures: 0, Errors: 0, Skipped: 0, Time elapsed: 0.046 sec
Running org.apache.wicket.model.ResourceModelTest
=== org.apache.wicket.model.ResourceModelTest$TestPage ===
Tests run: 1, Failures: 0, Errors: 0, Skipped: 0, Time elapsed: 0.004 sec
Running org.apache.wicket.util.string.StringListTest
Tests run: 8, Failures: 0, Errors: 0, Skipped: 0, Time elapsed: 0.046 sec
Running org.apache.wicket.util.tester.WicketTesterTest
Tests run: 26, Failures: 0, Errors: 0, Skipped: 0, Time elapsed: 0.924 sec
Running org.apache.wicket.markup.html.basic.SimplePageTest
=== org.apache.wicket.markup.html.basic.SimplePage ===
=== org.apache.wicket.markup.html.basic.SimplePage_5 ===
=== org.apache.wicket.markup.html.basic.SimplePage_7 ===
=== org.apache.wicket.markup.html.basic.SimplePage_9 ===
=== org.apache.wicket.markup.html.basic.SimplePage_15 ===
=== org.apache.wicket.markup.html.basic.SimplePage_16 ===
=== org.apache.wicket.markup.html.basic.SimplePage_14 ===
=== org.apache.wicket.markup.html.basic.SimplePage_8 ===
=== org.apache.wicket.markup.html.basic.SimplePage_10 ===
=== org.apache.wicket.markup.html.basic.SimplePage_11 ===
=== org.apache.wicket.markup.html.basic.SimplePage_12 ===
=== org.apache.wicket.markup.html.basic.SimplePage_13 ===
ERROR - WebPage                    - ^^^^^^^^^^^^^^^^^^^^^^^^^^^^^^^^^^^^^^^^^^^^^^^^^^^^^^^^^^^^^^^^^^^^^^^^^^^^^^^^^^^^^^^^^
ERROR - WebPage                    - You probably forgot to add a <body> or <head> tag to your markup since no Header Container was 
found but components were found which want to write to the <head> section.
<link rel="stylesheet" type="text/css" href="../../BasePage.css" />
<script type="text/javascript" src="../resource/org.apache.wicket.markup.html.WicketEventReference/wicket-event.js"></script>
<script type="text/javascript" src="../resource/org.apache.wicket.ajax.WicketAjaxReference/wicket-ajax.js"></script>
<script type="text/javascript" src="../resource/org.apache.wicket.ajax.AbstractDefaultAjaxBehavior/wicket-ajax-debug.js"></script>
<script type="text/javascript" id="wicket-ajax-debug-enable"><!--/*--><![CDATA[/*><!--*/
wicketAjaxDebugEnable=true;
/*-->]]>*/</script>
<script type="text/javascript" id="wicket-ajax-base-url"><!--/*--><![CDATA[/*><!--*/
Wicket.Ajax.baseUrl="wicket/bookmarkable/org.apache.wicket.markup.html.basic.SimplePage_13?0";
/*-->]]>*/</script>

ERROR - WebPage                    - ^^^^^^^^^^^^^^^^^^^^^^^^^^^^^^^^^^^^^^^^^^^^^^^^^^^^^^^^^^^^^^^^^^^^^^^^^^^^^^^^^^^^^^^^^
=== org.apache.wicket.markup.html.basic.SimplePage_3 ===
=== org.apache.wicket.markup.html.basic.SimplePage_4 ===
=== org.apache.wicket.markup.html.basic.SimplePage_6 ===
=== org.apache.wicket.markup.html.basic.SimplePage ===
Tests run: 18, Failures: 0, Errors: 0, Skipped: 0, Time elapsed: 0.053 sec
Running org.apache.wicket.markup.html.list.PagedTableNavigatorWithLabelProviderTest
Tests run: 1, Failures: 0, Errors: 0, Skipped: 0, Time elapsed: 0.041 sec
Running org.apache.wicket.request.cycle.UrlRendererTest
Tests run: 8, Failures: 0, Errors: 0, Skipped: 0, Time elapsed: 0.001 sec
Running org.apache.wicket.markup.html.form.DropDownChoiceTest
Tests run: 1, Failures: 0, Errors: 0, Skipped: 0, Time elapsed: 0.013 sec
Running org.apache.wicket.util.size.BytesTest
Tests run: 4, Failures: 0, Errors: 0, Skipped: 0, Time elapsed: 0.002 sec
Running org.apache.wicket.util.io.XmlReaderTest
Tests run: 7, Failures: 0, Errors: 0, Skipped: 0, Time elapsed: 0.002 sec
Running org.apache.wicket.util.convert.converters.ConvertersTest
Tests run: 11, Failures: 0, Errors: 0, Skipped: 0, Time elapsed: 0.003 sec
Running org.apache.wicket.markup.html.link.AutolinkTest
=== org.apache.wicket.markup.html.link.AutolinkPage_1 ===
=== org.apache.wicket.markup.html.link.AutolinkPage_2 ===
=== org.apache.wicket.markup.html.link.AutolinkPage_3 ===
=== org.apache.wicket.markup.html.link.AutolinkPage_4 ===
Tests run: 4, Failures: 0, Errors: 0, Skipped: 0, Time elapsed: 0.02 sec
Running org.apache.wicket.markup.html.list.TableTest
Tests run: 2, Failures: 0, Errors: 0, Skipped: 0, Time elapsed: 0.001 sec
Running org.apache.wicket.markup.html.form.FormSubmitTest
Tests run: 12, Failures: 0, Errors: 0, Skipped: 0, Time elapsed: 0.124 sec
Running org.apache.wicket.request.resource.WriteCallbackTest
Tests run: 1, Failures: 0, Errors: 0, Skipped: 0, Time elapsed: 0 sec
Running org.apache.wicket.markup.html.link.ExternalLinkTest
=== org.apache.wicket.markup.html.link.ExternalLinkPage_1 ===
=== org.apache.wicket.markup.html.link.ExternalLinkPage_2 ===
Tests run: 2, Failures: 0, Errors: 0, Skipped: 0, Time elapsed: 0.005 sec
Running org.apache.wicket.ApplicationSettingsTest
Tests run: 8, Failures: 0, Errors: 0, Skipped: 0, Time elapsed: 0.001 sec
Running org.apache.wicket.markup.html.header.threelayers.InheritanceHeadTest
=== org.apache.wicket.markup.html.header.threelayers.MeldingPage ===
Tests run: 1, Failures: 0, Errors: 0, Skipped: 0, Time elapsed: 0.004 sec
Running org.apache.wicket.util.time.TimeOfDayTest
Tests run: 1, Failures: 0, Errors: 0, Skipped: 0, Time elapsed: 0.001 sec
Running org.apache.wicket.MarkupContainerTest
=== org.apache.wicket.MarkupIdTestPage ===
Tests run: 2, Failures: 0, Errors: 0, Skipped: 0, Time elapsed: 0.003 sec
Running org.apache.wicket.ajax.AjaxPreprocessingCallDecoratorTest
Tests run: 3, Failures: 0, Errors: 0, Skipped: 0, Time elapsed: 0.001 sec
Running org.apache.wicket.markup.html.form.PrimitiveTypeRequiredTest
Tests run: 1, Failures: 0, Errors: 0, Skipped: 0, Time elapsed: 0.001 sec
Running org.apache.wicket.session.DefaultPageFactoryTest
Tests run: 1, Failures: 0, Errors: 0, Skipped: 0, Time elapsed: 0.002 sec
Running org.apache.wicket.model.ModelToStringTest
Tests run: 6, Failures: 0, Errors: 0, Skipped: 0, Time elapsed: 0.003 sec
Running org.apache.wicket.markup.html.tags.InputTagNotClosedTest
=== org.apache.wicket.markup.html.tags.InputTagNotVisibleWebPage ===
=== org.apache.wicket.markup.html.tags.InputTagVisibleWebPage ===
Tests run: 2, Failures: 0, Errors: 0, Skipped: 0, Time elapsed: 0.005 sec
Running org.apache.wicket.markup.html.header.testing2.HeaderTest
=== org.apache.wicket.markup.html.header.testing2.TestExtendedPage ===
=== org.apache.wicket.markup.html.header.testing2.TestExtendedPage2 ===
Tests run: 2, Failures: 0, Errors: 0, Skipped: 0, Time elapsed: 0.006 sec
Running org.apache.wicket.markup.MarkupInheritanceTest
=== org.apache.wicket.markup.MarkupInheritanceExtension_1 ===
=== org.apache.wicket.markup.MarkupInheritanceExtension_2 ===
=== org.apache.wicket.markup.MarkupInheritanceExtension_5 ===
=== org.apache.wicket.markup.MarkupInheritanceExtension_7 ===
=== org.apache.wicket.markup.MarkupInheritancePage_9 ===
=== org.apache.wicket.markup.MarkupInheritanceExtension_1 ===
=== org.apache.wicket.markup.MarkupInheritanceExtension_8 ===
=== org.apache.wicket.markup.MarkupInheritanceExtension_10 ===
=== org.apache.wicket.markup.MarkupInheritanceExtension_11 ===
=== org.apache.wicket.markup.MarkupInheritanceExtension_12 ===
=== org.apache.wicket.markup.MarkupInheritanceExtension_13 ===
=== org.apache.wicket.markup.MarkupInheritanceExtension_3 ===
=== org.apache.wicket.markup.MarkupInheritanceExtension_4 ===
=== org.apache.wicket.markup.MarkupInheritancePage_6 ===
Tests run: 14, Failures: 0, Errors: 0, Skipped: 0, Time elapsed: 0.046 sec
Running org.apache.wicket.markup.html.form.DisabledItemRetainingCheckBoxTest
Tests run: 5, Failures: 0, Errors: 0, Skipped: 0, Time elapsed: 0.016 sec
Running org.apache.wicket.markup.html.list.PagedTableNavigatorWithMarginTest
Tests run: 1, Failures: 0, Errors: 0, Skipped: 0, Time elapsed: 0.034 sec
Running org.apache.wicket.util.crypt.Base64Test
Tests run: 16, Failures: 0, Errors: 0, Skipped: 0, Time elapsed: 0.03 sec
Running org.apache.wicket.markup.renderStrategy.ChildFirstHeaderRenderStrategyTest
ERROR - stHeaderRenderStrategyTest - === PARENT first header render strategy ===
ERROR - stHeaderRenderStrategyTest - === CHILD first header render strategy ===
ERROR - stHeaderRenderStrategyTest - === PARENT first header render strategy ===
ERROR - stHeaderRenderStrategyTest - === CHILD first header render strategy ===
Tests run: 2, Failures: 0, Errors: 0, Skipped: 0, Time elapsed: 0.019 sec
Running org.apache.wicket.markup.html.form.login.InterceptTest
Tests run: 3, Failures: 0, Errors: 0, Skipped: 0, Time elapsed: 0.012 sec
Running org.apache.wicket.util.tester.apps_3.FormTesterTest
Tests run: 7, Failures: 0, Errors: 0, Skipped: 0, Time elapsed: 0.058 sec
Running org.apache.wicket.markup.html.form.LocalizedErrorMessageTest
Tests run: 2, Failures: 0, Errors: 0, Skipped: 0, Time elapsed: 0.031 sec
Running org.apache.wicket.markup.html.basic.XmlPageTest
=== org.apache.wicket.markup.html.basic.XmlPage_1 ===
=== org.apache.wicket.markup.html.basic.XmlPage_2 ===
=== org.apache.wicket.markup.html.basic.XmlPage_3 ===
Tests run: 3, Failures: 0, Errors: 0, Skipped: 0, Time elapsed: 0.012 sec
Running org.apache.wicket.redirect.RestartWithMountedPageTest
Tests run: 1, Failures: 0, Errors: 0, Skipped: 0, Time elapsed: 0.002 sec
Running org.apache.wicket.protocol.http.WicketTagPanelTest
Tests run: 2, Failures: 0, Errors: 0, Skipped: 0, Time elapsed: 0.004 sec
Running org.apache.wicket.model.StringResourceModelTest
Tests run: 9, Failures: 0, Errors: 0, Skipped: 0, Time elapsed: 0.047 sec
Running org.apache.wicket.markup.html.list.ListViewTest
Tests run: 2, Failures: 0, Errors: 0, Skipped: 0, Time elapsed: 0.001 sec
Running org.apache.wicket.util.tester.FormTesterTest
Tests run: 6, Failures: 0, Errors: 0, Skipped: 0, Time elapsed: 0.026 sec
Running org.apache.wicket.request.mapper.BasicResourceReferenceMapperTest
Tests run: 23, Failures: 0, Errors: 0, Skipped: 0, Time elapsed: 0.004 sec
Running org.apache.wicket.ajax.form.OnChangeAjaxBehaviorTest
=== org.apache.wicket.ajax.form.OnChangeAjaxBehaviorTestPage ===
Tests run: 2, Failures: 0, Errors: 0, Skipped: 0, Time elapsed: 0.024 sec
Running org.apache.wicket.ajax.AjaxRequestTargetTest
Tests run: 5, Failures: 0, Errors: 0, Skipped: 0, Time elapsed: 0.014 sec
Running org.apache.wicket.markup.html.image.ImageTest
Tests run: 2, Failures: 0, Errors: 0, Skipped: 0, Time elapsed: 0.018 sec
Running org.apache.wicket.ComponentInitializationTest
Tests run: 3, Failures: 0, Errors: 3, Skipped: 0, Time elapsed: 0.044 sec <<< FAILURE!
Running org.apache.wicket.util.time.TimeTest
Tests run: 1, Failures: 0, Errors: 0, Skipped: 0, Time elapsed: 0.001 sec
Running org.apache.wicket.stateless.StatelessFormTest
Tests run: 1, Failures: 0, Errors: 0, Skipped: 0, Time elapsed: 0.006 sec
Running org.apache.wicket.stateless.StatelessComponentTest
=== org.apache.wicket.stateless.StatelessComponentPage ===
=== org.apache.wicket.stateless.StatelessComponentPageWithParams ===
=== org.apache.wicket.stateless.StatelessComponentPageWithParams ===
=== org.apache.wicket.stateless.StatelessComponentPageWithParams ===
=== org.apache.wicket.stateless.StatelessComponentPage ===
Tests run: 5, Failures: 0, Errors: 0, Skipped: 0, Time elapsed: 0.105 sec
Running org.apache.wicket.stateless.ImageStatelessTest
Tests run: 2, Failures: 0, Errors: 0, Skipped: 0, Time elapsed: 0.002 sec
Running org.apache.wicket.markup.parser.XmlPullParserTest
Tests run: 9, Failures: 0, Errors: 0, Skipped: 0, Time elapsed: 0.003 sec
Running org.apache.wicket.util.resource.UrlResourceStreamTest
Tests run: 1, Failures: 0, Errors: 0, Skipped: 0, Time elapsed: 0.002 sec
Running org.apache.wicket.markup.html.header.inheritance.InheritanceHeadTest
=== org.apache.wicket.markup.html.header.inheritance.ConcretePage2 ===
=== org.apache.wicket.markup.html.header.inheritance.ConcretePage2 ===
Tests run: 2, Failures: 0, Errors: 0, Skipped: 0, Time elapsed: 0.006 sec
Running org.apache.wicket.markup.html.form.FormTest
=== org.apache.wicket.markup.html.form.FormMethodTestPage ===
Tests run: 1, Failures: 0, Errors: 0, Skipped: 0, Time elapsed: 0.003 sec
Running org.apache.wicket.validation.validator.UrlValidatorTest
Tests run: 6, Failures: 0, Errors: 0, Skipped: 0, Time elapsed: 2.973 sec
Running org.apache.wicket.validation.validator.RangeValidatorTest
Tests run: 2, Failures: 0, Errors: 0, Skipped: 0, Time elapsed: 0.045 sec
Running org.apache.wicket.resource.loader.ComponentStringResourceLoaderTest
=== org.apache.wicket.resource.loader.TestPage_1 ===
=== org.apache.wicket.resource.loader.TestPage_1 ===
Tests run: 2, Failures: 0, Errors: 0, Skipped: 0, Time elapsed: 0.05 sec
Running org.apache.wicket.markup.html.form.EnumChoiceRendererTest
Tests run: 1, Failures: 0, Errors: 0, Skipped: 0, Time elapsed: 0.045 sec
Running org.apache.wicket.ajax.AjaxComponentVisibilityTest
Tests run: 1, Failures: 0, Errors: 0, Skipped: 0, Time elapsed: 0.004 sec
Running org.apache.wicket.validation.validator.MaximumValidatorTest
Tests run: 2, Failures: 0, Errors: 0, Skipped: 0, Time elapsed: 0.001 sec
Running org.apache.wicket.ajax.DomReadyOrderTest
ERROR - DomReadyOrderTest          - '<?xml version="1.0" encoding="UTF-8"?><ajax-response><component id="listViewContainer3" ><![CDATA[<div wicket:id="listViewContainer" id="listViewContainer3">
          <wicket:container wicket:id="listView">
             <label wicket:id="label">0</label><br/>
          </wicket:container><wicket:container wicket:id="listView">
             <label wicket:id="label">1</label><br/>
          </wicket:container>
        </div>]]></component></ajax-response>'
Tests run: 3, Failures: 0, Errors: 0, Skipped: 0, Time elapsed: 0.101 sec
Running org.apache.wicket.ComponentTest
=== org.apache.wicket.TestPage_1 ===
=== org.apache.wicket.TestDetachPage ===
=== org.apache.wicket.TestDetachPage ===
=== org.apache.wicket.TestDetachPage : org.apache.wicket.TestDetachPage$2@2a094cd7 ===
Tests run: 3, Failures: 0, Errors: 0, Skipped: 0, Time elapsed: 0.119 sec
Running org.apache.wicket.markup.WicketNamespaceTest
=== org.apache.wicket.markup.WicketNamespace_1 ===
=== org.apache.wicket.markup.WicketNamespace_2 ===
=== org.apache.wicket.markup.WicketNamespace_5 ===
=== org.apache.wicket.markup.WicketNamespace_3 ===
=== org.apache.wicket.markup.WicketNamespace_4 ===
=== org.apache.wicket.markup.WicketNamespace_6 ===
Tests run: 6, Failures: 0, Errors: 0, Skipped: 0, Time elapsed: 0.203 sec
Running org.apache.wicket.util.license.ApacheLicenceHeaderTest
Tests run: 1, Failures: 0, Errors: 0, Skipped: 1, Time elapsed: 0.001 sec

Results :

Tests in error: 
  testAtomicity(org.apache.wicket.ComponentInitializationTest)
  testPageInitialization(org.apache.wicket.ComponentInitializationTest)
  testPropagation(org.apache.wicket.ComponentInitializationTest)

Tests run: 891, Failures: 0, Errors: 3, Skipped: 1

[INFO] ------------------------------------------------------------------------
[INFO] BUILD FAILURE
[INFO] ------------------------------------------------------------------------
[INFO] Total time: 27.688 s
[INFO] Finished at: 2016-07-31T10:41:24-07:00
[INFO] Final Memory: 14M/606M
[INFO] ------------------------------------------------------------------------
[ERROR] Failed to execute goal org.apache.maven.plugins:maven-surefire-plugin:2.4:test (default-test) on project wicket: There are test failures.
[ERROR] 
[ERROR] Please refer to /home/ylyu/dataset/wicket3/dataset/wicket/WICKET-2961_3d8c9d75974ebe593d1e194c06f4a7f69c834f37/wicket/target/surefire-reports for the individual test results.
[ERROR] -> [Help 1]
[ERROR] 
[ERROR] To see the full stack trace of the errors, re-run Maven with the -e switch.
[ERROR] Re-run Maven using the -X switch to enable full debug logging.
[ERROR] 
[ERROR] For more information about the errors and possible solutions, please read the following articles:
[ERROR] [Help 1] http://cwiki.apache.org/confluence/display/MAVEN/MojoFailureException
