[INFO] Scanning for projects...
[INFO]                                                                         
[INFO] ------------------------------------------------------------------------
[INFO] Building Wicket Util 6.0-SNAPSHOT
[INFO] ------------------------------------------------------------------------
[INFO] 
[INFO] --- maven-remote-resources-plugin:1.2.1:process (default) @ wicket-util ---
[INFO] 
[INFO] --- maven-resources-plugin:2.5:resources (default-resources) @ wicket-util ---
[debug] execute contextualize
[INFO] Using 'UTF-8' encoding to copy filtered resources.
[INFO] Copying 11 resources
[INFO] skip non existing resourceDirectory /home/ylyu/dataset/wicket3/dataset/wicket/WICKET-4309_b4274415a2a8efeef59c2b52e5eff867a771e05b/wicket-util/src/main/resources
[INFO] Copying 3 resources
[INFO] 
[INFO] --- maven-compiler-plugin:2.3.2:compile (default-compile) @ wicket-util ---
[INFO] Nothing to compile - all classes are up to date
[INFO] 
[INFO] --- maven-bundle-plugin:2.2.0:manifest (bundle-manifest) @ wicket-util ---
[WARNING] Warning in manifest for org.apache.wicket:wicket-util:jar:6.0-SNAPSHOT : Superfluous export-package instructions: [org, org.apache, org.apache.wicket.util.markup, org.apache.wicket.util.parse]
[WARNING] Warning in manifest for org.apache.wicket:wicket-util:jar:6.0-SNAPSHOT : Did not find matching referal for org.apache.wicket*
[INFO] 
[INFO] --- maven-resources-plugin:2.5:testResources (default-testResources) @ wicket-util ---
[debug] execute contextualize
[INFO] Using 'UTF-8' encoding to copy filtered resources.
[INFO] Copying 8 resources
[INFO] Copying 3 resources
[INFO] 
[INFO] --- maven-compiler-plugin:2.3.2:testCompile (default-testCompile) @ wicket-util ---
[INFO] Nothing to compile - all classes are up to date
[INFO] 
[INFO] --- maven-surefire-plugin:2.11:test (default-test) @ wicket-util ---
[INFO] Surefire report directory: /home/ylyu/dataset/wicket3/dataset/wicket/WICKET-4309_b4274415a2a8efeef59c2b52e5eff867a771e05b/wicket-util/target/surefire-reports
[INFO] Using configured provider org.apache.maven.surefire.junitcore.JUnitCoreProvider

-------------------------------------------------------
 T E S T S
-------------------------------------------------------
Concurrency config is parallel='none', perCoreThreadCount=true, threadCount=2, useUnlimitedThreads=false
Running org.apache.wicket.util.io.FullyBufferedReaderTest
Tests run: 6, Failures: 0, Errors: 0, Skipped: 0, Time elapsed: 0.006 sec
Running org.apache.wicket.util.io.LastModifiedTest
Tests run: 3, Failures: 0, Errors: 0, Skipped: 0, Time elapsed: 0.069 sec
Running org.apache.wicket.util.io.XmlReaderTest
Tests run: 7, Failures: 0, Errors: 0, Skipped: 0, Time elapsed: 0.047 sec
Running org.apache.wicket.util.size.BytesTest
Tests run: 4, Failures: 0, Errors: 0, Skipped: 0, Time elapsed: 0.006 sec
Running org.apache.wicket.util.string.interpolator.VariableInterpolatorTest
Tests run: 4, Failures: 0, Errors: 0, Skipped: 0, Time elapsed: 0.001 sec
Running org.apache.wicket.util.string.PrependingStringBufferTest
Tests run: 5, Failures: 0, Errors: 0, Skipped: 0, Time elapsed: 0.001 sec
Running org.apache.wicket.util.string.StringsTest
Tests run: 23, Failures: 0, Errors: 0, Skipped: 0, Time elapsed: 0.002 sec
Running org.apache.wicket.util.string.AppendingStringBufferTest
Tests run: 7, Failures: 0, Errors: 0, Skipped: 0, Time elapsed: 0.002 sec
Running org.apache.wicket.util.string.StringListTest
Tests run: 8, Failures: 0, Errors: 0, Skipped: 0, Time elapsed: 0.002 sec
Running org.apache.wicket.util.value.ValueMapTest
Tests run: 6, Failures: 0, Errors: 0, Skipped: 0, Time elapsed: 0.045 sec
Running org.apache.wicket.util.value.LongValueTest
Tests run: 2, Failures: 0, Errors: 0, Skipped: 0, Time elapsed: 0.001 sec
Running org.apache.wicket.util.crypt.Base64Test
Tests run: 15, Failures: 0, Errors: 0, Skipped: 0, Time elapsed: 0.104 sec
Running org.apache.wicket.util.convert.converters.ConvertersTest
Tests run: 12, Failures: 0, Errors: 0, Skipped: 0, Time elapsed: 0.053 sec
Running org.apache.wicket.util.file.WebXmlFileTest
Tests run: 2, Failures: 0, Errors: 0, Skipped: 0, Time elapsed: 0.069 sec
Running org.apache.wicket.util.file.FilesTest
Tests run: 4, Failures: 0, Errors: 0, Skipped: 0, Time elapsed: 0.284 sec
Running org.apache.wicket.util.lang.ArgsTest
Tests run: 2, Failures: 0, Errors: 0, Skipped: 0, Time elapsed: 0.001 sec
Running org.apache.wicket.util.lang.ObjectsTest
Tests run: 1, Failures: 0, Errors: 0, Skipped: 0, Time elapsed: 0.001 sec
Running org.apache.wicket.util.lang.PrimitivesTest
Tests run: 2, Failures: 0, Errors: 0, Skipped: 0, Time elapsed: 0.001 sec
Running org.apache.wicket.util.lang.BytesTest
Tests run: 4, Failures: 0, Errors: 0, Skipped: 0, Time elapsed: 0.002 sec
Running org.apache.wicket.util.collections.MostRecentlyUsedMapTest
Tests run: 1, Failures: 0, Errors: 0, Skipped: 0, Time elapsed: 0 sec
Running org.apache.wicket.util.collections.ReverseListIteratorTest
Tests run: 1, Failures: 0, Errors: 0, Skipped: 0, Time elapsed: 0 sec
Running org.apache.wicket.util.collections.MicroMapTest
Tests run: 1, Failures: 0, Errors: 0, Skipped: 0, Time elapsed: 0.002 sec
Running org.apache.wicket.util.collections.MiniMapTest
Tests run: 1, Failures: 0, Errors: 0, Skipped: 0, Time elapsed: 0.002 sec
Running org.apache.wicket.util.LongEncoderTest
Tests run: 1, Failures: 0, Errors: 0, Skipped: 0, Time elapsed: 0.085 sec
Running org.apache.wicket.util.time.TimeMapTest
Tests run: 1, Failures: 0, Errors: 0, Skipped: 0, Time elapsed: 0.002 sec
Running org.apache.wicket.util.time.DurationTest
Tests run: 4, Failures: 0, Errors: 0, Skipped: 0, Time elapsed: 1.502 sec
Running org.apache.wicket.util.time.TimeOfDayTest
Tests run: 1, Failures: 0, Errors: 0, Skipped: 0, Time elapsed: 0 sec
Running org.apache.wicket.util.time.TimeTest
Tests run: 1, Failures: 0, Errors: 0, Skipped: 0, Time elapsed: 0 sec
Running org.apache.wicket.util.time.TimeFrameTest
Tests run: 5, Failures: 0, Errors: 0, Skipped: 0, Time elapsed: 0.001 sec
Running org.apache.wicket.util.parse.metapattern.MetaPatternTest
Tests run: 5, Failures: 0, Errors: 0, Skipped: 0, Time elapsed: 0.005 sec
Running org.apache.wicket.util.string.StringValueTest
Tests run: 2, Failures: 1, Errors: 0, Skipped: 0, Time elapsed: 0.002 sec <<< FAILURE!

Results :

Failed tests:   toOptionalXyzWithEmptyString(org.apache.wicket.util.string.StringValueTest)

Tests run: 141, Failures: 1, Errors: 0, Skipped: 0

[INFO] ------------------------------------------------------------------------
[INFO] BUILD FAILURE
[INFO] ------------------------------------------------------------------------
[INFO] Total time: 6.510 s
[INFO] Finished at: 2016-07-31T03:21:42-07:00
[INFO] Final Memory: 19M/606M
[INFO] ------------------------------------------------------------------------
[ERROR] Failed to execute goal org.apache.maven.plugins:maven-surefire-plugin:2.11:test (default-test) on project wicket-util: There are test failures.
[ERROR] 
[ERROR] Please refer to /home/ylyu/dataset/wicket3/dataset/wicket/WICKET-4309_b4274415a2a8efeef59c2b52e5eff867a771e05b/wicket-util/target/surefire-reports for the individual test results.
[ERROR] -> [Help 1]
[ERROR] 
[ERROR] To see the full stack trace of the errors, re-run Maven with the -e switch.
[ERROR] Re-run Maven using the -X switch to enable full debug logging.
[ERROR] 
[ERROR] For more information about the errors and possible solutions, please read the following articles:
[ERROR] [Help 1] http://cwiki.apache.org/confluence/display/MAVEN/MojoFailureException
