[[1;34mINFO[m] Scanning for projects...
[[1;33mWARNING[m] 
[[1;33mWARNING[m] Some problems were encountered while building the effective model for org.apache.wicket:wicket:jar:1.4-SNAPSHOT
[[1;33mWARNING[m] 'build.plugins.plugin.version' for org.apache.maven.plugins:maven-clover-plugin is missing. @ line 58, column 12
[[1;33mWARNING[m] 'build.plugins.plugin.version' for org.codehaus.mojo:surefire-report-maven-plugin is missing. @ org.apache.wicket:wicket-parent:1.4-SNAPSHOT, /home/user/Workspace/reproducibility/Reproducibility-Scanner/benchmarks/bugs-dot-jar/wicket/pom.xml, line 538, column 12
[[1;33mWARNING[m] The expression ${pom.artifactId} is deprecated. Please use ${project.artifactId} instead.
[[1;33mWARNING[m] 
[[1;33mWARNING[m] Some problems were encountered while building the effective model for org.apache.wicket:wicket-datetime:jar:1.4-SNAPSHOT
[[1;33mWARNING[m] 'build.plugins.plugin.version' for org.codehaus.mojo:surefire-report-maven-plugin is missing. @ org.apache.wicket:wicket-parent:1.4-SNAPSHOT, /home/user/Workspace/reproducibility/Reproducibility-Scanner/benchmarks/bugs-dot-jar/wicket/pom.xml, line 538, column 12
[[1;33mWARNING[m] The expression ${pom.artifactId} is deprecated. Please use ${project.artifactId} instead.
[[1;33mWARNING[m] 
[[1;33mWARNING[m] Some problems were encountered while building the effective model for org.apache.wicket:wicket-extensions:jar:1.4-SNAPSHOT
[[1;33mWARNING[m] 'build.plugins.plugin.version' for org.codehaus.mojo:surefire-report-maven-plugin is missing. @ org.apache.wicket:wicket-parent:1.4-SNAPSHOT, /home/user/Workspace/reproducibility/Reproducibility-Scanner/benchmarks/bugs-dot-jar/wicket/pom.xml, line 538, column 12
[[1;33mWARNING[m] The expression ${pom.artifactId} is deprecated. Please use ${project.artifactId} instead.
[[1;33mWARNING[m] 
[[1;33mWARNING[m] Some problems were encountered while building the effective model for org.apache.wicket:wicket-ioc:jar:1.4-SNAPSHOT
[[1;33mWARNING[m] 'build.plugins.plugin.version' for org.codehaus.mojo:surefire-report-maven-plugin is missing. @ org.apache.wicket:wicket-parent:1.4-SNAPSHOT, /home/user/Workspace/reproducibility/Reproducibility-Scanner/benchmarks/bugs-dot-jar/wicket/pom.xml, line 538, column 12
[[1;33mWARNING[m] The expression ${pom.artifactId} is deprecated. Please use ${project.artifactId} instead.
[[1;33mWARNING[m] 
[[1;33mWARNING[m] Some problems were encountered while building the effective model for org.apache.wicket:wicket-spring:jar:1.4-SNAPSHOT
[[1;33mWARNING[m] 'build.plugins.plugin.version' for org.codehaus.mojo:surefire-report-maven-plugin is missing. @ org.apache.wicket:wicket-parent:1.4-SNAPSHOT, /home/user/Workspace/reproducibility/Reproducibility-Scanner/benchmarks/bugs-dot-jar/wicket/pom.xml, line 538, column 12
[[1;33mWARNING[m] The expression ${pom.artifactId} is deprecated. Please use ${project.artifactId} instead.
[[1;33mWARNING[m] 
[[1;33mWARNING[m] Some problems were encountered while building the effective model for org.apache.wicket:wicket-velocity:jar:1.4-SNAPSHOT
[[1;33mWARNING[m] 'build.plugins.plugin.version' for org.codehaus.mojo:surefire-report-maven-plugin is missing. @ org.apache.wicket:wicket-parent:1.4-SNAPSHOT, /home/user/Workspace/reproducibility/Reproducibility-Scanner/benchmarks/bugs-dot-jar/wicket/pom.xml, line 538, column 12
[[1;33mWARNING[m] The expression ${pom.artifactId} is deprecated. Please use ${project.artifactId} instead.
[[1;33mWARNING[m] 
[[1;33mWARNING[m] Some problems were encountered while building the effective model for org.apache.wicket:wicket-auth-roles:jar:1.4-SNAPSHOT
[[1;33mWARNING[m] 'build.plugins.plugin.version' for org.codehaus.mojo:surefire-report-maven-plugin is missing. @ org.apache.wicket:wicket-parent:1.4-SNAPSHOT, /home/user/Workspace/reproducibility/Reproducibility-Scanner/benchmarks/bugs-dot-jar/wicket/pom.xml, line 538, column 12
[[1;33mWARNING[m] The expression ${pom.artifactId} is deprecated. Please use ${project.artifactId} instead.
[[1;33mWARNING[m] 
[[1;33mWARNING[m] Some problems were encountered while building the effective model for org.apache.wicket:wicket-guice:jar:1.4-SNAPSHOT
[[1;33mWARNING[m] 'build.plugins.plugin.version' for org.codehaus.mojo:surefire-report-maven-plugin is missing. @ org.apache.wicket:wicket-parent:1.4-SNAPSHOT, /home/user/Workspace/reproducibility/Reproducibility-Scanner/benchmarks/bugs-dot-jar/wicket/pom.xml, line 538, column 12
[[1;33mWARNING[m] The expression ${pom.artifactId} is deprecated. Please use ${project.artifactId} instead.
[[1;33mWARNING[m] 
[[1;33mWARNING[m] Some problems were encountered while building the effective model for org.apache.wicket:wicket-jmx:jar:1.4-SNAPSHOT
[[1;33mWARNING[m] 'build.plugins.plugin.version' for org.codehaus.mojo:surefire-report-maven-plugin is missing. @ org.apache.wicket:wicket-parent:1.4-SNAPSHOT, /home/user/Workspace/reproducibility/Reproducibility-Scanner/benchmarks/bugs-dot-jar/wicket/pom.xml, line 538, column 12
[[1;33mWARNING[m] The expression ${pom.artifactId} is deprecated. Please use ${project.artifactId} instead.
[[1;33mWARNING[m] 
[[1;33mWARNING[m] Some problems were encountered while building the effective model for org.apache.wicket:wicket-objectsizeof-agent:jar:1.4-SNAPSHOT
[[1;33mWARNING[m] 'build.plugins.plugin.version' for org.codehaus.mojo:surefire-report-maven-plugin is missing. @ org.apache.wicket:wicket-parent:1.4-SNAPSHOT, /home/user/Workspace/reproducibility/Reproducibility-Scanner/benchmarks/bugs-dot-jar/wicket/pom.xml, line 538, column 12
[[1;33mWARNING[m] The expression ${pom.artifactId} is deprecated. Please use ${project.artifactId} instead.
[[1;33mWARNING[m] 
[[1;33mWARNING[m] Some problems were encountered while building the effective model for org.apache.wicket:wicket-examples:war:1.4-SNAPSHOT
[[1;33mWARNING[m] 'build.plugins.plugin.version' for org.codehaus.mojo:surefire-report-maven-plugin is missing. @ org.apache.wicket:wicket-parent:1.4-SNAPSHOT, /home/user/Workspace/reproducibility/Reproducibility-Scanner/benchmarks/bugs-dot-jar/wicket/pom.xml, line 538, column 12
[[1;33mWARNING[m] The expression ${pom.artifactId} is deprecated. Please use ${project.artifactId} instead.
[[1;33mWARNING[m] 
[[1;33mWARNING[m] Some problems were encountered while building the effective model for org.apache.wicket:wicket-archetype-quickstart:maven-plugin:1.4-SNAPSHOT
[[1;33mWARNING[m] 'build.plugins.plugin.version' for org.codehaus.mojo:surefire-report-maven-plugin is missing. @ org.apache.wicket:wicket-parent:1.4-SNAPSHOT, /home/user/Workspace/reproducibility/Reproducibility-Scanner/benchmarks/bugs-dot-jar/wicket/pom.xml, line 538, column 12
[[1;33mWARNING[m] The expression ${pom.artifactId} is deprecated. Please use ${project.artifactId} instead.
[[1;33mWARNING[m] 
[[1;33mWARNING[m] Some problems were encountered while building the effective model for org.apache.wicket:wicket-threadtest:jar:1.4-SNAPSHOT
[[1;33mWARNING[m] 'build.plugins.plugin.version' for org.codehaus.mojo:surefire-report-maven-plugin is missing. @ org.apache.wicket:wicket-parent:1.4-SNAPSHOT, /home/user/Workspace/reproducibility/Reproducibility-Scanner/benchmarks/bugs-dot-jar/wicket/pom.xml, line 538, column 12
[[1;33mWARNING[m] The expression ${pom.artifactId} is deprecated. Please use ${project.artifactId} instead.
[[1;33mWARNING[m] 
[[1;33mWARNING[m] Some problems were encountered while building the effective model for org.apache.wicket:wicket-parent:pom:1.4-SNAPSHOT
[[1;33mWARNING[m] 'build.plugins.plugin.version' for org.codehaus.mojo:surefire-report-maven-plugin is missing. @ line 538, column 12
[[1;33mWARNING[m] The expression ${pom.artifactId} is deprecated. Please use ${project.artifactId} instead.
[[1;33mWARNING[m] 
[[1;33mWARNING[m] It is highly recommended to fix these problems because they threaten the stability of your build.
[[1;33mWARNING[m] 
[[1;33mWARNING[m] For this reason, future Maven versions might no longer support building such malformed projects.
[[1;33mWARNING[m] 
[[1;34mINFO[m] [1m------------------------------------------------------------------------[m
[[1;34mINFO[m] [1mReactor Build Order:[m
[[1;34mINFO[m] 
[[1;34mINFO[m] Wicket Parent                                                      [pom]
[[1;34mINFO[m] Wicket                                                             [jar]
[[1;34mINFO[m] Wicket Date/Time                                                   [jar]
[[1;34mINFO[m] Wicket Extensions                                                  [jar]
[[1;34mINFO[m] Wicket IoC common code                                             [jar]
[[1;34mINFO[m] Wicket Spring Integration                                          [jar]
[[1;34mINFO[m] Wicket Velocity                                                    [jar]
[[1;34mINFO[m] Wicket Auth Roles                                                  [jar]
[[1;34mINFO[m] Wicket Guice Integration                                           [jar]
[[1;34mINFO[m] Wicket JMX                                                         [jar]
[[1;34mINFO[m] Wicket Objects Sizeof Agent                                        [jar]
[[1;34mINFO[m] Wicket Examples                                                    [war]
[[1;34mINFO[m] Wicket Quickstart Archetype                               [maven-plugin]
[[1;34mINFO[m] Wicket Thread Test                                                 [jar]
[[1;34mINFO[m] 
[[1;34mINFO[m] [1m------------------< [0;36morg.apache.wicket:wicket-parent[0;1m >-------------------[m
[[1;34mINFO[m] [1mBuilding Wicket Parent 1.4-SNAPSHOT                               [1/14][m
[[1;34mINFO[m] [1m--------------------------------[ pom ]---------------------------------[m
[[1;34mINFO[m] 
[[1;34mINFO[m] [1m--- [0;32mmaven-bundle-plugin:1.4.3:manifest[m [1m(bundle-manifest)[m @ [36mwicket-parent[0;1m ---[m
[[1;33mWARNING[m] Ignoring project type pom - supportedProjectTypes = [jar, bundle]
[[1;34mINFO[m] 
[[1;34mINFO[m] [1m>>> [0;32mmaven-source-plugin:2.0.4:jar[m [1m(attach-sources)[0;1m > [0;1mgenerate-sources[m @ [36mwicket-parent[0;1m >>>[m
[[1;34mINFO[m] 
[[1;34mINFO[m] [1m<<< [0;32mmaven-source-plugin:2.0.4:jar[m [1m(attach-sources)[0;1m < [0;1mgenerate-sources[m @ [36mwicket-parent[0;1m <<<[m
[[1;34mINFO[m] 
[[1;34mINFO[m] 
[[1;34mINFO[m] [1m--- [0;32mmaven-source-plugin:2.0.4:jar[m [1m(attach-sources)[m @ [36mwicket-parent[0;1m ---[m
[[1;34mINFO[m] 
[[1;34mINFO[m] [1m--- [0;32mmaven-jar-plugin:2.2:test-jar[m [1m(default)[m @ [36mwicket-parent[0;1m ---[m
[[1;33mWARNING[m] JAR will be empty - no content was marked for inclusion!
[[1;34mINFO[m] Building jar: /home/user/Workspace/reproducibility/Reproducibility-Scanner/benchmarks/bugs-dot-jar/wicket/target/wicket-parent-1.4-SNAPSHOT-tests.jar
[[1;34mINFO[m] 
[[1;34mINFO[m] [1m--- [0;32mmaven-install-plugin:2.4:install[m [1m(default-install)[m @ [36mwicket-parent[0;1m ---[m
[[1;34mINFO[m] Installing /home/user/Workspace/reproducibility/Reproducibility-Scanner/benchmarks/bugs-dot-jar/wicket/pom.xml to /home/user/.m2/repository/org/apache/wicket/wicket-parent/1.4-SNAPSHOT/wicket-parent-1.4-SNAPSHOT.pom
[[1;34mINFO[m] Installing /home/user/Workspace/reproducibility/Reproducibility-Scanner/benchmarks/bugs-dot-jar/wicket/target/wicket-parent-1.4-SNAPSHOT-tests.jar to /home/user/.m2/repository/org/apache/wicket/wicket-parent/1.4-SNAPSHOT/wicket-parent-1.4-SNAPSHOT-tests.jar
[[1;34mINFO[m] 
[[1;34mINFO[m] [1m----------------------< [0;36morg.apache.wicket:wicket[0;1m >----------------------[m
[[1;34mINFO[m] [1mBuilding Wicket 1.4-SNAPSHOT                                      [2/14][m
[[1;34mINFO[m] [1m--------------------------------[ jar ]---------------------------------[m
[[1;34mINFO[m] 
[[1;34mINFO[m] [1m--- [0;32mmaven-resources-plugin:2.6:resources[m [1m(default-resources)[m @ [36mwicket[0;1m ---[m
[[1;33mWARNING[m] Using platform encoding (UTF-8 actually) to copy filtered resources, i.e. build is platform dependent!
[[1;34mINFO[m] Copying 136 resources
[[1;34mINFO[m] Copying 1 resource
[[1;34mINFO[m] 
[[1;34mINFO[m] [1m--- [0;32mmaven-compiler-plugin:3.1:compile[m [1m(default-compile)[m @ [36mwicket[0;1m ---[m
[[1;34mINFO[m] Changes detected - recompiling the module!
[[1;33mWARNING[m] File encoding has not been set, using platform encoding UTF-8, i.e. build is platform dependent!
[[1;34mINFO[m] Compiling 775 source files to /home/user/Workspace/reproducibility/Reproducibility-Scanner/benchmarks/bugs-dot-jar/wicket/wicket/target/classes
[[1;34mINFO[m] -------------------------------------------------------------
[[1;33mWARNING[m] COMPILATION WARNING : 
[[1;34mINFO[m] -------------------------------------------------------------
[[1;33mWARNING[m] /home/user/Workspace/reproducibility/Reproducibility-Scanner/benchmarks/bugs-dot-jar/wicket/wicket/src/main/java/org/apache/wicket/util/io/ClassStreamHandler.java:[38,16] sun.misc.Unsafe is internal proprietary API and may be removed in a future release
[[1;33mWARNING[m] /home/user/Workspace/reproducibility/Reproducibility-Scanner/benchmarks/bugs-dot-jar/wicket/wicket/src/main/java/org/apache/wicket/util/io/ClassStreamHandler.java:[39,19] sun.reflect.ReflectionFactory is internal proprietary API and may be removed in a future release
[[1;33mWARNING[m] /home/user/Workspace/reproducibility/Reproducibility-Scanner/benchmarks/bugs-dot-jar/wicket/wicket/src/main/java/org/apache/wicket/util/io/ClassStreamHandler.java:[52,24] sun.misc.Unsafe is internal proprietary API and may be removed in a future release
[[1;33mWARNING[m] /home/user/Workspace/reproducibility/Reproducibility-Scanner/benchmarks/bugs-dot-jar/wicket/wicket/src/main/java/org/apache/wicket/util/io/ClassStreamHandler.java:[66,51] sun.misc.Unsafe is internal proprietary API and may be removed in a future release
[[1;33mWARNING[m] /home/user/Workspace/reproducibility/Reproducibility-Scanner/benchmarks/bugs-dot-jar/wicket/wicket/src/main/java/org/apache/wicket/util/io/ClassStreamHandler.java:[78,30] sun.reflect.ReflectionFactory is internal proprietary API and may be removed in a future release
[[1;33mWARNING[m] /home/user/Workspace/reproducibility/Reproducibility-Scanner/benchmarks/bugs-dot-jar/wicket/wicket/src/main/java/org/apache/wicket/util/io/ClassStreamHandler.java:[78,63] sun.reflect.ReflectionFactory is internal proprietary API and may be removed in a future release
[[1;33mWARNING[m] /home/user/Workspace/reproducibility/Reproducibility-Scanner/benchmarks/bugs-dot-jar/wicket/wicket/src/main/java/org/apache/wicket/util/io/ClassStreamHandler.java:[78,115] sun.reflect.ReflectionFactory is internal proprietary API and may be removed in a future release
[[1;33mWARNING[m] /home/user/Workspace/reproducibility/Reproducibility-Scanner/benchmarks/bugs-dot-jar/wicket/wicket/src/main/java/org/apache/wicket/markup/html/resources/CompressedPackageResourceReference.java: Some input files use or override a deprecated API.
[[1;33mWARNING[m] /home/user/Workspace/reproducibility/Reproducibility-Scanner/benchmarks/bugs-dot-jar/wicket/wicket/src/main/java/org/apache/wicket/markup/html/resources/CompressedPackageResourceReference.java: Recompile with -Xlint:deprecation for details.
[[1;33mWARNING[m] /home/user/Workspace/reproducibility/Reproducibility-Scanner/benchmarks/bugs-dot-jar/wicket/wicket/src/main/java/org/apache/wicket/util/value/ValueMap.java: Some input files use unchecked or unsafe operations.
[[1;33mWARNING[m] /home/user/Workspace/reproducibility/Reproducibility-Scanner/benchmarks/bugs-dot-jar/wicket/wicket/src/main/java/org/apache/wicket/util/value/ValueMap.java: Recompile with -Xlint:unchecked for details.
[[1;34mINFO[m] 11 warnings 
[[1;34mINFO[m] -------------------------------------------------------------
[[1;34mINFO[m] -------------------------------------------------------------
[[1;31mERROR[m] COMPILATION ERROR : 
[[1;34mINFO[m] -------------------------------------------------------------
[[1;31mERROR[m] /home/user/Workspace/reproducibility/Reproducibility-Scanner/benchmarks/bugs-dot-jar/wicket/wicket/src/main/java/org/apache/wicket/util/value/ValueMap.java:[772,35] incompatible types: inference variable T has incompatible upper bounds java.lang.Enum<T>,T
[[1;31mERROR[m] /home/user/Workspace/reproducibility/Reproducibility-Scanner/benchmarks/bugs-dot-jar/wicket/wicket/src/main/java/org/apache/wicket/util/io/ClassStreamHandler.java:[548,74] incompatible types: java.lang.reflect.Constructor<capture#1 of ?> cannot be converted to java.lang.reflect.Constructor<? super T>
[[1;34mINFO[m] 2 errors 
[[1;34mINFO[m] -------------------------------------------------------------
[[1;34mINFO[m] 
[[1;34mINFO[m] [1m-----------------< [0;36morg.apache.wicket:wicket-datetime[0;1m >------------------[m
[[1;34mINFO[m] [1mBuilding Wicket Date/Time 1.4-SNAPSHOT                            [3/14][m
[[1;34mINFO[m] [1m--------------------------------[ jar ]---------------------------------[m
[[1;34mINFO[m] 
[[1;34mINFO[m] [1m----------------< [0;36morg.apache.wicket:wicket-extensions[0;1m >-----------------[m
[[1;34mINFO[m] [1mBuilding Wicket Extensions 1.4-SNAPSHOT                           [4/14][m
[[1;34mINFO[m] [1m--------------------------------[ jar ]---------------------------------[m
[[1;34mINFO[m] 
[[1;34mINFO[m] [1m--------------------< [0;36morg.apache.wicket:wicket-ioc[0;1m >--------------------[m
[[1;34mINFO[m] [1mBuilding Wicket IoC common code 1.4-SNAPSHOT                      [5/14][m
[[1;34mINFO[m] [1m--------------------------------[ jar ]---------------------------------[m
[[1;34mINFO[m] 
[[1;34mINFO[m] [1m------------------< [0;36morg.apache.wicket:wicket-spring[0;1m >-------------------[m
[[1;34mINFO[m] [1mBuilding Wicket Spring Integration 1.4-SNAPSHOT                   [6/14][m
[[1;34mINFO[m] [1m--------------------------------[ jar ]---------------------------------[m
[[1;34mINFO[m] 
[[1;34mINFO[m] [1m-----------------< [0;36morg.apache.wicket:wicket-velocity[0;1m >------------------[m
[[1;34mINFO[m] [1mBuilding Wicket Velocity 1.4-SNAPSHOT                             [7/14][m
[[1;34mINFO[m] [1m--------------------------------[ jar ]---------------------------------[m
[[1;34mINFO[m] 
[[1;34mINFO[m] [1m----------------< [0;36morg.apache.wicket:wicket-auth-roles[0;1m >-----------------[m
[[1;34mINFO[m] [1mBuilding Wicket Auth Roles 1.4-SNAPSHOT                           [8/14][m
[[1;34mINFO[m] [1m--------------------------------[ jar ]---------------------------------[m
[[1;34mINFO[m] 
[[1;34mINFO[m] [1m-------------------< [0;36morg.apache.wicket:wicket-guice[0;1m >-------------------[m
[[1;34mINFO[m] [1mBuilding Wicket Guice Integration 1.4-SNAPSHOT                    [9/14][m
[[1;34mINFO[m] [1m--------------------------------[ jar ]---------------------------------[m
[[1;34mINFO[m] 
[[1;34mINFO[m] [1m--------------------< [0;36morg.apache.wicket:wicket-jmx[0;1m >--------------------[m
[[1;34mINFO[m] [1mBuilding Wicket JMX 1.4-SNAPSHOT                                 [10/14][m
[[1;34mINFO[m] [1m--------------------------------[ jar ]---------------------------------[m
[[1;34mINFO[m] 
[[1;34mINFO[m] [1m------------< [0;36morg.apache.wicket:wicket-objectsizeof-agent[0;1m >-------------[m
[[1;34mINFO[m] [1mBuilding Wicket Objects Sizeof Agent 1.4-SNAPSHOT                [11/14][m
[[1;34mINFO[m] [1m--------------------------------[ jar ]---------------------------------[m
[[1;34mINFO[m] 
[[1;34mINFO[m] [1m-----------------< [0;36morg.apache.wicket:wicket-examples[0;1m >------------------[m
[[1;34mINFO[m] [1mBuilding Wicket Examples 1.4-SNAPSHOT                            [12/14][m
[[1;34mINFO[m] [1m--------------------------------[ war ]---------------------------------[m
[[1;34mINFO[m] 
[[1;34mINFO[m] [1m-----------< [0;36morg.apache.wicket:wicket-archetype-quickstart[0;1m >------------[m
[[1;34mINFO[m] [1mBuilding Wicket Quickstart Archetype 1.4-SNAPSHOT                [13/14][m
[[1;34mINFO[m] [1m----------------------------[ maven-plugin ]----------------------------[m
[[1;34mINFO[m] 
[[1;34mINFO[m] [1m--- [0;32mmaven-resources-plugin:2.6:resources[m [1m(default-resources)[m @ [36mwicket-archetype-quickstart[0;1m ---[m
[[1;33mWARNING[m] Using platform encoding (UTF-8 actually) to copy filtered resources, i.e. build is platform dependent!
[[1;34mINFO[m] Copying 9 resources
[[1;34mINFO[m] 
[[1;34mINFO[m] [1m--- [0;32mmaven-compiler-plugin:3.1:compile[m [1m(default-compile)[m @ [36mwicket-archetype-quickstart[0;1m ---[m
[[1;34mINFO[m] No sources to compile
[[1;34mINFO[m] 
[[1;34mINFO[m] [1m--- [0;32mmaven-plugin-plugin:3.2:descriptor[m [1m(default-descriptor)[m @ [36mwicket-archetype-quickstart[0;1m ---[m
[[1;33mWARNING[m] Using platform encoding (UTF-8 actually) to read mojo metadata, i.e. build is platform dependent!
[[1;34mINFO[m] Applying mojo extractor for language: java
[[1;34mINFO[m] Mojo extractor for language: java found 0 mojo descriptors.
[[1;34mINFO[m] Applying mojo extractor for language: bsh
[[1;34mINFO[m] Mojo extractor for language: bsh found 0 mojo descriptors.
[[1;34mINFO[m] Applying mojo extractor for language: java-annotations
[[1;34mINFO[m] Mojo extractor for language: java-annotations found 0 mojo descriptors.
[[1;34mINFO[m] 
[[1;34mINFO[m] [1m----------------< [0;36morg.apache.wicket:wicket-threadtest[0;1m >-----------------[m
[[1;34mINFO[m] [1mBuilding Wicket Thread Test 1.4-SNAPSHOT                         [14/14][m
[[1;34mINFO[m] [1m--------------------------------[ jar ]---------------------------------[m
[[1;34mINFO[m] [1m------------------------------------------------------------------------[m
[[1;34mINFO[m] [1mReactor Summary for Wicket Parent 1.4-SNAPSHOT:[m
[[1;34mINFO[m] 
[[1;34mINFO[m] Wicket Parent ...................................... [1;32mSUCCESS[m [  0.581 s]
[[1;34mINFO[m] Wicket ............................................. [1;31mFAILURE[m [  3.526 s]
[[1;34mINFO[m] Wicket Date/Time ................................... [1;31mFAILURE[m [  0.015 s]
[[1;34mINFO[m] Wicket Extensions .................................. [1;31mFAILURE[m [  0.007 s]
[[1;34mINFO[m] Wicket IoC common code ............................. [1;31mFAILURE[m [  0.006 s]
[[1;34mINFO[m] Wicket Spring Integration .......................... [1;31mFAILURE[m [  0.008 s]
[[1;34mINFO[m] Wicket Velocity .................................... [1;31mFAILURE[m [  0.006 s]
[[1;34mINFO[m] Wicket Auth Roles .................................. [1;31mFAILURE[m [  0.005 s]
[[1;34mINFO[m] Wicket Guice Integration ........................... [1;31mFAILURE[m [  0.006 s]
[[1;34mINFO[m] Wicket JMX ......................................... [1;31mFAILURE[m [  0.005 s]
[[1;34mINFO[m] Wicket Objects Sizeof Agent ........................ [1;31mFAILURE[m [  0.004 s]
[[1;34mINFO[m] Wicket Examples .................................... [1;31mFAILURE[m [  0.052 s]
[[1;34mINFO[m] Wicket Quickstart Archetype ........................ [1;31mFAILURE[m [  0.319 s]
[[1;34mINFO[m] Wicket Thread Test ................................. [1;31mFAILURE[m [  0.010 s]
[[1;34mINFO[m] [1m------------------------------------------------------------------------[m
[[1;34mINFO[m] [1;31mBUILD FAILURE[m
[[1;34mINFO[m] [1m------------------------------------------------------------------------[m
[[1;34mINFO[m] Total time:  4.837 s
[[1;34mINFO[m] Finished at: 2022-08-25T09:36:06-07:00
[[1;34mINFO[m] [1m------------------------------------------------------------------------[m
[[1;31mERROR[m] Failed to execute goal [32morg.apache.maven.plugins:maven-compiler-plugin:3.1:compile[m [1m(default-compile)[m on project [36mwicket[m: [1;31mCompilation failure[m: Compilation failure: 
[[1;31mERROR[m] /home/user/Workspace/reproducibility/Reproducibility-Scanner/benchmarks/bugs-dot-jar/wicket/wicket/src/main/java/org/apache/wicket/util/value/ValueMap.java:[772,35] incompatible types: inference variable T has incompatible upper bounds java.lang.Enum<T>,T
[[1;31mERROR[m] /home/user/Workspace/reproducibility/Reproducibility-Scanner/benchmarks/bugs-dot-jar/wicket/wicket/src/main/java/org/apache/wicket/util/io/ClassStreamHandler.java:[548,74] incompatible types: java.lang.reflect.Constructor<capture#1 of ?> cannot be converted to java.lang.reflect.Constructor<? super T>
[[1;31mERROR[m] -> [1m[Help 1][m
[[1;31mERROR[m] Failed to execute goal on project [36mwicket-datetime[m: [1;31mCould not resolve dependencies for project org.apache.wicket:wicket-datetime:jar:1.4-SNAPSHOT: Could not find artifact org.apache.wicket:wicket:jar:1.4-SNAPSHOT[m -> [1m[Help 2][m
[[1;31mERROR[m] Failed to execute goal on project [36mwicket-extensions[m: [1;31mCould not resolve dependencies for project org.apache.wicket:wicket-extensions:jar:1.4-SNAPSHOT: The following artifacts could not be resolved: org.apache.wicket:wicket:jar:1.4-SNAPSHOT, org.apache.wicket:wicket:jar:tests:1.4-SNAPSHOT: Could not find artifact org.apache.wicket:wicket:jar:1.4-SNAPSHOT[m -> [1m[Help 2][m
[[1;31mERROR[m] Failed to execute goal on project [36mwicket-ioc[m: [1;31mCould not resolve dependencies for project org.apache.wicket:wicket-ioc:jar:1.4-SNAPSHOT: Could not find artifact org.apache.wicket:wicket:jar:1.4-SNAPSHOT[m -> [1m[Help 2][m
[[1;31mERROR[m] Failed to execute goal on project [36mwicket-spring[m: [1;31mCould not resolve dependencies for project org.apache.wicket:wicket-spring:jar:1.4-SNAPSHOT: The following artifacts could not be resolved: org.apache.wicket:wicket:jar:1.4-SNAPSHOT, org.apache.wicket:wicket-ioc:jar:1.4-SNAPSHOT: Could not find artifact org.apache.wicket:wicket:jar:1.4-SNAPSHOT[m -> [1m[Help 2][m
[[1;31mERROR[m] Failed to execute goal on project [36mwicket-velocity[m: [1;31mCould not resolve dependencies for project org.apache.wicket:wicket-velocity:jar:1.4-SNAPSHOT: Could not find artifact org.apache.wicket:wicket:jar:1.4-SNAPSHOT[m -> [1m[Help 2][m
[[1;31mERROR[m] Failed to execute goal on project [36mwicket-auth-roles[m: [1;31mCould not resolve dependencies for project org.apache.wicket:wicket-auth-roles:jar:1.4-SNAPSHOT: Could not find artifact org.apache.wicket:wicket:jar:1.4-SNAPSHOT[m -> [1m[Help 2][m
[[1;31mERROR[m] Failed to execute goal on project [36mwicket-guice[m: [1;31mCould not resolve dependencies for project org.apache.wicket:wicket-guice:jar:1.4-SNAPSHOT: The following artifacts could not be resolved: org.apache.wicket:wicket:jar:1.4-SNAPSHOT, org.apache.wicket:wicket-ioc:jar:1.4-SNAPSHOT: Could not find artifact org.apache.wicket:wicket:jar:1.4-SNAPSHOT[m -> [1m[Help 2][m
[[1;31mERROR[m] Failed to execute goal on project [36mwicket-jmx[m: [1;31mCould not resolve dependencies for project org.apache.wicket:wicket-jmx:jar:1.4-SNAPSHOT: Could not find artifact org.apache.wicket:wicket:jar:1.4-SNAPSHOT[m -> [1m[Help 2][m
[[1;31mERROR[m] Failed to execute goal on project [36mwicket-objectsizeof-agent[m: [1;31mCould not resolve dependencies for project org.apache.wicket:wicket-objectsizeof-agent:jar:1.4-SNAPSHOT: Could not find artifact org.apache.wicket:wicket:jar:1.4-SNAPSHOT[m -> [1m[Help 2][m
[[1;31mERROR[m] Failed to execute goal on project [36mwicket-examples[m: [1;31mCould not resolve dependencies for project org.apache.wicket:wicket-examples:war:1.4-SNAPSHOT: The following artifacts could not be resolved: org.apache.wicket:wicket:jar:1.4-SNAPSHOT, org.apache.wicket:wicket-extensions:jar:1.4-SNAPSHOT, org.apache.wicket:wicket-guice:jar:1.4-SNAPSHOT, org.apache.wicket:wicket-ioc:jar:1.4-SNAPSHOT, org.apache.wicket:wicket-jmx:jar:1.4-SNAPSHOT, org.apache.wicket:wicket-auth-roles:jar:1.4-SNAPSHOT, org.apache.wicket:wicket-datetime:jar:1.4-SNAPSHOT, org.apache.wicket:wicket-velocity:jar:1.4-SNAPSHOT, org.apache.wicket:wicket-spring:jar:1.4-SNAPSHOT: Could not find artifact org.apache.wicket:wicket:jar:1.4-SNAPSHOT[m -> [1m[Help 2][m
[[1;31mERROR[m] Failed to execute goal [32morg.apache.maven.plugins:maven-plugin-plugin:3.2:descriptor[m [1m(default-descriptor)[m on project [36mwicket-archetype-quickstart[m: [1;31mError extracting plugin descriptor: 'No mojo definitions were found for plugin: org.apache.wicket:wicket-archetype-quickstart.'[m -> [1m[Help 3][m
[[1;31mERROR[m] Failed to execute goal on project [36mwicket-threadtest[m: [1;31mCould not resolve dependencies for project org.apache.wicket:wicket-threadtest:jar:1.4-SNAPSHOT: The following artifacts could not be resolved: org.apache.wicket:wicket:jar:1.4-SNAPSHOT, org.apache.wicket:wicket-extensions:jar:1.4-SNAPSHOT: Could not find artifact org.apache.wicket:wicket:jar:1.4-SNAPSHOT[m -> [1m[Help 2][m
[[1;31mERROR[m] 
[[1;31mERROR[m] To see the full stack trace of the errors, re-run Maven with the [1m-e[m switch.
[[1;31mERROR[m] Re-run Maven using the [1m-X[m switch to enable full debug logging.
[[1;31mERROR[m] 
[[1;31mERROR[m] For more information about the errors and possible solutions, please read the following articles:
[[1;31mERROR[m] [1m[Help 1][m http://cwiki.apache.org/confluence/display/MAVEN/MojoFailureException
[[1;31mERROR[m] [1m[Help 2][m http://cwiki.apache.org/confluence/display/MAVEN/DependencyResolutionException
[[1;31mERROR[m] [1m[Help 3][m http://cwiki.apache.org/confluence/display/MAVEN/MojoExecutionException
[[1;31mERROR[m] 
[[1;31mERROR[m] After correcting the problems, you can resume the build with the command
[[1;31mERROR[m]   [1mmvn <args> -rf :wicket[m
[[1;34mINFO[m] Build failures were ignored.
[[1;34mINFO[m] Scanning for projects...
[[1;33mWARNING[m] 
[[1;33mWARNING[m] Some problems were encountered while building the effective model for org.apache.wicket:wicket:jar:1.4-SNAPSHOT
[[1;33mWARNING[m] 'build.plugins.plugin.version' for org.apache.maven.plugins:maven-clover-plugin is missing. @ line 58, column 12
[[1;33mWARNING[m] 'build.plugins.plugin.version' for org.codehaus.mojo:surefire-report-maven-plugin is missing. @ org.apache.wicket:wicket-parent:1.4-SNAPSHOT, /home/user/Workspace/reproducibility/Reproducibility-Scanner/benchmarks/bugs-dot-jar/wicket/pom.xml, line 538, column 12
[[1;33mWARNING[m] The expression ${pom.artifactId} is deprecated. Please use ${project.artifactId} instead.
[[1;33mWARNING[m] 
[[1;33mWARNING[m] Some problems were encountered while building the effective model for org.apache.wicket:wicket-datetime:jar:1.4-SNAPSHOT
[[1;33mWARNING[m] 'build.plugins.plugin.version' for org.codehaus.mojo:surefire-report-maven-plugin is missing. @ org.apache.wicket:wicket-parent:1.4-SNAPSHOT, /home/user/Workspace/reproducibility/Reproducibility-Scanner/benchmarks/bugs-dot-jar/wicket/pom.xml, line 538, column 12
[[1;33mWARNING[m] The expression ${pom.artifactId} is deprecated. Please use ${project.artifactId} instead.
[[1;33mWARNING[m] 
[[1;33mWARNING[m] Some problems were encountered while building the effective model for org.apache.wicket:wicket-extensions:jar:1.4-SNAPSHOT
[[1;33mWARNING[m] 'build.plugins.plugin.version' for org.codehaus.mojo:surefire-report-maven-plugin is missing. @ org.apache.wicket:wicket-parent:1.4-SNAPSHOT, /home/user/Workspace/reproducibility/Reproducibility-Scanner/benchmarks/bugs-dot-jar/wicket/pom.xml, line 538, column 12
[[1;33mWARNING[m] The expression ${pom.artifactId} is deprecated. Please use ${project.artifactId} instead.
[[1;33mWARNING[m] 
[[1;33mWARNING[m] Some problems were encountered while building the effective model for org.apache.wicket:wicket-ioc:jar:1.4-SNAPSHOT
[[1;33mWARNING[m] 'build.plugins.plugin.version' for org.codehaus.mojo:surefire-report-maven-plugin is missing. @ org.apache.wicket:wicket-parent:1.4-SNAPSHOT, /home/user/Workspace/reproducibility/Reproducibility-Scanner/benchmarks/bugs-dot-jar/wicket/pom.xml, line 538, column 12
[[1;33mWARNING[m] The expression ${pom.artifactId} is deprecated. Please use ${project.artifactId} instead.
[[1;33mWARNING[m] 
[[1;33mWARNING[m] Some problems were encountered while building the effective model for org.apache.wicket:wicket-spring:jar:1.4-SNAPSHOT
[[1;33mWARNING[m] 'build.plugins.plugin.version' for org.codehaus.mojo:surefire-report-maven-plugin is missing. @ org.apache.wicket:wicket-parent:1.4-SNAPSHOT, /home/user/Workspace/reproducibility/Reproducibility-Scanner/benchmarks/bugs-dot-jar/wicket/pom.xml, line 538, column 12
[[1;33mWARNING[m] The expression ${pom.artifactId} is deprecated. Please use ${project.artifactId} instead.
[[1;33mWARNING[m] 
[[1;33mWARNING[m] Some problems were encountered while building the effective model for org.apache.wicket:wicket-velocity:jar:1.4-SNAPSHOT
[[1;33mWARNING[m] 'build.plugins.plugin.version' for org.codehaus.mojo:surefire-report-maven-plugin is missing. @ org.apache.wicket:wicket-parent:1.4-SNAPSHOT, /home/user/Workspace/reproducibility/Reproducibility-Scanner/benchmarks/bugs-dot-jar/wicket/pom.xml, line 538, column 12
[[1;33mWARNING[m] The expression ${pom.artifactId} is deprecated. Please use ${project.artifactId} instead.
[[1;33mWARNING[m] 
[[1;33mWARNING[m] Some problems were encountered while building the effective model for org.apache.wicket:wicket-auth-roles:jar:1.4-SNAPSHOT
[[1;33mWARNING[m] 'build.plugins.plugin.version' for org.codehaus.mojo:surefire-report-maven-plugin is missing. @ org.apache.wicket:wicket-parent:1.4-SNAPSHOT, /home/user/Workspace/reproducibility/Reproducibility-Scanner/benchmarks/bugs-dot-jar/wicket/pom.xml, line 538, column 12
[[1;33mWARNING[m] The expression ${pom.artifactId} is deprecated. Please use ${project.artifactId} instead.
[[1;33mWARNING[m] 
[[1;33mWARNING[m] Some problems were encountered while building the effective model for org.apache.wicket:wicket-guice:jar:1.4-SNAPSHOT
[[1;33mWARNING[m] 'build.plugins.plugin.version' for org.codehaus.mojo:surefire-report-maven-plugin is missing. @ org.apache.wicket:wicket-parent:1.4-SNAPSHOT, /home/user/Workspace/reproducibility/Reproducibility-Scanner/benchmarks/bugs-dot-jar/wicket/pom.xml, line 538, column 12
[[1;33mWARNING[m] The expression ${pom.artifactId} is deprecated. Please use ${project.artifactId} instead.
[[1;33mWARNING[m] 
[[1;33mWARNING[m] Some problems were encountered while building the effective model for org.apache.wicket:wicket-jmx:jar:1.4-SNAPSHOT
[[1;33mWARNING[m] 'build.plugins.plugin.version' for org.codehaus.mojo:surefire-report-maven-plugin is missing. @ org.apache.wicket:wicket-parent:1.4-SNAPSHOT, /home/user/Workspace/reproducibility/Reproducibility-Scanner/benchmarks/bugs-dot-jar/wicket/pom.xml, line 538, column 12
[[1;33mWARNING[m] The expression ${pom.artifactId} is deprecated. Please use ${project.artifactId} instead.
[[1;33mWARNING[m] 
[[1;33mWARNING[m] Some problems were encountered while building the effective model for org.apache.wicket:wicket-objectsizeof-agent:jar:1.4-SNAPSHOT
[[1;33mWARNING[m] 'build.plugins.plugin.version' for org.codehaus.mojo:surefire-report-maven-plugin is missing. @ org.apache.wicket:wicket-parent:1.4-SNAPSHOT, /home/user/Workspace/reproducibility/Reproducibility-Scanner/benchmarks/bugs-dot-jar/wicket/pom.xml, line 538, column 12
[[1;33mWARNING[m] The expression ${pom.artifactId} is deprecated. Please use ${project.artifactId} instead.
[[1;33mWARNING[m] 
[[1;33mWARNING[m] Some problems were encountered while building the effective model for org.apache.wicket:wicket-examples:war:1.4-SNAPSHOT
[[1;33mWARNING[m] 'build.plugins.plugin.version' for org.codehaus.mojo:surefire-report-maven-plugin is missing. @ org.apache.wicket:wicket-parent:1.4-SNAPSHOT, /home/user/Workspace/reproducibility/Reproducibility-Scanner/benchmarks/bugs-dot-jar/wicket/pom.xml, line 538, column 12
[[1;33mWARNING[m] The expression ${pom.artifactId} is deprecated. Please use ${project.artifactId} instead.
[[1;33mWARNING[m] 
[[1;33mWARNING[m] Some problems were encountered while building the effective model for org.apache.wicket:wicket-archetype-quickstart:maven-plugin:1.4-SNAPSHOT
[[1;33mWARNING[m] 'build.plugins.plugin.version' for org.codehaus.mojo:surefire-report-maven-plugin is missing. @ org.apache.wicket:wicket-parent:1.4-SNAPSHOT, /home/user/Workspace/reproducibility/Reproducibility-Scanner/benchmarks/bugs-dot-jar/wicket/pom.xml, line 538, column 12
[[1;33mWARNING[m] The expression ${pom.artifactId} is deprecated. Please use ${project.artifactId} instead.
[[1;33mWARNING[m] 
[[1;33mWARNING[m] Some problems were encountered while building the effective model for org.apache.wicket:wicket-threadtest:jar:1.4-SNAPSHOT
[[1;33mWARNING[m] 'build.plugins.plugin.version' for org.codehaus.mojo:surefire-report-maven-plugin is missing. @ org.apache.wicket:wicket-parent:1.4-SNAPSHOT, /home/user/Workspace/reproducibility/Reproducibility-Scanner/benchmarks/bugs-dot-jar/wicket/pom.xml, line 538, column 12
[[1;33mWARNING[m] The expression ${pom.artifactId} is deprecated. Please use ${project.artifactId} instead.
[[1;33mWARNING[m] 
[[1;33mWARNING[m] Some problems were encountered while building the effective model for org.apache.wicket:wicket-parent:pom:1.4-SNAPSHOT
[[1;33mWARNING[m] 'build.plugins.plugin.version' for org.codehaus.mojo:surefire-report-maven-plugin is missing. @ line 538, column 12
[[1;33mWARNING[m] The expression ${pom.artifactId} is deprecated. Please use ${project.artifactId} instead.
[[1;33mWARNING[m] 
[[1;33mWARNING[m] It is highly recommended to fix these problems because they threaten the stability of your build.
[[1;33mWARNING[m] 
[[1;33mWARNING[m] For this reason, future Maven versions might no longer support building such malformed projects.
[[1;33mWARNING[m] 
[[1;34mINFO[m] 
[[1;34mINFO[m] [1m----------------------< [0;36morg.apache.wicket:wicket[0;1m >----------------------[m
[[1;34mINFO[m] [1mBuilding Wicket 1.4-SNAPSHOT[m
[[1;34mINFO[m] [1m--------------------------------[ jar ]---------------------------------[m
[[1;34mINFO[m] 
[[1;34mINFO[m] [1m--- [0;32mmaven-resources-plugin:2.6:resources[m [1m(default-resources)[m @ [36mwicket[0;1m ---[m
[[1;33mWARNING[m] Using platform encoding (UTF-8 actually) to copy filtered resources, i.e. build is platform dependent!
[[1;34mINFO[m] Copying 136 resources
[[1;34mINFO[m] Copying 1 resource
[[1;34mINFO[m] 
[[1;34mINFO[m] [1m--- [0;32mmaven-compiler-plugin:3.1:compile[m [1m(default-compile)[m @ [36mwicket[0;1m ---[m
[[1;34mINFO[m] Changes detected - recompiling the module!
[[1;33mWARNING[m] File encoding has not been set, using platform encoding UTF-8, i.e. build is platform dependent!
[[1;34mINFO[m] Compiling 775 source files to /home/user/Workspace/reproducibility/Reproducibility-Scanner/benchmarks/bugs-dot-jar/wicket/wicket/target/classes
[[1;34mINFO[m] -------------------------------------------------------------
[[1;33mWARNING[m] COMPILATION WARNING : 
[[1;34mINFO[m] -------------------------------------------------------------
[[1;33mWARNING[m] /home/user/Workspace/reproducibility/Reproducibility-Scanner/benchmarks/bugs-dot-jar/wicket/wicket/src/main/java/org/apache/wicket/util/io/ClassStreamHandler.java:[38,16] sun.misc.Unsafe is internal proprietary API and may be removed in a future release
[[1;33mWARNING[m] /home/user/Workspace/reproducibility/Reproducibility-Scanner/benchmarks/bugs-dot-jar/wicket/wicket/src/main/java/org/apache/wicket/util/io/ClassStreamHandler.java:[39,19] sun.reflect.ReflectionFactory is internal proprietary API and may be removed in a future release
[[1;33mWARNING[m] /home/user/Workspace/reproducibility/Reproducibility-Scanner/benchmarks/bugs-dot-jar/wicket/wicket/src/main/java/org/apache/wicket/util/io/ClassStreamHandler.java:[52,24] sun.misc.Unsafe is internal proprietary API and may be removed in a future release
[[1;33mWARNING[m] /home/user/Workspace/reproducibility/Reproducibility-Scanner/benchmarks/bugs-dot-jar/wicket/wicket/src/main/java/org/apache/wicket/util/io/ClassStreamHandler.java:[66,51] sun.misc.Unsafe is internal proprietary API and may be removed in a future release
[[1;33mWARNING[m] /home/user/Workspace/reproducibility/Reproducibility-Scanner/benchmarks/bugs-dot-jar/wicket/wicket/src/main/java/org/apache/wicket/util/io/ClassStreamHandler.java:[78,30] sun.reflect.ReflectionFactory is internal proprietary API and may be removed in a future release
[[1;33mWARNING[m] /home/user/Workspace/reproducibility/Reproducibility-Scanner/benchmarks/bugs-dot-jar/wicket/wicket/src/main/java/org/apache/wicket/util/io/ClassStreamHandler.java:[78,63] sun.reflect.ReflectionFactory is internal proprietary API and may be removed in a future release
[[1;33mWARNING[m] /home/user/Workspace/reproducibility/Reproducibility-Scanner/benchmarks/bugs-dot-jar/wicket/wicket/src/main/java/org/apache/wicket/util/io/ClassStreamHandler.java:[78,115] sun.reflect.ReflectionFactory is internal proprietary API and may be removed in a future release
[[1;33mWARNING[m] /home/user/Workspace/reproducibility/Reproducibility-Scanner/benchmarks/bugs-dot-jar/wicket/wicket/src/main/java/org/apache/wicket/markup/html/resources/CompressedPackageResourceReference.java: Some input files use or override a deprecated API.
[[1;33mWARNING[m] /home/user/Workspace/reproducibility/Reproducibility-Scanner/benchmarks/bugs-dot-jar/wicket/wicket/src/main/java/org/apache/wicket/markup/html/resources/CompressedPackageResourceReference.java: Recompile with -Xlint:deprecation for details.
[[1;33mWARNING[m] /home/user/Workspace/reproducibility/Reproducibility-Scanner/benchmarks/bugs-dot-jar/wicket/wicket/src/main/java/org/apache/wicket/util/value/ValueMap.java: Some input files use unchecked or unsafe operations.
[[1;33mWARNING[m] /home/user/Workspace/reproducibility/Reproducibility-Scanner/benchmarks/bugs-dot-jar/wicket/wicket/src/main/java/org/apache/wicket/util/value/ValueMap.java: Recompile with -Xlint:unchecked for details.
[[1;34mINFO[m] 11 warnings 
[[1;34mINFO[m] -------------------------------------------------------------
[[1;34mINFO[m] -------------------------------------------------------------
[[1;31mERROR[m] COMPILATION ERROR : 
[[1;34mINFO[m] -------------------------------------------------------------
[[1;31mERROR[m] /home/user/Workspace/reproducibility/Reproducibility-Scanner/benchmarks/bugs-dot-jar/wicket/wicket/src/main/java/org/apache/wicket/util/value/ValueMap.java:[772,35] incompatible types: inference variable T has incompatible upper bounds java.lang.Enum<T>,T
[[1;31mERROR[m] /home/user/Workspace/reproducibility/Reproducibility-Scanner/benchmarks/bugs-dot-jar/wicket/wicket/src/main/java/org/apache/wicket/util/io/ClassStreamHandler.java:[548,74] incompatible types: java.lang.reflect.Constructor<capture#1 of ?> cannot be converted to java.lang.reflect.Constructor<? super T>
[[1;34mINFO[m] 2 errors 
[[1;34mINFO[m] -------------------------------------------------------------
[[1;34mINFO[m] [1m------------------------------------------------------------------------[m
[[1;34mINFO[m] [1;31mBUILD FAILURE[m
[[1;34mINFO[m] [1m------------------------------------------------------------------------[m
[[1;34mINFO[m] Total time:  3.919 s
[[1;34mINFO[m] Finished at: 2022-08-25T09:36:12-07:00
[[1;34mINFO[m] [1m------------------------------------------------------------------------[m
[[1;31mERROR[m] Failed to execute goal [32morg.apache.maven.plugins:maven-compiler-plugin:3.1:compile[m [1m(default-compile)[m on project [36mwicket[m: [1;31mCompilation failure[m: Compilation failure: 
[[1;31mERROR[m] /home/user/Workspace/reproducibility/Reproducibility-Scanner/benchmarks/bugs-dot-jar/wicket/wicket/src/main/java/org/apache/wicket/util/value/ValueMap.java:[772,35] incompatible types: inference variable T has incompatible upper bounds java.lang.Enum<T>,T
[[1;31mERROR[m] /home/user/Workspace/reproducibility/Reproducibility-Scanner/benchmarks/bugs-dot-jar/wicket/wicket/src/main/java/org/apache/wicket/util/io/ClassStreamHandler.java:[548,74] incompatible types: java.lang.reflect.Constructor<capture#1 of ?> cannot be converted to java.lang.reflect.Constructor<? super T>
[[1;31mERROR[m] -> [1m[Help 1][m
[[1;31mERROR[m] 
[[1;31mERROR[m] To see the full stack trace of the errors, re-run Maven with the [1m-e[m switch.
[[1;31mERROR[m] Re-run Maven using the [1m-X[m switch to enable full debug logging.
[[1;31mERROR[m] 
[[1;31mERROR[m] For more information about the errors and possible solutions, please read the following articles:
[[1;31mERROR[m] [1m[Help 1][m http://cwiki.apache.org/confluence/display/MAVEN/MojoFailureException