[[1;34mINFO[m] Scanning for projects...
[[1;34mINFO[m] 
[[1;34mINFO[m] [1m------------------< [0;36morg.apache.commons:commons-math3[0;1m >------------------[m
[[1;34mINFO[m] [1mBuilding Commons Math 3.3-SNAPSHOT[m
[[1;34mINFO[m] [1m--------------------------------[ jar ]---------------------------------[m
Downloading from centralhttps: http://insecure.repo1.maven.org/maven2/org/apache/maven/plugins/maven-surefire-plugin/2.14.1/maven-surefire-plugin-2.14.1.pom
Downloaded from centralhttps: http://insecure.repo1.maven.org/maven2/org/apache/maven/plugins/maven-surefire-plugin/2.14.1/maven-surefire-plugin-2.14.1.pom (0 B at 0 B/s)
Downloading from centralhttps: http://insecure.repo1.maven.org/maven2/org/apache/maven/surefire/surefire/2.14.1/surefire-2.14.1.pom
Downloaded from centralhttps: http://insecure.repo1.maven.org/maven2/org/apache/maven/surefire/surefire/2.14.1/surefire-2.14.1.pom (0 B at 0 B/s)
Downloading from centralhttps: http://insecure.repo1.maven.org/maven2/org/apache/maven/plugins/maven-surefire-plugin/2.14.1/maven-surefire-plugin-2.14.1.jar
Downloaded from centralhttps: http://insecure.repo1.maven.org/maven2/org/apache/maven/plugins/maven-surefire-plugin/2.14.1/maven-surefire-plugin-2.14.1.jar (0 B at 0 B/s)
[[1;34mINFO[m] 
[[1;34mINFO[m] [1m--- [0;32mmaven-antrun-plugin:1.7:run[m [1m(javadoc.resources)[m @ [36mcommons-math3[0;1m ---[m
[[1;34mINFO[m] Executing tasks

main:
     [copy] Copying 2 files to /home/user/Workspace/reproducibility/Reproducibility-Scanner/benchmarks/bugs-dot-jar/commons-math/target/apidocs/META-INF
[[1;34mINFO[m] Executed tasks
[[1;34mINFO[m] 
[[1;34mINFO[m] [1m--- [0;32mmaven-remote-resources-plugin:1.4:process[m [1m(default)[m @ [36mcommons-math3[0;1m ---[m
[[1;34mINFO[m] 
[[1;34mINFO[m] [1m--- [0;32mbuildnumber-maven-plugin:1.2:create[m [1m(default)[m @ [36mcommons-math3[0;1m ---[m
[[1;34mINFO[m] Checking for local modifications: skipped.
[[1;34mINFO[m] Updating project files from SCM: skipped.
[[1;34mINFO[m] Executing: /bin/sh -c cd /home/user/Workspace/reproducibility/Reproducibility-Scanner/benchmarks/bugs-dot-jar/commons-math && svn --non-interactive info
[[1;34mINFO[m] Working directory: /home/user/Workspace/reproducibility/Reproducibility-Scanner/benchmarks/bugs-dot-jar/commons-math
[[1;34mINFO[m] Storing buildNumber: ?????? at timestamp: 1661780780153
[[1;34mINFO[m] Executing: /bin/sh -c cd /home/user/Workspace/reproducibility/Reproducibility-Scanner/benchmarks/bugs-dot-jar/commons-math && svn --non-interactive info
[[1;34mINFO[m] Working directory: /home/user/Workspace/reproducibility/Reproducibility-Scanner/benchmarks/bugs-dot-jar/commons-math
[[1;34mINFO[m] Storing buildScmBranch: UNKNOWN_BRANCH
[[1;34mINFO[m] 
[[1;34mINFO[m] [1m--- [0;32mmaven-resources-plugin:2.6:resources[m [1m(default-resources)[m @ [36mcommons-math3[0;1m ---[m
[[1;34mINFO[m] Using 'UTF-8' encoding to copy filtered resources.
[[1;34mINFO[m] Copying 2 resources
[[1;34mINFO[m] Copying 2 resources to META-INF
[[1;34mINFO[m] 
[[1;34mINFO[m] [1m--- [0;32mmaven-compiler-plugin:3.1:compile[m [1m(default-compile)[m @ [36mcommons-math3[0;1m ---[m
[[1;34mINFO[m] Changes detected - recompiling the module!
[[1;34mINFO[m] Compiling 792 source files to /home/user/Workspace/reproducibility/Reproducibility-Scanner/benchmarks/bugs-dot-jar/commons-math/target/classes
[[1;33mWARNING[m] /home/user/Workspace/reproducibility/Reproducibility-Scanner/benchmarks/bugs-dot-jar/commons-math/src/main/java/org/apache/commons/math3/analysis/function/Cos.java: Some input files use or override a deprecated API.
[[1;33mWARNING[m] /home/user/Workspace/reproducibility/Reproducibility-Scanner/benchmarks/bugs-dot-jar/commons-math/src/main/java/org/apache/commons/math3/analysis/function/Cos.java: Recompile with -Xlint:deprecation for details.
[[1;34mINFO[m] 
[[1;34mINFO[m] [1m--- [0;32mmaven-bundle-plugin:2.3.7:manifest[m [1m(bundle-manifest)[m @ [36mcommons-math3[0;1m ---[m
[[1;34mINFO[m] 
[[1;34mINFO[m] [1m--- [0;32mmaven-resources-plugin:2.6:testResources[m [1m(default-testResources)[m @ [36mcommons-math3[0;1m ---[m
[[1;34mINFO[m] Using 'UTF-8' encoding to copy filtered resources.
[[1;34mINFO[m] Copying 28 resources
[[1;34mINFO[m] Copying 2 resources to META-INF
[[1;34mINFO[m] 
[[1;34mINFO[m] [1m--- [0;32mmaven-compiler-plugin:3.1:testCompile[m [1m(default-testCompile)[m @ [36mcommons-math3[0;1m ---[m
[[1;34mINFO[m] Changes detected - recompiling the module!
[[1;34mINFO[m] Compiling 474 source files to /home/user/Workspace/reproducibility/Reproducibility-Scanner/benchmarks/bugs-dot-jar/commons-math/target/test-classes
[[1;33mWARNING[m] /home/user/Workspace/reproducibility/Reproducibility-Scanner/benchmarks/bugs-dot-jar/commons-math/src/test/java/org/apache/commons/math3/util/MathUtilsTest.java: Some input files use or override a deprecated API.
[[1;33mWARNING[m] /home/user/Workspace/reproducibility/Reproducibility-Scanner/benchmarks/bugs-dot-jar/commons-math/src/test/java/org/apache/commons/math3/util/MathUtilsTest.java: Recompile with -Xlint:deprecation for details.
[[1;34mINFO[m] 
[[1;34mINFO[m] [1m--- [0;32mjacoco-maven-plugin:0.6.2.201302030002:prepare-agent[m [1m(prepare-agent)[m @ [36mcommons-math3[0;1m ---[m
[[1;34mINFO[m] argLine set to -javaagent:/home/user/.m2/repository/org/jacoco/org.jacoco.agent/0.6.2.201302030002/org.jacoco.agent-0.6.2.201302030002-runtime.jar=destfile=/home/user/Workspace/reproducibility/Reproducibility-Scanner/benchmarks/bugs-dot-jar/commons-math/target/jacoco.exec
[[1;34mINFO[m] 
[[1;34mINFO[m] [1m--- [0;32mmaven-surefire-plugin:2.14.1:test[m [1m(default-test)[m @ [36mcommons-math3[0;1m ---[m
Downloading from centralhttps: http://insecure.repo1.maven.org/maven2/org/apache/maven/surefire/maven-surefire-common/2.14.1/maven-surefire-common-2.14.1.pom
Downloaded from centralhttps: http://insecure.repo1.maven.org/maven2/org/apache/maven/surefire/maven-surefire-common/2.14.1/maven-surefire-common-2.14.1.pom (0 B at 0 B/s)
Downloading from centralhttps: http://insecure.repo1.maven.org/maven2/org/apache/maven/surefire/surefire-api/2.14.1/surefire-api-2.14.1.pom
Downloaded from centralhttps: http://insecure.repo1.maven.org/maven2/org/apache/maven/surefire/surefire-api/2.14.1/surefire-api-2.14.1.pom (0 B at 0 B/s)
Downloading from centralhttps: http://insecure.repo1.maven.org/maven2/org/apache/maven/surefire/surefire-booter/2.14.1/surefire-booter-2.14.1.pom
Downloaded from centralhttps: http://insecure.repo1.maven.org/maven2/org/apache/maven/surefire/surefire-booter/2.14.1/surefire-booter-2.14.1.pom (0 B at 0 B/s)
Downloading from centralhttps: http://insecure.repo1.maven.org/maven2/org/apache/maven/surefire/maven-surefire-common/2.14.1/maven-surefire-common-2.14.1.jar
Downloading from centralhttps: http://insecure.repo1.maven.org/maven2/org/apache/maven/surefire/surefire-api/2.14.1/surefire-api-2.14.1.jar
Downloading from centralhttps: http://insecure.repo1.maven.org/maven2/org/apache/maven/surefire/surefire-booter/2.14.1/surefire-booter-2.14.1.jar
Downloaded from centralhttps: http://insecure.repo1.maven.org/maven2/org/apache/maven/surefire/surefire-booter/2.14.1/surefire-booter-2.14.1.jar (0 B at 0 B/s)
Downloaded from centralhttps: http://insecure.repo1.maven.org/maven2/org/apache/maven/surefire/surefire-api/2.14.1/surefire-api-2.14.1.jar (0 B at 0 B/s)
Downloaded from centralhttps: http://insecure.repo1.maven.org/maven2/org/apache/maven/surefire/maven-surefire-common/2.14.1/maven-surefire-common-2.14.1.jar (0 B at 0 B/s)
[[1;34mINFO[m] Tests are skipped.
[[1;34mINFO[m] 
[[1;34mINFO[m] [1m--- [0;32mmaven-jar-plugin:2.4:jar[m [1m(default-jar)[m @ [36mcommons-math3[0;1m ---[m
[[1;34mINFO[m] Building jar: /home/user/Workspace/reproducibility/Reproducibility-Scanner/benchmarks/bugs-dot-jar/commons-math/target/commons-math3-3.3-SNAPSHOT.jar
[[1;34mINFO[m] 
[[1;34mINFO[m] [1m--- [0;32mmaven-antrun-plugin:1.7:run[m [1m(default)[m @ [36mcommons-math3[0;1m ---[m
[[1;34mINFO[m] Executing tasks

main:
      [jar] Building jar: /home/user/Workspace/reproducibility/Reproducibility-Scanner/benchmarks/bugs-dot-jar/commons-math/target/commons-math3-tools-3.3-SNAPSHOT.jar
[[1;34mINFO[m] Executed tasks
[[1;34mINFO[m] 
[[1;34mINFO[m] [1m--- [0;32mmaven-site-plugin:3.3:attach-descriptor[m [1m(attach-descriptor)[m @ [36mcommons-math3[0;1m ---[m
[[1;34mINFO[m] 
[[1;34mINFO[m] [1m--- [0;32mbuild-helper-maven-plugin:1.7:attach-artifact[m [1m(attach-artifacts)[m @ [36mcommons-math3[0;1m ---[m
[[1;34mINFO[m] 
[[1;34mINFO[m] [1m--- [0;32mjacoco-maven-plugin:0.6.2.201302030002:check[m [1m(check)[m @ [36mcommons-math3[0;1m ---[m
[[1;34mINFO[m] Skipping JaCoCo execution due to missing execution data file
[[1;34mINFO[m] 
[[1;34mINFO[m] [1m--- [0;32mmaven-install-plugin:2.4:install[m [1m(default-install)[m @ [36mcommons-math3[0;1m ---[m
[[1;34mINFO[m] Installing /home/user/Workspace/reproducibility/Reproducibility-Scanner/benchmarks/bugs-dot-jar/commons-math/target/commons-math3-3.3-SNAPSHOT.jar to /home/user/.m2/repository/org/apache/commons/commons-math3/3.3-SNAPSHOT/commons-math3-3.3-SNAPSHOT.jar
[[1;34mINFO[m] Installing /home/user/Workspace/reproducibility/Reproducibility-Scanner/benchmarks/bugs-dot-jar/commons-math/pom.xml to /home/user/.m2/repository/org/apache/commons/commons-math3/3.3-SNAPSHOT/commons-math3-3.3-SNAPSHOT.pom
[[1;34mINFO[m] Installing /home/user/Workspace/reproducibility/Reproducibility-Scanner/benchmarks/bugs-dot-jar/commons-math/target/commons-math3-tools-3.3-SNAPSHOT.jar to /home/user/.m2/repository/org/apache/commons/commons-math3/3.3-SNAPSHOT/commons-math3-3.3-SNAPSHOT-tools.jar
[[1;34mINFO[m] [1m------------------------------------------------------------------------[m
[[1;34mINFO[m] [1;32mBUILD SUCCESS[m
[[1;34mINFO[m] [1m------------------------------------------------------------------------[m
[[1;34mINFO[m] Total time:  13.943 s
[[1;34mINFO[m] Finished at: 2022-08-29T06:46:30-07:00
[[1;34mINFO[m] [1m------------------------------------------------------------------------[m
[[1;34mINFO[m] Scanning for projects...
[[1;34mINFO[m] 
[[1;34mINFO[m] [1m------------------< [0;36morg.apache.commons:commons-math3[0;1m >------------------[m
[[1;34mINFO[m] [1mBuilding Commons Math 3.3-SNAPSHOT[m
[[1;34mINFO[m] [1m--------------------------------[ jar ]---------------------------------[m
[[1;34mINFO[m] 
[[1;34mINFO[m] [1m--- [0;32mmaven-antrun-plugin:1.7:run[m [1m(javadoc.resources)[m @ [36mcommons-math3[0;1m ---[m
[[1;34mINFO[m] Executing tasks

main:
[[1;34mINFO[m] Executed tasks
[[1;34mINFO[m] 
[[1;34mINFO[m] [1m--- [0;32mmaven-remote-resources-plugin:1.4:process[m [1m(default)[m @ [36mcommons-math3[0;1m ---[m
[[1;34mINFO[m] 
[[1;34mINFO[m] [1m--- [0;32mbuildnumber-maven-plugin:1.2:create[m [1m(default)[m @ [36mcommons-math3[0;1m ---[m
[[1;34mINFO[m] Checking for local modifications: skipped.
[[1;34mINFO[m] Updating project files from SCM: skipped.
[[1;34mINFO[m] Executing: /bin/sh -c cd /home/user/Workspace/reproducibility/Reproducibility-Scanner/benchmarks/bugs-dot-jar/commons-math && svn --non-interactive info
[[1;34mINFO[m] Working directory: /home/user/Workspace/reproducibility/Reproducibility-Scanner/benchmarks/bugs-dot-jar/commons-math
[[1;34mINFO[m] Storing buildNumber: ?????? at timestamp: 1661780793683
[[1;34mINFO[m] Executing: /bin/sh -c cd /home/user/Workspace/reproducibility/Reproducibility-Scanner/benchmarks/bugs-dot-jar/commons-math && svn --non-interactive info
[[1;34mINFO[m] Working directory: /home/user/Workspace/reproducibility/Reproducibility-Scanner/benchmarks/bugs-dot-jar/commons-math
[[1;34mINFO[m] Storing buildScmBranch: UNKNOWN_BRANCH
[[1;34mINFO[m] 
[[1;34mINFO[m] [1m--- [0;32mmaven-resources-plugin:2.6:resources[m [1m(default-resources)[m @ [36mcommons-math3[0;1m ---[m
[[1;34mINFO[m] Using 'UTF-8' encoding to copy filtered resources.
[[1;34mINFO[m] Copying 2 resources
[[1;34mINFO[m] Copying 2 resources to META-INF
[[1;34mINFO[m] 
[[1;34mINFO[m] [1m--- [0;32mmaven-compiler-plugin:3.1:compile[m [1m(default-compile)[m @ [36mcommons-math3[0;1m ---[m
[[1;34mINFO[m] Changes detected - recompiling the module!
[[1;34mINFO[m] Compiling 792 source files to /home/user/Workspace/reproducibility/Reproducibility-Scanner/benchmarks/bugs-dot-jar/commons-math/target/classes
[[1;33mWARNING[m] /home/user/Workspace/reproducibility/Reproducibility-Scanner/benchmarks/bugs-dot-jar/commons-math/src/main/java/org/apache/commons/math3/analysis/function/Cos.java: Some input files use or override a deprecated API.
[[1;33mWARNING[m] /home/user/Workspace/reproducibility/Reproducibility-Scanner/benchmarks/bugs-dot-jar/commons-math/src/main/java/org/apache/commons/math3/analysis/function/Cos.java: Recompile with -Xlint:deprecation for details.
[[1;34mINFO[m] 
[[1;34mINFO[m] [1m--- [0;32mmaven-bundle-plugin:2.3.7:manifest[m [1m(bundle-manifest)[m @ [36mcommons-math3[0;1m ---[m
[[1;34mINFO[m] 
[[1;34mINFO[m] [1m--- [0;32mmaven-resources-plugin:2.6:testResources[m [1m(default-testResources)[m @ [36mcommons-math3[0;1m ---[m
[[1;34mINFO[m] Using 'UTF-8' encoding to copy filtered resources.
[[1;34mINFO[m] Copying 28 resources
[[1;34mINFO[m] Copying 2 resources to META-INF
[[1;34mINFO[m] 
[[1;34mINFO[m] [1m--- [0;32mmaven-compiler-plugin:3.1:testCompile[m [1m(default-testCompile)[m @ [36mcommons-math3[0;1m ---[m
[[1;34mINFO[m] Nothing to compile - all classes are up to date
[[1;34mINFO[m] 
[[1;34mINFO[m] [1m--- [0;32mjacoco-maven-plugin:0.6.2.201302030002:prepare-agent[m [1m(prepare-agent)[m @ [36mcommons-math3[0;1m ---[m
[[1;34mINFO[m] argLine set to -javaagent:/home/user/.m2/repository/org/jacoco/org.jacoco.agent/0.6.2.201302030002/org.jacoco.agent-0.6.2.201302030002-runtime.jar=destfile=/home/user/Workspace/reproducibility/Reproducibility-Scanner/benchmarks/bugs-dot-jar/commons-math/target/jacoco.exec
[[1;34mINFO[m] 
[[1;34mINFO[m] [1m--- [0;32mmaven-surefire-plugin:2.14.1:test[m [1m(default-test)[m @ [36mcommons-math3[0;1m ---[m
[[1;34mINFO[m] Surefire report directory: /home/user/Workspace/reproducibility/Reproducibility-Scanner/benchmarks/bugs-dot-jar/commons-math/target/surefire-reports
Downloading from centralhttps: http://insecure.repo1.maven.org/maven2/org/apache/maven/surefire/surefire-junit4/2.14.1/surefire-junit4-2.14.1.pom
Downloaded from centralhttps: http://insecure.repo1.maven.org/maven2/org/apache/maven/surefire/surefire-junit4/2.14.1/surefire-junit4-2.14.1.pom (0 B at 0 B/s)
Downloading from centralhttps: http://insecure.repo1.maven.org/maven2/org/apache/maven/surefire/surefire-providers/2.14.1/surefire-providers-2.14.1.pom
Downloaded from centralhttps: http://insecure.repo1.maven.org/maven2/org/apache/maven/surefire/surefire-providers/2.14.1/surefire-providers-2.14.1.pom (0 B at 0 B/s)
Downloading from centralhttps: http://insecure.repo1.maven.org/maven2/org/apache/maven/surefire/surefire-junit4/2.14.1/surefire-junit4-2.14.1.jar
Downloaded from centralhttps: http://insecure.repo1.maven.org/maven2/org/apache/maven/surefire/surefire-junit4/2.14.1/surefire-junit4-2.14.1.jar (0 B at 0 B/s)

-------------------------------------------------------
 T E S T S
-------------------------------------------------------
Exception in thread "main" java.lang.reflect.InvocationTargetException
	at sun.reflect.NativeMethodAccessorImpl.invoke0(Native Method)
	at sun.reflect.NativeMethodAccessorImpl.invoke(NativeMethodAccessorImpl.java:62)
	at sun.reflect.DelegatingMethodAccessorImpl.invoke(DelegatingMethodAccessorImpl.java:43)
	at java.lang.reflect.Method.invoke(Method.java:498)
	at sun.instrument.InstrumentationImpl.loadClassAndStartAgent(InstrumentationImpl.java:386)
	at sun.instrument.InstrumentationImpl.loadClassAndCallPremain(InstrumentationImpl.java:401)
Caused by: java.lang.RuntimeException: Class java/util/UUID could not be instrumented.
	at org.jacoco.agent.rt.internal_5d10cad.core.runtime.ModifiedSystemClassRuntime.createFor(ModifiedSystemClassRuntime.java:138)
	at org.jacoco.agent.rt.internal_5d10cad.core.runtime.ModifiedSystemClassRuntime.createFor(ModifiedSystemClassRuntime.java:99)
	at org.jacoco.agent.rt.internal_5d10cad.PreMain.createRuntime(PreMain.java:51)
	at org.jacoco.agent.rt.internal_5d10cad.PreMain.premain(PreMain.java:43)
	... 6 more
Caused by: java.lang.NoSuchFieldException: $jacocoAccess
	at java.lang.Class.getField(Class.java:1703)
	at org.jacoco.agent.rt.internal_5d10cad.core.runtime.ModifiedSystemClassRuntime.createFor(ModifiedSystemClassRuntime.java:136)
	... 9 more
FATAL ERROR in native method: processing of -javaagent failed
Aborted (core dumped)

Results :

Tests run: 0, Failures: 0, Errors: 0, Skipped: 0

[[1;34mINFO[m] [1m------------------------------------------------------------------------[m
[[1;34mINFO[m] [1;31mBUILD FAILURE[m
[[1;34mINFO[m] [1m------------------------------------------------------------------------[m
[[1;34mINFO[m] Total time:  15.869 s
[[1;34mINFO[m] Finished at: 2022-08-29T06:46:48-07:00
[[1;34mINFO[m] [1m------------------------------------------------------------------------[m
[[1;31mERROR[m] Failed to execute goal [32morg.apache.maven.plugins:maven-surefire-plugin:2.14.1:test[m [1m(default-test)[m on project [36mcommons-math3[m: [1;31mExecution default-test of goal org.apache.maven.plugins:maven-surefire-plugin:2.14.1:test failed: The forked VM terminated without saying properly goodbye. VM crash or System.exit called ?[m
[[1;31mERROR[m] [1;31mCommand was/bin/sh -c cd /home/user/Workspace/reproducibility/Reproducibility-Scanner/benchmarks/bugs-dot-jar/commons-math && /usr/lib/jvm/java-8-openjdk-amd64/jre/bin/java -javaagent:/home/user/.m2/repository/org/jacoco/org.jacoco.agent/0.6.2.201302030002/org.jacoco.agent-0.6.2.201302030002-runtime.jar=destfile=/home/user/Workspace/reproducibility/Reproducibility-Scanner/benchmarks/bugs-dot-jar/commons-math/target/jacoco.exec -jar /home/user/Workspace/reproducibility/Reproducibility-Scanner/benchmarks/bugs-dot-jar/commons-math/target/surefire/surefirebooter8057028171249516522.jar /home/user/Workspace/reproducibility/Reproducibility-Scanner/benchmarks/bugs-dot-jar/commons-math/target/surefire/surefire8878079285340818793tmp /home/user/Workspace/reproducibility/Reproducibility-Scanner/benchmarks/bugs-dot-jar/commons-math/target/surefire/surefire_06565131738026000624tmp[m
[[1;31mERROR[m] -> [1m[Help 1][m
[[1;31mERROR[m] 
[[1;31mERROR[m] To see the full stack trace of the errors, re-run Maven with the [1m-e[m switch.
[[1;31mERROR[m] Re-run Maven using the [1m-X[m switch to enable full debug logging.
[[1;31mERROR[m] 
[[1;31mERROR[m] For more information about the errors and possible solutions, please read the following articles:
[[1;31mERROR[m] [1m[Help 1][m http://cwiki.apache.org/confluence/display/MAVEN/PluginExecutionException