Checking out e74df2c0 to /tmp/test_d4j_30972_1657603154/test_trigger/Bcel.. OK
Init local repository...................................................... OK
Tag post-fix revision...................................................... OK
Copy generated Ant build file.............................................. OK
Run post-checkout hook..................................................... OK
Excluding broken/flaky tests............................................... OK
Initialize fixed program version........................................... OK
Apply patch................................................................ OK
Initialize buggy program version........................................... OK
Diff e74df2c0:5f5fa24f..................................................... OK
Apply patch................................................................ OK
Tag pre-fix revision....................................................... OK
Check out program version: Bcel-6b......................................... OK
Running ant (compile)...................................................... OK
Running ant (compile.tests)................................................ OK
Running ant (compile.tests)................................................ OK
Running ant (run.dev.tests)................................................ OK
Failing tests: 2
  - org.apache.bcel.generic.MethodGenTestCase::testAnnotationsAreUnpacked
  - org.apache.bcel.util.BCELifierTestCase::testJavapCompare
Error: verify number of triggering tests: Bcel-6b (expected: 1, actual: 2)
Check out program version: Bcel-6f......................................... OK
Running ant (compile)...................................................... OK
Running ant (compile.tests)................................................ OK
Running ant (compile.tests)................................................ OK
Running ant (run.dev.tests)................................................ OK
Failing tests: 1
  - org.apache.bcel.util.BCELifierTestCase::testJavapCompare
Error: verify number of triggering tests: Bcel-6f (expected: 0, actual: 1)
================================================================================
The following errors occurred:
Error: verify number of triggering tests: Bcel-6b (expected: 1, actual: 2)
Error: verify number of triggering tests: Bcel-6f (expected: 0, actual: 1)
================================================================================
FAILED
