Checking out fc9272b2 to /tmp/test_d4j_11352_1657602565/test_trigger/Geomet FAIL
Executed command: git clone /data-depot/user/Workspace/Reproducibility/Reproducibility-Scanner/benchmarks/growingbugs/project_repos/geometry-core.git /tmp/test_d4j_11352_1657602565/test_trigger/Geometry_core 2>&1 && cd /tmp/test_d4j_11352_1657602565/test_trigger/Geometry_core && git checkout fc9272b2366d6b5944e1c1a9ecf568ff89f95a30 2>&1
fatal: repository '/data-depot/user/Workspace/Reproducibility/Reproducibility-Scanner/benchmarks/growingbugs/project_repos/geometry-core.git' does not exist
Cannot checkout program version! at /data-depot/user/Workspace/Reproducibility/Reproducibility-Scanner/benchmarks/growingbugs/framework/bin/d4j/d4j-checkout line 102.
Compilation failed in require at /data-depot/user/Workspace/Reproducibility/Reproducibility-Scanner/benchmarks/growingbugs/framework/bin/defects4j line 195.
Error: checkout: Geometry_core-3b
Cannot open config file (/tmp/test_d4j_11352_1657602565/test_trigger/Geometry_core/.defects4j.config): No such file or directory
/tmp/test_d4j_11352_1657602565/test_trigger/Geometry_core is not a valid working directory!
Error: compile: Geometry_core-3b
Cannot open config file (/tmp/test_d4j_11352_1657602565/test_trigger/Geometry_core/.defects4j.config): No such file or directory
/tmp/test_d4j_11352_1657602565/test_trigger/Geometry_core is not a valid working directory!
Error: run relevant tests: Geometry_core-3b
cat: /tmp/test_d4j_11352_1657602565/test_trigger/Geometry_core/failing_tests: No such file or directory
grep: /tmp/test_d4j_11352_1657602565/test_trigger/Geometry_core/failing_tests: No such file or directory
Error: verify number of triggering tests: Geometry_core-3b (expected: 1, actual: 0)
grep: /tmp/test_d4j_11352_1657602565/test_trigger/Geometry_core/failing_tests: No such file or directory
Error: expected triggering test org.apache.commons.geometry.core.precision.EpsilonDoublePrecisionContextTest::testEqualsAndHashCode_signedZeroConsistency did not fail
Checking out fc9272b2 to /tmp/test_d4j_11352_1657602565/test_trigger/Geomet FAIL
Executed command: git clone /data-depot/user/Workspace/Reproducibility/Reproducibility-Scanner/benchmarks/growingbugs/project_repos/geometry-core.git /tmp/test_d4j_11352_1657602565/test_trigger/Geometry_core 2>&1 && cd /tmp/test_d4j_11352_1657602565/test_trigger/Geometry_core && git checkout fc9272b2366d6b5944e1c1a9ecf568ff89f95a30 2>&1
fatal: repository '/data-depot/user/Workspace/Reproducibility/Reproducibility-Scanner/benchmarks/growingbugs/project_repos/geometry-core.git' does not exist
Cannot checkout program version! at /data-depot/user/Workspace/Reproducibility/Reproducibility-Scanner/benchmarks/growingbugs/framework/bin/d4j/d4j-checkout line 102.
Compilation failed in require at /data-depot/user/Workspace/Reproducibility/Reproducibility-Scanner/benchmarks/growingbugs/framework/bin/defects4j line 195.
Error: checkout: Geometry_core-3f
Cannot open config file (/tmp/test_d4j_11352_1657602565/test_trigger/Geometry_core/.defects4j.config): No such file or directory
/tmp/test_d4j_11352_1657602565/test_trigger/Geometry_core is not a valid working directory!
Error: compile: Geometry_core-3f
Cannot open config file (/tmp/test_d4j_11352_1657602565/test_trigger/Geometry_core/.defects4j.config): No such file or directory
/tmp/test_d4j_11352_1657602565/test_trigger/Geometry_core is not a valid working directory!
Error: run relevant tests: Geometry_core-3f
cat: /tmp/test_d4j_11352_1657602565/test_trigger/Geometry_core/failing_tests: No such file or directory
grep: /tmp/test_d4j_11352_1657602565/test_trigger/Geometry_core/failing_tests: No such file or directory
================================================================================
The following errors occurred:
Error: checkout: Geometry_core-3b
Error: compile: Geometry_core-3b
Error: run relevant tests: Geometry_core-3b
Error: verify number of triggering tests: Geometry_core-3b (expected: 1, actual: 0)
Error: expected triggering test org.apache.commons.geometry.core.precision.EpsilonDoublePrecisionContextTest::testEqualsAndHashCode_signedZeroConsistency did not fail
Error: checkout: Geometry_core-3f
Error: compile: Geometry_core-3f
Error: run relevant tests: Geometry_core-3f
================================================================================
FAILED
