Checking out 4c448eeb to /tmp/test_d4j_39112_1657597007/test_trigger/Jackso OK
Init local repository...................................................... OK
Tag post-fix revision...................................................... OK
Copy generated Ant build file.............................................. OK
Run post-checkout hook..................................................... OK
Excluding broken/flaky tests............................................... OK
Initialize fixed program version........................................... OK
Apply patch................................................................ OK
Initialize buggy program version........................................... OK
Diff 4c448eeb:4e71662b..................................................... OK
Apply patch................................................................ OK
Tag pre-fix revision....................................................... OK
Check out program version: JacksonDatabind-143b............................ OK
Running ant (compile)...................................................... OK
Running ant (compile.tests)................................................ OK
Running ant (compile.tests)................................................ OK
Running ant (run.dev.tests)................................................ OK
Failing tests: 2
  - com.fasterxml.jackson.databind.format.MapEntryFormatTest::testDefaultShapeOverride
  - com.fasterxml.jackson.databind.module.SimpleModuleTest::testAutoDiscovery
Error: verify number of triggering tests: JacksonDatabind-143b (expected: 1, actual: 2)
Check out program version: JacksonDatabind-143f............................ OK
Running ant (compile)...................................................... OK
Running ant (compile.tests)................................................ OK
Running ant (compile.tests)................................................ OK
Running ant (run.dev.tests)................................................ OK
Failing tests: 1
  - com.fasterxml.jackson.databind.module.SimpleModuleTest::testAutoDiscovery
Error: verify number of triggering tests: JacksonDatabind-143f (expected: 0, actual: 1)
================================================================================
The following errors occurred:
Error: verify number of triggering tests: JacksonDatabind-143b (expected: 1, actual: 2)
Error: verify number of triggering tests: JacksonDatabind-143f (expected: 0, actual: 1)
================================================================================
FAILED
