Checking out e3ec9dc5 to /tmp/test_d4j_38768_1657599451/test_trigger/Jackso FAIL
Executed command: git clone /data-depot/user/Workspace/Reproducibility/Reproducibility-Scanner/benchmarks/growingbugs/project_repos/jackson-databind.git /tmp/test_d4j_38768_1657599451/test_trigger/JacksonDatabind 2>&1 && cd /tmp/test_d4j_38768_1657599451/test_trigger/JacksonDatabind && git checkout e3ec9dc5a816ba1107816cd199f9be5e3f41d628 2>&1
Cloning into '/tmp/test_d4j_38768_1657599451/test_trigger/JacksonDatabind'...
done.
fatal: reference is not a tree: e3ec9dc5a816ba1107816cd199f9be5e3f41d628
Cannot checkout program version! at /data-depot/user/Workspace/Reproducibility/Reproducibility-Scanner/benchmarks/growingbugs/framework/bin/d4j/d4j-checkout line 102.
Compilation failed in require at /data-depot/user/Workspace/Reproducibility/Reproducibility-Scanner/benchmarks/growingbugs/framework/bin/defects4j line 195.
Error: checkout: JacksonDatabind-154b
Cannot open config file (/tmp/test_d4j_38768_1657599451/test_trigger/JacksonDatabind/.defects4j.config): No such file or directory
/tmp/test_d4j_38768_1657599451/test_trigger/JacksonDatabind is not a valid working directory!
Error: compile: JacksonDatabind-154b
Cannot open config file (/tmp/test_d4j_38768_1657599451/test_trigger/JacksonDatabind/.defects4j.config): No such file or directory
/tmp/test_d4j_38768_1657599451/test_trigger/JacksonDatabind is not a valid working directory!
Error: run relevant tests: JacksonDatabind-154b
cat: /tmp/test_d4j_38768_1657599451/test_trigger/JacksonDatabind/failing_tests: No such file or directory
grep: /tmp/test_d4j_38768_1657599451/test_trigger/JacksonDatabind/failing_tests: No such file or directory
Error: verify number of triggering tests: JacksonDatabind-154b (expected: 1, actual: 0)
grep: /tmp/test_d4j_38768_1657599451/test_trigger/JacksonDatabind/failing_tests: No such file or directory
Error: expected triggering test com.fasterxml.jackson.databind.deser.jdk.EnumDeserializationTest::testWrapExceptions did not fail
Cannot open config file (/tmp/test_d4j_38768_1657599451/test_trigger/JacksonDatabind/.defects4j.config): No such file or directory
Directory exists but is not a previously used working directory: /tmp/test_d4j_38768_1657599451/test_trigger/JacksonDatabind at /data-depot/user/Workspace/Reproducibility/Reproducibility-Scanner/benchmarks/growingbugs/framework/core/Vcs.pm line 285.
Compilation failed in require at /data-depot/user/Workspace/Reproducibility/Reproducibility-Scanner/benchmarks/growingbugs/framework/bin/defects4j line 195.
Error: checkout: JacksonDatabind-154f
Cannot open config file (/tmp/test_d4j_38768_1657599451/test_trigger/JacksonDatabind/.defects4j.config): No such file or directory
/tmp/test_d4j_38768_1657599451/test_trigger/JacksonDatabind is not a valid working directory!
Error: compile: JacksonDatabind-154f
Cannot open config file (/tmp/test_d4j_38768_1657599451/test_trigger/JacksonDatabind/.defects4j.config): No such file or directory
/tmp/test_d4j_38768_1657599451/test_trigger/JacksonDatabind is not a valid working directory!
Error: run relevant tests: JacksonDatabind-154f
cat: /tmp/test_d4j_38768_1657599451/test_trigger/JacksonDatabind/failing_tests: No such file or directory
grep: /tmp/test_d4j_38768_1657599451/test_trigger/JacksonDatabind/failing_tests: No such file or directory
================================================================================
The following errors occurred:
Error: checkout: JacksonDatabind-154b
Error: compile: JacksonDatabind-154b
Error: run relevant tests: JacksonDatabind-154b
Error: verify number of triggering tests: JacksonDatabind-154b (expected: 1, actual: 0)
Error: expected triggering test com.fasterxml.jackson.databind.deser.jdk.EnumDeserializationTest::testWrapExceptions did not fail
Error: checkout: JacksonDatabind-154f
Error: compile: JacksonDatabind-154f
Error: run relevant tests: JacksonDatabind-154f
================================================================================
FAILED
