Checking out 69f6f52d to /tmp/test_d4j_39994_1657598619/test_trigger/Jackso OK
Init local repository...................................................... OK
Tag post-fix revision...................................................... OK
Copy generated Ant build file.............................................. OK
Run post-checkout hook..................................................... OK
Excluding broken/flaky tests............................................... OK
Initialize fixed program version........................................... OK
Apply patch................................................................ OK
Initialize buggy program version........................................... OK
Diff 69f6f52d:de6ca252..................................................... OK
Apply patch................................................................ OK
Tag pre-fix revision....................................................... OK
Check out program version: JacksonDatabind-149b............................ OK
Running ant (compile)...................................................... OK
Running ant (compile.tests)................................................ OK
Running ant (compile.tests)................................................ OK
Running ant (run.dev.tests)................................................ OK
Failing tests: 2
  - com.fasterxml.jackson.databind.deser.creators.TestCreators2::testCreatorWithDupNames
  - com.fasterxml.jackson.databind.module.SimpleModuleTest::testAutoDiscovery
Error: verify number of triggering tests: JacksonDatabind-149b (expected: 1, actual: 2)
Check out program version: JacksonDatabind-149f............................ OK
Running ant (compile)...................................................... OK
Running ant (compile.tests)................................................ OK
Running ant (compile.tests)................................................ OK
Running ant (run.dev.tests)................................................ OK
Failing tests: 1
  - com.fasterxml.jackson.databind.module.SimpleModuleTest::testAutoDiscovery
Error: verify number of triggering tests: JacksonDatabind-149f (expected: 0, actual: 1)
================================================================================
The following errors occurred:
Error: verify number of triggering tests: JacksonDatabind-149b (expected: 1, actual: 2)
Error: verify number of triggering tests: JacksonDatabind-149f (expected: 0, actual: 1)
================================================================================
FAILED
