Checking out 3b7bab94 to /tmp/test_d4j_5625_1657584672/test_trigger/Jmh_cor OK
Init local repository...................................................... OK
Tag post-fix revision...................................................... OK
Copy generated Ant build file.............................................. OK
Run post-checkout hook..................................................... OK
Excluding broken/flaky tests............................................... OK
Initialize fixed program version........................................... OK
Apply patch................................................................ OK
Initialize buggy program version........................................... OK
Diff 3b7bab94:ec0740c2..................................................... OK
Apply patch................................................................ OK
Tag pre-fix revision....................................................... OK
Check out program version: Jmh_core-1b..................................... OK
Running ant (compile)...................................................... FAIL
Executed command:  cd /tmp/test_d4j_5625_1657584672/test_trigger/Jmh_core && /data-depot/user/Workspace/Reproducibility/Reproducibility-Scanner/benchmarks/growingbugs/major/bin/ant -f /data-depot/user/Workspace/Reproducibility/Reproducibility-Scanner/benchmarks/growingbugs/framework/projects/defects4j.build.xml -Dd4j.home=/data-depot/user/Workspace/Reproducibility/Reproducibility-Scanner/benchmarks/growingbugs -Dd4j.dir.projects=/data-depot/user/Workspace/Reproducibility/Reproducibility-Scanner/benchmarks/growingbugs/framework/projects -Dbasedir=/tmp/test_d4j_5625_1657584672/test_trigger/Jmh_core -Dbuild.compiler=javac1.8  compile 2>&1
OpenJDK 64-Bit Server VM warning: ignoring option MaxPermSize=1G; support was removed in 8.0
Buildfile: /data-depot/user/Workspace/Reproducibility/Reproducibility-Scanner/benchmarks/growingbugs/framework/projects/defects4j.build.xml

test-offline:

get-deps:

compile:
    [mkdir] Created dir: /tmp/test_d4j_5625_1657584672/test_trigger/Jmh_core/target/classes
    [javac] /tmp/test_d4j_5625_1657584672/test_trigger/Jmh_core/maven-build.xml:79: warning: 'includeantruntime' was not set, defaulting to build.sysclasspath=last; set to false for repeatable builds

BUILD FAILED
/tmp/test_d4j_5625_1657584672/test_trigger/Jmh_core/maven-build.xml:79: srcdir "/tmp/test_d4j_5625_1657584672/test_trigger/Jmh_core/src/main/java" does not exist!

Total time: 0 seconds
Cannot compile sources! at /data-depot/user/Workspace/Reproducibility/Reproducibility-Scanner/benchmarks/growingbugs/framework/bin/d4j/d4j-compile line 82.
Compilation failed in require at /data-depot/user/Workspace/Reproducibility/Reproducibility-Scanner/benchmarks/growingbugs/framework/bin/defects4j line 195.
Error: compile: Jmh_core-1b
Running ant (compile.tests)................................................ FAIL
Executed command:  cd /tmp/test_d4j_5625_1657584672/test_trigger/Jmh_core && /data-depot/user/Workspace/Reproducibility/Reproducibility-Scanner/benchmarks/growingbugs/major/bin/ant -f /data-depot/user/Workspace/Reproducibility/Reproducibility-Scanner/benchmarks/growingbugs/framework/projects/defects4j.build.xml -Dd4j.home=/data-depot/user/Workspace/Reproducibility/Reproducibility-Scanner/benchmarks/growingbugs -Dd4j.dir.projects=/data-depot/user/Workspace/Reproducibility/Reproducibility-Scanner/benchmarks/growingbugs/framework/projects -Dbasedir=/tmp/test_d4j_5625_1657584672/test_trigger/Jmh_core -Dbuild.compiler=javac1.8  compile.tests 2>&1
OpenJDK 64-Bit Server VM warning: ignoring option MaxPermSize=1G; support was removed in 8.0
Buildfile: /data-depot/user/Workspace/Reproducibility/Reproducibility-Scanner/benchmarks/growingbugs/framework/projects/defects4j.build.xml

test-offline:

get-deps:

compile:
    [javac] /tmp/test_d4j_5625_1657584672/test_trigger/Jmh_core/maven-build.xml:79: warning: 'includeantruntime' was not set, defaulting to build.sysclasspath=last; set to false for repeatable builds

BUILD FAILED
/tmp/test_d4j_5625_1657584672/test_trigger/Jmh_core/maven-build.xml:79: srcdir "/tmp/test_d4j_5625_1657584672/test_trigger/Jmh_core/src/main/java" does not exist!

Total time: 0 seconds
Cannot compile test suite! at /data-depot/user/Workspace/Reproducibility/Reproducibility-Scanner/benchmarks/growingbugs/framework/bin/d4j/d4j-test line 130.
Compilation failed in require at /data-depot/user/Workspace/Reproducibility/Reproducibility-Scanner/benchmarks/growingbugs/framework/bin/defects4j line 195.
Error: run relevant tests: Jmh_core-1b
cat: /tmp/test_d4j_5625_1657584672/test_trigger/Jmh_core/failing_tests: No such file or directory
grep: /tmp/test_d4j_5625_1657584672/test_trigger/Jmh_core/failing_tests: No such file or directory
Error: verify number of triggering tests: Jmh_core-1b (expected: 2, actual: 0)
grep: /tmp/test_d4j_5625_1657584672/test_trigger/Jmh_core/failing_tests: No such file or directory
Error: expected triggering test org.openjdk.jmh.util.TestListStatistics::testRawDataIterator did not fail
grep: /tmp/test_d4j_5625_1657584672/test_trigger/Jmh_core/failing_tests: No such file or directory
Error: expected triggering test org.openjdk.jmh.util.TestSingletonStatistics::testRawDataIterator did not fail
Check out program version: Jmh_core-1f..................................... OK
Running ant (compile)...................................................... FAIL
Executed command:  cd /tmp/test_d4j_5625_1657584672/test_trigger/Jmh_core && /data-depot/user/Workspace/Reproducibility/Reproducibility-Scanner/benchmarks/growingbugs/major/bin/ant -f /data-depot/user/Workspace/Reproducibility/Reproducibility-Scanner/benchmarks/growingbugs/framework/projects/defects4j.build.xml -Dd4j.home=/data-depot/user/Workspace/Reproducibility/Reproducibility-Scanner/benchmarks/growingbugs -Dd4j.dir.projects=/data-depot/user/Workspace/Reproducibility/Reproducibility-Scanner/benchmarks/growingbugs/framework/projects -Dbasedir=/tmp/test_d4j_5625_1657584672/test_trigger/Jmh_core -Dbuild.compiler=javac1.8  compile 2>&1
OpenJDK 64-Bit Server VM warning: ignoring option MaxPermSize=1G; support was removed in 8.0
Buildfile: /data-depot/user/Workspace/Reproducibility/Reproducibility-Scanner/benchmarks/growingbugs/framework/projects/defects4j.build.xml

test-offline:

get-deps:

compile:
    [mkdir] Created dir: /tmp/test_d4j_5625_1657584672/test_trigger/Jmh_core/target/classes
    [javac] /tmp/test_d4j_5625_1657584672/test_trigger/Jmh_core/maven-build.xml:79: warning: 'includeantruntime' was not set, defaulting to build.sysclasspath=last; set to false for repeatable builds

BUILD FAILED
/tmp/test_d4j_5625_1657584672/test_trigger/Jmh_core/maven-build.xml:79: srcdir "/tmp/test_d4j_5625_1657584672/test_trigger/Jmh_core/src/main/java" does not exist!

Total time: 0 seconds
Cannot compile sources! at /data-depot/user/Workspace/Reproducibility/Reproducibility-Scanner/benchmarks/growingbugs/framework/bin/d4j/d4j-compile line 82.
Compilation failed in require at /data-depot/user/Workspace/Reproducibility/Reproducibility-Scanner/benchmarks/growingbugs/framework/bin/defects4j line 195.
Error: compile: Jmh_core-1f
Running ant (compile.tests)................................................ FAIL
Executed command:  cd /tmp/test_d4j_5625_1657584672/test_trigger/Jmh_core && /data-depot/user/Workspace/Reproducibility/Reproducibility-Scanner/benchmarks/growingbugs/major/bin/ant -f /data-depot/user/Workspace/Reproducibility/Reproducibility-Scanner/benchmarks/growingbugs/framework/projects/defects4j.build.xml -Dd4j.home=/data-depot/user/Workspace/Reproducibility/Reproducibility-Scanner/benchmarks/growingbugs -Dd4j.dir.projects=/data-depot/user/Workspace/Reproducibility/Reproducibility-Scanner/benchmarks/growingbugs/framework/projects -Dbasedir=/tmp/test_d4j_5625_1657584672/test_trigger/Jmh_core -Dbuild.compiler=javac1.8  compile.tests 2>&1
OpenJDK 64-Bit Server VM warning: ignoring option MaxPermSize=1G; support was removed in 8.0
Buildfile: /data-depot/user/Workspace/Reproducibility/Reproducibility-Scanner/benchmarks/growingbugs/framework/projects/defects4j.build.xml

test-offline:

get-deps:

compile:
    [javac] /tmp/test_d4j_5625_1657584672/test_trigger/Jmh_core/maven-build.xml:79: warning: 'includeantruntime' was not set, defaulting to build.sysclasspath=last; set to false for repeatable builds

BUILD FAILED
/tmp/test_d4j_5625_1657584672/test_trigger/Jmh_core/maven-build.xml:79: srcdir "/tmp/test_d4j_5625_1657584672/test_trigger/Jmh_core/src/main/java" does not exist!

Total time: 0 seconds
Cannot compile test suite! at /data-depot/user/Workspace/Reproducibility/Reproducibility-Scanner/benchmarks/growingbugs/framework/bin/d4j/d4j-test line 130.
Compilation failed in require at /data-depot/user/Workspace/Reproducibility/Reproducibility-Scanner/benchmarks/growingbugs/framework/bin/defects4j line 195.
Error: run relevant tests: Jmh_core-1f
cat: /tmp/test_d4j_5625_1657584672/test_trigger/Jmh_core/failing_tests: No such file or directory
grep: /tmp/test_d4j_5625_1657584672/test_trigger/Jmh_core/failing_tests: No such file or directory
================================================================================
The following errors occurred:
Error: compile: Jmh_core-1b
Error: run relevant tests: Jmh_core-1b
Error: verify number of triggering tests: Jmh_core-1b (expected: 2, actual: 0)
Error: expected triggering test org.openjdk.jmh.util.TestListStatistics::testRawDataIterator did not fail
Error: expected triggering test org.openjdk.jmh.util.TestSingletonStatistics::testRawDataIterator did not fail
Error: compile: Jmh_core-1f
Error: run relevant tests: Jmh_core-1f
================================================================================
FAILED
