Checking out 589fb9e2 to /tmp/test_d4j_27863_1657603501/test_trigger/Johnzo OK
Init local repository...................................................... OK
Tag post-fix revision...................................................... OK
Copy generated Ant build file.............................................. OK
Run post-checkout hook..................................................... OK
Excluding broken/flaky tests............................................... OK
Initialize fixed program version........................................... OK
Apply patch................................................................ OK
Initialize buggy program version........................................... OK
Diff 589fb9e2:323c7232..................................................... OK
Apply patch................................................................ OK
Tag pre-fix revision....................................................... OK
Check out program version: Johnzon_jsonb-4b................................ OK
Running ant (compile)...................................................... FAIL
Executed command:  cd /tmp/test_d4j_27863_1657603501/test_trigger/Johnzon_jsonb && /data-depot/user/Workspace/Reproducibility/Reproducibility-Scanner/benchmarks/growingbugs/major/bin/ant -f /data-depot/user/Workspace/Reproducibility/Reproducibility-Scanner/benchmarks/growingbugs/framework/projects/defects4j.build.xml -Dd4j.home=/data-depot/user/Workspace/Reproducibility/Reproducibility-Scanner/benchmarks/growingbugs -Dd4j.dir.projects=/data-depot/user/Workspace/Reproducibility/Reproducibility-Scanner/benchmarks/growingbugs/framework/projects -Dbasedir=/tmp/test_d4j_27863_1657603501/test_trigger/Johnzon_jsonb -Dbuild.compiler=javac1.8  compile 2>&1
OpenJDK 64-Bit Server VM warning: ignoring option MaxPermSize=1G; support was removed in 8.0
Buildfile: /data-depot/user/Workspace/Reproducibility/Reproducibility-Scanner/benchmarks/growingbugs/framework/projects/defects4j.build.xml

test-offline:

get-deps:

compile:
    [mkdir] Created dir: /tmp/test_d4j_27863_1657603501/test_trigger/Johnzon_jsonb/target/classes
    [javac] /tmp/test_d4j_27863_1657603501/test_trigger/Johnzon_jsonb/maven-build.xml:106: warning: 'includeantruntime' was not set, defaulting to build.sysclasspath=last; set to false for repeatable builds

BUILD FAILED
/tmp/test_d4j_27863_1657603501/test_trigger/Johnzon_jsonb/maven-build.xml:106: srcdir "/tmp/test_d4j_27863_1657603501/test_trigger/Johnzon_jsonb/src/main/java" does not exist!

Total time: 0 seconds
Cannot compile sources! at /data-depot/user/Workspace/Reproducibility/Reproducibility-Scanner/benchmarks/growingbugs/framework/bin/d4j/d4j-compile line 82.
Compilation failed in require at /data-depot/user/Workspace/Reproducibility/Reproducibility-Scanner/benchmarks/growingbugs/framework/bin/defects4j line 195.
Error: compile: Johnzon_jsonb-4b
Running ant (compile.tests)................................................ FAIL
Executed command:  cd /tmp/test_d4j_27863_1657603501/test_trigger/Johnzon_jsonb && /data-depot/user/Workspace/Reproducibility/Reproducibility-Scanner/benchmarks/growingbugs/major/bin/ant -f /data-depot/user/Workspace/Reproducibility/Reproducibility-Scanner/benchmarks/growingbugs/framework/projects/defects4j.build.xml -Dd4j.home=/data-depot/user/Workspace/Reproducibility/Reproducibility-Scanner/benchmarks/growingbugs -Dd4j.dir.projects=/data-depot/user/Workspace/Reproducibility/Reproducibility-Scanner/benchmarks/growingbugs/framework/projects -Dbasedir=/tmp/test_d4j_27863_1657603501/test_trigger/Johnzon_jsonb -Dbuild.compiler=javac1.8  compile.tests 2>&1
OpenJDK 64-Bit Server VM warning: ignoring option MaxPermSize=1G; support was removed in 8.0
Buildfile: /data-depot/user/Workspace/Reproducibility/Reproducibility-Scanner/benchmarks/growingbugs/framework/projects/defects4j.build.xml

test-offline:

get-deps:

compile:
    [javac] /tmp/test_d4j_27863_1657603501/test_trigger/Johnzon_jsonb/maven-build.xml:106: warning: 'includeantruntime' was not set, defaulting to build.sysclasspath=last; set to false for repeatable builds

BUILD FAILED
/tmp/test_d4j_27863_1657603501/test_trigger/Johnzon_jsonb/maven-build.xml:106: srcdir "/tmp/test_d4j_27863_1657603501/test_trigger/Johnzon_jsonb/src/main/java" does not exist!

Total time: 0 seconds
Cannot compile test suite! at /data-depot/user/Workspace/Reproducibility/Reproducibility-Scanner/benchmarks/growingbugs/framework/bin/d4j/d4j-test line 130.
Compilation failed in require at /data-depot/user/Workspace/Reproducibility/Reproducibility-Scanner/benchmarks/growingbugs/framework/bin/defects4j line 195.
Error: run relevant tests: Johnzon_jsonb-4b
cat: /tmp/test_d4j_27863_1657603501/test_trigger/Johnzon_jsonb/failing_tests: No such file or directory
grep: /tmp/test_d4j_27863_1657603501/test_trigger/Johnzon_jsonb/failing_tests: No such file or directory
Error: verify number of triggering tests: Johnzon_jsonb-4b (expected: 1, actual: 0)
grep: /tmp/test_d4j_27863_1657603501/test_trigger/Johnzon_jsonb/failing_tests: No such file or directory
Error: expected triggering test org.apache.johnzon.jsonb.serializer.DeserializationContextTest::issue277 did not fail
Check out program version: Johnzon_jsonb-4f................................ OK
Running ant (compile)...................................................... FAIL
Executed command:  cd /tmp/test_d4j_27863_1657603501/test_trigger/Johnzon_jsonb && /data-depot/user/Workspace/Reproducibility/Reproducibility-Scanner/benchmarks/growingbugs/major/bin/ant -f /data-depot/user/Workspace/Reproducibility/Reproducibility-Scanner/benchmarks/growingbugs/framework/projects/defects4j.build.xml -Dd4j.home=/data-depot/user/Workspace/Reproducibility/Reproducibility-Scanner/benchmarks/growingbugs -Dd4j.dir.projects=/data-depot/user/Workspace/Reproducibility/Reproducibility-Scanner/benchmarks/growingbugs/framework/projects -Dbasedir=/tmp/test_d4j_27863_1657603501/test_trigger/Johnzon_jsonb -Dbuild.compiler=javac1.8  compile 2>&1
OpenJDK 64-Bit Server VM warning: ignoring option MaxPermSize=1G; support was removed in 8.0
Buildfile: /data-depot/user/Workspace/Reproducibility/Reproducibility-Scanner/benchmarks/growingbugs/framework/projects/defects4j.build.xml

test-offline:

get-deps:

compile:
    [mkdir] Created dir: /tmp/test_d4j_27863_1657603501/test_trigger/Johnzon_jsonb/target/classes
    [javac] /tmp/test_d4j_27863_1657603501/test_trigger/Johnzon_jsonb/maven-build.xml:106: warning: 'includeantruntime' was not set, defaulting to build.sysclasspath=last; set to false for repeatable builds

BUILD FAILED
/tmp/test_d4j_27863_1657603501/test_trigger/Johnzon_jsonb/maven-build.xml:106: srcdir "/tmp/test_d4j_27863_1657603501/test_trigger/Johnzon_jsonb/src/main/java" does not exist!

Total time: 0 seconds
Cannot compile sources! at /data-depot/user/Workspace/Reproducibility/Reproducibility-Scanner/benchmarks/growingbugs/framework/bin/d4j/d4j-compile line 82.
Compilation failed in require at /data-depot/user/Workspace/Reproducibility/Reproducibility-Scanner/benchmarks/growingbugs/framework/bin/defects4j line 195.
Error: compile: Johnzon_jsonb-4f
Running ant (compile.tests)................................................ FAIL
Executed command:  cd /tmp/test_d4j_27863_1657603501/test_trigger/Johnzon_jsonb && /data-depot/user/Workspace/Reproducibility/Reproducibility-Scanner/benchmarks/growingbugs/major/bin/ant -f /data-depot/user/Workspace/Reproducibility/Reproducibility-Scanner/benchmarks/growingbugs/framework/projects/defects4j.build.xml -Dd4j.home=/data-depot/user/Workspace/Reproducibility/Reproducibility-Scanner/benchmarks/growingbugs -Dd4j.dir.projects=/data-depot/user/Workspace/Reproducibility/Reproducibility-Scanner/benchmarks/growingbugs/framework/projects -Dbasedir=/tmp/test_d4j_27863_1657603501/test_trigger/Johnzon_jsonb -Dbuild.compiler=javac1.8  compile.tests 2>&1
OpenJDK 64-Bit Server VM warning: ignoring option MaxPermSize=1G; support was removed in 8.0
Buildfile: /data-depot/user/Workspace/Reproducibility/Reproducibility-Scanner/benchmarks/growingbugs/framework/projects/defects4j.build.xml

test-offline:

get-deps:

compile:
    [javac] /tmp/test_d4j_27863_1657603501/test_trigger/Johnzon_jsonb/maven-build.xml:106: warning: 'includeantruntime' was not set, defaulting to build.sysclasspath=last; set to false for repeatable builds

BUILD FAILED
/tmp/test_d4j_27863_1657603501/test_trigger/Johnzon_jsonb/maven-build.xml:106: srcdir "/tmp/test_d4j_27863_1657603501/test_trigger/Johnzon_jsonb/src/main/java" does not exist!

Total time: 0 seconds
Cannot compile test suite! at /data-depot/user/Workspace/Reproducibility/Reproducibility-Scanner/benchmarks/growingbugs/framework/bin/d4j/d4j-test line 130.
Compilation failed in require at /data-depot/user/Workspace/Reproducibility/Reproducibility-Scanner/benchmarks/growingbugs/framework/bin/defects4j line 195.
Error: run relevant tests: Johnzon_jsonb-4f
cat: /tmp/test_d4j_27863_1657603501/test_trigger/Johnzon_jsonb/failing_tests: No such file or directory
grep: /tmp/test_d4j_27863_1657603501/test_trigger/Johnzon_jsonb/failing_tests: No such file or directory
================================================================================
The following errors occurred:
Error: compile: Johnzon_jsonb-4b
Error: run relevant tests: Johnzon_jsonb-4b
Error: verify number of triggering tests: Johnzon_jsonb-4b (expected: 1, actual: 0)
Error: expected triggering test org.apache.johnzon.jsonb.serializer.DeserializationContextTest::issue277 did not fail
Error: compile: Johnzon_jsonb-4f
Error: run relevant tests: Johnzon_jsonb-4f
================================================================================
FAILED
