Checking out 6ea7f2f7 to /tmp/test_d4j_1032_1657606348/test_trigger/Lang... FAIL
Executed command: git clone /data-depot/user/Workspace/Reproducibility/Reproducibility-Scanner/benchmarks/growingbugs/project_repos/commons-lang.git /tmp/test_d4j_1032_1657606348/test_trigger/Lang 2>&1 && cd /tmp/test_d4j_1032_1657606348/test_trigger/Lang && git checkout 6ea7f2f7afcd6d60d62a5cd1392feda3471fc666 2>&1
Cloning into '/tmp/test_d4j_1032_1657606348/test_trigger/Lang'...
done.
fatal: reference is not a tree: 6ea7f2f7afcd6d60d62a5cd1392feda3471fc666
Cannot checkout program version! at /data-depot/user/Workspace/Reproducibility/Reproducibility-Scanner/benchmarks/growingbugs/framework/bin/d4j/d4j-checkout line 102.
Compilation failed in require at /data-depot/user/Workspace/Reproducibility/Reproducibility-Scanner/benchmarks/growingbugs/framework/bin/defects4j line 195.
Error: checkout: Lang-73b
Cannot open config file (/tmp/test_d4j_1032_1657606348/test_trigger/Lang/.defects4j.config): No such file or directory
/tmp/test_d4j_1032_1657606348/test_trigger/Lang is not a valid working directory!
Error: compile: Lang-73b
Cannot open config file (/tmp/test_d4j_1032_1657606348/test_trigger/Lang/.defects4j.config): No such file or directory
/tmp/test_d4j_1032_1657606348/test_trigger/Lang is not a valid working directory!
Error: run relevant tests: Lang-73b
cat: /tmp/test_d4j_1032_1657606348/test_trigger/Lang/failing_tests: No such file or directory
grep: /tmp/test_d4j_1032_1657606348/test_trigger/Lang/failing_tests: No such file or directory
Error: verify number of triggering tests: Lang-73b (expected: 1, actual: 0)
grep: /tmp/test_d4j_1032_1657606348/test_trigger/Lang/failing_tests: No such file or directory
Error: expected triggering test org.apache.commons.lang3.text.translate.OctalUnescaperTest::testBetween did not fail
Cannot open config file (/tmp/test_d4j_1032_1657606348/test_trigger/Lang/.defects4j.config): No such file or directory
Directory exists but is not a previously used working directory: /tmp/test_d4j_1032_1657606348/test_trigger/Lang at /data-depot/user/Workspace/Reproducibility/Reproducibility-Scanner/benchmarks/growingbugs/framework/core/Vcs.pm line 285.
Compilation failed in require at /data-depot/user/Workspace/Reproducibility/Reproducibility-Scanner/benchmarks/growingbugs/framework/bin/defects4j line 195.
Error: checkout: Lang-73f
Cannot open config file (/tmp/test_d4j_1032_1657606348/test_trigger/Lang/.defects4j.config): No such file or directory
/tmp/test_d4j_1032_1657606348/test_trigger/Lang is not a valid working directory!
Error: compile: Lang-73f
Cannot open config file (/tmp/test_d4j_1032_1657606348/test_trigger/Lang/.defects4j.config): No such file or directory
/tmp/test_d4j_1032_1657606348/test_trigger/Lang is not a valid working directory!
Error: run relevant tests: Lang-73f
cat: /tmp/test_d4j_1032_1657606348/test_trigger/Lang/failing_tests: No such file or directory
grep: /tmp/test_d4j_1032_1657606348/test_trigger/Lang/failing_tests: No such file or directory
================================================================================
The following errors occurred:
Error: checkout: Lang-73b
Error: compile: Lang-73b
Error: run relevant tests: Lang-73b
Error: verify number of triggering tests: Lang-73b (expected: 1, actual: 0)
Error: expected triggering test org.apache.commons.lang3.text.translate.OctalUnescaperTest::testBetween did not fail
Error: checkout: Lang-73f
Error: compile: Lang-73f
Error: run relevant tests: Lang-73f
================================================================================
FAILED
