Checking out 56434517 to /tmp/test_d4j_7447_1657606620/test_trigger/Math... FAIL
Executed command: git clone /data-depot/user/Workspace/Reproducibility/Reproducibility-Scanner/benchmarks/growingbugs/project_repos/commons-math.git /tmp/test_d4j_7447_1657606620/test_trigger/Math 2>&1 && cd /tmp/test_d4j_7447_1657606620/test_trigger/Math && git checkout 564345179f3f33d249daca36f0054773996d5782 2>&1
Cloning into '/tmp/test_d4j_7447_1657606620/test_trigger/Math'...
done.
fatal: reference is not a tree: 564345179f3f33d249daca36f0054773996d5782
Cannot checkout program version! at /data-depot/user/Workspace/Reproducibility/Reproducibility-Scanner/benchmarks/growingbugs/framework/bin/d4j/d4j-checkout line 102.
Compilation failed in require at /data-depot/user/Workspace/Reproducibility/Reproducibility-Scanner/benchmarks/growingbugs/framework/bin/defects4j line 195.
Error: checkout: Math-3b
Cannot open config file (/tmp/test_d4j_7447_1657606620/test_trigger/Math/.defects4j.config): No such file or directory
/tmp/test_d4j_7447_1657606620/test_trigger/Math is not a valid working directory!
Error: compile: Math-3b
Cannot open config file (/tmp/test_d4j_7447_1657606620/test_trigger/Math/.defects4j.config): No such file or directory
/tmp/test_d4j_7447_1657606620/test_trigger/Math is not a valid working directory!
Error: run relevant tests: Math-3b
cat: /tmp/test_d4j_7447_1657606620/test_trigger/Math/failing_tests: No such file or directory
grep: /tmp/test_d4j_7447_1657606620/test_trigger/Math/failing_tests: No such file or directory
Error: verify number of triggering tests: Math-3b (expected: 3, actual: 0)
grep: /tmp/test_d4j_7447_1657606620/test_trigger/Math/failing_tests: No such file or directory
Error: expected triggering test org.apache.commons.math4.exception.util.LocalizedFormatsTest::testMessageNumber did not fail
grep: /tmp/test_d4j_7447_1657606620/test_trigger/Math/failing_tests: No such file or directory
Error: expected triggering test org.apache.commons.math4.exception.util.LocalizedFormatsTest::testAllPropertiesCorrespondToKeys did not fail
grep: /tmp/test_d4j_7447_1657606620/test_trigger/Math/failing_tests: No such file or directory
Error: expected triggering test org.apache.commons.math4.ode.nonstiff.AdamsBashforthIntegratorTest::testStartFailure did not fail
Cannot open config file (/tmp/test_d4j_7447_1657606620/test_trigger/Math/.defects4j.config): No such file or directory
Directory exists but is not a previously used working directory: /tmp/test_d4j_7447_1657606620/test_trigger/Math at /data-depot/user/Workspace/Reproducibility/Reproducibility-Scanner/benchmarks/growingbugs/framework/core/Vcs.pm line 285.
Compilation failed in require at /data-depot/user/Workspace/Reproducibility/Reproducibility-Scanner/benchmarks/growingbugs/framework/bin/defects4j line 195.
Error: checkout: Math-3f
Cannot open config file (/tmp/test_d4j_7447_1657606620/test_trigger/Math/.defects4j.config): No such file or directory
/tmp/test_d4j_7447_1657606620/test_trigger/Math is not a valid working directory!
Error: compile: Math-3f
Cannot open config file (/tmp/test_d4j_7447_1657606620/test_trigger/Math/.defects4j.config): No such file or directory
/tmp/test_d4j_7447_1657606620/test_trigger/Math is not a valid working directory!
Error: run relevant tests: Math-3f
cat: /tmp/test_d4j_7447_1657606620/test_trigger/Math/failing_tests: No such file or directory
grep: /tmp/test_d4j_7447_1657606620/test_trigger/Math/failing_tests: No such file or directory
================================================================================
The following errors occurred:
Error: checkout: Math-3b
Error: compile: Math-3b
Error: run relevant tests: Math-3b
Error: verify number of triggering tests: Math-3b (expected: 3, actual: 0)
Error: expected triggering test org.apache.commons.math4.exception.util.LocalizedFormatsTest::testMessageNumber did not fail
Error: expected triggering test org.apache.commons.math4.exception.util.LocalizedFormatsTest::testAllPropertiesCorrespondToKeys did not fail
Error: expected triggering test org.apache.commons.math4.ode.nonstiff.AdamsBashforthIntegratorTest::testStartFailure did not fail
Error: checkout: Math-3f
Error: compile: Math-3f
Error: run relevant tests: Math-3f
================================================================================
FAILED
