Checking out e8d76ef9 to /tmp/test_d4j_17567_1657601708/test_trigger/Net... OK
Init local repository...................................................... OK
Tag post-fix revision...................................................... OK
Copy generated Ant build file.............................................. OK
Run post-checkout hook..................................................... OK
Excluding broken/flaky tests............................................... OK
Excluding broken/flaky tests............................................... OK
Initialize fixed program version........................................... OK
Apply patch................................................................ OK
Initialize buggy program version........................................... OK
Diff e8d76ef9:77a30c21..................................................... OK
Apply patch................................................................ OK
Tag pre-fix revision....................................................... OK
Check out program version: Net-21b......................................... OK
Running ant (compile)...................................................... OK
Running ant (compile.tests)................................................ OK
Running ant (compile.tests)................................................ OK
Running ant (run.dev.tests)................................................ OK
Failing tests: 4
  - org.apache.commons.net.smtp.SimpleSMTPHeaderTestCase::testToString
  - org.apache.commons.net.smtp.SimpleSMTPHeaderTestCase::testToStringNoSubject
  - org.apache.commons.net.smtp.SimpleSMTPHeaderTestCase::testToStringAddHeader
  - org.apache.commons.net.smtp.SimpleSMTPHeaderTestCase::testToStringNoTo
Check out program version: Net-21f......................................... OK
Running ant (compile)...................................................... OK
Running ant (compile.tests)................................................ OK
Running ant (compile.tests)................................................ OK
Running ant (run.dev.tests)................................................ OK
Failing tests: 0
================================================================================
PASSED
