Checking out 46c9b974 to /tmp/test_d4j_31729_1657601580/test_trigger/Net... OK
Init local repository...................................................... OK
Tag post-fix revision...................................................... OK
Copy generated Ant build file.............................................. OK
Run post-checkout hook..................................................... OK
Excluding broken/flaky tests............................................... OK
Excluding broken/flaky tests............................................... OK
Initialize fixed program version........................................... OK
Apply patch................................................................ OK
Initialize buggy program version........................................... OK
Diff 46c9b974:2b248a62..................................................... OK
Apply patch................................................................ OK
Tag pre-fix revision....................................................... OK
Check out program version: Net-9b.......................................... OK
Running ant (compile)...................................................... OK
Running ant (compile.tests)................................................ OK
Running ant (compile.tests)................................................ OK
Running ant (run.dev.tests)................................................ OK
Failing tests: 2
  - org.apache.commons.net.SubnetUtilsTest::testParseSimpleNetmaskExclusive
  - org.apache.commons.net.SubnetUtilsTest::testParseSimpleNetmaskExclusive
Error: verify number of triggering tests: Net-9b (expected: 1, actual: 2)
Check out program version: Net-9f.......................................... OK
Running ant (compile)...................................................... OK
Running ant (compile.tests)................................................ OK
Running ant (compile.tests)................................................ OK
Running ant (run.dev.tests)................................................ OK
Failing tests: 0
================================================================================
The following errors occurred:
Error: verify number of triggering tests: Net-9b (expected: 1, actual: 2)
================================================================================
FAILED
