Checking out af335b26 to /tmp/test_d4j_38737_1657589227/test_trigger/Pool.. OK
Init local repository...................................................... OK
Tag post-fix revision...................................................... OK
Run post-checkout hook..................................................... OK
Excluding broken/flaky tests............................................... OK
Excluding broken/flaky tests............................................... OK
Initialize fixed program version........................................... OK
Apply patch................................................................ OK
Initialize buggy program version........................................... OK
Diff af335b26:b6e5122f..................................................... OK
Apply patch................................................................ OK
Tag pre-fix revision....................................................... OK
Check out program version: Pool-13b........................................ OK
Running ant (compile)...................................................... OK
Running ant (compile.tests)................................................ OK
Running ant (compile.tests)................................................ OK
Running ant (run.dev.tests)................................................ OK
Failing tests: 0
Error: verify number of triggering tests: Pool-13b (expected: 1, actual: 0)
Error: expected triggering test org.apache.commons.pool2.impl.TestGenericKeyedObjectPool::testContructorEvictionConfig did not fail
Check out program version: Pool-13f........................................ OK
Running ant (compile)...................................................... OK
Running ant (compile.tests)................................................ OK
Running ant (compile.tests)................................................ OK
Running ant (run.dev.tests)................................................ OK
Failing tests: 0
================================================================================
The following errors occurred:
Error: verify number of triggering tests: Pool-13b (expected: 1, actual: 0)
Error: expected triggering test org.apache.commons.pool2.impl.TestGenericKeyedObjectPool::testContructorEvictionConfig did not fail
================================================================================
FAILED
