Checking out 349ca1ad to /tmp/test_d4j_40529_1657603271/test_trigger/Sdk_co OK
Init local repository...................................................... OK
Tag post-fix revision...................................................... OK
Copy generated Ant build file.............................................. OK
Run post-checkout hook..................................................... OK
Excluding broken/flaky tests............................................... OK
Initialize fixed program version........................................... OK
Apply patch................................................................ OK
Initialize buggy program version........................................... OK
Diff 349ca1ad:aa73a119..................................................... OK
Apply patch................................................................ OK
Tag pre-fix revision....................................................... OK
Check out program version: Sdk_core-3b..................................... OK
Running ant (compile)...................................................... OK
Running ant (compile.tests)................................................ OK
Running ant (compile.tests)................................................ OK
Running ant (run.dev.tests)................................................ OK
Failing tests: 4
  - com.ibm.cloud.sdk.core.test.security.Cp4dAuthenticatorTest::testApiErrorBadRequest
  - com.ibm.cloud.sdk.core.test.security.Cp4dAuthenticatorTest::testApiErrorResponse
  - com.ibm.cloud.sdk.core.test.security.IamAuthenticatorTest::testApiErrorBadRequest
  - com.ibm.cloud.sdk.core.test.security.IamAuthenticatorTest::testApiResponseError
Check out program version: Sdk_core-3f..................................... OK
Running ant (compile)...................................................... OK
Running ant (compile.tests)................................................ OK
Running ant (compile.tests)................................................ OK
Running ant (run.dev.tests)................................................ OK
Failing tests: 0
================================================================================
PASSED
