Checking out a001d439 to /tmp/test_d4j_37858_1657601787/test_trigger/Sentry OK
Init local repository...................................................... OK
Tag post-fix revision...................................................... OK
Copy generated Ant build file.............................................. OK
Run post-checkout hook..................................................... OK
Initialize fixed program version........................................... OK
Apply patch................................................................ OK
Initialize buggy program version........................................... OK
Diff a001d439:598b203c..................................................... OK
Apply patch................................................................ OK
Tag pre-fix revision....................................................... OK
Check out program version: Sentry_ccommon-1b............................... OK
Running ant (compile)...................................................... FAIL
Executed command:  cd /tmp/test_d4j_37858_1657601787/test_trigger/Sentry_ccommon && /data-depot/user/Workspace/Reproducibility/Reproducibility-Scanner/benchmarks/growingbugs/major/bin/ant -f /data-depot/user/Workspace/Reproducibility/Reproducibility-Scanner/benchmarks/growingbugs/framework/projects/defects4j.build.xml -Dd4j.home=/data-depot/user/Workspace/Reproducibility/Reproducibility-Scanner/benchmarks/growingbugs -Dd4j.dir.projects=/data-depot/user/Workspace/Reproducibility/Reproducibility-Scanner/benchmarks/growingbugs/framework/projects -Dbasedir=/tmp/test_d4j_37858_1657601787/test_trigger/Sentry_ccommon -Dbuild.compiler=javac1.8  compile 2>&1
OpenJDK 64-Bit Server VM warning: ignoring option MaxPermSize=1G; support was removed in 8.0
Buildfile: /data-depot/user/Workspace/Reproducibility/Reproducibility-Scanner/benchmarks/growingbugs/framework/projects/defects4j.build.xml

test-offline:

get-deps:

compile:
    [mkdir] Created dir: /tmp/test_d4j_37858_1657601787/test_trigger/Sentry_ccommon/target/classes
    [javac] /tmp/test_d4j_37858_1657601787/test_trigger/Sentry_ccommon/maven-build.xml:215: warning: 'includeantruntime' was not set, defaulting to build.sysclasspath=last; set to false for repeatable builds

BUILD FAILED
/tmp/test_d4j_37858_1657601787/test_trigger/Sentry_ccommon/maven-build.xml:215: srcdir "/tmp/test_d4j_37858_1657601787/test_trigger/Sentry_ccommon/src/main/java" does not exist!

Total time: 0 seconds
Cannot compile sources! at /data-depot/user/Workspace/Reproducibility/Reproducibility-Scanner/benchmarks/growingbugs/framework/bin/d4j/d4j-compile line 82.
Compilation failed in require at /data-depot/user/Workspace/Reproducibility/Reproducibility-Scanner/benchmarks/growingbugs/framework/bin/defects4j line 195.
Error: compile: Sentry_ccommon-1b
Running ant (compile.tests)................................................ FAIL
Executed command:  cd /tmp/test_d4j_37858_1657601787/test_trigger/Sentry_ccommon && /data-depot/user/Workspace/Reproducibility/Reproducibility-Scanner/benchmarks/growingbugs/major/bin/ant -f /data-depot/user/Workspace/Reproducibility/Reproducibility-Scanner/benchmarks/growingbugs/framework/projects/defects4j.build.xml -Dd4j.home=/data-depot/user/Workspace/Reproducibility/Reproducibility-Scanner/benchmarks/growingbugs -Dd4j.dir.projects=/data-depot/user/Workspace/Reproducibility/Reproducibility-Scanner/benchmarks/growingbugs/framework/projects -Dbasedir=/tmp/test_d4j_37858_1657601787/test_trigger/Sentry_ccommon -Dbuild.compiler=javac1.8  compile.tests 2>&1
OpenJDK 64-Bit Server VM warning: ignoring option MaxPermSize=1G; support was removed in 8.0
Buildfile: /data-depot/user/Workspace/Reproducibility/Reproducibility-Scanner/benchmarks/growingbugs/framework/projects/defects4j.build.xml

test-offline:

get-deps:

compile:
    [javac] /tmp/test_d4j_37858_1657601787/test_trigger/Sentry_ccommon/maven-build.xml:215: warning: 'includeantruntime' was not set, defaulting to build.sysclasspath=last; set to false for repeatable builds

BUILD FAILED
/tmp/test_d4j_37858_1657601787/test_trigger/Sentry_ccommon/maven-build.xml:215: srcdir "/tmp/test_d4j_37858_1657601787/test_trigger/Sentry_ccommon/src/main/java" does not exist!

Total time: 0 seconds
Cannot compile test suite! at /data-depot/user/Workspace/Reproducibility/Reproducibility-Scanner/benchmarks/growingbugs/framework/bin/d4j/d4j-test line 130.
Compilation failed in require at /data-depot/user/Workspace/Reproducibility/Reproducibility-Scanner/benchmarks/growingbugs/framework/bin/defects4j line 195.
Error: run relevant tests: Sentry_ccommon-1b
cat: /tmp/test_d4j_37858_1657601787/test_trigger/Sentry_ccommon/failing_tests: No such file or directory
grep: /tmp/test_d4j_37858_1657601787/test_trigger/Sentry_ccommon/failing_tests: No such file or directory
Error: verify number of triggering tests: Sentry_ccommon-1b (expected: 1, actual: 0)
grep: /tmp/test_d4j_37858_1657601787/test_trigger/Sentry_ccommon/failing_tests: No such file or directory
Error: expected triggering test org.apache.sentry.core.common.utils.TestKeyValue::testKeyValueCaseInsensitive did not fail
Check out program version: Sentry_ccommon-1f............................... OK
Running ant (compile)...................................................... FAIL
Executed command:  cd /tmp/test_d4j_37858_1657601787/test_trigger/Sentry_ccommon && /data-depot/user/Workspace/Reproducibility/Reproducibility-Scanner/benchmarks/growingbugs/major/bin/ant -f /data-depot/user/Workspace/Reproducibility/Reproducibility-Scanner/benchmarks/growingbugs/framework/projects/defects4j.build.xml -Dd4j.home=/data-depot/user/Workspace/Reproducibility/Reproducibility-Scanner/benchmarks/growingbugs -Dd4j.dir.projects=/data-depot/user/Workspace/Reproducibility/Reproducibility-Scanner/benchmarks/growingbugs/framework/projects -Dbasedir=/tmp/test_d4j_37858_1657601787/test_trigger/Sentry_ccommon -Dbuild.compiler=javac1.8  compile 2>&1
OpenJDK 64-Bit Server VM warning: ignoring option MaxPermSize=1G; support was removed in 8.0
Buildfile: /data-depot/user/Workspace/Reproducibility/Reproducibility-Scanner/benchmarks/growingbugs/framework/projects/defects4j.build.xml

test-offline:

get-deps:

compile:
    [mkdir] Created dir: /tmp/test_d4j_37858_1657601787/test_trigger/Sentry_ccommon/target/classes
    [javac] /tmp/test_d4j_37858_1657601787/test_trigger/Sentry_ccommon/maven-build.xml:215: warning: 'includeantruntime' was not set, defaulting to build.sysclasspath=last; set to false for repeatable builds

BUILD FAILED
/tmp/test_d4j_37858_1657601787/test_trigger/Sentry_ccommon/maven-build.xml:215: srcdir "/tmp/test_d4j_37858_1657601787/test_trigger/Sentry_ccommon/src/main/java" does not exist!

Total time: 0 seconds
Cannot compile sources! at /data-depot/user/Workspace/Reproducibility/Reproducibility-Scanner/benchmarks/growingbugs/framework/bin/d4j/d4j-compile line 82.
Compilation failed in require at /data-depot/user/Workspace/Reproducibility/Reproducibility-Scanner/benchmarks/growingbugs/framework/bin/defects4j line 195.
Error: compile: Sentry_ccommon-1f
Running ant (compile.tests)................................................ FAIL
Executed command:  cd /tmp/test_d4j_37858_1657601787/test_trigger/Sentry_ccommon && /data-depot/user/Workspace/Reproducibility/Reproducibility-Scanner/benchmarks/growingbugs/major/bin/ant -f /data-depot/user/Workspace/Reproducibility/Reproducibility-Scanner/benchmarks/growingbugs/framework/projects/defects4j.build.xml -Dd4j.home=/data-depot/user/Workspace/Reproducibility/Reproducibility-Scanner/benchmarks/growingbugs -Dd4j.dir.projects=/data-depot/user/Workspace/Reproducibility/Reproducibility-Scanner/benchmarks/growingbugs/framework/projects -Dbasedir=/tmp/test_d4j_37858_1657601787/test_trigger/Sentry_ccommon -Dbuild.compiler=javac1.8  compile.tests 2>&1
OpenJDK 64-Bit Server VM warning: ignoring option MaxPermSize=1G; support was removed in 8.0
Buildfile: /data-depot/user/Workspace/Reproducibility/Reproducibility-Scanner/benchmarks/growingbugs/framework/projects/defects4j.build.xml

test-offline:

get-deps:

compile:
    [javac] /tmp/test_d4j_37858_1657601787/test_trigger/Sentry_ccommon/maven-build.xml:215: warning: 'includeantruntime' was not set, defaulting to build.sysclasspath=last; set to false for repeatable builds

BUILD FAILED
/tmp/test_d4j_37858_1657601787/test_trigger/Sentry_ccommon/maven-build.xml:215: srcdir "/tmp/test_d4j_37858_1657601787/test_trigger/Sentry_ccommon/src/main/java" does not exist!

Total time: 0 seconds
Cannot compile test suite! at /data-depot/user/Workspace/Reproducibility/Reproducibility-Scanner/benchmarks/growingbugs/framework/bin/d4j/d4j-test line 130.
Compilation failed in require at /data-depot/user/Workspace/Reproducibility/Reproducibility-Scanner/benchmarks/growingbugs/framework/bin/defects4j line 195.
Error: run relevant tests: Sentry_ccommon-1f
cat: /tmp/test_d4j_37858_1657601787/test_trigger/Sentry_ccommon/failing_tests: No such file or directory
grep: /tmp/test_d4j_37858_1657601787/test_trigger/Sentry_ccommon/failing_tests: No such file or directory
================================================================================
The following errors occurred:
Error: compile: Sentry_ccommon-1b
Error: run relevant tests: Sentry_ccommon-1b
Error: verify number of triggering tests: Sentry_ccommon-1b (expected: 1, actual: 0)
Error: expected triggering test org.apache.sentry.core.common.utils.TestKeyValue::testKeyValueCaseInsensitive did not fail
Error: compile: Sentry_ccommon-1f
Error: run relevant tests: Sentry_ccommon-1f
================================================================================
FAILED
