Checking out b85d162a to /tmp/test_d4j_12628_1657602574/test_trigger/Sling_ OK
Init local repository...................................................... OK
Tag post-fix revision...................................................... OK
Copy generated Ant build file.............................................. OK
Run post-checkout hook..................................................... OK
Initialize fixed program version........................................... OK
Apply patch................................................................ OK
Initialize buggy program version........................................... OK
Diff b85d162a:bed04b3c..................................................... OK
Apply patch................................................................ OK
Tag pre-fix revision....................................................... OK
Check out program version: Sling_cpconverter-1b............................ OK
Running ant (compile)...................................................... OK
Running ant (compile.tests)................................................ OK
Running ant (compile.tests)................................................ OK
Running ant (run.dev.tests)................................................ OK
Failing tests: 4
  - org.apache.sling.feature.cpconverter.vltpkg.VaultPackageAssemblerTest::packageResource[0]
  - org.apache.sling.feature.cpconverter.vltpkg.VaultPackageAssemblerTest::packageResource[1]
  - org.apache.sling.feature.cpconverter.vltpkg.VaultPackageAssemblerTest::packageResource[2]
  - org.apache.sling.feature.cpconverter.vltpkg.VaultPackageAssemblerTest::packageResource[3]
Error: expected triggering test org.apache.sling.feature.cpconverter.vltpkg.VaultPackageAssemblerTest::packageResource[0] did not fail
Error: expected triggering test org.apache.sling.feature.cpconverter.vltpkg.VaultPackageAssemblerTest::packageResource[1] did not fail
Error: expected triggering test org.apache.sling.feature.cpconverter.vltpkg.VaultPackageAssemblerTest::packageResource[2] did not fail
Error: expected triggering test org.apache.sling.feature.cpconverter.vltpkg.VaultPackageAssemblerTest::packageResource[3] did not fail
Check out program version: Sling_cpconverter-1f............................ OK
Running ant (compile)...................................................... OK
Running ant (compile.tests)................................................ OK
Running ant (compile.tests)................................................ OK
Running ant (run.dev.tests)................................................ OK
Failing tests: 0
================================================================================
The following errors occurred:
Error: expected triggering test org.apache.sling.feature.cpconverter.vltpkg.VaultPackageAssemblerTest::packageResource[0] did not fail
Error: expected triggering test org.apache.sling.feature.cpconverter.vltpkg.VaultPackageAssemblerTest::packageResource[1] did not fail
Error: expected triggering test org.apache.sling.feature.cpconverter.vltpkg.VaultPackageAssemblerTest::packageResource[2] did not fail
Error: expected triggering test org.apache.sling.feature.cpconverter.vltpkg.VaultPackageAssemblerTest::packageResource[3] did not fail
================================================================================
FAILED
