Checking out 1596501e to /tmp/test_d4j_33874_1657585049/test_trigger/Text.. OK
Init local repository...................................................... OK
Tag post-fix revision...................................................... OK
Copy generated Ant build file.............................................. OK
Run post-checkout hook..................................................... OK
Excluding broken/flaky tests............................................... OK
Initialize fixed program version........................................... OK
Apply patch................................................................ OK
Initialize buggy program version........................................... OK
Diff 1596501e:e55d0ac1..................................................... OK
Apply patch................................................................ OK
Tag pre-fix revision....................................................... OK
Check out program version: Text-5b......................................... OK
Running ant (compile)...................................................... OK
Running ant (compile.tests)................................................ OK
Running ant (compile.tests)................................................ OK
Running ant (run.dev.tests)................................................ OK
Failing tests: 1
  - org.apache.commons.text.ExtendedMessageFormatTest::testChoiceQuoteJustBeforeBraceEnd_TEXT_106
Check out program version: Text-5f......................................... OK
Running ant (compile)...................................................... OK
Running ant (compile.tests)................................................ OK
Running ant (compile.tests)................................................ OK
Running ant (run.dev.tests)................................................ OK
Failing tests: 0
================================================================================
PASSED
