travis_fold:start:system_info[0K[33;1mBuild system information[0m
Build language: java
Build id: ''
Job id: ''
[34m[1mBuild image provisioning date and time[0m
Thu Feb  5 15:09:33 UTC 2015
[34m[1mOperating System Details[0m
Distributor ID:	Ubuntu
Description:	Ubuntu 12.04.5 LTS
Release:	12.04
Codename:	precise
[34m[1mLinux Version[0m
3.13.0-29-generic
[34m[1mCookbooks Version[0m
a68419e https://github.com/travis-ci/travis-cookbooks/tree/a68419e
[34m[1mGCC version[0m
gcc (Ubuntu/Linaro 4.6.3-1ubuntu5) 4.6.3
Copyright (C) 2011 Free Software Foundation, Inc.
This is free software; see the source for copying conditions.  There is NO
warranty; not even for MERCHANTABILITY or FITNESS FOR A PARTICULAR PURPOSE.

[34m[1mLLVM version[0m
clang version 3.4 (tags/RELEASE_34/final)
Target: x86_64-unknown-linux-gnu
Thread model: posix
[34m[1mPre-installed Ruby versions[0m
ruby-1.9.3-p551
[34m[1mPre-installed Node.js versions[0m
v0.10.36
[34m[1mPre-installed Go versions[0m
1.4.1
[34m[1mRedis version[0m
redis-server 2.8.19
[34m[1mriak version[0m
2.0.2
[34m[1mMongoDB version[0m
MongoDB 2.4.12
[34m[1mCouchDB version[0m
couchdb 1.6.1
[34m[1mNeo4j version[0m
1.9.4
[34m[1mRabbitMQ Version[0m
3.4.3
[34m[1mElasticSearch version[0m
1.4.0
[34m[1mInstalled Sphinx versions[0m
2.0.10
2.1.9
2.2.6
[34m[1mDefault Sphinx version[0m
2.2.6
[34m[1mInstalled Firefox version[0m
firefox 31.0esr
[34m[1mPhantomJS version[0m
1.9.8
[34m[1mant -version[0m
Apache Ant(TM) version 1.8.2 compiled on December 3 2011
[34m[1mmvn -version[0m
Apache Maven 3.2.5 (12a6b3acb947671f09b81f49094c53f426d8cea1; 2014-12-14T17:29:23+00:00)
Maven home: /usr/local/maven
Java version: 1.7.0_76, vendor: Oracle Corporation
Java home: /usr/lib/jvm/java-7-oracle/jre
Default locale: en_US, platform encoding: ANSI_X3.4-1968
OS name: "linux", version: "3.13.0-29-generic", arch: "amd64", family: "unix"
travis_fold:end:system_info[0K
W: Failed to fetch http://apt.postgresql.org/pub/repos/apt/dists/precise-pgdg/main/binary-amd64/Packages  404  Not Found [IP: 72.32.157.246 80]

W: Failed to fetch http://apt.postgresql.org/pub/repos/apt/dists/precise-pgdg/main/binary-i386/Packages  404  Not Found [IP: 72.32.157.246 80]

W: Failed to fetch http://us.archive.ubuntu.com/ubuntu/dists/precise/main/source/Sources  404  Not Found [IP: 91.189.91.38 80]

W: Failed to fetch http://us.archive.ubuntu.com/ubuntu/dists/precise/restricted/source/Sources  404  Not Found [IP: 91.189.91.38 80]

W: Failed to fetch http://us.archive.ubuntu.com/ubuntu/dists/precise/universe/source/Sources  404  Not Found [IP: 91.189.91.38 80]

W: Failed to fetch http://us.archive.ubuntu.com/ubuntu/dists/precise/multiverse/source/Sources  404  Not Found [IP: 91.189.91.38 80]

W: Failed to fetch http://us.archive.ubuntu.com/ubuntu/dists/precise/main/binary-amd64/Packages  404  Not Found [IP: 91.189.91.38 80]

W: Failed to fetch http://us.archive.ubuntu.com/ubuntu/dists/precise/restricted/binary-amd64/Packages  404  Not Found [IP: 91.189.91.38 80]

W: Failed to fetch http://us.archive.ubuntu.com/ubuntu/dists/precise/universe/binary-amd64/Packages  404  Not Found [IP: 91.189.91.38 80]

W: Failed to fetch http://us.archive.ubuntu.com/ubuntu/dists/precise/multiverse/binary-amd64/Packages  404  Not Found [IP: 91.189.91.38 80]

W: Failed to fetch http://us.archive.ubuntu.com/ubuntu/dists/precise/main/binary-i386/Packages  404  Not Found [IP: 91.189.91.38 80]

W: Failed to fetch http://us.archive.ubuntu.com/ubuntu/dists/precise/restricted/binary-i386/Packages  404  Not Found [IP: 91.189.91.38 80]

W: Failed to fetch http://us.archive.ubuntu.com/ubuntu/dists/precise/universe/binary-i386/Packages  404  Not Found [IP: 91.189.91.38 80]

W: Failed to fetch http://us.archive.ubuntu.com/ubuntu/dists/precise/multiverse/binary-i386/Packages  404  Not Found [IP: 91.189.91.38 80]

W: Failed to fetch http://us.archive.ubuntu.com/ubuntu/dists/precise-updates/main/source/Sources  404  Not Found [IP: 91.189.91.38 80]

W: Failed to fetch http://us.archive.ubuntu.com/ubuntu/dists/precise-updates/restricted/source/Sources  404  Not Found [IP: 91.189.91.38 80]

W: Failed to fetch http://us.archive.ubuntu.com/ubuntu/dists/precise-updates/universe/source/Sources  404  Not Found [IP: 91.189.91.38 80]

W: Failed to fetch http://us.archive.ubuntu.com/ubuntu/dists/precise-updates/multiverse/source/Sources  404  Not Found [IP: 91.189.91.38 80]

W: Failed to fetch http://us.archive.ubuntu.com/ubuntu/dists/precise-updates/main/binary-amd64/Packages  404  Not Found [IP: 91.189.91.38 80]

W: Failed to fetch http://us.archive.ubuntu.com/ubuntu/dists/precise-updates/restricted/binary-amd64/Packages  404  Not Found [IP: 91.189.91.38 80]

W: Failed to fetch http://us.archive.ubuntu.com/ubuntu/dists/precise-updates/universe/binary-amd64/Packages  404  Not Found [IP: 91.189.91.38 80]

W: Failed to fetch http://us.archive.ubuntu.com/ubuntu/dists/precise-updates/multiverse/binary-amd64/Packages  404  Not Found [IP: 91.189.91.38 80]

W: Failed to fetch http://us.archive.ubuntu.com/ubuntu/dists/precise-updates/main/binary-i386/Packages  404  Not Found [IP: 91.189.91.38 80]

W: Failed to fetch http://us.archive.ubuntu.com/ubuntu/dists/precise-updates/restricted/binary-i386/Packages  404  Not Found [IP: 91.189.91.38 80]

W: Failed to fetch http://us.archive.ubuntu.com/ubuntu/dists/precise-updates/universe/binary-i386/Packages  404  Not Found [IP: 91.189.91.38 80]

W: Failed to fetch http://us.archive.ubuntu.com/ubuntu/dists/precise-updates/multiverse/binary-i386/Packages  404  Not Found [IP: 91.189.91.38 80]

W: Failed to fetch http://us.archive.ubuntu.com/ubuntu/dists/precise-backports/main/source/Sources  404  Not Found [IP: 91.189.91.38 80]

W: Failed to fetch http://us.archive.ubuntu.com/ubuntu/dists/precise-backports/restricted/source/Sources  404  Not Found [IP: 91.189.91.38 80]

W: Failed to fetch http://us.archive.ubuntu.com/ubuntu/dists/precise-backports/universe/source/Sources  404  Not Found [IP: 91.189.91.38 80]

W: Failed to fetch http://us.archive.ubuntu.com/ubuntu/dists/precise-backports/multiverse/source/Sources  404  Not Found [IP: 91.189.91.38 80]

W: Failed to fetch http://us.archive.ubuntu.com/ubuntu/dists/precise-backports/main/binary-amd64/Packages  404  Not Found [IP: 91.189.91.38 80]

W: Failed to fetch http://us.archive.ubuntu.com/ubuntu/dists/precise-backports/restricted/binary-amd64/Packages  404  Not Found [IP: 91.189.91.38 80]

W: Failed to fetch http://us.archive.ubuntu.com/ubuntu/dists/precise-backports/universe/binary-amd64/Packages  404  Not Found [IP: 91.189.91.38 80]

W: Failed to fetch http://us.archive.ubuntu.com/ubuntu/dists/precise-backports/multiverse/binary-amd64/Packages  404  Not Found [IP: 91.189.91.38 80]

W: Failed to fetch http://us.archive.ubuntu.com/ubuntu/dists/precise-backports/main/binary-i386/Packages  404  Not Found [IP: 91.189.91.38 80]

W: Failed to fetch http://us.archive.ubuntu.com/ubuntu/dists/precise-backports/restricted/binary-i386/Packages  404  Not Found [IP: 91.189.91.38 80]

W: Failed to fetch http://us.archive.ubuntu.com/ubuntu/dists/precise-backports/universe/binary-i386/Packages  404  Not Found [IP: 91.189.91.38 80]

W: Failed to fetch http://us.archive.ubuntu.com/ubuntu/dists/precise-backports/multiverse/binary-i386/Packages  404  Not Found [IP: 91.189.91.38 80]

W: Failed to fetch http://security.ubuntu.com/ubuntu/dists/precise-security/main/source/Sources  404  Not Found [IP: 185.125.190.39 80]

W: Failed to fetch http://security.ubuntu.com/ubuntu/dists/precise-security/restricted/source/Sources  404  Not Found [IP: 185.125.190.39 80]

W: Failed to fetch http://security.ubuntu.com/ubuntu/dists/precise-security/universe/source/Sources  404  Not Found [IP: 185.125.190.39 80]

W: Failed to fetch http://security.ubuntu.com/ubuntu/dists/precise-security/multiverse/source/Sources  404  Not Found [IP: 185.125.190.39 80]

W: Failed to fetch http://security.ubuntu.com/ubuntu/dists/precise-security/main/binary-amd64/Packages  404  Not Found [IP: 185.125.190.39 80]

W: Failed to fetch http://security.ubuntu.com/ubuntu/dists/precise-security/restricted/binary-amd64/Packages  404  Not Found [IP: 185.125.190.39 80]

W: Failed to fetch http://security.ubuntu.com/ubuntu/dists/precise-security/universe/binary-amd64/Packages  404  Not Found [IP: 185.125.190.39 80]

W: Failed to fetch http://security.ubuntu.com/ubuntu/dists/precise-security/multiverse/binary-amd64/Packages  404  Not Found [IP: 185.125.190.39 80]

W: Failed to fetch http://security.ubuntu.com/ubuntu/dists/precise-security/main/binary-i386/Packages  404  Not Found [IP: 185.125.190.39 80]

W: Failed to fetch http://security.ubuntu.com/ubuntu/dists/precise-security/restricted/binary-i386/Packages  404  Not Found [IP: 185.125.190.39 80]

W: Failed to fetch http://security.ubuntu.com/ubuntu/dists/precise-security/universe/binary-i386/Packages  404  Not Found [IP: 185.125.190.39 80]

W: Failed to fetch http://security.ubuntu.com/ubuntu/dists/precise-security/multiverse/binary-i386/Packages  404  Not Found [IP: 185.125.190.39 80]

W: Failed to fetch http://ppa.launchpad.net/rwky/ppa/ubuntu/dists/precise/main/binary-amd64/Packages  403  Forbidden

W: Failed to fetch http://ppa.launchpad.net/rwky/ppa/ubuntu/dists/precise/main/binary-i386/Packages  403  Forbidden

W: Failed to fetch http://ppa.launchpad.net/travis-ci/zero-mq/ubuntu/dists/precise/main/binary-amd64/Packages  403  Forbidden

W: Failed to fetch http://ppa.launchpad.net/travis-ci/zero-mq/ubuntu/dists/precise/main/binary-i386/Packages  403  Forbidden

W: Failed to fetch http://downloads-distro.mongodb.org/repo/debian-sysvinit/dists/dist/10gen/binary-amd64/Packages  Undetermined Error [IP: 54.175.147.155 80]

W: Failed to fetch http://downloads-distro.mongodb.org/repo/debian-sysvinit/dists/dist/10gen/binary-i386/Packages  Undetermined Error [IP: 54.175.147.155 80]

E: Some index files failed to download. They have been ignored, or old ones used instead.
sed: cannot rename /etc/hosts: Device or resource busy
sed: cannot rename /etc/hosts: Device or resource busy
$ jdk_switcher use oraclejdk8
Switching to Oracle JDK8 (java-8-oracle), JAVA_HOME will be set to /usr/lib/jvm/java-8-oracle
$ cd failed/HubTurbo/HubTurbo

[33;1mSetting environment variables from .travis.yml[0m
$ export TERM=dumb

$ export TERM=dumb
$ java -Xmx32m -version
java version "1.8.0_31"
Java(TM) SE Runtime Environment (build 1.8.0_31-b13)
Java HotSpot(TM) 64-Bit Server VM (build 25.31-b07, mixed mode)
$ javac -J-Xmx32m -version
javac 1.8.0_31
travis_fold:start:before_install.1[0Ktravis_time:start:00149c6d[0K$ export DISPLAY=:99.0

travis_time:end:00149c6d:start=1660887147568460760,finish=1660887147576056645,duration=7595885[0Ktravis_fold:end:before_install.1[0Ktravis_fold:start:before_install.2[0Ktravis_time:start:08c7db04[0K$ sh -e /etc/init.d/xvfb start
Starting virtual X frame buffer: Xvfb.

travis_time:end:08c7db04:start=1660887147584404768,finish=1660887147596260394,duration=11855626[0Ktravis_fold:end:before_install.2[0Ktravis_fold:start:install[0Ktravis_time:start:0c36ae78[0K$ ./gradlew assemble
Downloading https://services.gradle.org/distributions/gradle-2.3-all.zip
............................................................................................................................................................................................................................................................................................................................................................................................................................................................................................................................................................................................................................................................................................................................................................................................................................................................................................................................................................................................................................................................................................................................................................................................................................................................................................................................................................................................................................................................................................................................................................................................................................................................................................................................................................................................................................................................................................................................................................................................................................................................................................................................................................................................................................................................................................................................................................................................................................................................................................................................................................................................................................................................................................................................................................................................................................................................................................................................................................................................................................................................................................................................
Unzipping /home/travis/.gradle/wrapper/dists/gradle-2.3-all/w01pvxy5gty3tegjrai84pm3/gradle-2.3-all.zip to /home/travis/.gradle/wrapper/dists/gradle-2.3-all/w01pvxy5gty3tegjrai84pm3
Set executable permissions for: /home/travis/.gradle/wrapper/dists/gradle-2.3-all/w01pvxy5gty3tegjrai84pm3/gradle-2.3/bin/gradle
Download https://plugins.gradle.org/m2/org/kt3k/gradle/plugin/coveralls-gradle-plugin/2.3.1/coveralls-gradle-plugin-2.3.1.pom
Download https://plugins.gradle.org/m2/com/github/jengelman/gradle/plugins/shadow/1.2.1/shadow-1.2.1.pom
Download https://plugins.gradle.org/m2/org/apache/httpcomponents/httpmime/4.3/httpmime-4.3.pom
Download https://plugins.gradle.org/m2/org/apache/httpcomponents/httpcomponents-client/4.3/httpcomponents-client-4.3.pom
Download https://plugins.gradle.org/m2/org/apache/httpcomponents/project/7/project-7.pom
Download https://plugins.gradle.org/m2/org/apache/apache/13/apache-13.pom
Download https://plugins.gradle.org/m2/org/eclipse/jgit/org.eclipse.jgit/3.6.0.201412230720-r/org.eclipse.jgit-3.6.0.201412230720-r.pom
Download https://plugins.gradle.org/m2/org/eclipse/jgit/org.eclipse.jgit-parent/3.6.0.201412230720-r/org.eclipse.jgit-parent-3.6.0.201412230720-r.pom
Download https://plugins.gradle.org/m2/org/codehaus/groovy/modules/http-builder/http-builder/0.7.1/http-builder-0.7.1.pom
Download https://plugins.gradle.org/m2/org/jdom/jdom2/2.0.5/jdom2-2.0.5.pom
Download https://plugins.gradle.org/m2/org/ow2/asm/asm/5.0.3/asm-5.0.3.pom
Download https://plugins.gradle.org/m2/org/ow2/asm/asm-parent/5.0.3/asm-parent-5.0.3.pom
Download https://plugins.gradle.org/m2/org/ow2/ow2/1.3/ow2-1.3.pom
Download https://plugins.gradle.org/m2/org/ow2/asm/asm-commons/5.0.3/asm-commons-5.0.3.pom
Download https://plugins.gradle.org/m2/commons-io/commons-io/2.4/commons-io-2.4.pom
Download https://plugins.gradle.org/m2/org/apache/commons/commons-parent/25/commons-parent-25.pom
Download https://plugins.gradle.org/m2/org/apache/apache/9/apache-9.pom
Download https://plugins.gradle.org/m2/org/apache/ant/ant/1.9.4/ant-1.9.4.pom
Download https://plugins.gradle.org/m2/org/apache/ant/ant-parent/1.9.4/ant-parent-1.9.4.pom
Download https://plugins.gradle.org/m2/org/apache/httpcomponents/httpclient/4.3/httpclient-4.3.pom
Download https://plugins.gradle.org/m2/com/jcraft/jsch/0.1.50/jsch-0.1.50.pom
Download https://plugins.gradle.org/m2/org/sonatype/oss/oss-parent/6/oss-parent-6.pom
Download https://plugins.gradle.org/m2/com/googlecode/javaewah/JavaEWAH/0.7.9/JavaEWAH-0.7.9.pom
Download https://plugins.gradle.org/m2/org/sonatype/oss/oss-parent/5/oss-parent-5.pom
Download https://plugins.gradle.org/m2/net/sf/json-lib/json-lib/2.3/json-lib-2.3.pom
Download https://plugins.gradle.org/m2/net/sourceforge/nekohtml/nekohtml/1.9.16/nekohtml-1.9.16.pom
Download https://plugins.gradle.org/m2/xml-resolver/xml-resolver/1.2/xml-resolver-1.2.pom
Download https://plugins.gradle.org/m2/org/apache/apache/3/apache-3.pom
Download https://plugins.gradle.org/m2/org/ow2/asm/asm-tree/5.0.3/asm-tree-5.0.3.pom
Download https://plugins.gradle.org/m2/org/apache/ant/ant-launcher/1.9.4/ant-launcher-1.9.4.pom
Download https://plugins.gradle.org/m2/commons-beanutils/commons-beanutils/1.8.0/commons-beanutils-1.8.0.pom
Download https://plugins.gradle.org/m2/org/apache/commons/commons-parent/11/commons-parent-11.pom
Download https://plugins.gradle.org/m2/org/apache/apache/4/apache-4.pom
Download https://plugins.gradle.org/m2/commons-collections/commons-collections/3.2.1/commons-collections-3.2.1.pom
Download https://plugins.gradle.org/m2/org/apache/commons/commons-parent/9/commons-parent-9.pom
Download https://plugins.gradle.org/m2/commons-lang/commons-lang/2.4/commons-lang-2.4.pom
Download https://plugins.gradle.org/m2/commons-logging/commons-logging/1.1.1/commons-logging-1.1.1.pom
Download https://plugins.gradle.org/m2/org/apache/commons/commons-parent/5/commons-parent-5.pom
Download https://plugins.gradle.org/m2/net/sf/ezmorph/ezmorph/1.0.6/ezmorph-1.0.6.pom
Download https://plugins.gradle.org/m2/xerces/xercesImpl/2.9.1/xercesImpl-2.9.1.pom
Download https://plugins.gradle.org/m2/org/apache/httpcomponents/httpcore/4.3/httpcore-4.3.pom
Download https://plugins.gradle.org/m2/org/apache/httpcomponents/httpcomponents-core/4.3/httpcomponents-core-4.3.pom
Download https://plugins.gradle.org/m2/commons-codec/commons-codec/1.6/commons-codec-1.6.pom
Download https://plugins.gradle.org/m2/org/apache/commons/commons-parent/22/commons-parent-22.pom
Download https://plugins.gradle.org/m2/commons-logging/commons-logging/1.1.3/commons-logging-1.1.3.pom
Download https://plugins.gradle.org/m2/org/apache/commons/commons-parent/28/commons-parent-28.pom
Download https://plugins.gradle.org/m2/org/kt3k/gradle/plugin/coveralls-gradle-plugin/2.3.1/coveralls-gradle-plugin-2.3.1.jar
Download https://plugins.gradle.org/m2/com/github/jengelman/gradle/plugins/shadow/1.2.1/shadow-1.2.1.jar
Download https://plugins.gradle.org/m2/org/apache/httpcomponents/httpmime/4.3/httpmime-4.3.jar
Download https://plugins.gradle.org/m2/org/eclipse/jgit/org.eclipse.jgit/3.6.0.201412230720-r/org.eclipse.jgit-3.6.0.201412230720-r.jar
Download https://plugins.gradle.org/m2/org/codehaus/groovy/modules/http-builder/http-builder/0.7.1/http-builder-0.7.1.jar
Download https://plugins.gradle.org/m2/org/jdom/jdom2/2.0.5/jdom2-2.0.5.jar
Download https://plugins.gradle.org/m2/org/ow2/asm/asm/5.0.3/asm-5.0.3.jar
Download https://plugins.gradle.org/m2/org/ow2/asm/asm-commons/5.0.3/asm-commons-5.0.3.jar
Download https://plugins.gradle.org/m2/commons-io/commons-io/2.4/commons-io-2.4.jar
Download https://plugins.gradle.org/m2/org/apache/ant/ant/1.9.4/ant-1.9.4.jar
Download https://plugins.gradle.org/m2/org/apache/httpcomponents/httpclient/4.3/httpclient-4.3.jar
Download https://plugins.gradle.org/m2/com/jcraft/jsch/0.1.50/jsch-0.1.50.jar
Download https://plugins.gradle.org/m2/com/googlecode/javaewah/JavaEWAH/0.7.9/JavaEWAH-0.7.9.jar
Download https://plugins.gradle.org/m2/net/sf/json-lib/json-lib/2.3/json-lib-2.3-jdk15.jar
Download https://plugins.gradle.org/m2/net/sourceforge/nekohtml/nekohtml/1.9.16/nekohtml-1.9.16.jar
Download https://plugins.gradle.org/m2/xml-resolver/xml-resolver/1.2/xml-resolver-1.2.jar
Download https://plugins.gradle.org/m2/org/ow2/asm/asm-tree/5.0.3/asm-tree-5.0.3.jar
Download https://plugins.gradle.org/m2/org/apache/ant/ant-launcher/1.9.4/ant-launcher-1.9.4.jar
Download https://plugins.gradle.org/m2/commons-beanutils/commons-beanutils/1.8.0/commons-beanutils-1.8.0.jar
Download https://plugins.gradle.org/m2/commons-collections/commons-collections/3.2.1/commons-collections-3.2.1.jar
Download https://plugins.gradle.org/m2/commons-lang/commons-lang/2.4/commons-lang-2.4.jar
Download https://plugins.gradle.org/m2/net/sf/ezmorph/ezmorph/1.0.6/ezmorph-1.0.6.jar
Download https://plugins.gradle.org/m2/xerces/xercesImpl/2.9.1/xercesImpl-2.9.1.jar
Download https://plugins.gradle.org/m2/org/apache/httpcomponents/httpcore/4.3/httpcore-4.3.jar
Download https://plugins.gradle.org/m2/commons-codec/commons-codec/1.6/commons-codec-1.6.jar
Download https://plugins.gradle.org/m2/commons-logging/commons-logging/1.1.3/commons-logging-1.1.3.jar
Download https://jcenter.bintray.com/org/apache/logging/log4j/log4j-api/2.2/log4j-api-2.2.pom
Download https://jcenter.bintray.com/org/apache/logging/log4j/log4j/2.2/log4j-2.2.pom
Download https://jcenter.bintray.com/org/apache/logging/log4j/log4j-core/2.2/log4j-core-2.2.pom
Download https://jcenter.bintray.com/org/controlsfx/controlsfx/8.20.8/controlsfx-8.20.8.pom
Download https://jcenter.bintray.com/com/google/code/gson/gson/2.3.1/gson-2.3.1.pom
Download https://jcenter.bintray.com/org/sonatype/oss/oss-parent/9/oss-parent-9.pom
Download https://jcenter.bintray.com/com/google/guava/guava/18.0/guava-18.0.pom
Download https://jcenter.bintray.com/com/google/guava/guava-parent/18.0/guava-parent-18.0.pom
Download https://jcenter.bintray.com/org/sonatype/oss/oss-parent/7/oss-parent-7.pom
Download https://jcenter.bintray.com/net/java/dev/jna/jna/4.1.0/jna-4.1.0.pom
Download https://jcenter.bintray.com/org/commonjava/googlecode/markdown4j/markdown4j/2.2-cj-1.0/markdown4j-2.2-cj-1.0.pom
Download https://jcenter.bintray.com/org/commonjava/commonjava/2/commonjava-2.pom
Download https://jcenter.bintray.com/org/controlsfx/openjfx-dialogs/1.0.2/openjfx-dialogs-1.0.2.pom
Download https://jcenter.bintray.com/org/apache/servicemix/bundles/org.apache.servicemix.bundles.egit.github.core/2.1.5_1/org.apache.servicemix.bundles.egit.github.core-2.1.5_1.pom
Download https://jcenter.bintray.com/org/apache/servicemix/bundles/bundles-pom/11/bundles-pom-11.pom
Download https://jcenter.bintray.com/org/apache/servicemix/servicemix-pom/5/servicemix-pom-5.pom
Download https://jcenter.bintray.com/org/apache/apache/7/apache-7.pom
Download https://jcenter.bintray.com/org/ocpsoft/prettytime/prettytime/3.2.7.Final/prettytime-3.2.7.Final.pom
Download https://jcenter.bintray.com/org/ocpsoft/prettytime/prettytime-parent/3.2.7.Final/prettytime-parent-3.2.7.Final.pom
Download https://jcenter.bintray.com/org/ocpsoft/ocpsoft-parent/10/ocpsoft-parent-10.pom
Download https://jcenter.bintray.com/org/seleniumhq/selenium/selenium-java/2.45.0/selenium-java-2.45.0.pom
Download https://jcenter.bintray.com/org/seleniumhq/selenium/selenium-parent/2.45.0/selenium-parent-2.45.0.pom
Download https://jcenter.bintray.com/org/seleniumhq/selenium/selenium-server/2.45.0/selenium-server-2.45.0.pom
Download https://jcenter.bintray.com/org/seleniumhq/selenium/selenium-chrome-driver/2.45.0/selenium-chrome-driver-2.45.0.pom
Download https://jcenter.bintray.com/org/seleniumhq/selenium/selenium-htmlunit-driver/2.45.0/selenium-htmlunit-driver-2.45.0.pom
Download https://jcenter.bintray.com/org/seleniumhq/selenium/selenium-firefox-driver/2.45.0/selenium-firefox-driver-2.45.0.pom
Download https://jcenter.bintray.com/org/seleniumhq/selenium/selenium-ie-driver/2.45.0/selenium-ie-driver-2.45.0.pom
Download https://jcenter.bintray.com/org/seleniumhq/selenium/selenium-safari-driver/2.45.0/selenium-safari-driver-2.45.0.pom
Download https://jcenter.bintray.com/org/seleniumhq/selenium/selenium-support/2.45.0/selenium-support-2.45.0.pom
Download https://jcenter.bintray.com/org/webbitserver/webbit/0.4.14/webbit-0.4.14.pom
Download https://jcenter.bintray.com/org/seleniumhq/selenium/selenium-leg-rc/2.45.0/selenium-leg-rc-2.45.0.pom
Download https://jcenter.bintray.com/org/bouncycastle/bcprov-jdk15on/1.48/bcprov-jdk15on-1.48.pom
Download https://jcenter.bintray.com/org/bouncycastle/bcpkix-jdk15on/1.48/bcpkix-jdk15on-1.48.pom
Download https://jcenter.bintray.com/mx4j/mx4j-tools/3.0.1/mx4j-tools-3.0.1.pom
Download https://jcenter.bintray.com/org/mortbay/jetty/servlet-api-2.5/6.1.9/servlet-api-2.5-6.1.9.pom
Download https://jcenter.bintray.com/org/mortbay/jetty/project/6.1.9/project-6.1.9.pom
Download https://jcenter.bintray.com/org/seleniumhq/selenium/jetty-repacked/7.6.1/jetty-repacked-7.6.1.pom
Download https://jcenter.bintray.com/org/seleniumhq/selenium/jetty-rc-repacked/5/jetty-rc-repacked-5.pom
Download https://jcenter.bintray.com/net/jcip/jcip-annotations/1.0/jcip-annotations-1.0.pom
Download https://jcenter.bintray.com/org/yaml/snakeyaml/1.8/snakeyaml-1.8.pom
Download https://jcenter.bintray.com/commons-codec/commons-codec/1.9/commons-codec-1.9.pom
Download https://jcenter.bintray.com/org/apache/commons/commons-parent/32/commons-parent-32.pom
Download https://jcenter.bintray.com/org/seleniumhq/selenium/selenium-remote-driver/2.45.0/selenium-remote-driver-2.45.0.pom
Download https://jcenter.bintray.com/net/sourceforge/htmlunit/htmlunit/2.15/htmlunit-2.15.pom
Download https://jcenter.bintray.com/org/apache/httpcomponents/httpclient/4.3.6/httpclient-4.3.6.pom
Download https://jcenter.bintray.com/org/apache/httpcomponents/httpcomponents-client/4.3.6/httpcomponents-client-4.3.6.pom
Download https://jcenter.bintray.com/org/apache/commons/commons-exec/1.1/commons-exec-1.1.pom
Download https://jcenter.bintray.com/org/apache/commons/commons-parent/17/commons-parent-17.pom
Download https://jcenter.bintray.com/net/java/dev/jna/platform/3.4.0/platform-3.4.0.pom
Download https://jcenter.bintray.com/io/netty/netty/3.5.2.Final/netty-3.5.2.Final.pom
Download https://jcenter.bintray.com/cglib/cglib-nodep/2.1_3/cglib-nodep-2.1_3.pom
Download https://jcenter.bintray.com/org/seleniumhq/selenium/selenium-api/2.45.0/selenium-api-2.45.0.pom
Download https://jcenter.bintray.com/xalan/xalan/2.7.1/xalan-2.7.1.pom
Download https://jcenter.bintray.com/org/apache/commons/commons-lang3/3.3.2/commons-lang3-3.3.2.pom
Download https://jcenter.bintray.com/org/apache/commons/commons-parent/33/commons-parent-33.pom
Download https://jcenter.bintray.com/org/apache/httpcomponents/httpmime/4.3.3/httpmime-4.3.3.pom
Download https://jcenter.bintray.com/org/apache/httpcomponents/httpcomponents-client/4.3.3/httpcomponents-client-4.3.3.pom
Download https://jcenter.bintray.com/net/sourceforge/htmlunit/htmlunit-core-js/2.15/htmlunit-core-js-2.15.pom
Download https://jcenter.bintray.com/xerces/xercesImpl/2.11.0/xercesImpl-2.11.0.pom
Download https://jcenter.bintray.com/net/sourceforge/nekohtml/nekohtml/1.9.21/nekohtml-1.9.21.pom
Download https://jcenter.bintray.com/net/sourceforge/cssparser/cssparser/0.9.14/cssparser-0.9.14.pom
Download https://jcenter.bintray.com/org/eclipse/jetty/jetty-websocket/8.1.15.v20140411/jetty-websocket-8.1.15.v20140411.pom
Download https://jcenter.bintray.com/org/eclipse/jetty/jetty-project/8.1.15.v20140411/jetty-project-8.1.15.v20140411.pom
Download https://jcenter.bintray.com/org/eclipse/jetty/jetty-parent/20/jetty-parent-20.pom
Download https://jcenter.bintray.com/xalan/serializer/2.7.1/serializer-2.7.1.pom
Download https://jcenter.bintray.com/xml-apis/xml-apis/1.4.01/xml-apis-1.4.01.pom
Download https://jcenter.bintray.com/org/w3c/css/sac/1.3/sac-1.3.pom
Download https://jcenter.bintray.com/org/eclipse/jetty/jetty-util/8.1.15.v20140411/jetty-util-8.1.15.v20140411.pom
Download https://jcenter.bintray.com/org/eclipse/jetty/jetty-io/8.1.15.v20140411/jetty-io-8.1.15.v20140411.pom
Download https://jcenter.bintray.com/org/eclipse/jetty/jetty-http/8.1.15.v20140411/jetty-http-8.1.15.v20140411.pom
Download https://jcenter.bintray.com/org/apache/httpcomponents/httpcore/4.3.3/httpcore-4.3.3.pom
Download https://jcenter.bintray.com/org/apache/httpcomponents/httpcomponents-core/4.3.3/httpcomponents-core-4.3.3.pom
Download https://jcenter.bintray.com/org/apache/logging/log4j/log4j-api/2.2/log4j-api-2.2.jar
Download https://jcenter.bintray.com/org/apache/logging/log4j/log4j-core/2.2/log4j-core-2.2.jar
Download https://jcenter.bintray.com/org/controlsfx/controlsfx/8.20.8/controlsfx-8.20.8.jar
Download https://jcenter.bintray.com/com/google/code/gson/gson/2.3.1/gson-2.3.1.jar
Download https://jcenter.bintray.com/com/google/guava/guava/18.0/guava-18.0.jar
Download https://jcenter.bintray.com/net/java/dev/jna/jna/4.1.0/jna-4.1.0.jar
Download https://jcenter.bintray.com/org/commonjava/googlecode/markdown4j/markdown4j/2.2-cj-1.0/markdown4j-2.2-cj-1.0.jar
Download https://jcenter.bintray.com/org/controlsfx/openjfx-dialogs/1.0.2/openjfx-dialogs-1.0.2.jar
Download https://jcenter.bintray.com/org/apache/servicemix/bundles/org.apache.servicemix.bundles.egit.github.core/2.1.5_1/org.apache.servicemix.bundles.egit.github.core-2.1.5_1.jar
Download https://jcenter.bintray.com/org/ocpsoft/prettytime/prettytime/3.2.7.Final/prettytime-3.2.7.Final.jar
Download https://jcenter.bintray.com/org/seleniumhq/selenium/selenium-java/2.45.0/selenium-java-2.45.0.jar
Download https://jcenter.bintray.com/org/seleniumhq/selenium/selenium-server/2.45.0/selenium-server-2.45.0.jar
Download https://jcenter.bintray.com/org/seleniumhq/selenium/selenium-chrome-driver/2.45.0/selenium-chrome-driver-2.45.0.jar
Download https://jcenter.bintray.com/org/seleniumhq/selenium/selenium-htmlunit-driver/2.45.0/selenium-htmlunit-driver-2.45.0.jar
Download https://jcenter.bintray.com/org/seleniumhq/selenium/selenium-firefox-driver/2.45.0/selenium-firefox-driver-2.45.0.jar
Download https://jcenter.bintray.com/org/seleniumhq/selenium/selenium-ie-driver/2.45.0/selenium-ie-driver-2.45.0.jar
Download https://jcenter.bintray.com/org/seleniumhq/selenium/selenium-safari-driver/2.45.0/selenium-safari-driver-2.45.0.jar
Download https://jcenter.bintray.com/org/seleniumhq/selenium/selenium-support/2.45.0/selenium-support-2.45.0.jar
Download https://jcenter.bintray.com/org/webbitserver/webbit/0.4.14/webbit-0.4.14.jar
Download https://jcenter.bintray.com/org/seleniumhq/selenium/selenium-leg-rc/2.45.0/selenium-leg-rc-2.45.0.jar
Download https://jcenter.bintray.com/org/bouncycastle/bcprov-jdk15on/1.48/bcprov-jdk15on-1.48.jar
Download https://jcenter.bintray.com/org/bouncycastle/bcpkix-jdk15on/1.48/bcpkix-jdk15on-1.48.jar
Download https://jcenter.bintray.com/mx4j/mx4j-tools/3.0.1/mx4j-tools-3.0.1.jar
Download https://jcenter.bintray.com/org/mortbay/jetty/servlet-api-2.5/6.1.9/servlet-api-2.5-6.1.9.jar
Download https://jcenter.bintray.com/org/seleniumhq/selenium/jetty-repacked/7.6.1/jetty-repacked-7.6.1.jar
Download https://jcenter.bintray.com/org/seleniumhq/selenium/jetty-rc-repacked/5/jetty-rc-repacked-5.jar
Download https://jcenter.bintray.com/net/jcip/jcip-annotations/1.0/jcip-annotations-1.0.jar
Download https://jcenter.bintray.com/org/yaml/snakeyaml/1.8/snakeyaml-1.8.jar
Download https://jcenter.bintray.com/commons-codec/commons-codec/1.9/commons-codec-1.9.jar
Download https://jcenter.bintray.com/org/seleniumhq/selenium/selenium-remote-driver/2.45.0/selenium-remote-driver-2.45.0.jar
Download https://jcenter.bintray.com/net/sourceforge/htmlunit/htmlunit/2.15/htmlunit-2.15.jar
Download https://jcenter.bintray.com/org/apache/httpcomponents/httpclient/4.3.6/httpclient-4.3.6.jar
Download https://jcenter.bintray.com/org/apache/commons/commons-exec/1.1/commons-exec-1.1.jar
Download https://jcenter.bintray.com/net/java/dev/jna/platform/3.4.0/platform-3.4.0.jar
Download https://jcenter.bintray.com/io/netty/netty/3.5.2.Final/netty-3.5.2.Final.jar
Download https://jcenter.bintray.com/cglib/cglib-nodep/2.1_3/cglib-nodep-2.1_3.jar
Download https://jcenter.bintray.com/org/seleniumhq/selenium/selenium-api/2.45.0/selenium-api-2.45.0.jar
Download https://jcenter.bintray.com/xalan/xalan/2.7.1/xalan-2.7.1.jar
Download https://jcenter.bintray.com/org/apache/commons/commons-lang3/3.3.2/commons-lang3-3.3.2.jar
Download https://jcenter.bintray.com/org/apache/httpcomponents/httpmime/4.3.3/httpmime-4.3.3.jar
Download https://jcenter.bintray.com/net/sourceforge/htmlunit/htmlunit-core-js/2.15/htmlunit-core-js-2.15.jar
Download https://jcenter.bintray.com/xerces/xercesImpl/2.11.0/xercesImpl-2.11.0.jar
Download https://jcenter.bintray.com/net/sourceforge/nekohtml/nekohtml/1.9.21/nekohtml-1.9.21.jar
Download https://jcenter.bintray.com/net/sourceforge/cssparser/cssparser/0.9.14/cssparser-0.9.14.jar
Download https://jcenter.bintray.com/org/eclipse/jetty/jetty-websocket/8.1.15.v20140411/jetty-websocket-8.1.15.v20140411.jar
Download https://jcenter.bintray.com/xalan/serializer/2.7.1/serializer-2.7.1.jar
Download https://jcenter.bintray.com/xml-apis/xml-apis/1.4.01/xml-apis-1.4.01.jar
Download https://jcenter.bintray.com/org/w3c/css/sac/1.3/sac-1.3.jar
Download https://jcenter.bintray.com/org/eclipse/jetty/jetty-util/8.1.15.v20140411/jetty-util-8.1.15.v20140411.jar
Download https://jcenter.bintray.com/org/eclipse/jetty/jetty-io/8.1.15.v20140411/jetty-io-8.1.15.v20140411.jar
Download https://jcenter.bintray.com/org/eclipse/jetty/jetty-http/8.1.15.v20140411/jetty-http-8.1.15.v20140411.jar
Download https://jcenter.bintray.com/org/apache/httpcomponents/httpcore/4.3.3/httpcore-4.3.3.jar
:compileJava/home/travis/build/failed/HubTurbo/HubTurbo/src/main/java/browserview/BrowserComponentStub.java:33: error: method does not override or implement a method from a supertype
    @Override
    ^
Note: /home/travis/build/failed/HubTurbo/HubTurbo/src/main/java/util/DialogMessage.java uses or overrides a deprecated API.
Note: Recompile with -Xlint:deprecation for details.
1 error
 FAILED

FAILURE: Build failed with an exception.

* What went wrong:
Execution failed for task ':compileJava'.
> Compilation failed; see the compiler error output for details.

* Try:
Run with --stacktrace option to get the stack trace. Run with --info or --debug option to get more log output.

BUILD FAILED

Total time: 1 mins 11.048 secs

[31;1mThe command "eval ./gradlew assemble " failed. Retrying, 2 of 3.[0m

:compileJava/home/travis/build/failed/HubTurbo/HubTurbo/src/main/java/browserview/BrowserComponentStub.java:33: error: method does not override or implement a method from a supertype
    @Override
    ^
Note: /home/travis/build/failed/HubTurbo/HubTurbo/src/main/java/util/DialogMessage.java uses or overrides a deprecated API.
Note: Recompile with -Xlint:deprecation for details.
1 error
 FAILED

FAILURE: Build failed with an exception.

* What went wrong:
Execution failed for task ':compileJava'.
> Compilation failed; see the compiler error output for details.

* Try:
Run with --stacktrace option to get the stack trace. Run with --info or --debug option to get more log output.

BUILD FAILED

Total time: 2.288 secs

[31;1mThe command "eval ./gradlew assemble " failed. Retrying, 3 of 3.[0m

:compileJava/home/travis/build/failed/HubTurbo/HubTurbo/src/main/java/browserview/BrowserComponentStub.java:33: error: method does not override or implement a method from a supertype
    @Override
    ^
Note: /home/travis/build/failed/HubTurbo/HubTurbo/src/main/java/util/DialogMessage.java uses or overrides a deprecated API.
Note: Recompile with -Xlint:deprecation for details.
1 error
 FAILED

FAILURE: Build failed with an exception.

* What went wrong:
Execution failed for task ':compileJava'.
> Compilation failed; see the compiler error output for details.

* Try:
Run with --stacktrace option to get the stack trace. Run with --info or --debug option to get more log output.

BUILD FAILED

Total time: 2.252 secs

[31;1mThe command "eval ./gradlew assemble " failed 3 times.[0m


travis_time:end:0c36ae78:start=1660887147606905167,finish=1660887227699111863,duration=80092206696[0K
[31;1mThe command "./gradlew assemble" failed and exited with 1 during .[0m

Your build has been stopped.
