travis_fold:start:system_info[0K[33;1mBuild system information[0m
Build language: java
Build group: stable
Build dist: precise
Build id: ''
Job id: ''
[34m[1mBuild image provisioning date and time[0m
Thu Feb  5 15:09:33 UTC 2015
[34m[1mOperating System Details[0m
Distributor ID:	Ubuntu
Description:	Ubuntu 12.04.5 LTS
Release:	12.04
Codename:	precise
[34m[1mLinux Version[0m
3.13.0-29-generic
[34m[1mCookbooks Version[0m
a68419e https://github.com/travis-ci/travis-cookbooks/tree/a68419e
[34m[1mGCC version[0m
gcc (Ubuntu/Linaro 4.6.3-1ubuntu5) 4.6.3
Copyright (C) 2011 Free Software Foundation, Inc.
This is free software; see the source for copying conditions.  There is NO
warranty; not even for MERCHANTABILITY or FITNESS FOR A PARTICULAR PURPOSE.

[34m[1mLLVM version[0m
clang version 3.4 (tags/RELEASE_34/final)
Target: x86_64-unknown-linux-gnu
Thread model: posix
[34m[1mPre-installed Ruby versions[0m
ruby-1.9.3-p551
[34m[1mPre-installed Node.js versions[0m
v0.10.36
[34m[1mPre-installed Go versions[0m
1.4.1
[34m[1mRedis version[0m
redis-server 2.8.19
[34m[1mriak version[0m
2.0.2
[34m[1mMongoDB version[0m
MongoDB 2.4.12
[34m[1mCouchDB version[0m
couchdb 1.6.1
[34m[1mNeo4j version[0m
1.9.4
[34m[1mRabbitMQ Version[0m
3.4.3
[34m[1mElasticSearch version[0m
1.4.0
[34m[1mInstalled Sphinx versions[0m
2.0.10
2.1.9
2.2.6
[34m[1mDefault Sphinx version[0m
2.2.6
[34m[1mInstalled Firefox version[0m
firefox 31.0esr
[34m[1mPhantomJS version[0m
1.9.8
[34m[1mant -version[0m
Apache Ant(TM) version 1.8.2 compiled on December 3 2011
[34m[1mmvn -version[0m
Apache Maven 3.2.5 (12a6b3acb947671f09b81f49094c53f426d8cea1; 2014-12-14T17:29:23+00:00)
Maven home: /usr/local/maven
Java version: 1.7.0_76, vendor: Oracle Corporation
Java home: /usr/lib/jvm/java-7-oracle/jre
Default locale: en_US, platform encoding: ANSI_X3.4-1968
OS name: "linux", version: "3.13.0-29-generic", arch: "amd64", family: "unix"
travis_fold:end:system_info[0K
W: Failed to fetch http://us.archive.ubuntu.com/ubuntu/dists/precise/main/source/Sources  404  Not Found [IP: 91.189.91.39 80]

W: Failed to fetch http://us.archive.ubuntu.com/ubuntu/dists/precise/restricted/source/Sources  404  Not Found [IP: 91.189.91.39 80]

W: Failed to fetch http://us.archive.ubuntu.com/ubuntu/dists/precise/universe/source/Sources  404  Not Found [IP: 91.189.91.39 80]

W: Failed to fetch http://us.archive.ubuntu.com/ubuntu/dists/precise/multiverse/source/Sources  404  Not Found [IP: 91.189.91.39 80]

W: Failed to fetch http://us.archive.ubuntu.com/ubuntu/dists/precise/main/binary-amd64/Packages  404  Not Found [IP: 91.189.91.39 80]

W: Failed to fetch http://us.archive.ubuntu.com/ubuntu/dists/precise/restricted/binary-amd64/Packages  404  Not Found [IP: 91.189.91.39 80]

W: Failed to fetch http://us.archive.ubuntu.com/ubuntu/dists/precise/universe/binary-amd64/Packages  404  Not Found [IP: 91.189.91.39 80]

W: Failed to fetch http://us.archive.ubuntu.com/ubuntu/dists/precise/multiverse/binary-amd64/Packages  404  Not Found [IP: 91.189.91.39 80]

W: Failed to fetch http://us.archive.ubuntu.com/ubuntu/dists/precise/main/binary-i386/Packages  404  Not Found [IP: 91.189.91.39 80]

W: Failed to fetch http://us.archive.ubuntu.com/ubuntu/dists/precise/restricted/binary-i386/Packages  404  Not Found [IP: 91.189.91.39 80]

W: Failed to fetch http://us.archive.ubuntu.com/ubuntu/dists/precise/universe/binary-i386/Packages  404  Not Found [IP: 91.189.91.39 80]

W: Failed to fetch http://us.archive.ubuntu.com/ubuntu/dists/precise/multiverse/binary-i386/Packages  404  Not Found [IP: 91.189.91.39 80]

W: Failed to fetch http://security.ubuntu.com/ubuntu/dists/precise-security/main/source/Sources  404  Not Found [IP: 91.189.91.39 80]

W: Failed to fetch http://security.ubuntu.com/ubuntu/dists/precise-security/restricted/source/Sources  404  Not Found [IP: 91.189.91.39 80]

W: Failed to fetch http://security.ubuntu.com/ubuntu/dists/precise-security/universe/source/Sources  404  Not Found [IP: 91.189.91.39 80]

W: Failed to fetch http://security.ubuntu.com/ubuntu/dists/precise-security/multiverse/source/Sources  404  Not Found [IP: 91.189.91.39 80]

W: Failed to fetch http://security.ubuntu.com/ubuntu/dists/precise-security/main/binary-amd64/Packages  404  Not Found [IP: 91.189.91.39 80]

W: Failed to fetch http://security.ubuntu.com/ubuntu/dists/precise-security/restricted/binary-amd64/Packages  404  Not Found [IP: 91.189.91.39 80]

W: Failed to fetch http://security.ubuntu.com/ubuntu/dists/precise-security/universe/binary-amd64/Packages  404  Not Found [IP: 91.189.91.39 80]

W: Failed to fetch http://security.ubuntu.com/ubuntu/dists/precise-security/multiverse/binary-amd64/Packages  404  Not Found [IP: 91.189.91.39 80]

W: Failed to fetch http://security.ubuntu.com/ubuntu/dists/precise-security/main/binary-i386/Packages  404  Not Found [IP: 91.189.91.39 80]

W: Failed to fetch http://security.ubuntu.com/ubuntu/dists/precise-security/restricted/binary-i386/Packages  404  Not Found [IP: 91.189.91.39 80]

W: Failed to fetch http://security.ubuntu.com/ubuntu/dists/precise-security/universe/binary-i386/Packages  404  Not Found [IP: 91.189.91.39 80]

W: Failed to fetch http://security.ubuntu.com/ubuntu/dists/precise-security/multiverse/binary-i386/Packages  404  Not Found [IP: 91.189.91.39 80]

W: Failed to fetch http://us.archive.ubuntu.com/ubuntu/dists/precise-updates/main/source/Sources  404  Not Found [IP: 91.189.91.39 80]

W: Failed to fetch http://us.archive.ubuntu.com/ubuntu/dists/precise-updates/restricted/source/Sources  404  Not Found [IP: 91.189.91.39 80]

W: Failed to fetch http://us.archive.ubuntu.com/ubuntu/dists/precise-updates/universe/source/Sources  404  Not Found [IP: 91.189.91.39 80]

W: Failed to fetch http://us.archive.ubuntu.com/ubuntu/dists/precise-updates/multiverse/source/Sources  404  Not Found [IP: 91.189.91.39 80]

W: Failed to fetch http://us.archive.ubuntu.com/ubuntu/dists/precise-updates/main/binary-amd64/Packages  404  Not Found [IP: 91.189.91.39 80]

W: Failed to fetch http://us.archive.ubuntu.com/ubuntu/dists/precise-updates/restricted/binary-amd64/Packages  404  Not Found [IP: 91.189.91.39 80]

W: Failed to fetch http://us.archive.ubuntu.com/ubuntu/dists/precise-updates/universe/binary-amd64/Packages  404  Not Found [IP: 91.189.91.39 80]

W: Failed to fetch http://us.archive.ubuntu.com/ubuntu/dists/precise-updates/multiverse/binary-amd64/Packages  404  Not Found [IP: 91.189.91.39 80]

W: Failed to fetch http://us.archive.ubuntu.com/ubuntu/dists/precise-updates/main/binary-i386/Packages  404  Not Found [IP: 91.189.91.39 80]

W: Failed to fetch http://us.archive.ubuntu.com/ubuntu/dists/precise-updates/restricted/binary-i386/Packages  404  Not Found [IP: 91.189.91.39 80]

W: Failed to fetch http://us.archive.ubuntu.com/ubuntu/dists/precise-updates/universe/binary-i386/Packages  404  Not Found [IP: 91.189.91.39 80]

W: Failed to fetch http://us.archive.ubuntu.com/ubuntu/dists/precise-updates/multiverse/binary-i386/Packages  404  Not Found [IP: 91.189.91.39 80]

W: Failed to fetch http://us.archive.ubuntu.com/ubuntu/dists/precise-backports/main/source/Sources  404  Not Found [IP: 91.189.91.39 80]

W: Failed to fetch http://us.archive.ubuntu.com/ubuntu/dists/precise-backports/restricted/source/Sources  404  Not Found [IP: 91.189.91.39 80]

W: Failed to fetch http://us.archive.ubuntu.com/ubuntu/dists/precise-backports/universe/source/Sources  404  Not Found [IP: 91.189.91.39 80]

W: Failed to fetch http://us.archive.ubuntu.com/ubuntu/dists/precise-backports/multiverse/source/Sources  404  Not Found [IP: 91.189.91.39 80]

W: Failed to fetch http://us.archive.ubuntu.com/ubuntu/dists/precise-backports/main/binary-amd64/Packages  404  Not Found [IP: 91.189.91.39 80]

W: Failed to fetch http://us.archive.ubuntu.com/ubuntu/dists/precise-backports/restricted/binary-amd64/Packages  404  Not Found [IP: 91.189.91.39 80]

W: Failed to fetch http://us.archive.ubuntu.com/ubuntu/dists/precise-backports/universe/binary-amd64/Packages  404  Not Found [IP: 91.189.91.39 80]

W: Failed to fetch http://us.archive.ubuntu.com/ubuntu/dists/precise-backports/multiverse/binary-amd64/Packages  404  Not Found [IP: 91.189.91.39 80]

W: Failed to fetch http://us.archive.ubuntu.com/ubuntu/dists/precise-backports/main/binary-i386/Packages  404  Not Found [IP: 91.189.91.39 80]

W: Failed to fetch http://us.archive.ubuntu.com/ubuntu/dists/precise-backports/restricted/binary-i386/Packages  404  Not Found [IP: 91.189.91.39 80]

W: Failed to fetch http://us.archive.ubuntu.com/ubuntu/dists/precise-backports/universe/binary-i386/Packages  404  Not Found [IP: 91.189.91.39 80]

W: Failed to fetch http://us.archive.ubuntu.com/ubuntu/dists/precise-backports/multiverse/binary-i386/Packages  404  Not Found [IP: 91.189.91.39 80]

W: Failed to fetch http://apt.postgresql.org/pub/repos/apt/dists/precise-pgdg/main/binary-amd64/Packages  404  Not Found [IP: 147.75.85.69 80]

W: Failed to fetch http://apt.postgresql.org/pub/repos/apt/dists/precise-pgdg/main/binary-i386/Packages  404  Not Found [IP: 147.75.85.69 80]

W: Failed to fetch http://ppa.launchpad.net/rwky/ppa/ubuntu/dists/precise/main/binary-amd64/Packages  403  Forbidden

W: Failed to fetch http://ppa.launchpad.net/rwky/ppa/ubuntu/dists/precise/main/binary-i386/Packages  403  Forbidden

W: Failed to fetch http://ppa.launchpad.net/travis-ci/zero-mq/ubuntu/dists/precise/main/binary-amd64/Packages  403  Forbidden

W: Failed to fetch http://ppa.launchpad.net/travis-ci/zero-mq/ubuntu/dists/precise/main/binary-i386/Packages  403  Forbidden

W: Failed to fetch http://downloads-distro.mongodb.org/repo/debian-sysvinit/dists/dist/10gen/binary-amd64/Packages  Undetermined Error [IP: 52.206.222.245 80]

W: Failed to fetch http://downloads-distro.mongodb.org/repo/debian-sysvinit/dists/dist/10gen/binary-i386/Packages  Undetermined Error [IP: 52.206.222.245 80]

E: Some index files failed to download. They have been ignored, or old ones used instead.
sed: cannot rename /etc/hosts: Device or resource busy
sed: cannot rename /etc/hosts: Device or resource busy
$ jdk_switcher use oraclejdk8
Switching to Oracle JDK8 (java-8-oracle), JAVA_HOME will be set to /usr/lib/jvm/java-8-oracle
$ cd failed/stagemonitor/stagemonitor

[33;1mSetting environment variables from .travis.yml[0m
$ export GH_TOKEN=[secure]
$ export COVERITY_SCAN_TOKEN=[secure]
$ export TERM=dumb

$ export TERM=dumb
travis_fold:start:cache.1[0KSetting up build cache
$ export CASHER_DIR=$HOME/.casher
travis_time:start:1498bd28[0K$ Installing caching utilities

travis_time:end:1498bd28:start=1660925974754958166,finish=1660925974987606990,duration=232648824[0Ktravis_time:start:01d50a7e[0K
travis_time:end:01d50a7e:start=1660925975000781468,finish=1660925975008010808,duration=7229340[0Ktravis_time:start:052e639c[0K/home/travis/.casher/bin/casher:213:in `cache_archive_name': undefined method `[]' for nil:NilClass (NoMethodError)
	from /home/travis/.casher/bin/casher:65:in `block in fetch'
	from /home/travis/.casher/bin/casher:64:in `each'
	from /home/travis/.casher/bin/casher:64:in `fetch'
	from /home/travis/.casher/bin/casher:53:in `block in run'
	from /home/travis/.rvm/rubies/ruby-1.9.3-p551/lib/ruby/1.9.1/timeout.rb:69:in `timeout'
	from /home/travis/.casher/bin/casher:53:in `run'
	from /home/travis/.casher/bin/casher:263:in `<main>'
[32;1mattempting to download cache archive[0m

travis_time:end:052e639c:start=1660925975017520310,finish=1660925975903463807,duration=885943497[0Ktravis_time:start:139540f4[0K
travis_time:end:139540f4:start=1660925975915132762,finish=1660925975922708877,duration=7576115[0Ktravis_time:start:1a16cef2[0K[32;1madding /home/travis/.m2 to cache[0m
[32;1madding /home/travis/.gradle to cache[0m
[32;1mcreating directory /home/travis/.gradle[0m

travis_time:end:1a16cef2:start=1660925975940165018,finish=1660925976875952258,duration=935787240[0Ktravis_fold:end:cache.1[0K$ java -Xmx32m -version
java version "1.8.0_31"
Java(TM) SE Runtime Environment (build 1.8.0_31-b13)
Java HotSpot(TM) 64-Bit Server VM (build 25.31-b07, mixed mode)
$ javac -J-Xmx32m -version
javac 1.8.0_31
travis_fold:start:install[0Ktravis_time:start:01b5e015[0K$ ./gradlew assemble --stacktrace
Downloading https://services.gradle.org/distributions/gradle-2.12-all.zip
...................................................................................................................................................................................................................................................................................................................................................................................................................................................................................................................................................................................................................................................................................................................................................................................................................................................................................................................................................................................................................................................................................................................................................................................................................................................................................................................................................................................................................................................................................................................................................................................................................................................................................................................................................................................................................................................................................................................................................................................................................................................................................................................................................................................................................................................................................................................................................................................................................................................................................................................................................................................................................................................................................................................................................................................................................................................................................................................................................................................................................................................................................................................................................................................................................................................................................................................................................................................................................................................................................................................................................................................................................
Unzipping /home/travis/.gradle/wrapper/dists/gradle-2.12-all/8ywkdai6puj5z81fume4e7njw/gradle-2.12-all.zip to /home/travis/.gradle/wrapper/dists/gradle-2.12-all/8ywkdai6puj5z81fume4e7njw
Set executable permissions for: /home/travis/.gradle/wrapper/dists/gradle-2.12-all/8ywkdai6puj5z81fume4e7njw/gradle-2.12/bin/gradle
Download https://repo1.maven.org/maven2/net/saliman/gradle-cobertura-plugin/2.3.0/gradle-cobertura-plugin-2.3.0.pom
Download https://repo1.maven.org/maven2/org/kt3k/gradle/plugin/coveralls-gradle-plugin/2.6.3/coveralls-gradle-plugin-2.6.3.pom
Download https://repo1.maven.org/maven2/com/bmuschko/gradle-nexus-plugin/2.3.1/gradle-nexus-plugin-2.3.1.pom
Download https://jcenter.bintray.com/com/github/ben-manes/gradle-versions-plugin/0.12.0/gradle-versions-plugin-0.12.0.pom
Download https://repo1.maven.org/maven2/net/researchgate/gradle-release/2.3.5/gradle-release-2.3.5.pom
Download https://repo1.maven.org/maven2/org/apache/httpcomponents/httpmime/4.3/httpmime-4.3.pom
Download https://repo1.maven.org/maven2/org/apache/httpcomponents/httpcomponents-client/4.3/httpcomponents-client-4.3.pom
Download https://repo1.maven.org/maven2/org/apache/httpcomponents/project/7/project-7.pom
Download https://repo1.maven.org/maven2/org/apache/apache/13/apache-13.pom
Download https://repo1.maven.org/maven2/org/eclipse/jgit/org.eclipse.jgit/3.6.0.201412230720-r/org.eclipse.jgit-3.6.0.201412230720-r.pom
Download https://repo1.maven.org/maven2/org/eclipse/jgit/org.eclipse.jgit-parent/3.6.0.201412230720-r/org.eclipse.jgit-parent-3.6.0.201412230720-r.pom
Download https://repo1.maven.org/maven2/org/codehaus/groovy/modules/http-builder/http-builder/0.7.1/http-builder-0.7.1.pom
Download https://repo1.maven.org/maven2/com/thoughtworks/xstream/xstream/1.4.7/xstream-1.4.7.pom
Download https://repo1.maven.org/maven2/com/thoughtworks/xstream/xstream-parent/1.4.7/xstream-parent-1.4.7.pom
Download https://repo1.maven.org/maven2/org/codehaus/codehaus-parent/3/codehaus-parent-3.pom
Download https://repo1.maven.org/maven2/org/apache/httpcomponents/httpclient/4.3/httpclient-4.3.pom
Download https://repo1.maven.org/maven2/com/jcraft/jsch/0.1.50/jsch-0.1.50.pom
Download https://repo1.maven.org/maven2/org/sonatype/oss/oss-parent/6/oss-parent-6.pom
Download https://repo1.maven.org/maven2/com/googlecode/javaewah/JavaEWAH/0.7.9/JavaEWAH-0.7.9.pom
Download https://repo1.maven.org/maven2/org/sonatype/oss/oss-parent/5/oss-parent-5.pom
Download https://repo1.maven.org/maven2/net/sf/json-lib/json-lib/2.3/json-lib-2.3.pom
Download https://repo1.maven.org/maven2/net/sourceforge/nekohtml/nekohtml/1.9.16/nekohtml-1.9.16.pom
Download https://repo1.maven.org/maven2/xml-resolver/xml-resolver/1.2/xml-resolver-1.2.pom
Download https://repo1.maven.org/maven2/org/apache/apache/3/apache-3.pom
Download https://repo1.maven.org/maven2/xmlpull/xmlpull/1.1.3.1/xmlpull-1.1.3.1.pom
Download https://repo1.maven.org/maven2/xpp3/xpp3_min/1.1.4c/xpp3_min-1.1.4c.pom
Download https://repo1.maven.org/maven2/commons-beanutils/commons-beanutils/1.8.0/commons-beanutils-1.8.0.pom
Download https://repo1.maven.org/maven2/org/apache/commons/commons-parent/11/commons-parent-11.pom
Download https://repo1.maven.org/maven2/org/apache/apache/4/apache-4.pom
Download https://repo1.maven.org/maven2/commons-collections/commons-collections/3.2.1/commons-collections-3.2.1.pom
Download https://repo1.maven.org/maven2/org/apache/commons/commons-parent/9/commons-parent-9.pom
Download https://repo1.maven.org/maven2/commons-lang/commons-lang/2.4/commons-lang-2.4.pom
Download https://repo1.maven.org/maven2/commons-logging/commons-logging/1.1.1/commons-logging-1.1.1.pom
Download https://repo1.maven.org/maven2/org/apache/commons/commons-parent/5/commons-parent-5.pom
Download https://repo1.maven.org/maven2/net/sf/ezmorph/ezmorph/1.0.6/ezmorph-1.0.6.pom
Download https://repo1.maven.org/maven2/xerces/xercesImpl/2.9.1/xercesImpl-2.9.1.pom
Download https://repo1.maven.org/maven2/xml-apis/xml-apis/1.3.04/xml-apis-1.3.04.pom
Download https://repo1.maven.org/maven2/org/apache/httpcomponents/httpcore/4.3/httpcore-4.3.pom
Download https://repo1.maven.org/maven2/org/apache/httpcomponents/httpcomponents-core/4.3/httpcomponents-core-4.3.pom
Download https://repo1.maven.org/maven2/commons-codec/commons-codec/1.6/commons-codec-1.6.pom
Download https://repo1.maven.org/maven2/org/apache/commons/commons-parent/22/commons-parent-22.pom
Download https://repo1.maven.org/maven2/org/apache/apache/9/apache-9.pom
Download https://repo1.maven.org/maven2/commons-logging/commons-logging/1.1.3/commons-logging-1.1.3.pom
Download https://repo1.maven.org/maven2/org/apache/commons/commons-parent/28/commons-parent-28.pom
Download https://repo1.maven.org/maven2/net/saliman/gradle-cobertura-plugin/2.3.0/gradle-cobertura-plugin-2.3.0.jar
Download https://repo1.maven.org/maven2/org/kt3k/gradle/plugin/coveralls-gradle-plugin/2.6.3/coveralls-gradle-plugin-2.6.3.jar
Download https://repo1.maven.org/maven2/com/bmuschko/gradle-nexus-plugin/2.3.1/gradle-nexus-plugin-2.3.1.jar
Download https://jcenter.bintray.com/com/github/ben-manes/gradle-versions-plugin/0.12.0/gradle-versions-plugin-0.12.0.jar
Download https://repo1.maven.org/maven2/net/researchgate/gradle-release/2.3.5/gradle-release-2.3.5.jar
Download https://repo1.maven.org/maven2/org/apache/httpcomponents/httpmime/4.3/httpmime-4.3.jar
Download https://repo1.maven.org/maven2/org/eclipse/jgit/org.eclipse.jgit/3.6.0.201412230720-r/org.eclipse.jgit-3.6.0.201412230720-r.jar
Download https://repo1.maven.org/maven2/org/codehaus/groovy/modules/http-builder/http-builder/0.7.1/http-builder-0.7.1.jar
Download https://repo1.maven.org/maven2/com/thoughtworks/xstream/xstream/1.4.7/xstream-1.4.7.jar
Download https://repo1.maven.org/maven2/org/apache/httpcomponents/httpclient/4.3/httpclient-4.3.jar
Download https://repo1.maven.org/maven2/com/jcraft/jsch/0.1.50/jsch-0.1.50.jar
Download https://repo1.maven.org/maven2/com/googlecode/javaewah/JavaEWAH/0.7.9/JavaEWAH-0.7.9.jar
Download https://repo1.maven.org/maven2/net/sf/json-lib/json-lib/2.3/json-lib-2.3-jdk15.jar
Download https://repo1.maven.org/maven2/net/sourceforge/nekohtml/nekohtml/1.9.16/nekohtml-1.9.16.jar
Download https://repo1.maven.org/maven2/xml-resolver/xml-resolver/1.2/xml-resolver-1.2.jar
Download https://repo1.maven.org/maven2/xmlpull/xmlpull/1.1.3.1/xmlpull-1.1.3.1.jar
Download https://repo1.maven.org/maven2/xpp3/xpp3_min/1.1.4c/xpp3_min-1.1.4c.jar
Download https://repo1.maven.org/maven2/commons-beanutils/commons-beanutils/1.8.0/commons-beanutils-1.8.0.jar
Download https://repo1.maven.org/maven2/commons-collections/commons-collections/3.2.1/commons-collections-3.2.1.jar
Download https://repo1.maven.org/maven2/commons-lang/commons-lang/2.4/commons-lang-2.4.jar
Download https://repo1.maven.org/maven2/net/sf/ezmorph/ezmorph/1.0.6/ezmorph-1.0.6.jar
Download https://repo1.maven.org/maven2/xerces/xercesImpl/2.9.1/xercesImpl-2.9.1.jar
Download https://repo1.maven.org/maven2/xml-apis/xml-apis/1.3.04/xml-apis-1.3.04.jar
Download https://repo1.maven.org/maven2/org/apache/httpcomponents/httpcore/4.3/httpcore-4.3.jar
Download https://repo1.maven.org/maven2/commons-codec/commons-codec/1.6/commons-codec-1.6.jar
Download https://repo1.maven.org/maven2/commons-logging/commons-logging/1.1.3/commons-logging-1.1.3.jar
Incremental java compilation is an incubating feature.
Download https://plugins.gradle.org/m2/gradle/plugin/me/champeau/gradle/jmh-gradle-plugin/0.3.0/jmh-gradle-plugin-0.3.0.pom
Download https://plugins.gradle.org/m2/gradle/plugin/me/champeau/gradle/jmh-gradle-plugin/0.3.0/jmh-gradle-plugin-0.3.0.jar
Download https://plugins.gradle.org/m2/com/moowork/gradle/gradle-node-plugin/0.12/gradle-node-plugin-0.12.pom
Download https://plugins.gradle.org/m2/com/moowork/gradle/gradle-node-plugin/0.12/gradle-node-plugin-0.12.jar
Defining custom 'build' task when using the standard Gradle lifecycle plugins has been deprecated and is scheduled to be removed in Gradle 3.0
:compileJava UP-TO-DATE
:processResources UP-TO-DATE
:classes UP-TO-DATE
:jar
:assemble
:stagemonitor-dispatcher:compileJava
:stagemonitor-dispatcher:compileJava - is not incremental (e.g. outputs have changed, no previous execution, etc.).
warning: [options] bootstrap class path not set in conjunction with -source 1.6
1 warning
:stagemonitor-dispatcher:processResources UP-TO-DATE
:stagemonitor-dispatcher:classes
:stagemonitor-dispatcher:jar
:stagemonitor-core:compileJava
Download https://repo1.maven.org/maven2/org/slf4j/slf4j-api/1.7.21/slf4j-api-1.7.21.pom
Download https://repo1.maven.org/maven2/org/slf4j/slf4j-parent/1.7.21/slf4j-parent-1.7.21.pom
Download https://repo1.maven.org/maven2/io/dropwizard/metrics/metrics-core/3.1.2/metrics-core-3.1.2.pom
Download https://repo1.maven.org/maven2/io/dropwizard/metrics/metrics-parent/3.1.2/metrics-parent-3.1.2.pom
Download https://repo1.maven.org/maven2/io/dropwizard/metrics/metrics-graphite/3.1.2/metrics-graphite-3.1.2.pom
Download https://repo1.maven.org/maven2/io/dropwizard/metrics/metrics-annotation/3.1.2/metrics-annotation-3.1.2.pom
Download https://repo1.maven.org/maven2/io/dropwizard/metrics/metrics-json/3.1.2/metrics-json-3.1.2.pom
Download https://repo1.maven.org/maven2/com/fasterxml/jackson/core/jackson-databind/2.7.4/jackson-databind-2.7.4.pom
Download https://repo1.maven.org/maven2/com/fasterxml/jackson/jackson-parent/2.7/jackson-parent-2.7.pom
Download https://repo1.maven.org/maven2/com/fasterxml/oss-parent/25/oss-parent-25.pom
Download https://repo1.maven.org/maven2/com/fasterxml/jackson/module/jackson-module-afterburner/2.7.4/jackson-module-afterburner-2.7.4.pom
Download https://repo1.maven.org/maven2/com/fasterxml/jackson/module/jackson-modules-base/2.7.4/jackson-modules-base-2.7.4.pom
Download https://repo1.maven.org/maven2/net/bytebuddy/byte-buddy/1.4.1/byte-buddy-1.4.1.pom
Download https://repo1.maven.org/maven2/net/bytebuddy/byte-buddy-parent/1.4.1/byte-buddy-parent-1.4.1.pom
Download https://repo1.maven.org/maven2/net/bytebuddy/byte-buddy-agent/1.4.1/byte-buddy-agent-1.4.1.pom
Download https://repo1.maven.org/maven2/io/prometheus/simpleclient/0.0.14/simpleclient-0.0.14.pom
Download https://repo1.maven.org/maven2/io/prometheus/parent/0.0.14/parent-0.0.14.pom
Download https://repo1.maven.org/maven2/org/sonatype/oss/oss-parent/7/oss-parent-7.pom
Download https://repo1.maven.org/maven2/com/fasterxml/jackson/core/jackson-core/2.7.4/jackson-core-2.7.4.pom
Download https://repo1.maven.org/maven2/com/fasterxml/jackson/core/jackson-annotations/2.7.0/jackson-annotations-2.7.0.pom
Download https://repo1.maven.org/maven2/org/slf4j/slf4j-api/1.7.21/slf4j-api-1.7.21.jar
Download https://repo1.maven.org/maven2/io/dropwizard/metrics/metrics-core/3.1.2/metrics-core-3.1.2.jar
Download https://repo1.maven.org/maven2/io/dropwizard/metrics/metrics-graphite/3.1.2/metrics-graphite-3.1.2.jar
Download https://repo1.maven.org/maven2/io/dropwizard/metrics/metrics-annotation/3.1.2/metrics-annotation-3.1.2.jar
Download https://repo1.maven.org/maven2/io/dropwizard/metrics/metrics-json/3.1.2/metrics-json-3.1.2.jar
Download https://repo1.maven.org/maven2/com/fasterxml/jackson/core/jackson-databind/2.7.4/jackson-databind-2.7.4.jar
Download https://repo1.maven.org/maven2/com/fasterxml/jackson/module/jackson-module-afterburner/2.7.4/jackson-module-afterburner-2.7.4.jar
Download https://repo1.maven.org/maven2/net/bytebuddy/byte-buddy/1.4.1/byte-buddy-1.4.1.jar
Download https://repo1.maven.org/maven2/net/bytebuddy/byte-buddy-agent/1.4.1/byte-buddy-agent-1.4.1.jar
Download https://repo1.maven.org/maven2/io/prometheus/simpleclient/0.0.14/simpleclient-0.0.14.jar
Download https://repo1.maven.org/maven2/com/fasterxml/jackson/core/jackson-core/2.7.4/jackson-core-2.7.4.jar
Download https://repo1.maven.org/maven2/com/fasterxml/jackson/core/jackson-annotations/2.7.0/jackson-annotations-2.7.0.jar
:stagemonitor-core:compileJava - is not incremental (e.g. outputs have changed, no previous execution, etc.).
warning: [options] bootstrap class path not set in conjunction with -source 1.6
/home/travis/build/failed/stagemonitor/stagemonitor/stagemonitor-core/src/main/java/org/stagemonitor/core/instrument/CallerUtil.java:7: warning: JavaLangAccess is internal proprietary API and may be removed in a future release
import sun.misc.JavaLangAccess;
               ^
/home/travis/build/failed/stagemonitor/stagemonitor/stagemonitor-core/src/main/java/org/stagemonitor/core/instrument/CallerUtil.java:8: warning: SharedSecrets is internal proprietary API and may be removed in a future release
import sun.misc.SharedSecrets;
               ^
/home/travis/.gradle/caches/modules-2/files-2.1/net.bytebuddy/byte-buddy-agent/1.4.1/807ed4d84945e6358720399149983d2435ab81be/byte-buddy-agent-1.4.1.jar(net/bytebuddy/agent/ByteBuddyAgent.class): warning: Cannot find annotation method 'value()' in type 'SuppressFBWarnings': class file for edu.umd.cs.findbugs.annotations.SuppressFBWarnings not found
/home/travis/.gradle/caches/modules-2/files-2.1/net.bytebuddy/byte-buddy-agent/1.4.1/807ed4d84945e6358720399149983d2435ab81be/byte-buddy-agent-1.4.1.jar(net/bytebuddy/agent/ByteBuddyAgent.class): warning: Cannot find annotation method 'justification()' in type 'SuppressFBWarnings'
/home/travis/.gradle/caches/modules-2/files-2.1/net.bytebuddy/byte-buddy-agent/1.4.1/807ed4d84945e6358720399149983d2435ab81be/byte-buddy-agent-1.4.1.jar(net/bytebuddy/agent/ByteBuddyAgent$AttachmentProvider.class): warning: Cannot find annotation method 'value()' in type 'SuppressFBWarnings'
/home/travis/.gradle/caches/modules-2/files-2.1/net.bytebuddy/byte-buddy-agent/1.4.1/807ed4d84945e6358720399149983d2435ab81be/byte-buddy-agent-1.4.1.jar(net/bytebuddy/agent/ByteBuddyAgent$AttachmentProvider.class): warning: Cannot find annotation method 'justification()' in type 'SuppressFBWarnings'
/home/travis/.gradle/caches/modules-2/files-2.1/net.bytebuddy/byte-buddy/1.4.1/24e7ef7b77232781d299d390dbd70ad71b046c3e/byte-buddy-1.4.1.jar(net/bytebuddy/dynamic/scaffold/MethodGraph$Compiler.class): warning: Cannot find annotation method 'value()' in type 'SuppressFBWarnings'
/home/travis/.gradle/caches/modules-2/files-2.1/net.bytebuddy/byte-buddy/1.4.1/24e7ef7b77232781d299d390dbd70ad71b046c3e/byte-buddy-1.4.1.jar(net/bytebuddy/dynamic/scaffold/MethodGraph$Compiler.class): warning: Cannot find annotation method 'justification()' in type 'SuppressFBWarnings'
/home/travis/.gradle/caches/modules-2/files-2.1/net.bytebuddy/byte-buddy/1.4.1/24e7ef7b77232781d299d390dbd70ad71b046c3e/byte-buddy-1.4.1.jar(net/bytebuddy/implementation/auxiliary/AuxiliaryType.class): warning: Cannot find annotation method 'value()' in type 'SuppressFBWarnings'
/home/travis/.gradle/caches/modules-2/files-2.1/net.bytebuddy/byte-buddy/1.4.1/24e7ef7b77232781d299d390dbd70ad71b046c3e/byte-buddy-1.4.1.jar(net/bytebuddy/implementation/auxiliary/AuxiliaryType.class): warning: Cannot find annotation method 'justification()' in type 'SuppressFBWarnings'
/home/travis/.gradle/caches/modules-2/files-2.1/net.bytebuddy/byte-buddy/1.4.1/24e7ef7b77232781d299d390dbd70ad71b046c3e/byte-buddy-1.4.1.jar(net/bytebuddy/ClassFileVersion.class): warning: Cannot find annotation method 'value()' in type 'SuppressFBWarnings'
/home/travis/.gradle/caches/modules-2/files-2.1/net.bytebuddy/byte-buddy/1.4.1/24e7ef7b77232781d299d390dbd70ad71b046c3e/byte-buddy-1.4.1.jar(net/bytebuddy/ClassFileVersion.class): warning: Cannot find annotation method 'justification()' in type 'SuppressFBWarnings'
/home/travis/build/failed/stagemonitor/stagemonitor/stagemonitor-core/src/main/java/org/stagemonitor/core/instrument/AutoEvictingCachingBinaryLocator.java:45: error: cannot find symbol
			cacheProvider = TypePool.CacheProvider.Simple.withObjectType();
			                                             ^
  symbol:   method withObjectType()
  location: class Simple
/home/travis/build/failed/stagemonitor/stagemonitor/stagemonitor-core/src/main/java/org/stagemonitor/core/instrument/CallerUtil.java:16: warning: SharedSecrets is internal proprietary API and may be removed in a future release
			javaLangAccessObject = SharedSecrets.getJavaLangAccess();
			                       ^
/home/travis/build/failed/stagemonitor/stagemonitor/stagemonitor-core/src/main/java/org/stagemonitor/core/instrument/CallerUtil.java:42: warning: JavaLangAccess is internal proprietary API and may be removed in a future release
		final JavaLangAccess javaLangAccess = (JavaLangAccess) javaLangAccessObject;
		      ^
/home/travis/build/failed/stagemonitor/stagemonitor/stagemonitor-core/src/main/java/org/stagemonitor/core/instrument/CallerUtil.java:42: warning: JavaLangAccess is internal proprietary API and may be removed in a future release
		final JavaLangAccess javaLangAccess = (JavaLangAccess) javaLangAccessObject;
		                                       ^
/home/travis/.gradle/caches/modules-2/files-2.1/net.bytebuddy/byte-buddy/1.4.1/24e7ef7b77232781d299d390dbd70ad71b046c3e/byte-buddy-1.4.1.jar(net/bytebuddy/description/type/TypeDescription$AbstractBase.class): warning: Cannot find annotation method 'value()' in type 'SuppressFBWarnings'
/home/travis/.gradle/caches/modules-2/files-2.1/net.bytebuddy/byte-buddy/1.4.1/24e7ef7b77232781d299d390dbd70ad71b046c3e/byte-buddy-1.4.1.jar(net/bytebuddy/description/type/TypeDescription$AbstractBase.class): warning: Cannot find annotation method 'justification()' in type 'SuppressFBWarnings'
/home/travis/.gradle/caches/modules-2/files-2.1/net.bytebuddy/byte-buddy/1.4.1/24e7ef7b77232781d299d390dbd70ad71b046c3e/byte-buddy-1.4.1.jar(net/bytebuddy/description/type/TypeList.class): warning: Cannot find annotation method 'value()' in type 'SuppressFBWarnings'
/home/travis/.gradle/caches/modules-2/files-2.1/net.bytebuddy/byte-buddy/1.4.1/24e7ef7b77232781d299d390dbd70ad71b046c3e/byte-buddy-1.4.1.jar(net/bytebuddy/description/type/TypeList.class): warning: Cannot find annotation method 'justification()' in type 'SuppressFBWarnings'
Note: /home/travis/build/failed/stagemonitor/stagemonitor/stagemonitor-core/src/main/java/org/stagemonitor/core/Stagemonitor.java uses or overrides a deprecated API.
Note: Recompile with -Xlint:deprecation for details.
Note: Some input files use unchecked or unsafe operations.
Note: Recompile with -Xlint:unchecked for details.
1 error
20 warnings
:stagemonitor-core:compileJava FAILED

FAILURE: Build failed with an exception.

* What went wrong:
Execution failed for task ':stagemonitor-core:compileJava'.
> Compilation failed; see the compiler error output for details.

* Try:
Run with --info or --debug option to get more log output.

* Exception is:
org.gradle.api.tasks.TaskExecutionException: Execution failed for task ':stagemonitor-core:compileJava'.
	at org.gradle.api.internal.tasks.execution.ExecuteActionsTaskExecuter.executeActions(ExecuteActionsTaskExecuter.java:69)
	at org.gradle.api.internal.tasks.execution.ExecuteActionsTaskExecuter.execute(ExecuteActionsTaskExecuter.java:46)
	at org.gradle.api.internal.tasks.execution.PostExecutionAnalysisTaskExecuter.execute(PostExecutionAnalysisTaskExecuter.java:35)
	at org.gradle.api.internal.tasks.execution.SkipUpToDateTaskExecuter.execute(SkipUpToDateTaskExecuter.java:64)
	at org.gradle.api.internal.tasks.execution.ValidatingTaskExecuter.execute(ValidatingTaskExecuter.java:58)
	at org.gradle.api.internal.tasks.execution.SkipEmptySourceFilesTaskExecuter.execute(SkipEmptySourceFilesTaskExecuter.java:52)
	at org.gradle.api.internal.tasks.execution.SkipTaskWithNoActionsExecuter.execute(SkipTaskWithNoActionsExecuter.java:52)
	at org.gradle.api.internal.tasks.execution.SkipOnlyIfTaskExecuter.execute(SkipOnlyIfTaskExecuter.java:53)
	at org.gradle.api.internal.tasks.execution.ExecuteAtMostOnceTaskExecuter.execute(ExecuteAtMostOnceTaskExecuter.java:43)
	at org.gradle.execution.taskgraph.DefaultTaskGraphExecuter$EventFiringTaskWorker.execute(DefaultTaskGraphExecuter.java:203)
	at org.gradle.execution.taskgraph.DefaultTaskGraphExecuter$EventFiringTaskWorker.execute(DefaultTaskGraphExecuter.java:185)
	at org.gradle.execution.taskgraph.AbstractTaskPlanExecutor$TaskExecutorWorker.processTask(AbstractTaskPlanExecutor.java:66)
	at org.gradle.execution.taskgraph.AbstractTaskPlanExecutor$TaskExecutorWorker.run(AbstractTaskPlanExecutor.java:50)
	at org.gradle.execution.taskgraph.DefaultTaskPlanExecutor.process(DefaultTaskPlanExecutor.java:25)
	at org.gradle.execution.taskgraph.DefaultTaskGraphExecuter.execute(DefaultTaskGraphExecuter.java:110)
	at org.gradle.execution.SelectedTaskExecutionAction.execute(SelectedTaskExecutionAction.java:37)
	at org.gradle.execution.DefaultBuildExecuter.execute(DefaultBuildExecuter.java:37)
	at org.gradle.execution.DefaultBuildExecuter.access$000(DefaultBuildExecuter.java:23)
	at org.gradle.execution.DefaultBuildExecuter$1.proceed(DefaultBuildExecuter.java:43)
	at org.gradle.execution.DryRunBuildExecutionAction.execute(DryRunBuildExecutionAction.java:32)
	at org.gradle.execution.DefaultBuildExecuter.execute(DefaultBuildExecuter.java:37)
	at org.gradle.execution.DefaultBuildExecuter.execute(DefaultBuildExecuter.java:30)
	at org.gradle.initialization.DefaultGradleLauncher$4.run(DefaultGradleLauncher.java:154)
	at org.gradle.internal.Factories$1.create(Factories.java:22)
	at org.gradle.internal.progress.DefaultBuildOperationExecutor.run(DefaultBuildOperationExecutor.java:90)
	at org.gradle.internal.progress.DefaultBuildOperationExecutor.run(DefaultBuildOperationExecutor.java:52)
	at org.gradle.initialization.DefaultGradleLauncher.doBuildStages(DefaultGradleLauncher.java:151)
	at org.gradle.initialization.DefaultGradleLauncher.access$200(DefaultGradleLauncher.java:32)
	at org.gradle.initialization.DefaultGradleLauncher$1.create(DefaultGradleLauncher.java:99)
	at org.gradle.initialization.DefaultGradleLauncher$1.create(DefaultGradleLauncher.java:93)
	at org.gradle.internal.progress.DefaultBuildOperationExecutor.run(DefaultBuildOperationExecutor.java:90)
	at org.gradle.internal.progress.DefaultBuildOperationExecutor.run(DefaultBuildOperationExecutor.java:62)
	at org.gradle.initialization.DefaultGradleLauncher.doBuild(DefaultGradleLauncher.java:93)
	at org.gradle.initialization.DefaultGradleLauncher.run(DefaultGradleLauncher.java:82)
	at org.gradle.launcher.exec.InProcessBuildActionExecuter$DefaultBuildController.run(InProcessBuildActionExecuter.java:94)
	at org.gradle.tooling.internal.provider.ExecuteBuildActionRunner.run(ExecuteBuildActionRunner.java:28)
	at org.gradle.launcher.exec.ChainingBuildActionRunner.run(ChainingBuildActionRunner.java:35)
	at org.gradle.launcher.exec.InProcessBuildActionExecuter.execute(InProcessBuildActionExecuter.java:43)
	at org.gradle.launcher.exec.InProcessBuildActionExecuter.execute(InProcessBuildActionExecuter.java:28)
	at org.gradle.launcher.exec.ContinuousBuildActionExecuter.execute(ContinuousBuildActionExecuter.java:75)
	at org.gradle.launcher.exec.ContinuousBuildActionExecuter.execute(ContinuousBuildActionExecuter.java:45)
	at org.gradle.launcher.exec.DaemonUsageSuggestingBuildActionExecuter.execute(DaemonUsageSuggestingBuildActionExecuter.java:51)
	at org.gradle.launcher.exec.DaemonUsageSuggestingBuildActionExecuter.execute(DaemonUsageSuggestingBuildActionExecuter.java:28)
	at org.gradle.launcher.cli.RunBuildAction.run(RunBuildAction.java:43)
	at org.gradle.internal.Actions$RunnableActionAdapter.execute(Actions.java:170)
	at org.gradle.launcher.cli.CommandLineActionFactory$ParseAndBuildAction.execute(CommandLineActionFactory.java:237)
	at org.gradle.launcher.cli.CommandLineActionFactory$ParseAndBuildAction.execute(CommandLineActionFactory.java:210)
	at org.gradle.launcher.cli.JavaRuntimeValidationAction.execute(JavaRuntimeValidationAction.java:35)
	at org.gradle.launcher.cli.JavaRuntimeValidationAction.execute(JavaRuntimeValidationAction.java:24)
	at org.gradle.launcher.cli.CommandLineActionFactory$WithLogging.execute(CommandLineActionFactory.java:206)
	at org.gradle.launcher.cli.CommandLineActionFactory$WithLogging.execute(CommandLineActionFactory.java:169)
	at org.gradle.launcher.cli.ExceptionReportingAction.execute(ExceptionReportingAction.java:33)
	at org.gradle.launcher.cli.ExceptionReportingAction.execute(ExceptionReportingAction.java:22)
	at org.gradle.launcher.Main.doAction(Main.java:33)
	at org.gradle.launcher.bootstrap.EntryPoint.run(EntryPoint.java:45)
	at org.gradle.launcher.bootstrap.ProcessBootstrap.runNoExit(ProcessBootstrap.java:54)
	at org.gradle.launcher.bootstrap.ProcessBootstrap.run(ProcessBootstrap.java:35)
	at org.gradle.launcher.GradleMain.main(GradleMain.java:23)
	at org.gradle.wrapper.BootstrapMainStarter.start(BootstrapMainStarter.java:30)
	at org.gradle.wrapper.WrapperExecutor.execute(WrapperExecutor.java:129)
	at org.gradle.wrapper.GradleWrapperMain.main(GradleWrapperMain.java:61)
Caused by: org.gradle.api.internal.tasks.compile.CompilationFailedException: Compilation failed; see the compiler error output for details.
	at org.gradle.api.internal.tasks.compile.JdkJavaCompiler.execute(JdkJavaCompiler.java:48)
	at org.gradle.api.internal.tasks.compile.JdkJavaCompiler.execute(JdkJavaCompiler.java:33)
	at org.gradle.api.internal.tasks.compile.NormalizingJavaCompiler.delegateAndHandleErrors(NormalizingJavaCompiler.java:104)
	at org.gradle.api.internal.tasks.compile.NormalizingJavaCompiler.execute(NormalizingJavaCompiler.java:53)
	at org.gradle.api.internal.tasks.compile.NormalizingJavaCompiler.execute(NormalizingJavaCompiler.java:38)
	at org.gradle.api.internal.tasks.compile.CleaningJavaCompilerSupport.execute(CleaningJavaCompilerSupport.java:35)
	at org.gradle.api.internal.tasks.compile.CleaningJavaCompilerSupport.execute(CleaningJavaCompilerSupport.java:25)
	at org.gradle.api.internal.tasks.compile.incremental.IncrementalCompilationFinalizer.execute(IncrementalCompilationFinalizer.java:39)
	at org.gradle.api.internal.tasks.compile.incremental.IncrementalCompilationFinalizer.execute(IncrementalCompilationFinalizer.java:24)
	at org.gradle.api.tasks.compile.JavaCompile.performCompilation(JavaCompile.java:163)
	at org.gradle.api.tasks.compile.JavaCompile.compile(JavaCompile.java:127)
	at org.gradle.internal.reflect.JavaMethod.invoke(JavaMethod.java:75)
	at org.gradle.api.internal.project.taskfactory.AnnotationProcessingTaskFactory$IncrementalTaskAction.doExecute(AnnotationProcessingTaskFactory.java:244)
	at org.gradle.api.internal.project.taskfactory.AnnotationProcessingTaskFactory$StandardTaskAction.execute(AnnotationProcessingTaskFactory.java:220)
	at org.gradle.api.internal.project.taskfactory.AnnotationProcessingTaskFactory$IncrementalTaskAction.execute(AnnotationProcessingTaskFactory.java:231)
	at org.gradle.api.internal.project.taskfactory.AnnotationProcessingTaskFactory$StandardTaskAction.execute(AnnotationProcessingTaskFactory.java:209)
	at org.gradle.api.internal.tasks.execution.ExecuteActionsTaskExecuter.executeAction(ExecuteActionsTaskExecuter.java:80)
	at org.gradle.api.internal.tasks.execution.ExecuteActionsTaskExecuter.executeActions(ExecuteActionsTaskExecuter.java:61)
	... 60 more


BUILD FAILED

Total time: 57.992 secs

travis_time:end:01b5e015:start=1660925977330816326,finish=1660926037172144876,duration=59841328550[0K
[31;1mThe command "./gradlew assemble --stacktrace" failed and exited with 1 during .[0m

Your build has been stopped.
