travis_fold:start:system_info[0K[33;1mBuild system information[0m
Build language: java
Build id: ''
Job id: ''
[34m[1mBuild image provisioning date and time[0m
Thu Feb  5 15:09:33 UTC 2015
[34m[1mOperating System Details[0m
Distributor ID:	Ubuntu
Description:	Ubuntu 12.04.5 LTS
Release:	12.04
Codename:	precise
[34m[1mLinux Version[0m
3.13.0-29-generic
[34m[1mCookbooks Version[0m
a68419e https://github.com/travis-ci/travis-cookbooks/tree/a68419e
[34m[1mGCC version[0m
gcc (Ubuntu/Linaro 4.6.3-1ubuntu5) 4.6.3
Copyright (C) 2011 Free Software Foundation, Inc.
This is free software; see the source for copying conditions.  There is NO
warranty; not even for MERCHANTABILITY or FITNESS FOR A PARTICULAR PURPOSE.

[34m[1mLLVM version[0m
clang version 3.4 (tags/RELEASE_34/final)
Target: x86_64-unknown-linux-gnu
Thread model: posix
[34m[1mPre-installed Ruby versions[0m
ruby-1.9.3-p551
[34m[1mPre-installed Node.js versions[0m
v0.10.36
[34m[1mPre-installed Go versions[0m
1.4.1
[34m[1mRedis version[0m
redis-server 2.8.19
[34m[1mriak version[0m
2.0.2
[34m[1mMongoDB version[0m
MongoDB 2.4.12
[34m[1mCouchDB version[0m
couchdb 1.6.1
[34m[1mNeo4j version[0m
1.9.4
[34m[1mRabbitMQ Version[0m
3.4.3
[34m[1mElasticSearch version[0m
1.4.0
[34m[1mInstalled Sphinx versions[0m
2.0.10
2.1.9
2.2.6
[34m[1mDefault Sphinx version[0m
2.2.6
[34m[1mInstalled Firefox version[0m
firefox 31.0esr
[34m[1mPhantomJS version[0m
1.9.8
[34m[1mant -version[0m
Apache Ant(TM) version 1.8.2 compiled on December 3 2011
[34m[1mmvn -version[0m
Apache Maven 3.2.5 (12a6b3acb947671f09b81f49094c53f426d8cea1; 2014-12-14T17:29:23+00:00)
Maven home: /usr/local/maven
Java version: 1.7.0_76, vendor: Oracle Corporation
Java home: /usr/lib/jvm/java-7-oracle/jre
Default locale: en_US, platform encoding: ANSI_X3.4-1968
OS name: "linux", version: "3.13.0-29-generic", arch: "amd64", family: "unix"
travis_fold:end:system_info[0K
W: Failed to fetch http://security.ubuntu.com/ubuntu/dists/precise-security/main/source/Sources  404  Not Found [IP: 91.189.91.38 80]

W: Failed to fetch http://security.ubuntu.com/ubuntu/dists/precise-security/restricted/source/Sources  404  Not Found [IP: 91.189.91.38 80]

W: Failed to fetch http://security.ubuntu.com/ubuntu/dists/precise-security/universe/source/Sources  404  Not Found [IP: 91.189.91.38 80]

W: Failed to fetch http://security.ubuntu.com/ubuntu/dists/precise-security/multiverse/source/Sources  404  Not Found [IP: 91.189.91.38 80]

W: Failed to fetch http://security.ubuntu.com/ubuntu/dists/precise-security/main/binary-amd64/Packages  404  Not Found [IP: 91.189.91.38 80]

W: Failed to fetch http://security.ubuntu.com/ubuntu/dists/precise-security/restricted/binary-amd64/Packages  404  Not Found [IP: 91.189.91.38 80]

W: Failed to fetch http://security.ubuntu.com/ubuntu/dists/precise-security/universe/binary-amd64/Packages  404  Not Found [IP: 91.189.91.38 80]

W: Failed to fetch http://security.ubuntu.com/ubuntu/dists/precise-security/multiverse/binary-amd64/Packages  404  Not Found [IP: 91.189.91.38 80]

W: Failed to fetch http://security.ubuntu.com/ubuntu/dists/precise-security/main/binary-i386/Packages  404  Not Found [IP: 91.189.91.38 80]

W: Failed to fetch http://security.ubuntu.com/ubuntu/dists/precise-security/restricted/binary-i386/Packages  404  Not Found [IP: 91.189.91.38 80]

W: Failed to fetch http://security.ubuntu.com/ubuntu/dists/precise-security/universe/binary-i386/Packages  404  Not Found [IP: 91.189.91.38 80]

W: Failed to fetch http://security.ubuntu.com/ubuntu/dists/precise-security/multiverse/binary-i386/Packages  404  Not Found [IP: 91.189.91.38 80]

W: Failed to fetch http://us.archive.ubuntu.com/ubuntu/dists/precise/main/source/Sources  404  Not Found [IP: 91.189.91.38 80]

W: Failed to fetch http://us.archive.ubuntu.com/ubuntu/dists/precise/restricted/source/Sources  404  Not Found [IP: 91.189.91.38 80]

W: Failed to fetch http://us.archive.ubuntu.com/ubuntu/dists/precise/universe/source/Sources  404  Not Found [IP: 91.189.91.38 80]

W: Failed to fetch http://us.archive.ubuntu.com/ubuntu/dists/precise/multiverse/source/Sources  404  Not Found [IP: 91.189.91.38 80]

W: Failed to fetch http://us.archive.ubuntu.com/ubuntu/dists/precise/main/binary-amd64/Packages  404  Not Found [IP: 91.189.91.38 80]

W: Failed to fetch http://us.archive.ubuntu.com/ubuntu/dists/precise/restricted/binary-amd64/Packages  404  Not Found [IP: 91.189.91.38 80]

W: Failed to fetch http://us.archive.ubuntu.com/ubuntu/dists/precise/universe/binary-amd64/Packages  404  Not Found [IP: 91.189.91.38 80]

W: Failed to fetch http://us.archive.ubuntu.com/ubuntu/dists/precise/multiverse/binary-amd64/Packages  404  Not Found [IP: 91.189.91.38 80]

W: Failed to fetch http://us.archive.ubuntu.com/ubuntu/dists/precise/main/binary-i386/Packages  404  Not Found [IP: 91.189.91.38 80]

W: Failed to fetch http://us.archive.ubuntu.com/ubuntu/dists/precise/restricted/binary-i386/Packages  404  Not Found [IP: 91.189.91.38 80]

W: Failed to fetch http://us.archive.ubuntu.com/ubuntu/dists/precise/universe/binary-i386/Packages  404  Not Found [IP: 91.189.91.38 80]

W: Failed to fetch http://us.archive.ubuntu.com/ubuntu/dists/precise/multiverse/binary-i386/Packages  404  Not Found [IP: 91.189.91.38 80]

W: Failed to fetch http://us.archive.ubuntu.com/ubuntu/dists/precise-updates/main/source/Sources  404  Not Found [IP: 91.189.91.38 80]

W: Failed to fetch http://us.archive.ubuntu.com/ubuntu/dists/precise-updates/restricted/source/Sources  404  Not Found [IP: 91.189.91.38 80]

W: Failed to fetch http://us.archive.ubuntu.com/ubuntu/dists/precise-updates/universe/source/Sources  404  Not Found [IP: 91.189.91.38 80]

W: Failed to fetch http://us.archive.ubuntu.com/ubuntu/dists/precise-updates/multiverse/source/Sources  404  Not Found [IP: 91.189.91.38 80]

W: Failed to fetch http://us.archive.ubuntu.com/ubuntu/dists/precise-updates/main/binary-amd64/Packages  404  Not Found [IP: 91.189.91.38 80]

W: Failed to fetch http://us.archive.ubuntu.com/ubuntu/dists/precise-updates/restricted/binary-amd64/Packages  404  Not Found [IP: 91.189.91.38 80]

W: Failed to fetch http://us.archive.ubuntu.com/ubuntu/dists/precise-updates/universe/binary-amd64/Packages  404  Not Found [IP: 91.189.91.38 80]

W: Failed to fetch http://us.archive.ubuntu.com/ubuntu/dists/precise-updates/multiverse/binary-amd64/Packages  404  Not Found [IP: 91.189.91.38 80]

W: Failed to fetch http://us.archive.ubuntu.com/ubuntu/dists/precise-updates/main/binary-i386/Packages  404  Not Found [IP: 91.189.91.38 80]

W: Failed to fetch http://us.archive.ubuntu.com/ubuntu/dists/precise-updates/restricted/binary-i386/Packages  404  Not Found [IP: 91.189.91.38 80]

W: Failed to fetch http://us.archive.ubuntu.com/ubuntu/dists/precise-updates/universe/binary-i386/Packages  404  Not Found [IP: 91.189.91.38 80]

W: Failed to fetch http://us.archive.ubuntu.com/ubuntu/dists/precise-updates/multiverse/binary-i386/Packages  404  Not Found [IP: 91.189.91.38 80]

W: Failed to fetch http://apt.postgresql.org/pub/repos/apt/dists/precise-pgdg/main/binary-amd64/Packages  404  Not Found [IP: 147.75.85.69 80]

W: Failed to fetch http://apt.postgresql.org/pub/repos/apt/dists/precise-pgdg/main/binary-i386/Packages  404  Not Found [IP: 147.75.85.69 80]

W: Failed to fetch http://us.archive.ubuntu.com/ubuntu/dists/precise-backports/main/source/Sources  404  Not Found [IP: 91.189.91.38 80]

W: Failed to fetch http://us.archive.ubuntu.com/ubuntu/dists/precise-backports/restricted/source/Sources  404  Not Found [IP: 91.189.91.38 80]

W: Failed to fetch http://us.archive.ubuntu.com/ubuntu/dists/precise-backports/universe/source/Sources  404  Not Found [IP: 91.189.91.38 80]

W: Failed to fetch http://us.archive.ubuntu.com/ubuntu/dists/precise-backports/multiverse/source/Sources  404  Not Found [IP: 91.189.91.38 80]

W: Failed to fetch http://us.archive.ubuntu.com/ubuntu/dists/precise-backports/main/binary-amd64/Packages  404  Not Found [IP: 91.189.91.38 80]

W: Failed to fetch http://us.archive.ubuntu.com/ubuntu/dists/precise-backports/restricted/binary-amd64/Packages  404  Not Found [IP: 91.189.91.38 80]

W: Failed to fetch http://us.archive.ubuntu.com/ubuntu/dists/precise-backports/universe/binary-amd64/Packages  404  Not Found [IP: 91.189.91.38 80]

W: Failed to fetch http://us.archive.ubuntu.com/ubuntu/dists/precise-backports/multiverse/binary-amd64/Packages  404  Not Found [IP: 91.189.91.38 80]

W: Failed to fetch http://us.archive.ubuntu.com/ubuntu/dists/precise-backports/main/binary-i386/Packages  404  Not Found [IP: 91.189.91.38 80]

W: Failed to fetch http://us.archive.ubuntu.com/ubuntu/dists/precise-backports/restricted/binary-i386/Packages  404  Not Found [IP: 91.189.91.38 80]

W: Failed to fetch http://us.archive.ubuntu.com/ubuntu/dists/precise-backports/universe/binary-i386/Packages  404  Not Found [IP: 91.189.91.38 80]

W: Failed to fetch http://us.archive.ubuntu.com/ubuntu/dists/precise-backports/multiverse/binary-i386/Packages  404  Not Found [IP: 91.189.91.38 80]

W: Failed to fetch http://ppa.launchpad.net/rwky/ppa/ubuntu/dists/precise/main/binary-amd64/Packages  403  Forbidden

W: Failed to fetch http://ppa.launchpad.net/rwky/ppa/ubuntu/dists/precise/main/binary-i386/Packages  403  Forbidden

W: Failed to fetch http://ppa.launchpad.net/travis-ci/zero-mq/ubuntu/dists/precise/main/binary-amd64/Packages  403  Forbidden

W: Failed to fetch http://ppa.launchpad.net/travis-ci/zero-mq/ubuntu/dists/precise/main/binary-i386/Packages  403  Forbidden

W: Failed to fetch http://downloads-distro.mongodb.org/repo/debian-sysvinit/dists/dist/10gen/binary-amd64/Packages  Undetermined Error [IP: 52.206.222.245 80]

W: Failed to fetch http://downloads-distro.mongodb.org/repo/debian-sysvinit/dists/dist/10gen/binary-i386/Packages  Undetermined Error [IP: 52.206.222.245 80]

E: Some index files failed to download. They have been ignored, or old ones used instead.
sed: cannot rename /etc/hosts: Device or resource busy
sed: cannot rename /etc/hosts: Device or resource busy
$ cd failed/Whiley/WhileyCompiler
$ java -Xmx32m -version
java version "1.7.0_76"
Java(TM) SE Runtime Environment (build 1.7.0_76-b13)
Java HotSpot(TM) 64-Bit Server VM (build 24.76-b04, mixed mode)
$ javac -J-Xmx32m -version
javac 1.7.0_76
travis_time:start:2afb484c[0K$ ant
Buildfile: /home/travis/build/failed/Whiley/WhileyCompiler/build.xml

build-all:

compile-wybs:
    [javac] Compiling 29 source files
    [javac] Note: Some input files use unchecked or unsafe operations.
    [javac] Note: Recompile with -Xlint:unchecked for details.

build:
    [mkdir] Created dir: /home/travis/build/failed/Whiley/WhileyCompiler/modules/wybs/tmp
      [jar] Building jar: /home/travis/build/failed/Whiley/WhileyCompiler/lib/wybs-v0.3.34.jar
   [delete] Deleting directory /home/travis/build/failed/Whiley/WhileyCompiler/modules/wybs/tmp
     [echo] =============================================
     [echo] BUILT: lib/wybs-v0.3.34.jar
     [echo] =============================================

compile-wyrl:
    [javac] Compiling 1 source file
    [javac] Note: Some input files use unchecked or unsafe operations.
    [javac] Note: Recompile with -Xlint:unchecked for details.
     [wyrl] Compiling 0 wyrl file(s)
    [javac] Compiling 5 source files
    [javac] Note: Some input files use unchecked or unsafe operations.
    [javac] Note: Recompile with -Xlint:unchecked for details.

build:
    [mkdir] Created dir: /home/travis/build/failed/Whiley/WhileyCompiler/modules/wyrl/tmp
      [jar] Building jar: /home/travis/build/failed/Whiley/WhileyCompiler/lib/wyrl-v0.3.34.jar
   [delete] Deleting directory /home/travis/build/failed/Whiley/WhileyCompiler/modules/wyrl/tmp
     [echo] =============================================
     [echo] BUILT: lib/wyrl-v0.3.34.jar
     [echo] =============================================

compile-wycs:
     [wyrl] Compiling wyrl file (2 modified dependencies)
     [wyrl] Compiling wyrl file (7 modified dependencies)
    [javac] Compiling 39 source files
    [javac] Note: Some input files use unchecked or unsafe operations.
    [javac] Note: Recompile with -Xlint:unchecked for details.
     [wycs] Compiled 3 source file(s)

build:
    [mkdir] Created dir: /home/travis/build/failed/Whiley/WhileyCompiler/modules/wycs/tmp
      [jar] Building jar: /home/travis/build/failed/Whiley/WhileyCompiler/lib/wycs-v0.3.34.jar
   [delete] Deleting directory /home/travis/build/failed/Whiley/WhileyCompiler/modules/wycs/tmp
     [echo] =============================================
     [echo] BUILT: lib/wycs-v0.3.34.jar
     [echo] =============================================

compile-wyil:
    [javac] Compiling 57 source files
    [javac] Note: Some input files use unchecked or unsafe operations.
    [javac] Note: Recompile with -Xlint:unchecked for details.

build:
    [mkdir] Created dir: /home/travis/build/failed/Whiley/WhileyCompiler/modules/wyil/tmp
      [jar] Building jar: /home/travis/build/failed/Whiley/WhileyCompiler/lib/wyil-v0.3.34.jar
   [delete] Deleting directory /home/travis/build/failed/Whiley/WhileyCompiler/modules/wyil/tmp
     [echo] =============================================
     [echo] BUILT: lib/wyil-v0.3.34.jar
     [echo] =============================================

compile-wyc:
    [javac] Compiling 16 source files
    [javac] Note: Some input files use unchecked or unsafe operations.
    [javac] Note: Recompile with -Xlint:unchecked for details.

build:
    [mkdir] Created dir: /home/travis/build/failed/Whiley/WhileyCompiler/modules/wyc/tmp
      [jar] Building jar: /home/travis/build/failed/Whiley/WhileyCompiler/lib/wyc-v0.3.34.jar
   [delete] Deleting directory /home/travis/build/failed/Whiley/WhileyCompiler/modules/wyc/tmp
     [echo] =============================================
     [echo] BUILT: lib/wyc-v0.3.34.jar
     [echo] =============================================

compile-wyrt:
      [wyc] Compiled 12 source file(s)

build:
      [jar] Building jar: /home/travis/build/failed/Whiley/WhileyCompiler/lib/wyrt-v0.3.34.jar
     [echo] =============================================
     [echo] BUILT: lib/wyrt-v0.3.34.jar
     [echo] =============================================

compile-wyjc:
    [javac] Compiling 21 source files
    [javac] /home/travis/build/failed/Whiley/WhileyCompiler/modules/wyjc/src/wyjc/Wyil2JavaBuilder.java:45: error: cannot find symbol
    [javac] import wyil.lang.Type.EffectiveCollection;
    [javac]                      ^
    [javac]   symbol:   class EffectiveCollection
    [javac]   location: class Type
    [javac] /home/travis/build/failed/Whiley/WhileyCompiler/modules/wyjc/src/wyjc/Wyil2JavaBuilder.java:1557: error: cannot find symbol
    [javac] 	private void translate(CodeBlock.Index index, Codes.SetOperator c,
    [javac] 	                                                   ^
    [javac]   symbol:   class SetOperator
    [javac]   location: class Codes
    [javac] /home/travis/build/failed/Whiley/WhileyCompiler/modules/wyjc/src/wyjc/Wyil2JavaBuilder.java:1675: error: cannot find symbol
    [javac] 	protected void translate(CodeBlock.Index index, Codes.NewMap c,
    [javac] 	                                                     ^
    [javac]   symbol:   class NewMap
    [javac]   location: class Codes
    [javac] /home/travis/build/failed/Whiley/WhileyCompiler/modules/wyjc/src/wyjc/Wyil2JavaBuilder.java:1724: error: cannot find symbol
    [javac] 	protected void translate(CodeBlock.Index index, Codes.NewSet c,
    [javac] 	                                                     ^
    [javac]   symbol:   class NewSet
    [javac]   location: class Codes
    [javac] /home/travis/build/failed/Whiley/WhileyCompiler/modules/wyjc/src/wyjc/Wyil2JavaBuilder.java:2099: error: cannot find symbol
    [javac] 	protected void translate(Constant.Set lv, int freeSlot,
    [javac] 	                                 ^
    [javac]   symbol:   class Set
    [javac]   location: class Constant
    [javac] /home/travis/build/failed/Whiley/WhileyCompiler/modules/wyjc/src/wyjc/Wyil2JavaBuilder.java:2175: error: cannot find symbol
    [javac] 	protected void translate(Constant.Map expr, int freeSlot,
    [javac] 	                                 ^
    [javac]   symbol:   class Map
    [javac]   location: class Constant
    [javac] /home/travis/build/failed/Whiley/WhileyCompiler/modules/wyjc/src/wyjc/Wyil2JavaBuilder.java:2526: error: cannot find symbol
    [javac] 	protected void buildCoercion(Type.List fromType, Type.Map toType,
    [javac] 	                                                     ^
    [javac]   symbol:   class Map
    [javac]   location: class Type
    [javac] /home/travis/build/failed/Whiley/WhileyCompiler/modules/wyjc/src/wyjc/Wyil2JavaBuilder.java:2581: error: cannot find symbol
    [javac] 	protected void buildCoercion(Type.Map fromType, Type.Map toType,
    [javac] 	                                 ^
    [javac]   symbol:   class Map
    [javac]   location: class Type
    [javac] /home/travis/build/failed/Whiley/WhileyCompiler/modules/wyjc/src/wyjc/Wyil2JavaBuilder.java:2581: error: cannot find symbol
    [javac] 	protected void buildCoercion(Type.Map fromType, Type.Map toType,
    [javac] 	                                                    ^
    [javac]   symbol:   class Map
    [javac]   location: class Type
    [javac] /home/travis/build/failed/Whiley/WhileyCompiler/modules/wyjc/src/wyjc/Wyil2JavaBuilder.java:2651: error: cannot find symbol
    [javac] 	protected void buildCoercion(Type.Set fromType, Type.Map toType,
    [javac] 	                                 ^
    [javac]   symbol:   class Set
    [javac]   location: class Type
    [javac] /home/travis/build/failed/Whiley/WhileyCompiler/modules/wyjc/src/wyjc/Wyil2JavaBuilder.java:2651: error: cannot find symbol
    [javac] 	protected void buildCoercion(Type.Set fromType, Type.Map toType,
    [javac] 	                                                    ^
    [javac]   symbol:   class Map
    [javac]   location: class Type
    [javac] /home/travis/build/failed/Whiley/WhileyCompiler/modules/wyjc/src/wyjc/Wyil2JavaBuilder.java:2665: error: cannot find symbol
    [javac] 	protected void buildCoercion(Type.List fromType, Type.Set toType,
    [javac] 	                                                     ^
    [javac]   symbol:   class Set
    [javac]   location: class Type
    [javac] /home/travis/build/failed/Whiley/WhileyCompiler/modules/wyjc/src/wyjc/Wyil2JavaBuilder.java:2711: error: cannot find symbol
    [javac] 	protected void buildCoercion(Type.Set fromType, Type.Set toType,
    [javac] 	                                 ^
    [javac]   symbol:   class Set
    [javac]   location: class Type
    [javac] /home/travis/build/failed/Whiley/WhileyCompiler/modules/wyjc/src/wyjc/Wyil2JavaBuilder.java:2711: error: cannot find symbol
    [javac] 	protected void buildCoercion(Type.Set fromType, Type.Set toType,
    [javac] 	                                                    ^
    [javac]   symbol:   class Set
    [javac]   location: class Type
    [javac] /home/travis/build/failed/Whiley/WhileyCompiler/modules/wyjc/src/wyjc/Wyil2JavaBuilder.java:545: error: reference to translate is ambiguous, both method translate(Index,CodeBlock,int,ArrayList<Bytecode>) in Wyil2JavaBuilder and method translate(Index,SetOperator,int,ArrayList<Bytecode>) in Wyil2JavaBuilder match
    [javac] 		translate(null, blk, freeSlot, bytecodes);
    [javac] 		^
    [javac] /home/travis/build/failed/Whiley/WhileyCompiler/modules/wyjc/src/wyjc/Wyil2JavaBuilder.java:562: error: name clash: translate(Index,CodeBlock,int,ArrayList<Bytecode>) in Wyil2JavaBuilder overrides a method whose erasure is the same as another method, yet neither overrides the other
    [javac] 	private void translate(CodeBlock.Index parentIndex, CodeBlock block,
    [javac] 	             ^
    [javac]   first method:  translate(Index,BinaryOperator,int,ArrayList<Bytecode>) in Wyil2JavaBuilder
    [javac]   second method: translate(Index,NewSet,int,ArrayList<Bytecode>) in Wyil2JavaBuilder
    [javac] /home/travis/build/failed/Whiley/WhileyCompiler/modules/wyjc/src/wyjc/Wyil2JavaBuilder.java:574: error: reference to translate is ambiguous, both method translate(Index,Code,int,ArrayList<Bytecode>) in Wyil2JavaBuilder and method translate(Index,SetOperator,int,ArrayList<Bytecode>) in Wyil2JavaBuilder match
    [javac] 			freeSlot = translate(index, block.get(i), freeSlot, bytecodes);
    [javac] 			           ^
    [javac] /home/travis/build/failed/Whiley/WhileyCompiler/modules/wyjc/src/wyjc/Wyil2JavaBuilder.java:594: error: name clash: translate(Index,Code,int,ArrayList<Bytecode>) in Wyil2JavaBuilder overrides a method whose erasure is the same as another method, yet neither overrides the other
    [javac] 	private int translate(CodeBlock.Index index, Code code, int freeSlot,
    [javac] 	            ^
    [javac]   first method:  translate(Index,BinaryOperator,int,ArrayList<Bytecode>) in Wyil2JavaBuilder
    [javac]   second method: translate(Index,NewSet,int,ArrayList<Bytecode>) in Wyil2JavaBuilder
    [javac] /home/travis/build/failed/Whiley/WhileyCompiler/modules/wyjc/src/wyjc/Wyil2JavaBuilder.java:599: error: reference to translate is ambiguous, both method translate(Index,BinaryOperator,int,ArrayList<Bytecode>) in Wyil2JavaBuilder and method translate(Index,SetOperator,int,ArrayList<Bytecode>) in Wyil2JavaBuilder match
    [javac] 				translate(index, (Codes.BinaryOperator) code, freeSlot,
    [javac] 				^
    [javac] /home/travis/build/failed/Whiley/WhileyCompiler/modules/wyjc/src/wyjc/Wyil2JavaBuilder.java:602: error: reference to translate is ambiguous, both method translate(Index,Convert,int,ArrayList<Bytecode>) in Wyil2JavaBuilder and method translate(Index,SetOperator,int,ArrayList<Bytecode>) in Wyil2JavaBuilder match
    [javac] 				translate(index, (Codes.Convert) code, freeSlot, bytecodes);
    [javac] 				^
    [javac] /home/travis/build/failed/Whiley/WhileyCompiler/modules/wyjc/src/wyjc/Wyil2JavaBuilder.java:604: error: reference to translate is ambiguous, both method translate(Index,Const,int,ArrayList<Bytecode>) in Wyil2JavaBuilder and method translate(Index,SetOperator,int,ArrayList<Bytecode>) in Wyil2JavaBuilder match
    [javac] 				translate(index, (Codes.Const) code, freeSlot, bytecodes);
    [javac] 				^
    [javac] /home/travis/build/failed/Whiley/WhileyCompiler/modules/wyjc/src/wyjc/Wyil2JavaBuilder.java:606: error: reference to translate is ambiguous, both method translate(Index,Debug,int,ArrayList<Bytecode>) in Wyil2JavaBuilder and method translate(Index,SetOperator,int,ArrayList<Bytecode>) in Wyil2JavaBuilder match
    [javac] 				translate(index, (Codes.Debug) code, freeSlot, bytecodes);
    [javac] 				^
    [javac] /home/travis/build/failed/Whiley/WhileyCompiler/modules/wyjc/src/wyjc/Wyil2JavaBuilder.java:608: error: reference to translate is ambiguous, both method translate(Index,AssertOrAssume,int,ArrayList<Bytecode>) in Wyil2JavaBuilder and method translate(Index,SetOperator,int,ArrayList<Bytecode>) in Wyil2JavaBuilder match
    [javac] 				translate(index, (Codes.AssertOrAssume) code, freeSlot,
    [javac] 				^
    [javac] /home/travis/build/failed/Whiley/WhileyCompiler/modules/wyjc/src/wyjc/Wyil2JavaBuilder.java:611: error: reference to translate is ambiguous, both method translate(Index,Fail,int,ArrayList<Bytecode>) in Wyil2JavaBuilder and method translate(Index,SetOperator,int,ArrayList<Bytecode>) in Wyil2JavaBuilder match
    [javac] 				translate(index, (Codes.Fail) code, freeSlot, bytecodes);
    [javac] 				^
    [javac] /home/travis/build/failed/Whiley/WhileyCompiler/modules/wyjc/src/wyjc/Wyil2JavaBuilder.java:613: error: reference to translate is ambiguous, both method translate(Index,FieldLoad,int,ArrayList<Bytecode>) in Wyil2JavaBuilder and method translate(Index,SetOperator,int,ArrayList<Bytecode>) in Wyil2JavaBuilder match
    [javac] 				translate(index, (Codes.FieldLoad) code, freeSlot, bytecodes);
    [javac] 				^
    [javac] /home/travis/build/failed/Whiley/WhileyCompiler/modules/wyjc/src/wyjc/Wyil2JavaBuilder.java:615: error: reference to translate is ambiguous, both method translate(Index,Loop,int,ArrayList<Bytecode>) in Wyil2JavaBuilder and method translate(Index,SetOperator,int,ArrayList<Bytecode>) in Wyil2JavaBuilder match
    [javac] 				freeSlot = translate(index, (Codes.ForAll) code, freeSlot,
    [javac] 				           ^
    [javac] /home/travis/build/failed/Whiley/WhileyCompiler/modules/wyjc/src/wyjc/Wyil2JavaBuilder.java:618: error: reference to translate is ambiguous, both method translate(Index,Goto,int,ArrayList<Bytecode>) in Wyil2JavaBuilder and method translate(Index,SetOperator,int,ArrayList<Bytecode>) in Wyil2JavaBuilder match
    [javac] 				translate(index, (Codes.Goto) code, freeSlot, bytecodes);
    [javac] 				^
    [javac] /home/travis/build/failed/Whiley/WhileyCompiler/modules/wyjc/src/wyjc/Wyil2JavaBuilder.java:622: error: reference to translate is ambiguous, both method translate(Index,IfIs,int,ArrayList<Bytecode>) in Wyil2JavaBuilder and method translate(Index,SetOperator,int,ArrayList<Bytecode>) in Wyil2JavaBuilder match
    [javac] 				translate(index, (Codes.IfIs) code, freeSlot, bytecodes);
    [javac] 				^
    [javac] /home/travis/build/failed/Whiley/WhileyCompiler/modules/wyjc/src/wyjc/Wyil2JavaBuilder.java:631: error: reference to translate is ambiguous, both method translate(Index,Label,int,ArrayList<Bytecode>) in Wyil2JavaBuilder and method translate(Index,SetOperator,int,ArrayList<Bytecode>) in Wyil2JavaBuilder match
    [javac] 				translate(index, (Codes.Label) code, freeSlot, bytecodes);
    [javac] 				^
    [javac] /home/travis/build/failed/Whiley/WhileyCompiler/modules/wyjc/src/wyjc/Wyil2JavaBuilder.java:633: error: reference to translate is ambiguous, both method translate(Index,ListOperator,int,ArrayList<Bytecode>) in Wyil2JavaBuilder and method translate(Index,SetOperator,int,ArrayList<Bytecode>) in Wyil2JavaBuilder match
    [javac] 				translate(index, (Codes.ListOperator) code, freeSlot, bytecodes);
    [javac] 				^
    [javac] /home/travis/build/failed/Whiley/WhileyCompiler/modules/wyjc/src/wyjc/Wyil2JavaBuilder.java:637: error: reference to translate is ambiguous, both method translate(Index,LengthOf,int,ArrayList<Bytecode>) in Wyil2JavaBuilder and method translate(Index,SetOperator,int,ArrayList<Bytecode>) in Wyil2JavaBuilder match
    [javac] 				translate(index, (Codes.LengthOf) code, freeSlot, bytecodes);
    [javac] 				^
    [javac] /home/travis/build/failed/Whiley/WhileyCompiler/modules/wyjc/src/wyjc/Wyil2JavaBuilder.java:639: error: reference to translate is ambiguous, both method translate(Index,SubList,int,ArrayList<Bytecode>) in Wyil2JavaBuilder and method translate(Index,SetOperator,int,ArrayList<Bytecode>) in Wyil2JavaBuilder match
    [javac] 				translate(index, (Codes.SubList) code, freeSlot, bytecodes);
    [javac] 				^
    [javac] /home/travis/build/failed/Whiley/WhileyCompiler/modules/wyjc/src/wyjc/Wyil2JavaBuilder.java:641: error: reference to translate is ambiguous, both method translate(Index,IndexOf,int,ArrayList<Bytecode>) in Wyil2JavaBuilder and method translate(Index,SetOperator,int,ArrayList<Bytecode>) in Wyil2JavaBuilder match
    [javac] 				translate(index, (Codes.IndexOf) code, freeSlot, bytecodes);
    [javac] 				^
    [javac] /home/travis/build/failed/Whiley/WhileyCompiler/modules/wyjc/src/wyjc/Wyil2JavaBuilder.java:643: error: reference to translate is ambiguous, both method translate(Index,Assign,int,ArrayList<Bytecode>) in Wyil2JavaBuilder and method translate(Index,SetOperator,int,ArrayList<Bytecode>) in Wyil2JavaBuilder match
    [javac] 				translate(index, (Codes.Assign) code, freeSlot, bytecodes);
    [javac] 				^
    [javac] /home/travis/build/failed/Whiley/WhileyCompiler/modules/wyjc/src/wyjc/Wyil2JavaBuilder.java:645: error: reference to translate is ambiguous, both method translate(Index,Loop,int,ArrayList<Bytecode>) in Wyil2JavaBuilder and method translate(Index,SetOperator,int,ArrayList<Bytecode>) in Wyil2JavaBuilder match
    [javac] 				translate(index, (Codes.Loop) code, freeSlot, bytecodes);
    [javac] 				^
    [javac] /home/travis/build/failed/Whiley/WhileyCompiler/modules/wyjc/src/wyjc/Wyil2JavaBuilder.java:647: error: reference to translate is ambiguous, both method translate(Index,Move,int,ArrayList<Bytecode>) in Wyil2JavaBuilder and method translate(Index,SetOperator,int,ArrayList<Bytecode>) in Wyil2JavaBuilder match
    [javac] 				translate(index, (Codes.Move) code, freeSlot, bytecodes);
    [javac] 				^
    [javac] /home/travis/build/failed/Whiley/WhileyCompiler/modules/wyjc/src/wyjc/Wyil2JavaBuilder.java:649: error: reference to translate is ambiguous, both method translate(Index,Update,int,ArrayList<Bytecode>) in Wyil2JavaBuilder and method translate(Index,SetOperator,int,ArrayList<Bytecode>) in Wyil2JavaBuilder match
    [javac] 				translate(index, (Codes.Update) code, freeSlot, bytecodes);
    [javac] 				^
    [javac] /home/travis/build/failed/Whiley/WhileyCompiler/modules/wyjc/src/wyjc/Wyil2JavaBuilder.java:650: error: cannot find symbol
    [javac] 			} else if (code instanceof Codes.NewMap) {
    [javac] 			                                ^
    [javac]   symbol:   class NewMap
    [javac]   location: class Codes
    [javac] /home/travis/build/failed/Whiley/WhileyCompiler/modules/wyjc/src/wyjc/Wyil2JavaBuilder.java:651: error: cannot find symbol
    [javac] 				translate(index, (Codes.NewMap) code, freeSlot, bytecodes);
    [javac] 				                       ^
    [javac]   symbol:   class NewMap
    [javac]   location: class Codes
    [javac] /home/travis/build/failed/Whiley/WhileyCompiler/modules/wyjc/src/wyjc/Wyil2JavaBuilder.java:656: error: cannot find symbol
    [javac] 			} else if (code instanceof Codes.NewSet) {
    [javac] 			                                ^
    [javac]   symbol:   class NewSet
    [javac]   location: class Codes
    [javac] /home/travis/build/failed/Whiley/WhileyCompiler/modules/wyjc/src/wyjc/Wyil2JavaBuilder.java:657: error: cannot find symbol
    [javac] 				translate(index, (Codes.NewSet) code, freeSlot, bytecodes);
    [javac] 				                       ^
    [javac]   symbol:   class NewSet
    [javac]   location: class Codes
    [javac] /home/travis/build/failed/Whiley/WhileyCompiler/modules/wyjc/src/wyjc/Wyil2JavaBuilder.java:666: error: reference to translate is ambiguous, both method translate(Index,Return,int,ArrayList<Bytecode>) in Wyil2JavaBuilder and method translate(Index,SetOperator,int,ArrayList<Bytecode>) in Wyil2JavaBuilder match
    [javac] 				translate(index, (Codes.Return) code, freeSlot, bytecodes);
    [javac] 				^
    [javac] /home/travis/build/failed/Whiley/WhileyCompiler/modules/wyjc/src/wyjc/Wyil2JavaBuilder.java:669: error: cannot find symbol
    [javac] 			} else if (code instanceof Codes.SetOperator) {
    [javac] 			                                ^
    [javac]   symbol:   class SetOperator
    [javac]   location: class Codes
    [javac] /home/travis/build/failed/Whiley/WhileyCompiler/modules/wyjc/src/wyjc/Wyil2JavaBuilder.java:670: error: cannot find symbol
    [javac] 				translate(index, (Codes.SetOperator) code, freeSlot, bytecodes);
    [javac] 				                       ^
    [javac]   symbol:   class SetOperator
    [javac]   location: class Codes
    [javac] /home/travis/build/failed/Whiley/WhileyCompiler/modules/wyjc/src/wyjc/Wyil2JavaBuilder.java:672: error: reference to translate is ambiguous, both method translate(Index,Switch,int,ArrayList<Bytecode>) in Wyil2JavaBuilder and method translate(Index,SetOperator,int,ArrayList<Bytecode>) in Wyil2JavaBuilder match
    [javac] 				translate(index, (Codes.Switch) code, freeSlot, bytecodes);
    [javac] 				^
    [javac] /home/travis/build/failed/Whiley/WhileyCompiler/modules/wyjc/src/wyjc/Wyil2JavaBuilder.java:676: error: reference to translate is ambiguous, both method translate(Index,TupleLoad,int,ArrayList<Bytecode>) in Wyil2JavaBuilder and method translate(Index,SetOperator,int,ArrayList<Bytecode>) in Wyil2JavaBuilder match
    [javac] 				translate(index, (Codes.TupleLoad) code, freeSlot, bytecodes);
    [javac] 				^
    [javac] /home/travis/build/failed/Whiley/WhileyCompiler/modules/wyjc/src/wyjc/Wyil2JavaBuilder.java:692: error: name clash: translate(Index,AssertOrAssume,int,ArrayList<Bytecode>) in Wyil2JavaBuilder overrides a method whose erasure is the same as another method, yet neither overrides the other
    [javac] 	private void translate(CodeBlock.Index index, Codes.AssertOrAssume c,
    [javac] 	             ^
    [javac]   first method:  translate(Index,BinaryOperator,int,ArrayList<Bytecode>) in Wyil2JavaBuilder
    [javac]   second method: translate(Index,NewSet,int,ArrayList<Bytecode>) in Wyil2JavaBuilder
    [javac] /home/travis/build/failed/Whiley/WhileyCompiler/modules/wyjc/src/wyjc/Wyil2JavaBuilder.java:705: error: name clash: translate(Index,Const,int,ArrayList<Bytecode>) in Wyil2JavaBuilder overrides a method whose erasure is the same as another method, yet neither overrides the other
    [javac] 	private void translate(CodeBlock.Index index, Codes.Const c, int freeSlot,
    [javac] 	             ^
    [javac]   first method:  translate(Index,BinaryOperator,int,ArrayList<Bytecode>) in Wyil2JavaBuilder
    [javac]   second method: translate(Index,NewSet,int,ArrayList<Bytecode>) in Wyil2JavaBuilder
    [javac] /home/travis/build/failed/Whiley/WhileyCompiler/modules/wyjc/src/wyjc/Wyil2JavaBuilder.java:724: error: name clash: translate(Index,Convert,int,ArrayList<Bytecode>) in Wyil2JavaBuilder overrides a method whose erasure is the same as another method, yet neither overrides the other
    [javac] 	private void translate(CodeBlock.Index index, Codes.Convert c,
    [javac] 	             ^
    [javac]   first method:  translate(Index,BinaryOperator,int,ArrayList<Bytecode>) in Wyil2JavaBuilder
    [javac]   second method: translate(Index,NewSet,int,ArrayList<Bytecode>) in Wyil2JavaBuilder
    [javac] /home/travis/build/failed/Whiley/WhileyCompiler/modules/wyjc/src/wyjc/Wyil2JavaBuilder.java:733: error: name clash: translate(Index,Update,int,ArrayList<Bytecode>) in Wyil2JavaBuilder overrides a method whose erasure is the same as another method, yet neither overrides the other
    [javac] 	private void translate(CodeBlock.Index index, Codes.Update code,
    [javac] 	             ^
    [javac]   first method:  translate(Index,BinaryOperator,int,ArrayList<Bytecode>) in Wyil2JavaBuilder
    [javac]   second method: translate(Index,NewSet,int,ArrayList<Bytecode>) in Wyil2JavaBuilder
    [javac] /home/travis/build/failed/Whiley/WhileyCompiler/modules/wyjc/src/wyjc/Wyil2JavaBuilder.java:783: error: cannot find symbol
    [javac] 		} else if (lv instanceof Codes.MapLVal) {
    [javac] 		                              ^
    [javac]   symbol:   class MapLVal
    [javac]   location: class Codes
    [javac] /home/travis/build/failed/Whiley/WhileyCompiler/modules/wyjc/src/wyjc/Wyil2JavaBuilder.java:784: error: cannot find symbol
    [javac] 			Codes.MapLVal l = (Codes.MapLVal) lv;
    [javac] 			     ^
    [javac]   symbol:   class MapLVal
    [javac]   location: class Codes
    [javac] /home/travis/build/failed/Whiley/WhileyCompiler/modules/wyjc/src/wyjc/Wyil2JavaBuilder.java:784: error: cannot find symbol
    [javac] 			Codes.MapLVal l = (Codes.MapLVal) lv;
    [javac] 			                        ^
    [javac]   symbol:   class MapLVal
    [javac]   location: class Codes
    [javac] /home/travis/build/failed/Whiley/WhileyCompiler/modules/wyjc/src/wyjc/Wyil2JavaBuilder.java:854: error: name clash: translate(Index,Return,int,ArrayList<Bytecode>) in Wyil2JavaBuilder overrides a method whose erasure is the same as another method, yet neither overrides the other
    [javac] 	private void translate(CodeBlock.Index index, Codes.Return c, int freeSlot,
    [javac] 	             ^
    [javac]   first method:  translate(Index,BinaryOperator,int,ArrayList<Bytecode>) in Wyil2JavaBuilder
    [javac]   second method: translate(Index,NewSet,int,ArrayList<Bytecode>) in Wyil2JavaBuilder
    [javac] /home/travis/build/failed/Whiley/WhileyCompiler/modules/wyjc/src/wyjc/Wyil2JavaBuilder.java:865: error: name clash: translate(Index,TupleLoad,int,ArrayList<Bytecode>) in Wyil2JavaBuilder overrides a method whose erasure is the same as another method, yet neither overrides the other
    [javac] 	private void translate(CodeBlock.Index index, Codes.TupleLoad c,
    [javac] 	             ^
    [javac]   first method:  translate(Index,BinaryOperator,int,ArrayList<Bytecode>) in Wyil2JavaBuilder
    [javac]   second method: translate(Index,NewSet,int,ArrayList<Bytecode>) in Wyil2JavaBuilder
    [javac] /home/travis/build/failed/Whiley/WhileyCompiler/modules/wyjc/src/wyjc/Wyil2JavaBuilder.java:879: error: name clash: translate(Index,Switch,int,ArrayList<Bytecode>) in Wyil2JavaBuilder overrides a method whose erasure is the same as another method, yet neither overrides the other
    [javac] 	private void translate(CodeBlock.Index index, Codes.Switch c, int freeSlot,
    [javac] 	             ^
    [javac]   first method:  translate(Index,BinaryOperator,int,ArrayList<Bytecode>) in Wyil2JavaBuilder
    [javac]   second method: translate(Index,NewSet,int,ArrayList<Bytecode>) in Wyil2JavaBuilder
    [javac] /home/travis/build/failed/Whiley/WhileyCompiler/modules/wyjc/src/wyjc/Wyil2JavaBuilder.java:1045: error: name clash: translate(Index,IfIs,int,ArrayList<Bytecode>) in Wyil2JavaBuilder overrides a method whose erasure is the same as another method, yet neither overrides the other
    [javac] 	private void translate(CodeBlock.Index index, Codes.IfIs c, int freeSlot,
    [javac] 	             ^
    [javac]   first method:  translate(Index,BinaryOperator,int,ArrayList<Bytecode>) in Wyil2JavaBuilder
    [javac]   second method: translate(Index,NewSet,int,ArrayList<Bytecode>) in Wyil2JavaBuilder
    [javac] /home/travis/build/failed/Whiley/WhileyCompiler/modules/wyjc/src/wyjc/Wyil2JavaBuilder.java:1197: error: cannot find symbol
    [javac] 		} else if (type instanceof Type.EffectiveCollection) {
    [javac] 		                               ^
    [javac]   symbol:   class EffectiveCollection
    [javac]   location: class Type
    [javac] /home/travis/build/failed/Whiley/WhileyCompiler/modules/wyjc/src/wyjc/Wyil2JavaBuilder.java:1198: error: cannot find symbol
    [javac] 			Type.EffectiveCollection ts = (Type.EffectiveCollection) type;
    [javac] 			    ^
    [javac]   symbol:   class EffectiveCollection
    [javac]   location: class Type
    [javac] /home/travis/build/failed/Whiley/WhileyCompiler/modules/wyjc/src/wyjc/Wyil2JavaBuilder.java:1198: error: cannot find symbol
    [javac] 			Type.EffectiveCollection ts = (Type.EffectiveCollection) type;
    [javac] 			                                   ^
    [javac]   symbol:   class EffectiveCollection
    [javac]   location: class Type
    [javac] /home/travis/build/failed/Whiley/WhileyCompiler/modules/wyjc/src/wyjc/Wyil2JavaBuilder.java:1290: error: name clash: translate(Index,Loop,int,ArrayList<Bytecode>) in Wyil2JavaBuilder overrides a method whose erasure is the same as another method, yet neither overrides the other
    [javac] 	private void translate(CodeBlock.Index index, Codes.Loop c, int freeSlot,
    [javac] 	             ^
    [javac]   first method:  translate(Index,BinaryOperator,int,ArrayList<Bytecode>) in Wyil2JavaBuilder
    [javac]   second method: translate(Index,NewSet,int,ArrayList<Bytecode>) in Wyil2JavaBuilder
    [javac] /home/travis/build/failed/Whiley/WhileyCompiler/modules/wyjc/src/wyjc/Wyil2JavaBuilder.java:1303: error: name clash: translate(Index,ForAll,int,ArrayList<Bytecode>) in Wyil2JavaBuilder overrides a method whose erasure is the same as another method, yet neither overrides the other
    [javac] 	private int translate(CodeBlock.Index index, Codes.ForAll c, int freeSlot,
    [javac] 	            ^
    [javac]   first method:  translate(Index,BinaryOperator,int,ArrayList<Bytecode>) in Wyil2JavaBuilder
    [javac]   second method: translate(Index,NewSet,int,ArrayList<Bytecode>) in Wyil2JavaBuilder
    [javac] /home/travis/build/failed/Whiley/WhileyCompiler/modules/wyjc/src/wyjc/Wyil2JavaBuilder.java:1341: error: name clash: translate(Index,Goto,int,ArrayList<Bytecode>) in Wyil2JavaBuilder overrides a method whose erasure is the same as another method, yet neither overrides the other
    [javac] 	private void translate(CodeBlock.Index index, Codes.Goto c, int freeSlot,
    [javac] 	             ^
    [javac]   first method:  translate(Index,BinaryOperator,int,ArrayList<Bytecode>) in Wyil2JavaBuilder
    [javac]   second method: translate(Index,NewSet,int,ArrayList<Bytecode>) in Wyil2JavaBuilder
    [javac] /home/travis/build/failed/Whiley/WhileyCompiler/modules/wyjc/src/wyjc/Wyil2JavaBuilder.java:1346: error: name clash: translate(Index,Label,int,ArrayList<Bytecode>) in Wyil2JavaBuilder overrides a method whose erasure is the same as another method, yet neither overrides the other
    [javac] 	private void translate(CodeBlock.Index index, Codes.Label c, int freeSlot,
    [javac] 	             ^
    [javac]   first method:  translate(Index,BinaryOperator,int,ArrayList<Bytecode>) in Wyil2JavaBuilder
    [javac]   second method: translate(Index,NewSet,int,ArrayList<Bytecode>) in Wyil2JavaBuilder
    [javac] /home/travis/build/failed/Whiley/WhileyCompiler/modules/wyjc/src/wyjc/Wyil2JavaBuilder.java:1351: error: name clash: translate(Index,Debug,int,ArrayList<Bytecode>) in Wyil2JavaBuilder overrides a method whose erasure is the same as another method, yet neither overrides the other
    [javac] 	private void translate(CodeBlock.Index index, Codes.Debug c, int freeSlot,
    [javac] 	             ^
    [javac]   first method:  translate(Index,BinaryOperator,int,ArrayList<Bytecode>) in Wyil2JavaBuilder
    [javac]   second method: translate(Index,NewSet,int,ArrayList<Bytecode>) in Wyil2JavaBuilder
    [javac] /home/travis/build/failed/Whiley/WhileyCompiler/modules/wyjc/src/wyjc/Wyil2JavaBuilder.java:1359: error: name clash: translate(Index,Assign,int,ArrayList<Bytecode>) in Wyil2JavaBuilder overrides a method whose erasure is the same as another method, yet neither overrides the other
    [javac] 	private void translate(CodeBlock.Index index, Codes.Assign c, int freeSlot,
    [javac] 	             ^
    [javac]   first method:  translate(Index,BinaryOperator,int,ArrayList<Bytecode>) in Wyil2JavaBuilder
    [javac]   second method: translate(Index,NewSet,int,ArrayList<Bytecode>) in Wyil2JavaBuilder
    [javac] /home/travis/build/failed/Whiley/WhileyCompiler/modules/wyjc/src/wyjc/Wyil2JavaBuilder.java:1366: error: name clash: translate(Index,Move,int,ArrayList<Bytecode>) in Wyil2JavaBuilder overrides a method whose erasure is the same as another method, yet neither overrides the other
    [javac] 	private void translate(CodeBlock.Index index, Codes.Move c, int freeSlot,
    [javac] 	             ^
    [javac]   first method:  translate(Index,BinaryOperator,int,ArrayList<Bytecode>) in Wyil2JavaBuilder
    [javac]   second method: translate(Index,NewSet,int,ArrayList<Bytecode>) in Wyil2JavaBuilder
    [javac] /home/travis/build/failed/Whiley/WhileyCompiler/modules/wyjc/src/wyjc/Wyil2JavaBuilder.java:1373: error: name clash: translate(Index,ListOperator,int,ArrayList<Bytecode>) in Wyil2JavaBuilder overrides a method whose erasure is the same as another method, yet neither overrides the other
    [javac] 	private void translate(CodeBlock.Index index, Codes.ListOperator c,
    [javac] 	             ^
    [javac]   first method:  translate(Index,BinaryOperator,int,ArrayList<Bytecode>) in Wyil2JavaBuilder
    [javac]   second method: translate(Index,NewSet,int,ArrayList<Bytecode>) in Wyil2JavaBuilder
    [javac] /home/travis/build/failed/Whiley/WhileyCompiler/modules/wyjc/src/wyjc/Wyil2JavaBuilder.java:1398: error: name clash: translate(Index,LengthOf,int,ArrayList<Bytecode>) in Wyil2JavaBuilder overrides a method whose erasure is the same as another method, yet neither overrides the other
    [javac] 	private void translate(CodeBlock.Index index, Codes.LengthOf c,
    [javac] 	             ^
    [javac]   first method:  translate(Index,BinaryOperator,int,ArrayList<Bytecode>) in Wyil2JavaBuilder
    [javac]   second method: translate(Index,NewSet,int,ArrayList<Bytecode>) in Wyil2JavaBuilder
    [javac] /home/travis/build/failed/Whiley/WhileyCompiler/modules/wyjc/src/wyjc/Wyil2JavaBuilder.java:1409: error: name clash: translate(Index,SubList,int,ArrayList<Bytecode>) in Wyil2JavaBuilder overrides a method whose erasure is the same as another method, yet neither overrides the other
    [javac] 	private void translate(CodeBlock.Index index, Codes.SubList c,
    [javac] 	             ^
    [javac]   first method:  translate(Index,BinaryOperator,int,ArrayList<Bytecode>) in Wyil2JavaBuilder
    [javac]   second method: translate(Index,NewSet,int,ArrayList<Bytecode>) in Wyil2JavaBuilder
    [javac] /home/travis/build/failed/Whiley/WhileyCompiler/modules/wyjc/src/wyjc/Wyil2JavaBuilder.java:1423: error: name clash: translate(Index,IndexOf,int,ArrayList<Bytecode>) in Wyil2JavaBuilder overrides a method whose erasure is the same as another method, yet neither overrides the other
    [javac] 	private void translate(CodeBlock.Index index, Codes.IndexOf c,
    [javac] 	             ^
    [javac]   first method:  translate(Index,BinaryOperator,int,ArrayList<Bytecode>) in Wyil2JavaBuilder
    [javac]   second method: translate(Index,NewSet,int,ArrayList<Bytecode>) in Wyil2JavaBuilder
    [javac] /home/travis/build/failed/Whiley/WhileyCompiler/modules/wyjc/src/wyjc/Wyil2JavaBuilder.java:1428: error: cannot find symbol
    [javac] 				.type().key())));
    [javac] 				       ^
    [javac]   symbol:   method key()
    [javac]   location: interface EffectiveList
    [javac] /home/travis/build/failed/Whiley/WhileyCompiler/modules/wyjc/src/wyjc/Wyil2JavaBuilder.java:1429: error: cannot find symbol
    [javac] 		addWriteConversion(c.type().key(), bytecodes);
    [javac] 		                           ^
    [javac]   symbol:   method key()
    [javac]   location: interface EffectiveList
    [javac] /home/travis/build/failed/Whiley/WhileyCompiler/modules/wyjc/src/wyjc/Wyil2JavaBuilder.java:1434: error: cannot find symbol
    [javac] 		addReadConversion(c.type().value(), bytecodes);
    [javac] 		                          ^
    [javac]   symbol:   method value()
    [javac]   location: interface EffectiveList
    [javac] /home/travis/build/failed/Whiley/WhileyCompiler/modules/wyjc/src/wyjc/Wyil2JavaBuilder.java:1440: error: name clash: translate(Index,Fail,int,ArrayList<Bytecode>) in Wyil2JavaBuilder overrides a method whose erasure is the same as another method, yet neither overrides the other
    [javac] 	private void translate(CodeBlock.Index index, Codes.Fail c, int freeSlot,
    [javac] 	             ^
    [javac]   first method:  translate(Index,BinaryOperator,int,ArrayList<Bytecode>) in Wyil2JavaBuilder
    [javac]   second method: translate(Index,NewSet,int,ArrayList<Bytecode>) in Wyil2JavaBuilder
    [javac] /home/travis/build/failed/Whiley/WhileyCompiler/modules/wyjc/src/wyjc/Wyil2JavaBuilder.java:1451: error: name clash: translate(Index,FieldLoad,int,ArrayList<Bytecode>) in Wyil2JavaBuilder overrides a method whose erasure is the same as another method, yet neither overrides the other
    [javac] 	private void translate(CodeBlock.Index index, Codes.FieldLoad c,
    [javac] 	             ^
    [javac]   first method:  translate(Index,BinaryOperator,int,ArrayList<Bytecode>) in Wyil2JavaBuilder
    [javac]   second method: translate(Index,NewSet,int,ArrayList<Bytecode>) in Wyil2JavaBuilder
    [javac] /home/travis/build/failed/Whiley/WhileyCompiler/modules/wyjc/src/wyjc/Wyil2JavaBuilder.java:1569: error: cannot find symbol
    [javac] 		case UNION:
    [javac] 		     ^
    [javac]   symbol:   variable UNION
    [javac]   location: class Wyil2JavaBuilder
    [javac] /home/travis/build/failed/Whiley/WhileyCompiler/modules/wyjc/src/wyjc/Wyil2JavaBuilder.java:1572: error: cannot find symbol
    [javac] 		case INTERSECTION:
    [javac] 		     ^
    [javac]   symbol:   variable INTERSECTION
    [javac]   location: class Wyil2JavaBuilder
    [javac] /home/travis/build/failed/Whiley/WhileyCompiler/modules/wyjc/src/wyjc/Wyil2JavaBuilder.java:1575: error: cannot find symbol
    [javac] 		case DIFFERENCE:
    [javac] 		     ^
    [javac]   symbol:   variable DIFFERENCE
    [javac]   location: class Wyil2JavaBuilder
    [javac] /home/travis/build/failed/Whiley/WhileyCompiler/modules/wyjc/src/wyjc/Wyil2JavaBuilder.java:1590: error: name clash: translate(Index,Invert,int,ArrayList<Bytecode>) in Wyil2JavaBuilder overrides a method whose erasure is the same as another method, yet neither overrides the other
    [javac] 	private void translate(CodeBlock.Index index, Codes.Invert c, int freeSlot,
    [javac] 	             ^
    [javac]   first method:  translate(Index,BinaryOperator,int,ArrayList<Bytecode>) in Wyil2JavaBuilder
    [javac]   second method: translate(Index,NewSet,int,ArrayList<Bytecode>) in Wyil2JavaBuilder
    [javac] /home/travis/build/failed/Whiley/WhileyCompiler/modules/wyjc/src/wyjc/Wyil2JavaBuilder.java:1600: error: name clash: translate(Index,UnaryOperator,int,ArrayList<Bytecode>) in Wyil2JavaBuilder overrides a method whose erasure is the same as another method, yet neither overrides the other
    [javac] 	private void translate(CodeBlock.Index index, Codes.UnaryOperator c,
    [javac] 	             ^
    [javac]   first method:  translate(Index,BinaryOperator,int,ArrayList<Bytecode>) in Wyil2JavaBuilder
    [javac]   second method: translate(Index,NewSet,int,ArrayList<Bytecode>) in Wyil2JavaBuilder
    [javac] /home/travis/build/failed/Whiley/WhileyCompiler/modules/wyjc/src/wyjc/Wyil2JavaBuilder.java:1626: error: name clash: translate(Index,NewObject,int,ArrayList<Bytecode>) in Wyil2JavaBuilder overrides a method whose erasure is the same as another method, yet neither overrides the other
    [javac] 	private void translate(CodeBlock.Index index, Codes.NewObject c,
    [javac] 	             ^
    [javac]   first method:  translate(Index,BinaryOperator,int,ArrayList<Bytecode>) in Wyil2JavaBuilder
    [javac]   second method: translate(Index,NewSet,int,ArrayList<Bytecode>) in Wyil2JavaBuilder
    [javac] /home/travis/build/failed/Whiley/WhileyCompiler/modules/wyjc/src/wyjc/Wyil2JavaBuilder.java:1640: error: name clash: translate(Index,Dereference,int,ArrayList<Bytecode>) in Wyil2JavaBuilder overrides a method whose erasure is the same as another method, yet neither overrides the other
    [javac] 	private void translate(CodeBlock.Index index, Codes.Dereference c,
    [javac] 	             ^
    [javac]   first method:  translate(Index,BinaryOperator,int,ArrayList<Bytecode>) in Wyil2JavaBuilder
    [javac]   second method: translate(Index,NewSet,int,ArrayList<Bytecode>) in Wyil2JavaBuilder
    [javac] /home/travis/build/failed/Whiley/WhileyCompiler/modules/wyjc/src/wyjc/Wyil2JavaBuilder.java:1654: error: name clash: translate(Index,NewList,int,ArrayList<Bytecode>) in Wyil2JavaBuilder overrides a method whose erasure is the same as another method, yet neither overrides the other
    [javac] 	protected void translate(CodeBlock.Index index, Codes.NewList c,
    [javac] 	               ^
    [javac]   first method:  translate(Index,BinaryOperator,int,ArrayList<Bytecode>) in Wyil2JavaBuilder
    [javac]   second method: translate(Index,NewSet,int,ArrayList<Bytecode>) in Wyil2JavaBuilder
    [javac] /home/travis/build/failed/Whiley/WhileyCompiler/modules/wyjc/src/wyjc/Wyil2JavaBuilder.java:1698: error: name clash: translate(Index,NewRecord,int,ArrayList<Bytecode>) in Wyil2JavaBuilder overrides a method whose erasure is the same as another method, yet neither overrides the other
    [javac] 	private void translate(CodeBlock.Index index, Codes.NewRecord code,
    [javac] 	             ^
    [javac]   first method:  translate(Index,BinaryOperator,int,ArrayList<Bytecode>) in Wyil2JavaBuilder
    [javac]   second method: translate(Index,NewSet,int,ArrayList<Bytecode>) in Wyil2JavaBuilder
    [javac] /home/travis/build/failed/Whiley/WhileyCompiler/modules/wyjc/src/wyjc/Wyil2JavaBuilder.java:1741: error: name clash: translate(Index,NewTuple,int,ArrayList<Bytecode>) in Wyil2JavaBuilder overrides a method whose erasure is the same as another method, yet neither overrides the other
    [javac] 	protected void translate(CodeBlock.Index index, Codes.NewTuple c,
    [javac] 	               ^
    [javac]   first method:  translate(Index,BinaryOperator,int,ArrayList<Bytecode>) in Wyil2JavaBuilder
    [javac]   second method: translate(Index,NewSet,int,ArrayList<Bytecode>) in Wyil2JavaBuilder
    [javac] /home/travis/build/failed/Whiley/WhileyCompiler/modules/wyjc/src/wyjc/Wyil2JavaBuilder.java:1763: error: name clash: translate(Index,Lambda,int,ArrayList<Bytecode>) in Wyil2JavaBuilder overrides a method whose erasure is the same as another method, yet neither overrides the other
    [javac] 	private void translate(CodeBlock.Index index, Codes.Lambda c, int freeSlot,
    [javac] 	             ^
    [javac]   first method:  translate(Index,BinaryOperator,int,ArrayList<Bytecode>) in Wyil2JavaBuilder
    [javac]   second method: translate(Index,NewSet,int,ArrayList<Bytecode>) in Wyil2JavaBuilder
    [javac] /home/travis/build/failed/Whiley/WhileyCompiler/modules/wyjc/src/wyjc/Wyil2JavaBuilder.java:1830: error: name clash: translate(Index,Invoke,int,ArrayList<Bytecode>) in Wyil2JavaBuilder overrides a method whose erasure is the same as another method, yet neither overrides the other
    [javac] 	private void translate(CodeBlock.Index index, Codes.Invoke c, int freeSlot,
    [javac] 	             ^
    [javac]   first method:  translate(Index,BinaryOperator,int,ArrayList<Bytecode>) in Wyil2JavaBuilder
    [javac]   second method: translate(Index,NewSet,int,ArrayList<Bytecode>) in Wyil2JavaBuilder
    [javac] /home/travis/build/failed/Whiley/WhileyCompiler/modules/wyjc/src/wyjc/Wyil2JavaBuilder.java:1860: error: name clash: translate(Index,IndirectInvoke,int,ArrayList<Bytecode>) in Wyil2JavaBuilder overrides a method whose erasure is the same as another method, yet neither overrides the other
    [javac] 	private void translate(CodeBlock.Index index, Codes.IndirectInvoke c,
    [javac] 	             ^
    [javac]   first method:  translate(Index,BinaryOperator,int,ArrayList<Bytecode>) in Wyil2JavaBuilder
    [javac]   second method: translate(Index,NewSet,int,ArrayList<Bytecode>) in Wyil2JavaBuilder
    [javac] /home/travis/build/failed/Whiley/WhileyCompiler/modules/wyjc/src/wyjc/Wyil2JavaBuilder.java:1913: error: cannot find symbol
    [javac] 		} else if (v instanceof Constant.Set) {
    [javac] 		                                ^
    [javac]   symbol:   class Set
    [javac]   location: class Constant
    [javac] /home/travis/build/failed/Whiley/WhileyCompiler/modules/wyjc/src/wyjc/Wyil2JavaBuilder.java:1914: error: cannot find symbol
    [javac] 			translate((Constant.Set) v, freeSlot, lambdas, bytecodes);
    [javac] 			                   ^
    [javac]   symbol:   class Set
    [javac]   location: class Constant
    [javac] /home/travis/build/failed/Whiley/WhileyCompiler/modules/wyjc/src/wyjc/Wyil2JavaBuilder.java:1919: error: cannot find symbol
    [javac] 		} else if (v instanceof Constant.Map) {
    [javac] 		                                ^
    [javac]   symbol:   class Map
    [javac]   location: class Constant
    [javac] /home/travis/build/failed/Whiley/WhileyCompiler/modules/wyjc/src/wyjc/Wyil2JavaBuilder.java:1920: error: cannot find symbol
    [javac] 			translate((Constant.Map) v, freeSlot, lambdas, bytecodes);
    [javac] 			                   ^
    [javac]   symbol:   class Map
    [javac]   location: class Constant
    [javac] /home/travis/build/failed/Whiley/WhileyCompiler/modules/wyjc/src/wyjc/Wyil2JavaBuilder.java:2402: error: name clash: buildCoercion(Type,Type,int,HashMap<JvmConstant,Integer>,ArrayList<Bytecode>) in Wyil2JavaBuilder overrides a method whose erasure is the same as another method, yet neither overrides the other
    [javac] 	protected void buildCoercion(Type from, Type to, int freeSlot,
    [javac] 	               ^
    [javac]   first method:  buildCoercion(List,Set,int,HashMap<JvmConstant,Integer>,ArrayList<Bytecode>) in Wyil2JavaBuilder
    [javac]   second method: buildCoercion(Set,Set,int,HashMap<JvmConstant,Integer>,ArrayList<Bytecode>) in Wyil2JavaBuilder
    [javac] /home/travis/build/failed/Whiley/WhileyCompiler/modules/wyjc/src/wyjc/Wyil2JavaBuilder.java:2413: error: cannot find symbol
    [javac] 		} else if (from instanceof Type.Set && to instanceof Type.Set) {
    [javac] 		                               ^
    [javac]   symbol:   class Set
    [javac]   location: class Type
    [javac] /home/travis/build/failed/Whiley/WhileyCompiler/modules/wyjc/src/wyjc/Wyil2JavaBuilder.java:2413: error: cannot find symbol
    [javac] 		} else if (from instanceof Type.Set && to instanceof Type.Set) {
    [javac] 		                                                         ^
    [javac]   symbol:   class Set
    [javac]   location: class Type
    [javac] /home/travis/build/failed/Whiley/WhileyCompiler/modules/wyjc/src/wyjc/Wyil2JavaBuilder.java:2414: error: cannot find symbol
    [javac] 			buildCoercion((Type.Set) from, (Type.Set) to, freeSlot, constants,
    [javac] 			                   ^
    [javac]   symbol:   class Set
    [javac]   location: class Type
    [javac] /home/travis/build/failed/Whiley/WhileyCompiler/modules/wyjc/src/wyjc/Wyil2JavaBuilder.java:2414: error: cannot find symbol
    [javac] 			buildCoercion((Type.Set) from, (Type.Set) to, freeSlot, constants,
    [javac] 			                                    ^
    [javac]   symbol:   class Set
    [javac]   location: class Type
    [javac] /home/travis/build/failed/Whiley/WhileyCompiler/modules/wyjc/src/wyjc/Wyil2JavaBuilder.java:2416: error: cannot find symbol
    [javac] 		} else if (from instanceof Type.Set && to instanceof Type.Map) {
    [javac] 		                               ^
    [javac]   symbol:   class Set
    [javac]   location: class Type
    [javac] /home/travis/build/failed/Whiley/WhileyCompiler/modules/wyjc/src/wyjc/Wyil2JavaBuilder.java:2416: error: cannot find symbol
    [javac] 		} else if (from instanceof Type.Set && to instanceof Type.Map) {
    [javac] 		                                                         ^
    [javac]   symbol:   class Map
    [javac]   location: class Type
    [javac] Note: Some input files use unchecked or unsafe operations.
    [javac] Note: Recompile with -Xlint:unchecked for details.
    [javac] 100 errors

BUILD FAILED
/home/travis/build/failed/Whiley/WhileyCompiler/build.xml:9: The following error occurred while executing this line:
/home/travis/build/failed/Whiley/WhileyCompiler/modules/wyjc/build.xml:5: Compile failed; see the compiler error output for details.

Total time: 1 minute 32 seconds

travis_time:end:2afb484c:start=1660913310818564194,finish=1660913403963894144,duration=93145329950[0K
[31;1mThe command "ant" exited with 1.[0m

Done. Your build exited with 1.
