travis_fold:start:system_info[0K[33;1mBuild system information[0m
Build language: java
Build group: stable
Build dist: precise
Build id: ''
Job id: ''
[34m[1mBuild image provisioning date and time[0m
Thu Feb  5 15:09:33 UTC 2015
[34m[1mOperating System Details[0m
Distributor ID:	Ubuntu
Description:	Ubuntu 12.04.5 LTS
Release:	12.04
Codename:	precise
[34m[1mLinux Version[0m
3.13.0-29-generic
[34m[1mCookbooks Version[0m
a68419e https://github.com/travis-ci/travis-cookbooks/tree/a68419e
[34m[1mGCC version[0m
gcc (Ubuntu/Linaro 4.6.3-1ubuntu5) 4.6.3
Copyright (C) 2011 Free Software Foundation, Inc.
This is free software; see the source for copying conditions.  There is NO
warranty; not even for MERCHANTABILITY or FITNESS FOR A PARTICULAR PURPOSE.

[34m[1mLLVM version[0m
clang version 3.4 (tags/RELEASE_34/final)
Target: x86_64-unknown-linux-gnu
Thread model: posix
[34m[1mPre-installed Ruby versions[0m
ruby-1.9.3-p551
[34m[1mPre-installed Node.js versions[0m
v0.10.36
[34m[1mPre-installed Go versions[0m
1.4.1
[34m[1mRedis version[0m
redis-server 2.8.19
[34m[1mriak version[0m
2.0.2
[34m[1mMongoDB version[0m
MongoDB 2.4.12
[34m[1mCouchDB version[0m
couchdb 1.6.1
[34m[1mNeo4j version[0m
1.9.4
[34m[1mRabbitMQ Version[0m
3.4.3
[34m[1mElasticSearch version[0m
1.4.0
[34m[1mInstalled Sphinx versions[0m
2.0.10
2.1.9
2.2.6
[34m[1mDefault Sphinx version[0m
2.2.6
[34m[1mInstalled Firefox version[0m
firefox 31.0esr
[34m[1mPhantomJS version[0m
1.9.8
[34m[1mant -version[0m
Apache Ant(TM) version 1.8.2 compiled on December 3 2011
[34m[1mmvn -version[0m
Apache Maven 3.2.5 (12a6b3acb947671f09b81f49094c53f426d8cea1; 2014-12-14T17:29:23+00:00)
Maven home: /usr/local/maven
Java version: 1.7.0_76, vendor: Oracle Corporation
Java home: /usr/lib/jvm/java-7-oracle/jre
Default locale: en_US, platform encoding: ANSI_X3.4-1968
OS name: "linux", version: "3.13.0-29-generic", arch: "amd64", family: "unix"
travis_fold:end:system_info[0K
W: Failed to fetch http://us.archive.ubuntu.com/ubuntu/dists/precise/main/source/Sources  404  Not Found [IP: 91.189.91.39 80]

W: Failed to fetch http://us.archive.ubuntu.com/ubuntu/dists/precise/restricted/source/Sources  404  Not Found [IP: 91.189.91.39 80]

W: Failed to fetch http://us.archive.ubuntu.com/ubuntu/dists/precise/universe/source/Sources  404  Not Found [IP: 91.189.91.39 80]

W: Failed to fetch http://us.archive.ubuntu.com/ubuntu/dists/precise/multiverse/source/Sources  404  Not Found [IP: 91.189.91.39 80]

W: Failed to fetch http://us.archive.ubuntu.com/ubuntu/dists/precise/main/binary-amd64/Packages  404  Not Found [IP: 91.189.91.39 80]

W: Failed to fetch http://us.archive.ubuntu.com/ubuntu/dists/precise/restricted/binary-amd64/Packages  404  Not Found [IP: 91.189.91.39 80]

W: Failed to fetch http://us.archive.ubuntu.com/ubuntu/dists/precise/universe/binary-amd64/Packages  404  Not Found [IP: 91.189.91.39 80]

W: Failed to fetch http://us.archive.ubuntu.com/ubuntu/dists/precise/multiverse/binary-amd64/Packages  404  Not Found [IP: 91.189.91.39 80]

W: Failed to fetch http://us.archive.ubuntu.com/ubuntu/dists/precise/main/binary-i386/Packages  404  Not Found [IP: 91.189.91.39 80]

W: Failed to fetch http://us.archive.ubuntu.com/ubuntu/dists/precise/restricted/binary-i386/Packages  404  Not Found [IP: 91.189.91.39 80]

W: Failed to fetch http://us.archive.ubuntu.com/ubuntu/dists/precise/universe/binary-i386/Packages  404  Not Found [IP: 91.189.91.39 80]

W: Failed to fetch http://us.archive.ubuntu.com/ubuntu/dists/precise/multiverse/binary-i386/Packages  404  Not Found [IP: 91.189.91.39 80]

W: Failed to fetch http://us.archive.ubuntu.com/ubuntu/dists/precise-updates/main/source/Sources  404  Not Found [IP: 91.189.91.39 80]

W: Failed to fetch http://us.archive.ubuntu.com/ubuntu/dists/precise-updates/restricted/source/Sources  404  Not Found [IP: 91.189.91.39 80]

W: Failed to fetch http://us.archive.ubuntu.com/ubuntu/dists/precise-updates/universe/source/Sources  404  Not Found [IP: 91.189.91.39 80]

W: Failed to fetch http://us.archive.ubuntu.com/ubuntu/dists/precise-updates/multiverse/source/Sources  404  Not Found [IP: 91.189.91.39 80]

W: Failed to fetch http://us.archive.ubuntu.com/ubuntu/dists/precise-updates/main/binary-amd64/Packages  404  Not Found [IP: 91.189.91.39 80]

W: Failed to fetch http://us.archive.ubuntu.com/ubuntu/dists/precise-updates/restricted/binary-amd64/Packages  404  Not Found [IP: 91.189.91.39 80]

W: Failed to fetch http://us.archive.ubuntu.com/ubuntu/dists/precise-updates/universe/binary-amd64/Packages  404  Not Found [IP: 91.189.91.39 80]

W: Failed to fetch http://us.archive.ubuntu.com/ubuntu/dists/precise-updates/multiverse/binary-amd64/Packages  404  Not Found [IP: 91.189.91.39 80]

W: Failed to fetch http://us.archive.ubuntu.com/ubuntu/dists/precise-updates/main/binary-i386/Packages  404  Not Found [IP: 91.189.91.39 80]

W: Failed to fetch http://us.archive.ubuntu.com/ubuntu/dists/precise-updates/restricted/binary-i386/Packages  404  Not Found [IP: 91.189.91.39 80]

W: Failed to fetch http://us.archive.ubuntu.com/ubuntu/dists/precise-updates/universe/binary-i386/Packages  404  Not Found [IP: 91.189.91.39 80]

W: Failed to fetch http://us.archive.ubuntu.com/ubuntu/dists/precise-updates/multiverse/binary-i386/Packages  404  Not Found [IP: 91.189.91.39 80]

W: Failed to fetch http://us.archive.ubuntu.com/ubuntu/dists/precise-backports/main/source/Sources  404  Not Found [IP: 91.189.91.39 80]

W: Failed to fetch http://us.archive.ubuntu.com/ubuntu/dists/precise-backports/restricted/source/Sources  404  Not Found [IP: 91.189.91.39 80]

W: Failed to fetch http://us.archive.ubuntu.com/ubuntu/dists/precise-backports/universe/source/Sources  404  Not Found [IP: 91.189.91.39 80]

W: Failed to fetch http://us.archive.ubuntu.com/ubuntu/dists/precise-backports/multiverse/source/Sources  404  Not Found [IP: 91.189.91.39 80]

W: Failed to fetch http://us.archive.ubuntu.com/ubuntu/dists/precise-backports/main/binary-amd64/Packages  404  Not Found [IP: 91.189.91.39 80]

W: Failed to fetch http://us.archive.ubuntu.com/ubuntu/dists/precise-backports/restricted/binary-amd64/Packages  404  Not Found [IP: 91.189.91.39 80]

W: Failed to fetch http://us.archive.ubuntu.com/ubuntu/dists/precise-backports/universe/binary-amd64/Packages  404  Not Found [IP: 91.189.91.39 80]

W: Failed to fetch http://us.archive.ubuntu.com/ubuntu/dists/precise-backports/multiverse/binary-amd64/Packages  404  Not Found [IP: 91.189.91.39 80]

W: Failed to fetch http://us.archive.ubuntu.com/ubuntu/dists/precise-backports/main/binary-i386/Packages  404  Not Found [IP: 91.189.91.39 80]

W: Failed to fetch http://us.archive.ubuntu.com/ubuntu/dists/precise-backports/restricted/binary-i386/Packages  404  Not Found [IP: 91.189.91.39 80]

W: Failed to fetch http://us.archive.ubuntu.com/ubuntu/dists/precise-backports/universe/binary-i386/Packages  404  Not Found [IP: 91.189.91.39 80]

W: Failed to fetch http://us.archive.ubuntu.com/ubuntu/dists/precise-backports/multiverse/binary-i386/Packages  404  Not Found [IP: 91.189.91.39 80]

W: Failed to fetch http://security.ubuntu.com/ubuntu/dists/precise-security/main/source/Sources  404  Not Found [IP: 185.125.190.36 80]

W: Failed to fetch http://security.ubuntu.com/ubuntu/dists/precise-security/restricted/source/Sources  404  Not Found [IP: 185.125.190.36 80]

W: Failed to fetch http://security.ubuntu.com/ubuntu/dists/precise-security/universe/source/Sources  404  Not Found [IP: 185.125.190.36 80]

W: Failed to fetch http://security.ubuntu.com/ubuntu/dists/precise-security/multiverse/source/Sources  404  Not Found [IP: 185.125.190.36 80]

W: Failed to fetch http://security.ubuntu.com/ubuntu/dists/precise-security/main/binary-amd64/Packages  404  Not Found [IP: 185.125.190.36 80]

W: Failed to fetch http://security.ubuntu.com/ubuntu/dists/precise-security/restricted/binary-amd64/Packages  404  Not Found [IP: 185.125.190.36 80]

W: Failed to fetch http://security.ubuntu.com/ubuntu/dists/precise-security/universe/binary-amd64/Packages  404  Not Found [IP: 185.125.190.36 80]

W: Failed to fetch http://security.ubuntu.com/ubuntu/dists/precise-security/multiverse/binary-amd64/Packages  404  Not Found [IP: 185.125.190.36 80]

W: Failed to fetch http://security.ubuntu.com/ubuntu/dists/precise-security/main/binary-i386/Packages  404  Not Found [IP: 185.125.190.36 80]

W: Failed to fetch http://security.ubuntu.com/ubuntu/dists/precise-security/restricted/binary-i386/Packages  404  Not Found [IP: 185.125.190.36 80]

W: Failed to fetch http://security.ubuntu.com/ubuntu/dists/precise-security/universe/binary-i386/Packages  404  Not Found [IP: 185.125.190.36 80]

W: Failed to fetch http://security.ubuntu.com/ubuntu/dists/precise-security/multiverse/binary-i386/Packages  404  Not Found [IP: 185.125.190.36 80]

W: Failed to fetch http://apt.postgresql.org/pub/repos/apt/dists/precise-pgdg/main/binary-amd64/Packages  404  Not Found [IP: 217.196.149.55 80]

W: Failed to fetch http://apt.postgresql.org/pub/repos/apt/dists/precise-pgdg/main/binary-i386/Packages  404  Not Found [IP: 217.196.149.55 80]

W: Failed to fetch http://ppa.launchpad.net/rwky/ppa/ubuntu/dists/precise/main/binary-amd64/Packages  403  Forbidden

W: Failed to fetch http://ppa.launchpad.net/rwky/ppa/ubuntu/dists/precise/main/binary-i386/Packages  403  Forbidden

W: Failed to fetch http://ppa.launchpad.net/travis-ci/zero-mq/ubuntu/dists/precise/main/binary-amd64/Packages  403  Forbidden

W: Failed to fetch http://ppa.launchpad.net/travis-ci/zero-mq/ubuntu/dists/precise/main/binary-i386/Packages  403  Forbidden

W: Failed to fetch http://downloads-distro.mongodb.org/repo/debian-sysvinit/dists/dist/10gen/binary-amd64/Packages  Undetermined Error [IP: 54.175.147.155 80]

W: Failed to fetch http://downloads-distro.mongodb.org/repo/debian-sysvinit/dists/dist/10gen/binary-i386/Packages  Undetermined Error [IP: 54.175.147.155 80]

E: Some index files failed to download. They have been ignored, or old ones used instead.
sed: cannot rename /etc/hosts: Device or resource busy
sed: cannot rename /etc/hosts: Device or resource busy
$ jdk_switcher use oraclejdk8
Switching to Oracle JDK8 (java-8-oracle), JAVA_HOME will be set to /usr/lib/jvm/java-8-oracle
$ cd failed/Whiley/WhileyCompiler
$ java -Xmx32m -version
java version "1.8.0_31"
Java(TM) SE Runtime Environment (build 1.8.0_31-b13)
Java HotSpot(TM) 64-Bit Server VM (build 25.31-b07, mixed mode)
$ javac -J-Xmx32m -version
javac 1.8.0_31
travis_fold:start:install[0Ktravis_time:start:203c1234[0K$ true

travis_time:end:203c1234:start=1660952758145690077,finish=1660952758152694764,duration=7004687[0Ktravis_fold:end:install[0Ktravis_time:start:09577d90[0K$ touch running_on_travis

travis_time:end:09577d90:start=1660952758162398040,finish=1660952758172829276,duration=10431236[0K
[32;1mThe command "touch running_on_travis" exited with 0.[0m
travis_time:start:0889ed80[0K$ ant test
Buildfile: /home/travis/build/failed/Whiley/WhileyCompiler/build.xml
[artifact:dependencies] Downloading: org/whiley/wycc/0.5.8/wycc-0.5.8.pom from repository central at http://insecure.repo1.maven.org/maven2
[artifact:dependencies] Transferring 5K from central
[artifact:dependencies] Downloading: org/whiley/wytp/0.6.4/wytp-0.6.4.pom from repository central at http://insecure.repo1.maven.org/maven2
[artifact:dependencies] Transferring 5K from central
[artifact:dependencies] Downloading: ant/ant/1.7.0/ant-1.7.0.pom from repository central at http://insecure.repo1.maven.org/maven2
[artifact:dependencies] Transferring 0K from central
[artifact:dependencies] Downloading: org/apache/ant/ant/1.7.0/ant-1.7.0.pom from repository central at http://insecure.repo1.maven.org/maven2
[artifact:dependencies] Transferring 10K from central
[artifact:dependencies] Downloading: org/apache/ant/ant-parent/1.7.0/ant-parent-1.7.0.pom from repository central at http://insecure.repo1.maven.org/maven2
[artifact:dependencies] Transferring 4K from central
[artifact:dependencies] Downloading: org/apache/ant/ant-launcher/1.7.0/ant-launcher-1.7.0.pom from repository central at http://insecure.repo1.maven.org/maven2
[artifact:dependencies] Transferring 2K from central
[artifact:dependencies] [WARNING] While downloading ant:ant:1.7.0
[artifact:dependencies]   This artifact has been relocated to org.apache.ant:ant:1.7.0.
[artifact:dependencies] 
[artifact:dependencies] 
[artifact:dependencies] Downloading: junit/junit/4.12/junit-4.12.pom from repository central at http://insecure.repo1.maven.org/maven2
[artifact:dependencies] Transferring 23K from central
[artifact:dependencies] Downloading: org/hamcrest/hamcrest-core/1.3/hamcrest-core-1.3.pom from repository central at http://insecure.repo1.maven.org/maven2
[artifact:dependencies] Transferring 1K from central
[artifact:dependencies] Downloading: org/hamcrest/hamcrest-parent/1.3/hamcrest-parent-1.3.pom from repository central at http://insecure.repo1.maven.org/maven2
[artifact:dependencies] Transferring 2K from central
[artifact:dependencies] Downloading: junit/junit/4.12/junit-4.12.jar from repository central at http://insecure.repo1.maven.org/maven2
[artifact:dependencies] Downloading: org/whiley/wycc/0.5.8/wycc-0.5.8.jar from repository central at http://insecure.repo1.maven.org/maven2
[artifact:dependencies] Downloading: org/hamcrest/hamcrest-core/1.3/hamcrest-core-1.3.jar from repository central at http://insecure.repo1.maven.org/maven2
[artifact:dependencies] Downloading: org/apache/ant/ant/1.7.0/ant-1.7.0.jar from repository central at http://insecure.repo1.maven.org/maven2
[artifact:dependencies] Transferring 1260K from central
[artifact:dependencies] Transferring 44K from central
[artifact:dependencies] Transferring 308K from central
[artifact:dependencies] Transferring 133K from central
[artifact:dependencies] Downloading: org/whiley/wytp/0.6.4/wytp-0.6.4.jar from repository central at http://insecure.repo1.maven.org/maven2
[artifact:dependencies] Transferring 416K from central
[artifact:dependencies] Downloading: org/apache/ant/ant-launcher/1.7.0/ant-launcher-1.7.0.jar from repository central at http://insecure.repo1.maven.org/maven2
[artifact:dependencies] Transferring 11K from central

setup:
    [mkdir] Created dir: /home/travis/build/failed/Whiley/WhileyCompiler/target
    [mkdir] Created dir: /home/travis/build/failed/Whiley/WhileyCompiler/target/classes
    [mkdir] Created dir: /home/travis/build/failed/Whiley/WhileyCompiler/target/javadoc

compile:
    [javac] Compiling 63 source files to /home/travis/build/failed/Whiley/WhileyCompiler/target/classes
    [javac] Note: Some input files use unchecked or unsafe operations.
    [javac] Note: Recompile with -Xlint:unchecked for details.
    [javac] Creating empty /home/travis/build/failed/Whiley/WhileyCompiler/target/classes/wyc/package-info.class
    [javac] Creating empty /home/travis/build/failed/Whiley/WhileyCompiler/target/classes/wyil/package-info.class
    [javac] Creating empty /home/travis/build/failed/Whiley/WhileyCompiler/target/classes/wyautl_old/util/package-info.class
    [javac] Creating empty /home/travis/build/failed/Whiley/WhileyCompiler/target/classes/wyil/checks/package-info.class
    [javac] Creating empty /home/travis/build/failed/Whiley/WhileyCompiler/target/classes/wyil/lang/package-info.class
    [javac] Creating empty /home/travis/build/failed/Whiley/WhileyCompiler/target/classes/wyil/io/package-info.class
    [javac] Creating empty /home/travis/build/failed/Whiley/WhileyCompiler/target/classes/wyc/builder/package-info.class
    [javac] Creating empty /home/travis/build/failed/Whiley/WhileyCompiler/target/classes/wyc/lang/package-info.class
    [javac] Creating empty /home/travis/build/failed/Whiley/WhileyCompiler/target/classes/wyautl_old/lang/package-info.class
    [javac] Creating empty /home/travis/build/failed/Whiley/WhileyCompiler/target/classes/wyautl_old/io/package-info.class
    [javac] Creating empty /home/travis/build/failed/Whiley/WhileyCompiler/target/classes/wyautl_old/package-info.class

compile-tests:
    [javac] Compiling 7 source files to /home/travis/build/failed/Whiley/WhileyCompiler/target/classes

test:
    [junit] WARNING: multiple versions of ant detected in path for junit 
    [junit]          jar:file:/usr/share/ant/lib/ant.jar!/org/apache/tools/ant/Project.class
    [junit]      and jar:file:/home/travis/.m2/repository/org/apache/ant/ant/1.7.0/ant-1.7.0.jar!/org/apache/tools/ant/Project.class
    [junit] Running wyc.testing.AllInvalidTest
    [junit] Testsuite: wyc.testing.AllInvalidTest
    [junit] Tests run: 287, Failures: 1, Errors: 0, Time elapsed: 7.708 sec
    [junit] Tests run: 287, Failures: 1, Errors: 0, Time elapsed: 7.708 sec
    [junit] ------------- Standard Error -----------------
    [junit]  < tests/invalid/Import_Invalid_1.whiley:3: unable to resolve name (name not found: toString)
    [junit]  > tests/invalid/Import_Invalid_1.whiley:5: expected end-of-line
    [junit]  <     return toString(x)
    [junit]  > import toString from whiley.lang.Any
    [junit]  <            ^^^^^^^^^^^
    [junit]  >                            ^
    [junit] 
    [junit] ------------- ---------------- ---------------
    [junit] 
    [junit] Testcase: invalid[AddressExpression_Invalid_1] took 0.161 sec
    [junit] Testcase: invalid[AddressExpression_Invalid_2] took 0.009 sec
    [junit] Testcase: invalid[ArrayAccess_Invalid_1] took 0.009 sec
    [junit] Testcase: invalid[ArrayAccess_Invalid_2] took 0.196 sec
    [junit] Testcase: invalid[ArrayAccess_Invalid_3] took 0.016 sec
    [junit] Testcase: invalid[ArrayAccess_Invalid_4] took 0.062 sec
    [junit] Testcase: invalid[ArrayAccess_Invalid_5] took 0.091 sec
    [junit] Testcase: invalid[ArrayAssign_Invalid_1] took 0.009 sec
    [junit] Testcase: invalid[ArrayAssign_Invalid_2] took 0.052 sec
    [junit] Testcase: invalid[ArrayAssign_Invalid_3] took 0.045 sec
    [junit] Testcase: invalid[ArrayConversion_Invalid_1] took 0.009 sec
    [junit] Testcase: invalid[ArrayEmpty_Invalid_1] took 0.007 sec
    [junit] Testcase: invalid[ArrayEmpty_Invalid_2] took 0.065 sec
    [junit] Testcase: invalid[ArrayEquals_Invalid_1] took 0.067 sec
    [junit] Testcase: invalid[ArrayGenerator_Invalid_1] took 0.046 sec
    [junit] Testcase: invalid[ArrayGenerator_Invalid_2] took 0.056 sec
    [junit] Testcase: invalid[ArrayGenerator_Invalid_3] took 0.007 sec
    [junit] Testcase: invalid[ArrayGenerator_Invalid_4] took 0.011 sec
    [junit] Testcase: invalid[ArrayLength_Invalid_1] took 0.056 sec
    [junit] Testcase: invalid[ArrayLength_Invalid_2] took 0.088 sec
    [junit] Testcase: invalid[ArrayLength_Invalid_3] took 0.05 sec
    [junit] Testcase: invalid[ArrayUpdate_Invalid_1] took 0.052 sec
    [junit] Testcase: invalid[Array_Invalid_1] took 0.007 sec
    [junit] Testcase: invalid[Array_Invalid_2] took 0.017 sec
    [junit] Testcase: invalid[Array_Invalid_3] took 0.012 sec
    [junit] Testcase: invalid[Array_Invalid_4] took 0.011 sec
    [junit] Testcase: invalid[Array_Invalid_5] took 0.007 sec
    [junit] Testcase: invalid[Array_Invalid_6] took 0.011 sec
    [junit] Testcase: invalid[Array_Invalid_7] took 0.006 sec
    [junit] Testcase: invalid[Assert_Invalid_1] took 0.011 sec
    [junit] Testcase: invalid[Assert_Invalid_2] took 0.047 sec
    [junit] Testcase: invalid[Assign_Invalid_1] took 0.008 sec
    [junit] Testcase: invalid[Assign_Invalid_2] took 0.011 sec
    [junit] Testcase: invalid[Assign_Invalid_3] took 0.009 sec
    [junit] Testcase: invalid[Assign_Invalid_4] took 0.012 sec
    [junit] Testcase: invalid[Assign_Invalid_5] took 0.008 sec
    [junit] Testcase: invalid[Assign_Invalid_6] took 0.01 sec
    [junit] Testcase: invalid[Assign_Invalid_7] took 0.008 sec
    [junit] Testcase: invalid[Assign_Invalid_8] took 0.012 sec
    [junit] Testcase: invalid[Assign_Invalid_9] took 0.008 sec
    [junit] Testcase: invalid[Byte_Invalid_1] took 0.011 sec
    [junit] Testcase: invalid[Coercion_Invalid_2] took 0.011 sec
    [junit] Testcase: invalid[Constant_Invalid_1] took 0.002 sec
    [junit] Testcase: invalid[Constant_Invalid_2] took 0.041 sec
    [junit] Testcase: invalid[ConstrainedArray_Invalid_1] took 0.075 sec
    [junit] Testcase: invalid[ConstrainedArray_Invalid_2] took 0.055 sec
    [junit] Testcase: invalid[ConstrainedArray_Invalid_3] took 0.05 sec
    [junit] Testcase: invalid[ConstrainedInt_Invalid_1] took 0.044 sec
    [junit] Testcase: invalid[ConstrainedInt_Invalid_11] took 0.008 sec
    [junit] Testcase: invalid[ConstrainedInt_Invalid_12] took 0.052 sec
    [junit] Testcase: invalid[ConstrainedInt_Invalid_2] took 0.044 sec
    [junit] Testcase: invalid[ConstrainedInt_Invalid_3] took 0.044 sec
    [junit] Testcase: invalid[ConstrainedInt_Invalid_4] took 0.05 sec
    [junit] Testcase: invalid[ConstrainedInt_Invalid_5] took 0.044 sec
    [junit] Testcase: invalid[ConstrainedInt_Invalid_6] took 0.049 sec
    [junit] Testcase: invalid[ConstrainedInt_Invalid_7] took 0.046 sec
    [junit] Testcase: invalid[ConstrainedInt_Invalid_8] took 0.047 sec
    [junit] Testcase: invalid[ConstrainedInt_Invalid_9] took 0.072 sec
    [junit] Testcase: invalid[ConstrainedRecord_Invalid_1] took 0.067 sec
    [junit] Testcase: invalid[Continue_Invalid_1] took 0.009 sec
    [junit] Testcase: invalid[Continue_Invalid_2] took 0.01 sec
    [junit] Testcase: invalid[Contractive_Invalid_1] took 0.009 sec
    [junit] Testcase: invalid[Contractive_Invalid_2] took 0.009 sec
    [junit] Testcase: invalid[DefiniteAssign_Invalid_1] took 0.017 sec
    [junit] Testcase: invalid[DefiniteAssign_Invalid_2] took 0.008 sec
    [junit] Testcase: invalid[DefiniteAssign_Invalid_3] took 0.017 sec
    [junit] Testcase: invalid[DefiniteAssign_Invalid_4] took 0.015 sec
    [junit] Testcase: invalid[DoWhile_Invalid_1] took 0.081 sec
    [junit] Testcase: invalid[DoWhile_Invalid_2] took 0.092 sec
    [junit] Testcase: invalid[DoWhile_Invalid_3] took 0.068 sec
    [junit] Testcase: invalid[DoWhile_Invalid_4] took 0.053 sec
    [junit] Testcase: invalid[DoWhile_Invalid_5] took 0.007 sec
    [junit] Testcase: invalid[EndOfFile_Invalid_1] took 0.013 sec
    [junit] Testcase: invalid[Ensures_Invalid_1] took 0.048 sec
    [junit] Testcase: invalid[Ensures_Invalid_2] took 0.011 sec
    [junit] Testcase: invalid[Ensures_Invalid_3] took 0.047 sec
    [junit] Testcase: invalid[Export_Invalid_1] took 0 sec
    [junit] Testcase: invalid[Fail_Invalid_1] took 0 sec
    [junit] Testcase: invalid[Fail_Invalid_2] took 0.006 sec
    [junit] Testcase: invalid[Fail_Invalid_3] took 0 sec
    [junit] Testcase: invalid[FunctionRef_Invalid_1] took 0.01 sec
    [junit] Testcase: invalid[FunctionRef_Invalid_2] took 0.007 sec
    [junit] Testcase: invalid[FunctionRef_Invalid_3] took 0.011 sec
    [junit] Testcase: invalid[FunctionRef_Invalid_4] took 0.012 sec
    [junit] Testcase: invalid[FunctionRef_Invalid_5] took 0.014 sec
    [junit] Testcase: invalid[FunctionRef_Invalid_6] took 0.006 sec
    [junit] Testcase: invalid[FunctionRef_Invalid_7] took 0.011 sec
    [junit] Testcase: invalid[Function_Invalid_1] took 0.011 sec
    [junit] Testcase: invalid[Function_Invalid_10] took 0.012 sec
    [junit] Testcase: invalid[Function_Invalid_11] took 0.009 sec
    [junit] Testcase: invalid[Function_Invalid_2] took 0 sec
    [junit] Testcase: invalid[Function_Invalid_3] took 0.024 sec
    [junit] Testcase: invalid[Function_Invalid_4] took 0.011 sec
    [junit] Testcase: invalid[Function_Invalid_9] took 0 sec
    [junit] Testcase: invalid[If_Invalid_1] took 0.011 sec
    [junit] Testcase: invalid[If_Invalid_2] took 0.007 sec
    [junit] Testcase: invalid[If_Invalid_4] took 0.01 sec
    [junit] Testcase: invalid[If_Invalid_5] took 0.008 sec
    [junit] Testcase: invalid[Import_Invalid_1] took 0.014 sec
    [junit] 	FAILED
    [junit] Output does not match reference
    [junit] junit.framework.AssertionFailedError: Output does not match reference
    [junit] 	at wyc.testing.AllInvalidTest.runTest(Unknown Source)
    [junit] 	at wyc.testing.AllInvalidTest.invalid(Unknown Source)
    [junit] 
    [junit] Testcase: invalid[IntDiv_Invalid_1] took 0.084 sec
    [junit] Testcase: invalid[Intersection_Invalid_1] took 0.009 sec
    [junit] Testcase: invalid[Intersection_Invalid_2] took 0.024 sec
    [junit] Testcase: invalid[Lambda_Invalid_3] took 0.056 sec
    [junit] Testcase: invalid[Lifetime_Invalid_1] took 0.007 sec
    [junit] Testcase: invalid[Lifetime_Invalid_2] took 0.006 sec
    [junit] Testcase: invalid[Lifetime_Invalid_3] took 0.009 sec
    [junit] Testcase: invalid[Lifetime_Invalid_4] took 0.008 sec
    [junit] Testcase: invalid[Lifetime_Invalid_5] took 0.008 sec
    [junit] Testcase: invalid[Lifetime_Invalid_6] took 0.007 sec
    [junit] Testcase: invalid[Lifetime_Invalid_7] took 0.031 sec
    [junit] Testcase: invalid[Lifetime_Invalid_8] took 0.007 sec
    [junit] Testcase: invalid[Lifetime_Lambda_Invalid_1] took 0.011 sec
    [junit] Testcase: invalid[Lifetime_Lambda_Invalid_2] took 0.007 sec
    [junit] Testcase: invalid[Lifetime_Lambda_Invalid_3] took 0.006 sec
    [junit] Testcase: invalid[Lifetime_Lambda_Invalid_4] took 0.006 sec
    [junit] Testcase: invalid[Lifetime_Lambda_Invalid_5] took 0.009 sec
    [junit] Testcase: invalid[Lifetime_Lambda_Invalid_6] took 0.007 sec
    [junit] Testcase: invalid[MethodCall_Invalid_1] took 0.011 sec
    [junit] Testcase: invalid[MethodCall_Invalid_2] took 0.008 sec
    [junit] Testcase: invalid[MethodCall_Invalid_3] took 0.01 sec
    [junit] Testcase: invalid[MethodCall_Invalid_4] took 0.008 sec
    [junit] Testcase: invalid[MethodCall_Invalid_5] took 0.007 sec
    [junit] Testcase: invalid[MethodCall_Invalid_6] took 0.018 sec
    [junit] Testcase: invalid[MethodCall_Invalid_7] took 0.015 sec
    [junit] Testcase: invalid[MethodCall_Invalid_8] took 0.007 sec
    [junit] Testcase: invalid[MethodRef_Invalid_1] took 0.001 sec
    [junit] Testcase: invalid[MethodRef_Invalid_2] took 0.014 sec
    [junit] Testcase: invalid[MethodRef_Invalid_3] took 0.001 sec
    [junit] Testcase: invalid[MultiAssign_Invalid_1] took 0.015 sec
    [junit] Testcase: invalid[Native_Invalid_1] took 0 sec
    [junit] Testcase: invalid[NegationType_Invalid_1] took 0.009 sec
    [junit] Testcase: invalid[NegationType_Invalid_2] took 0.009 sec
    [junit] Testcase: invalid[NegationType_Invalid_3] took 0.007 sec
    [junit] Testcase: invalid[NegationType_Invalid_4] took 0.042 sec
    [junit] Testcase: invalid[OpenRecord_Invalid_1] took 0.006 sec
    [junit] Testcase: invalid[OpenRecord_Invalid_2] took 0 sec
    [junit] Testcase: invalid[OpenRecord_Invalid_3] took 0.015 sec
    [junit] Testcase: invalid[OpenRecord_Invalid_4] took 0.009 sec
    [junit] Testcase: invalid[OpenRecord_Invalid_5] took 0.01 sec
    [junit] Testcase: invalid[OpenRecord_Invalid_6] took 0.009 sec
    [junit] Testcase: invalid[OpenRecord_Invalid_7] took 0.009 sec
    [junit] Testcase: invalid[Parameter_Invalid_1] took 0.007 sec
    [junit] Testcase: invalid[Parameter_Invalid_2] took 0.007 sec
    [junit] Testcase: invalid[Parsing_Invalid_1] took 0.001 sec
    [junit] Testcase: invalid[Parsing_Invalid_10] took 0.007 sec
    [junit] Testcase: invalid[Parsing_Invalid_11] took 0.006 sec
    [junit] Testcase: invalid[Parsing_Invalid_12] took 0.009 sec
    [junit] Testcase: invalid[Parsing_Invalid_15] took 0 sec
    [junit] Testcase: invalid[Parsing_Invalid_16] took 0.008 sec
    [junit] Testcase: invalid[Parsing_Invalid_2] took 0 sec
    [junit] Testcase: invalid[Parsing_Invalid_21] took 0.014 sec
    [junit] Testcase: invalid[Parsing_Invalid_23] took 0.012 sec
    [junit] Testcase: invalid[Parsing_Invalid_24] took 0.016 sec
    [junit] Testcase: invalid[Parsing_Invalid_25] took 0.011 sec
    [junit] Testcase: invalid[Parsing_Invalid_26] took 0.01 sec
    [junit] Testcase: invalid[Parsing_Invalid_27] took 0.008 sec
    [junit] Testcase: invalid[Parsing_Invalid_28] took 0.012 sec
    [junit] Testcase: invalid[Parsing_Invalid_29] took 0.006 sec
    [junit] Testcase: invalid[Parsing_Invalid_30] took 0.026 sec
    [junit] Testcase: invalid[Parsing_Invalid_31] took 0 sec
    [junit] Testcase: invalid[Parsing_Invalid_4] took 0.006 sec
    [junit] Testcase: invalid[Parsing_Invalid_5] took 0.006 sec
    [junit] Testcase: invalid[Parsing_Invalid_6] took 0.01 sec
    [junit] Testcase: invalid[Parsing_Invalid_8] took 0.009 sec
    [junit] Testcase: invalid[ProcessAccess_Invalid_1] took 0.01 sec
    [junit] Testcase: invalid[ProcessAccess_Invalid_2] took 0.008 sec
    [junit] Testcase: invalid[ProcessAccess_Invalid_3] took 0.007 sec
    [junit] Testcase: invalid[Process_Invalid_1] took 0.01 sec
    [junit] Testcase: invalid[Property_Invalid_1] took 0.01 sec
    [junit] Testcase: invalid[Property_Invalid_2] took 0.071 sec
    [junit] Testcase: invalid[Property_Invalid_3] took 0.057 sec
    [junit] Testcase: invalid[Property_Invalid_4] took 0.054 sec
    [junit] Testcase: invalid[Property_Invalid_5] took 0.006 sec
    [junit] Testcase: invalid[Property_Invalid_6] took 0.005 sec
    [junit] Testcase: invalid[Property_Invalid_7] took 0.01 sec
    [junit] Testcase: invalid[Property_Invalid_8] took 0.053 sec
    [junit] Testcase: invalid[Quantifiers_Invalid_1] took 0.043 sec
    [junit] Testcase: invalid[Quantifiers_Invalid_2] took 0.047 sec
    [junit] Testcase: invalid[Quantifiers_Invalid_3] took 0.053 sec
    [junit] Testcase: invalid[Quantifiers_Invalid_4] took 0.048 sec
    [junit] Testcase: invalid[Quantifiers_Invalid_5] took 0.053 sec
    [junit] Testcase: invalid[Quantifiers_Invalid_6] took 0.057 sec
    [junit] Testcase: invalid[Quantifiers_Invalid_7] took 0.057 sec
    [junit] Testcase: invalid[Quantifiers_Invalid_8] took 0.065 sec
    [junit] Testcase: invalid[Record_Invalid_1] took 0.007 sec
    [junit] Testcase: invalid[Record_Invalid_2] took 0.01 sec
    [junit] Testcase: invalid[Record_Invalid_3] took 0.007 sec
    [junit] Testcase: invalid[Record_Invalid_4] took 0.006 sec
    [junit] Testcase: invalid[Record_Invalid_5] took 0.006 sec
    [junit] Testcase: invalid[Record_Invalid_6] took 0.007 sec
    [junit] Testcase: invalid[RecursiveType_Invalid_1] took 0.1 sec
    [junit] Testcase: invalid[RecursiveType_Invalid_10] took 0.067 sec
    [junit] Testcase: invalid[RecursiveType_Invalid_11] took 0.006 sec
    [junit] Testcase: invalid[RecursiveType_Invalid_2] took 0 sec
    [junit] Testcase: invalid[RecursiveType_Invalid_3] took 0.009 sec
    [junit] Testcase: invalid[RecursiveType_Invalid_4] took 0 sec
    [junit] Testcase: invalid[RecursiveType_Invalid_5] took 0.016 sec
    [junit] Testcase: invalid[RecursiveType_Invalid_7] took 0 sec
    [junit] Testcase: invalid[RecursiveType_Invalid_8] took 0 sec
    [junit] Testcase: invalid[RecursiveType_Invalid_9] took 0 sec
    [junit] Testcase: invalid[ReferenceOpenRecord_Invalid_1] took 0 sec
    [junit] Testcase: invalid[Reference_Subtype_Variant_Invalid_1] took 0.005 sec
    [junit] Testcase: invalid[Remainder_Invalid_1] took 0.056 sec
    [junit] Testcase: invalid[Remainder_Invalid_2] took 0.006 sec
    [junit] Testcase: invalid[Remainder_Invalid_3] took 0.005 sec
    [junit] Testcase: invalid[Requires_Invalid_1] took 0.055 sec
    [junit] Testcase: invalid[Return_Invalid_1] took 0.006 sec
    [junit] Testcase: invalid[Return_Invalid_10] took 0.005 sec
    [junit] Testcase: invalid[Return_Invalid_11] took 0.01 sec
    [junit] Testcase: invalid[Return_Invalid_12] took 0.007 sec
    [junit] Testcase: invalid[Return_Invalid_2] took 0.01 sec
    [junit] Testcase: invalid[Return_Invalid_3] took 0.006 sec
    [junit] Testcase: invalid[Return_Invalid_4] took 0.02 sec
    [junit] Testcase: invalid[Return_Invalid_5] took 0.008 sec
    [junit] Testcase: invalid[Return_Invalid_6] took 0.006 sec
    [junit] Testcase: invalid[Return_Invalid_7] took 0.007 sec
    [junit] Testcase: invalid[Return_Invalid_8] took 0.006 sec
    [junit] Testcase: invalid[Return_Invalid_9] took 0.009 sec
    [junit] Testcase: invalid[Subtype_Invalid_1] took 0.063 sec
    [junit] Testcase: invalid[Subtype_Invalid_2] took 0.058 sec
    [junit] Testcase: invalid[Subtype_Invalid_3] took 0.059 sec
    [junit] Testcase: invalid[Subtype_Invalid_4] took 0.064 sec
    [junit] Testcase: invalid[Subtype_Invalid_5] took 0.156 sec
    [junit] Testcase: invalid[Subtype_Invalid_6] took 0.052 sec
    [junit] Testcase: invalid[Subtype_Invalid_7] took 0.062 sec
    [junit] Testcase: invalid[Subtype_Invalid_8] took 0.067 sec
    [junit] Testcase: invalid[Subtype_Invalid_9] took 0.119 sec
    [junit] Testcase: invalid[Switch_Invalid_1] took 0.04 sec
    [junit] Testcase: invalid[Switch_Invalid_2] took 0.022 sec
    [junit] Testcase: invalid[Switch_Invalid_3] took 0.005 sec
    [junit] Testcase: invalid[Switch_Invalid_4] took 0.009 sec
    [junit] Testcase: invalid[Switch_Invalid_5] took 0.007 sec
    [junit] Testcase: invalid[Switch_Invalid_6] took 0.01 sec
    [junit] Testcase: invalid[Switch_Invalid_7] took 0.009 sec
    [junit] Testcase: invalid[TupleAssign_Invalid_1] took 0.056 sec
    [junit] Testcase: invalid[TupleAssign_Invalid_2] took 0.057 sec
    [junit] Testcase: invalid[TupleAssign_Invalid_3] took 0.053 sec
    [junit] Testcase: invalid[TupleDefine_Invalid_1] took 0.009 sec
    [junit] Testcase: invalid[TupleDefine_Invalid_2] took 0.058 sec
    [junit] Testcase: invalid[Tuple_Invalid_3] took 0 sec
    [junit] Testcase: invalid[Tuple_Invalid_4] took 0 sec
    [junit] Testcase: invalid[Tuple_Invalid_5] took 0 sec
    [junit] Testcase: invalid[Tuple_Invalid_6] took 0.007 sec
    [junit] Testcase: invalid[Tuple_Invalid_7] took 0.005 sec
    [junit] Testcase: invalid[TypeEquals_Invalid_1] took 0 sec
    [junit] Testcase: invalid[TypeEquals_Invalid_10] took 0.007 sec
    [junit] Testcase: invalid[TypeEquals_Invalid_11] took 0.006 sec
    [junit] Testcase: invalid[TypeEquals_Invalid_12] took 0.065 sec
    [junit] Testcase: invalid[TypeEquals_Invalid_13] took 0.007 sec
    [junit] Testcase: invalid[TypeEquals_Invalid_2] took 0.006 sec
    [junit] Testcase: invalid[TypeEquals_Invalid_5] took 0 sec
    [junit] Testcase: invalid[TypeEquals_Invalid_6] took 0.063 sec
    [junit] Testcase: invalid[TypeEquals_Invalid_7] took 0.007 sec
    [junit] Testcase: invalid[TypeEquals_Invalid_8] took 0.006 sec
    [junit] Testcase: invalid[TypeEquals_Invalid_9] took 0.011 sec
    [junit] Testcase: invalid[Type_Invalid_1] took 0.019 sec
    [junit] Testcase: invalid[UnionType_Invalid_1] took 0.012 sec
    [junit] Testcase: invalid[UnionType_Invalid_10] took 0.052 sec
    [junit] Testcase: invalid[UnionType_Invalid_2] took 0.007 sec
    [junit] Testcase: invalid[UnionType_Invalid_3] took 0.01 sec
    [junit] Testcase: invalid[UnionType_Invalid_4] took 0.008 sec
    [junit] Testcase: invalid[UnionType_Invalid_5] took 0.017 sec
    [junit] Testcase: invalid[UnionType_Invalid_6] took 0.006 sec
    [junit] Testcase: invalid[UnionType_Invalid_7] took 0.057 sec
    [junit] Testcase: invalid[UnionType_Invalid_8] took 0.051 sec
    [junit] Testcase: invalid[UnionType_Invalid_9] took 0 sec
    [junit] Testcase: invalid[VarDecl_Invalid_1] took 0.013 sec
    [junit] Testcase: invalid[VarDecl_Invalid_2] took 0.05 sec
    [junit] Testcase: invalid[VarDecl_Invalid_3] took 0.007 sec
    [junit] Testcase: invalid[VarDecl_Invalid_4] took 0.048 sec
    [junit] Testcase: invalid[While_Invalid_1] took 0.006 sec
    [junit] Testcase: invalid[While_Invalid_10] took 0.062 sec
    [junit] Testcase: invalid[While_Invalid_11] took 0.063 sec
    [junit] Testcase: invalid[While_Invalid_12] took 0.06 sec
    [junit] Testcase: invalid[While_Invalid_13] took 0.048 sec
    [junit] Testcase: invalid[While_Invalid_14] took 0.007 sec
    [junit] Testcase: invalid[While_Invalid_15] took 0.066 sec
    [junit] Testcase: invalid[While_Invalid_16] took 0.007 sec
    [junit] Testcase: invalid[While_Invalid_2] took 0.012 sec
    [junit] Testcase: invalid[While_Invalid_3] took 0.011 sec
    [junit] Testcase: invalid[While_Invalid_4] took 0.009 sec
    [junit] Testcase: invalid[While_Invalid_5] took 0.014 sec
    [junit] Testcase: invalid[While_Invalid_6] took 0.007 sec
    [junit] Testcase: invalid[While_Invalid_7] took 0.063 sec
    [junit] Testcase: invalid[While_Invalid_8] took 0.058 sec
    [junit] Testcase: invalid[While_Invalid_9] took 0.007 sec
    [junit] Testcase: invalid[XOR_Invalid_1] took 0.006 sec

BUILD FAILED
/home/travis/build/failed/Whiley/WhileyCompiler/build.xml:55: Test wyc.testing.AllInvalidTest failed

Total time: 22 seconds

travis_time:end:0889ed80:start=1660952758182442843,finish=1660952781100639035,duration=22918196192[0K
[31;1mThe command "ant test" exited with 1.[0m

Done. Your build exited with 1.
