travis_fold:start:system_info[0K[33;1mBuild system information[0m
Build language: java
Build group: stable
Build dist: precise
Build id: ''
Job id: ''
[34m[1mBuild image provisioning date and time[0m
Thu Feb  5 15:09:33 UTC 2015
[34m[1mOperating System Details[0m
Distributor ID:	Ubuntu
Description:	Ubuntu 12.04.5 LTS
Release:	12.04
Codename:	precise
[34m[1mLinux Version[0m
3.13.0-29-generic
[34m[1mCookbooks Version[0m
a68419e https://github.com/travis-ci/travis-cookbooks/tree/a68419e
[34m[1mGCC version[0m
gcc (Ubuntu/Linaro 4.6.3-1ubuntu5) 4.6.3
Copyright (C) 2011 Free Software Foundation, Inc.
This is free software; see the source for copying conditions.  There is NO
warranty; not even for MERCHANTABILITY or FITNESS FOR A PARTICULAR PURPOSE.

[34m[1mLLVM version[0m
clang version 3.4 (tags/RELEASE_34/final)
Target: x86_64-unknown-linux-gnu
Thread model: posix
[34m[1mPre-installed Ruby versions[0m
ruby-1.9.3-p551
[34m[1mPre-installed Node.js versions[0m
v0.10.36
[34m[1mPre-installed Go versions[0m
1.4.1
[34m[1mRedis version[0m
redis-server 2.8.19
[34m[1mriak version[0m
2.0.2
[34m[1mMongoDB version[0m
MongoDB 2.4.12
[34m[1mCouchDB version[0m
couchdb 1.6.1
[34m[1mNeo4j version[0m
1.9.4
[34m[1mRabbitMQ Version[0m
3.4.3
[34m[1mElasticSearch version[0m
1.4.0
[34m[1mInstalled Sphinx versions[0m
2.0.10
2.1.9
2.2.6
[34m[1mDefault Sphinx version[0m
2.2.6
[34m[1mInstalled Firefox version[0m
firefox 31.0esr
[34m[1mPhantomJS version[0m
1.9.8
[34m[1mant -version[0m
Apache Ant(TM) version 1.8.2 compiled on December 3 2011
[34m[1mmvn -version[0m
Apache Maven 3.2.5 (12a6b3acb947671f09b81f49094c53f426d8cea1; 2014-12-14T17:29:23+00:00)
Maven home: /usr/local/maven
Java version: 1.7.0_76, vendor: Oracle Corporation
Java home: /usr/lib/jvm/java-7-oracle/jre
Default locale: en_US, platform encoding: ANSI_X3.4-1968
OS name: "linux", version: "3.13.0-29-generic", arch: "amd64", family: "unix"
travis_fold:end:system_info[0K
W: Failed to fetch http://us.archive.ubuntu.com/ubuntu/dists/precise/main/source/Sources  404  Not Found [IP: 91.189.91.38 80]

W: Failed to fetch http://us.archive.ubuntu.com/ubuntu/dists/precise/restricted/source/Sources  404  Not Found [IP: 91.189.91.38 80]

W: Failed to fetch http://us.archive.ubuntu.com/ubuntu/dists/precise/universe/source/Sources  404  Not Found [IP: 91.189.91.38 80]

W: Failed to fetch http://us.archive.ubuntu.com/ubuntu/dists/precise/multiverse/source/Sources  404  Not Found [IP: 91.189.91.38 80]

W: Failed to fetch http://us.archive.ubuntu.com/ubuntu/dists/precise/main/binary-amd64/Packages  404  Not Found [IP: 91.189.91.38 80]

W: Failed to fetch http://us.archive.ubuntu.com/ubuntu/dists/precise/restricted/binary-amd64/Packages  404  Not Found [IP: 91.189.91.38 80]

W: Failed to fetch http://us.archive.ubuntu.com/ubuntu/dists/precise/universe/binary-amd64/Packages  404  Not Found [IP: 91.189.91.38 80]

W: Failed to fetch http://us.archive.ubuntu.com/ubuntu/dists/precise/multiverse/binary-amd64/Packages  404  Not Found [IP: 91.189.91.38 80]

W: Failed to fetch http://us.archive.ubuntu.com/ubuntu/dists/precise/main/binary-i386/Packages  404  Not Found [IP: 91.189.91.38 80]

W: Failed to fetch http://us.archive.ubuntu.com/ubuntu/dists/precise/restricted/binary-i386/Packages  404  Not Found [IP: 91.189.91.38 80]

W: Failed to fetch http://us.archive.ubuntu.com/ubuntu/dists/precise/universe/binary-i386/Packages  404  Not Found [IP: 91.189.91.38 80]

W: Failed to fetch http://us.archive.ubuntu.com/ubuntu/dists/precise/multiverse/binary-i386/Packages  404  Not Found [IP: 91.189.91.38 80]

W: Failed to fetch http://us.archive.ubuntu.com/ubuntu/dists/precise-updates/main/source/Sources  404  Not Found [IP: 91.189.91.38 80]

W: Failed to fetch http://us.archive.ubuntu.com/ubuntu/dists/precise-updates/restricted/source/Sources  404  Not Found [IP: 91.189.91.38 80]

W: Failed to fetch http://us.archive.ubuntu.com/ubuntu/dists/precise-updates/universe/source/Sources  404  Not Found [IP: 91.189.91.38 80]

W: Failed to fetch http://us.archive.ubuntu.com/ubuntu/dists/precise-updates/multiverse/source/Sources  404  Not Found [IP: 91.189.91.38 80]

W: Failed to fetch http://us.archive.ubuntu.com/ubuntu/dists/precise-updates/main/binary-amd64/Packages  404  Not Found [IP: 91.189.91.38 80]

W: Failed to fetch http://us.archive.ubuntu.com/ubuntu/dists/precise-updates/restricted/binary-amd64/Packages  404  Not Found [IP: 91.189.91.38 80]

W: Failed to fetch http://us.archive.ubuntu.com/ubuntu/dists/precise-updates/universe/binary-amd64/Packages  404  Not Found [IP: 91.189.91.38 80]

W: Failed to fetch http://us.archive.ubuntu.com/ubuntu/dists/precise-updates/multiverse/binary-amd64/Packages  404  Not Found [IP: 91.189.91.38 80]

W: Failed to fetch http://us.archive.ubuntu.com/ubuntu/dists/precise-updates/main/binary-i386/Packages  404  Not Found [IP: 91.189.91.38 80]

W: Failed to fetch http://us.archive.ubuntu.com/ubuntu/dists/precise-updates/restricted/binary-i386/Packages  404  Not Found [IP: 91.189.91.38 80]

W: Failed to fetch http://us.archive.ubuntu.com/ubuntu/dists/precise-updates/universe/binary-i386/Packages  404  Not Found [IP: 91.189.91.38 80]

W: Failed to fetch http://us.archive.ubuntu.com/ubuntu/dists/precise-updates/multiverse/binary-i386/Packages  404  Not Found [IP: 91.189.91.38 80]

W: Failed to fetch http://us.archive.ubuntu.com/ubuntu/dists/precise-backports/main/source/Sources  404  Not Found [IP: 91.189.91.38 80]

W: Failed to fetch http://us.archive.ubuntu.com/ubuntu/dists/precise-backports/restricted/source/Sources  404  Not Found [IP: 91.189.91.38 80]

W: Failed to fetch http://us.archive.ubuntu.com/ubuntu/dists/precise-backports/universe/source/Sources  404  Not Found [IP: 91.189.91.38 80]

W: Failed to fetch http://us.archive.ubuntu.com/ubuntu/dists/precise-backports/multiverse/source/Sources  404  Not Found [IP: 91.189.91.38 80]

W: Failed to fetch http://us.archive.ubuntu.com/ubuntu/dists/precise-backports/main/binary-amd64/Packages  404  Not Found [IP: 91.189.91.38 80]

W: Failed to fetch http://us.archive.ubuntu.com/ubuntu/dists/precise-backports/restricted/binary-amd64/Packages  404  Not Found [IP: 91.189.91.38 80]

W: Failed to fetch http://us.archive.ubuntu.com/ubuntu/dists/precise-backports/universe/binary-amd64/Packages  404  Not Found [IP: 91.189.91.38 80]

W: Failed to fetch http://us.archive.ubuntu.com/ubuntu/dists/precise-backports/multiverse/binary-amd64/Packages  404  Not Found [IP: 91.189.91.38 80]

W: Failed to fetch http://us.archive.ubuntu.com/ubuntu/dists/precise-backports/main/binary-i386/Packages  404  Not Found [IP: 91.189.91.38 80]

W: Failed to fetch http://us.archive.ubuntu.com/ubuntu/dists/precise-backports/restricted/binary-i386/Packages  404  Not Found [IP: 91.189.91.38 80]

W: Failed to fetch http://us.archive.ubuntu.com/ubuntu/dists/precise-backports/universe/binary-i386/Packages  404  Not Found [IP: 91.189.91.38 80]

W: Failed to fetch http://us.archive.ubuntu.com/ubuntu/dists/precise-backports/multiverse/binary-i386/Packages  404  Not Found [IP: 91.189.91.38 80]

W: Failed to fetch http://security.ubuntu.com/ubuntu/dists/precise-security/main/source/Sources  404  Not Found [IP: 185.125.190.39 80]

W: Failed to fetch http://security.ubuntu.com/ubuntu/dists/precise-security/restricted/source/Sources  404  Not Found [IP: 185.125.190.39 80]

W: Failed to fetch http://security.ubuntu.com/ubuntu/dists/precise-security/universe/source/Sources  404  Not Found [IP: 185.125.190.39 80]

W: Failed to fetch http://security.ubuntu.com/ubuntu/dists/precise-security/multiverse/source/Sources  404  Not Found [IP: 185.125.190.39 80]

W: Failed to fetch http://security.ubuntu.com/ubuntu/dists/precise-security/main/binary-amd64/Packages  404  Not Found [IP: 185.125.190.39 80]

W: Failed to fetch http://security.ubuntu.com/ubuntu/dists/precise-security/restricted/binary-amd64/Packages  404  Not Found [IP: 185.125.190.39 80]

W: Failed to fetch http://security.ubuntu.com/ubuntu/dists/precise-security/universe/binary-amd64/Packages  404  Not Found [IP: 185.125.190.39 80]

W: Failed to fetch http://security.ubuntu.com/ubuntu/dists/precise-security/multiverse/binary-amd64/Packages  404  Not Found [IP: 185.125.190.39 80]

W: Failed to fetch http://security.ubuntu.com/ubuntu/dists/precise-security/main/binary-i386/Packages  404  Not Found [IP: 185.125.190.39 80]

W: Failed to fetch http://security.ubuntu.com/ubuntu/dists/precise-security/restricted/binary-i386/Packages  404  Not Found [IP: 185.125.190.39 80]

W: Failed to fetch http://security.ubuntu.com/ubuntu/dists/precise-security/universe/binary-i386/Packages  404  Not Found [IP: 185.125.190.39 80]

W: Failed to fetch http://security.ubuntu.com/ubuntu/dists/precise-security/multiverse/binary-i386/Packages  404  Not Found [IP: 185.125.190.39 80]

W: Failed to fetch http://apt.postgresql.org/pub/repos/apt/dists/precise-pgdg/main/binary-amd64/Packages  404  Not Found [IP: 147.75.85.69 80]

W: Failed to fetch http://apt.postgresql.org/pub/repos/apt/dists/precise-pgdg/main/binary-i386/Packages  404  Not Found [IP: 147.75.85.69 80]

W: Failed to fetch http://ppa.launchpad.net/rwky/ppa/ubuntu/dists/precise/main/binary-amd64/Packages  403  Forbidden

W: Failed to fetch http://ppa.launchpad.net/rwky/ppa/ubuntu/dists/precise/main/binary-i386/Packages  403  Forbidden

W: Failed to fetch http://ppa.launchpad.net/travis-ci/zero-mq/ubuntu/dists/precise/main/binary-amd64/Packages  403  Forbidden

W: Failed to fetch http://ppa.launchpad.net/travis-ci/zero-mq/ubuntu/dists/precise/main/binary-i386/Packages  403  Forbidden

W: Failed to fetch http://downloads-distro.mongodb.org/repo/debian-sysvinit/dists/dist/10gen/binary-amd64/Packages  Undetermined Error [IP: 54.175.147.155 80]

W: Failed to fetch http://downloads-distro.mongodb.org/repo/debian-sysvinit/dists/dist/10gen/binary-i386/Packages  Undetermined Error [IP: 54.175.147.155 80]

E: Some index files failed to download. They have been ignored, or old ones used instead.
sed: cannot rename /etc/hosts: Device or resource busy
sed: cannot rename /etc/hosts: Device or resource busy
$ jdk_switcher use openjdk7
Switching to OpenJDK7 (java-1.7.0-openjdk-amd64), JAVA_HOME will be set to /usr/lib/jvm/java-7-openjdk-amd64
$ cd failed/Whiley/WhileyCompiler
$ java -Xmx32m -version
java version "1.7.0_75"
OpenJDK Runtime Environment (IcedTea 2.5.4) (7u75-2.5.4-1~precise1)
OpenJDK 64-Bit Server VM (build 24.75-b04, mixed mode)
$ javac -J-Xmx32m -version
javac 1.7.0_75
travis_time:start:0ef7cd00[0K$ ant test-all
Buildfile: /home/travis/build/failed/Whiley/WhileyCompiler/build.xml
[maven:dependencies] Downloading: junit/junit/4.12/junit-4.12.pom from repository central at http://insecure.repo1.maven.org/maven2
[maven:dependencies] Transferring 23K from central
[maven:dependencies] Downloading: org/hamcrest/hamcrest-core/1.3/hamcrest-core-1.3.pom from repository central at http://insecure.repo1.maven.org/maven2
[maven:dependencies] Transferring 1K from central
[maven:dependencies] Downloading: org/hamcrest/hamcrest-parent/1.3/hamcrest-parent-1.3.pom from repository central at http://insecure.repo1.maven.org/maven2
[maven:dependencies] Transferring 2K from central
[maven:dependencies] Downloading: org/hamcrest/hamcrest-core/1.3/hamcrest-core-1.3.jar from repository central at http://insecure.repo1.maven.org/maven2
[maven:dependencies] Downloading: junit/junit/4.12/junit-4.12.jar from repository central at http://insecure.repo1.maven.org/maven2
[maven:dependencies] Transferring 44K from central
[maven:dependencies] Transferring 308K from central

build-all:

compile-wybs:
    [javac] Compiling 29 source files
    [javac] Note: Some input files use unchecked or unsafe operations.
    [javac] Note: Recompile with -Xlint:unchecked for details.

build:
    [mkdir] Created dir: /home/travis/build/failed/Whiley/WhileyCompiler/modules/wybs/tmp
      [jar] Building jar: /home/travis/build/failed/Whiley/WhileyCompiler/lib/wybs-v0.3.39.jar
   [delete] Deleting directory /home/travis/build/failed/Whiley/WhileyCompiler/modules/wybs/tmp
     [echo] =============================================
     [echo] BUILT: lib/wybs-v0.3.39.jar
     [echo] =============================================

compile-wycs:
     [wyrl] Compiling wyrl file (2 modified dependencies)
     [wyrl] Compiling wyrl file (7 modified dependencies)
    [javac] Compiling 39 source files
    [javac] Note: Some input files use unchecked or unsafe operations.
    [javac] Note: Recompile with -Xlint:unchecked for details.
     [wycs] Compiled 1 source file(s)

build:
    [mkdir] Created dir: /home/travis/build/failed/Whiley/WhileyCompiler/modules/wycs/tmp
      [jar] Building jar: /home/travis/build/failed/Whiley/WhileyCompiler/lib/wycs-v0.3.39.jar
   [delete] Deleting directory /home/travis/build/failed/Whiley/WhileyCompiler/modules/wycs/tmp
     [echo] =============================================
     [echo] BUILT: lib/wycs-v0.3.39.jar
     [echo] =============================================

compile-wyil:
    [javac] Compiling 52 source files
    [javac] /home/travis/build/failed/Whiley/WhileyCompiler/modules/wyil/src/wyil/builders/VcExprGenerator.java:225: error: cannot find symbol
    [javac] 	protected void transform(Codes.Invert code, CodeForest forest, VcBranch branch) {
    [javac] 	                              ^
    [javac]   symbol:   class Invert
    [javac]   location: class Codes
    [javac] /home/travis/build/failed/Whiley/WhileyCompiler/modules/wyil/src/wyil/builders/VcExprGenerator.java:269: error: cannot find symbol
    [javac] 	protected void transform(Codes.UnaryOperator code, CodeForest forest, VcBranch branch) {
    [javac] 	                              ^
    [javac]   symbol:   class UnaryOperator
    [javac]   location: class Codes
    [javac] /home/travis/build/failed/Whiley/WhileyCompiler/modules/wyil/src/wyil/builders/VcExprGenerator.java:51: error: name clash: transform(Code,CodeForest,VcBranch) in VcExprGenerator overrides a method whose erasure is the same as another method, yet neither overrides the other
    [javac] 	public void transform(Code code, CodeForest forest, VcBranch branch) {
    [javac] 	            ^
    [javac]   first method:  transform(Invoke,CodeForest,VcBranch) in VcExprGenerator
    [javac]   second method: transform(UnaryOperator,CodeForest,VcBranch) in VcExprGenerator
    [javac] /home/travis/build/failed/Whiley/WhileyCompiler/modules/wyil/src/wyil/builders/VcExprGenerator.java:78: error: cannot find symbol
    [javac] 			} else if (code instanceof Codes.Invert) {
    [javac] 			                                ^
    [javac]   symbol:   class Invert
    [javac]   location: class Codes
    [javac] /home/travis/build/failed/Whiley/WhileyCompiler/modules/wyil/src/wyil/builders/VcExprGenerator.java:79: error: cannot find symbol
    [javac] 				transform((Codes.Invert) code, forest, branch);
    [javac] 				                ^
    [javac]   symbol:   class Invert
    [javac]   location: class Codes
    [javac] /home/travis/build/failed/Whiley/WhileyCompiler/modules/wyil/src/wyil/builders/VcExprGenerator.java:90: error: cannot find symbol
    [javac] 			} else if (code instanceof Codes.UnaryOperator) {
    [javac] 			                                ^
    [javac]   symbol:   class UnaryOperator
    [javac]   location: class Codes
    [javac] /home/travis/build/failed/Whiley/WhileyCompiler/modules/wyil/src/wyil/builders/VcExprGenerator.java:91: error: cannot find symbol
    [javac] 				transform((Codes.UnaryOperator) code, forest, branch);
    [javac] 				                ^
    [javac]   symbol:   class UnaryOperator
    [javac]   location: class Codes
    [javac] /home/travis/build/failed/Whiley/WhileyCompiler/modules/wyil/src/wyil/builders/VcExprGenerator.java:113: error: name clash: transform(Assign,CodeForest,VcBranch) in VcExprGenerator overrides a method whose erasure is the same as another method, yet neither overrides the other
    [javac] 	protected void transform(Codes.Assign code, CodeForest forest,
    [javac] 	               ^
    [javac]   first method:  transform(Invoke,CodeForest,VcBranch) in VcExprGenerator
    [javac]   second method: transform(UnaryOperator,CodeForest,VcBranch) in VcExprGenerator
    [javac] /home/travis/build/failed/Whiley/WhileyCompiler/modules/wyil/src/wyil/builders/VcExprGenerator.java:136: error: name clash: transform(Convert,CodeForest,VcBranch) in VcExprGenerator overrides a method whose erasure is the same as another method, yet neither overrides the other
    [javac] 	protected void transform(Codes.Convert code, CodeForest forest, VcBranch branch) {
    [javac] 	               ^
    [javac]   first method:  transform(Invoke,CodeForest,VcBranch) in VcExprGenerator
    [javac]   second method: transform(UnaryOperator,CodeForest,VcBranch) in VcExprGenerator
    [javac] /home/travis/build/failed/Whiley/WhileyCompiler/modules/wyil/src/wyil/builders/VcExprGenerator.java:143: error: name clash: transform(Const,CodeForest,VcBranch) in VcExprGenerator overrides a method whose erasure is the same as another method, yet neither overrides the other
    [javac] 	protected void transform(Codes.Const code, CodeForest forest, VcBranch branch) {
    [javac] 	               ^
    [javac]   first method:  transform(Invoke,CodeForest,VcBranch) in VcExprGenerator
    [javac]   second method: transform(UnaryOperator,CodeForest,VcBranch) in VcExprGenerator
    [javac] /home/travis/build/failed/Whiley/WhileyCompiler/modules/wyil/src/wyil/builders/VcExprGenerator.java:148: error: name clash: transform(Debug,CodeForest,VcBranch) in VcExprGenerator overrides a method whose erasure is the same as another method, yet neither overrides the other
    [javac] 	protected void transform(Codes.Debug code, CodeForest forest,
    [javac] 	               ^
    [javac]   first method:  transform(Invoke,CodeForest,VcBranch) in VcExprGenerator
    [javac]   second method: transform(UnaryOperator,CodeForest,VcBranch) in VcExprGenerator
    [javac] /home/travis/build/failed/Whiley/WhileyCompiler/modules/wyil/src/wyil/builders/VcExprGenerator.java:153: error: name clash: transform(Dereference,CodeForest,VcBranch) in VcExprGenerator overrides a method whose erasure is the same as another method, yet neither overrides the other
    [javac] 	protected void transform(Codes.Dereference code, CodeForest forest, VcBranch branch) {
    [javac] 	               ^
    [javac]   first method:  transform(Invoke,CodeForest,VcBranch) in VcExprGenerator
    [javac]   second method: transform(UnaryOperator,CodeForest,VcBranch) in VcExprGenerator
    [javac] /home/travis/build/failed/Whiley/WhileyCompiler/modules/wyil/src/wyil/builders/VcExprGenerator.java:157: error: name clash: transform(FieldLoad,CodeForest,VcBranch) in VcExprGenerator overrides a method whose erasure is the same as another method, yet neither overrides the other
    [javac] 	protected void transform(Codes.FieldLoad code, CodeForest forest, VcBranch branch) {
    [javac] 	               ^
    [javac]   first method:  transform(Invoke,CodeForest,VcBranch) in VcExprGenerator
    [javac]   second method: transform(UnaryOperator,CodeForest,VcBranch) in VcExprGenerator
    [javac] /home/travis/build/failed/Whiley/WhileyCompiler/modules/wyil/src/wyil/builders/VcExprGenerator.java:166: error: name clash: transform(IndirectInvoke,CodeForest,VcBranch) in VcExprGenerator overrides a method whose erasure is the same as another method, yet neither overrides the other
    [javac] 	protected void transform(Codes.IndirectInvoke code,
    [javac] 	               ^
    [javac]   first method:  transform(Invoke,CodeForest,VcBranch) in VcExprGenerator
    [javac]   second method: transform(UnaryOperator,CodeForest,VcBranch) in VcExprGenerator
    [javac] /home/travis/build/failed/Whiley/WhileyCompiler/modules/wyil/src/wyil/builders/VcExprGenerator.java:229: error: name clash: transform(IndexOf,CodeForest,VcBranch) in VcExprGenerator overrides a method whose erasure is the same as another method, yet neither overrides the other
    [javac] 	protected void transform(Codes.IndexOf code, CodeForest forest, VcBranch branch) {
    [javac] 	               ^
    [javac]   first method:  transform(Invoke,CodeForest,VcBranch) in VcExprGenerator
    [javac]   second method: transform(UnaryOperator,CodeForest,VcBranch) in VcExprGenerator
    [javac] /home/travis/build/failed/Whiley/WhileyCompiler/modules/wyil/src/wyil/builders/VcExprGenerator.java:236: error: name clash: transform(ArrayGenerator,CodeForest,VcBranch) in VcExprGenerator overrides a method whose erasure is the same as another method, yet neither overrides the other
    [javac] 	protected void transform(Codes.ArrayGenerator code, CodeForest forest, VcBranch branch) {
    [javac] 	               ^
    [javac]   first method:  transform(Invoke,CodeForest,VcBranch) in VcExprGenerator
    [javac]   second method: transform(UnaryOperator,CodeForest,VcBranch) in VcExprGenerator
    [javac] /home/travis/build/failed/Whiley/WhileyCompiler/modules/wyil/src/wyil/builders/VcExprGenerator.java:251: error: name clash: transform(Lambda,CodeForest,VcBranch) in VcExprGenerator overrides a method whose erasure is the same as another method, yet neither overrides the other
    [javac] 	protected void transform(Codes.Lambda code, CodeForest forest, VcBranch branch) {
    [javac] 	               ^
    [javac]   first method:  transform(Invoke,CodeForest,VcBranch) in VcExprGenerator
    [javac]   second method: transform(UnaryOperator,CodeForest,VcBranch) in VcExprGenerator
    [javac] /home/travis/build/failed/Whiley/WhileyCompiler/modules/wyil/src/wyil/builders/VcExprGenerator.java:260: error: name clash: transform(NewObject,CodeForest,VcBranch) in VcExprGenerator overrides a method whose erasure is the same as another method, yet neither overrides the other
    [javac] 	protected void transform(Codes.NewObject code, CodeForest forest, VcBranch branch) {
    [javac] 	               ^
    [javac]   first method:  transform(Invoke,CodeForest,VcBranch) in VcExprGenerator
    [javac]   second method: transform(UnaryOperator,CodeForest,VcBranch) in VcExprGenerator
    [javac] /home/travis/build/failed/Whiley/WhileyCompiler/modules/wyil/src/wyil/builders/VcExprGenerator.java:264: error: name clash: transform(Nop,CodeForest,VcBranch) in VcExprGenerator overrides a method whose erasure is the same as another method, yet neither overrides the other
    [javac] 	protected void transform(Codes.Nop code, CodeForest forest,
    [javac] 	               ^
    [javac]   first method:  transform(Invoke,CodeForest,VcBranch) in VcExprGenerator
    [javac]   second method: transform(UnaryOperator,CodeForest,VcBranch) in VcExprGenerator
    [javac] /home/travis/build/failed/Whiley/WhileyCompiler/modules/wyil/src/wyil/builders/VcExprGenerator.java:271: error: cannot find symbol
    [javac] 		case NEG:
    [javac] 		     ^
    [javac]   symbol:   variable NEG
    [javac]   location: class VcExprGenerator
    [javac] /home/travis/build/failed/Whiley/WhileyCompiler/modules/wyil/src/wyil/builders/VcExprGenerator.java:279: error: name clash: transform(Update,CodeForest,VcBranch) in VcExprGenerator overrides a method whose erasure is the same as another method, yet neither overrides the other
    [javac] 	protected void transform(Codes.Update code, CodeForest forest, VcBranch branch) {
    [javac] 	               ^
    [javac]   first method:  transform(Invoke,CodeForest,VcBranch) in VcExprGenerator
    [javac]   second method: transform(UnaryOperator,CodeForest,VcBranch) in VcExprGenerator
    [javac] Note: Some input files use unchecked or unsafe operations.
    [javac] Note: Recompile with -Xlint:unchecked for details.
    [javac] 21 errors

BUILD FAILED
/home/travis/build/failed/Whiley/WhileyCompiler/build.xml:24: The following error occurred while executing this line:
/home/travis/build/failed/Whiley/WhileyCompiler/modules/wyil/build.xml:5: Compile failed; see the compiler error output for details.

Total time: 1 minute 16 seconds

travis_time:end:0ef7cd00:start=1660952837664618262,finish=1660952914769341727,duration=77104723465[0K
[31;1mThe command "ant test-all" exited with 1.[0m

Done. Your build exited with 1.
