[[1;34mINFO[m] Scanning for projects...
[[1;33mWARNING[m] 
[[1;33mWARNING[m] Some problems were encountered while building the effective model for org.apache.wicket:wicket:jar:1.5-SNAPSHOT
[[1;33mWARNING[m] 'distributionManagement.repository.id' must not be 'local', this identifier is reserved for the local repository, using it for other repositories will corrupt your repository metadata. @ org.apache.wicket:wicket-parent:1.5-SNAPSHOT, /home/user/Reproducibility-Scanner/benchmarks/bugs-dot-jar/wicket/pom.xml, line 268, column 10
[[1;33mWARNING[m] 'distributionManagement.snapshotRepository.id' must not be 'local', this identifier is reserved for the local repository, using it for other repositories will corrupt your repository metadata. @ org.apache.wicket:wicket-parent:1.5-SNAPSHOT, /home/user/Reproducibility-Scanner/benchmarks/bugs-dot-jar/wicket/pom.xml, line 272, column 10
[[1;33mWARNING[m] 
[[1;33mWARNING[m] Some problems were encountered while building the effective model for org.apache.wicket:wicket-util:jar:1.5-SNAPSHOT
[[1;33mWARNING[m] 'distributionManagement.repository.id' must not be 'local', this identifier is reserved for the local repository, using it for other repositories will corrupt your repository metadata. @ org.apache.wicket:wicket-parent:1.5-SNAPSHOT, /home/user/Reproducibility-Scanner/benchmarks/bugs-dot-jar/wicket/pom.xml, line 268, column 10
[[1;33mWARNING[m] 'distributionManagement.snapshotRepository.id' must not be 'local', this identifier is reserved for the local repository, using it for other repositories will corrupt your repository metadata. @ org.apache.wicket:wicket-parent:1.5-SNAPSHOT, /home/user/Reproducibility-Scanner/benchmarks/bugs-dot-jar/wicket/pom.xml, line 272, column 10
[[1;33mWARNING[m] 
[[1;33mWARNING[m] Some problems were encountered while building the effective model for org.apache.wicket:wicket-datetime:jar:1.5-SNAPSHOT
[[1;33mWARNING[m] 'distributionManagement.repository.id' must not be 'local', this identifier is reserved for the local repository, using it for other repositories will corrupt your repository metadata. @ org.apache.wicket:wicket-parent:1.5-SNAPSHOT, /home/user/Reproducibility-Scanner/benchmarks/bugs-dot-jar/wicket/pom.xml, line 268, column 10
[[1;33mWARNING[m] 'distributionManagement.snapshotRepository.id' must not be 'local', this identifier is reserved for the local repository, using it for other repositories will corrupt your repository metadata. @ org.apache.wicket:wicket-parent:1.5-SNAPSHOT, /home/user/Reproducibility-Scanner/benchmarks/bugs-dot-jar/wicket/pom.xml, line 272, column 10
[[1;33mWARNING[m] 
[[1;33mWARNING[m] Some problems were encountered while building the effective model for org.apache.wicket:wicket-request:jar:1.5-SNAPSHOT
[[1;33mWARNING[m] 'distributionManagement.repository.id' must not be 'local', this identifier is reserved for the local repository, using it for other repositories will corrupt your repository metadata. @ org.apache.wicket:wicket-parent:1.5-SNAPSHOT, /home/user/Reproducibility-Scanner/benchmarks/bugs-dot-jar/wicket/pom.xml, line 268, column 10
[[1;33mWARNING[m] 'distributionManagement.snapshotRepository.id' must not be 'local', this identifier is reserved for the local repository, using it for other repositories will corrupt your repository metadata. @ org.apache.wicket:wicket-parent:1.5-SNAPSHOT, /home/user/Reproducibility-Scanner/benchmarks/bugs-dot-jar/wicket/pom.xml, line 272, column 10
[[1;33mWARNING[m] 
[[1;33mWARNING[m] Some problems were encountered while building the effective model for org.apache.wicket:wicket-devutils:jar:1.5-SNAPSHOT
[[1;33mWARNING[m] 'distributionManagement.repository.id' must not be 'local', this identifier is reserved for the local repository, using it for other repositories will corrupt your repository metadata. @ org.apache.wicket:wicket-parent:1.5-SNAPSHOT, /home/user/Reproducibility-Scanner/benchmarks/bugs-dot-jar/wicket/pom.xml, line 268, column 10
[[1;33mWARNING[m] 'distributionManagement.snapshotRepository.id' must not be 'local', this identifier is reserved for the local repository, using it for other repositories will corrupt your repository metadata. @ org.apache.wicket:wicket-parent:1.5-SNAPSHOT, /home/user/Reproducibility-Scanner/benchmarks/bugs-dot-jar/wicket/pom.xml, line 272, column 10
[[1;33mWARNING[m] 
[[1;33mWARNING[m] Some problems were encountered while building the effective model for org.apache.wicket:wicket-extensions:jar:1.5-SNAPSHOT
[[1;33mWARNING[m] 'distributionManagement.repository.id' must not be 'local', this identifier is reserved for the local repository, using it for other repositories will corrupt your repository metadata. @ org.apache.wicket:wicket-parent:1.5-SNAPSHOT, /home/user/Reproducibility-Scanner/benchmarks/bugs-dot-jar/wicket/pom.xml, line 268, column 10
[[1;33mWARNING[m] 'distributionManagement.snapshotRepository.id' must not be 'local', this identifier is reserved for the local repository, using it for other repositories will corrupt your repository metadata. @ org.apache.wicket:wicket-parent:1.5-SNAPSHOT, /home/user/Reproducibility-Scanner/benchmarks/bugs-dot-jar/wicket/pom.xml, line 272, column 10
[[1;33mWARNING[m] 
[[1;33mWARNING[m] Some problems were encountered while building the effective model for org.apache.wicket:wicket-ioc:jar:1.5-SNAPSHOT
[[1;33mWARNING[m] 'distributionManagement.repository.id' must not be 'local', this identifier is reserved for the local repository, using it for other repositories will corrupt your repository metadata. @ org.apache.wicket:wicket-parent:1.5-SNAPSHOT, /home/user/Reproducibility-Scanner/benchmarks/bugs-dot-jar/wicket/pom.xml, line 268, column 10
[[1;33mWARNING[m] 'distributionManagement.snapshotRepository.id' must not be 'local', this identifier is reserved for the local repository, using it for other repositories will corrupt your repository metadata. @ org.apache.wicket:wicket-parent:1.5-SNAPSHOT, /home/user/Reproducibility-Scanner/benchmarks/bugs-dot-jar/wicket/pom.xml, line 272, column 10
[[1;33mWARNING[m] 
[[1;33mWARNING[m] Some problems were encountered while building the effective model for org.apache.wicket:wicket-spring:jar:1.5-SNAPSHOT
[[1;33mWARNING[m] 'distributionManagement.repository.id' must not be 'local', this identifier is reserved for the local repository, using it for other repositories will corrupt your repository metadata. @ org.apache.wicket:wicket-parent:1.5-SNAPSHOT, /home/user/Reproducibility-Scanner/benchmarks/bugs-dot-jar/wicket/pom.xml, line 268, column 10
[[1;33mWARNING[m] 'distributionManagement.snapshotRepository.id' must not be 'local', this identifier is reserved for the local repository, using it for other repositories will corrupt your repository metadata. @ org.apache.wicket:wicket-parent:1.5-SNAPSHOT, /home/user/Reproducibility-Scanner/benchmarks/bugs-dot-jar/wicket/pom.xml, line 272, column 10
[[1;33mWARNING[m] 
[[1;33mWARNING[m] Some problems were encountered while building the effective model for org.apache.wicket:wicket-velocity:jar:1.5-SNAPSHOT
[[1;33mWARNING[m] 'distributionManagement.repository.id' must not be 'local', this identifier is reserved for the local repository, using it for other repositories will corrupt your repository metadata. @ org.apache.wicket:wicket-parent:1.5-SNAPSHOT, /home/user/Reproducibility-Scanner/benchmarks/bugs-dot-jar/wicket/pom.xml, line 268, column 10
[[1;33mWARNING[m] 'distributionManagement.snapshotRepository.id' must not be 'local', this identifier is reserved for the local repository, using it for other repositories will corrupt your repository metadata. @ org.apache.wicket:wicket-parent:1.5-SNAPSHOT, /home/user/Reproducibility-Scanner/benchmarks/bugs-dot-jar/wicket/pom.xml, line 272, column 10
[[1;33mWARNING[m] 
[[1;33mWARNING[m] Some problems were encountered while building the effective model for org.apache.wicket:wicket-auth-roles:jar:1.5-SNAPSHOT
[[1;33mWARNING[m] 'distributionManagement.repository.id' must not be 'local', this identifier is reserved for the local repository, using it for other repositories will corrupt your repository metadata. @ org.apache.wicket:wicket-parent:1.5-SNAPSHOT, /home/user/Reproducibility-Scanner/benchmarks/bugs-dot-jar/wicket/pom.xml, line 268, column 10
[[1;33mWARNING[m] 'distributionManagement.snapshotRepository.id' must not be 'local', this identifier is reserved for the local repository, using it for other repositories will corrupt your repository metadata. @ org.apache.wicket:wicket-parent:1.5-SNAPSHOT, /home/user/Reproducibility-Scanner/benchmarks/bugs-dot-jar/wicket/pom.xml, line 272, column 10
[[1;33mWARNING[m] 
[[1;33mWARNING[m] Some problems were encountered while building the effective model for org.apache.wicket:wicket-guice:jar:1.5-SNAPSHOT
[[1;33mWARNING[m] 'distributionManagement.repository.id' must not be 'local', this identifier is reserved for the local repository, using it for other repositories will corrupt your repository metadata. @ org.apache.wicket:wicket-parent:1.5-SNAPSHOT, /home/user/Reproducibility-Scanner/benchmarks/bugs-dot-jar/wicket/pom.xml, line 268, column 10
[[1;33mWARNING[m] 'distributionManagement.snapshotRepository.id' must not be 'local', this identifier is reserved for the local repository, using it for other repositories will corrupt your repository metadata. @ org.apache.wicket:wicket-parent:1.5-SNAPSHOT, /home/user/Reproducibility-Scanner/benchmarks/bugs-dot-jar/wicket/pom.xml, line 272, column 10
[[1;33mWARNING[m] 
[[1;33mWARNING[m] Some problems were encountered while building the effective model for org.apache.wicket:wicket-jmx:jar:1.5-SNAPSHOT
[[1;33mWARNING[m] 'distributionManagement.repository.id' must not be 'local', this identifier is reserved for the local repository, using it for other repositories will corrupt your repository metadata. @ org.apache.wicket:wicket-parent:1.5-SNAPSHOT, /home/user/Reproducibility-Scanner/benchmarks/bugs-dot-jar/wicket/pom.xml, line 268, column 10
[[1;33mWARNING[m] 'distributionManagement.snapshotRepository.id' must not be 'local', this identifier is reserved for the local repository, using it for other repositories will corrupt your repository metadata. @ org.apache.wicket:wicket-parent:1.5-SNAPSHOT, /home/user/Reproducibility-Scanner/benchmarks/bugs-dot-jar/wicket/pom.xml, line 272, column 10
[[1;33mWARNING[m] 
[[1;33mWARNING[m] Some problems were encountered while building the effective model for org.apache.wicket:wicket-objectsizeof-agent:jar:1.5-SNAPSHOT
[[1;33mWARNING[m] 'distributionManagement.repository.id' must not be 'local', this identifier is reserved for the local repository, using it for other repositories will corrupt your repository metadata. @ org.apache.wicket:wicket-parent:1.5-SNAPSHOT, /home/user/Reproducibility-Scanner/benchmarks/bugs-dot-jar/wicket/pom.xml, line 268, column 10
[[1;33mWARNING[m] 'distributionManagement.snapshotRepository.id' must not be 'local', this identifier is reserved for the local repository, using it for other repositories will corrupt your repository metadata. @ org.apache.wicket:wicket-parent:1.5-SNAPSHOT, /home/user/Reproducibility-Scanner/benchmarks/bugs-dot-jar/wicket/pom.xml, line 272, column 10
[[1;33mWARNING[m] 
[[1;33mWARNING[m] Some problems were encountered while building the effective model for org.apache.wicket:wicket-examples:war:1.5-SNAPSHOT
[[1;33mWARNING[m] 'distributionManagement.repository.id' must not be 'local', this identifier is reserved for the local repository, using it for other repositories will corrupt your repository metadata. @ org.apache.wicket:wicket-parent:1.5-SNAPSHOT, /home/user/Reproducibility-Scanner/benchmarks/bugs-dot-jar/wicket/pom.xml, line 268, column 10
[[1;33mWARNING[m] 'distributionManagement.snapshotRepository.id' must not be 'local', this identifier is reserved for the local repository, using it for other repositories will corrupt your repository metadata. @ org.apache.wicket:wicket-parent:1.5-SNAPSHOT, /home/user/Reproducibility-Scanner/benchmarks/bugs-dot-jar/wicket/pom.xml, line 272, column 10
[[1;33mWARNING[m] 
[[1;33mWARNING[m] Some problems were encountered while building the effective model for org.apache.wicket:wicket-archetype-quickstart:maven-archetype:1.5-SNAPSHOT
[[1;33mWARNING[m] 'distributionManagement.repository.id' must not be 'local', this identifier is reserved for the local repository, using it for other repositories will corrupt your repository metadata. @ org.apache.wicket:wicket-parent:1.5-SNAPSHOT, /home/user/Reproducibility-Scanner/benchmarks/bugs-dot-jar/wicket/pom.xml, line 268, column 10
[[1;33mWARNING[m] 'distributionManagement.snapshotRepository.id' must not be 'local', this identifier is reserved for the local repository, using it for other repositories will corrupt your repository metadata. @ org.apache.wicket:wicket-parent:1.5-SNAPSHOT, /home/user/Reproducibility-Scanner/benchmarks/bugs-dot-jar/wicket/pom.xml, line 272, column 10
[[1;33mWARNING[m] 
[[1;33mWARNING[m] Some problems were encountered while building the effective model for org.apache.wicket:wicket-threadtest:jar:1.5-SNAPSHOT
[[1;33mWARNING[m] 'distributionManagement.repository.id' must not be 'local', this identifier is reserved for the local repository, using it for other repositories will corrupt your repository metadata. @ org.apache.wicket:wicket-parent:1.5-SNAPSHOT, /home/user/Reproducibility-Scanner/benchmarks/bugs-dot-jar/wicket/pom.xml, line 268, column 10
[[1;33mWARNING[m] 'distributionManagement.snapshotRepository.id' must not be 'local', this identifier is reserved for the local repository, using it for other repositories will corrupt your repository metadata. @ org.apache.wicket:wicket-parent:1.5-SNAPSHOT, /home/user/Reproducibility-Scanner/benchmarks/bugs-dot-jar/wicket/pom.xml, line 272, column 10
[[1;33mWARNING[m] 
[[1;33mWARNING[m] Some problems were encountered while building the effective model for org.apache.wicket:wicket-parent:pom:1.5-SNAPSHOT
[[1;33mWARNING[m] 'distributionManagement.repository.id' must not be 'local', this identifier is reserved for the local repository, using it for other repositories will corrupt your repository metadata. @ line 268, column 10
[[1;33mWARNING[m] 'distributionManagement.snapshotRepository.id' must not be 'local', this identifier is reserved for the local repository, using it for other repositories will corrupt your repository metadata. @ line 272, column 10
[[1;33mWARNING[m] 
[[1;33mWARNING[m] It is highly recommended to fix these problems because they threaten the stability of your build.
[[1;33mWARNING[m] 
[[1;33mWARNING[m] For this reason, future Maven versions might no longer support building such malformed projects.
[[1;33mWARNING[m] 
[[1;34mINFO[m] [1m------------------------------------------------------------------------[m
[[1;34mINFO[m] [1mReactor Build Order:[m
[[1;34mINFO[m] 
[[1;34mINFO[m] Wicket Parent                                                      [pom]
[[1;34mINFO[m] wicket-util                                                        [jar]
[[1;34mINFO[m] wicket-request                                                     [jar]
[[1;34mINFO[m] Wicket                                                             [jar]
[[1;34mINFO[m] Wicket Date/Time                                                   [jar]
[[1;34mINFO[m] Wicket Development Utilities                                       [jar]
[[1;34mINFO[m] Wicket Extensions                                                  [jar]
[[1;34mINFO[m] Wicket IoC common code                                             [jar]
[[1;34mINFO[m] Wicket Spring Integration                                          [jar]
[[1;34mINFO[m] Wicket Velocity                                                    [jar]
[[1;34mINFO[m] Wicket Auth Roles                                                  [jar]
[[1;34mINFO[m] Wicket Guice Integration                                           [jar]
[[1;34mINFO[m] Wicket JMX                                                         [jar]
[[1;34mINFO[m] Wicket Objects Sizeof Agent                                        [jar]
[[1;34mINFO[m] Wicket Examples                                                    [war]
[[1;34mINFO[m] Wicket Quickstart Archetype                            [maven-archetype]
[[1;34mINFO[m] Wicket Thread Test                                                 [jar]
[[1;34mINFO[m] 
[[1;34mINFO[m] [1m------------------< [0;36morg.apache.wicket:wicket-parent[0;1m >-------------------[m
[[1;34mINFO[m] [1mBuilding Wicket Parent 1.5-SNAPSHOT                               [1/17][m
[[1;34mINFO[m] [1m--------------------------------[ pom ]---------------------------------[m
[[1;34mINFO[m] 
[[1;34mINFO[m] [1m--- [0;32mmaven-remote-resources-plugin:1.1:process[m [1m(default)[m @ [36mwicket-parent[0;1m ---[m
[[1;34mINFO[m] Setting property: classpath.resource.loader.class => 'org.codehaus.plexus.velocity.ContextClassLoaderResourceLoader'.
[[1;34mINFO[m] Setting property: velocimacro.messages.on => 'false'.
[[1;34mINFO[m] Setting property: resource.loader => 'classpath'.
[[1;34mINFO[m] Setting property: resource.manager.logwhenfound => 'false'.
[[1;34mINFO[m] 
[[1;34mINFO[m] [1m--- [0;32mmaven-bundle-plugin:1.4.3:manifest[m [1m(bundle-manifest)[m @ [36mwicket-parent[0;1m ---[m
[[1;33mWARNING[m] Ignoring project type pom - supportedProjectTypes = [jar, bundle]
[[1;34mINFO[m] 
[[1;34mINFO[m] [1m>>> [0;32mmaven-source-plugin:2.1.2:jar[m [1m(attach-sources)[0;1m > [0;1mgenerate-sources[m @ [36mwicket-parent[0;1m >>>[m
[[1;34mINFO[m] 
[[1;34mINFO[m] [1m<<< [0;32mmaven-source-plugin:2.1.2:jar[m [1m(attach-sources)[0;1m < [0;1mgenerate-sources[m @ [36mwicket-parent[0;1m <<<[m
[[1;34mINFO[m] 
[[1;34mINFO[m] 
[[1;34mINFO[m] [1m--- [0;32mmaven-source-plugin:2.1.2:jar[m [1m(attach-sources)[m @ [36mwicket-parent[0;1m ---[m
[[1;34mINFO[m] 
[[1;34mINFO[m] [1m--- [0;32mmaven-jar-plugin:2.3.1:test-jar[m [1m(default)[m @ [36mwicket-parent[0;1m ---[m
[[1;33mWARNING[m] JAR will be empty - no content was marked for inclusion!
[[1;34mINFO[m] Building jar: /home/user/Reproducibility-Scanner/benchmarks/bugs-dot-jar/wicket/target/wicket-parent-1.5-SNAPSHOT-tests.jar
[[1;34mINFO[m] 
[[1;34mINFO[m] [1m--- [0;32mmaven-install-plugin:2.3:install[m [1m(default-install)[m @ [36mwicket-parent[0;1m ---[m
[[1;34mINFO[m] Installing /home/user/Reproducibility-Scanner/benchmarks/bugs-dot-jar/wicket/pom.xml to /home/user/.m2/repository/org/apache/wicket/wicket-parent/1.5-SNAPSHOT/wicket-parent-1.5-SNAPSHOT.pom
[[1;34mINFO[m] Installing /home/user/Reproducibility-Scanner/benchmarks/bugs-dot-jar/wicket/target/wicket-parent-1.5-SNAPSHOT-tests.jar to /home/user/.m2/repository/org/apache/wicket/wicket-parent/1.5-SNAPSHOT/wicket-parent-1.5-SNAPSHOT-tests.jar
[[1;34mINFO[m] 
[[1;34mINFO[m] [1m-------------------< [0;36morg.apache.wicket:wicket-util[0;1m >--------------------[m
[[1;34mINFO[m] [1mBuilding wicket-util 1.5-SNAPSHOT                                 [2/17][m
[[1;34mINFO[m] [1m--------------------------------[ jar ]---------------------------------[m
[[1;34mINFO[m] 
[[1;34mINFO[m] [1m--- [0;32mmaven-remote-resources-plugin:1.1:process[m [1m(default)[m @ [36mwicket-util[0;1m ---[m
[[1;34mINFO[m] 
[[1;34mINFO[m] [1m--- [0;32mmaven-resources-plugin:2.4.3:resources[m [1m(default-resources)[m @ [36mwicket-util[0;1m ---[m
[[1;34mINFO[m] Using 'UTF-8' encoding to copy filtered resources.
[[1;34mINFO[m] Copying 25 resources
[[1;34mINFO[m] skip non existing resourceDirectory /home/user/Reproducibility-Scanner/benchmarks/bugs-dot-jar/wicket/wicket-util/src/main/resources
[[1;34mINFO[m] Copying 3 resources
[[1;34mINFO[m] 
[[1;34mINFO[m] [1m--- [0;32mmaven-compiler-plugin:2.3.2:compile[m [1m(default-compile)[m @ [36mwicket-util[0;1m ---[m
[[1;34mINFO[m] Compiling 188 source files to /home/user/Reproducibility-Scanner/benchmarks/bugs-dot-jar/wicket/wicket-util/target/classes
[[1;34mINFO[m] -------------------------------------------------------------
[[1;31mERROR[m] COMPILATION ERROR : 
[[1;34mINFO[m] -------------------------------------------------------------
[[1;31mERROR[m] /home/user/Reproducibility-Scanner/benchmarks/bugs-dot-jar/wicket/wicket-util/src/main/java/org/apache/wicket/util/value/ValueMap.java:[790,20] error: incompatible types: inference variable T#1 has incompatible upper bounds Enum<T#2>,T#3
[[1;34mINFO[m] 1 error
[[1;34mINFO[m] -------------------------------------------------------------
[[1;34mINFO[m] 
[[1;34mINFO[m] [1m------------------< [0;36morg.apache.wicket:wicket-request[0;1m >------------------[m
[[1;34mINFO[m] [1mBuilding wicket-request 1.5-SNAPSHOT                              [3/17][m
[[1;34mINFO[m] [1m--------------------------------[ jar ]---------------------------------[m
[[1;34mINFO[m] 
[[1;34mINFO[m] [1m--- [0;32mmaven-remote-resources-plugin:1.1:process[m [1m(default)[m @ [36mwicket-request[0;1m ---[m
[[1;34mINFO[m] 
[[1;34mINFO[m] [1m--- [0;32mmaven-resources-plugin:2.4.3:resources[m [1m(default-resources)[m @ [36mwicket-request[0;1m ---[m
[[1;34mINFO[m] Using 'UTF-8' encoding to copy filtered resources.
[[1;34mINFO[m] Copying 2 resources
[[1;34mINFO[m] skip non existing resourceDirectory /home/user/Reproducibility-Scanner/benchmarks/bugs-dot-jar/wicket/wicket-request/src/main/resources
[[1;34mINFO[m] Copying 3 resources
[[1;34mINFO[m] 
[[1;34mINFO[m] [1m--- [0;32mmaven-compiler-plugin:2.3.2:compile[m [1m(default-compile)[m @ [36mwicket-request[0;1m ---[m
[[1;34mINFO[m] Compiling 42 source files to /home/user/Reproducibility-Scanner/benchmarks/bugs-dot-jar/wicket/wicket-request/target/classes
[[1;34mINFO[m] 
[[1;34mINFO[m] [1m--- [0;32mmaven-bundle-plugin:1.4.3:manifest[m [1m(bundle-manifest)[m @ [36mwicket-request[0;1m ---[m
[[1;33mWARNING[m] Warning in manifest for org.apache.wicket:wicket-request:jar:1.5-SNAPSHOT : Superfluous export-package instructions: [org, org.apache, org.apache.wicket]
[[1;34mINFO[m] 
[[1;34mINFO[m] [1m--- [0;32mmaven-resources-plugin:2.4.3:testResources[m [1m(default-testResources)[m @ [36mwicket-request[0;1m ---[m
[[1;34mINFO[m] Using 'UTF-8' encoding to copy filtered resources.
[[1;34mINFO[m] Copying 1 resource
[[1;34mINFO[m] Copying 3 resources
[[1;34mINFO[m] 
[[1;34mINFO[m] [1m--- [0;32mmaven-compiler-plugin:2.3.2:testCompile[m [1m(default-testCompile)[m @ [36mwicket-request[0;1m ---[m
[[1;34mINFO[m] Compiling 2 source files to /home/user/Reproducibility-Scanner/benchmarks/bugs-dot-jar/wicket/wicket-request/target/test-classes
[[1;34mINFO[m] 
[[1;34mINFO[m] [1m--- [0;32mmaven-surefire-plugin:2.6:test[m [1m(default-test)[m @ [36mwicket-request[0;1m ---[m
[[1;34mINFO[m] Tests are skipped.
[[1;34mINFO[m] 
[[1;34mINFO[m] [1m--- [0;32mmaven-jar-plugin:2.3.1:jar[m [1m(default-jar)[m @ [36mwicket-request[0;1m ---[m
[[1;34mINFO[m] Adding existing MANIFEST to archive. Found under: /home/user/Reproducibility-Scanner/benchmarks/bugs-dot-jar/wicket/wicket-request/target/classes/META-INF/MANIFEST.MF
[[1;34mINFO[m] Building jar: /home/user/Reproducibility-Scanner/benchmarks/bugs-dot-jar/wicket/wicket-request/target/wicket-request-1.5-SNAPSHOT.jar
[[1;34mINFO[m] 
[[1;34mINFO[m] [1m>>> [0;32mmaven-source-plugin:2.1.2:jar[m [1m(attach-sources)[0;1m > [0;1mgenerate-sources[m @ [36mwicket-request[0;1m >>>[m
[[1;34mINFO[m] 
[[1;34mINFO[m] [1m<<< [0;32mmaven-source-plugin:2.1.2:jar[m [1m(attach-sources)[0;1m < [0;1mgenerate-sources[m @ [36mwicket-request[0;1m <<<[m
[[1;34mINFO[m] 
[[1;34mINFO[m] 
[[1;34mINFO[m] [1m--- [0;32mmaven-source-plugin:2.1.2:jar[m [1m(attach-sources)[m @ [36mwicket-request[0;1m ---[m
[[1;34mINFO[m] org already added, skipping
[[1;34mINFO[m] org/apache already added, skipping
[[1;34mINFO[m] org/apache/wicket already added, skipping
[[1;34mINFO[m] org/apache/wicket/request already added, skipping
[[1;34mINFO[m] org/apache/wicket/request/mapper already added, skipping
[[1;34mINFO[m] org/apache/wicket/request/mapper/mount already added, skipping
[[1;34mINFO[m] org/apache/wicket/request/mapper/info already added, skipping
[[1;34mINFO[m] org/apache/wicket/request/mapper/parameter already added, skipping
[[1;34mINFO[m] org/apache/wicket/request/flow already added, skipping
[[1;34mINFO[m] org/apache/wicket/request/parameter already added, skipping
[[1;34mINFO[m] org/apache/wicket/request/handler already added, skipping
[[1;34mINFO[m] org/apache/wicket/request/http already added, skipping
[[1;34mINFO[m] org/apache/wicket/request/http/flow already added, skipping
[[1;34mINFO[m] org/apache/wicket/request/http/handler already added, skipping
[[1;34mINFO[m] org/apache/wicket/request/package.html already added, skipping
[[1;34mINFO[m] org/apache/wicket/request/url-format.txt already added, skipping
[[1;34mINFO[m] META-INF already added, skipping
[[1;34mINFO[m] META-INF/LICENSE already added, skipping
[[1;34mINFO[m] META-INF/NOTICE already added, skipping
[[1;34mINFO[m] META-INF/DEPENDENCIES already added, skipping
[[1;34mINFO[m] Building jar: /home/user/Reproducibility-Scanner/benchmarks/bugs-dot-jar/wicket/wicket-request/target/wicket-request-1.5-SNAPSHOT-sources.jar
[[1;34mINFO[m] org already added, skipping
[[1;34mINFO[m] org/apache already added, skipping
[[1;34mINFO[m] org/apache/wicket already added, skipping
[[1;34mINFO[m] org/apache/wicket/request already added, skipping
[[1;34mINFO[m] org/apache/wicket/request/mapper already added, skipping
[[1;34mINFO[m] org/apache/wicket/request/mapper/mount already added, skipping
[[1;34mINFO[m] org/apache/wicket/request/mapper/info already added, skipping
[[1;34mINFO[m] org/apache/wicket/request/mapper/parameter already added, skipping
[[1;34mINFO[m] org/apache/wicket/request/flow already added, skipping
[[1;34mINFO[m] org/apache/wicket/request/parameter already added, skipping
[[1;34mINFO[m] org/apache/wicket/request/handler already added, skipping
[[1;34mINFO[m] org/apache/wicket/request/http already added, skipping
[[1;34mINFO[m] org/apache/wicket/request/http/flow already added, skipping
[[1;34mINFO[m] org/apache/wicket/request/http/handler already added, skipping
[[1;34mINFO[m] org/apache/wicket/request/package.html already added, skipping
[[1;34mINFO[m] org/apache/wicket/request/url-format.txt already added, skipping
[[1;34mINFO[m] META-INF already added, skipping
[[1;34mINFO[m] META-INF/LICENSE already added, skipping
[[1;34mINFO[m] META-INF/NOTICE already added, skipping
[[1;34mINFO[m] META-INF/DEPENDENCIES already added, skipping
[[1;34mINFO[m] 
[[1;34mINFO[m] [1m--- [0;32mmaven-jar-plugin:2.3.1:test-jar[m [1m(default)[m @ [36mwicket-request[0;1m ---[m
[[1;34mINFO[m] Building jar: /home/user/Reproducibility-Scanner/benchmarks/bugs-dot-jar/wicket/wicket-request/target/wicket-request-1.5-SNAPSHOT-tests.jar
[[1;34mINFO[m] 
[[1;34mINFO[m] [1m--- [0;32mmaven-install-plugin:2.3:install[m [1m(default-install)[m @ [36mwicket-request[0;1m ---[m
[[1;34mINFO[m] Installing /home/user/Reproducibility-Scanner/benchmarks/bugs-dot-jar/wicket/wicket-request/target/wicket-request-1.5-SNAPSHOT.jar to /home/user/.m2/repository/org/apache/wicket/wicket-request/1.5-SNAPSHOT/wicket-request-1.5-SNAPSHOT.jar
[[1;34mINFO[m] Installing /home/user/Reproducibility-Scanner/benchmarks/bugs-dot-jar/wicket/wicket-request/pom.xml to /home/user/.m2/repository/org/apache/wicket/wicket-request/1.5-SNAPSHOT/wicket-request-1.5-SNAPSHOT.pom
[[1;34mINFO[m] Installing /home/user/Reproducibility-Scanner/benchmarks/bugs-dot-jar/wicket/wicket-request/target/wicket-request-1.5-SNAPSHOT-sources.jar to /home/user/.m2/repository/org/apache/wicket/wicket-request/1.5-SNAPSHOT/wicket-request-1.5-SNAPSHOT-sources.jar
[[1;34mINFO[m] Installing /home/user/Reproducibility-Scanner/benchmarks/bugs-dot-jar/wicket/wicket-request/target/wicket-request-1.5-SNAPSHOT-tests.jar to /home/user/.m2/repository/org/apache/wicket/wicket-request/1.5-SNAPSHOT/wicket-request-1.5-SNAPSHOT-tests.jar
[[1;34mINFO[m] 
[[1;34mINFO[m] [1m----------------------< [0;36morg.apache.wicket:wicket[0;1m >----------------------[m
[[1;34mINFO[m] [1mBuilding Wicket 1.5-SNAPSHOT                                      [4/17][m
[[1;34mINFO[m] [1m--------------------------------[ jar ]---------------------------------[m
[[1;34mINFO[m] 
[[1;34mINFO[m] [1m--- [0;32mmaven-remote-resources-plugin:1.1:process[m [1m(default)[m @ [36mwicket[0;1m ---[m
[[1;34mINFO[m] 
[[1;34mINFO[m] [1m--- [0;32mmaven-resources-plugin:2.4.3:resources[m [1m(default-resources)[m @ [36mwicket[0;1m ---[m
[[1;34mINFO[m] Using 'UTF-8' encoding to copy filtered resources.
[[1;34mINFO[m] Copying 112 resources
[[1;34mINFO[m] Copying 0 resource
[[1;34mINFO[m] Copying 3 resources
[[1;34mINFO[m] 
[[1;34mINFO[m] [1m--- [0;32mmaven-compiler-plugin:2.3.2:compile[m [1m(default-compile)[m @ [36mwicket[0;1m ---[m
[[1;34mINFO[m] Compiling 596 source files to /home/user/Reproducibility-Scanner/benchmarks/bugs-dot-jar/wicket/wicket/target/classes
[[1;34mINFO[m] -------------------------------------------------------------
[[1;33mWARNING[m] COMPILATION WARNING : 
[[1;34mINFO[m] -------------------------------------------------------------
[[1;33mWARNING[m] /home/user/Reproducibility-Scanner/benchmarks/bugs-dot-jar/wicket/wicket/src/main/java/org/apache/wicket/util/io/ClassStreamHandler.java:[38,15] Unsafe is internal proprietary API and may be removed in a future release
[[1;33mWARNING[m] /home/user/Reproducibility-Scanner/benchmarks/bugs-dot-jar/wicket/wicket/src/main/java/org/apache/wicket/util/io/ClassStreamHandler.java:[39,18] ReflectionFactory is internal proprietary API and may be removed in a future release
[[1;33mWARNING[m] /home/user/Reproducibility-Scanner/benchmarks/bugs-dot-jar/wicket/wicket/src/main/java/org/apache/wicket/util/io/ClassStreamHandler.java:[52,16] Unsafe is internal proprietary API and may be removed in a future release
[[1;33mWARNING[m] /home/user/Reproducibility-Scanner/benchmarks/bugs-dot-jar/wicket/wicket/src/main/java/org/apache/wicket/util/io/ClassStreamHandler.java:[66,15] Unsafe is internal proprietary API and may be removed in a future release
[[1;33mWARNING[m] /home/user/Reproducibility-Scanner/benchmarks/bugs-dot-jar/wicket/wicket/src/main/java/org/apache/wicket/util/io/ClassStreamHandler.java:[78,22] ReflectionFactory is internal proprietary API and may be removed in a future release
[[1;33mWARNING[m] /home/user/Reproducibility-Scanner/benchmarks/bugs-dot-jar/wicket/wicket/src/main/java/org/apache/wicket/util/io/ClassStreamHandler.java:[78,55] ReflectionFactory is internal proprietary API and may be removed in a future release
[[1;33mWARNING[m] /home/user/Reproducibility-Scanner/benchmarks/bugs-dot-jar/wicket/wicket/src/main/java/org/apache/wicket/util/io/ClassStreamHandler.java:[78,107] ReflectionFactory is internal proprietary API and may be removed in a future release
[[1;34mINFO[m] 7 warnings 
[[1;34mINFO[m] -------------------------------------------------------------
[[1;34mINFO[m] -------------------------------------------------------------
[[1;31mERROR[m] COMPILATION ERROR : 
[[1;34mINFO[m] -------------------------------------------------------------
[[1;31mERROR[m] /home/user/Reproducibility-Scanner/benchmarks/bugs-dot-jar/wicket/wicket/src/main/java/org/apache/wicket/markup/MarkupResourceStream.java:[38,7] error: MarkupResourceStream is not abstract and does not override abstract method length() in IResourceStream
[[1;31mERROR[m] /home/user/Reproducibility-Scanner/benchmarks/bugs-dot-jar/wicket/wicket/src/main/java/org/apache/wicket/markup/MarkupResourceStream.java:[170,13] error: length() in MarkupResourceStream cannot implement length() in IResourceStream
[[1;31mERROR[m]   return type long is not compatible with Bytes
/home/user/Reproducibility-Scanner/benchmarks/bugs-dot-jar/wicket/wicket/src/main/java/org/apache/wicket/markup/MarkupResourceStream.java:[172,30] error: incompatible types: Bytes cannot be converted to long
[[1;31mERROR[m] /home/user/Reproducibility-Scanner/benchmarks/bugs-dot-jar/wicket/wicket/src/main/java/org/apache/wicket/protocol/http/WebApplication.java:[443,13] error: non-static method destroy() cannot be referenced from a static context
[[1;31mERROR[m] /home/user/Reproducibility-Scanner/benchmarks/bugs-dot-jar/wicket/wicket/src/main/java/org/apache/wicket/protocol/http/WicketFilter.java:[279,32] error: no suitable method found for getFilterPath(boolean,FilterConfig)
[[1;31mERROR[m]     method WebXmlFile.getFilterPath(boolean,ServletContext,String) is not applicable
      (actual and formal argument lists differ in length)
    method WebXmlFile.getFilterPath(boolean,String,InputStream) is not applicable
      (actual and formal argument lists differ in length)
/home/user/Reproducibility-Scanner/benchmarks/bugs-dot-jar/wicket/wicket/src/main/java/org/apache/wicket/markup/parser/XmlPullParser.java:[112,18] error: method getXmlDeclaration in class XmlReader cannot be applied to given types;
[[1;31mERROR[m]  actual and formal argument lists differ in length
/home/user/Reproducibility-Scanner/benchmarks/bugs-dot-jar/wicket/wicket/src/main/java/org/apache/wicket/util/resource/WebExternalResourceStream.java:[73,13] error: length() in WebExternalResourceStream cannot implement length() in IResourceStream
[[1;31mERROR[m]   return type long is not compatible with Bytes
/home/user/Reproducibility-Scanner/benchmarks/bugs-dot-jar/wicket/wicket/src/main/java/org/apache/wicket/util/resource/WebExternalResourceStream.java:[72,1] error: method does not override or implement a method from a supertype
[[1;31mERROR[m] /home/user/Reproducibility-Scanner/benchmarks/bugs-dot-jar/wicket/wicket/src/main/java/org/apache/wicket/request/resource/ResourceStreamResource.java:[92,38] error: incompatible types: Bytes cannot be converted to long
[[1;31mERROR[m] /home/user/Reproducibility-Scanner/benchmarks/bugs-dot-jar/wicket/wicket/src/main/java/org/apache/wicket/util/io/ClassStreamHandler.java:[548,52] error: incompatible types: Constructor<CAP#1> cannot be converted to Constructor<? super T>
[[1;31mERROR[m] 
    CAP#1 extends Object from capture of ?
/home/user/Reproducibility-Scanner/benchmarks/bugs-dot-jar/wicket/wicket/src/main/java/org/apache/wicket/markup/html/include/Include.java:[279,17] error: cannot find symbol
[[1;31mERROR[m]  variable resourceStream of type UrlResourceStream
/home/user/Reproducibility-Scanner/benchmarks/bugs-dot-jar/wicket/wicket/src/main/java/org/apache/wicket/markup/html/include/Include.java:[281,33] error: cannot find symbol
[[1;31mERROR[m]  variable resourceStream of type UrlResourceStream
/home/user/Reproducibility-Scanner/benchmarks/bugs-dot-jar/wicket/wicket/src/main/java/org/apache/wicket/util/resource/AbstractResourceStreamWriter.java:[43,13] error: length() in AbstractResourceStreamWriter cannot implement length() in IResourceStream
[[1;31mERROR[m]   return type long is not compatible with Bytes
/home/user/Reproducibility-Scanner/benchmarks/bugs-dot-jar/wicket/wicket/src/main/java/org/apache/wicket/util/resource/PackageResourceStream.java:[84,13] error: length() in PackageResourceStream cannot implement length() in IResourceStream
[[1;31mERROR[m]   return type long is not compatible with Bytes
/home/user/Reproducibility-Scanner/benchmarks/bugs-dot-jar/wicket/wicket/src/main/java/org/apache/wicket/util/resource/PackageResourceStream.java:[83,1] error: method does not override or implement a method from a supertype
[[1;31mERROR[m] /home/user/Reproducibility-Scanner/benchmarks/bugs-dot-jar/wicket/wicket/src/main/java/org/apache/wicket/util/resource/PackageResourceStream.java:[86,30] error: incompatible types: Bytes cannot be converted to long
[[1;31mERROR[m] /home/user/Reproducibility-Scanner/benchmarks/bugs-dot-jar/wicket/wicket/src/main/java/org/apache/wicket/util/resource/UrlResourceStream.java:[274,13] error: length() in UrlResourceStream cannot implement length() in IResourceStream
[[1;31mERROR[m]   return type long is not compatible with Bytes
/home/user/Reproducibility-Scanner/benchmarks/bugs-dot-jar/wicket/wicket/src/main/java/org/apache/wicket/util/resource/UrlResourceStream.java:[223,51] error: incompatible types: Time cannot be converted to long
[[1;31mERROR[m] /home/user/Reproducibility-Scanner/benchmarks/bugs-dot-jar/wicket/wicket/src/main/java/org/apache/wicket/util/resource/UrlResourceStream.java:[233,14] error: cannot find symbol
[[1;31mERROR[m]  class Time
/home/user/Reproducibility-Scanner/benchmarks/bugs-dot-jar/wicket/wicket/src/main/java/org/apache/wicket/util/resource/UrlResourceStream.java:[273,1] error: method does not override or implement a method from a supertype
[[1;31mERROR[m] /home/user/Reproducibility-Scanner/benchmarks/bugs-dot-jar/wicket/wicket/src/main/java/org/apache/wicket/protocol/http/servlet/MultipartServletWebRequestImpl.java:[86,39] error: no suitable constructor found for DiskFileItemFactory(no arguments)
[[1;34mINFO[m] 21 errors 
[[1;34mINFO[m] -------------------------------------------------------------
[[1;34mINFO[m] 
[[1;34mINFO[m] [1m-----------------< [0;36morg.apache.wicket:wicket-datetime[0;1m >------------------[m
[[1;34mINFO[m] [1mBuilding Wicket Date/Time 1.5-SNAPSHOT                            [5/17][m
[[1;34mINFO[m] [1m--------------------------------[ jar ]---------------------------------[m
[[1;34mINFO[m] 
[[1;34mINFO[m] [1m-----------------< [0;36morg.apache.wicket:wicket-devutils[0;1m >------------------[m
[[1;34mINFO[m] [1mBuilding Wicket Development Utilities 1.5-SNAPSHOT                [6/17][m
[[1;34mINFO[m] [1m--------------------------------[ jar ]---------------------------------[m
[[1;34mINFO[m] 
[[1;34mINFO[m] [1m----------------< [0;36morg.apache.wicket:wicket-extensions[0;1m >-----------------[m
[[1;34mINFO[m] [1mBuilding Wicket Extensions 1.5-SNAPSHOT                           [7/17][m
[[1;34mINFO[m] [1m--------------------------------[ jar ]---------------------------------[m
[[1;34mINFO[m] 
[[1;34mINFO[m] [1m--------------------< [0;36morg.apache.wicket:wicket-ioc[0;1m >--------------------[m
[[1;34mINFO[m] [1mBuilding Wicket IoC common code 1.5-SNAPSHOT                      [8/17][m
[[1;34mINFO[m] [1m--------------------------------[ jar ]---------------------------------[m
[[1;34mINFO[m] 
[[1;34mINFO[m] [1m------------------< [0;36morg.apache.wicket:wicket-spring[0;1m >-------------------[m
[[1;34mINFO[m] [1mBuilding Wicket Spring Integration 1.5-SNAPSHOT                   [9/17][m
[[1;34mINFO[m] [1m--------------------------------[ jar ]---------------------------------[m
[[1;34mINFO[m] 
[[1;34mINFO[m] [1m-----------------< [0;36morg.apache.wicket:wicket-velocity[0;1m >------------------[m
[[1;34mINFO[m] [1mBuilding Wicket Velocity 1.5-SNAPSHOT                            [10/17][m
[[1;34mINFO[m] [1m--------------------------------[ jar ]---------------------------------[m
[[1;34mINFO[m] 
[[1;34mINFO[m] [1m----------------< [0;36morg.apache.wicket:wicket-auth-roles[0;1m >-----------------[m
[[1;34mINFO[m] [1mBuilding Wicket Auth Roles 1.5-SNAPSHOT                          [11/17][m
[[1;34mINFO[m] [1m--------------------------------[ jar ]---------------------------------[m
[[1;34mINFO[m] 
[[1;34mINFO[m] [1m-------------------< [0;36morg.apache.wicket:wicket-guice[0;1m >-------------------[m
[[1;34mINFO[m] [1mBuilding Wicket Guice Integration 1.5-SNAPSHOT                   [12/17][m
[[1;34mINFO[m] [1m--------------------------------[ jar ]---------------------------------[m
[[1;34mINFO[m] 
[[1;34mINFO[m] [1m--------------------< [0;36morg.apache.wicket:wicket-jmx[0;1m >--------------------[m
[[1;34mINFO[m] [1mBuilding Wicket JMX 1.5-SNAPSHOT                                 [13/17][m
[[1;34mINFO[m] [1m--------------------------------[ jar ]---------------------------------[m
[[1;34mINFO[m] 
[[1;34mINFO[m] [1m------------< [0;36morg.apache.wicket:wicket-objectsizeof-agent[0;1m >-------------[m
[[1;34mINFO[m] [1mBuilding Wicket Objects Sizeof Agent 1.5-SNAPSHOT                [14/17][m
[[1;34mINFO[m] [1m--------------------------------[ jar ]---------------------------------[m
[[1;34mINFO[m] 
[[1;34mINFO[m] [1m-----------------< [0;36morg.apache.wicket:wicket-examples[0;1m >------------------[m
[[1;34mINFO[m] [1mBuilding Wicket Examples 1.5-SNAPSHOT                            [15/17][m
[[1;34mINFO[m] [1m--------------------------------[ war ]---------------------------------[m
[[1;34mINFO[m] 
[[1;34mINFO[m] [1m-----------< [0;36morg.apache.wicket:wicket-archetype-quickstart[0;1m >------------[m
[[1;34mINFO[m] [1mBuilding Wicket Quickstart Archetype 1.5-SNAPSHOT                [16/17][m
[[1;34mINFO[m] [1m--------------------------[ maven-archetype ]---------------------------[m
[[1;34mINFO[m] 
[[1;34mINFO[m] [1m--- [0;32mmaven-remote-resources-plugin:1.1:process[m [1m(default)[m @ [36mwicket-archetype-quickstart[0;1m ---[m
[[1;34mINFO[m] Setting property: classpath.resource.loader.class => 'org.codehaus.plexus.velocity.ContextClassLoaderResourceLoader'.
[[1;34mINFO[m] Setting property: velocimacro.messages.on => 'false'.
[[1;34mINFO[m] Setting property: resource.loader => 'classpath'.
[[1;34mINFO[m] Setting property: resource.manager.logwhenfound => 'false'.
[[1;34mINFO[m] 
[[1;34mINFO[m] [1m--- [0;32mmaven-resources-plugin:2.4.3:resources[m [1m(default-resources)[m @ [36mwicket-archetype-quickstart[0;1m ---[m
[[1;34mINFO[m] Using 'UTF-8' encoding to copy filtered resources.
[[1;34mINFO[m] Copying 9 resources
[[1;34mINFO[m] Copying 3 resources
[[1;34mINFO[m] 
[[1;34mINFO[m] [1m--- [0;32mmaven-bundle-plugin:1.4.3:manifest[m [1m(bundle-manifest)[m @ [36mwicket-archetype-quickstart[0;1m ---[m
[[1;33mWARNING[m] Ignoring project type maven-archetype - supportedProjectTypes = [jar, bundle]
[[1;34mINFO[m] 
[[1;34mINFO[m] [1m--- [0;32mmaven-resources-plugin:2.4.3:testResources[m [1m(default-testResources)[m @ [36mwicket-archetype-quickstart[0;1m ---[m
[[1;34mINFO[m] Using 'UTF-8' encoding to copy filtered resources.
[[1;34mINFO[m] skip non existing resourceDirectory /home/user/Reproducibility-Scanner/benchmarks/bugs-dot-jar/wicket/archetypes/quickstart/src/test/java
[[1;34mINFO[m] Copying 3 resources
[[1;34mINFO[m] 
[[1;34mINFO[m] [1m--- [0;32mmaven-archetype-plugin:2.0-alpha-5:jar[m [1m(default-jar)[m @ [36mwicket-archetype-quickstart[0;1m ---[m
[[1;34mINFO[m] 
[[1;34mINFO[m] [1m>>> [0;32mmaven-source-plugin:2.1.2:jar[m [1m(attach-sources)[0;1m > [0;1mgenerate-sources[m @ [36mwicket-archetype-quickstart[0;1m >>>[m
[[1;34mINFO[m] 
[[1;34mINFO[m] [1m<<< [0;32mmaven-source-plugin:2.1.2:jar[m [1m(attach-sources)[0;1m < [0;1mgenerate-sources[m @ [36mwicket-archetype-quickstart[0;1m <<<[m
[[1;34mINFO[m] 
[[1;34mINFO[m] 
[[1;34mINFO[m] [1m--- [0;32mmaven-source-plugin:2.1.2:jar[m [1m(attach-sources)[m @ [36mwicket-archetype-quickstart[0;1m ---[m
[[1;34mINFO[m] META-INF already added, skipping
[[1;34mINFO[m] META-INF already added, skipping
[[1;34mINFO[m] META-INF/LICENSE already added, skipping
[[1;34mINFO[m] META-INF/NOTICE already added, skipping
[[1;34mINFO[m] META-INF/DEPENDENCIES already added, skipping
[[1;34mINFO[m] Building jar: /home/user/Reproducibility-Scanner/benchmarks/bugs-dot-jar/wicket/archetypes/quickstart/target/wicket-archetype-quickstart-1.5-SNAPSHOT-sources.jar
[[1;34mINFO[m] META-INF already added, skipping
[[1;34mINFO[m] META-INF already added, skipping
[[1;34mINFO[m] META-INF/LICENSE already added, skipping
[[1;34mINFO[m] META-INF/NOTICE already added, skipping
[[1;34mINFO[m] META-INF/DEPENDENCIES already added, skipping
[[1;34mINFO[m] 
[[1;34mINFO[m] [1m--- [0;32mmaven-jar-plugin:2.3.1:test-jar[m [1m(default)[m @ [36mwicket-archetype-quickstart[0;1m ---[m
[[1;34mINFO[m] Building jar: /home/user/Reproducibility-Scanner/benchmarks/bugs-dot-jar/wicket/archetypes/quickstart/target/wicket-archetype-quickstart-1.5-SNAPSHOT-tests.jar
[[1;34mINFO[m] 
[[1;34mINFO[m] [1m--- [0;32mmaven-archetype-plugin:2.0-alpha-5:integration-test[m [1m(default-integration-test)[m @ [36mwicket-archetype-quickstart[0;1m ---[m
[[1;34mINFO[m] 
[[1;34mINFO[m] [1m--- [0;32mmaven-install-plugin:2.3:install[m [1m(default-install)[m @ [36mwicket-archetype-quickstart[0;1m ---[m
[[1;34mINFO[m] Installing /home/user/Reproducibility-Scanner/benchmarks/bugs-dot-jar/wicket/archetypes/quickstart/target/wicket-archetype-quickstart-1.5-SNAPSHOT.jar to /home/user/.m2/repository/org/apache/wicket/wicket-archetype-quickstart/1.5-SNAPSHOT/wicket-archetype-quickstart-1.5-SNAPSHOT.jar
[[1;34mINFO[m] Installing /home/user/Reproducibility-Scanner/benchmarks/bugs-dot-jar/wicket/archetypes/quickstart/pom.xml to /home/user/.m2/repository/org/apache/wicket/wicket-archetype-quickstart/1.5-SNAPSHOT/wicket-archetype-quickstart-1.5-SNAPSHOT.pom
[[1;34mINFO[m] Installing /home/user/Reproducibility-Scanner/benchmarks/bugs-dot-jar/wicket/archetypes/quickstart/target/wicket-archetype-quickstart-1.5-SNAPSHOT-sources.jar to /home/user/.m2/repository/org/apache/wicket/wicket-archetype-quickstart/1.5-SNAPSHOT/wicket-archetype-quickstart-1.5-SNAPSHOT-sources.jar
[[1;34mINFO[m] Installing /home/user/Reproducibility-Scanner/benchmarks/bugs-dot-jar/wicket/archetypes/quickstart/target/wicket-archetype-quickstart-1.5-SNAPSHOT-tests.jar to /home/user/.m2/repository/org/apache/wicket/wicket-archetype-quickstart/1.5-SNAPSHOT/wicket-archetype-quickstart-1.5-SNAPSHOT-tests.jar
[[1;34mINFO[m] 
[[1;34mINFO[m] [1m--- [0;32mmaven-archetype-plugin:2.0-alpha-5:update-local-catalog[m [1m(default-update-local-catalog)[m @ [36mwicket-archetype-quickstart[0;1m ---[m
[[1;34mINFO[m] 
[[1;34mINFO[m] [1m----------------< [0;36morg.apache.wicket:wicket-threadtest[0;1m >-----------------[m
[[1;34mINFO[m] [1mBuilding Wicket Thread Test 1.5-SNAPSHOT                         [17/17][m
[[1;34mINFO[m] [1m--------------------------------[ jar ]---------------------------------[m
[[1;34mINFO[m] [1m------------------------------------------------------------------------[m
[[1;34mINFO[m] [1mReactor Summary for Wicket Parent 1.5-SNAPSHOT:[m
[[1;34mINFO[m] 
[[1;34mINFO[m] Wicket Parent ...................................... [1;32mSUCCESS[m [  0.995 s]
[[1;34mINFO[m] wicket-util ........................................ [1;31mFAILURE[m [  1.367 s]
[[1;34mINFO[m] wicket-request ..................................... [1;32mSUCCESS[m [  1.840 s]
[[1;34mINFO[m] Wicket ............................................. [1;31mFAILURE[m [  2.231 s]
[[1;34mINFO[m] Wicket Date/Time ................................... [1;31mFAILURE[m [  0.015 s]
[[1;34mINFO[m] Wicket Development Utilities ....................... [1;31mFAILURE[m [  0.005 s]
[[1;34mINFO[m] Wicket Extensions .................................. [1;31mFAILURE[m [  0.005 s]
[[1;34mINFO[m] Wicket IoC common code ............................. [1;31mFAILURE[m [  0.006 s]
[[1;34mINFO[m] Wicket Spring Integration .......................... [1;31mFAILURE[m [  0.009 s]
[[1;34mINFO[m] Wicket Velocity .................................... [1;31mFAILURE[m [  0.004 s]
[[1;34mINFO[m] Wicket Auth Roles .................................. [1;31mFAILURE[m [  0.010 s]
[[1;34mINFO[m] Wicket Guice Integration ........................... [1;31mFAILURE[m [  0.008 s]
[[1;34mINFO[m] Wicket JMX ......................................... [1;31mFAILURE[m [  0.004 s]
[[1;34mINFO[m] Wicket Objects Sizeof Agent ........................ [1;31mFAILURE[m [  0.004 s]
[[1;34mINFO[m] Wicket Examples .................................... [1;31mFAILURE[m [  0.064 s]
[[1;34mINFO[m] Wicket Quickstart Archetype ........................ [1;32mSUCCESS[m [  0.967 s]
[[1;34mINFO[m] Wicket Thread Test ................................. [1;31mFAILURE[m [  0.007 s]
[[1;34mINFO[m] [1m------------------------------------------------------------------------[m
[[1;34mINFO[m] [1;31mBUILD FAILURE[m
[[1;34mINFO[m] [1m------------------------------------------------------------------------[m
[[1;34mINFO[m] Total time:  7.863 s
[[1;34mINFO[m] Finished at: 2022-07-15T18:44:01-07:00
[[1;34mINFO[m] [1m------------------------------------------------------------------------[m
[[1;31mERROR[m] Failed to execute goal [32morg.apache.maven.plugins:maven-compiler-plugin:2.3.2:compile[m [1m(default-compile)[m on project [36mwicket-util[m: [1;31mCompilation failure[m
[[1;31mERROR[m] [1;31m/home/user/Reproducibility-Scanner/benchmarks/bugs-dot-jar/wicket/wicket-util/src/main/java/org/apache/wicket/util/value/ValueMap.java:[790,20] error: incompatible types: inference variable T#1 has incompatible upper bounds Enum<T#2>,T#3[m
[[1;31mERROR[m] [1;31m[m
[[1;31mERROR[m] -> [1m[Help 1][m
[[1;31mERROR[m] Failed to execute goal [32morg.apache.maven.plugins:maven-compiler-plugin:2.3.2:compile[m [1m(default-compile)[m on project [36mwicket[m: [1;31mCompilation failure[m: Compilation failure: 
[[1;31mERROR[m] /home/user/Reproducibility-Scanner/benchmarks/bugs-dot-jar/wicket/wicket/src/main/java/org/apache/wicket/markup/MarkupResourceStream.java:[38,7] error: MarkupResourceStream is not abstract and does not override abstract method length() in IResourceStream
[[1;31mERROR[m] /home/user/Reproducibility-Scanner/benchmarks/bugs-dot-jar/wicket/wicket/src/main/java/org/apache/wicket/markup/MarkupResourceStream.java:[170,13] error: length() in MarkupResourceStream cannot implement length() in IResourceStream
[[1;31mERROR[m]   return type long is not compatible with Bytes
[[1;31mERROR[m] /home/user/Reproducibility-Scanner/benchmarks/bugs-dot-jar/wicket/wicket/src/main/java/org/apache/wicket/markup/MarkupResourceStream.java:[172,30] error: incompatible types: Bytes cannot be converted to long
[[1;31mERROR[m] /home/user/Reproducibility-Scanner/benchmarks/bugs-dot-jar/wicket/wicket/src/main/java/org/apache/wicket/protocol/http/WebApplication.java:[443,13] error: non-static method destroy() cannot be referenced from a static context
[[1;31mERROR[m] /home/user/Reproducibility-Scanner/benchmarks/bugs-dot-jar/wicket/wicket/src/main/java/org/apache/wicket/protocol/http/WicketFilter.java:[279,32] error: no suitable method found for getFilterPath(boolean,FilterConfig)
[[1;31mERROR[m]     method WebXmlFile.getFilterPath(boolean,ServletContext,String) is not applicable
[[1;31mERROR[m]       (actual and formal argument lists differ in length)
[[1;31mERROR[m]     method WebXmlFile.getFilterPath(boolean,String,InputStream) is not applicable
[[1;31mERROR[m]       (actual and formal argument lists differ in length)
[[1;31mERROR[m] /home/user/Reproducibility-Scanner/benchmarks/bugs-dot-jar/wicket/wicket/src/main/java/org/apache/wicket/markup/parser/XmlPullParser.java:[112,18] error: method getXmlDeclaration in class XmlReader cannot be applied to given types;
[[1;31mERROR[m]  actual and formal argument lists differ in length
[[1;31mERROR[m] /home/user/Reproducibility-Scanner/benchmarks/bugs-dot-jar/wicket/wicket/src/main/java/org/apache/wicket/util/resource/WebExternalResourceStream.java:[73,13] error: length() in WebExternalResourceStream cannot implement length() in IResourceStream
[[1;31mERROR[m]   return type long is not compatible with Bytes
[[1;31mERROR[m] /home/user/Reproducibility-Scanner/benchmarks/bugs-dot-jar/wicket/wicket/src/main/java/org/apache/wicket/util/resource/WebExternalResourceStream.java:[72,1] error: method does not override or implement a method from a supertype
[[1;31mERROR[m] /home/user/Reproducibility-Scanner/benchmarks/bugs-dot-jar/wicket/wicket/src/main/java/org/apache/wicket/request/resource/ResourceStreamResource.java:[92,38] error: incompatible types: Bytes cannot be converted to long
[[1;31mERROR[m] /home/user/Reproducibility-Scanner/benchmarks/bugs-dot-jar/wicket/wicket/src/main/java/org/apache/wicket/util/io/ClassStreamHandler.java:[548,52] error: incompatible types: Constructor<CAP#1> cannot be converted to Constructor<? super T>
[[1;31mERROR[m] 
[[1;31mERROR[m]     CAP#1 extends Object from capture of ?
[[1;31mERROR[m] /home/user/Reproducibility-Scanner/benchmarks/bugs-dot-jar/wicket/wicket/src/main/java/org/apache/wicket/markup/html/include/Include.java:[279,17] error: cannot find symbol
[[1;31mERROR[m]  variable resourceStream of type UrlResourceStream
[[1;31mERROR[m] /home/user/Reproducibility-Scanner/benchmarks/bugs-dot-jar/wicket/wicket/src/main/java/org/apache/wicket/markup/html/include/Include.java:[281,33] error: cannot find symbol
[[1;31mERROR[m]  variable resourceStream of type UrlResourceStream
[[1;31mERROR[m] /home/user/Reproducibility-Scanner/benchmarks/bugs-dot-jar/wicket/wicket/src/main/java/org/apache/wicket/util/resource/AbstractResourceStreamWriter.java:[43,13] error: length() in AbstractResourceStreamWriter cannot implement length() in IResourceStream
[[1;31mERROR[m]   return type long is not compatible with Bytes
[[1;31mERROR[m] /home/user/Reproducibility-Scanner/benchmarks/bugs-dot-jar/wicket/wicket/src/main/java/org/apache/wicket/util/resource/PackageResourceStream.java:[84,13] error: length() in PackageResourceStream cannot implement length() in IResourceStream
[[1;31mERROR[m]   return type long is not compatible with Bytes
[[1;31mERROR[m] /home/user/Reproducibility-Scanner/benchmarks/bugs-dot-jar/wicket/wicket/src/main/java/org/apache/wicket/util/resource/PackageResourceStream.java:[83,1] error: method does not override or implement a method from a supertype
[[1;31mERROR[m] /home/user/Reproducibility-Scanner/benchmarks/bugs-dot-jar/wicket/wicket/src/main/java/org/apache/wicket/util/resource/PackageResourceStream.java:[86,30] error: incompatible types: Bytes cannot be converted to long
[[1;31mERROR[m] /home/user/Reproducibility-Scanner/benchmarks/bugs-dot-jar/wicket/wicket/src/main/java/org/apache/wicket/util/resource/UrlResourceStream.java:[274,13] error: length() in UrlResourceStream cannot implement length() in IResourceStream
[[1;31mERROR[m]   return type long is not compatible with Bytes
[[1;31mERROR[m] /home/user/Reproducibility-Scanner/benchmarks/bugs-dot-jar/wicket/wicket/src/main/java/org/apache/wicket/util/resource/UrlResourceStream.java:[223,51] error: incompatible types: Time cannot be converted to long
[[1;31mERROR[m] /home/user/Reproducibility-Scanner/benchmarks/bugs-dot-jar/wicket/wicket/src/main/java/org/apache/wicket/util/resource/UrlResourceStream.java:[233,14] error: cannot find symbol
[[1;31mERROR[m]  class Time
[[1;31mERROR[m] /home/user/Reproducibility-Scanner/benchmarks/bugs-dot-jar/wicket/wicket/src/main/java/org/apache/wicket/util/resource/UrlResourceStream.java:[273,1] error: method does not override or implement a method from a supertype
[[1;31mERROR[m] /home/user/Reproducibility-Scanner/benchmarks/bugs-dot-jar/wicket/wicket/src/main/java/org/apache/wicket/protocol/http/servlet/MultipartServletWebRequestImpl.java:[86,39] error: no suitable constructor found for DiskFileItemFactory(no arguments)
[[1;31mERROR[m] -> [1m[Help 1][m
[[1;31mERROR[m] Failed to execute goal on project [36mwicket-datetime[m: [1;31mCould not resolve dependencies for project org.apache.wicket:wicket-datetime:jar:1.5-SNAPSHOT: Failure to find org.apache.wicket:wicket:jar:1.5-SNAPSHOT in http://repository.apache.org/snapshots was cached in the local repository, resolution will not be reattempted until the update interval of apache.snapshots has elapsed or updates are forced[m -> [1m[Help 2][m
[[1;31mERROR[m] Failed to execute goal on project [36mwicket-devutils[m: [1;31mCould not resolve dependencies for project org.apache.wicket:wicket-devutils:jar:1.5-SNAPSHOT: Failure to find org.apache.wicket:wicket:jar:1.5-SNAPSHOT in http://repository.apache.org/snapshots was cached in the local repository, resolution will not be reattempted until the update interval of apache.snapshots has elapsed or updates are forced[m -> [1m[Help 2][m
[[1;31mERROR[m] Failed to execute goal on project [36mwicket-extensions[m: [1;31mCould not resolve dependencies for project org.apache.wicket:wicket-extensions:jar:1.5-SNAPSHOT: Failure to find org.apache.wicket:wicket:jar:1.5-SNAPSHOT in http://repository.apache.org/snapshots was cached in the local repository, resolution will not be reattempted until the update interval of apache.snapshots has elapsed or updates are forced[m -> [1m[Help 2][m
[[1;31mERROR[m] Failed to execute goal on project [36mwicket-ioc[m: [1;31mCould not resolve dependencies for project org.apache.wicket:wicket-ioc:jar:1.5-SNAPSHOT: Failure to find org.apache.wicket:wicket:jar:1.5-SNAPSHOT in http://repository.apache.org/snapshots was cached in the local repository, resolution will not be reattempted until the update interval of apache.snapshots has elapsed or updates are forced[m -> [1m[Help 2][m
[[1;31mERROR[m] Failed to execute goal on project [36mwicket-spring[m: [1;31mCould not resolve dependencies for project org.apache.wicket:wicket-spring:jar:1.5-SNAPSHOT: Failure to find org.apache.wicket:wicket:jar:1.5-SNAPSHOT in http://repository.apache.org/snapshots was cached in the local repository, resolution will not be reattempted until the update interval of apache.snapshots has elapsed or updates are forced[m -> [1m[Help 2][m
[[1;31mERROR[m] Failed to execute goal on project [36mwicket-velocity[m: [1;31mCould not resolve dependencies for project org.apache.wicket:wicket-velocity:jar:1.5-SNAPSHOT: Failure to find org.apache.wicket:wicket:jar:1.5-SNAPSHOT in http://repository.apache.org/snapshots was cached in the local repository, resolution will not be reattempted until the update interval of apache.snapshots has elapsed or updates are forced[m -> [1m[Help 2][m
[[1;31mERROR[m] Failed to execute goal on project [36mwicket-auth-roles[m: [1;31mCould not resolve dependencies for project org.apache.wicket:wicket-auth-roles:jar:1.5-SNAPSHOT: Failure to find org.apache.wicket:wicket:jar:1.5-SNAPSHOT in http://repository.apache.org/snapshots was cached in the local repository, resolution will not be reattempted until the update interval of apache.snapshots has elapsed or updates are forced[m -> [1m[Help 2][m
[[1;31mERROR[m] Failed to execute goal on project [36mwicket-guice[m: [1;31mCould not resolve dependencies for project org.apache.wicket:wicket-guice:jar:1.5-SNAPSHOT: Failure to find org.apache.wicket:wicket:jar:1.5-SNAPSHOT in http://repository.apache.org/snapshots was cached in the local repository, resolution will not be reattempted until the update interval of apache.snapshots has elapsed or updates are forced[m -> [1m[Help 2][m
[[1;31mERROR[m] Failed to execute goal on project [36mwicket-jmx[m: [1;31mCould not resolve dependencies for project org.apache.wicket:wicket-jmx:jar:1.5-SNAPSHOT: Failure to find org.apache.wicket:wicket:jar:1.5-SNAPSHOT in http://repository.apache.org/snapshots was cached in the local repository, resolution will not be reattempted until the update interval of apache.snapshots has elapsed or updates are forced[m -> [1m[Help 2][m
[[1;31mERROR[m] Failed to execute goal on project [36mwicket-objectsizeof-agent[m: [1;31mCould not resolve dependencies for project org.apache.wicket:wicket-objectsizeof-agent:jar:1.5-SNAPSHOT: Failure to find org.apache.wicket:wicket:jar:1.5-SNAPSHOT in http://repository.apache.org/snapshots was cached in the local repository, resolution will not be reattempted until the update interval of apache.snapshots has elapsed or updates are forced[m -> [1m[Help 2][m
[[1;31mERROR[m] Failed to execute goal on project [36mwicket-examples[m: [1;31mCould not resolve dependencies for project org.apache.wicket:wicket-examples:war:1.5-SNAPSHOT: Failure to find org.apache.wicket:wicket:jar:1.5-SNAPSHOT in http://repository.apache.org/snapshots was cached in the local repository, resolution will not be reattempted until the update interval of apache.snapshots has elapsed or updates are forced[m -> [1m[Help 2][m
[[1;31mERROR[m] Failed to execute goal on project [36mwicket-threadtest[m: [1;31mCould not resolve dependencies for project org.apache.wicket:wicket-threadtest:jar:1.5-SNAPSHOT: Failure to find org.apache.wicket:wicket:jar:1.5-SNAPSHOT in http://repository.apache.org/snapshots was cached in the local repository, resolution will not be reattempted until the update interval of apache.snapshots has elapsed or updates are forced[m -> [1m[Help 2][m
[[1;31mERROR[m] 
[[1;31mERROR[m] To see the full stack trace of the errors, re-run Maven with the [1m-e[m switch.
[[1;31mERROR[m] Re-run Maven using the [1m-X[m switch to enable full debug logging.
[[1;31mERROR[m] 
[[1;31mERROR[m] For more information about the errors and possible solutions, please read the following articles:
[[1;31mERROR[m] [1m[Help 1][m http://cwiki.apache.org/confluence/display/MAVEN/MojoFailureException
[[1;31mERROR[m] [1m[Help 2][m http://cwiki.apache.org/confluence/display/MAVEN/DependencyResolutionException
[[1;31mERROR[m] 
[[1;31mERROR[m] After correcting the problems, you can resume the build with the command
[[1;31mERROR[m]   [1mmvn <args> -rf :wicket-util[m
[[1;34mINFO[m] Build failures were ignored.
[[1;34mINFO[m] Scanning for projects...
[[1;33mWARNING[m] 
[[1;33mWARNING[m] Some problems were encountered while building the effective model for org.apache.wicket:wicket:jar:1.5-SNAPSHOT
[[1;33mWARNING[m] 'distributionManagement.repository.id' must not be 'local', this identifier is reserved for the local repository, using it for other repositories will corrupt your repository metadata. @ org.apache.wicket:wicket-parent:1.5-SNAPSHOT, /home/user/Reproducibility-Scanner/benchmarks/bugs-dot-jar/wicket/pom.xml, line 268, column 10
[[1;33mWARNING[m] 'distributionManagement.snapshotRepository.id' must not be 'local', this identifier is reserved for the local repository, using it for other repositories will corrupt your repository metadata. @ org.apache.wicket:wicket-parent:1.5-SNAPSHOT, /home/user/Reproducibility-Scanner/benchmarks/bugs-dot-jar/wicket/pom.xml, line 272, column 10
[[1;33mWARNING[m] 
[[1;33mWARNING[m] Some problems were encountered while building the effective model for org.apache.wicket:wicket-util:jar:1.5-SNAPSHOT
[[1;33mWARNING[m] 'distributionManagement.repository.id' must not be 'local', this identifier is reserved for the local repository, using it for other repositories will corrupt your repository metadata. @ org.apache.wicket:wicket-parent:1.5-SNAPSHOT, /home/user/Reproducibility-Scanner/benchmarks/bugs-dot-jar/wicket/pom.xml, line 268, column 10
[[1;33mWARNING[m] 'distributionManagement.snapshotRepository.id' must not be 'local', this identifier is reserved for the local repository, using it for other repositories will corrupt your repository metadata. @ org.apache.wicket:wicket-parent:1.5-SNAPSHOT, /home/user/Reproducibility-Scanner/benchmarks/bugs-dot-jar/wicket/pom.xml, line 272, column 10
[[1;33mWARNING[m] 
[[1;33mWARNING[m] Some problems were encountered while building the effective model for org.apache.wicket:wicket-datetime:jar:1.5-SNAPSHOT
[[1;33mWARNING[m] 'distributionManagement.repository.id' must not be 'local', this identifier is reserved for the local repository, using it for other repositories will corrupt your repository metadata. @ org.apache.wicket:wicket-parent:1.5-SNAPSHOT, /home/user/Reproducibility-Scanner/benchmarks/bugs-dot-jar/wicket/pom.xml, line 268, column 10
[[1;33mWARNING[m] 'distributionManagement.snapshotRepository.id' must not be 'local', this identifier is reserved for the local repository, using it for other repositories will corrupt your repository metadata. @ org.apache.wicket:wicket-parent:1.5-SNAPSHOT, /home/user/Reproducibility-Scanner/benchmarks/bugs-dot-jar/wicket/pom.xml, line 272, column 10
[[1;33mWARNING[m] 
[[1;33mWARNING[m] Some problems were encountered while building the effective model for org.apache.wicket:wicket-request:jar:1.5-SNAPSHOT
[[1;33mWARNING[m] 'distributionManagement.repository.id' must not be 'local', this identifier is reserved for the local repository, using it for other repositories will corrupt your repository metadata. @ org.apache.wicket:wicket-parent:1.5-SNAPSHOT, /home/user/Reproducibility-Scanner/benchmarks/bugs-dot-jar/wicket/pom.xml, line 268, column 10
[[1;33mWARNING[m] 'distributionManagement.snapshotRepository.id' must not be 'local', this identifier is reserved for the local repository, using it for other repositories will corrupt your repository metadata. @ org.apache.wicket:wicket-parent:1.5-SNAPSHOT, /home/user/Reproducibility-Scanner/benchmarks/bugs-dot-jar/wicket/pom.xml, line 272, column 10
[[1;33mWARNING[m] 
[[1;33mWARNING[m] Some problems were encountered while building the effective model for org.apache.wicket:wicket-devutils:jar:1.5-SNAPSHOT
[[1;33mWARNING[m] 'distributionManagement.repository.id' must not be 'local', this identifier is reserved for the local repository, using it for other repositories will corrupt your repository metadata. @ org.apache.wicket:wicket-parent:1.5-SNAPSHOT, /home/user/Reproducibility-Scanner/benchmarks/bugs-dot-jar/wicket/pom.xml, line 268, column 10
[[1;33mWARNING[m] 'distributionManagement.snapshotRepository.id' must not be 'local', this identifier is reserved for the local repository, using it for other repositories will corrupt your repository metadata. @ org.apache.wicket:wicket-parent:1.5-SNAPSHOT, /home/user/Reproducibility-Scanner/benchmarks/bugs-dot-jar/wicket/pom.xml, line 272, column 10
[[1;33mWARNING[m] 
[[1;33mWARNING[m] Some problems were encountered while building the effective model for org.apache.wicket:wicket-extensions:jar:1.5-SNAPSHOT
[[1;33mWARNING[m] 'distributionManagement.repository.id' must not be 'local', this identifier is reserved for the local repository, using it for other repositories will corrupt your repository metadata. @ org.apache.wicket:wicket-parent:1.5-SNAPSHOT, /home/user/Reproducibility-Scanner/benchmarks/bugs-dot-jar/wicket/pom.xml, line 268, column 10
[[1;33mWARNING[m] 'distributionManagement.snapshotRepository.id' must not be 'local', this identifier is reserved for the local repository, using it for other repositories will corrupt your repository metadata. @ org.apache.wicket:wicket-parent:1.5-SNAPSHOT, /home/user/Reproducibility-Scanner/benchmarks/bugs-dot-jar/wicket/pom.xml, line 272, column 10
[[1;33mWARNING[m] 
[[1;33mWARNING[m] Some problems were encountered while building the effective model for org.apache.wicket:wicket-ioc:jar:1.5-SNAPSHOT
[[1;33mWARNING[m] 'distributionManagement.repository.id' must not be 'local', this identifier is reserved for the local repository, using it for other repositories will corrupt your repository metadata. @ org.apache.wicket:wicket-parent:1.5-SNAPSHOT, /home/user/Reproducibility-Scanner/benchmarks/bugs-dot-jar/wicket/pom.xml, line 268, column 10
[[1;33mWARNING[m] 'distributionManagement.snapshotRepository.id' must not be 'local', this identifier is reserved for the local repository, using it for other repositories will corrupt your repository metadata. @ org.apache.wicket:wicket-parent:1.5-SNAPSHOT, /home/user/Reproducibility-Scanner/benchmarks/bugs-dot-jar/wicket/pom.xml, line 272, column 10
[[1;33mWARNING[m] 
[[1;33mWARNING[m] Some problems were encountered while building the effective model for org.apache.wicket:wicket-spring:jar:1.5-SNAPSHOT
[[1;33mWARNING[m] 'distributionManagement.repository.id' must not be 'local', this identifier is reserved for the local repository, using it for other repositories will corrupt your repository metadata. @ org.apache.wicket:wicket-parent:1.5-SNAPSHOT, /home/user/Reproducibility-Scanner/benchmarks/bugs-dot-jar/wicket/pom.xml, line 268, column 10
[[1;33mWARNING[m] 'distributionManagement.snapshotRepository.id' must not be 'local', this identifier is reserved for the local repository, using it for other repositories will corrupt your repository metadata. @ org.apache.wicket:wicket-parent:1.5-SNAPSHOT, /home/user/Reproducibility-Scanner/benchmarks/bugs-dot-jar/wicket/pom.xml, line 272, column 10
[[1;33mWARNING[m] 
[[1;33mWARNING[m] Some problems were encountered while building the effective model for org.apache.wicket:wicket-velocity:jar:1.5-SNAPSHOT
[[1;33mWARNING[m] 'distributionManagement.repository.id' must not be 'local', this identifier is reserved for the local repository, using it for other repositories will corrupt your repository metadata. @ org.apache.wicket:wicket-parent:1.5-SNAPSHOT, /home/user/Reproducibility-Scanner/benchmarks/bugs-dot-jar/wicket/pom.xml, line 268, column 10
[[1;33mWARNING[m] 'distributionManagement.snapshotRepository.id' must not be 'local', this identifier is reserved for the local repository, using it for other repositories will corrupt your repository metadata. @ org.apache.wicket:wicket-parent:1.5-SNAPSHOT, /home/user/Reproducibility-Scanner/benchmarks/bugs-dot-jar/wicket/pom.xml, line 272, column 10
[[1;33mWARNING[m] 
[[1;33mWARNING[m] Some problems were encountered while building the effective model for org.apache.wicket:wicket-auth-roles:jar:1.5-SNAPSHOT
[[1;33mWARNING[m] 'distributionManagement.repository.id' must not be 'local', this identifier is reserved for the local repository, using it for other repositories will corrupt your repository metadata. @ org.apache.wicket:wicket-parent:1.5-SNAPSHOT, /home/user/Reproducibility-Scanner/benchmarks/bugs-dot-jar/wicket/pom.xml, line 268, column 10
[[1;33mWARNING[m] 'distributionManagement.snapshotRepository.id' must not be 'local', this identifier is reserved for the local repository, using it for other repositories will corrupt your repository metadata. @ org.apache.wicket:wicket-parent:1.5-SNAPSHOT, /home/user/Reproducibility-Scanner/benchmarks/bugs-dot-jar/wicket/pom.xml, line 272, column 10
[[1;33mWARNING[m] 
[[1;33mWARNING[m] Some problems were encountered while building the effective model for org.apache.wicket:wicket-guice:jar:1.5-SNAPSHOT
[[1;33mWARNING[m] 'distributionManagement.repository.id' must not be 'local', this identifier is reserved for the local repository, using it for other repositories will corrupt your repository metadata. @ org.apache.wicket:wicket-parent:1.5-SNAPSHOT, /home/user/Reproducibility-Scanner/benchmarks/bugs-dot-jar/wicket/pom.xml, line 268, column 10
[[1;33mWARNING[m] 'distributionManagement.snapshotRepository.id' must not be 'local', this identifier is reserved for the local repository, using it for other repositories will corrupt your repository metadata. @ org.apache.wicket:wicket-parent:1.5-SNAPSHOT, /home/user/Reproducibility-Scanner/benchmarks/bugs-dot-jar/wicket/pom.xml, line 272, column 10
[[1;33mWARNING[m] 
[[1;33mWARNING[m] Some problems were encountered while building the effective model for org.apache.wicket:wicket-jmx:jar:1.5-SNAPSHOT
[[1;33mWARNING[m] 'distributionManagement.repository.id' must not be 'local', this identifier is reserved for the local repository, using it for other repositories will corrupt your repository metadata. @ org.apache.wicket:wicket-parent:1.5-SNAPSHOT, /home/user/Reproducibility-Scanner/benchmarks/bugs-dot-jar/wicket/pom.xml, line 268, column 10
[[1;33mWARNING[m] 'distributionManagement.snapshotRepository.id' must not be 'local', this identifier is reserved for the local repository, using it for other repositories will corrupt your repository metadata. @ org.apache.wicket:wicket-parent:1.5-SNAPSHOT, /home/user/Reproducibility-Scanner/benchmarks/bugs-dot-jar/wicket/pom.xml, line 272, column 10
[[1;33mWARNING[m] 
[[1;33mWARNING[m] Some problems were encountered while building the effective model for org.apache.wicket:wicket-objectsizeof-agent:jar:1.5-SNAPSHOT
[[1;33mWARNING[m] 'distributionManagement.repository.id' must not be 'local', this identifier is reserved for the local repository, using it for other repositories will corrupt your repository metadata. @ org.apache.wicket:wicket-parent:1.5-SNAPSHOT, /home/user/Reproducibility-Scanner/benchmarks/bugs-dot-jar/wicket/pom.xml, line 268, column 10
[[1;33mWARNING[m] 'distributionManagement.snapshotRepository.id' must not be 'local', this identifier is reserved for the local repository, using it for other repositories will corrupt your repository metadata. @ org.apache.wicket:wicket-parent:1.5-SNAPSHOT, /home/user/Reproducibility-Scanner/benchmarks/bugs-dot-jar/wicket/pom.xml, line 272, column 10
[[1;33mWARNING[m] 
[[1;33mWARNING[m] Some problems were encountered while building the effective model for org.apache.wicket:wicket-examples:war:1.5-SNAPSHOT
[[1;33mWARNING[m] 'distributionManagement.repository.id' must not be 'local', this identifier is reserved for the local repository, using it for other repositories will corrupt your repository metadata. @ org.apache.wicket:wicket-parent:1.5-SNAPSHOT, /home/user/Reproducibility-Scanner/benchmarks/bugs-dot-jar/wicket/pom.xml, line 268, column 10
[[1;33mWARNING[m] 'distributionManagement.snapshotRepository.id' must not be 'local', this identifier is reserved for the local repository, using it for other repositories will corrupt your repository metadata. @ org.apache.wicket:wicket-parent:1.5-SNAPSHOT, /home/user/Reproducibility-Scanner/benchmarks/bugs-dot-jar/wicket/pom.xml, line 272, column 10
[[1;33mWARNING[m] 
[[1;33mWARNING[m] Some problems were encountered while building the effective model for org.apache.wicket:wicket-archetype-quickstart:maven-archetype:1.5-SNAPSHOT
[[1;33mWARNING[m] 'distributionManagement.repository.id' must not be 'local', this identifier is reserved for the local repository, using it for other repositories will corrupt your repository metadata. @ org.apache.wicket:wicket-parent:1.5-SNAPSHOT, /home/user/Reproducibility-Scanner/benchmarks/bugs-dot-jar/wicket/pom.xml, line 268, column 10
[[1;33mWARNING[m] 'distributionManagement.snapshotRepository.id' must not be 'local', this identifier is reserved for the local repository, using it for other repositories will corrupt your repository metadata. @ org.apache.wicket:wicket-parent:1.5-SNAPSHOT, /home/user/Reproducibility-Scanner/benchmarks/bugs-dot-jar/wicket/pom.xml, line 272, column 10
[[1;33mWARNING[m] 
[[1;33mWARNING[m] Some problems were encountered while building the effective model for org.apache.wicket:wicket-threadtest:jar:1.5-SNAPSHOT
[[1;33mWARNING[m] 'distributionManagement.repository.id' must not be 'local', this identifier is reserved for the local repository, using it for other repositories will corrupt your repository metadata. @ org.apache.wicket:wicket-parent:1.5-SNAPSHOT, /home/user/Reproducibility-Scanner/benchmarks/bugs-dot-jar/wicket/pom.xml, line 268, column 10
[[1;33mWARNING[m] 'distributionManagement.snapshotRepository.id' must not be 'local', this identifier is reserved for the local repository, using it for other repositories will corrupt your repository metadata. @ org.apache.wicket:wicket-parent:1.5-SNAPSHOT, /home/user/Reproducibility-Scanner/benchmarks/bugs-dot-jar/wicket/pom.xml, line 272, column 10
[[1;33mWARNING[m] 
[[1;33mWARNING[m] Some problems were encountered while building the effective model for org.apache.wicket:wicket-parent:pom:1.5-SNAPSHOT
[[1;33mWARNING[m] 'distributionManagement.repository.id' must not be 'local', this identifier is reserved for the local repository, using it for other repositories will corrupt your repository metadata. @ line 268, column 10
[[1;33mWARNING[m] 'distributionManagement.snapshotRepository.id' must not be 'local', this identifier is reserved for the local repository, using it for other repositories will corrupt your repository metadata. @ line 272, column 10
[[1;33mWARNING[m] 
[[1;33mWARNING[m] It is highly recommended to fix these problems because they threaten the stability of your build.
[[1;33mWARNING[m] 
[[1;33mWARNING[m] For this reason, future Maven versions might no longer support building such malformed projects.
[[1;33mWARNING[m] 
[[1;34mINFO[m] 
[[1;34mINFO[m] [1m----------------------< [0;36morg.apache.wicket:wicket[0;1m >----------------------[m
[[1;34mINFO[m] [1mBuilding Wicket 1.5-SNAPSHOT[m
[[1;34mINFO[m] [1m--------------------------------[ jar ]---------------------------------[m
[[1;34mINFO[m] 
[[1;34mINFO[m] [1m--- [0;32mmaven-remote-resources-plugin:1.1:process[m [1m(default)[m @ [36mwicket[0;1m ---[m
[[1;34mINFO[m] Setting property: classpath.resource.loader.class => 'org.codehaus.plexus.velocity.ContextClassLoaderResourceLoader'.
[[1;34mINFO[m] Setting property: velocimacro.messages.on => 'false'.
[[1;34mINFO[m] Setting property: resource.loader => 'classpath'.
[[1;34mINFO[m] Setting property: resource.manager.logwhenfound => 'false'.
[[1;34mINFO[m] 
[[1;34mINFO[m] [1m--- [0;32mmaven-resources-plugin:2.4.3:resources[m [1m(default-resources)[m @ [36mwicket[0;1m ---[m
[[1;34mINFO[m] Using 'UTF-8' encoding to copy filtered resources.
[[1;34mINFO[m] Copying 112 resources
[[1;34mINFO[m] Copying 0 resource
[[1;34mINFO[m] Copying 3 resources
[[1;34mINFO[m] 
[[1;34mINFO[m] [1m--- [0;32mmaven-compiler-plugin:2.3.2:compile[m [1m(default-compile)[m @ [36mwicket[0;1m ---[m
[[1;34mINFO[m] Compiling 553 source files to /home/user/Reproducibility-Scanner/benchmarks/bugs-dot-jar/wicket/wicket/target/classes
[[1;34mINFO[m] -------------------------------------------------------------
[[1;33mWARNING[m] COMPILATION WARNING : 
[[1;34mINFO[m] -------------------------------------------------------------
[[1;33mWARNING[m] /home/user/Reproducibility-Scanner/benchmarks/bugs-dot-jar/wicket/wicket/src/main/java/org/apache/wicket/util/io/ClassStreamHandler.java:[38,15] Unsafe is internal proprietary API and may be removed in a future release
[[1;33mWARNING[m] /home/user/Reproducibility-Scanner/benchmarks/bugs-dot-jar/wicket/wicket/src/main/java/org/apache/wicket/util/io/ClassStreamHandler.java:[39,18] ReflectionFactory is internal proprietary API and may be removed in a future release
[[1;33mWARNING[m] /home/user/Reproducibility-Scanner/benchmarks/bugs-dot-jar/wicket/wicket/src/main/java/org/apache/wicket/util/io/ClassStreamHandler.java:[52,16] Unsafe is internal proprietary API and may be removed in a future release
[[1;33mWARNING[m] /home/user/Reproducibility-Scanner/benchmarks/bugs-dot-jar/wicket/wicket/src/main/java/org/apache/wicket/util/io/ClassStreamHandler.java:[66,15] Unsafe is internal proprietary API and may be removed in a future release
[[1;33mWARNING[m] /home/user/Reproducibility-Scanner/benchmarks/bugs-dot-jar/wicket/wicket/src/main/java/org/apache/wicket/util/io/ClassStreamHandler.java:[78,22] ReflectionFactory is internal proprietary API and may be removed in a future release
[[1;33mWARNING[m] /home/user/Reproducibility-Scanner/benchmarks/bugs-dot-jar/wicket/wicket/src/main/java/org/apache/wicket/util/io/ClassStreamHandler.java:[78,55] ReflectionFactory is internal proprietary API and may be removed in a future release
[[1;33mWARNING[m] /home/user/Reproducibility-Scanner/benchmarks/bugs-dot-jar/wicket/wicket/src/main/java/org/apache/wicket/util/io/ClassStreamHandler.java:[78,107] ReflectionFactory is internal proprietary API and may be removed in a future release
[[1;34mINFO[m] 7 warnings 
[[1;34mINFO[m] -------------------------------------------------------------
[[1;34mINFO[m] -------------------------------------------------------------
[[1;31mERROR[m] COMPILATION ERROR : 
[[1;34mINFO[m] -------------------------------------------------------------
[[1;31mERROR[m] /home/user/Reproducibility-Scanner/benchmarks/bugs-dot-jar/wicket/wicket/src/main/java/org/apache/wicket/protocol/http/WebApplication.java:[443,13] error: non-static method destroy() cannot be referenced from a static context
[[1;31mERROR[m] /home/user/Reproducibility-Scanner/benchmarks/bugs-dot-jar/wicket/wicket/src/main/java/org/apache/wicket/protocol/http/WicketFilter.java:[279,32] error: no suitable method found for getFilterPath(boolean,FilterConfig)
[[1;31mERROR[m]     method WebXmlFile.getFilterPath(boolean,ServletContext,String) is not applicable
      (actual and formal argument lists differ in length)
    method WebXmlFile.getFilterPath(boolean,String,InputStream) is not applicable
      (actual and formal argument lists differ in length)
/home/user/Reproducibility-Scanner/benchmarks/bugs-dot-jar/wicket/wicket/src/main/java/org/apache/wicket/markup/parser/XmlPullParser.java:[112,18] error: method getXmlDeclaration in class XmlReader cannot be applied to given types;
[[1;31mERROR[m]  actual and formal argument lists differ in length
/home/user/Reproducibility-Scanner/benchmarks/bugs-dot-jar/wicket/wicket/src/main/java/org/apache/wicket/util/resource/WebExternalResourceStream.java:[73,13] error: length() in WebExternalResourceStream cannot implement length() in IResourceStream
[[1;31mERROR[m]   return type long is not compatible with Bytes
/home/user/Reproducibility-Scanner/benchmarks/bugs-dot-jar/wicket/wicket/src/main/java/org/apache/wicket/util/resource/WebExternalResourceStream.java:[72,1] error: method does not override or implement a method from a supertype
[[1;31mERROR[m] /home/user/Reproducibility-Scanner/benchmarks/bugs-dot-jar/wicket/wicket/src/main/java/org/apache/wicket/request/resource/ResourceStreamResource.java:[92,38] error: incompatible types: Bytes cannot be converted to long
[[1;31mERROR[m] /home/user/Reproducibility-Scanner/benchmarks/bugs-dot-jar/wicket/wicket/src/main/java/org/apache/wicket/util/io/ClassStreamHandler.java:[548,52] error: incompatible types: Constructor<CAP#1> cannot be converted to Constructor<? super T>
[[1;31mERROR[m] 
    CAP#1 extends Object from capture of ?
/home/user/Reproducibility-Scanner/benchmarks/bugs-dot-jar/wicket/wicket/src/main/java/org/apache/wicket/markup/MarkupResourceStream.java:[38,7] error: MarkupResourceStream is not abstract and does not override abstract method length() in IResourceStream
[[1;31mERROR[m] /home/user/Reproducibility-Scanner/benchmarks/bugs-dot-jar/wicket/wicket/src/main/java/org/apache/wicket/markup/MarkupResourceStream.java:[170,13] error: length() in MarkupResourceStream cannot implement length() in IResourceStream
[[1;31mERROR[m]   return type long is not compatible with Bytes
/home/user/Reproducibility-Scanner/benchmarks/bugs-dot-jar/wicket/wicket/src/main/java/org/apache/wicket/markup/MarkupResourceStream.java:[172,30] error: incompatible types: Bytes cannot be converted to long
[[1;31mERROR[m] /home/user/Reproducibility-Scanner/benchmarks/bugs-dot-jar/wicket/wicket/src/main/java/org/apache/wicket/markup/html/include/Include.java:[279,17] error: cannot find symbol
[[1;31mERROR[m]  variable resourceStream of type UrlResourceStream
/home/user/Reproducibility-Scanner/benchmarks/bugs-dot-jar/wicket/wicket/src/main/java/org/apache/wicket/markup/html/include/Include.java:[281,33] error: cannot find symbol
[[1;31mERROR[m]  variable resourceStream of type UrlResourceStream
/home/user/Reproducibility-Scanner/benchmarks/bugs-dot-jar/wicket/wicket/src/main/java/org/apache/wicket/util/resource/AbstractResourceStreamWriter.java:[43,13] error: length() in AbstractResourceStreamWriter cannot implement length() in IResourceStream
[[1;31mERROR[m]   return type long is not compatible with Bytes
/home/user/Reproducibility-Scanner/benchmarks/bugs-dot-jar/wicket/wicket/src/main/java/org/apache/wicket/util/resource/PackageResourceStream.java:[84,13] error: length() in PackageResourceStream cannot implement length() in IResourceStream
[[1;31mERROR[m]   return type long is not compatible with Bytes
/home/user/Reproducibility-Scanner/benchmarks/bugs-dot-jar/wicket/wicket/src/main/java/org/apache/wicket/util/resource/PackageResourceStream.java:[83,1] error: method does not override or implement a method from a supertype
[[1;31mERROR[m] /home/user/Reproducibility-Scanner/benchmarks/bugs-dot-jar/wicket/wicket/src/main/java/org/apache/wicket/util/resource/PackageResourceStream.java:[86,30] error: incompatible types: Bytes cannot be converted to long
[[1;31mERROR[m] /home/user/Reproducibility-Scanner/benchmarks/bugs-dot-jar/wicket/wicket/src/main/java/org/apache/wicket/util/resource/UrlResourceStream.java:[274,13] error: length() in UrlResourceStream cannot implement length() in IResourceStream
[[1;31mERROR[m]   return type long is not compatible with Bytes
/home/user/Reproducibility-Scanner/benchmarks/bugs-dot-jar/wicket/wicket/src/main/java/org/apache/wicket/util/resource/UrlResourceStream.java:[223,51] error: incompatible types: Time cannot be converted to long
[[1;31mERROR[m] /home/user/Reproducibility-Scanner/benchmarks/bugs-dot-jar/wicket/wicket/src/main/java/org/apache/wicket/util/resource/UrlResourceStream.java:[233,14] error: cannot find symbol
[[1;31mERROR[m]  class Time
/home/user/Reproducibility-Scanner/benchmarks/bugs-dot-jar/wicket/wicket/src/main/java/org/apache/wicket/util/resource/UrlResourceStream.java:[273,1] error: method does not override or implement a method from a supertype
[[1;31mERROR[m] /home/user/Reproducibility-Scanner/benchmarks/bugs-dot-jar/wicket/wicket/src/main/java/org/apache/wicket/protocol/http/servlet/MultipartServletWebRequestImpl.java:[86,39] error: no suitable constructor found for DiskFileItemFactory(no arguments)
[[1;34mINFO[m] 21 errors 
[[1;34mINFO[m] -------------------------------------------------------------
[[1;34mINFO[m] [1m------------------------------------------------------------------------[m
[[1;34mINFO[m] [1;31mBUILD FAILURE[m
[[1;34mINFO[m] [1m------------------------------------------------------------------------[m
[[1;34mINFO[m] Total time:  3.050 s
[[1;34mINFO[m] Finished at: 2022-07-15T18:44:05-07:00
[[1;34mINFO[m] [1m------------------------------------------------------------------------[m
[[1;31mERROR[m] Failed to execute goal [32morg.apache.maven.plugins:maven-compiler-plugin:2.3.2:compile[m [1m(default-compile)[m on project [36mwicket[m: [1;31mCompilation failure[m: Compilation failure: 
[[1;31mERROR[m] /home/user/Reproducibility-Scanner/benchmarks/bugs-dot-jar/wicket/wicket/src/main/java/org/apache/wicket/protocol/http/WebApplication.java:[443,13] error: non-static method destroy() cannot be referenced from a static context
[[1;31mERROR[m] /home/user/Reproducibility-Scanner/benchmarks/bugs-dot-jar/wicket/wicket/src/main/java/org/apache/wicket/protocol/http/WicketFilter.java:[279,32] error: no suitable method found for getFilterPath(boolean,FilterConfig)
[[1;31mERROR[m]     method WebXmlFile.getFilterPath(boolean,ServletContext,String) is not applicable
[[1;31mERROR[m]       (actual and formal argument lists differ in length)
[[1;31mERROR[m]     method WebXmlFile.getFilterPath(boolean,String,InputStream) is not applicable
[[1;31mERROR[m]       (actual and formal argument lists differ in length)
[[1;31mERROR[m] /home/user/Reproducibility-Scanner/benchmarks/bugs-dot-jar/wicket/wicket/src/main/java/org/apache/wicket/markup/parser/XmlPullParser.java:[112,18] error: method getXmlDeclaration in class XmlReader cannot be applied to given types;
[[1;31mERROR[m]  actual and formal argument lists differ in length
[[1;31mERROR[m] /home/user/Reproducibility-Scanner/benchmarks/bugs-dot-jar/wicket/wicket/src/main/java/org/apache/wicket/util/resource/WebExternalResourceStream.java:[73,13] error: length() in WebExternalResourceStream cannot implement length() in IResourceStream
[[1;31mERROR[m]   return type long is not compatible with Bytes
[[1;31mERROR[m] /home/user/Reproducibility-Scanner/benchmarks/bugs-dot-jar/wicket/wicket/src/main/java/org/apache/wicket/util/resource/WebExternalResourceStream.java:[72,1] error: method does not override or implement a method from a supertype
[[1;31mERROR[m] /home/user/Reproducibility-Scanner/benchmarks/bugs-dot-jar/wicket/wicket/src/main/java/org/apache/wicket/request/resource/ResourceStreamResource.java:[92,38] error: incompatible types: Bytes cannot be converted to long
[[1;31mERROR[m] /home/user/Reproducibility-Scanner/benchmarks/bugs-dot-jar/wicket/wicket/src/main/java/org/apache/wicket/util/io/ClassStreamHandler.java:[548,52] error: incompatible types: Constructor<CAP#1> cannot be converted to Constructor<? super T>
[[1;31mERROR[m] 
[[1;31mERROR[m]     CAP#1 extends Object from capture of ?
[[1;31mERROR[m] /home/user/Reproducibility-Scanner/benchmarks/bugs-dot-jar/wicket/wicket/src/main/java/org/apache/wicket/markup/MarkupResourceStream.java:[38,7] error: MarkupResourceStream is not abstract and does not override abstract method length() in IResourceStream
[[1;31mERROR[m] /home/user/Reproducibility-Scanner/benchmarks/bugs-dot-jar/wicket/wicket/src/main/java/org/apache/wicket/markup/MarkupResourceStream.java:[170,13] error: length() in MarkupResourceStream cannot implement length() in IResourceStream
[[1;31mERROR[m]   return type long is not compatible with Bytes
[[1;31mERROR[m] /home/user/Reproducibility-Scanner/benchmarks/bugs-dot-jar/wicket/wicket/src/main/java/org/apache/wicket/markup/MarkupResourceStream.java:[172,30] error: incompatible types: Bytes cannot be converted to long
[[1;31mERROR[m] /home/user/Reproducibility-Scanner/benchmarks/bugs-dot-jar/wicket/wicket/src/main/java/org/apache/wicket/markup/html/include/Include.java:[279,17] error: cannot find symbol
[[1;31mERROR[m]  variable resourceStream of type UrlResourceStream
[[1;31mERROR[m] /home/user/Reproducibility-Scanner/benchmarks/bugs-dot-jar/wicket/wicket/src/main/java/org/apache/wicket/markup/html/include/Include.java:[281,33] error: cannot find symbol
[[1;31mERROR[m]  variable resourceStream of type UrlResourceStream
[[1;31mERROR[m] /home/user/Reproducibility-Scanner/benchmarks/bugs-dot-jar/wicket/wicket/src/main/java/org/apache/wicket/util/resource/AbstractResourceStreamWriter.java:[43,13] error: length() in AbstractResourceStreamWriter cannot implement length() in IResourceStream
[[1;31mERROR[m]   return type long is not compatible with Bytes
[[1;31mERROR[m] /home/user/Reproducibility-Scanner/benchmarks/bugs-dot-jar/wicket/wicket/src/main/java/org/apache/wicket/util/resource/PackageResourceStream.java:[84,13] error: length() in PackageResourceStream cannot implement length() in IResourceStream
[[1;31mERROR[m]   return type long is not compatible with Bytes
[[1;31mERROR[m] /home/user/Reproducibility-Scanner/benchmarks/bugs-dot-jar/wicket/wicket/src/main/java/org/apache/wicket/util/resource/PackageResourceStream.java:[83,1] error: method does not override or implement a method from a supertype
[[1;31mERROR[m] /home/user/Reproducibility-Scanner/benchmarks/bugs-dot-jar/wicket/wicket/src/main/java/org/apache/wicket/util/resource/PackageResourceStream.java:[86,30] error: incompatible types: Bytes cannot be converted to long
[[1;31mERROR[m] /home/user/Reproducibility-Scanner/benchmarks/bugs-dot-jar/wicket/wicket/src/main/java/org/apache/wicket/util/resource/UrlResourceStream.java:[274,13] error: length() in UrlResourceStream cannot implement length() in IResourceStream
[[1;31mERROR[m]   return type long is not compatible with Bytes
[[1;31mERROR[m] /home/user/Reproducibility-Scanner/benchmarks/bugs-dot-jar/wicket/wicket/src/main/java/org/apache/wicket/util/resource/UrlResourceStream.java:[223,51] error: incompatible types: Time cannot be converted to long
[[1;31mERROR[m] /home/user/Reproducibility-Scanner/benchmarks/bugs-dot-jar/wicket/wicket/src/main/java/org/apache/wicket/util/resource/UrlResourceStream.java:[233,14] error: cannot find symbol
[[1;31mERROR[m]  class Time
[[1;31mERROR[m] /home/user/Reproducibility-Scanner/benchmarks/bugs-dot-jar/wicket/wicket/src/main/java/org/apache/wicket/util/resource/UrlResourceStream.java:[273,1] error: method does not override or implement a method from a supertype
[[1;31mERROR[m] /home/user/Reproducibility-Scanner/benchmarks/bugs-dot-jar/wicket/wicket/src/main/java/org/apache/wicket/protocol/http/servlet/MultipartServletWebRequestImpl.java:[86,39] error: no suitable constructor found for DiskFileItemFactory(no arguments)
[[1;31mERROR[m] -> [1m[Help 1][m
[[1;31mERROR[m] 
[[1;31mERROR[m] To see the full stack trace of the errors, re-run Maven with the [1m-e[m switch.
[[1;31mERROR[m] Re-run Maven using the [1m-X[m switch to enable full debug logging.
[[1;31mERROR[m] 
[[1;31mERROR[m] For more information about the errors and possible solutions, please read the following articles:
[[1;31mERROR[m] [1m[Help 1][m http://cwiki.apache.org/confluence/display/MAVEN/MojoFailureException