[INFO] Scanning for projects...
[ERROR] [ERROR] Some problems were encountered while processing the POMs:
[FATAL] Non-resolvable parent POM for org.apache.wicket:wicket-threadtest:[unknown-version]: Could not find artifact org.apache.wicket:wicket-jdk15:pom:1.3.0-incubating-SNAPSHOT and 'parent.relativePath' points at wrong local POM @ line 25, column 10
[WARNING] 'build.plugins.plugin.version' for org.apache.maven.plugins:maven-remote-resources-plugin is missing. @ org.apache.wicket:wicket-parent:1.3.0-incubating-SNAPSHOT, /data-depot/user/Workspace/Reproducibility/Reproducibility-Scanner/benchmarks/bugs-dot-jar/wicket/pom.xml, line 372, column 12
[WARNING] 'build.plugins.plugin.version' for org.apache.maven.plugins:maven-compiler-plugin is missing. @ org.apache.wicket:wicket-jdk14:[unknown-version], /data-depot/user/Workspace/Reproducibility/Reproducibility-Scanner/benchmarks/bugs-dot-jar/wicket/jdk-1.4/pom.xml, line 46, column 12
[WARNING] 'build.plugins.plugin.version' for org.apache.maven.plugins:maven-surefire-plugin is missing. @ org.apache.wicket:wicket-parent:1.3.0-incubating-SNAPSHOT, /data-depot/user/Workspace/Reproducibility/Reproducibility-Scanner/benchmarks/bugs-dot-jar/wicket/pom.xml, line 362, column 12
[WARNING] 'build.plugins.plugin.version' for org.apache.maven.plugins:maven-clover-plugin is missing. @ org.apache.wicket:wicket:[unknown-version], /data-depot/user/Workspace/Reproducibility/Reproducibility-Scanner/benchmarks/bugs-dot-jar/wicket/jdk-1.4/wicket/pom.xml, line 44, column 12
[WARNING] 'build.plugins.plugin.version' for org.apache.maven.plugins:maven-source-plugin is missing. @ org.apache.wicket:wicket-parent:1.3.0-incubating-SNAPSHOT, /data-depot/user/Workspace/Reproducibility/Reproducibility-Scanner/benchmarks/bugs-dot-jar/wicket/pom.xml, line 389, column 12
[WARNING] 'build.plugins.plugin.version' for org.apache.maven.plugins:maven-site-plugin is missing. @ org.apache.wicket:wicket-parent:1.3.0-incubating-SNAPSHOT, /data-depot/user/Workspace/Reproducibility/Reproducibility-Scanner/benchmarks/bugs-dot-jar/wicket/pom.xml, line 357, column 12
[WARNING] 'build.plugins.plugin.version' for org.apache.maven.plugins:maven-javadoc-plugin is missing. @ org.apache.wicket:wicket-parent:1.3.0-incubating-SNAPSHOT, /data-depot/user/Workspace/Reproducibility/Reproducibility-Scanner/benchmarks/bugs-dot-jar/wicket/pom.xml, line 347, column 12
[WARNING] 'build.plugins.plugin.version' for org.apache.maven.plugins:maven-eclipse-plugin is missing. @ org.apache.wicket:wicket-parent:1.3.0-incubating-SNAPSHOT, /data-depot/user/Workspace/Reproducibility/Reproducibility-Scanner/benchmarks/bugs-dot-jar/wicket/pom.xml, line 339, column 12
[WARNING] 'build.plugins.plugin.version' for org.codehaus.mojo:surefire-report-maven-plugin is missing. @ org.apache.wicket:wicket-parent:1.3.0-incubating-SNAPSHOT, /data-depot/user/Workspace/Reproducibility/Reproducibility-Scanner/benchmarks/bugs-dot-jar/wicket/pom.xml, line 367, column 12
[WARNING] The expression ${pom.artifactId} is deprecated. Please use ${project.artifactId} instead. @ 
[WARNING] 'build.plugins.plugin.version' for org.apache.maven.plugins:maven-remote-resources-plugin is missing. @ org.apache.wicket:wicket-parent:1.3.0-incubating-SNAPSHOT, /data-depot/user/Workspace/Reproducibility/Reproducibility-Scanner/benchmarks/bugs-dot-jar/wicket/pom.xml, line 372, column 12
[WARNING] 'build.plugins.plugin.version' for org.apache.maven.plugins:maven-compiler-plugin is missing. @ org.apache.wicket:wicket-jdk14:[unknown-version], /data-depot/user/Workspace/Reproducibility/Reproducibility-Scanner/benchmarks/bugs-dot-jar/wicket/jdk-1.4/pom.xml, line 46, column 12
[WARNING] 'build.plugins.plugin.version' for org.apache.maven.plugins:maven-surefire-plugin is missing. @ org.apache.wicket:wicket-parent:1.3.0-incubating-SNAPSHOT, /data-depot/user/Workspace/Reproducibility/Reproducibility-Scanner/benchmarks/bugs-dot-jar/wicket/pom.xml, line 362, column 12
[WARNING] 'build.plugins.plugin.version' for org.apache.maven.plugins:maven-source-plugin is missing. @ org.apache.wicket:wicket-parent:1.3.0-incubating-SNAPSHOT, /data-depot/user/Workspace/Reproducibility/Reproducibility-Scanner/benchmarks/bugs-dot-jar/wicket/pom.xml, line 389, column 12
[WARNING] 'build.plugins.plugin.version' for org.apache.maven.plugins:maven-site-plugin is missing. @ org.apache.wicket:wicket-parent:1.3.0-incubating-SNAPSHOT, /data-depot/user/Workspace/Reproducibility/Reproducibility-Scanner/benchmarks/bugs-dot-jar/wicket/pom.xml, line 357, column 12
[WARNING] 'build.plugins.plugin.version' for org.apache.maven.plugins:maven-javadoc-plugin is missing. @ org.apache.wicket:wicket-parent:1.3.0-incubating-SNAPSHOT, /data-depot/user/Workspace/Reproducibility/Reproducibility-Scanner/benchmarks/bugs-dot-jar/wicket/pom.xml, line 347, column 12
[WARNING] 'build.plugins.plugin.version' for org.apache.maven.plugins:maven-eclipse-plugin is missing. @ org.apache.wicket:wicket-parent:1.3.0-incubating-SNAPSHOT, /data-depot/user/Workspace/Reproducibility/Reproducibility-Scanner/benchmarks/bugs-dot-jar/wicket/pom.xml, line 339, column 12
[WARNING] 'build.plugins.plugin.version' for org.codehaus.mojo:surefire-report-maven-plugin is missing. @ org.apache.wicket:wicket-parent:1.3.0-incubating-SNAPSHOT, /data-depot/user/Workspace/Reproducibility/Reproducibility-Scanner/benchmarks/bugs-dot-jar/wicket/pom.xml, line 367, column 12
[WARNING] The expression ${pom.artifactId} is deprecated. Please use ${project.artifactId} instead. @ 
[WARNING] 'build.plugins.plugin.version' for org.apache.maven.plugins:maven-remote-resources-plugin is missing. @ org.apache.wicket:wicket-parent:1.3.0-incubating-SNAPSHOT, /data-depot/user/Workspace/Reproducibility/Reproducibility-Scanner/benchmarks/bugs-dot-jar/wicket/pom.xml, line 372, column 12
[WARNING] 'build.plugins.plugin.version' for org.apache.maven.plugins:maven-compiler-plugin is missing. @ org.apache.wicket:wicket-jdk14:[unknown-version], /data-depot/user/Workspace/Reproducibility/Reproducibility-Scanner/benchmarks/bugs-dot-jar/wicket/jdk-1.4/pom.xml, line 46, column 12
[WARNING] 'build.plugins.plugin.version' for org.apache.maven.plugins:maven-surefire-plugin is missing. @ org.apache.wicket:wicket-parent:1.3.0-incubating-SNAPSHOT, /data-depot/user/Workspace/Reproducibility/Reproducibility-Scanner/benchmarks/bugs-dot-jar/wicket/pom.xml, line 362, column 12
[WARNING] 'build.plugins.plugin.version' for org.apache.maven.plugins:maven-source-plugin is missing. @ org.apache.wicket:wicket-parent:1.3.0-incubating-SNAPSHOT, /data-depot/user/Workspace/Reproducibility/Reproducibility-Scanner/benchmarks/bugs-dot-jar/wicket/pom.xml, line 389, column 12
[WARNING] 'build.plugins.plugin.version' for org.apache.maven.plugins:maven-site-plugin is missing. @ org.apache.wicket:wicket-parent:1.3.0-incubating-SNAPSHOT, /data-depot/user/Workspace/Reproducibility/Reproducibility-Scanner/benchmarks/bugs-dot-jar/wicket/pom.xml, line 357, column 12
[WARNING] 'build.plugins.plugin.version' for org.apache.maven.plugins:maven-javadoc-plugin is missing. @ org.apache.wicket:wicket-parent:1.3.0-incubating-SNAPSHOT, /data-depot/user/Workspace/Reproducibility/Reproducibility-Scanner/benchmarks/bugs-dot-jar/wicket/pom.xml, line 347, column 12
[WARNING] 'build.plugins.plugin.version' for org.apache.maven.plugins:maven-eclipse-plugin is missing. @ org.apache.wicket:wicket-parent:1.3.0-incubating-SNAPSHOT, /data-depot/user/Workspace/Reproducibility/Reproducibility-Scanner/benchmarks/bugs-dot-jar/wicket/pom.xml, line 339, column 12
[WARNING] 'build.plugins.plugin.version' for org.codehaus.mojo:surefire-report-maven-plugin is missing. @ org.apache.wicket:wicket-parent:1.3.0-incubating-SNAPSHOT, /data-depot/user/Workspace/Reproducibility/Reproducibility-Scanner/benchmarks/bugs-dot-jar/wicket/pom.xml, line 367, column 12
[WARNING] The expression ${pom.artifactId} is deprecated. Please use ${project.artifactId} instead. @ 
[WARNING] 'build.plugins.plugin.version' for org.apache.maven.plugins:maven-remote-resources-plugin is missing. @ org.apache.wicket:wicket-parent:1.3.0-incubating-SNAPSHOT, /data-depot/user/Workspace/Reproducibility/Reproducibility-Scanner/benchmarks/bugs-dot-jar/wicket/pom.xml, line 372, column 12
[WARNING] 'build.plugins.plugin.version' for org.apache.maven.plugins:maven-compiler-plugin is missing. @ org.apache.wicket:wicket-jdk14:[unknown-version], /data-depot/user/Workspace/Reproducibility/Reproducibility-Scanner/benchmarks/bugs-dot-jar/wicket/jdk-1.4/pom.xml, line 46, column 12
[WARNING] 'build.plugins.plugin.version' for org.apache.maven.plugins:maven-surefire-plugin is missing. @ org.apache.wicket:wicket-parent:1.3.0-incubating-SNAPSHOT, /data-depot/user/Workspace/Reproducibility/Reproducibility-Scanner/benchmarks/bugs-dot-jar/wicket/pom.xml, line 362, column 12
[WARNING] 'build.plugins.plugin.version' for org.apache.maven.plugins:maven-source-plugin is missing. @ org.apache.wicket:wicket-parent:1.3.0-incubating-SNAPSHOT, /data-depot/user/Workspace/Reproducibility/Reproducibility-Scanner/benchmarks/bugs-dot-jar/wicket/pom.xml, line 389, column 12
[WARNING] 'build.plugins.plugin.version' for org.apache.maven.plugins:maven-site-plugin is missing. @ org.apache.wicket:wicket-parent:1.3.0-incubating-SNAPSHOT, /data-depot/user/Workspace/Reproducibility/Reproducibility-Scanner/benchmarks/bugs-dot-jar/wicket/pom.xml, line 357, column 12
[WARNING] 'build.plugins.plugin.version' for org.apache.maven.plugins:maven-javadoc-plugin is missing. @ org.apache.wicket:wicket-parent:1.3.0-incubating-SNAPSHOT, /data-depot/user/Workspace/Reproducibility/Reproducibility-Scanner/benchmarks/bugs-dot-jar/wicket/pom.xml, line 347, column 12
[WARNING] 'build.plugins.plugin.version' for org.apache.maven.plugins:maven-eclipse-plugin is missing. @ org.apache.wicket:wicket-parent:1.3.0-incubating-SNAPSHOT, /data-depot/user/Workspace/Reproducibility/Reproducibility-Scanner/benchmarks/bugs-dot-jar/wicket/pom.xml, line 339, column 12
[WARNING] 'build.plugins.plugin.version' for org.codehaus.mojo:surefire-report-maven-plugin is missing. @ org.apache.wicket:wicket-parent:1.3.0-incubating-SNAPSHOT, /data-depot/user/Workspace/Reproducibility/Reproducibility-Scanner/benchmarks/bugs-dot-jar/wicket/pom.xml, line 367, column 12
[WARNING] The expression ${pom.artifactId} is deprecated. Please use ${project.artifactId} instead. @ 
[WARNING] 'build.plugins.plugin.version' for org.apache.maven.plugins:maven-remote-resources-plugin is missing. @ org.apache.wicket:wicket-parent:1.3.0-incubating-SNAPSHOT, /data-depot/user/Workspace/Reproducibility/Reproducibility-Scanner/benchmarks/bugs-dot-jar/wicket/pom.xml, line 372, column 12
[WARNING] 'build.plugins.plugin.version' for org.apache.maven.plugins:maven-compiler-plugin is missing. @ org.apache.wicket:wicket-jdk14:[unknown-version], /data-depot/user/Workspace/Reproducibility/Reproducibility-Scanner/benchmarks/bugs-dot-jar/wicket/jdk-1.4/pom.xml, line 46, column 12
[WARNING] 'build.plugins.plugin.version' for org.apache.maven.plugins:maven-surefire-plugin is missing. @ org.apache.wicket:wicket-parent:1.3.0-incubating-SNAPSHOT, /data-depot/user/Workspace/Reproducibility/Reproducibility-Scanner/benchmarks/bugs-dot-jar/wicket/pom.xml, line 362, column 12
[WARNING] 'build.plugins.plugin.version' for org.apache.maven.plugins:maven-source-plugin is missing. @ org.apache.wicket:wicket-parent:1.3.0-incubating-SNAPSHOT, /data-depot/user/Workspace/Reproducibility/Reproducibility-Scanner/benchmarks/bugs-dot-jar/wicket/pom.xml, line 389, column 12
[WARNING] 'build.plugins.plugin.version' for org.apache.maven.plugins:maven-site-plugin is missing. @ org.apache.wicket:wicket-parent:1.3.0-incubating-SNAPSHOT, /data-depot/user/Workspace/Reproducibility/Reproducibility-Scanner/benchmarks/bugs-dot-jar/wicket/pom.xml, line 357, column 12
[WARNING] 'build.plugins.plugin.version' for org.apache.maven.plugins:maven-javadoc-plugin is missing. @ org.apache.wicket:wicket-parent:1.3.0-incubating-SNAPSHOT, /data-depot/user/Workspace/Reproducibility/Reproducibility-Scanner/benchmarks/bugs-dot-jar/wicket/pom.xml, line 347, column 12
[WARNING] 'build.plugins.plugin.version' for org.apache.maven.plugins:maven-eclipse-plugin is missing. @ org.apache.wicket:wicket-parent:1.3.0-incubating-SNAPSHOT, /data-depot/user/Workspace/Reproducibility/Reproducibility-Scanner/benchmarks/bugs-dot-jar/wicket/pom.xml, line 339, column 12
[WARNING] 'build.plugins.plugin.version' for org.codehaus.mojo:surefire-report-maven-plugin is missing. @ org.apache.wicket:wicket-parent:1.3.0-incubating-SNAPSHOT, /data-depot/user/Workspace/Reproducibility/Reproducibility-Scanner/benchmarks/bugs-dot-jar/wicket/pom.xml, line 367, column 12
[WARNING] The expression ${pom.artifactId} is deprecated. Please use ${project.artifactId} instead. @ 
[WARNING] 'build.plugins.plugin.(groupId:artifactId)' must be unique but found duplicate declaration of plugin org.apache.maven.plugins:maven-source-plugin @ org.apache.wicket:wicket-parent:1.3.0-incubating-SNAPSHOT, /data-depot/user/Workspace/Reproducibility/Reproducibility-Scanner/benchmarks/bugs-dot-jar/wicket/pom.xml, line 389, column 12
[WARNING] 'build.plugins.plugin.version' for org.apache.maven.plugins:maven-remote-resources-plugin is missing. @ org.apache.wicket:wicket-parent:1.3.0-incubating-SNAPSHOT, /data-depot/user/Workspace/Reproducibility/Reproducibility-Scanner/benchmarks/bugs-dot-jar/wicket/pom.xml, line 372, column 12
[WARNING] 'build.plugins.plugin.version' for org.apache.maven.plugins:maven-compiler-plugin is missing. @ org.apache.wicket:wicket-jdk14:[unknown-version], /data-depot/user/Workspace/Reproducibility/Reproducibility-Scanner/benchmarks/bugs-dot-jar/wicket/jdk-1.4/pom.xml, line 46, column 12
[WARNING] 'build.plugins.plugin.version' for org.apache.maven.plugins:maven-surefire-plugin is missing. @ org.apache.wicket:wicket-parent:1.3.0-incubating-SNAPSHOT, /data-depot/user/Workspace/Reproducibility/Reproducibility-Scanner/benchmarks/bugs-dot-jar/wicket/pom.xml, line 362, column 12
[WARNING] 'build.plugins.plugin.version' for org.apache.maven.plugins:maven-source-plugin is missing. @ org.apache.wicket:wicket-parent:1.3.0-incubating-SNAPSHOT, /data-depot/user/Workspace/Reproducibility/Reproducibility-Scanner/benchmarks/bugs-dot-jar/wicket/pom.xml, line 389, column 12
[WARNING] 'build.plugins.plugin.version' for org.apache.maven.plugins:maven-site-plugin is missing. @ org.apache.wicket:wicket-parent:1.3.0-incubating-SNAPSHOT, /data-depot/user/Workspace/Reproducibility/Reproducibility-Scanner/benchmarks/bugs-dot-jar/wicket/pom.xml, line 357, column 12
[WARNING] 'build.plugins.plugin.version' for org.apache.maven.plugins:maven-javadoc-plugin is missing. @ org.apache.wicket:wicket-parent:1.3.0-incubating-SNAPSHOT, /data-depot/user/Workspace/Reproducibility/Reproducibility-Scanner/benchmarks/bugs-dot-jar/wicket/pom.xml, line 347, column 12
[WARNING] 'build.plugins.plugin.version' for org.apache.maven.plugins:maven-eclipse-plugin is missing. @ org.apache.wicket:wicket-parent:1.3.0-incubating-SNAPSHOT, /data-depot/user/Workspace/Reproducibility/Reproducibility-Scanner/benchmarks/bugs-dot-jar/wicket/pom.xml, line 339, column 12
[WARNING] 'build.plugins.plugin.version' for org.codehaus.mojo:surefire-report-maven-plugin is missing. @ org.apache.wicket:wicket-parent:1.3.0-incubating-SNAPSHOT, /data-depot/user/Workspace/Reproducibility/Reproducibility-Scanner/benchmarks/bugs-dot-jar/wicket/pom.xml, line 367, column 12
[WARNING] The expression ${pom.artifactId} is deprecated. Please use ${project.artifactId} instead. @ 
[WARNING] 'build.plugins.plugin.version' for org.apache.maven.plugins:maven-remote-resources-plugin is missing. @ org.apache.wicket:wicket-parent:1.3.0-incubating-SNAPSHOT, /data-depot/user/Workspace/Reproducibility/Reproducibility-Scanner/benchmarks/bugs-dot-jar/wicket/pom.xml, line 372, column 12
[WARNING] 'build.plugins.plugin.version' for org.apache.maven.plugins:maven-compiler-plugin is missing. @ org.apache.wicket:wicket-jdk15:[unknown-version], /data-depot/user/Workspace/Reproducibility/Reproducibility-Scanner/benchmarks/bugs-dot-jar/wicket/jdk-1.5/pom.xml, line 44, column 12
[WARNING] 'build.plugins.plugin.version' for org.apache.maven.plugins:maven-surefire-plugin is missing. @ org.apache.wicket:wicket-parent:1.3.0-incubating-SNAPSHOT, /data-depot/user/Workspace/Reproducibility/Reproducibility-Scanner/benchmarks/bugs-dot-jar/wicket/pom.xml, line 362, column 12
[WARNING] 'build.plugins.plugin.version' for org.apache.maven.plugins:maven-source-plugin is missing. @ org.apache.wicket:wicket-parent:1.3.0-incubating-SNAPSHOT, /data-depot/user/Workspace/Reproducibility/Reproducibility-Scanner/benchmarks/bugs-dot-jar/wicket/pom.xml, line 389, column 12
[WARNING] 'build.plugins.plugin.version' for org.apache.maven.plugins:maven-site-plugin is missing. @ org.apache.wicket:wicket-parent:1.3.0-incubating-SNAPSHOT, /data-depot/user/Workspace/Reproducibility/Reproducibility-Scanner/benchmarks/bugs-dot-jar/wicket/pom.xml, line 357, column 12
[WARNING] 'build.plugins.plugin.version' for org.apache.maven.plugins:maven-javadoc-plugin is missing. @ org.apache.wicket:wicket-parent:1.3.0-incubating-SNAPSHOT, /data-depot/user/Workspace/Reproducibility/Reproducibility-Scanner/benchmarks/bugs-dot-jar/wicket/pom.xml, line 347, column 12
[WARNING] 'build.plugins.plugin.version' for org.apache.maven.plugins:maven-eclipse-plugin is missing. @ org.apache.wicket:wicket-parent:1.3.0-incubating-SNAPSHOT, /data-depot/user/Workspace/Reproducibility/Reproducibility-Scanner/benchmarks/bugs-dot-jar/wicket/pom.xml, line 339, column 12
[WARNING] 'build.plugins.plugin.version' for org.codehaus.mojo:surefire-report-maven-plugin is missing. @ org.apache.wicket:wicket-parent:1.3.0-incubating-SNAPSHOT, /data-depot/user/Workspace/Reproducibility/Reproducibility-Scanner/benchmarks/bugs-dot-jar/wicket/pom.xml, line 367, column 12
[WARNING] The expression ${pom.artifactId} is deprecated. Please use ${project.artifactId} instead. @ 
[WARNING] 'build.plugins.plugin.version' for org.apache.maven.plugins:maven-remote-resources-plugin is missing. @ org.apache.wicket:wicket-parent:1.3.0-incubating-SNAPSHOT, /data-depot/user/Workspace/Reproducibility/Reproducibility-Scanner/benchmarks/bugs-dot-jar/wicket/pom.xml, line 372, column 12
[WARNING] 'build.plugins.plugin.version' for org.apache.maven.plugins:maven-compiler-plugin is missing. @ org.apache.wicket:wicket-jdk15:[unknown-version], /data-depot/user/Workspace/Reproducibility/Reproducibility-Scanner/benchmarks/bugs-dot-jar/wicket/jdk-1.5/pom.xml, line 44, column 12
[WARNING] 'build.plugins.plugin.version' for org.apache.maven.plugins:maven-surefire-plugin is missing. @ org.apache.wicket:wicket-parent:1.3.0-incubating-SNAPSHOT, /data-depot/user/Workspace/Reproducibility/Reproducibility-Scanner/benchmarks/bugs-dot-jar/wicket/pom.xml, line 362, column 12
[WARNING] 'build.plugins.plugin.version' for org.apache.maven.plugins:maven-source-plugin is missing. @ org.apache.wicket:wicket-parent:1.3.0-incubating-SNAPSHOT, /data-depot/user/Workspace/Reproducibility/Reproducibility-Scanner/benchmarks/bugs-dot-jar/wicket/pom.xml, line 389, column 12
[WARNING] 'build.plugins.plugin.version' for org.apache.maven.plugins:maven-site-plugin is missing. @ org.apache.wicket:wicket-parent:1.3.0-incubating-SNAPSHOT, /data-depot/user/Workspace/Reproducibility/Reproducibility-Scanner/benchmarks/bugs-dot-jar/wicket/pom.xml, line 357, column 12
[WARNING] 'build.plugins.plugin.version' for org.apache.maven.plugins:maven-javadoc-plugin is missing. @ org.apache.wicket:wicket-parent:1.3.0-incubating-SNAPSHOT, /data-depot/user/Workspace/Reproducibility/Reproducibility-Scanner/benchmarks/bugs-dot-jar/wicket/pom.xml, line 347, column 12
[WARNING] 'build.plugins.plugin.version' for org.apache.maven.plugins:maven-eclipse-plugin is missing. @ org.apache.wicket:wicket-parent:1.3.0-incubating-SNAPSHOT, /data-depot/user/Workspace/Reproducibility/Reproducibility-Scanner/benchmarks/bugs-dot-jar/wicket/pom.xml, line 339, column 12
[WARNING] 'build.plugins.plugin.version' for org.codehaus.mojo:surefire-report-maven-plugin is missing. @ org.apache.wicket:wicket-parent:1.3.0-incubating-SNAPSHOT, /data-depot/user/Workspace/Reproducibility/Reproducibility-Scanner/benchmarks/bugs-dot-jar/wicket/pom.xml, line 367, column 12
[WARNING] The expression ${pom.artifactId} is deprecated. Please use ${project.artifactId} instead. @ 
[WARNING] 'build.plugins.plugin.version' for org.apache.maven.plugins:maven-remote-resources-plugin is missing. @ org.apache.wicket:wicket-parent:1.3.0-incubating-SNAPSHOT, /data-depot/user/Workspace/Reproducibility/Reproducibility-Scanner/benchmarks/bugs-dot-jar/wicket/pom.xml, line 372, column 12
[WARNING] 'build.plugins.plugin.version' for org.apache.maven.plugins:maven-compiler-plugin is missing. @ org.apache.wicket:wicket-jdk15:[unknown-version], /data-depot/user/Workspace/Reproducibility/Reproducibility-Scanner/benchmarks/bugs-dot-jar/wicket/jdk-1.5/pom.xml, line 44, column 12
[WARNING] 'build.plugins.plugin.version' for org.apache.maven.plugins:maven-surefire-plugin is missing. @ org.apache.wicket:wicket-parent:1.3.0-incubating-SNAPSHOT, /data-depot/user/Workspace/Reproducibility/Reproducibility-Scanner/benchmarks/bugs-dot-jar/wicket/pom.xml, line 362, column 12
[WARNING] 'build.plugins.plugin.version' for org.apache.maven.plugins:maven-jar-plugin is missing. @ org.apache.wicket:wicket-objectsizeof-agent:[unknown-version], /data-depot/user/Workspace/Reproducibility/Reproducibility-Scanner/benchmarks/bugs-dot-jar/wicket/jdk-1.5/wicket-objectssizeof-agent/pom.xml, line 43, column 12
[WARNING] 'build.plugins.plugin.version' for org.apache.maven.plugins:maven-source-plugin is missing. @ org.apache.wicket:wicket-parent:1.3.0-incubating-SNAPSHOT, /data-depot/user/Workspace/Reproducibility/Reproducibility-Scanner/benchmarks/bugs-dot-jar/wicket/pom.xml, line 389, column 12
[WARNING] 'build.plugins.plugin.version' for org.apache.maven.plugins:maven-site-plugin is missing. @ org.apache.wicket:wicket-parent:1.3.0-incubating-SNAPSHOT, /data-depot/user/Workspace/Reproducibility/Reproducibility-Scanner/benchmarks/bugs-dot-jar/wicket/pom.xml, line 357, column 12
[WARNING] 'build.plugins.plugin.version' for org.apache.maven.plugins:maven-javadoc-plugin is missing. @ org.apache.wicket:wicket-parent:1.3.0-incubating-SNAPSHOT, /data-depot/user/Workspace/Reproducibility/Reproducibility-Scanner/benchmarks/bugs-dot-jar/wicket/pom.xml, line 347, column 12
[WARNING] 'build.plugins.plugin.version' for org.apache.maven.plugins:maven-eclipse-plugin is missing. @ org.apache.wicket:wicket-parent:1.3.0-incubating-SNAPSHOT, /data-depot/user/Workspace/Reproducibility/Reproducibility-Scanner/benchmarks/bugs-dot-jar/wicket/pom.xml, line 339, column 12
[WARNING] 'build.plugins.plugin.version' for org.codehaus.mojo:surefire-report-maven-plugin is missing. @ org.apache.wicket:wicket-parent:1.3.0-incubating-SNAPSHOT, /data-depot/user/Workspace/Reproducibility/Reproducibility-Scanner/benchmarks/bugs-dot-jar/wicket/pom.xml, line 367, column 12
[WARNING] The expression ${pom.artifactId} is deprecated. Please use ${project.artifactId} instead. @ 
[WARNING] 'build.plugins.plugin.version' for org.apache.maven.plugins:maven-remote-resources-plugin is missing. @ org.apache.wicket:wicket-parent:1.3.0-incubating-SNAPSHOT, /data-depot/user/Workspace/Reproducibility/Reproducibility-Scanner/benchmarks/bugs-dot-jar/wicket/pom.xml, line 372, column 12
[WARNING] 'build.plugins.plugin.version' for org.apache.maven.plugins:maven-compiler-plugin is missing. @ org.apache.wicket:wicket-jdk15:[unknown-version], /data-depot/user/Workspace/Reproducibility/Reproducibility-Scanner/benchmarks/bugs-dot-jar/wicket/jdk-1.5/pom.xml, line 44, column 12
[WARNING] 'build.plugins.plugin.version' for org.apache.maven.plugins:maven-surefire-plugin is missing. @ org.apache.wicket:wicket-parent:1.3.0-incubating-SNAPSHOT, /data-depot/user/Workspace/Reproducibility/Reproducibility-Scanner/benchmarks/bugs-dot-jar/wicket/pom.xml, line 362, column 12
[WARNING] 'build.plugins.plugin.version' for org.apache.maven.plugins:maven-source-plugin is missing. @ org.apache.wicket:wicket-parent:1.3.0-incubating-SNAPSHOT, /data-depot/user/Workspace/Reproducibility/Reproducibility-Scanner/benchmarks/bugs-dot-jar/wicket/pom.xml, line 389, column 12
[WARNING] 'build.plugins.plugin.version' for org.apache.maven.plugins:maven-site-plugin is missing. @ org.apache.wicket:wicket-parent:1.3.0-incubating-SNAPSHOT, /data-depot/user/Workspace/Reproducibility/Reproducibility-Scanner/benchmarks/bugs-dot-jar/wicket/pom.xml, line 357, column 12
[WARNING] 'build.plugins.plugin.version' for org.apache.maven.plugins:maven-javadoc-plugin is missing. @ org.apache.wicket:wicket-parent:1.3.0-incubating-SNAPSHOT, /data-depot/user/Workspace/Reproducibility/Reproducibility-Scanner/benchmarks/bugs-dot-jar/wicket/pom.xml, line 347, column 12
[WARNING] 'build.plugins.plugin.version' for org.apache.maven.plugins:maven-eclipse-plugin is missing. @ org.apache.wicket:wicket-parent:1.3.0-incubating-SNAPSHOT, /data-depot/user/Workspace/Reproducibility/Reproducibility-Scanner/benchmarks/bugs-dot-jar/wicket/pom.xml, line 339, column 12
[WARNING] 'build.plugins.plugin.version' for org.codehaus.mojo:surefire-report-maven-plugin is missing. @ org.apache.wicket:wicket-parent:1.3.0-incubating-SNAPSHOT, /data-depot/user/Workspace/Reproducibility/Reproducibility-Scanner/benchmarks/bugs-dot-jar/wicket/pom.xml, line 367, column 12
[WARNING] The expression ${pom.artifactId} is deprecated. Please use ${project.artifactId} instead. @ 
[WARNING] 'build.plugins.plugin.version' for org.apache.maven.plugins:maven-remote-resources-plugin is missing. @ org.apache.wicket:wicket-parent:1.3.0-incubating-SNAPSHOT, /data-depot/user/Workspace/Reproducibility/Reproducibility-Scanner/benchmarks/bugs-dot-jar/wicket/pom.xml, line 372, column 12
[WARNING] 'build.plugins.plugin.version' for org.apache.maven.plugins:maven-compiler-plugin is missing. @ org.apache.wicket:wicket-jdk15:[unknown-version], /data-depot/user/Workspace/Reproducibility/Reproducibility-Scanner/benchmarks/bugs-dot-jar/wicket/jdk-1.5/pom.xml, line 44, column 12
[WARNING] 'build.plugins.plugin.version' for org.apache.maven.plugins:maven-surefire-plugin is missing. @ org.apache.wicket:wicket-parent:1.3.0-incubating-SNAPSHOT, /data-depot/user/Workspace/Reproducibility/Reproducibility-Scanner/benchmarks/bugs-dot-jar/wicket/pom.xml, line 362, column 12
[WARNING] 'build.plugins.plugin.version' for org.apache.maven.plugins:maven-source-plugin is missing. @ org.apache.wicket:wicket-parent:1.3.0-incubating-SNAPSHOT, /data-depot/user/Workspace/Reproducibility/Reproducibility-Scanner/benchmarks/bugs-dot-jar/wicket/pom.xml, line 389, column 12
[WARNING] 'build.plugins.plugin.version' for org.apache.maven.plugins:maven-site-plugin is missing. @ org.apache.wicket:wicket-parent:1.3.0-incubating-SNAPSHOT, /data-depot/user/Workspace/Reproducibility/Reproducibility-Scanner/benchmarks/bugs-dot-jar/wicket/pom.xml, line 357, column 12
[WARNING] 'build.plugins.plugin.version' for org.apache.maven.plugins:maven-javadoc-plugin is missing. @ org.apache.wicket:wicket-parent:1.3.0-incubating-SNAPSHOT, /data-depot/user/Workspace/Reproducibility/Reproducibility-Scanner/benchmarks/bugs-dot-jar/wicket/pom.xml, line 347, column 12
[WARNING] 'build.plugins.plugin.version' for org.apache.maven.plugins:maven-eclipse-plugin is missing. @ org.apache.wicket:wicket-parent:1.3.0-incubating-SNAPSHOT, /data-depot/user/Workspace/Reproducibility/Reproducibility-Scanner/benchmarks/bugs-dot-jar/wicket/pom.xml, line 339, column 12
[WARNING] 'build.plugins.plugin.version' for org.codehaus.mojo:surefire-report-maven-plugin is missing. @ org.apache.wicket:wicket-parent:1.3.0-incubating-SNAPSHOT, /data-depot/user/Workspace/Reproducibility/Reproducibility-Scanner/benchmarks/bugs-dot-jar/wicket/pom.xml, line 367, column 12
[WARNING] The expression ${pom.artifactId} is deprecated. Please use ${project.artifactId} instead. @ 
[WARNING] 'build.plugins.plugin.version' for org.apache.maven.plugins:maven-remote-resources-plugin is missing. @ org.apache.wicket:wicket-parent:1.3.0-incubating-SNAPSHOT, /data-depot/user/Workspace/Reproducibility/Reproducibility-Scanner/benchmarks/bugs-dot-jar/wicket/pom.xml, line 372, column 12
[WARNING] 'build.plugins.plugin.version' for org.apache.maven.plugins:maven-compiler-plugin is missing. @ org.apache.wicket:wicket-jdk15:[unknown-version], /data-depot/user/Workspace/Reproducibility/Reproducibility-Scanner/benchmarks/bugs-dot-jar/wicket/jdk-1.5/pom.xml, line 44, column 12
[WARNING] 'build.plugins.plugin.version' for org.apache.maven.plugins:maven-surefire-plugin is missing. @ org.apache.wicket:wicket-parent:1.3.0-incubating-SNAPSHOT, /data-depot/user/Workspace/Reproducibility/Reproducibility-Scanner/benchmarks/bugs-dot-jar/wicket/pom.xml, line 362, column 12
[WARNING] 'build.plugins.plugin.version' for org.apache.maven.plugins:maven-source-plugin is missing. @ org.apache.wicket:wicket-parent:1.3.0-incubating-SNAPSHOT, /data-depot/user/Workspace/Reproducibility/Reproducibility-Scanner/benchmarks/bugs-dot-jar/wicket/pom.xml, line 389, column 12
[WARNING] 'build.plugins.plugin.version' for org.apache.maven.plugins:maven-site-plugin is missing. @ org.apache.wicket:wicket-parent:1.3.0-incubating-SNAPSHOT, /data-depot/user/Workspace/Reproducibility/Reproducibility-Scanner/benchmarks/bugs-dot-jar/wicket/pom.xml, line 357, column 12
[WARNING] 'build.plugins.plugin.version' for org.apache.maven.plugins:maven-javadoc-plugin is missing. @ org.apache.wicket:wicket-parent:1.3.0-incubating-SNAPSHOT, /data-depot/user/Workspace/Reproducibility/Reproducibility-Scanner/benchmarks/bugs-dot-jar/wicket/pom.xml, line 347, column 12
[WARNING] 'build.plugins.plugin.version' for org.apache.maven.plugins:maven-eclipse-plugin is missing. @ org.apache.wicket:wicket-parent:1.3.0-incubating-SNAPSHOT, /data-depot/user/Workspace/Reproducibility/Reproducibility-Scanner/benchmarks/bugs-dot-jar/wicket/pom.xml, line 339, column 12
[WARNING] 'build.plugins.plugin.version' for org.codehaus.mojo:surefire-report-maven-plugin is missing. @ org.apache.wicket:wicket-parent:1.3.0-incubating-SNAPSHOT, /data-depot/user/Workspace/Reproducibility/Reproducibility-Scanner/benchmarks/bugs-dot-jar/wicket/pom.xml, line 367, column 12
[WARNING] The expression ${pom.artifactId} is deprecated. Please use ${project.artifactId} instead. @ 
[WARNING] 'build.plugins.plugin.(groupId:artifactId)' must be unique but found duplicate declaration of plugin org.apache.maven.plugins:maven-source-plugin @ line 389, column 12
[WARNING] 'build.plugins.plugin.version' for org.apache.maven.plugins:maven-remote-resources-plugin is missing. @ line 372, column 12
[WARNING] 'build.plugins.plugin.version' for org.apache.maven.plugins:maven-surefire-plugin is missing. @ line 362, column 12
[WARNING] 'build.plugins.plugin.version' for org.apache.maven.plugins:maven-source-plugin is missing. @ line 389, column 12
[WARNING] 'build.plugins.plugin.version' for org.apache.maven.plugins:maven-site-plugin is missing. @ line 357, column 12
[WARNING] 'build.plugins.plugin.version' for org.apache.maven.plugins:maven-javadoc-plugin is missing. @ line 347, column 12
[WARNING] 'build.plugins.plugin.version' for org.apache.maven.plugins:maven-eclipse-plugin is missing. @ line 339, column 12
[WARNING] 'build.plugins.plugin.version' for org.codehaus.mojo:surefire-report-maven-plugin is missing. @ line 367, column 12
[WARNING] The expression ${pom.artifactId} is deprecated. Please use ${project.artifactId} instead. @ 
 @ 
[ERROR] The build could not read 1 project -> [Help 1]
[ERROR]   
[ERROR]   The project org.apache.wicket:wicket-threadtest:[unknown-version] (/data-depot/user/Workspace/Reproducibility/Reproducibility-Scanner/benchmarks/bugs-dot-jar/wicket/testing/wicket-threadtest/pom.xml) has 1 error
[ERROR]     Non-resolvable parent POM for org.apache.wicket:wicket-threadtest:[unknown-version]: Could not find artifact org.apache.wicket:wicket-jdk15:pom:1.3.0-incubating-SNAPSHOT and 'parent.relativePath' points at wrong local POM @ line 25, column 10 -> [Help 2]
[ERROR] 
[ERROR] To see the full stack trace of the errors, re-run Maven with the -e switch.
[ERROR] Re-run Maven using the -X switch to enable full debug logging.
[ERROR] 
[ERROR] For more information about the errors and possible solutions, please read the following articles:
[ERROR] [Help 1] http://cwiki.apache.org/confluence/display/MAVEN/ProjectBuildingException
[ERROR] [Help 2] http://cwiki.apache.org/confluence/display/MAVEN/UnresolvableModelException
[INFO] Build failures were ignored.
[INFO] Scanning for projects...
[ERROR] [ERROR] Some problems were encountered while processing the POMs:
[FATAL] Non-resolvable parent POM for org.apache.wicket:wicket-threadtest:[unknown-version]: Could not find artifact org.apache.wicket:wicket-jdk15:pom:1.3.0-incubating-SNAPSHOT and 'parent.relativePath' points at wrong local POM @ line 25, column 10
[WARNING] 'build.plugins.plugin.version' for org.apache.maven.plugins:maven-remote-resources-plugin is missing. @ org.apache.wicket:wicket-parent:1.3.0-incubating-SNAPSHOT, /data-depot/user/Workspace/Reproducibility/Reproducibility-Scanner/benchmarks/bugs-dot-jar/wicket/pom.xml, line 372, column 12
[WARNING] 'build.plugins.plugin.version' for org.apache.maven.plugins:maven-compiler-plugin is missing. @ org.apache.wicket:wicket-jdk14:[unknown-version], /data-depot/user/Workspace/Reproducibility/Reproducibility-Scanner/benchmarks/bugs-dot-jar/wicket/jdk-1.4/pom.xml, line 46, column 12
[WARNING] 'build.plugins.plugin.version' for org.apache.maven.plugins:maven-surefire-plugin is missing. @ org.apache.wicket:wicket-parent:1.3.0-incubating-SNAPSHOT, /data-depot/user/Workspace/Reproducibility/Reproducibility-Scanner/benchmarks/bugs-dot-jar/wicket/pom.xml, line 362, column 12
[WARNING] 'build.plugins.plugin.version' for org.apache.maven.plugins:maven-clover-plugin is missing. @ org.apache.wicket:wicket:[unknown-version], /data-depot/user/Workspace/Reproducibility/Reproducibility-Scanner/benchmarks/bugs-dot-jar/wicket/jdk-1.4/wicket/pom.xml, line 44, column 12
[WARNING] 'build.plugins.plugin.version' for org.apache.maven.plugins:maven-source-plugin is missing. @ org.apache.wicket:wicket-parent:1.3.0-incubating-SNAPSHOT, /data-depot/user/Workspace/Reproducibility/Reproducibility-Scanner/benchmarks/bugs-dot-jar/wicket/pom.xml, line 389, column 12
[WARNING] 'build.plugins.plugin.version' for org.apache.maven.plugins:maven-site-plugin is missing. @ org.apache.wicket:wicket-parent:1.3.0-incubating-SNAPSHOT, /data-depot/user/Workspace/Reproducibility/Reproducibility-Scanner/benchmarks/bugs-dot-jar/wicket/pom.xml, line 357, column 12
[WARNING] 'build.plugins.plugin.version' for org.apache.maven.plugins:maven-javadoc-plugin is missing. @ org.apache.wicket:wicket-parent:1.3.0-incubating-SNAPSHOT, /data-depot/user/Workspace/Reproducibility/Reproducibility-Scanner/benchmarks/bugs-dot-jar/wicket/pom.xml, line 347, column 12
[WARNING] 'build.plugins.plugin.version' for org.apache.maven.plugins:maven-eclipse-plugin is missing. @ org.apache.wicket:wicket-parent:1.3.0-incubating-SNAPSHOT, /data-depot/user/Workspace/Reproducibility/Reproducibility-Scanner/benchmarks/bugs-dot-jar/wicket/pom.xml, line 339, column 12
[WARNING] 'build.plugins.plugin.version' for org.codehaus.mojo:surefire-report-maven-plugin is missing. @ org.apache.wicket:wicket-parent:1.3.0-incubating-SNAPSHOT, /data-depot/user/Workspace/Reproducibility/Reproducibility-Scanner/benchmarks/bugs-dot-jar/wicket/pom.xml, line 367, column 12
[WARNING] The expression ${pom.artifactId} is deprecated. Please use ${project.artifactId} instead. @ 
[WARNING] 'build.plugins.plugin.version' for org.apache.maven.plugins:maven-remote-resources-plugin is missing. @ org.apache.wicket:wicket-parent:1.3.0-incubating-SNAPSHOT, /data-depot/user/Workspace/Reproducibility/Reproducibility-Scanner/benchmarks/bugs-dot-jar/wicket/pom.xml, line 372, column 12
[WARNING] 'build.plugins.plugin.version' for org.apache.maven.plugins:maven-compiler-plugin is missing. @ org.apache.wicket:wicket-jdk14:[unknown-version], /data-depot/user/Workspace/Reproducibility/Reproducibility-Scanner/benchmarks/bugs-dot-jar/wicket/jdk-1.4/pom.xml, line 46, column 12
[WARNING] 'build.plugins.plugin.version' for org.apache.maven.plugins:maven-surefire-plugin is missing. @ org.apache.wicket:wicket-parent:1.3.0-incubating-SNAPSHOT, /data-depot/user/Workspace/Reproducibility/Reproducibility-Scanner/benchmarks/bugs-dot-jar/wicket/pom.xml, line 362, column 12
[WARNING] 'build.plugins.plugin.version' for org.apache.maven.plugins:maven-source-plugin is missing. @ org.apache.wicket:wicket-parent:1.3.0-incubating-SNAPSHOT, /data-depot/user/Workspace/Reproducibility/Reproducibility-Scanner/benchmarks/bugs-dot-jar/wicket/pom.xml, line 389, column 12
[WARNING] 'build.plugins.plugin.version' for org.apache.maven.plugins:maven-site-plugin is missing. @ org.apache.wicket:wicket-parent:1.3.0-incubating-SNAPSHOT, /data-depot/user/Workspace/Reproducibility/Reproducibility-Scanner/benchmarks/bugs-dot-jar/wicket/pom.xml, line 357, column 12
[WARNING] 'build.plugins.plugin.version' for org.apache.maven.plugins:maven-javadoc-plugin is missing. @ org.apache.wicket:wicket-parent:1.3.0-incubating-SNAPSHOT, /data-depot/user/Workspace/Reproducibility/Reproducibility-Scanner/benchmarks/bugs-dot-jar/wicket/pom.xml, line 347, column 12
[WARNING] 'build.plugins.plugin.version' for org.apache.maven.plugins:maven-eclipse-plugin is missing. @ org.apache.wicket:wicket-parent:1.3.0-incubating-SNAPSHOT, /data-depot/user/Workspace/Reproducibility/Reproducibility-Scanner/benchmarks/bugs-dot-jar/wicket/pom.xml, line 339, column 12
[WARNING] 'build.plugins.plugin.version' for org.codehaus.mojo:surefire-report-maven-plugin is missing. @ org.apache.wicket:wicket-parent:1.3.0-incubating-SNAPSHOT, /data-depot/user/Workspace/Reproducibility/Reproducibility-Scanner/benchmarks/bugs-dot-jar/wicket/pom.xml, line 367, column 12
[WARNING] The expression ${pom.artifactId} is deprecated. Please use ${project.artifactId} instead. @ 
[WARNING] 'build.plugins.plugin.version' for org.apache.maven.plugins:maven-remote-resources-plugin is missing. @ org.apache.wicket:wicket-parent:1.3.0-incubating-SNAPSHOT, /data-depot/user/Workspace/Reproducibility/Reproducibility-Scanner/benchmarks/bugs-dot-jar/wicket/pom.xml, line 372, column 12
[WARNING] 'build.plugins.plugin.version' for org.apache.maven.plugins:maven-compiler-plugin is missing. @ org.apache.wicket:wicket-jdk14:[unknown-version], /data-depot/user/Workspace/Reproducibility/Reproducibility-Scanner/benchmarks/bugs-dot-jar/wicket/jdk-1.4/pom.xml, line 46, column 12
[WARNING] 'build.plugins.plugin.version' for org.apache.maven.plugins:maven-surefire-plugin is missing. @ org.apache.wicket:wicket-parent:1.3.0-incubating-SNAPSHOT, /data-depot/user/Workspace/Reproducibility/Reproducibility-Scanner/benchmarks/bugs-dot-jar/wicket/pom.xml, line 362, column 12
[WARNING] 'build.plugins.plugin.version' for org.apache.maven.plugins:maven-source-plugin is missing. @ org.apache.wicket:wicket-parent:1.3.0-incubating-SNAPSHOT, /data-depot/user/Workspace/Reproducibility/Reproducibility-Scanner/benchmarks/bugs-dot-jar/wicket/pom.xml, line 389, column 12
[WARNING] 'build.plugins.plugin.version' for org.apache.maven.plugins:maven-site-plugin is missing. @ org.apache.wicket:wicket-parent:1.3.0-incubating-SNAPSHOT, /data-depot/user/Workspace/Reproducibility/Reproducibility-Scanner/benchmarks/bugs-dot-jar/wicket/pom.xml, line 357, column 12
[WARNING] 'build.plugins.plugin.version' for org.apache.maven.plugins:maven-javadoc-plugin is missing. @ org.apache.wicket:wicket-parent:1.3.0-incubating-SNAPSHOT, /data-depot/user/Workspace/Reproducibility/Reproducibility-Scanner/benchmarks/bugs-dot-jar/wicket/pom.xml, line 347, column 12
[WARNING] 'build.plugins.plugin.version' for org.apache.maven.plugins:maven-eclipse-plugin is missing. @ org.apache.wicket:wicket-parent:1.3.0-incubating-SNAPSHOT, /data-depot/user/Workspace/Reproducibility/Reproducibility-Scanner/benchmarks/bugs-dot-jar/wicket/pom.xml, line 339, column 12
[WARNING] 'build.plugins.plugin.version' for org.codehaus.mojo:surefire-report-maven-plugin is missing. @ org.apache.wicket:wicket-parent:1.3.0-incubating-SNAPSHOT, /data-depot/user/Workspace/Reproducibility/Reproducibility-Scanner/benchmarks/bugs-dot-jar/wicket/pom.xml, line 367, column 12
[WARNING] The expression ${pom.artifactId} is deprecated. Please use ${project.artifactId} instead. @ 
[WARNING] 'build.plugins.plugin.version' for org.apache.maven.plugins:maven-remote-resources-plugin is missing. @ org.apache.wicket:wicket-parent:1.3.0-incubating-SNAPSHOT, /data-depot/user/Workspace/Reproducibility/Reproducibility-Scanner/benchmarks/bugs-dot-jar/wicket/pom.xml, line 372, column 12
[WARNING] 'build.plugins.plugin.version' for org.apache.maven.plugins:maven-compiler-plugin is missing. @ org.apache.wicket:wicket-jdk14:[unknown-version], /data-depot/user/Workspace/Reproducibility/Reproducibility-Scanner/benchmarks/bugs-dot-jar/wicket/jdk-1.4/pom.xml, line 46, column 12
[WARNING] 'build.plugins.plugin.version' for org.apache.maven.plugins:maven-surefire-plugin is missing. @ org.apache.wicket:wicket-parent:1.3.0-incubating-SNAPSHOT, /data-depot/user/Workspace/Reproducibility/Reproducibility-Scanner/benchmarks/bugs-dot-jar/wicket/pom.xml, line 362, column 12
[WARNING] 'build.plugins.plugin.version' for org.apache.maven.plugins:maven-source-plugin is missing. @ org.apache.wicket:wicket-parent:1.3.0-incubating-SNAPSHOT, /data-depot/user/Workspace/Reproducibility/Reproducibility-Scanner/benchmarks/bugs-dot-jar/wicket/pom.xml, line 389, column 12
[WARNING] 'build.plugins.plugin.version' for org.apache.maven.plugins:maven-site-plugin is missing. @ org.apache.wicket:wicket-parent:1.3.0-incubating-SNAPSHOT, /data-depot/user/Workspace/Reproducibility/Reproducibility-Scanner/benchmarks/bugs-dot-jar/wicket/pom.xml, line 357, column 12
[WARNING] 'build.plugins.plugin.version' for org.apache.maven.plugins:maven-javadoc-plugin is missing. @ org.apache.wicket:wicket-parent:1.3.0-incubating-SNAPSHOT, /data-depot/user/Workspace/Reproducibility/Reproducibility-Scanner/benchmarks/bugs-dot-jar/wicket/pom.xml, line 347, column 12
[WARNING] 'build.plugins.plugin.version' for org.apache.maven.plugins:maven-eclipse-plugin is missing. @ org.apache.wicket:wicket-parent:1.3.0-incubating-SNAPSHOT, /data-depot/user/Workspace/Reproducibility/Reproducibility-Scanner/benchmarks/bugs-dot-jar/wicket/pom.xml, line 339, column 12
[WARNING] 'build.plugins.plugin.version' for org.codehaus.mojo:surefire-report-maven-plugin is missing. @ org.apache.wicket:wicket-parent:1.3.0-incubating-SNAPSHOT, /data-depot/user/Workspace/Reproducibility/Reproducibility-Scanner/benchmarks/bugs-dot-jar/wicket/pom.xml, line 367, column 12
[WARNING] The expression ${pom.artifactId} is deprecated. Please use ${project.artifactId} instead. @ 
[WARNING] 'build.plugins.plugin.version' for org.apache.maven.plugins:maven-remote-resources-plugin is missing. @ org.apache.wicket:wicket-parent:1.3.0-incubating-SNAPSHOT, /data-depot/user/Workspace/Reproducibility/Reproducibility-Scanner/benchmarks/bugs-dot-jar/wicket/pom.xml, line 372, column 12
[WARNING] 'build.plugins.plugin.version' for org.apache.maven.plugins:maven-compiler-plugin is missing. @ org.apache.wicket:wicket-jdk14:[unknown-version], /data-depot/user/Workspace/Reproducibility/Reproducibility-Scanner/benchmarks/bugs-dot-jar/wicket/jdk-1.4/pom.xml, line 46, column 12
[WARNING] 'build.plugins.plugin.version' for org.apache.maven.plugins:maven-surefire-plugin is missing. @ org.apache.wicket:wicket-parent:1.3.0-incubating-SNAPSHOT, /data-depot/user/Workspace/Reproducibility/Reproducibility-Scanner/benchmarks/bugs-dot-jar/wicket/pom.xml, line 362, column 12
[WARNING] 'build.plugins.plugin.version' for org.apache.maven.plugins:maven-source-plugin is missing. @ org.apache.wicket:wicket-parent:1.3.0-incubating-SNAPSHOT, /data-depot/user/Workspace/Reproducibility/Reproducibility-Scanner/benchmarks/bugs-dot-jar/wicket/pom.xml, line 389, column 12
[WARNING] 'build.plugins.plugin.version' for org.apache.maven.plugins:maven-site-plugin is missing. @ org.apache.wicket:wicket-parent:1.3.0-incubating-SNAPSHOT, /data-depot/user/Workspace/Reproducibility/Reproducibility-Scanner/benchmarks/bugs-dot-jar/wicket/pom.xml, line 357, column 12
[WARNING] 'build.plugins.plugin.version' for org.apache.maven.plugins:maven-javadoc-plugin is missing. @ org.apache.wicket:wicket-parent:1.3.0-incubating-SNAPSHOT, /data-depot/user/Workspace/Reproducibility/Reproducibility-Scanner/benchmarks/bugs-dot-jar/wicket/pom.xml, line 347, column 12
[WARNING] 'build.plugins.plugin.version' for org.apache.maven.plugins:maven-eclipse-plugin is missing. @ org.apache.wicket:wicket-parent:1.3.0-incubating-SNAPSHOT, /data-depot/user/Workspace/Reproducibility/Reproducibility-Scanner/benchmarks/bugs-dot-jar/wicket/pom.xml, line 339, column 12
[WARNING] 'build.plugins.plugin.version' for org.codehaus.mojo:surefire-report-maven-plugin is missing. @ org.apache.wicket:wicket-parent:1.3.0-incubating-SNAPSHOT, /data-depot/user/Workspace/Reproducibility/Reproducibility-Scanner/benchmarks/bugs-dot-jar/wicket/pom.xml, line 367, column 12
[WARNING] The expression ${pom.artifactId} is deprecated. Please use ${project.artifactId} instead. @ 
[WARNING] 'build.plugins.plugin.(groupId:artifactId)' must be unique but found duplicate declaration of plugin org.apache.maven.plugins:maven-source-plugin @ org.apache.wicket:wicket-parent:1.3.0-incubating-SNAPSHOT, /data-depot/user/Workspace/Reproducibility/Reproducibility-Scanner/benchmarks/bugs-dot-jar/wicket/pom.xml, line 389, column 12
[WARNING] 'build.plugins.plugin.version' for org.apache.maven.plugins:maven-remote-resources-plugin is missing. @ org.apache.wicket:wicket-parent:1.3.0-incubating-SNAPSHOT, /data-depot/user/Workspace/Reproducibility/Reproducibility-Scanner/benchmarks/bugs-dot-jar/wicket/pom.xml, line 372, column 12
[WARNING] 'build.plugins.plugin.version' for org.apache.maven.plugins:maven-compiler-plugin is missing. @ org.apache.wicket:wicket-jdk14:[unknown-version], /data-depot/user/Workspace/Reproducibility/Reproducibility-Scanner/benchmarks/bugs-dot-jar/wicket/jdk-1.4/pom.xml, line 46, column 12
[WARNING] 'build.plugins.plugin.version' for org.apache.maven.plugins:maven-surefire-plugin is missing. @ org.apache.wicket:wicket-parent:1.3.0-incubating-SNAPSHOT, /data-depot/user/Workspace/Reproducibility/Reproducibility-Scanner/benchmarks/bugs-dot-jar/wicket/pom.xml, line 362, column 12
[WARNING] 'build.plugins.plugin.version' for org.apache.maven.plugins:maven-source-plugin is missing. @ org.apache.wicket:wicket-parent:1.3.0-incubating-SNAPSHOT, /data-depot/user/Workspace/Reproducibility/Reproducibility-Scanner/benchmarks/bugs-dot-jar/wicket/pom.xml, line 389, column 12
[WARNING] 'build.plugins.plugin.version' for org.apache.maven.plugins:maven-site-plugin is missing. @ org.apache.wicket:wicket-parent:1.3.0-incubating-SNAPSHOT, /data-depot/user/Workspace/Reproducibility/Reproducibility-Scanner/benchmarks/bugs-dot-jar/wicket/pom.xml, line 357, column 12
[WARNING] 'build.plugins.plugin.version' for org.apache.maven.plugins:maven-javadoc-plugin is missing. @ org.apache.wicket:wicket-parent:1.3.0-incubating-SNAPSHOT, /data-depot/user/Workspace/Reproducibility/Reproducibility-Scanner/benchmarks/bugs-dot-jar/wicket/pom.xml, line 347, column 12
[WARNING] 'build.plugins.plugin.version' for org.apache.maven.plugins:maven-eclipse-plugin is missing. @ org.apache.wicket:wicket-parent:1.3.0-incubating-SNAPSHOT, /data-depot/user/Workspace/Reproducibility/Reproducibility-Scanner/benchmarks/bugs-dot-jar/wicket/pom.xml, line 339, column 12
[WARNING] 'build.plugins.plugin.version' for org.codehaus.mojo:surefire-report-maven-plugin is missing. @ org.apache.wicket:wicket-parent:1.3.0-incubating-SNAPSHOT, /data-depot/user/Workspace/Reproducibility/Reproducibility-Scanner/benchmarks/bugs-dot-jar/wicket/pom.xml, line 367, column 12
[WARNING] The expression ${pom.artifactId} is deprecated. Please use ${project.artifactId} instead. @ 
[WARNING] 'build.plugins.plugin.version' for org.apache.maven.plugins:maven-remote-resources-plugin is missing. @ org.apache.wicket:wicket-parent:1.3.0-incubating-SNAPSHOT, /data-depot/user/Workspace/Reproducibility/Reproducibility-Scanner/benchmarks/bugs-dot-jar/wicket/pom.xml, line 372, column 12
[WARNING] 'build.plugins.plugin.version' for org.apache.maven.plugins:maven-compiler-plugin is missing. @ org.apache.wicket:wicket-jdk15:[unknown-version], /data-depot/user/Workspace/Reproducibility/Reproducibility-Scanner/benchmarks/bugs-dot-jar/wicket/jdk-1.5/pom.xml, line 44, column 12
[WARNING] 'build.plugins.plugin.version' for org.apache.maven.plugins:maven-surefire-plugin is missing. @ org.apache.wicket:wicket-parent:1.3.0-incubating-SNAPSHOT, /data-depot/user/Workspace/Reproducibility/Reproducibility-Scanner/benchmarks/bugs-dot-jar/wicket/pom.xml, line 362, column 12
[WARNING] 'build.plugins.plugin.version' for org.apache.maven.plugins:maven-source-plugin is missing. @ org.apache.wicket:wicket-parent:1.3.0-incubating-SNAPSHOT, /data-depot/user/Workspace/Reproducibility/Reproducibility-Scanner/benchmarks/bugs-dot-jar/wicket/pom.xml, line 389, column 12
[WARNING] 'build.plugins.plugin.version' for org.apache.maven.plugins:maven-site-plugin is missing. @ org.apache.wicket:wicket-parent:1.3.0-incubating-SNAPSHOT, /data-depot/user/Workspace/Reproducibility/Reproducibility-Scanner/benchmarks/bugs-dot-jar/wicket/pom.xml, line 357, column 12
[WARNING] 'build.plugins.plugin.version' for org.apache.maven.plugins:maven-javadoc-plugin is missing. @ org.apache.wicket:wicket-parent:1.3.0-incubating-SNAPSHOT, /data-depot/user/Workspace/Reproducibility/Reproducibility-Scanner/benchmarks/bugs-dot-jar/wicket/pom.xml, line 347, column 12
[WARNING] 'build.plugins.plugin.version' for org.apache.maven.plugins:maven-eclipse-plugin is missing. @ org.apache.wicket:wicket-parent:1.3.0-incubating-SNAPSHOT, /data-depot/user/Workspace/Reproducibility/Reproducibility-Scanner/benchmarks/bugs-dot-jar/wicket/pom.xml, line 339, column 12
[WARNING] 'build.plugins.plugin.version' for org.codehaus.mojo:surefire-report-maven-plugin is missing. @ org.apache.wicket:wicket-parent:1.3.0-incubating-SNAPSHOT, /data-depot/user/Workspace/Reproducibility/Reproducibility-Scanner/benchmarks/bugs-dot-jar/wicket/pom.xml, line 367, column 12
[WARNING] The expression ${pom.artifactId} is deprecated. Please use ${project.artifactId} instead. @ 
[WARNING] 'build.plugins.plugin.version' for org.apache.maven.plugins:maven-remote-resources-plugin is missing. @ org.apache.wicket:wicket-parent:1.3.0-incubating-SNAPSHOT, /data-depot/user/Workspace/Reproducibility/Reproducibility-Scanner/benchmarks/bugs-dot-jar/wicket/pom.xml, line 372, column 12
[WARNING] 'build.plugins.plugin.version' for org.apache.maven.plugins:maven-compiler-plugin is missing. @ org.apache.wicket:wicket-jdk15:[unknown-version], /data-depot/user/Workspace/Reproducibility/Reproducibility-Scanner/benchmarks/bugs-dot-jar/wicket/jdk-1.5/pom.xml, line 44, column 12
[WARNING] 'build.plugins.plugin.version' for org.apache.maven.plugins:maven-surefire-plugin is missing. @ org.apache.wicket:wicket-parent:1.3.0-incubating-SNAPSHOT, /data-depot/user/Workspace/Reproducibility/Reproducibility-Scanner/benchmarks/bugs-dot-jar/wicket/pom.xml, line 362, column 12
[WARNING] 'build.plugins.plugin.version' for org.apache.maven.plugins:maven-source-plugin is missing. @ org.apache.wicket:wicket-parent:1.3.0-incubating-SNAPSHOT, /data-depot/user/Workspace/Reproducibility/Reproducibility-Scanner/benchmarks/bugs-dot-jar/wicket/pom.xml, line 389, column 12
[WARNING] 'build.plugins.plugin.version' for org.apache.maven.plugins:maven-site-plugin is missing. @ org.apache.wicket:wicket-parent:1.3.0-incubating-SNAPSHOT, /data-depot/user/Workspace/Reproducibility/Reproducibility-Scanner/benchmarks/bugs-dot-jar/wicket/pom.xml, line 357, column 12
[WARNING] 'build.plugins.plugin.version' for org.apache.maven.plugins:maven-javadoc-plugin is missing. @ org.apache.wicket:wicket-parent:1.3.0-incubating-SNAPSHOT, /data-depot/user/Workspace/Reproducibility/Reproducibility-Scanner/benchmarks/bugs-dot-jar/wicket/pom.xml, line 347, column 12
[WARNING] 'build.plugins.plugin.version' for org.apache.maven.plugins:maven-eclipse-plugin is missing. @ org.apache.wicket:wicket-parent:1.3.0-incubating-SNAPSHOT, /data-depot/user/Workspace/Reproducibility/Reproducibility-Scanner/benchmarks/bugs-dot-jar/wicket/pom.xml, line 339, column 12
[WARNING] 'build.plugins.plugin.version' for org.codehaus.mojo:surefire-report-maven-plugin is missing. @ org.apache.wicket:wicket-parent:1.3.0-incubating-SNAPSHOT, /data-depot/user/Workspace/Reproducibility/Reproducibility-Scanner/benchmarks/bugs-dot-jar/wicket/pom.xml, line 367, column 12
[WARNING] The expression ${pom.artifactId} is deprecated. Please use ${project.artifactId} instead. @ 
[WARNING] 'build.plugins.plugin.version' for org.apache.maven.plugins:maven-remote-resources-plugin is missing. @ org.apache.wicket:wicket-parent:1.3.0-incubating-SNAPSHOT, /data-depot/user/Workspace/Reproducibility/Reproducibility-Scanner/benchmarks/bugs-dot-jar/wicket/pom.xml, line 372, column 12
[WARNING] 'build.plugins.plugin.version' for org.apache.maven.plugins:maven-compiler-plugin is missing. @ org.apache.wicket:wicket-jdk15:[unknown-version], /data-depot/user/Workspace/Reproducibility/Reproducibility-Scanner/benchmarks/bugs-dot-jar/wicket/jdk-1.5/pom.xml, line 44, column 12
[WARNING] 'build.plugins.plugin.version' for org.apache.maven.plugins:maven-surefire-plugin is missing. @ org.apache.wicket:wicket-parent:1.3.0-incubating-SNAPSHOT, /data-depot/user/Workspace/Reproducibility/Reproducibility-Scanner/benchmarks/bugs-dot-jar/wicket/pom.xml, line 362, column 12
[WARNING] 'build.plugins.plugin.version' for org.apache.maven.plugins:maven-jar-plugin is missing. @ org.apache.wicket:wicket-objectsizeof-agent:[unknown-version], /data-depot/user/Workspace/Reproducibility/Reproducibility-Scanner/benchmarks/bugs-dot-jar/wicket/jdk-1.5/wicket-objectssizeof-agent/pom.xml, line 43, column 12
[WARNING] 'build.plugins.plugin.version' for org.apache.maven.plugins:maven-source-plugin is missing. @ org.apache.wicket:wicket-parent:1.3.0-incubating-SNAPSHOT, /data-depot/user/Workspace/Reproducibility/Reproducibility-Scanner/benchmarks/bugs-dot-jar/wicket/pom.xml, line 389, column 12
[WARNING] 'build.plugins.plugin.version' for org.apache.maven.plugins:maven-site-plugin is missing. @ org.apache.wicket:wicket-parent:1.3.0-incubating-SNAPSHOT, /data-depot/user/Workspace/Reproducibility/Reproducibility-Scanner/benchmarks/bugs-dot-jar/wicket/pom.xml, line 357, column 12
[WARNING] 'build.plugins.plugin.version' for org.apache.maven.plugins:maven-javadoc-plugin is missing. @ org.apache.wicket:wicket-parent:1.3.0-incubating-SNAPSHOT, /data-depot/user/Workspace/Reproducibility/Reproducibility-Scanner/benchmarks/bugs-dot-jar/wicket/pom.xml, line 347, column 12
[WARNING] 'build.plugins.plugin.version' for org.apache.maven.plugins:maven-eclipse-plugin is missing. @ org.apache.wicket:wicket-parent:1.3.0-incubating-SNAPSHOT, /data-depot/user/Workspace/Reproducibility/Reproducibility-Scanner/benchmarks/bugs-dot-jar/wicket/pom.xml, line 339, column 12
[WARNING] 'build.plugins.plugin.version' for org.codehaus.mojo:surefire-report-maven-plugin is missing. @ org.apache.wicket:wicket-parent:1.3.0-incubating-SNAPSHOT, /data-depot/user/Workspace/Reproducibility/Reproducibility-Scanner/benchmarks/bugs-dot-jar/wicket/pom.xml, line 367, column 12
[WARNING] The expression ${pom.artifactId} is deprecated. Please use ${project.artifactId} instead. @ 
[WARNING] 'build.plugins.plugin.version' for org.apache.maven.plugins:maven-remote-resources-plugin is missing. @ org.apache.wicket:wicket-parent:1.3.0-incubating-SNAPSHOT, /data-depot/user/Workspace/Reproducibility/Reproducibility-Scanner/benchmarks/bugs-dot-jar/wicket/pom.xml, line 372, column 12
[WARNING] 'build.plugins.plugin.version' for org.apache.maven.plugins:maven-compiler-plugin is missing. @ org.apache.wicket:wicket-jdk15:[unknown-version], /data-depot/user/Workspace/Reproducibility/Reproducibility-Scanner/benchmarks/bugs-dot-jar/wicket/jdk-1.5/pom.xml, line 44, column 12
[WARNING] 'build.plugins.plugin.version' for org.apache.maven.plugins:maven-surefire-plugin is missing. @ org.apache.wicket:wicket-parent:1.3.0-incubating-SNAPSHOT, /data-depot/user/Workspace/Reproducibility/Reproducibility-Scanner/benchmarks/bugs-dot-jar/wicket/pom.xml, line 362, column 12
[WARNING] 'build.plugins.plugin.version' for org.apache.maven.plugins:maven-source-plugin is missing. @ org.apache.wicket:wicket-parent:1.3.0-incubating-SNAPSHOT, /data-depot/user/Workspace/Reproducibility/Reproducibility-Scanner/benchmarks/bugs-dot-jar/wicket/pom.xml, line 389, column 12
[WARNING] 'build.plugins.plugin.version' for org.apache.maven.plugins:maven-site-plugin is missing. @ org.apache.wicket:wicket-parent:1.3.0-incubating-SNAPSHOT, /data-depot/user/Workspace/Reproducibility/Reproducibility-Scanner/benchmarks/bugs-dot-jar/wicket/pom.xml, line 357, column 12
[WARNING] 'build.plugins.plugin.version' for org.apache.maven.plugins:maven-javadoc-plugin is missing. @ org.apache.wicket:wicket-parent:1.3.0-incubating-SNAPSHOT, /data-depot/user/Workspace/Reproducibility/Reproducibility-Scanner/benchmarks/bugs-dot-jar/wicket/pom.xml, line 347, column 12
[WARNING] 'build.plugins.plugin.version' for org.apache.maven.plugins:maven-eclipse-plugin is missing. @ org.apache.wicket:wicket-parent:1.3.0-incubating-SNAPSHOT, /data-depot/user/Workspace/Reproducibility/Reproducibility-Scanner/benchmarks/bugs-dot-jar/wicket/pom.xml, line 339, column 12
[WARNING] 'build.plugins.plugin.version' for org.codehaus.mojo:surefire-report-maven-plugin is missing. @ org.apache.wicket:wicket-parent:1.3.0-incubating-SNAPSHOT, /data-depot/user/Workspace/Reproducibility/Reproducibility-Scanner/benchmarks/bugs-dot-jar/wicket/pom.xml, line 367, column 12
[WARNING] The expression ${pom.artifactId} is deprecated. Please use ${project.artifactId} instead. @ 
[WARNING] 'build.plugins.plugin.version' for org.apache.maven.plugins:maven-remote-resources-plugin is missing. @ org.apache.wicket:wicket-parent:1.3.0-incubating-SNAPSHOT, /data-depot/user/Workspace/Reproducibility/Reproducibility-Scanner/benchmarks/bugs-dot-jar/wicket/pom.xml, line 372, column 12
[WARNING] 'build.plugins.plugin.version' for org.apache.maven.plugins:maven-compiler-plugin is missing. @ org.apache.wicket:wicket-jdk15:[unknown-version], /data-depot/user/Workspace/Reproducibility/Reproducibility-Scanner/benchmarks/bugs-dot-jar/wicket/jdk-1.5/pom.xml, line 44, column 12
[WARNING] 'build.plugins.plugin.version' for org.apache.maven.plugins:maven-surefire-plugin is missing. @ org.apache.wicket:wicket-parent:1.3.0-incubating-SNAPSHOT, /data-depot/user/Workspace/Reproducibility/Reproducibility-Scanner/benchmarks/bugs-dot-jar/wicket/pom.xml, line 362, column 12
[WARNING] 'build.plugins.plugin.version' for org.apache.maven.plugins:maven-source-plugin is missing. @ org.apache.wicket:wicket-parent:1.3.0-incubating-SNAPSHOT, /data-depot/user/Workspace/Reproducibility/Reproducibility-Scanner/benchmarks/bugs-dot-jar/wicket/pom.xml, line 389, column 12
[WARNING] 'build.plugins.plugin.version' for org.apache.maven.plugins:maven-site-plugin is missing. @ org.apache.wicket:wicket-parent:1.3.0-incubating-SNAPSHOT, /data-depot/user/Workspace/Reproducibility/Reproducibility-Scanner/benchmarks/bugs-dot-jar/wicket/pom.xml, line 357, column 12
[WARNING] 'build.plugins.plugin.version' for org.apache.maven.plugins:maven-javadoc-plugin is missing. @ org.apache.wicket:wicket-parent:1.3.0-incubating-SNAPSHOT, /data-depot/user/Workspace/Reproducibility/Reproducibility-Scanner/benchmarks/bugs-dot-jar/wicket/pom.xml, line 347, column 12
[WARNING] 'build.plugins.plugin.version' for org.apache.maven.plugins:maven-eclipse-plugin is missing. @ org.apache.wicket:wicket-parent:1.3.0-incubating-SNAPSHOT, /data-depot/user/Workspace/Reproducibility/Reproducibility-Scanner/benchmarks/bugs-dot-jar/wicket/pom.xml, line 339, column 12
[WARNING] 'build.plugins.plugin.version' for org.codehaus.mojo:surefire-report-maven-plugin is missing. @ org.apache.wicket:wicket-parent:1.3.0-incubating-SNAPSHOT, /data-depot/user/Workspace/Reproducibility/Reproducibility-Scanner/benchmarks/bugs-dot-jar/wicket/pom.xml, line 367, column 12
[WARNING] The expression ${pom.artifactId} is deprecated. Please use ${project.artifactId} instead. @ 
[WARNING] 'build.plugins.plugin.version' for org.apache.maven.plugins:maven-remote-resources-plugin is missing. @ org.apache.wicket:wicket-parent:1.3.0-incubating-SNAPSHOT, /data-depot/user/Workspace/Reproducibility/Reproducibility-Scanner/benchmarks/bugs-dot-jar/wicket/pom.xml, line 372, column 12
[WARNING] 'build.plugins.plugin.version' for org.apache.maven.plugins:maven-compiler-plugin is missing. @ org.apache.wicket:wicket-jdk15:[unknown-version], /data-depot/user/Workspace/Reproducibility/Reproducibility-Scanner/benchmarks/bugs-dot-jar/wicket/jdk-1.5/pom.xml, line 44, column 12
[WARNING] 'build.plugins.plugin.version' for org.apache.maven.plugins:maven-surefire-plugin is missing. @ org.apache.wicket:wicket-parent:1.3.0-incubating-SNAPSHOT, /data-depot/user/Workspace/Reproducibility/Reproducibility-Scanner/benchmarks/bugs-dot-jar/wicket/pom.xml, line 362, column 12
[WARNING] 'build.plugins.plugin.version' for org.apache.maven.plugins:maven-source-plugin is missing. @ org.apache.wicket:wicket-parent:1.3.0-incubating-SNAPSHOT, /data-depot/user/Workspace/Reproducibility/Reproducibility-Scanner/benchmarks/bugs-dot-jar/wicket/pom.xml, line 389, column 12
[WARNING] 'build.plugins.plugin.version' for org.apache.maven.plugins:maven-site-plugin is missing. @ org.apache.wicket:wicket-parent:1.3.0-incubating-SNAPSHOT, /data-depot/user/Workspace/Reproducibility/Reproducibility-Scanner/benchmarks/bugs-dot-jar/wicket/pom.xml, line 357, column 12
[WARNING] 'build.plugins.plugin.version' for org.apache.maven.plugins:maven-javadoc-plugin is missing. @ org.apache.wicket:wicket-parent:1.3.0-incubating-SNAPSHOT, /data-depot/user/Workspace/Reproducibility/Reproducibility-Scanner/benchmarks/bugs-dot-jar/wicket/pom.xml, line 347, column 12
[WARNING] 'build.plugins.plugin.version' for org.apache.maven.plugins:maven-eclipse-plugin is missing. @ org.apache.wicket:wicket-parent:1.3.0-incubating-SNAPSHOT, /data-depot/user/Workspace/Reproducibility/Reproducibility-Scanner/benchmarks/bugs-dot-jar/wicket/pom.xml, line 339, column 12
[WARNING] 'build.plugins.plugin.version' for org.codehaus.mojo:surefire-report-maven-plugin is missing. @ org.apache.wicket:wicket-parent:1.3.0-incubating-SNAPSHOT, /data-depot/user/Workspace/Reproducibility/Reproducibility-Scanner/benchmarks/bugs-dot-jar/wicket/pom.xml, line 367, column 12
[WARNING] The expression ${pom.artifactId} is deprecated. Please use ${project.artifactId} instead. @ 
[WARNING] 'build.plugins.plugin.(groupId:artifactId)' must be unique but found duplicate declaration of plugin org.apache.maven.plugins:maven-source-plugin @ line 389, column 12
[WARNING] 'build.plugins.plugin.version' for org.apache.maven.plugins:maven-remote-resources-plugin is missing. @ line 372, column 12
[WARNING] 'build.plugins.plugin.version' for org.apache.maven.plugins:maven-surefire-plugin is missing. @ line 362, column 12
[WARNING] 'build.plugins.plugin.version' for org.apache.maven.plugins:maven-source-plugin is missing. @ line 389, column 12
[WARNING] 'build.plugins.plugin.version' for org.apache.maven.plugins:maven-site-plugin is missing. @ line 357, column 12
[WARNING] 'build.plugins.plugin.version' for org.apache.maven.plugins:maven-javadoc-plugin is missing. @ line 347, column 12
[WARNING] 'build.plugins.plugin.version' for org.apache.maven.plugins:maven-eclipse-plugin is missing. @ line 339, column 12
[WARNING] 'build.plugins.plugin.version' for org.codehaus.mojo:surefire-report-maven-plugin is missing. @ line 367, column 12
[WARNING] The expression ${pom.artifactId} is deprecated. Please use ${project.artifactId} instead. @ 
 @ 
[ERROR] The build could not read 1 project -> [Help 1]
[ERROR]   
[ERROR]   The project org.apache.wicket:wicket-threadtest:[unknown-version] (/data-depot/user/Workspace/Reproducibility/Reproducibility-Scanner/benchmarks/bugs-dot-jar/wicket/testing/wicket-threadtest/pom.xml) has 1 error
[ERROR]     Non-resolvable parent POM for org.apache.wicket:wicket-threadtest:[unknown-version]: Could not find artifact org.apache.wicket:wicket-jdk15:pom:1.3.0-incubating-SNAPSHOT and 'parent.relativePath' points at wrong local POM @ line 25, column 10 -> [Help 2]
[ERROR] 
[ERROR] To see the full stack trace of the errors, re-run Maven with the -e switch.
[ERROR] Re-run Maven using the -X switch to enable full debug logging.
[ERROR] 
[ERROR] For more information about the errors and possible solutions, please read the following articles:
[ERROR] [Help 1] http://cwiki.apache.org/confluence/display/MAVEN/ProjectBuildingException
[ERROR] [Help 2] http://cwiki.apache.org/confluence/display/MAVEN/UnresolvableModelException