[INFO] Scanning for projects...
Downloading from fusesource.m2: http://repo.fusesource.com/maven2-all/org/apache/camel/camel-parent/2.6-SNAPSHOT/maven-metadata.xml
Downloading from fusesource.m2: http://repo.fusesource.com/maven2-all/org/apache/camel/camel/2.6-SNAPSHOT/maven-metadata.xml
Downloading from apache.incubating.releases: http://people.apache.org/repo/m2-incubating-repository/org/apache/camel/camel-parent/2.6-SNAPSHOT/maven-metadata.xml
Downloading from apache.incubating.releases: http://people.apache.org/repo/m2-incubating-repository/org/apache/camel/camel/2.6-SNAPSHOT/maven-metadata.xml
Downloading from servicemix: http://svn.apache.org/repos/asf/servicemix/m2-repo/org/apache/camel/camel-parent/2.6-SNAPSHOT/maven-metadata.xml
Downloading from servicemix: http://svn.apache.org/repos/asf/servicemix/m2-repo/org/apache/camel/camel/2.6-SNAPSHOT/maven-metadata.xml
Downloading from hapi: http://hl7api.sourceforge.net/m2/org/apache/camel/camel-parent/2.6-SNAPSHOT/maven-metadata.xml
Downloading from hapi: http://hl7api.sourceforge.net/m2/org/apache/camel/camel/2.6-SNAPSHOT/maven-metadata.xml
Downloading from java.net.m2: http://download.java.net/maven/2/org/apache/camel/camel-parent/2.6-SNAPSHOT/maven-metadata.xml
Downloading from java.net.m2: http://download.java.net/maven/2/org/apache/camel/camel/2.6-SNAPSHOT/maven-metadata.xml
[WARNING] Could not transfer metadata org.apache.camel:camel-parent:2.6-SNAPSHOT/maven-metadata.xml from/to maven-java.net (http://download.java.net/maven/1): Cannot access http://download.java.net/maven/1 with type legacy using the available connector factories: BasicRepositoryConnectorFactory
[WARNING] Could not transfer metadata org.apache.camel:camel-parent:2.6-SNAPSHOT/maven-metadata.xml from/to java.net (http://download.java.net/maven/1): Cannot access http://download.java.net/maven/1 with type legacy using the available connector factories: BasicRepositoryConnectorFactory
[WARNING] Could not transfer metadata org.apache.camel:camel:2.6-SNAPSHOT/maven-metadata.xml from/to maven-java.net (http://download.java.net/maven/1): Cannot access http://download.java.net/maven/1 with type legacy using the available connector factories: BasicRepositoryConnectorFactory
[WARNING] Could not transfer metadata org.apache.camel:camel:2.6-SNAPSHOT/maven-metadata.xml from/to java.net (http://download.java.net/maven/1): Cannot access http://download.java.net/maven/1 with type legacy using the available connector factories: BasicRepositoryConnectorFactory
Downloading from com.springsource.repository.bundles.external: http://repository.springsource.com/maven/bundles/external/org/apache/camel/camel-parent/2.6-SNAPSHOT/maven-metadata.xml
Downloading from com.springsource.repository.bundles.external: http://repository.springsource.com/maven/bundles/external/org/apache/camel/camel/2.6-SNAPSHOT/maven-metadata.xml
Downloading from open.iona.m2-all: http://repo.fusesource.com/maven2-all/org/apache/camel/camel-parent/2.6-SNAPSHOT/maven-metadata.xml
Downloading from open.iona.m2-all: http://repo.fusesource.com/maven2-all/org/apache/camel/camel/2.6-SNAPSHOT/maven-metadata.xml
Downloading from maven-restlet: http://maven.restlet.org/org/apache/camel/camel-parent/2.6-SNAPSHOT/maven-metadata.xml
Downloading from maven-restlet: http://maven.restlet.org/org/apache/camel/camel/2.6-SNAPSHOT/maven-metadata.xml
Downloading from codehause.mule-deps: http://dist.codehaus.org/mule/dependencies/maven2/org/apache/camel/camel-parent/2.6-SNAPSHOT/maven-metadata.xml
[WARNING] Could not transfer metadata org.apache.camel:camel-parent:2.6-SNAPSHOT/maven-metadata.xml from/to codehause.mule-deps (http://dist.codehaus.org/mule/dependencies/maven2): dist.codehaus.org: Name or service not known
Downloading from codehause.mule-deps: http://dist.codehaus.org/mule/dependencies/maven2/org/apache/camel/camel/2.6-SNAPSHOT/maven-metadata.xml
[WARNING] Could not transfer metadata org.apache.camel:camel:2.6-SNAPSHOT/maven-metadata.xml from/to codehause.mule-deps (http://dist.codehaus.org/mule/dependencies/maven2): dist.codehaus.org
[WARNING] Failure to transfer org.apache.camel:camel-parent:2.6-SNAPSHOT/maven-metadata.xml from http://download.java.net/maven/1 was cached in the local repository, resolution will not be reattempted until the update interval of java.net has elapsed or updates are forced. Original error: Could not transfer metadata org.apache.camel:camel-parent:2.6-SNAPSHOT/maven-metadata.xml from/to java.net (http://download.java.net/maven/1): Cannot access http://download.java.net/maven/1 with type legacy using the available connector factories: BasicRepositoryConnectorFactory
[WARNING] Failure to transfer org.apache.camel:camel:2.6-SNAPSHOT/maven-metadata.xml from http://download.java.net/maven/1 was cached in the local repository, resolution will not be reattempted until the update interval of java.net has elapsed or updates are forced. Original error: Could not transfer metadata org.apache.camel:camel:2.6-SNAPSHOT/maven-metadata.xml from/to java.net (http://download.java.net/maven/1): Cannot access http://download.java.net/maven/1 with type legacy using the available connector factories: BasicRepositoryConnectorFactory
Downloading from servicemix.snapshot: http://repository.apache.org/content/groups/snapshots-group/org/apache/camel/camel-parent/2.6-SNAPSHOT/maven-metadata.xml
Progress (1): 272 B                   Downloaded from servicemix.snapshot: http://repository.apache.org/content/groups/snapshots-group/org/apache/camel/camel-parent/2.6-SNAPSHOT/maven-metadata.xml (272 B at 356 B/s)
Downloading from servicemix.snapshot: http://repository.apache.org/content/groups/snapshots-group/org/apache/camel/camel/2.6-SNAPSHOT/maven-metadata.xml
Progress (1): 265 B                   Downloaded from servicemix.snapshot: http://repository.apache.org/content/groups/snapshots-group/org/apache/camel/camel/2.6-SNAPSHOT/maven-metadata.xml (265 B at 607 B/s)
Downloading from biz.aQute: http://www.aqute.biz/repo/org/apache/camel/camel-parent/2.6-SNAPSHOT/maven-metadata.xml
Downloading from biz.aQute: http://www.aqute.biz/repo/org/apache/camel/camel/2.6-SNAPSHOT/maven-metadata.xml
Downloading from apache.m2.repo: http://people.apache.org/repo/m2-ibiblio-rsync-repository/org/apache/camel/camel-parent/2.6-SNAPSHOT/maven-metadata.xml
Downloading from apache.m2.repo: http://people.apache.org/repo/m2-ibiblio-rsync-repository/org/apache/camel/camel/2.6-SNAPSHOT/maven-metadata.xml
[ERROR] [ERROR] Some problems were encountered while processing the POMs:
[WARNING] 'repositories.repository.layout' for java.net uses the unsupported value 'legacy', artifact resolution might fail. @ org.apache.camel:camel-blueprint:[unknown-version], /data-depot/user/Workspace/Reproducibility/Reproducibility-Scanner/benchmarks/bugs-dot-jar/camel/components/camel-blueprint/pom.xml, line 112, column 21
[WARNING] 'repositories.repository.layout' for maven-java.net uses the unsupported value 'legacy', artifact resolution might fail. @ org.apache.camel:camel-msv:[unknown-version], /data-depot/user/Workspace/Reproducibility/Reproducibility-Scanner/benchmarks/bugs-dot-jar/camel/components/camel-msv/pom.xml, line 102, column 15
[WARNING] 'repositories.repository.layout' for java.net uses the unsupported value 'legacy', artifact resolution might fail. @ org.apache.camel:camel-msv:[unknown-version], /data-depot/user/Workspace/Reproducibility/Reproducibility-Scanner/benchmarks/bugs-dot-jar/camel/components/camel-msv/pom.xml, line 110, column 15
[ERROR] 'dependencies.dependency.version' for org.jboss.javassist:com.springsource.javassist:jar must be a valid version but is '${javassist-version}'. @ org.apache.camel:camel-ognl:[unknown-version], /data-depot/user/Workspace/Reproducibility/Reproducibility-Scanner/benchmarks/bugs-dot-jar/camel/components/camel-ognl/pom.xml, line 65, column 16
[WARNING] 'repositories.repository.layout' for java.net uses the unsupported value 'legacy', artifact resolution might fail. @ org.apache.camel:camel-spring:[unknown-version], /data-depot/user/Workspace/Reproducibility/Reproducibility-Scanner/benchmarks/bugs-dot-jar/camel/components/camel-spring/pom.xml, line 216, column 15
 @ 
[ERROR] The build could not read 1 project -> [Help 1]
[ERROR]   
[ERROR]   The project org.apache.camel:camel-ognl:2.6-SNAPSHOT (/data-depot/user/Workspace/Reproducibility/Reproducibility-Scanner/benchmarks/bugs-dot-jar/camel/components/camel-ognl/pom.xml) has 1 error
[ERROR]     'dependencies.dependency.version' for org.jboss.javassist:com.springsource.javassist:jar must be a valid version but is '${javassist-version}'. @ org.apache.camel:camel-ognl:[unknown-version], /data-depot/user/Workspace/Reproducibility/Reproducibility-Scanner/benchmarks/bugs-dot-jar/camel/components/camel-ognl/pom.xml, line 65, column 16
[ERROR] 
[ERROR] To see the full stack trace of the errors, re-run Maven with the -e switch.
[ERROR] Re-run Maven using the -X switch to enable full debug logging.
[ERROR] 
[ERROR] For more information about the errors and possible solutions, please read the following articles:
[ERROR] [Help 1] http://cwiki.apache.org/confluence/display/MAVEN/ProjectBuildingException
[INFO] Build failures were ignored.
[INFO] Scanning for projects...
[WARNING] Could not transfer metadata org.apache.camel:camel-parent:2.6-SNAPSHOT/maven-metadata.xml from/to maven-java.net (http://download.java.net/maven/1): Cannot access http://download.java.net/maven/1 with type legacy using the available connector factories: BasicRepositoryConnectorFactory
[WARNING] Could not transfer metadata org.apache.camel:camel-parent:2.6-SNAPSHOT/maven-metadata.xml from/to java.net (http://download.java.net/maven/1): Cannot access http://download.java.net/maven/1 with type legacy using the available connector factories: BasicRepositoryConnectorFactory
[WARNING] Could not transfer metadata org.apache.camel:camel:2.6-SNAPSHOT/maven-metadata.xml from/to maven-java.net (http://download.java.net/maven/1): Cannot access http://download.java.net/maven/1 with type legacy using the available connector factories: BasicRepositoryConnectorFactory
[WARNING] Could not transfer metadata org.apache.camel:camel:2.6-SNAPSHOT/maven-metadata.xml from/to java.net (http://download.java.net/maven/1): Cannot access http://download.java.net/maven/1 with type legacy using the available connector factories: BasicRepositoryConnectorFactory
Downloading from codehause.mule-deps: http://dist.codehaus.org/mule/dependencies/maven2/org/apache/camel/camel-parent/2.6-SNAPSHOT/maven-metadata.xml
[WARNING] Could not transfer metadata org.apache.camel:camel-parent:2.6-SNAPSHOT/maven-metadata.xml from/to codehause.mule-deps (http://dist.codehaus.org/mule/dependencies/maven2): dist.codehaus.org: Name or service not known
Downloading from codehause.mule-deps: http://dist.codehaus.org/mule/dependencies/maven2/org/apache/camel/camel/2.6-SNAPSHOT/maven-metadata.xml
[WARNING] Could not transfer metadata org.apache.camel:camel:2.6-SNAPSHOT/maven-metadata.xml from/to codehause.mule-deps (http://dist.codehaus.org/mule/dependencies/maven2): dist.codehaus.org
[WARNING] Failure to transfer org.apache.camel:camel-parent:2.6-SNAPSHOT/maven-metadata.xml from http://download.java.net/maven/1 was cached in the local repository, resolution will not be reattempted until the update interval of java.net has elapsed or updates are forced. Original error: Could not transfer metadata org.apache.camel:camel-parent:2.6-SNAPSHOT/maven-metadata.xml from/to java.net (http://download.java.net/maven/1): Cannot access http://download.java.net/maven/1 with type legacy using the available connector factories: BasicRepositoryConnectorFactory
[WARNING] Failure to transfer org.apache.camel:camel:2.6-SNAPSHOT/maven-metadata.xml from http://download.java.net/maven/1 was cached in the local repository, resolution will not be reattempted until the update interval of java.net has elapsed or updates are forced. Original error: Could not transfer metadata org.apache.camel:camel:2.6-SNAPSHOT/maven-metadata.xml from/to java.net (http://download.java.net/maven/1): Cannot access http://download.java.net/maven/1 with type legacy using the available connector factories: BasicRepositoryConnectorFactory
[ERROR] [ERROR] Some problems were encountered while processing the POMs:
[WARNING] 'repositories.repository.layout' for java.net uses the unsupported value 'legacy', artifact resolution might fail. @ org.apache.camel:camel-blueprint:[unknown-version], /data-depot/user/Workspace/Reproducibility/Reproducibility-Scanner/benchmarks/bugs-dot-jar/camel/components/camel-blueprint/pom.xml, line 112, column 21
[WARNING] 'repositories.repository.layout' for maven-java.net uses the unsupported value 'legacy', artifact resolution might fail. @ org.apache.camel:camel-msv:[unknown-version], /data-depot/user/Workspace/Reproducibility/Reproducibility-Scanner/benchmarks/bugs-dot-jar/camel/components/camel-msv/pom.xml, line 102, column 15
[WARNING] 'repositories.repository.layout' for java.net uses the unsupported value 'legacy', artifact resolution might fail. @ org.apache.camel:camel-msv:[unknown-version], /data-depot/user/Workspace/Reproducibility/Reproducibility-Scanner/benchmarks/bugs-dot-jar/camel/components/camel-msv/pom.xml, line 110, column 15
[ERROR] 'dependencies.dependency.version' for org.jboss.javassist:com.springsource.javassist:jar must be a valid version but is '${javassist-version}'. @ org.apache.camel:camel-ognl:[unknown-version], /data-depot/user/Workspace/Reproducibility/Reproducibility-Scanner/benchmarks/bugs-dot-jar/camel/components/camel-ognl/pom.xml, line 65, column 16
[WARNING] 'repositories.repository.layout' for java.net uses the unsupported value 'legacy', artifact resolution might fail. @ org.apache.camel:camel-spring:[unknown-version], /data-depot/user/Workspace/Reproducibility/Reproducibility-Scanner/benchmarks/bugs-dot-jar/camel/components/camel-spring/pom.xml, line 216, column 15
 @ 
[ERROR] The build could not read 1 project -> [Help 1]
[ERROR]   
[ERROR]   The project org.apache.camel:camel-ognl:2.6-SNAPSHOT (/data-depot/user/Workspace/Reproducibility/Reproducibility-Scanner/benchmarks/bugs-dot-jar/camel/components/camel-ognl/pom.xml) has 1 error
[ERROR]     'dependencies.dependency.version' for org.jboss.javassist:com.springsource.javassist:jar must be a valid version but is '${javassist-version}'. @ org.apache.camel:camel-ognl:[unknown-version], /data-depot/user/Workspace/Reproducibility/Reproducibility-Scanner/benchmarks/bugs-dot-jar/camel/components/camel-ognl/pom.xml, line 65, column 16
[ERROR] 
[ERROR] To see the full stack trace of the errors, re-run Maven with the -e switch.
[ERROR] Re-run Maven using the -X switch to enable full debug logging.
[ERROR] 
[ERROR] For more information about the errors and possible solutions, please read the following articles:
[ERROR] [Help 1] http://cwiki.apache.org/confluence/display/MAVEN/ProjectBuildingException