travis_fold:start:system_info[0K[33;1mBuild system information[0m
Build language: java
Build group: stable
Build dist: precise
Build id: ''
Job id: ''
[34m[1mBuild image provisioning date and time[0m
Thu Feb  5 15:09:33 UTC 2015
[34m[1mOperating System Details[0m
Distributor ID:	Ubuntu
Description:	Ubuntu 12.04.5 LTS
Release:	12.04
Codename:	precise
[34m[1mLinux Version[0m
3.13.0-29-generic
[34m[1mCookbooks Version[0m
a68419e https://github.com/travis-ci/travis-cookbooks/tree/a68419e
[34m[1mGCC version[0m
gcc (Ubuntu/Linaro 4.6.3-1ubuntu5) 4.6.3
Copyright (C) 2011 Free Software Foundation, Inc.
This is free software; see the source for copying conditions.  There is NO
warranty; not even for MERCHANTABILITY or FITNESS FOR A PARTICULAR PURPOSE.

[34m[1mLLVM version[0m
clang version 3.4 (tags/RELEASE_34/final)
Target: x86_64-unknown-linux-gnu
Thread model: posix
[34m[1mPre-installed Ruby versions[0m
ruby-1.9.3-p551
[34m[1mPre-installed Node.js versions[0m
v0.10.36
[34m[1mPre-installed Go versions[0m
1.4.1
[34m[1mRedis version[0m
redis-server 2.8.19
[34m[1mriak version[0m
2.0.2
[34m[1mMongoDB version[0m
MongoDB 2.4.12
[34m[1mCouchDB version[0m
couchdb 1.6.1
[34m[1mNeo4j version[0m
1.9.4
[34m[1mRabbitMQ Version[0m
3.4.3
[34m[1mElasticSearch version[0m
1.4.0
[34m[1mInstalled Sphinx versions[0m
2.0.10
2.1.9
2.2.6
[34m[1mDefault Sphinx version[0m
2.2.6
[34m[1mInstalled Firefox version[0m
firefox 31.0esr
[34m[1mPhantomJS version[0m
1.9.8
[34m[1mant -version[0m
Apache Ant(TM) version 1.8.2 compiled on December 3 2011
[34m[1mmvn -version[0m
Apache Maven 3.2.5 (12a6b3acb947671f09b81f49094c53f426d8cea1; 2014-12-14T17:29:23+00:00)
Maven home: /usr/local/maven
Java version: 1.7.0_76, vendor: Oracle Corporation
Java home: /usr/lib/jvm/java-7-oracle/jre
Default locale: en_US, platform encoding: ANSI_X3.4-1968
OS name: "linux", version: "3.13.0-29-generic", arch: "amd64", family: "unix"
travis_fold:end:system_info[0K
W: Failed to fetch http://us.archive.ubuntu.com/ubuntu/dists/precise/main/source/Sources  404  Not Found [IP: 91.189.91.39 80]

W: Failed to fetch http://us.archive.ubuntu.com/ubuntu/dists/precise/restricted/source/Sources  404  Not Found [IP: 91.189.91.39 80]

W: Failed to fetch http://us.archive.ubuntu.com/ubuntu/dists/precise/universe/source/Sources  404  Not Found [IP: 91.189.91.39 80]

W: Failed to fetch http://us.archive.ubuntu.com/ubuntu/dists/precise/multiverse/source/Sources  404  Not Found [IP: 91.189.91.39 80]

W: Failed to fetch http://us.archive.ubuntu.com/ubuntu/dists/precise/main/binary-amd64/Packages  404  Not Found [IP: 91.189.91.39 80]

W: Failed to fetch http://us.archive.ubuntu.com/ubuntu/dists/precise/restricted/binary-amd64/Packages  404  Not Found [IP: 91.189.91.39 80]

W: Failed to fetch http://us.archive.ubuntu.com/ubuntu/dists/precise/universe/binary-amd64/Packages  404  Not Found [IP: 91.189.91.39 80]

W: Failed to fetch http://us.archive.ubuntu.com/ubuntu/dists/precise/multiverse/binary-amd64/Packages  404  Not Found [IP: 91.189.91.39 80]

W: Failed to fetch http://us.archive.ubuntu.com/ubuntu/dists/precise/main/binary-i386/Packages  404  Not Found [IP: 91.189.91.39 80]

W: Failed to fetch http://us.archive.ubuntu.com/ubuntu/dists/precise/restricted/binary-i386/Packages  404  Not Found [IP: 91.189.91.39 80]

W: Failed to fetch http://us.archive.ubuntu.com/ubuntu/dists/precise/universe/binary-i386/Packages  404  Not Found [IP: 91.189.91.39 80]

W: Failed to fetch http://us.archive.ubuntu.com/ubuntu/dists/precise/multiverse/binary-i386/Packages  404  Not Found [IP: 91.189.91.39 80]

W: Failed to fetch http://us.archive.ubuntu.com/ubuntu/dists/precise-updates/main/source/Sources  404  Not Found [IP: 91.189.91.39 80]

W: Failed to fetch http://us.archive.ubuntu.com/ubuntu/dists/precise-updates/restricted/source/Sources  404  Not Found [IP: 91.189.91.39 80]

W: Failed to fetch http://us.archive.ubuntu.com/ubuntu/dists/precise-updates/universe/source/Sources  404  Not Found [IP: 91.189.91.39 80]

W: Failed to fetch http://us.archive.ubuntu.com/ubuntu/dists/precise-updates/multiverse/source/Sources  404  Not Found [IP: 91.189.91.39 80]

W: Failed to fetch http://us.archive.ubuntu.com/ubuntu/dists/precise-updates/main/binary-amd64/Packages  404  Not Found [IP: 91.189.91.39 80]

W: Failed to fetch http://us.archive.ubuntu.com/ubuntu/dists/precise-updates/restricted/binary-amd64/Packages  404  Not Found [IP: 91.189.91.39 80]

W: Failed to fetch http://us.archive.ubuntu.com/ubuntu/dists/precise-updates/universe/binary-amd64/Packages  404  Not Found [IP: 91.189.91.39 80]

W: Failed to fetch http://us.archive.ubuntu.com/ubuntu/dists/precise-updates/multiverse/binary-amd64/Packages  404  Not Found [IP: 91.189.91.39 80]

W: Failed to fetch http://us.archive.ubuntu.com/ubuntu/dists/precise-updates/main/binary-i386/Packages  404  Not Found [IP: 91.189.91.39 80]

W: Failed to fetch http://us.archive.ubuntu.com/ubuntu/dists/precise-updates/restricted/binary-i386/Packages  404  Not Found [IP: 91.189.91.39 80]

W: Failed to fetch http://us.archive.ubuntu.com/ubuntu/dists/precise-updates/universe/binary-i386/Packages  404  Not Found [IP: 91.189.91.39 80]

W: Failed to fetch http://us.archive.ubuntu.com/ubuntu/dists/precise-updates/multiverse/binary-i386/Packages  404  Not Found [IP: 91.189.91.39 80]

W: Failed to fetch http://us.archive.ubuntu.com/ubuntu/dists/precise-backports/main/source/Sources  404  Not Found [IP: 91.189.91.39 80]

W: Failed to fetch http://us.archive.ubuntu.com/ubuntu/dists/precise-backports/restricted/source/Sources  404  Not Found [IP: 91.189.91.39 80]

W: Failed to fetch http://us.archive.ubuntu.com/ubuntu/dists/precise-backports/universe/source/Sources  404  Not Found [IP: 91.189.91.39 80]

W: Failed to fetch http://us.archive.ubuntu.com/ubuntu/dists/precise-backports/multiverse/source/Sources  404  Not Found [IP: 91.189.91.39 80]

W: Failed to fetch http://us.archive.ubuntu.com/ubuntu/dists/precise-backports/main/binary-amd64/Packages  404  Not Found [IP: 91.189.91.39 80]

W: Failed to fetch http://us.archive.ubuntu.com/ubuntu/dists/precise-backports/restricted/binary-amd64/Packages  404  Not Found [IP: 91.189.91.39 80]

W: Failed to fetch http://us.archive.ubuntu.com/ubuntu/dists/precise-backports/universe/binary-amd64/Packages  404  Not Found [IP: 91.189.91.39 80]

W: Failed to fetch http://us.archive.ubuntu.com/ubuntu/dists/precise-backports/multiverse/binary-amd64/Packages  404  Not Found [IP: 91.189.91.39 80]

W: Failed to fetch http://us.archive.ubuntu.com/ubuntu/dists/precise-backports/main/binary-i386/Packages  404  Not Found [IP: 91.189.91.39 80]

W: Failed to fetch http://us.archive.ubuntu.com/ubuntu/dists/precise-backports/restricted/binary-i386/Packages  404  Not Found [IP: 91.189.91.39 80]

W: Failed to fetch http://us.archive.ubuntu.com/ubuntu/dists/precise-backports/universe/binary-i386/Packages  404  Not Found [IP: 91.189.91.39 80]

W: Failed to fetch http://us.archive.ubuntu.com/ubuntu/dists/precise-backports/multiverse/binary-i386/Packages  404  Not Found [IP: 91.189.91.39 80]

W: Failed to fetch http://apt.postgresql.org/pub/repos/apt/dists/precise-pgdg/main/binary-amd64/Packages  404  Not Found [IP: 87.238.57.227 80]

W: Failed to fetch http://apt.postgresql.org/pub/repos/apt/dists/precise-pgdg/main/binary-i386/Packages  404  Not Found [IP: 87.238.57.227 80]

W: Failed to fetch http://security.ubuntu.com/ubuntu/dists/precise-security/main/source/Sources  404  Not Found [IP: 185.125.190.36 80]

W: Failed to fetch http://security.ubuntu.com/ubuntu/dists/precise-security/restricted/source/Sources  404  Not Found [IP: 185.125.190.36 80]

W: Failed to fetch http://security.ubuntu.com/ubuntu/dists/precise-security/universe/source/Sources  404  Not Found [IP: 185.125.190.36 80]

W: Failed to fetch http://security.ubuntu.com/ubuntu/dists/precise-security/multiverse/source/Sources  404  Not Found [IP: 185.125.190.36 80]

W: Failed to fetch http://security.ubuntu.com/ubuntu/dists/precise-security/main/binary-amd64/Packages  404  Not Found [IP: 185.125.190.36 80]

W: Failed to fetch http://security.ubuntu.com/ubuntu/dists/precise-security/restricted/binary-amd64/Packages  404  Not Found [IP: 185.125.190.36 80]

W: Failed to fetch http://security.ubuntu.com/ubuntu/dists/precise-security/universe/binary-amd64/Packages  404  Not Found [IP: 185.125.190.36 80]

W: Failed to fetch http://security.ubuntu.com/ubuntu/dists/precise-security/multiverse/binary-amd64/Packages  404  Not Found [IP: 185.125.190.36 80]

W: Failed to fetch http://security.ubuntu.com/ubuntu/dists/precise-security/main/binary-i386/Packages  404  Not Found [IP: 185.125.190.36 80]

W: Failed to fetch http://security.ubuntu.com/ubuntu/dists/precise-security/restricted/binary-i386/Packages  404  Not Found [IP: 185.125.190.36 80]

W: Failed to fetch http://security.ubuntu.com/ubuntu/dists/precise-security/universe/binary-i386/Packages  404  Not Found [IP: 185.125.190.36 80]

W: Failed to fetch http://security.ubuntu.com/ubuntu/dists/precise-security/multiverse/binary-i386/Packages  404  Not Found [IP: 185.125.190.36 80]

W: Failed to fetch http://ppa.launchpad.net/rwky/ppa/ubuntu/dists/precise/main/binary-amd64/Packages  403  Forbidden

W: Failed to fetch http://ppa.launchpad.net/rwky/ppa/ubuntu/dists/precise/main/binary-i386/Packages  403  Forbidden

W: Failed to fetch http://ppa.launchpad.net/travis-ci/zero-mq/ubuntu/dists/precise/main/binary-amd64/Packages  403  Forbidden

W: Failed to fetch http://ppa.launchpad.net/travis-ci/zero-mq/ubuntu/dists/precise/main/binary-i386/Packages  403  Forbidden

W: Failed to fetch http://downloads-distro.mongodb.org/repo/debian-sysvinit/dists/dist/10gen/binary-amd64/Packages  Undetermined Error [IP: 54.175.147.155 80]

W: Failed to fetch http://downloads-distro.mongodb.org/repo/debian-sysvinit/dists/dist/10gen/binary-i386/Packages  Undetermined Error [IP: 54.175.147.155 80]

E: Some index files failed to download. They have been ignored, or old ones used instead.
sed: cannot rename /etc/hosts: Device or resource busy
sed: cannot rename /etc/hosts: Device or resource busy
$ jdk_switcher use oraclejdk8
Switching to Oracle JDK8 (java-8-oracle), JAVA_HOME will be set to /usr/lib/jvm/java-8-oracle
$ cd failed/joyent/java-manta

[33;1mSetting environment variables from .travis.yml[0m
$ export DESC="checkstyle"
$ export CMD="mvn clean checkstyle:check" -Dhttps.protocols=TLSv1.2
/usr/local/bin/run_failed.sh: line 62: export: `-Dhttps.protocols=TLSv1.2': not a valid identifier

$ java -Xmx32m -version
java version "1.8.0_31"
Java(TM) SE Runtime Environment (build 1.8.0_31-b13)
Java HotSpot(TM) 64-Bit Server VM (build 25.31-b07, mixed mode)
$ javac -J-Xmx32m -version
javac 1.8.0_31
travis_fold:start:before_install[0Ktravis_time:start:032214eb[0K$ echo 'MAVEN_OPTS="-Dorg.slf4j.simpleLogger.defaultLogLevel=warn"' >~/.mavenrc

travis_time:end:032214eb:start=1657797411075082157,finish=1657797411082616698,duration=7534541[0Ktravis_fold:end:before_install[0Ktravis_fold:start:install[0Ktravis_time:start:0c1d3a6f[0K$ mvn install -Dhttps.protocols=TLSv1.2 -DskipTests=true -Dmaven.javadoc.skip=true -B -V
Apache Maven 3.2.5 (12a6b3acb947671f09b81f49094c53f426d8cea1; 2014-12-14T17:29:23+00:00)
Maven home: /usr/local/maven
Java version: 1.8.0_31, vendor: Oracle Corporation
Java home: /usr/lib/jvm/java-8-oracle/jre
Default locale: en_US, platform encoding: UTF-8
OS name: "linux", version: "4.15.0-109-generic", arch: "amd64", family: "unix"
[ERROR] src/main/java/com/joyent/manta/client/MantaJobPhase.java:[17,5] (javadoc) JavadocVariable: Missing a Javadoc comment.
[ERROR] src/main/java/com/joyent/manta/client/MantaJobPhase.java:[18,5] (javadoc) JavadocVariable: Missing a Javadoc comment.
[ERROR] src/main/java/com/joyent/manta/client/MantaJobPhase.java:[19,5] (javadoc) JavadocVariable: Missing a Javadoc comment.
[ERROR] src/main/java/com/joyent/manta/client/MantaJobPhase.java:[20,5] (javadoc) JavadocVariable: Missing a Javadoc comment.
[ERROR] src/main/java/com/joyent/manta/client/MantaJobPhase.java:[21,5] (javadoc) JavadocVariable: Missing a Javadoc comment.
[ERROR] src/main/java/com/joyent/manta/client/MantaJobPhase.java:[22,5] (javadoc) JavadocVariable: Missing a Javadoc comment.
[ERROR] src/main/java/com/joyent/manta/client/MantaJobPhase.java:[23,5] (javadoc) JavadocVariable: Missing a Javadoc comment.
[ERROR] src/main/java/com/joyent/manta/client/MantaJobPhase.java:[25,5] (javadoc) JavadocMethod: Missing a Javadoc comment.
[ERROR] src/main/java/com/joyent/manta/client/MantaJobPhase.java:[30,5] (javadoc) JavadocMethod: Missing a Javadoc comment.
[ERROR] src/main/java/com/joyent/manta/client/MantaJobPhase.java:[30,26] (misc) FinalParameters: Parameter exec should be final.
[ERROR] src/main/java/com/joyent/manta/client/MantaJobPhase.java:[30,39] (misc) FinalParameters: Parameter type should be final.
[ERROR] src/main/java/com/joyent/manta/client/MantaJobPhase.java:[36,5] (javadoc) JavadocMethod: Missing a Javadoc comment.
[ERROR] src/main/java/com/joyent/manta/client/MantaJobPhase.java:[41,5] (javadoc) JavadocMethod: Missing a Javadoc comment.
[ERROR] src/main/java/com/joyent/manta/client/MantaJobPhase.java:[41,25] (misc) FinalParameters: Parameter exec should be final.
[ERROR] src/main/java/com/joyent/manta/client/MantaJobPhase.java:[46,5] (javadoc) JavadocMethod: Missing a Javadoc comment.
[ERROR] src/main/java/com/joyent/manta/client/MantaJobPhase.java:[51,5] (javadoc) JavadocMethod: Missing a Javadoc comment.
[ERROR] src/main/java/com/joyent/manta/client/MantaJobPhase.java:[51,25] (misc) FinalParameters: Parameter type should be final.
[ERROR] src/main/java/com/joyent/manta/client/MantaJobPhase.java:[56,5] (javadoc) JavadocMethod: Missing a Javadoc comment.
[ERROR] src/main/java/com/joyent/manta/client/MantaJobPhase.java:[60,5] (javadoc) JavadocMethod: Missing a Javadoc comment.
[ERROR] src/main/java/com/joyent/manta/client/MantaJobPhase.java:[60,27] (misc) FinalParameters: Parameter assets should be final.
[ERROR] src/main/java/com/joyent/manta/client/MantaJobPhase.java:[64,5] (javadoc) JavadocMethod: Missing a Javadoc comment.
[ERROR] src/main/java/com/joyent/manta/client/MantaJobPhase.java:[68,5] (javadoc) JavadocMethod: Missing a Javadoc comment.
[ERROR] src/main/java/com/joyent/manta/client/MantaJobPhase.java:[68,25] (misc) FinalParameters: Parameter init should be final.
[ERROR] src/main/java/com/joyent/manta/client/MantaJobPhase.java:[72,5] (javadoc) JavadocMethod: Missing a Javadoc comment.
[ERROR] src/main/java/com/joyent/manta/client/MantaJobPhase.java:[76,5] (javadoc) JavadocMethod: Missing a Javadoc comment.
[ERROR] src/main/java/com/joyent/manta/client/MantaJobPhase.java:[76,26] (misc) FinalParameters: Parameter count should be final.
[ERROR] src/main/java/com/joyent/manta/client/MantaJobPhase.java:[80,5] (javadoc) JavadocMethod: Missing a Javadoc comment.
[ERROR] src/main/java/com/joyent/manta/client/MantaJobPhase.java:[84,5] (javadoc) JavadocMethod: Missing a Javadoc comment.
[ERROR] src/main/java/com/joyent/manta/client/MantaJobPhase.java:[84,27] (misc) FinalParameters: Parameter memory should be final.
[ERROR] src/main/java/com/joyent/manta/client/MantaJobPhase.java:[88,5] (javadoc) JavadocMethod: Missing a Javadoc comment.
[ERROR] src/main/java/com/joyent/manta/client/MantaJobPhase.java:[92,5] (javadoc) JavadocMethod: Missing a Javadoc comment.
[ERROR] src/main/java/com/joyent/manta/client/MantaJobPhase.java:[92,25] (misc) FinalParameters: Parameter disk should be final.
[ERROR] src/main/java/com/joyent/manta/client/MantaJobPhase.java:[97,27] (misc) FinalParameters: Parameter o should be final.
[ERROR] src/main/java/com/joyent/manta/client/MantaJobPhase.java:[98] (blocks) NeedBraces: 'if' construct must use '{}'s.
[ERROR] src/main/java/com/joyent/manta/client/MantaJobPhase.java:[99] (blocks) NeedBraces: 'if' construct must use '{}'s.
[ERROR] src/main/java/com/joyent/manta/client/MantaJobPhase.java:[101,52] (whitespace) OperatorWrap: '&&' should be on a new line.
[ERROR] src/main/java/com/joyent/manta/client/MantaJobPhase.java:[102,49] (whitespace) OperatorWrap: '&&' should be on a new line.
[ERROR] src/main/java/com/joyent/manta/client/MantaJobPhase.java:[103,49] (whitespace) OperatorWrap: '&&' should be on a new line.
[ERROR] src/main/java/com/joyent/manta/client/MantaJobPhase.java:[104,49] (whitespace) OperatorWrap: '&&' should be on a new line.
[ERROR] src/main/java/com/joyent/manta/client/MantaJobPhase.java:[105,51] (whitespace) OperatorWrap: '&&' should be on a new line.
[ERROR] src/main/java/com/joyent/manta/client/MantaJobPhase.java:[106,53] (whitespace) OperatorWrap: '&&' should be on a new line.
[ERROR] src/main/java/com/joyent/manta/client/MantaJobPhase.java:[117,33] (whitespace) OperatorWrap: '+' should be on a new line.
[ERROR] src/main/java/com/joyent/manta/client/MantaJobPhase.java:[118,36] (whitespace) OperatorWrap: '+' should be on a new line.
[ERROR] src/main/java/com/joyent/manta/client/MantaJobPhase.java:[119,42] (whitespace) OperatorWrap: '+' should be on a new line.
[ERROR] src/main/java/com/joyent/manta/client/MantaJobPhase.java:[120,42] (whitespace) OperatorWrap: '+' should be on a new line.
[ERROR] src/main/java/com/joyent/manta/client/MantaJobPhase.java:[121,42] (whitespace) OperatorWrap: '+' should be on a new line.
[ERROR] src/main/java/com/joyent/manta/client/MantaJobPhase.java:[122,36] (whitespace) OperatorWrap: '+' should be on a new line.
[ERROR] src/main/java/com/joyent/manta/client/MantaJobPhase.java:[123,38] (whitespace) OperatorWrap: '+' should be on a new line.
[ERROR] src/main/java/com/joyent/manta/client/MantaJobPhase.java:[124,34] (whitespace) OperatorWrap: '+' should be on a new line.
[ERROR] src/main/java/com/joyent/manta/client/MantaObjectParser.java:[4,8] (imports) UnusedImports: Unused import - com.fasterxml.jackson.core.type.TypeReference.
[ERROR] src/main/java/com/joyent/manta/client/MantaObjectParser.java:[5] (imports) AvoidStarImport: Using the '.*' form of import should be avoided - com.fasterxml.jackson.databind.*.
[ERROR] src/main/java/com/joyent/manta/client/MantaObjectParser.java:[19,5] (javadoc) JavadocVariable: Missing a Javadoc comment.
[ERROR] src/main/java/com/joyent/manta/client/MantaObjectParser.java:[34,32] (misc) FinalParameters: Parameter in should be final.
[ERROR] src/main/java/com/joyent/manta/client/MantaObjectParser.java:[34,48] (misc) FinalParameters: Parameter charset should be final.
[ERROR] src/main/java/com/joyent/manta/client/MantaObjectParser.java:[35,32] (misc) FinalParameters: Parameter dataClass should be final.
[ERROR] src/main/java/com/joyent/manta/client/MantaObjectParser.java:[44,33] (misc) FinalParameters: Parameter in should be final.
[ERROR] src/main/java/com/joyent/manta/client/MantaObjectParser.java:[44,49] (misc) FinalParameters: Parameter charset should be final.
[ERROR] src/main/java/com/joyent/manta/client/MantaObjectParser.java:[45,33] (misc) FinalParameters: Parameter dataType should be final.
[ERROR] src/main/java/com/joyent/manta/client/MantaObjectParser.java:[59,32] (misc) FinalParameters: Parameter reader should be final.
[ERROR] src/main/java/com/joyent/manta/client/MantaObjectParser.java:[59,47] (misc) FinalParameters: Parameter dataClass should be final.
[ERROR] src/main/java/com/joyent/manta/client/MantaObjectParser.java:[69,33] (misc) FinalParameters: Parameter reader should be final.
[ERROR] src/main/java/com/joyent/manta/client/MantaObjectParser.java:[69,48] (misc) FinalParameters: Parameter dataType should be final.
[ERROR] src/main/java/com/joyent/manta/client/StringIteratorHttpContent.java:[18,5] (javadoc) JavadocVariable: Missing a Javadoc comment.
[ERROR] src/main/java/com/joyent/manta/client/StringIteratorHttpContent.java:[19,5] (javadoc) JavadocVariable: Missing a Javadoc comment.
[ERROR] src/main/java/com/joyent/manta/client/StringIteratorHttpContent.java:[20,5] (javadoc) JavadocVariable: Missing a Javadoc comment.
[ERROR] src/main/java/com/joyent/manta/client/StringIteratorHttpContent.java:[21,5] (javadoc) JavadocVariable: Missing a Javadoc comment.
[ERROR] src/main/java/com/joyent/manta/client/StringIteratorHttpContent.java:[24,5] (javadoc) JavadocMethod: Missing a Javadoc comment.
[ERROR] src/main/java/com/joyent/manta/client/StringIteratorHttpContent.java:[32,5] (javadoc) JavadocMethod: Missing a Javadoc comment.
[ERROR] src/main/java/com/joyent/manta/client/StringIteratorHttpContent.java:[59,25] (misc) FinalParameters: Parameter out should be final.
[ERROR] src/main/java/com/joyent/manta/client/StringIteratorHttpContent.java:[72,5] (javadoc) JavadocMethod: Missing a Javadoc comment.
[ERROR] src/main/java/com/joyent/manta/client/StringIteratorHttpContent.java:[72,34] (misc) FinalParameters: Parameter out should be final.
[ERROR] src/main/java/com/joyent/manta/client/StringIteratorHttpContent.java:[92,5] (javadoc) JavadocMethod: Missing a Javadoc comment.
[ERROR] src/main/java/com/joyent/manta/client/StringIteratorHttpContent.java:[92,32] (misc) FinalParameters: Parameter out should be final.
[ERROR] src/main/java/com/joyent/manta/client/StringIteratorHttpContent.java:[119] (javadoc) JavadocType: Missing a Javadoc comment.
[ERROR] src/main/java/com/joyent/manta/client/StringIteratorHttpContent.java:[120,9] (javadoc) JavadocMethod: Missing a Javadoc comment.
[ERROR] src/main/java/com/joyent/manta/client/StringIteratorHttpContent.java:[120,34] (misc) FinalParameters: Parameter cause should be final.
[ERROR] src/main/java/com/joyent/manta/client/StringIteratorHttpContent.java:[124,9] (javadoc) JavadocMethod: Missing a Javadoc comment.
[ERROR] Failed to execute goal org.apache.maven.plugins:maven-checkstyle-plugin:2.17:check (checkstyle) on project java-manta-client: You have 77 Checkstyle violations. -> [Help 1]
[ERROR] 
[ERROR] To see the full stack trace of the errors, re-run Maven with the -e switch.
[ERROR] Re-run Maven using the -X switch to enable full debug logging.
[ERROR] 
[ERROR] For more information about the errors and possible solutions, please read the following articles:
[ERROR] [Help 1] http://cwiki.apache.org/confluence/display/MAVEN/MojoFailureException
[ERROR] 
[ERROR] After correcting the problems, you can resume the build with the command
[ERROR]   mvn <goals> -rf :java-manta-client

[31;1mThe command "eval mvn install -Dhttps.protocols=TLSv1.2 -DskipTests=true -Dmaven.javadoc.skip=true -B -V " failed. Retrying, 2 of 3.[0m

Apache Maven 3.2.5 (12a6b3acb947671f09b81f49094c53f426d8cea1; 2014-12-14T17:29:23+00:00)
Maven home: /usr/local/maven
Java version: 1.8.0_31, vendor: Oracle Corporation
Java home: /usr/lib/jvm/java-8-oracle/jre
Default locale: en_US, platform encoding: UTF-8
OS name: "linux", version: "4.15.0-109-generic", arch: "amd64", family: "unix"
[ERROR] src/main/java/com/joyent/manta/client/MantaJobPhase.java:[17,5] (javadoc) JavadocVariable: Missing a Javadoc comment.
[ERROR] src/main/java/com/joyent/manta/client/MantaJobPhase.java:[18,5] (javadoc) JavadocVariable: Missing a Javadoc comment.
[ERROR] src/main/java/com/joyent/manta/client/MantaJobPhase.java:[19,5] (javadoc) JavadocVariable: Missing a Javadoc comment.
[ERROR] src/main/java/com/joyent/manta/client/MantaJobPhase.java:[20,5] (javadoc) JavadocVariable: Missing a Javadoc comment.
[ERROR] src/main/java/com/joyent/manta/client/MantaJobPhase.java:[21,5] (javadoc) JavadocVariable: Missing a Javadoc comment.
[ERROR] src/main/java/com/joyent/manta/client/MantaJobPhase.java:[22,5] (javadoc) JavadocVariable: Missing a Javadoc comment.
[ERROR] src/main/java/com/joyent/manta/client/MantaJobPhase.java:[23,5] (javadoc) JavadocVariable: Missing a Javadoc comment.
[ERROR] src/main/java/com/joyent/manta/client/MantaJobPhase.java:[25,5] (javadoc) JavadocMethod: Missing a Javadoc comment.
[ERROR] src/main/java/com/joyent/manta/client/MantaJobPhase.java:[30,5] (javadoc) JavadocMethod: Missing a Javadoc comment.
[ERROR] src/main/java/com/joyent/manta/client/MantaJobPhase.java:[30,26] (misc) FinalParameters: Parameter exec should be final.
[ERROR] src/main/java/com/joyent/manta/client/MantaJobPhase.java:[30,39] (misc) FinalParameters: Parameter type should be final.
[ERROR] src/main/java/com/joyent/manta/client/MantaJobPhase.java:[36,5] (javadoc) JavadocMethod: Missing a Javadoc comment.
[ERROR] src/main/java/com/joyent/manta/client/MantaJobPhase.java:[41,5] (javadoc) JavadocMethod: Missing a Javadoc comment.
[ERROR] src/main/java/com/joyent/manta/client/MantaJobPhase.java:[41,25] (misc) FinalParameters: Parameter exec should be final.
[ERROR] src/main/java/com/joyent/manta/client/MantaJobPhase.java:[46,5] (javadoc) JavadocMethod: Missing a Javadoc comment.
[ERROR] src/main/java/com/joyent/manta/client/MantaJobPhase.java:[51,5] (javadoc) JavadocMethod: Missing a Javadoc comment.
[ERROR] src/main/java/com/joyent/manta/client/MantaJobPhase.java:[51,25] (misc) FinalParameters: Parameter type should be final.
[ERROR] src/main/java/com/joyent/manta/client/MantaJobPhase.java:[56,5] (javadoc) JavadocMethod: Missing a Javadoc comment.
[ERROR] src/main/java/com/joyent/manta/client/MantaJobPhase.java:[60,5] (javadoc) JavadocMethod: Missing a Javadoc comment.
[ERROR] src/main/java/com/joyent/manta/client/MantaJobPhase.java:[60,27] (misc) FinalParameters: Parameter assets should be final.
[ERROR] src/main/java/com/joyent/manta/client/MantaJobPhase.java:[64,5] (javadoc) JavadocMethod: Missing a Javadoc comment.
[ERROR] src/main/java/com/joyent/manta/client/MantaJobPhase.java:[68,5] (javadoc) JavadocMethod: Missing a Javadoc comment.
[ERROR] src/main/java/com/joyent/manta/client/MantaJobPhase.java:[68,25] (misc) FinalParameters: Parameter init should be final.
[ERROR] src/main/java/com/joyent/manta/client/MantaJobPhase.java:[72,5] (javadoc) JavadocMethod: Missing a Javadoc comment.
[ERROR] src/main/java/com/joyent/manta/client/MantaJobPhase.java:[76,5] (javadoc) JavadocMethod: Missing a Javadoc comment.
[ERROR] src/main/java/com/joyent/manta/client/MantaJobPhase.java:[76,26] (misc) FinalParameters: Parameter count should be final.
[ERROR] src/main/java/com/joyent/manta/client/MantaJobPhase.java:[80,5] (javadoc) JavadocMethod: Missing a Javadoc comment.
[ERROR] src/main/java/com/joyent/manta/client/MantaJobPhase.java:[84,5] (javadoc) JavadocMethod: Missing a Javadoc comment.
[ERROR] src/main/java/com/joyent/manta/client/MantaJobPhase.java:[84,27] (misc) FinalParameters: Parameter memory should be final.
[ERROR] src/main/java/com/joyent/manta/client/MantaJobPhase.java:[88,5] (javadoc) JavadocMethod: Missing a Javadoc comment.
[ERROR] src/main/java/com/joyent/manta/client/MantaJobPhase.java:[92,5] (javadoc) JavadocMethod: Missing a Javadoc comment.
[ERROR] src/main/java/com/joyent/manta/client/MantaJobPhase.java:[92,25] (misc) FinalParameters: Parameter disk should be final.
[ERROR] src/main/java/com/joyent/manta/client/MantaJobPhase.java:[97,27] (misc) FinalParameters: Parameter o should be final.
[ERROR] src/main/java/com/joyent/manta/client/MantaJobPhase.java:[98] (blocks) NeedBraces: 'if' construct must use '{}'s.
[ERROR] src/main/java/com/joyent/manta/client/MantaJobPhase.java:[99] (blocks) NeedBraces: 'if' construct must use '{}'s.
[ERROR] src/main/java/com/joyent/manta/client/MantaJobPhase.java:[101,52] (whitespace) OperatorWrap: '&&' should be on a new line.
[ERROR] src/main/java/com/joyent/manta/client/MantaJobPhase.java:[102,49] (whitespace) OperatorWrap: '&&' should be on a new line.
[ERROR] src/main/java/com/joyent/manta/client/MantaJobPhase.java:[103,49] (whitespace) OperatorWrap: '&&' should be on a new line.
[ERROR] src/main/java/com/joyent/manta/client/MantaJobPhase.java:[104,49] (whitespace) OperatorWrap: '&&' should be on a new line.
[ERROR] src/main/java/com/joyent/manta/client/MantaJobPhase.java:[105,51] (whitespace) OperatorWrap: '&&' should be on a new line.
[ERROR] src/main/java/com/joyent/manta/client/MantaJobPhase.java:[106,53] (whitespace) OperatorWrap: '&&' should be on a new line.
[ERROR] src/main/java/com/joyent/manta/client/MantaJobPhase.java:[117,33] (whitespace) OperatorWrap: '+' should be on a new line.
[ERROR] src/main/java/com/joyent/manta/client/MantaJobPhase.java:[118,36] (whitespace) OperatorWrap: '+' should be on a new line.
[ERROR] src/main/java/com/joyent/manta/client/MantaJobPhase.java:[119,42] (whitespace) OperatorWrap: '+' should be on a new line.
[ERROR] src/main/java/com/joyent/manta/client/MantaJobPhase.java:[120,42] (whitespace) OperatorWrap: '+' should be on a new line.
[ERROR] src/main/java/com/joyent/manta/client/MantaJobPhase.java:[121,42] (whitespace) OperatorWrap: '+' should be on a new line.
[ERROR] src/main/java/com/joyent/manta/client/MantaJobPhase.java:[122,36] (whitespace) OperatorWrap: '+' should be on a new line.
[ERROR] src/main/java/com/joyent/manta/client/MantaJobPhase.java:[123,38] (whitespace) OperatorWrap: '+' should be on a new line.
[ERROR] src/main/java/com/joyent/manta/client/MantaJobPhase.java:[124,34] (whitespace) OperatorWrap: '+' should be on a new line.
[ERROR] src/main/java/com/joyent/manta/client/MantaObjectParser.java:[4,8] (imports) UnusedImports: Unused import - com.fasterxml.jackson.core.type.TypeReference.
[ERROR] src/main/java/com/joyent/manta/client/MantaObjectParser.java:[5] (imports) AvoidStarImport: Using the '.*' form of import should be avoided - com.fasterxml.jackson.databind.*.
[ERROR] src/main/java/com/joyent/manta/client/MantaObjectParser.java:[19,5] (javadoc) JavadocVariable: Missing a Javadoc comment.
[ERROR] src/main/java/com/joyent/manta/client/MantaObjectParser.java:[34,32] (misc) FinalParameters: Parameter in should be final.
[ERROR] src/main/java/com/joyent/manta/client/MantaObjectParser.java:[34,48] (misc) FinalParameters: Parameter charset should be final.
[ERROR] src/main/java/com/joyent/manta/client/MantaObjectParser.java:[35,32] (misc) FinalParameters: Parameter dataClass should be final.
[ERROR] src/main/java/com/joyent/manta/client/MantaObjectParser.java:[44,33] (misc) FinalParameters: Parameter in should be final.
[ERROR] src/main/java/com/joyent/manta/client/MantaObjectParser.java:[44,49] (misc) FinalParameters: Parameter charset should be final.
[ERROR] src/main/java/com/joyent/manta/client/MantaObjectParser.java:[45,33] (misc) FinalParameters: Parameter dataType should be final.
[ERROR] src/main/java/com/joyent/manta/client/MantaObjectParser.java:[59,32] (misc) FinalParameters: Parameter reader should be final.
[ERROR] src/main/java/com/joyent/manta/client/MantaObjectParser.java:[59,47] (misc) FinalParameters: Parameter dataClass should be final.
[ERROR] src/main/java/com/joyent/manta/client/MantaObjectParser.java:[69,33] (misc) FinalParameters: Parameter reader should be final.
[ERROR] src/main/java/com/joyent/manta/client/MantaObjectParser.java:[69,48] (misc) FinalParameters: Parameter dataType should be final.
[ERROR] src/main/java/com/joyent/manta/client/StringIteratorHttpContent.java:[18,5] (javadoc) JavadocVariable: Missing a Javadoc comment.
[ERROR] src/main/java/com/joyent/manta/client/StringIteratorHttpContent.java:[19,5] (javadoc) JavadocVariable: Missing a Javadoc comment.
[ERROR] src/main/java/com/joyent/manta/client/StringIteratorHttpContent.java:[20,5] (javadoc) JavadocVariable: Missing a Javadoc comment.
[ERROR] src/main/java/com/joyent/manta/client/StringIteratorHttpContent.java:[21,5] (javadoc) JavadocVariable: Missing a Javadoc comment.
[ERROR] src/main/java/com/joyent/manta/client/StringIteratorHttpContent.java:[24,5] (javadoc) JavadocMethod: Missing a Javadoc comment.
[ERROR] src/main/java/com/joyent/manta/client/StringIteratorHttpContent.java:[32,5] (javadoc) JavadocMethod: Missing a Javadoc comment.
[ERROR] src/main/java/com/joyent/manta/client/StringIteratorHttpContent.java:[59,25] (misc) FinalParameters: Parameter out should be final.
[ERROR] src/main/java/com/joyent/manta/client/StringIteratorHttpContent.java:[72,5] (javadoc) JavadocMethod: Missing a Javadoc comment.
[ERROR] src/main/java/com/joyent/manta/client/StringIteratorHttpContent.java:[72,34] (misc) FinalParameters: Parameter out should be final.
[ERROR] src/main/java/com/joyent/manta/client/StringIteratorHttpContent.java:[92,5] (javadoc) JavadocMethod: Missing a Javadoc comment.
[ERROR] src/main/java/com/joyent/manta/client/StringIteratorHttpContent.java:[92,32] (misc) FinalParameters: Parameter out should be final.
[ERROR] src/main/java/com/joyent/manta/client/StringIteratorHttpContent.java:[119] (javadoc) JavadocType: Missing a Javadoc comment.
[ERROR] src/main/java/com/joyent/manta/client/StringIteratorHttpContent.java:[120,9] (javadoc) JavadocMethod: Missing a Javadoc comment.
[ERROR] src/main/java/com/joyent/manta/client/StringIteratorHttpContent.java:[120,34] (misc) FinalParameters: Parameter cause should be final.
[ERROR] src/main/java/com/joyent/manta/client/StringIteratorHttpContent.java:[124,9] (javadoc) JavadocMethod: Missing a Javadoc comment.
[ERROR] Failed to execute goal org.apache.maven.plugins:maven-checkstyle-plugin:2.17:check (checkstyle) on project java-manta-client: You have 77 Checkstyle violations. -> [Help 1]
[ERROR] 
[ERROR] To see the full stack trace of the errors, re-run Maven with the -e switch.
[ERROR] Re-run Maven using the -X switch to enable full debug logging.
[ERROR] 
[ERROR] For more information about the errors and possible solutions, please read the following articles:
[ERROR] [Help 1] http://cwiki.apache.org/confluence/display/MAVEN/MojoFailureException
[ERROR] 
[ERROR] After correcting the problems, you can resume the build with the command
[ERROR]   mvn <goals> -rf :java-manta-client

[31;1mThe command "eval mvn install -Dhttps.protocols=TLSv1.2 -DskipTests=true -Dmaven.javadoc.skip=true -B -V " failed. Retrying, 3 of 3.[0m

Apache Maven 3.2.5 (12a6b3acb947671f09b81f49094c53f426d8cea1; 2014-12-14T17:29:23+00:00)
Maven home: /usr/local/maven
Java version: 1.8.0_31, vendor: Oracle Corporation
Java home: /usr/lib/jvm/java-8-oracle/jre
Default locale: en_US, platform encoding: UTF-8
OS name: "linux", version: "4.15.0-109-generic", arch: "amd64", family: "unix"
[ERROR] src/main/java/com/joyent/manta/client/MantaJobPhase.java:[17,5] (javadoc) JavadocVariable: Missing a Javadoc comment.
[ERROR] src/main/java/com/joyent/manta/client/MantaJobPhase.java:[18,5] (javadoc) JavadocVariable: Missing a Javadoc comment.
[ERROR] src/main/java/com/joyent/manta/client/MantaJobPhase.java:[19,5] (javadoc) JavadocVariable: Missing a Javadoc comment.
[ERROR] src/main/java/com/joyent/manta/client/MantaJobPhase.java:[20,5] (javadoc) JavadocVariable: Missing a Javadoc comment.
[ERROR] src/main/java/com/joyent/manta/client/MantaJobPhase.java:[21,5] (javadoc) JavadocVariable: Missing a Javadoc comment.
[ERROR] src/main/java/com/joyent/manta/client/MantaJobPhase.java:[22,5] (javadoc) JavadocVariable: Missing a Javadoc comment.
[ERROR] src/main/java/com/joyent/manta/client/MantaJobPhase.java:[23,5] (javadoc) JavadocVariable: Missing a Javadoc comment.
[ERROR] src/main/java/com/joyent/manta/client/MantaJobPhase.java:[25,5] (javadoc) JavadocMethod: Missing a Javadoc comment.
[ERROR] src/main/java/com/joyent/manta/client/MantaJobPhase.java:[30,5] (javadoc) JavadocMethod: Missing a Javadoc comment.
[ERROR] src/main/java/com/joyent/manta/client/MantaJobPhase.java:[30,26] (misc) FinalParameters: Parameter exec should be final.
[ERROR] src/main/java/com/joyent/manta/client/MantaJobPhase.java:[30,39] (misc) FinalParameters: Parameter type should be final.
[ERROR] src/main/java/com/joyent/manta/client/MantaJobPhase.java:[36,5] (javadoc) JavadocMethod: Missing a Javadoc comment.
[ERROR] src/main/java/com/joyent/manta/client/MantaJobPhase.java:[41,5] (javadoc) JavadocMethod: Missing a Javadoc comment.
[ERROR] src/main/java/com/joyent/manta/client/MantaJobPhase.java:[41,25] (misc) FinalParameters: Parameter exec should be final.
[ERROR] src/main/java/com/joyent/manta/client/MantaJobPhase.java:[46,5] (javadoc) JavadocMethod: Missing a Javadoc comment.
[ERROR] src/main/java/com/joyent/manta/client/MantaJobPhase.java:[51,5] (javadoc) JavadocMethod: Missing a Javadoc comment.
[ERROR] src/main/java/com/joyent/manta/client/MantaJobPhase.java:[51,25] (misc) FinalParameters: Parameter type should be final.
[ERROR] src/main/java/com/joyent/manta/client/MantaJobPhase.java:[56,5] (javadoc) JavadocMethod: Missing a Javadoc comment.
[ERROR] src/main/java/com/joyent/manta/client/MantaJobPhase.java:[60,5] (javadoc) JavadocMethod: Missing a Javadoc comment.
[ERROR] src/main/java/com/joyent/manta/client/MantaJobPhase.java:[60,27] (misc) FinalParameters: Parameter assets should be final.
[ERROR] src/main/java/com/joyent/manta/client/MantaJobPhase.java:[64,5] (javadoc) JavadocMethod: Missing a Javadoc comment.
[ERROR] src/main/java/com/joyent/manta/client/MantaJobPhase.java:[68,5] (javadoc) JavadocMethod: Missing a Javadoc comment.
[ERROR] src/main/java/com/joyent/manta/client/MantaJobPhase.java:[68,25] (misc) FinalParameters: Parameter init should be final.
[ERROR] src/main/java/com/joyent/manta/client/MantaJobPhase.java:[72,5] (javadoc) JavadocMethod: Missing a Javadoc comment.
[ERROR] src/main/java/com/joyent/manta/client/MantaJobPhase.java:[76,5] (javadoc) JavadocMethod: Missing a Javadoc comment.
[ERROR] src/main/java/com/joyent/manta/client/MantaJobPhase.java:[76,26] (misc) FinalParameters: Parameter count should be final.
[ERROR] src/main/java/com/joyent/manta/client/MantaJobPhase.java:[80,5] (javadoc) JavadocMethod: Missing a Javadoc comment.
[ERROR] src/main/java/com/joyent/manta/client/MantaJobPhase.java:[84,5] (javadoc) JavadocMethod: Missing a Javadoc comment.
[ERROR] src/main/java/com/joyent/manta/client/MantaJobPhase.java:[84,27] (misc) FinalParameters: Parameter memory should be final.
[ERROR] src/main/java/com/joyent/manta/client/MantaJobPhase.java:[88,5] (javadoc) JavadocMethod: Missing a Javadoc comment.
[ERROR] src/main/java/com/joyent/manta/client/MantaJobPhase.java:[92,5] (javadoc) JavadocMethod: Missing a Javadoc comment.
[ERROR] src/main/java/com/joyent/manta/client/MantaJobPhase.java:[92,25] (misc) FinalParameters: Parameter disk should be final.
[ERROR] src/main/java/com/joyent/manta/client/MantaJobPhase.java:[97,27] (misc) FinalParameters: Parameter o should be final.
[ERROR] src/main/java/com/joyent/manta/client/MantaJobPhase.java:[98] (blocks) NeedBraces: 'if' construct must use '{}'s.
[ERROR] src/main/java/com/joyent/manta/client/MantaJobPhase.java:[99] (blocks) NeedBraces: 'if' construct must use '{}'s.
[ERROR] src/main/java/com/joyent/manta/client/MantaJobPhase.java:[101,52] (whitespace) OperatorWrap: '&&' should be on a new line.
[ERROR] src/main/java/com/joyent/manta/client/MantaJobPhase.java:[102,49] (whitespace) OperatorWrap: '&&' should be on a new line.
[ERROR] src/main/java/com/joyent/manta/client/MantaJobPhase.java:[103,49] (whitespace) OperatorWrap: '&&' should be on a new line.
[ERROR] src/main/java/com/joyent/manta/client/MantaJobPhase.java:[104,49] (whitespace) OperatorWrap: '&&' should be on a new line.
[ERROR] src/main/java/com/joyent/manta/client/MantaJobPhase.java:[105,51] (whitespace) OperatorWrap: '&&' should be on a new line.
[ERROR] src/main/java/com/joyent/manta/client/MantaJobPhase.java:[106,53] (whitespace) OperatorWrap: '&&' should be on a new line.
[ERROR] src/main/java/com/joyent/manta/client/MantaJobPhase.java:[117,33] (whitespace) OperatorWrap: '+' should be on a new line.
[ERROR] src/main/java/com/joyent/manta/client/MantaJobPhase.java:[118,36] (whitespace) OperatorWrap: '+' should be on a new line.
[ERROR] src/main/java/com/joyent/manta/client/MantaJobPhase.java:[119,42] (whitespace) OperatorWrap: '+' should be on a new line.
[ERROR] src/main/java/com/joyent/manta/client/MantaJobPhase.java:[120,42] (whitespace) OperatorWrap: '+' should be on a new line.
[ERROR] src/main/java/com/joyent/manta/client/MantaJobPhase.java:[121,42] (whitespace) OperatorWrap: '+' should be on a new line.
[ERROR] src/main/java/com/joyent/manta/client/MantaJobPhase.java:[122,36] (whitespace) OperatorWrap: '+' should be on a new line.
[ERROR] src/main/java/com/joyent/manta/client/MantaJobPhase.java:[123,38] (whitespace) OperatorWrap: '+' should be on a new line.
[ERROR] src/main/java/com/joyent/manta/client/MantaJobPhase.java:[124,34] (whitespace) OperatorWrap: '+' should be on a new line.
[ERROR] src/main/java/com/joyent/manta/client/MantaObjectParser.java:[4,8] (imports) UnusedImports: Unused import - com.fasterxml.jackson.core.type.TypeReference.
[ERROR] src/main/java/com/joyent/manta/client/MantaObjectParser.java:[5] (imports) AvoidStarImport: Using the '.*' form of import should be avoided - com.fasterxml.jackson.databind.*.
[ERROR] src/main/java/com/joyent/manta/client/MantaObjectParser.java:[19,5] (javadoc) JavadocVariable: Missing a Javadoc comment.
[ERROR] src/main/java/com/joyent/manta/client/MantaObjectParser.java:[34,32] (misc) FinalParameters: Parameter in should be final.
[ERROR] src/main/java/com/joyent/manta/client/MantaObjectParser.java:[34,48] (misc) FinalParameters: Parameter charset should be final.
[ERROR] src/main/java/com/joyent/manta/client/MantaObjectParser.java:[35,32] (misc) FinalParameters: Parameter dataClass should be final.
[ERROR] src/main/java/com/joyent/manta/client/MantaObjectParser.java:[44,33] (misc) FinalParameters: Parameter in should be final.
[ERROR] src/main/java/com/joyent/manta/client/MantaObjectParser.java:[44,49] (misc) FinalParameters: Parameter charset should be final.
[ERROR] src/main/java/com/joyent/manta/client/MantaObjectParser.java:[45,33] (misc) FinalParameters: Parameter dataType should be final.
[ERROR] src/main/java/com/joyent/manta/client/MantaObjectParser.java:[59,32] (misc) FinalParameters: Parameter reader should be final.
[ERROR] src/main/java/com/joyent/manta/client/MantaObjectParser.java:[59,47] (misc) FinalParameters: Parameter dataClass should be final.
[ERROR] src/main/java/com/joyent/manta/client/MantaObjectParser.java:[69,33] (misc) FinalParameters: Parameter reader should be final.
[ERROR] src/main/java/com/joyent/manta/client/MantaObjectParser.java:[69,48] (misc) FinalParameters: Parameter dataType should be final.
[ERROR] src/main/java/com/joyent/manta/client/StringIteratorHttpContent.java:[18,5] (javadoc) JavadocVariable: Missing a Javadoc comment.
[ERROR] src/main/java/com/joyent/manta/client/StringIteratorHttpContent.java:[19,5] (javadoc) JavadocVariable: Missing a Javadoc comment.
[ERROR] src/main/java/com/joyent/manta/client/StringIteratorHttpContent.java:[20,5] (javadoc) JavadocVariable: Missing a Javadoc comment.
[ERROR] src/main/java/com/joyent/manta/client/StringIteratorHttpContent.java:[21,5] (javadoc) JavadocVariable: Missing a Javadoc comment.
[ERROR] src/main/java/com/joyent/manta/client/StringIteratorHttpContent.java:[24,5] (javadoc) JavadocMethod: Missing a Javadoc comment.
[ERROR] src/main/java/com/joyent/manta/client/StringIteratorHttpContent.java:[32,5] (javadoc) JavadocMethod: Missing a Javadoc comment.
[ERROR] src/main/java/com/joyent/manta/client/StringIteratorHttpContent.java:[59,25] (misc) FinalParameters: Parameter out should be final.
[ERROR] src/main/java/com/joyent/manta/client/StringIteratorHttpContent.java:[72,5] (javadoc) JavadocMethod: Missing a Javadoc comment.
[ERROR] src/main/java/com/joyent/manta/client/StringIteratorHttpContent.java:[72,34] (misc) FinalParameters: Parameter out should be final.
[ERROR] src/main/java/com/joyent/manta/client/StringIteratorHttpContent.java:[92,5] (javadoc) JavadocMethod: Missing a Javadoc comment.
[ERROR] src/main/java/com/joyent/manta/client/StringIteratorHttpContent.java:[92,32] (misc) FinalParameters: Parameter out should be final.
[ERROR] src/main/java/com/joyent/manta/client/StringIteratorHttpContent.java:[119] (javadoc) JavadocType: Missing a Javadoc comment.
[ERROR] src/main/java/com/joyent/manta/client/StringIteratorHttpContent.java:[120,9] (javadoc) JavadocMethod: Missing a Javadoc comment.
[ERROR] src/main/java/com/joyent/manta/client/StringIteratorHttpContent.java:[120,34] (misc) FinalParameters: Parameter cause should be final.
[ERROR] src/main/java/com/joyent/manta/client/StringIteratorHttpContent.java:[124,9] (javadoc) JavadocMethod: Missing a Javadoc comment.
[ERROR] Failed to execute goal org.apache.maven.plugins:maven-checkstyle-plugin:2.17:check (checkstyle) on project java-manta-client: You have 77 Checkstyle violations. -> [Help 1]
[ERROR] 
[ERROR] To see the full stack trace of the errors, re-run Maven with the -e switch.
[ERROR] Re-run Maven using the -X switch to enable full debug logging.
[ERROR] 
[ERROR] For more information about the errors and possible solutions, please read the following articles:
[ERROR] [Help 1] http://cwiki.apache.org/confluence/display/MAVEN/MojoFailureException
[ERROR] 
[ERROR] After correcting the problems, you can resume the build with the command
[ERROR]   mvn <goals> -rf :java-manta-client

[31;1mThe command "eval mvn install -Dhttps.protocols=TLSv1.2 -DskipTests=true -Dmaven.javadoc.skip=true -B -V " failed 3 times.[0m


travis_time:end:0c1d3a6f:start=1657797411092129250,finish=1657797450494447478,duration=39402318228[0K
[31;1mThe command "mvn install -Dhttps.protocols=TLSv1.2 -DskipTests=true -Dmaven.javadoc.skip=true -B -V" failed and exited with 1 during .[0m

Your build has been stopped.
