travis_fold:start:system_info[0K[33;1mBuild system information[0m
Build language: java
Build group: stable
Build dist: precise
Build id: ''
Job id: ''
[34m[1mBuild image provisioning date and time[0m
Thu Feb  5 15:09:33 UTC 2015
[34m[1mOperating System Details[0m
Distributor ID:	Ubuntu
Description:	Ubuntu 12.04.5 LTS
Release:	12.04
Codename:	precise
[34m[1mLinux Version[0m
3.13.0-29-generic
[34m[1mCookbooks Version[0m
a68419e https://github.com/travis-ci/travis-cookbooks/tree/a68419e
[34m[1mGCC version[0m
gcc (Ubuntu/Linaro 4.6.3-1ubuntu5) 4.6.3
Copyright (C) 2011 Free Software Foundation, Inc.
This is free software; see the source for copying conditions.  There is NO
warranty; not even for MERCHANTABILITY or FITNESS FOR A PARTICULAR PURPOSE.

[34m[1mLLVM version[0m
clang version 3.4 (tags/RELEASE_34/final)
Target: x86_64-unknown-linux-gnu
Thread model: posix
[34m[1mPre-installed Ruby versions[0m
ruby-1.9.3-p551
[34m[1mPre-installed Node.js versions[0m
v0.10.36
[34m[1mPre-installed Go versions[0m
1.4.1
[34m[1mRedis version[0m
redis-server 2.8.19
[34m[1mriak version[0m
2.0.2
[34m[1mMongoDB version[0m
MongoDB 2.4.12
[34m[1mCouchDB version[0m
couchdb 1.6.1
[34m[1mNeo4j version[0m
1.9.4
[34m[1mRabbitMQ Version[0m
3.4.3
[34m[1mElasticSearch version[0m
1.4.0
[34m[1mInstalled Sphinx versions[0m
2.0.10
2.1.9
2.2.6
[34m[1mDefault Sphinx version[0m
2.2.6
[34m[1mInstalled Firefox version[0m
firefox 31.0esr
[34m[1mPhantomJS version[0m
1.9.8
[34m[1mant -version[0m
Apache Ant(TM) version 1.8.2 compiled on December 3 2011
[34m[1mmvn -version[0m
Apache Maven 3.2.5 (12a6b3acb947671f09b81f49094c53f426d8cea1; 2014-12-14T17:29:23+00:00)
Maven home: /usr/local/maven
Java version: 1.7.0_76, vendor: Oracle Corporation
Java home: /usr/lib/jvm/java-7-oracle/jre
Default locale: en_US, platform encoding: ANSI_X3.4-1968
OS name: "linux", version: "3.13.0-29-generic", arch: "amd64", family: "unix"
travis_fold:end:system_info[0K
grep: /etc/apt/sources.list.d/*: No such file or directory
W: Failed to fetch http://us.archive.ubuntu.com/ubuntu/dists/precise/main/source/Sources  404  Not Found [IP: 91.189.91.38 80]

W: Failed to fetch http://us.archive.ubuntu.com/ubuntu/dists/precise/restricted/source/Sources  404  Not Found [IP: 91.189.91.38 80]

W: Failed to fetch http://us.archive.ubuntu.com/ubuntu/dists/precise/universe/source/Sources  404  Not Found [IP: 91.189.91.38 80]

W: Failed to fetch http://us.archive.ubuntu.com/ubuntu/dists/precise/multiverse/source/Sources  404  Not Found [IP: 91.189.91.38 80]

W: Failed to fetch http://us.archive.ubuntu.com/ubuntu/dists/precise/main/binary-amd64/Packages  404  Not Found [IP: 91.189.91.38 80]

W: Failed to fetch http://us.archive.ubuntu.com/ubuntu/dists/precise/restricted/binary-amd64/Packages  404  Not Found [IP: 91.189.91.38 80]

W: Failed to fetch http://us.archive.ubuntu.com/ubuntu/dists/precise/universe/binary-amd64/Packages  404  Not Found [IP: 91.189.91.38 80]

W: Failed to fetch http://us.archive.ubuntu.com/ubuntu/dists/precise/multiverse/binary-amd64/Packages  404  Not Found [IP: 91.189.91.38 80]

W: Failed to fetch http://us.archive.ubuntu.com/ubuntu/dists/precise/main/binary-i386/Packages  404  Not Found [IP: 91.189.91.38 80]

W: Failed to fetch http://us.archive.ubuntu.com/ubuntu/dists/precise/restricted/binary-i386/Packages  404  Not Found [IP: 91.189.91.38 80]

W: Failed to fetch http://us.archive.ubuntu.com/ubuntu/dists/precise/universe/binary-i386/Packages  404  Not Found [IP: 91.189.91.38 80]

W: Failed to fetch http://us.archive.ubuntu.com/ubuntu/dists/precise/multiverse/binary-i386/Packages  404  Not Found [IP: 91.189.91.38 80]

W: Failed to fetch http://us.archive.ubuntu.com/ubuntu/dists/precise-updates/main/source/Sources  404  Not Found [IP: 91.189.91.38 80]

W: Failed to fetch http://us.archive.ubuntu.com/ubuntu/dists/precise-updates/restricted/source/Sources  404  Not Found [IP: 91.189.91.38 80]

W: Failed to fetch http://us.archive.ubuntu.com/ubuntu/dists/precise-updates/universe/source/Sources  404  Not Found [IP: 91.189.91.38 80]

W: Failed to fetch http://us.archive.ubuntu.com/ubuntu/dists/precise-updates/multiverse/source/Sources  404  Not Found [IP: 91.189.91.38 80]

W: Failed to fetch http://us.archive.ubuntu.com/ubuntu/dists/precise-updates/main/binary-amd64/Packages  404  Not Found [IP: 91.189.91.38 80]

W: Failed to fetch http://us.archive.ubuntu.com/ubuntu/dists/precise-updates/restricted/binary-amd64/Packages  404  Not Found [IP: 91.189.91.38 80]

W: Failed to fetch http://us.archive.ubuntu.com/ubuntu/dists/precise-updates/universe/binary-amd64/Packages  404  Not Found [IP: 91.189.91.38 80]

W: Failed to fetch http://us.archive.ubuntu.com/ubuntu/dists/precise-updates/multiverse/binary-amd64/Packages  404  Not Found [IP: 91.189.91.38 80]

W: Failed to fetch http://us.archive.ubuntu.com/ubuntu/dists/precise-updates/main/binary-i386/Packages  404  Not Found [IP: 91.189.91.38 80]

W: Failed to fetch http://us.archive.ubuntu.com/ubuntu/dists/precise-updates/restricted/binary-i386/Packages  404  Not Found [IP: 91.189.91.38 80]

W: Failed to fetch http://us.archive.ubuntu.com/ubuntu/dists/precise-updates/universe/binary-i386/Packages  404  Not Found [IP: 91.189.91.38 80]

W: Failed to fetch http://us.archive.ubuntu.com/ubuntu/dists/precise-updates/multiverse/binary-i386/Packages  404  Not Found [IP: 91.189.91.38 80]

W: Failed to fetch http://us.archive.ubuntu.com/ubuntu/dists/precise-backports/main/source/Sources  404  Not Found [IP: 91.189.91.38 80]

W: Failed to fetch http://us.archive.ubuntu.com/ubuntu/dists/precise-backports/restricted/source/Sources  404  Not Found [IP: 91.189.91.38 80]

W: Failed to fetch http://us.archive.ubuntu.com/ubuntu/dists/precise-backports/universe/source/Sources  404  Not Found [IP: 91.189.91.38 80]

W: Failed to fetch http://us.archive.ubuntu.com/ubuntu/dists/precise-backports/multiverse/source/Sources  404  Not Found [IP: 91.189.91.38 80]

W: Failed to fetch http://us.archive.ubuntu.com/ubuntu/dists/precise-backports/main/binary-amd64/Packages  404  Not Found [IP: 91.189.91.38 80]

W: Failed to fetch http://us.archive.ubuntu.com/ubuntu/dists/precise-backports/restricted/binary-amd64/Packages  404  Not Found [IP: 91.189.91.38 80]

W: Failed to fetch http://us.archive.ubuntu.com/ubuntu/dists/precise-backports/universe/binary-amd64/Packages  404  Not Found [IP: 91.189.91.38 80]

W: Failed to fetch http://us.archive.ubuntu.com/ubuntu/dists/precise-backports/multiverse/binary-amd64/Packages  404  Not Found [IP: 91.189.91.38 80]

W: Failed to fetch http://us.archive.ubuntu.com/ubuntu/dists/precise-backports/main/binary-i386/Packages  404  Not Found [IP: 91.189.91.38 80]

W: Failed to fetch http://us.archive.ubuntu.com/ubuntu/dists/precise-backports/restricted/binary-i386/Packages  404  Not Found [IP: 91.189.91.38 80]

W: Failed to fetch http://us.archive.ubuntu.com/ubuntu/dists/precise-backports/universe/binary-i386/Packages  404  Not Found [IP: 91.189.91.38 80]

W: Failed to fetch http://us.archive.ubuntu.com/ubuntu/dists/precise-backports/multiverse/binary-i386/Packages  404  Not Found [IP: 91.189.91.38 80]

W: Failed to fetch http://security.ubuntu.com/ubuntu/dists/precise-security/main/source/Sources  404  Not Found [IP: 91.189.91.39 80]

W: Failed to fetch http://security.ubuntu.com/ubuntu/dists/precise-security/restricted/source/Sources  404  Not Found [IP: 91.189.91.39 80]

W: Failed to fetch http://security.ubuntu.com/ubuntu/dists/precise-security/universe/source/Sources  404  Not Found [IP: 91.189.91.39 80]

W: Failed to fetch http://security.ubuntu.com/ubuntu/dists/precise-security/multiverse/source/Sources  404  Not Found [IP: 91.189.91.39 80]

W: Failed to fetch http://security.ubuntu.com/ubuntu/dists/precise-security/main/binary-amd64/Packages  404  Not Found [IP: 91.189.91.39 80]

W: Failed to fetch http://security.ubuntu.com/ubuntu/dists/precise-security/restricted/binary-amd64/Packages  404  Not Found [IP: 91.189.91.39 80]

W: Failed to fetch http://security.ubuntu.com/ubuntu/dists/precise-security/universe/binary-amd64/Packages  404  Not Found [IP: 91.189.91.39 80]

W: Failed to fetch http://security.ubuntu.com/ubuntu/dists/precise-security/multiverse/binary-amd64/Packages  404  Not Found [IP: 91.189.91.39 80]

W: Failed to fetch http://security.ubuntu.com/ubuntu/dists/precise-security/main/binary-i386/Packages  404  Not Found [IP: 91.189.91.39 80]

W: Failed to fetch http://security.ubuntu.com/ubuntu/dists/precise-security/restricted/binary-i386/Packages  404  Not Found [IP: 91.189.91.39 80]

W: Failed to fetch http://security.ubuntu.com/ubuntu/dists/precise-security/universe/binary-i386/Packages  404  Not Found [IP: 91.189.91.39 80]

W: Failed to fetch http://security.ubuntu.com/ubuntu/dists/precise-security/multiverse/binary-i386/Packages  404  Not Found [IP: 91.189.91.39 80]

E: Some index files failed to download. They have been ignored, or old ones used instead.
sed: cannot rename /etc/hosts: Device or resource busy
sed: cannot rename /etc/hosts: Device or resource busy
$ jdk_switcher use oraclejdk8
Switching to Oracle JDK8 (java-8-oracle), JAVA_HOME will be set to /usr/lib/jvm/java-8-oracle
$ cd failed/SonarSource/sonarlint-intellij

[33;1mSetting environment variables from .travis.yml[0m
$ export TARGET=CI

$ export TERM=dumb
travis_fold:start:cache.1[0KSetting up build cache
$ export CASHER_DIR=$HOME/.casher
travis_time:start:1026a524[0K$ Installing caching utilities

travis_time:end:1026a524:start=1657884259585293788,finish=1657884259747225309,duration=161931521[0Ktravis_time:start:09ecf95b[0K
travis_time:end:09ecf95b:start=1657884259762519397,finish=1657884259772944482,duration=10425085[0Ktravis_time:start:0dbeaa95[0K/home/travis/.casher/bin/casher:213:in `cache_archive_name': undefined method `[]' for nil:NilClass (NoMethodError)
	from /home/travis/.casher/bin/casher:65:in `block in fetch'
	from /home/travis/.casher/bin/casher:64:in `each'
	from /home/travis/.casher/bin/casher:64:in `fetch'
	from /home/travis/.casher/bin/casher:53:in `block in run'
	from /home/travis/.rvm/rubies/ruby-1.9.3-p551/lib/ruby/1.9.1/timeout.rb:69:in `timeout'
	from /home/travis/.casher/bin/casher:53:in `run'
	from /home/travis/.casher/bin/casher:263:in `<main>'
[32;1mattempting to download cache archive[0m

travis_time:end:0dbeaa95:start=1657884259784912218,finish=1657884260578341673,duration=793429455[0Ktravis_time:start:2e8aa15a[0K
travis_time:end:2e8aa15a:start=1657884260590093286,finish=1657884260600624536,duration=10531250[0Ktravis_time:start:0d18f15c[0K[32;1madding /home/travis/.m2/repository to cache[0m
[32;1madding /home/travis/.gradle to cache[0m
[32;1mcreating directory /home/travis/.gradle[0m
[32;1madding /home/travis/build/failed/SonarSource/sonarlint-intellij/.gradle to cache[0m
[32;1mcreating directory /home/travis/build/failed/SonarSource/sonarlint-intellij/.gradle[0m
[32;1madding /home/travis/.sonar to cache[0m
[32;1mcreating directory /home/travis/.sonar[0m

travis_time:end:0d18f15c:start=1657884260612409268,finish=1657884261407761846,duration=795352578[0Ktravis_fold:end:cache.1[0K$ java -Xmx32m -version
java version "1.8.0_31"
Java(TM) SE Runtime Environment (build 1.8.0_31-b13)
Java HotSpot(TM) 64-Bit Server VM (build 25.31-b07, mixed mode)
$ javac -J-Xmx32m -version
javac 1.8.0_31
travis_fold:start:install[0Ktravis_time:start:13ebd960[0K$ true

travis_time:end:13ebd960:start=1657884261690537150,finish=1657884261698501174,duration=7964024[0Ktravis_fold:end:install[0Ktravis_time:start:008a2bc5[0K$ ./travis.sh

================ Build, no analysis =================
Downloading https://services.gradle.org/distributions/gradle-2.14.1-all.zip
...........................................................................................................................................................................................................................................................................................................................................................................................................................................................................................................................................................................................................................................................................................................................................................................................................................................................................................................................................................................................................................................................................................................................................................................................................................................................................................................................................................................................................................................................................................................................................................................................................................................................................................................................................................................................................................................................................................................................................................................................................................................................................................................................................................................................................................................................................................................................................................................................................................................................................................................................................................................................................................................................................................................................................................................................................................................................................................................................................................................................................................................................................................................................................................................................................................................................................................................................................................................................................................................................................................................................................................................................
Unzipping /home/travis/.gradle/wrapper/dists/gradle-2.14.1-all/8bnwg5hd3w55iofp58khbp6yv/gradle-2.14.1-all.zip to /home/travis/.gradle/wrapper/dists/gradle-2.14.1-all/8bnwg5hd3w55iofp58khbp6yv
Set executable permissions for: /home/travis/.gradle/wrapper/dists/gradle-2.14.1-all/8bnwg5hd3w55iofp58khbp6yv/gradle-2.14.1/bin/gradle
To honour the JVM settings for this build a new JVM will be forked. Please consider using the daemon: https://docs.gradle.org/2.14.1/userguide/gradle_daemon.html.
Download https://plugins.gradle.org/m2/gradle/plugin/org/jetbrains/gradle-intellij-plugin/0.1.10/gradle-intellij-plugin-0.1.10.pom
Download https://plugins.gradle.org/m2/org/sonarsource/scanner/gradle/sonarqube-gradle-plugin/1.2-rc1/sonarqube-gradle-plugin-1.2-rc1.pom
Download https://plugins.gradle.org/m2/nl/javadude/gradle/plugins/license-gradle-plugin/0.11.0/license-gradle-plugin-0.11.0.pom
Download https://plugins.gradle.org/m2/net/researchgate/gradle-release/2.2.2/gradle-release-2.2.2.pom
Download https://plugins.gradle.org/m2/org/jfrog/buildinfo/build-info-extractor-gradle/4.4.0/build-info-extractor-gradle-4.4.0.pom
Download https://plugins.gradle.org/m2/gradle/plugin/com/google/protobuf/protobuf-gradle-plugin/0.8.0/protobuf-gradle-plugin-0.8.0.pom
Download https://plugins.gradle.org/m2/org/jetbrains/annotations/13.0/annotations-13.0.pom
Download https://plugins.gradle.org/m2/org/jetbrains/intellij/plugin-repository-rest-client/0.3.16/plugin-repository-rest-client-0.3.16.pom
Download https://plugins.gradle.org/m2/org/jetbrains/intellij/plugins/intellij-plugin-structure/1.23/intellij-plugin-structure-1.23.pom
Download https://plugins.gradle.org/m2/org/sonarsource/sonar-runner/sonar-runner-api/2.5/sonar-runner-api-2.5.pom
Download https://plugins.gradle.org/m2/org/sonarsource/sonar-runner/sonar-runner/2.5/sonar-runner-2.5.pom
Download https://plugins.gradle.org/m2/org/sonarsource/parent/parent/26/parent-26.pom
Download https://plugins.gradle.org/m2/com/google/guava/guava/17.0/guava-17.0.pom
Download https://plugins.gradle.org/m2/com/google/guava/guava-parent/17.0/guava-parent-17.0.pom
Download https://plugins.gradle.org/m2/org/sonatype/oss/oss-parent/7/oss-parent-7.pom
Download https://plugins.gradle.org/m2/com/mycila/maven-license-plugin/maven-license-plugin/1.10.b1/maven-license-plugin-1.10.b1.pom
Download https://plugins.gradle.org/m2/com/mycila/parent-pom/5/parent-pom-5.pom
Download https://plugins.gradle.org/m2/org/apache/ivy/ivy/2.2.0/ivy-2.2.0.pom
Download https://plugins.gradle.org/m2/org/apache/apache/7/apache-7.pom
Download https://plugins.gradle.org/m2/commons-logging/commons-logging/1.1.1/commons-logging-1.1.1.pom
Download https://plugins.gradle.org/m2/org/apache/commons/commons-parent/5/commons-parent-5.pom
Download https://plugins.gradle.org/m2/org/apache/apache/4/apache-4.pom
Download https://plugins.gradle.org/m2/commons-io/commons-io/2.2/commons-io-2.2.pom
Download https://plugins.gradle.org/m2/org/apache/commons/commons-parent/24/commons-parent-24.pom
Download https://plugins.gradle.org/m2/org/apache/apache/9/apache-9.pom
Download https://plugins.gradle.org/m2/commons-lang/commons-lang/2.4/commons-lang-2.4.pom
Download https://plugins.gradle.org/m2/org/apache/commons/commons-parent/9/commons-parent-9.pom
Download https://plugins.gradle.org/m2/org/codehaus/groovy/groovy-all/2.3.6/groovy-all-2.3.6.pom
Download https://plugins.gradle.org/m2/org/jfrog/buildinfo/build-info-extractor/2.6.0/build-info-extractor-2.6.0.pom
Download https://plugins.gradle.org/m2/com/google/gradle/osdetector-gradle-plugin/1.4.0/osdetector-gradle-plugin-1.4.0.pom
Download https://plugins.gradle.org/m2/org/jetbrains/kotlin/kotlin-stdlib/1.0.0/kotlin-stdlib-1.0.0.pom
Download https://plugins.gradle.org/m2/org/jetbrains/kotlin/kotlin-project/1.0.0/kotlin-project-1.0.0.pom
Download https://plugins.gradle.org/m2/org/slf4j/slf4j-api/1.7.12/slf4j-api-1.7.12.pom
Download https://plugins.gradle.org/m2/org/slf4j/slf4j-parent/1.7.12/slf4j-parent-1.7.12.pom
Download https://plugins.gradle.org/m2/com/squareup/retrofit/retrofit/1.9.0/retrofit-1.9.0.pom
Download https://plugins.gradle.org/m2/com/squareup/retrofit/parent/1.9.0/parent-1.9.0.pom
Download https://plugins.gradle.org/m2/org/jdom/jdom/2.0.2/jdom-2.0.2.pom
Download https://plugins.gradle.org/m2/com/intellij/annotations/12.0/annotations-12.0.pom
Download https://plugins.gradle.org/m2/org/ow2/asm/asm-all/5.0.4/asm-all-5.0.4.pom
Download https://plugins.gradle.org/m2/org/ow2/asm/asm-parent/5.0.4/asm-parent-5.0.4.pom
Download https://plugins.gradle.org/m2/org/ow2/ow2/1.3/ow2-1.3.pom
Download https://plugins.gradle.org/m2/org/jsoup/jsoup/1.8.3/jsoup-1.8.3.pom
Download https://plugins.gradle.org/m2/org/codehaus/plexus/plexus-archiver/2.3/plexus-archiver-2.3.pom
Download https://plugins.gradle.org/m2/org/codehaus/plexus/plexus-components/1.3/plexus-components-1.3.pom
Download https://plugins.gradle.org/m2/org/codehaus/plexus/plexus/3.3/plexus-3.3.pom
Download https://plugins.gradle.org/m2/org/sonatype/spice/spice-parent/17/spice-parent-17.pom
Download https://plugins.gradle.org/m2/org/sonatype/forge/forge-parent/10/forge-parent-10.pom
Download https://plugins.gradle.org/m2/org/apache/maven/maven-plugin-api/3.0.1/maven-plugin-api-3.0.1.pom
Download https://plugins.gradle.org/m2/org/apache/maven/maven/3.0.1/maven-3.0.1.pom
Download https://plugins.gradle.org/m2/org/apache/maven/maven-parent/15/maven-parent-15.pom
Download https://plugins.gradle.org/m2/org/apache/apache/6/apache-6.pom
Download https://plugins.gradle.org/m2/com/mycila/xmltool/xmltool/3.3/xmltool-3.3.pom
Download https://plugins.gradle.org/m2/org/apache/maven/maven-project/3.0-alpha-2/maven-project-3.0-alpha-2.pom
Download https://plugins.gradle.org/m2/org/apache/maven/maven/3.0-alpha-2/maven-3.0-alpha-2.pom
Download https://plugins.gradle.org/m2/org/apache/maven/maven-parent/10/maven-parent-10.pom
Download https://plugins.gradle.org/m2/org/codehaus/plexus/plexus-utils/2.0.5/plexus-utils-2.0.5.pom
Download https://plugins.gradle.org/m2/org/codehaus/plexus/plexus/2.0.6/plexus-2.0.6.pom
Download https://plugins.gradle.org/m2/org/jfrog/buildinfo/build-info-client/2.6.0/build-info-client-2.6.0.pom
Download https://plugins.gradle.org/m2/com/thoughtworks/xstream/xstream/1.3.1/xstream-1.3.1.pom
Download https://plugins.gradle.org/m2/com/thoughtworks/xstream/xstream-parent/1.3.1/xstream-parent-1.3.1.pom
Download https://plugins.gradle.org/m2/kr/motd/maven/os-maven-plugin/1.4.0.Final/os-maven-plugin-1.4.0.Final.pom
Download https://plugins.gradle.org/m2/org/sonatype/oss/oss-parent/9/oss-parent-9.pom
Download https://plugins.gradle.org/m2/org/jetbrains/kotlin/kotlin-runtime/1.0.0/kotlin-runtime-1.0.0.pom
Download https://plugins.gradle.org/m2/com/google/code/gson/gson/2.3.1/gson-2.3.1.pom
Download https://plugins.gradle.org/m2/org/codehaus/plexus/plexus-container-default/1.0-alpha-9-stable-1/plexus-container-default-1.0-alpha-9-stable-1.pom
Download https://plugins.gradle.org/m2/org/codehaus/plexus/plexus-containers/1.0.3/plexus-containers-1.0.3.pom
Download https://plugins.gradle.org/m2/org/codehaus/plexus/plexus/1.0.4/plexus-1.0.4.pom
Download https://plugins.gradle.org/m2/org/codehaus/plexus/plexus-io/2.0.6/plexus-io-2.0.6.pom
Download https://plugins.gradle.org/m2/org/codehaus/plexus/plexus-components/1.2/plexus-components-1.2.pom
Download https://plugins.gradle.org/m2/org/codehaus/plexus/plexus/3.2/plexus-3.2.pom
Download https://plugins.gradle.org/m2/org/apache/maven/maven-model/3.0.1/maven-model-3.0.1.pom
Download https://plugins.gradle.org/m2/org/apache/maven/maven-artifact/3.0.1/maven-artifact-3.0.1.pom
Download https://plugins.gradle.org/m2/org/sonatype/sisu/sisu-inject-plexus/1.4.3.1/sisu-inject-plexus-1.4.3.1.pom
Download https://plugins.gradle.org/m2/org/sonatype/sisu/inject/guice-plexus/1.4.3.1/guice-plexus-1.4.3.1.pom
Download https://plugins.gradle.org/m2/org/sonatype/sisu/inject/guice-bean/1.4.3.1/guice-bean-1.4.3.1.pom
Download https://plugins.gradle.org/m2/org/sonatype/sisu/sisu-inject/1.4.3.1/sisu-inject-1.4.3.1.pom
Download https://plugins.gradle.org/m2/org/sonatype/sisu/sisu-parent/1.4.3.1/sisu-parent-1.4.3.1.pom
Download https://plugins.gradle.org/m2/org/sonatype/forge/forge-parent/6/forge-parent-6.pom
Download https://plugins.gradle.org/m2/org/codehaus/plexus/plexus-interpolation/1.1/plexus-interpolation-1.1.pom
Download https://plugins.gradle.org/m2/org/codehaus/plexus/plexus/1.0.11/plexus-1.0.11.pom
Download https://plugins.gradle.org/m2/org/apache/maven/maven-compat/3.0-alpha-2/maven-compat-3.0-alpha-2.pom
Download https://plugins.gradle.org/m2/org/codehaus/woodstox/wstx-asl/3.2.6/wstx-asl-3.2.6.pom
Download https://plugins.gradle.org/m2/org/sonatype/spice/model-builder/1.3/model-builder-1.3.pom
Download https://plugins.gradle.org/m2/org/sonatype/spice/spice-parent/10/spice-parent-10.pom
Download https://plugins.gradle.org/m2/org/sonatype/forge/forge-parent/3/forge-parent-3.pom
Download https://plugins.gradle.org/m2/org/apache/maven/maven-project-builder/3.0-alpha-2/maven-project-builder-3.0-alpha-2.pom
Download https://plugins.gradle.org/m2/commons-codec/commons-codec/1.8/commons-codec-1.8.pom
Download https://plugins.gradle.org/m2/org/apache/commons/commons-parent/28/commons-parent-28.pom
Download https://plugins.gradle.org/m2/org/apache/apache/13/apache-13.pom
Download https://plugins.gradle.org/m2/org/apache/httpcomponents/httpcore/4.2.5/httpcore-4.2.5.pom
Download https://plugins.gradle.org/m2/org/apache/httpcomponents/httpcomponents-core/4.2.5/httpcomponents-core-4.2.5.pom
Download https://plugins.gradle.org/m2/org/apache/httpcomponents/project/7/project-7.pom
Download https://plugins.gradle.org/m2/org/codehaus/jackson/jackson-mapper-asl/1.9.12/jackson-mapper-asl-1.9.12.pom
Download https://plugins.gradle.org/m2/org/jfrog/buildinfo/build-info-api/2.6.0/build-info-api-2.6.0.pom
Download https://plugins.gradle.org/m2/org/apache/httpcomponents/httpclient/4.2.5/httpclient-4.2.5.pom
Download https://plugins.gradle.org/m2/org/apache/httpcomponents/httpcomponents-client/4.2.5/httpcomponents-client-4.2.5.pom
Download https://plugins.gradle.org/m2/org/apache/httpcomponents/project/6/project-6.pom
Download https://plugins.gradle.org/m2/xpp3/xpp3_min/1.1.4c/xpp3_min-1.1.4c.pom
Download https://plugins.gradle.org/m2/org/codehaus/plexus/plexus-component-annotations/1.0-beta-3.0.5/plexus-component-annotations-1.0-beta-3.0.5.pom
Download https://plugins.gradle.org/m2/org/codehaus/plexus/plexus-containers/1.0-beta-3.0.5/plexus-containers-1.0-beta-3.0.5.pom
Download https://plugins.gradle.org/m2/org/codehaus/plexus/plexus/2.0.2/plexus-2.0.2.pom
Download https://plugins.gradle.org/m2/org/apache/maven/wagon/wagon-provider-api/1.0-beta-4/wagon-provider-api-1.0-beta-4.pom
Download https://plugins.gradle.org/m2/org/apache/maven/wagon/wagon/1.0-beta-4/wagon-1.0-beta-4.pom
Download https://plugins.gradle.org/m2/org/apache/maven/maven-parent/8/maven-parent-8.pom
Download https://plugins.gradle.org/m2/stax/stax-api/1.0.1/stax-api-1.0.1.pom
Download https://plugins.gradle.org/m2/org/codehaus/jackson/jackson-core-asl/1.9.12/jackson-core-asl-1.9.12.pom
Download https://plugins.gradle.org/m2/com/google/guava/guava/18.0/guava-18.0.pom
Download https://plugins.gradle.org/m2/com/google/guava/guava-parent/18.0/guava-parent-18.0.pom
Download https://plugins.gradle.org/m2/commons-lang/commons-lang/2.6/commons-lang-2.6.pom
Download https://plugins.gradle.org/m2/org/apache/commons/commons-parent/17/commons-parent-17.pom
Download https://plugins.gradle.org/m2/commons-io/commons-io/2.3/commons-io-2.3.pom
Download https://plugins.gradle.org/m2/org/codehaus/plexus/plexus-utils/3.0.17/plexus-utils-3.0.17.pom
Download https://plugins.gradle.org/m2/org/codehaus/plexus/plexus/3.3.1/plexus-3.3.1.pom
Download https://plugins.gradle.org/m2/org/codehaus/plexus/plexus-container-default/1.0-beta-3.0.5/plexus-container-default-1.0-beta-3.0.5.pom
Download https://plugins.gradle.org/m2/org/codehaus/plexus/plexus-classworlds/1.4/plexus-classworlds-1.4.pom
Download https://plugins.gradle.org/m2/org/codehaus/plexus/plexus/2.0.0/plexus-2.0.0.pom
Download https://plugins.gradle.org/m2/org/apache/xbean/xbean-reflect/3.4/xbean-reflect-3.4.pom
Download https://plugins.gradle.org/m2/org/apache/xbean/xbean/3.4/xbean-3.4.pom
Download https://plugins.gradle.org/m2/com/google/code/google-collections/google-collect/snapshot-20080530/google-collect-snapshot-20080530.pom
Download https://plugins.gradle.org/m2/junit/junit/3.8.2/junit-3.8.2.pom
Download https://plugins.gradle.org/m2/log4j/log4j/1.2.12/log4j-1.2.12.pom
Download https://plugins.gradle.org/m2/commons-logging/commons-logging-api/1.1/commons-logging-api-1.1.pom
Download https://plugins.gradle.org/m2/org/apache/maven/maven-plugin-api/3.2.1/maven-plugin-api-3.2.1.pom
Download https://plugins.gradle.org/m2/org/apache/maven/maven/3.2.1/maven-3.2.1.pom
Download https://plugins.gradle.org/m2/org/apache/maven/maven-parent/23/maven-parent-23.pom
Download https://plugins.gradle.org/m2/org/eclipse/sisu/org.eclipse.sisu.plexus/0.0.0.M5/org.eclipse.sisu.plexus-0.0.0.M5.pom
Download https://plugins.gradle.org/m2/org/eclipse/sisu/sisu-plexus/0.0.0.M5/sisu-plexus-0.0.0.M5.pom
Download https://plugins.gradle.org/m2/javax/enterprise/cdi-api/1.0/cdi-api-1.0.pom
Download https://plugins.gradle.org/m2/org/jboss/weld/weld-api-parent/1.0/weld-api-parent-1.0.pom
Download https://plugins.gradle.org/m2/org/jboss/weld/weld-api-bom/1.0/weld-api-bom-1.0.pom
Download https://plugins.gradle.org/m2/org/jboss/weld/weld-parent/6/weld-parent-6.pom
Download https://plugins.gradle.org/m2/org/sonatype/sisu/sisu-guice/3.1.0/sisu-guice-3.1.0.pom
Download https://plugins.gradle.org/m2/org/sonatype/sisu/inject/guice-parent/3.1.0/guice-parent-3.1.0.pom
Download https://plugins.gradle.org/m2/org/eclipse/sisu/org.eclipse.sisu.inject/0.0.0.M5/org.eclipse.sisu.inject-0.0.0.M5.pom
Download https://plugins.gradle.org/m2/org/eclipse/sisu/sisu-inject/0.0.0.M5/sisu-inject-0.0.0.M5.pom
Download https://plugins.gradle.org/m2/javax/annotation/jsr250-api/1.0/jsr250-api-1.0.pom
Download https://plugins.gradle.org/m2/javax/inject/javax.inject/1/javax.inject-1.pom
Download https://plugins.gradle.org/m2/aopalliance/aopalliance/1.0/aopalliance-1.0.pom
Download https://plugins.gradle.org/m2/org/apache/maven/maven-model/3.2.1/maven-model-3.2.1.pom
Download https://plugins.gradle.org/m2/org/apache/maven/maven-artifact/3.2.1/maven-artifact-3.2.1.pom
Download https://plugins.gradle.org/m2/org/codehaus/plexus/plexus-component-annotations/1.5.5/plexus-component-annotations-1.5.5.pom
Download https://plugins.gradle.org/m2/org/codehaus/plexus/plexus-containers/1.5.5/plexus-containers-1.5.5.pom
Download https://plugins.gradle.org/m2/org/codehaus/plexus/plexus/2.0.7/plexus-2.0.7.pom
Download https://plugins.gradle.org/m2/org/codehaus/plexus/plexus-classworlds/2.4/plexus-classworlds-2.4.pom
Download https://plugins.gradle.org/m2/gradle/plugin/org/jetbrains/gradle-intellij-plugin/0.1.10/gradle-intellij-plugin-0.1.10.jar
Download https://plugins.gradle.org/m2/org/sonarsource/scanner/gradle/sonarqube-gradle-plugin/1.2-rc1/sonarqube-gradle-plugin-1.2-rc1.jar
Download https://plugins.gradle.org/m2/nl/javadude/gradle/plugins/license-gradle-plugin/0.11.0/license-gradle-plugin-0.11.0.jar
Download https://plugins.gradle.org/m2/net/researchgate/gradle-release/2.2.2/gradle-release-2.2.2.jar
Download https://plugins.gradle.org/m2/org/jfrog/buildinfo/build-info-extractor-gradle/4.4.0/build-info-extractor-gradle-4.4.0.jar
Download https://plugins.gradle.org/m2/gradle/plugin/com/google/protobuf/protobuf-gradle-plugin/0.8.0/protobuf-gradle-plugin-0.8.0.jar
Download https://plugins.gradle.org/m2/org/jetbrains/annotations/13.0/annotations-13.0.jar
Download https://plugins.gradle.org/m2/org/jetbrains/intellij/plugin-repository-rest-client/0.3.16/plugin-repository-rest-client-0.3.16.jar
Download https://plugins.gradle.org/m2/org/jetbrains/intellij/plugins/intellij-plugin-structure/1.23/intellij-plugin-structure-1.23.jar
Download https://plugins.gradle.org/m2/org/sonarsource/sonar-runner/sonar-runner-api/2.5/sonar-runner-api-2.5.jar
Download https://plugins.gradle.org/m2/com/mycila/maven-license-plugin/maven-license-plugin/1.10.b1/maven-license-plugin-1.10.b1.jar
Download https://plugins.gradle.org/m2/org/apache/ivy/ivy/2.2.0/ivy-2.2.0.jar
Download https://plugins.gradle.org/m2/commons-logging/commons-logging/1.1.1/commons-logging-1.1.1.jar
Download https://plugins.gradle.org/m2/org/codehaus/groovy/groovy-all/2.3.6/groovy-all-2.3.6.jar
Download https://plugins.gradle.org/m2/org/jfrog/buildinfo/build-info-extractor/2.6.0/build-info-extractor-2.6.0.jar
Download https://plugins.gradle.org/m2/com/google/gradle/osdetector-gradle-plugin/1.4.0/osdetector-gradle-plugin-1.4.0.jar
Download https://plugins.gradle.org/m2/org/jetbrains/kotlin/kotlin-stdlib/1.0.0/kotlin-stdlib-1.0.0.jar
Download https://plugins.gradle.org/m2/org/slf4j/slf4j-api/1.7.12/slf4j-api-1.7.12.jar
Download https://plugins.gradle.org/m2/com/squareup/retrofit/retrofit/1.9.0/retrofit-1.9.0.jar
Download https://plugins.gradle.org/m2/org/jdom/jdom/2.0.2/jdom-2.0.2.jar
Download https://plugins.gradle.org/m2/com/intellij/annotations/12.0/annotations-12.0.jar
Download https://plugins.gradle.org/m2/org/ow2/asm/asm-all/5.0.4/asm-all-5.0.4.jar
Download https://plugins.gradle.org/m2/org/jsoup/jsoup/1.8.3/jsoup-1.8.3.jar
Download https://plugins.gradle.org/m2/org/codehaus/plexus/plexus-archiver/2.3/plexus-archiver-2.3.jar
Download https://plugins.gradle.org/m2/com/mycila/xmltool/xmltool/3.3/xmltool-3.3.jar
Download https://plugins.gradle.org/m2/org/apache/maven/maven-project/3.0-alpha-2/maven-project-3.0-alpha-2.jar
Download https://plugins.gradle.org/m2/org/jfrog/buildinfo/build-info-client/2.6.0/build-info-client-2.6.0.jar
Download https://plugins.gradle.org/m2/com/thoughtworks/xstream/xstream/1.3.1/xstream-1.3.1.jar
Download https://plugins.gradle.org/m2/kr/motd/maven/os-maven-plugin/1.4.0.Final/os-maven-plugin-1.4.0.Final.jar
Download https://plugins.gradle.org/m2/org/jetbrains/kotlin/kotlin-runtime/1.0.0/kotlin-runtime-1.0.0.jar
Download https://plugins.gradle.org/m2/com/google/code/gson/gson/2.3.1/gson-2.3.1.jar
Download https://plugins.gradle.org/m2/org/codehaus/plexus/plexus-io/2.0.6/plexus-io-2.0.6.jar
Download https://plugins.gradle.org/m2/org/codehaus/plexus/plexus-interpolation/1.1/plexus-interpolation-1.1.jar
Download https://plugins.gradle.org/m2/org/apache/maven/maven-compat/3.0-alpha-2/maven-compat-3.0-alpha-2.jar
Download https://plugins.gradle.org/m2/org/codehaus/woodstox/wstx-asl/3.2.6/wstx-asl-3.2.6.jar
Download https://plugins.gradle.org/m2/org/sonatype/spice/model-builder/1.3/model-builder-1.3.jar
Download https://plugins.gradle.org/m2/org/apache/maven/maven-project-builder/3.0-alpha-2/maven-project-builder-3.0-alpha-2.jar
Download https://plugins.gradle.org/m2/commons-codec/commons-codec/1.8/commons-codec-1.8.jar
Download https://plugins.gradle.org/m2/org/apache/httpcomponents/httpcore/4.2.5/httpcore-4.2.5.jar
Download https://plugins.gradle.org/m2/org/codehaus/jackson/jackson-mapper-asl/1.9.12/jackson-mapper-asl-1.9.12.jar
Download https://plugins.gradle.org/m2/org/jfrog/buildinfo/build-info-api/2.6.0/build-info-api-2.6.0.jar
Download https://plugins.gradle.org/m2/org/apache/httpcomponents/httpclient/4.2.5/httpclient-4.2.5.jar
Download https://plugins.gradle.org/m2/xpp3/xpp3_min/1.1.4c/xpp3_min-1.1.4c.jar
Download https://plugins.gradle.org/m2/org/apache/maven/wagon/wagon-provider-api/1.0-beta-4/wagon-provider-api-1.0-beta-4.jar
Download https://plugins.gradle.org/m2/stax/stax-api/1.0.1/stax-api-1.0.1.jar
Download https://plugins.gradle.org/m2/org/codehaus/jackson/jackson-core-asl/1.9.12/jackson-core-asl-1.9.12.jar
Download https://plugins.gradle.org/m2/com/google/guava/guava/18.0/guava-18.0.jar
Download https://plugins.gradle.org/m2/commons-lang/commons-lang/2.6/commons-lang-2.6.jar
Download https://plugins.gradle.org/m2/commons-io/commons-io/2.3/commons-io-2.3.jar
Download https://plugins.gradle.org/m2/org/codehaus/plexus/plexus-utils/3.0.17/plexus-utils-3.0.17.jar
Download https://plugins.gradle.org/m2/org/codehaus/plexus/plexus-container-default/1.0-beta-3.0.5/plexus-container-default-1.0-beta-3.0.5.jar
Download https://plugins.gradle.org/m2/org/apache/xbean/xbean-reflect/3.4/xbean-reflect-3.4.jar
Download https://plugins.gradle.org/m2/com/google/code/google-collections/google-collect/snapshot-20080530/google-collect-snapshot-20080530.jar
Download https://plugins.gradle.org/m2/junit/junit/3.8.2/junit-3.8.2.jar
Download https://plugins.gradle.org/m2/log4j/log4j/1.2.12/log4j-1.2.12.jar
Download https://plugins.gradle.org/m2/commons-logging/commons-logging-api/1.1/commons-logging-api-1.1.jar
Download https://plugins.gradle.org/m2/org/apache/maven/maven-plugin-api/3.2.1/maven-plugin-api-3.2.1.jar
Download https://plugins.gradle.org/m2/org/eclipse/sisu/org.eclipse.sisu.plexus/0.0.0.M5/org.eclipse.sisu.plexus-0.0.0.M5.jar
Download https://plugins.gradle.org/m2/javax/enterprise/cdi-api/1.0/cdi-api-1.0.jar
Download https://plugins.gradle.org/m2/org/sonatype/sisu/sisu-guice/3.1.0/sisu-guice-3.1.0-no_aop.jar
Download https://plugins.gradle.org/m2/org/eclipse/sisu/org.eclipse.sisu.inject/0.0.0.M5/org.eclipse.sisu.inject-0.0.0.M5.jar
Download https://plugins.gradle.org/m2/javax/annotation/jsr250-api/1.0/jsr250-api-1.0.jar
Download https://plugins.gradle.org/m2/javax/inject/javax.inject/1/javax.inject-1.jar
Download https://plugins.gradle.org/m2/aopalliance/aopalliance/1.0/aopalliance-1.0.jar
Download https://plugins.gradle.org/m2/org/apache/maven/maven-model/3.2.1/maven-model-3.2.1.jar
Download https://plugins.gradle.org/m2/org/apache/maven/maven-artifact/3.2.1/maven-artifact-3.2.1.jar
Download https://plugins.gradle.org/m2/org/codehaus/plexus/plexus-component-annotations/1.5.5/plexus-component-annotations-1.5.5.jar
Download https://plugins.gradle.org/m2/org/codehaus/plexus/plexus-classworlds/2.4/plexus-classworlds-2.4.jar
[buildinfo] Not using buildInfo properties file for this build.
Download https://www.jetbrains.com/intellij-repository/releases/com/jetbrains/intellij/idea/ideaIC/2016.3/ideaIC-2016.3.pom
Download https://www.jetbrains.com/intellij-repository/releases/com/jetbrains/intellij/idea/ideaIC/2016.3/ideaIC-2016.3.zip
Download https://www.jetbrains.com/intellij-repository/releases/com/jetbrains/intellij/idea/ideaIC/2016.3/ideaIC-2016.3-sources.jar
:extractIncludeProto
Download https://jcenter.bintray.com/org/sonarsource/sonarlint/core/sonarlint-client-api/2.8.0.168/sonarlint-client-api-2.8.0.168.pom
Download https://jcenter.bintray.com/org/sonarsource/sonarlint/core/sonarlint-core-parent/2.8.0.168/sonarlint-core-parent-2.8.0.168.pom
Download https://jcenter.bintray.com/org/sonarsource/parent/parent/37/parent-37.pom
Download https://jcenter.bintray.com/org/sonarsource/sonarlint/core/sonarlint-core/2.8.0.168/sonarlint-core-2.8.0.168.pom
Download https://jcenter.bintray.com/com/google/code/findbugs/jsr305/2.0.2/jsr305-2.0.2.pom
Download https://jcenter.bintray.com/org/sonarsource/sonarlint/core/sonarlint-client-api/2.8.0.168/sonarlint-client-api-2.8.0.168.jar
Download https://jcenter.bintray.com/org/sonarsource/sonarlint/core/sonarlint-core/2.8.0.168/sonarlint-core-2.8.0.168.jar
Download https://jcenter.bintray.com/com/google/code/findbugs/jsr305/2.0.2/jsr305-2.0.2.jar
:extractProto
:generateProto
Download https://jcenter.bintray.com/com/google/protobuf/protoc/3.1.0/protoc-3.1.0.pom
Download https://jcenter.bintray.com/com/google/google/1/google-1.pom
Download https://jcenter.bintray.com/com/google/protobuf/protoc/3.1.0/protoc-3.1.0-linux-x86_64.exe
:compileJavaNote: Some input files use or override a deprecated API.
Note: Recompile with -Xlint:deprecation for details.
Note: Some input files use unchecked or unsafe operations.
Note: Recompile with -Xlint:unchecked for details.

:cleanSQPlugins UP-TO-DATE
:downloadSQPlugins
Download https://jcenter.bintray.com/org/sonarsource/java/sonar-java-plugin/4.3.0.7717/sonar-java-plugin-4.3.0.7717.pom
Download https://jcenter.bintray.com/org/sonarsource/java/java/4.3.0.7717/java-4.3.0.7717.pom
Download https://jcenter.bintray.com/org/sonarsource/javascript/sonar-javascript-plugin/2.18.0.3454/sonar-javascript-plugin-2.18.0.3454.pom
Download https://jcenter.bintray.com/org/sonarsource/javascript/javascript/2.18.0.3454/javascript-2.18.0.3454.pom
Download https://jcenter.bintray.com/org/sonarsource/php/sonar-php-plugin/2.9.1.1705/sonar-php-plugin-2.9.1.1705.pom
Download https://jcenter.bintray.com/org/sonarsource/php/php/2.9.1.1705/php-2.9.1.1705.pom
Download https://jcenter.bintray.com/org/sonarsource/python/sonar-python-plugin/1.6/sonar-python-plugin-1.6.pom
Download https://jcenter.bintray.com/org/sonarsource/python/python/1.6/python-1.6.pom
Download https://jcenter.bintray.com/org/sonarsource/parent/parent/36/parent-36.pom
Download https://jcenter.bintray.com/org/sonarsource/java/sonar-java-plugin/4.3.0.7717/sonar-java-plugin-4.3.0.7717.jar
Download https://jcenter.bintray.com/org/sonarsource/javascript/sonar-javascript-plugin/2.18.0.3454/sonar-javascript-plugin-2.18.0.3454.jar
Download https://jcenter.bintray.com/org/sonarsource/php/sonar-php-plugin/2.9.1.1705/sonar-php-plugin-2.9.1.1705.jar
Download https://jcenter.bintray.com/org/sonarsource/python/sonar-python-plugin/1.6/sonar-python-plugin-1.6.jar
:processResources
:classes
:prepareSandbox
:buildPlugin
:licenseMain
Unknown file extension: src/main/resources/images/severity/blocker@2x.png
Unknown file extension: src/main/resources/images/severity/minor@2x.png
Unknown file extension: src/main/resources/images/externalToolsSmall_dark.png
Unknown file extension: src/main/resources/images/externalToolsSmall.png
Unknown file extension: src/main/resources/images/clean.png
Unknown file extension: src/main/resources/images/execute@2x.png
Unknown file extension: src/main/resources/images/warn@2x.png
Unknown file extension: src/main/resources/images/suspend.png
Unknown file extension: src/main/resources/images/externalToolsSmall@2x.png
Unknown file extension: src/main/resources/images/severity/major@2x.png
Unknown file extension: src/main/resources/images/externalToolsSmall@2x_dark.png
Unknown file extension: src/main/resources/images/info@2x.png
Unknown file extension: src/main/resources/images/remove.png
Unknown file extension: src/main/resources/images/sonarlint.png
Unknown file extension: src/main/resources/images/ico-sonarlint-13.png
Unknown file extension: src/main/resources/images/issue_annotation.png
Unknown file extension: src/main/resources/images/severity/minor.png
Unknown file extension: src/main/resources/plugins/sonar-python-plugin-1.6.jar
Unknown file extension: src/main/resources/images/severity/critical.png
Unknown file extension: src/main/resources/images/onde-sonar-16-execute.png
Unknown file extension: src/main/resources/images/sonarqube-48x200.png
Unknown file extension: src/main/resources/plugins/sonar-java-plugin-4.3.0.7717.jar
Unknown file extension: src/main/resources/images/onde-sonar-16.png
Unknown file extension: src/main/resources/images/severity/major.png
Unknown file extension: src/main/resources/images/severity/info.png
Unknown file extension: src/main/resources/images/info.png
Unknown file extension: src/main/resources/images/severity/critical@2x.png
Unknown file extension: src/main/resources/plugins/sonar-javascript-plugin-2.18.0.3454.jar
Unknown file extension: src/main/resources/images/severity/info@2x.png
Unknown file extension: src/main/resources/images/severity/blocker.png
Unknown file extension: src/main/resources/images/onde-sonar-13.png
Unknown file extension: src/main/resources/images/sonarlint@2x.png
Unknown file extension: src/main/resources/images/tip.png
Unknown file extension: src/main/resources/images/warn.png
Unknown file extension: src/main/resources/plugins/sonar-php-plugin-2.9.1.1705.jar
Unknown file extension: src/main/resources/images/clean@2x.png
Unknown file extension: src/main/resources/images/suspend@2x.png
Unknown file extension: src/main/resources/images/execute.png
:licenseMain UP-TO-DATE
:licenseTest
Missing header in: src/test/java/org/sonarlint/intellij/analysis/AnalysisThreadFactoryTest.java
:licenseTest FAILED

FAILURE: Build failed with an exception.

* What went wrong:
Execution failed for task ':licenseTest'.
> License violations were found: /home/travis/build/failed/SonarSource/sonarlint-intellij/src/test/java/org/sonarlint/intellij/analysis/AnalysisThreadFactoryTest.java}

* Try:
Run with --info or --debug option to get more log output.

* Exception is:
org.gradle.api.tasks.TaskExecutionException: Execution failed for task ':licenseTest'.
	at org.gradle.api.internal.tasks.execution.ExecuteActionsTaskExecuter.executeActions(ExecuteActionsTaskExecuter.java:69)
	at org.gradle.api.internal.tasks.execution.ExecuteActionsTaskExecuter.execute(ExecuteActionsTaskExecuter.java:46)
	at org.gradle.api.internal.tasks.execution.PostExecutionAnalysisTaskExecuter.execute(PostExecutionAnalysisTaskExecuter.java:35)
	at org.gradle.api.internal.tasks.execution.SkipUpToDateTaskExecuter.execute(SkipUpToDateTaskExecuter.java:66)
	at org.gradle.api.internal.tasks.execution.ValidatingTaskExecuter.execute(ValidatingTaskExecuter.java:58)
	at org.gradle.api.internal.tasks.execution.SkipEmptySourceFilesTaskExecuter.execute(SkipEmptySourceFilesTaskExecuter.java:52)
	at org.gradle.api.internal.tasks.execution.SkipTaskWithNoActionsExecuter.execute(SkipTaskWithNoActionsExecuter.java:52)
	at org.gradle.api.internal.tasks.execution.SkipOnlyIfTaskExecuter.execute(SkipOnlyIfTaskExecuter.java:53)
	at org.gradle.api.internal.tasks.execution.ExecuteAtMostOnceTaskExecuter.execute(ExecuteAtMostOnceTaskExecuter.java:43)
	at org.gradle.execution.taskgraph.DefaultTaskGraphExecuter$EventFiringTaskWorker.execute(DefaultTaskGraphExecuter.java:203)
	at org.gradle.execution.taskgraph.DefaultTaskGraphExecuter$EventFiringTaskWorker.execute(DefaultTaskGraphExecuter.java:185)
	at org.gradle.execution.taskgraph.AbstractTaskPlanExecutor$TaskExecutorWorker.processTask(AbstractTaskPlanExecutor.java:66)
	at org.gradle.execution.taskgraph.AbstractTaskPlanExecutor$TaskExecutorWorker.run(AbstractTaskPlanExecutor.java:50)
	at org.gradle.execution.taskgraph.DefaultTaskPlanExecutor.process(DefaultTaskPlanExecutor.java:25)
	at org.gradle.execution.taskgraph.DefaultTaskGraphExecuter.execute(DefaultTaskGraphExecuter.java:110)
	at org.gradle.execution.SelectedTaskExecutionAction.execute(SelectedTaskExecutionAction.java:37)
	at org.gradle.execution.DefaultBuildExecuter.execute(DefaultBuildExecuter.java:37)
	at org.gradle.execution.DefaultBuildExecuter.access$000(DefaultBuildExecuter.java:23)
	at org.gradle.execution.DefaultBuildExecuter$1.proceed(DefaultBuildExecuter.java:43)
	at org.gradle.execution.DryRunBuildExecutionAction.execute(DryRunBuildExecutionAction.java:32)
	at org.gradle.execution.DefaultBuildExecuter.execute(DefaultBuildExecuter.java:37)
	at org.gradle.execution.DefaultBuildExecuter.execute(DefaultBuildExecuter.java:30)
	at org.gradle.initialization.DefaultGradleLauncher$4.run(DefaultGradleLauncher.java:153)
	at org.gradle.internal.Factories$1.create(Factories.java:22)
	at org.gradle.internal.progress.DefaultBuildOperationExecutor.run(DefaultBuildOperationExecutor.java:91)
	at org.gradle.internal.progress.DefaultBuildOperationExecutor.run(DefaultBuildOperationExecutor.java:53)
	at org.gradle.initialization.DefaultGradleLauncher.doBuildStages(DefaultGradleLauncher.java:150)
	at org.gradle.initialization.DefaultGradleLauncher.access$200(DefaultGradleLauncher.java:32)
	at org.gradle.initialization.DefaultGradleLauncher$1.create(DefaultGradleLauncher.java:98)
	at org.gradle.initialization.DefaultGradleLauncher$1.create(DefaultGradleLauncher.java:92)
	at org.gradle.internal.progress.DefaultBuildOperationExecutor.run(DefaultBuildOperationExecutor.java:91)
	at org.gradle.internal.progress.DefaultBuildOperationExecutor.run(DefaultBuildOperationExecutor.java:63)
	at org.gradle.initialization.DefaultGradleLauncher.doBuild(DefaultGradleLauncher.java:92)
	at org.gradle.initialization.DefaultGradleLauncher.run(DefaultGradleLauncher.java:83)
	at org.gradle.launcher.exec.InProcessBuildActionExecuter$DefaultBuildController.run(InProcessBuildActionExecuter.java:99)
	at org.gradle.tooling.internal.provider.ExecuteBuildActionRunner.run(ExecuteBuildActionRunner.java:28)
	at org.gradle.launcher.exec.ChainingBuildActionRunner.run(ChainingBuildActionRunner.java:35)
	at org.gradle.launcher.exec.InProcessBuildActionExecuter.execute(InProcessBuildActionExecuter.java:48)
	at org.gradle.launcher.exec.InProcessBuildActionExecuter.execute(InProcessBuildActionExecuter.java:30)
	at org.gradle.launcher.exec.ContinuousBuildActionExecuter.execute(ContinuousBuildActionExecuter.java:81)
	at org.gradle.launcher.exec.ContinuousBuildActionExecuter.execute(ContinuousBuildActionExecuter.java:46)
	at org.gradle.launcher.daemon.server.exec.ExecuteBuild.doBuild(ExecuteBuild.java:52)
	at org.gradle.launcher.daemon.server.exec.BuildCommandOnly.execute(BuildCommandOnly.java:36)
	at org.gradle.launcher.daemon.server.api.DaemonCommandExecution.proceed(DaemonCommandExecution.java:120)
	at org.gradle.launcher.daemon.server.exec.WatchForDisconnection.execute(WatchForDisconnection.java:37)
	at org.gradle.launcher.daemon.server.api.DaemonCommandExecution.proceed(DaemonCommandExecution.java:120)
	at org.gradle.launcher.daemon.server.exec.ResetDeprecationLogger.execute(ResetDeprecationLogger.java:26)
	at org.gradle.launcher.daemon.server.api.DaemonCommandExecution.proceed(DaemonCommandExecution.java:120)
	at org.gradle.launcher.daemon.server.exec.RequestStopIfSingleUsedDaemon.execute(RequestStopIfSingleUsedDaemon.java:34)
	at org.gradle.launcher.daemon.server.api.DaemonCommandExecution.proceed(DaemonCommandExecution.java:120)
	at org.gradle.launcher.daemon.server.exec.ForwardClientInput$2.call(ForwardClientInput.java:74)
	at org.gradle.launcher.daemon.server.exec.ForwardClientInput$2.call(ForwardClientInput.java:72)
	at org.gradle.util.Swapper.swap(Swapper.java:38)
	at org.gradle.launcher.daemon.server.exec.ForwardClientInput.execute(ForwardClientInput.java:72)
	at org.gradle.launcher.daemon.server.api.DaemonCommandExecution.proceed(DaemonCommandExecution.java:120)
	at org.gradle.launcher.daemon.server.health.DaemonHealthTracker.execute(DaemonHealthTracker.java:40)
	at org.gradle.launcher.daemon.server.api.DaemonCommandExecution.proceed(DaemonCommandExecution.java:120)
	at org.gradle.launcher.daemon.server.exec.LogToClient.doBuild(LogToClient.java:60)
	at org.gradle.launcher.daemon.server.exec.BuildCommandOnly.execute(BuildCommandOnly.java:36)
	at org.gradle.launcher.daemon.server.api.DaemonCommandExecution.proceed(DaemonCommandExecution.java:120)
	at org.gradle.launcher.daemon.server.exec.EstablishBuildEnvironment.doBuild(EstablishBuildEnvironment.java:72)
	at org.gradle.launcher.daemon.server.exec.BuildCommandOnly.execute(BuildCommandOnly.java:36)
	at org.gradle.launcher.daemon.server.api.DaemonCommandExecution.proceed(DaemonCommandExecution.java:120)
	at org.gradle.launcher.daemon.server.health.HintGCAfterBuild.execute(HintGCAfterBuild.java:41)
	at org.gradle.launcher.daemon.server.api.DaemonCommandExecution.proceed(DaemonCommandExecution.java:120)
	at org.gradle.launcher.daemon.server.exec.StartBuildOrRespondWithBusy$1.run(StartBuildOrRespondWithBusy.java:50)
	at org.gradle.launcher.daemon.server.DaemonStateCoordinator$1.run(DaemonStateCoordinator.java:237)
	at org.gradle.internal.concurrent.ExecutorPolicy$CatchAndRecordFailures.onExecute(ExecutorPolicy.java:54)
	at org.gradle.internal.concurrent.StoppableExecutorImpl$1.run(StoppableExecutorImpl.java:40)
Caused by: org.gradle.api.GradleException: License violations were found: /home/travis/build/failed/SonarSource/sonarlint-intellij/src/test/java/org/sonarlint/intellij/analysis/AnalysisThreadFactoryTest.java}
	at nl.javadude.gradle.plugins.license.License.process(License.groovy:107)
	at org.gradle.internal.reflect.JavaMethod.invoke(JavaMethod.java:75)
	at org.gradle.api.internal.project.taskfactory.AnnotationProcessingTaskFactory$StandardTaskAction.doExecute(AnnotationProcessingTaskFactory.java:228)
	at org.gradle.api.internal.project.taskfactory.AnnotationProcessingTaskFactory$StandardTaskAction.execute(AnnotationProcessingTaskFactory.java:221)
	at org.gradle.api.internal.project.taskfactory.AnnotationProcessingTaskFactory$StandardTaskAction.execute(AnnotationProcessingTaskFactory.java:210)
	at org.gradle.api.internal.AbstractTask$TaskActionWrapper.execute(AbstractTask.java:621)
	at org.gradle.api.internal.AbstractTask$TaskActionWrapper.execute(AbstractTask.java:604)
	at org.gradle.api.internal.tasks.execution.ExecuteActionsTaskExecuter.executeAction(ExecuteActionsTaskExecuter.java:80)
	at org.gradle.api.internal.tasks.execution.ExecuteActionsTaskExecuter.executeActions(ExecuteActionsTaskExecuter.java:61)
	... 68 more


BUILD FAILED

Total time: 4 mins 29.202 secs

travis_time:end:008a2bc5:start=1657884261709057930,finish=1657884531870025710,duration=270160967780[0K
[31;1mThe command "./travis.sh" exited with 1.[0m
travis_fold:start:cache.2[0Kstore build cache
travis_time:start:0e8d4962[0K
travis_time:end:0e8d4962:start=1657884531879066517,finish=1657884531887859770,duration=8793253[0Ktravis_time:start:0489ad00[0K/home/travis/.casher/bin/casher:190: warning: Insecure world writable dir /home/travis/build/failed/SonarSource/sonarlint-intellij/. in PATH, mode 040777
[32;1mchanges detected, packing new archive[0m
/home/travis/.casher/bin/casher:213:in `cache_archive_name': undefined method `[]' for nil:NilClass (NoMethodError)
	from /home/travis/.casher/bin/casher:143:in `push'
	from /home/travis/.casher/bin/casher:53:in `block in run'
	from /home/travis/.rvm/rubies/ruby-1.9.3-p551/lib/ruby/1.9.1/timeout.rb:69:in `timeout'
	from /home/travis/.casher/bin/casher:53:in `run'
	from /home/travis/.casher/bin/casher:263:in `<main>'
.
.
.
.
.
.
.
.
.
.
.
.
.
.

travis_time:end:0489ad00:start=1657884531896502462,finish=1657884602703157359,duration=70806654897[0Ktravis_fold:end:cache.2[0K
Done. Your build exited with 1.
