travis_fold:start:system_info[0K[33;1mBuild system information[0m
Build language: java
Build group: stable
Build dist: precise
Build id: ''
Job id: ''
[34m[1mBuild image provisioning date and time[0m
Thu Feb  5 15:09:33 UTC 2015
[34m[1mOperating System Details[0m
Distributor ID:	Ubuntu
Description:	Ubuntu 12.04.5 LTS
Release:	12.04
Codename:	precise
[34m[1mLinux Version[0m
3.13.0-29-generic
[34m[1mCookbooks Version[0m
a68419e https://github.com/travis-ci/travis-cookbooks/tree/a68419e
[34m[1mGCC version[0m
gcc (Ubuntu/Linaro 4.6.3-1ubuntu5) 4.6.3
Copyright (C) 2011 Free Software Foundation, Inc.
This is free software; see the source for copying conditions.  There is NO
warranty; not even for MERCHANTABILITY or FITNESS FOR A PARTICULAR PURPOSE.

[34m[1mLLVM version[0m
clang version 3.4 (tags/RELEASE_34/final)
Target: x86_64-unknown-linux-gnu
Thread model: posix
[34m[1mPre-installed Ruby versions[0m
ruby-1.9.3-p551
[34m[1mPre-installed Node.js versions[0m
v0.10.36
[34m[1mPre-installed Go versions[0m
1.4.1
[34m[1mRedis version[0m
redis-server 2.8.19
[34m[1mriak version[0m
2.0.2
[34m[1mMongoDB version[0m
MongoDB 2.4.12
[34m[1mCouchDB version[0m
couchdb 1.6.1
[34m[1mNeo4j version[0m
1.9.4
[34m[1mRabbitMQ Version[0m
3.4.3
[34m[1mElasticSearch version[0m
1.4.0
[34m[1mInstalled Sphinx versions[0m
2.0.10
2.1.9
2.2.6
[34m[1mDefault Sphinx version[0m
2.2.6
[34m[1mInstalled Firefox version[0m
firefox 31.0esr
[34m[1mPhantomJS version[0m
1.9.8
[34m[1mant -version[0m
Apache Ant(TM) version 1.8.2 compiled on December 3 2011
[34m[1mmvn -version[0m
Apache Maven 3.2.5 (12a6b3acb947671f09b81f49094c53f426d8cea1; 2014-12-14T17:29:23+00:00)
Maven home: /usr/local/maven
Java version: 1.7.0_76, vendor: Oracle Corporation
Java home: /usr/lib/jvm/java-7-oracle/jre
Default locale: en_US, platform encoding: ANSI_X3.4-1968
OS name: "linux", version: "3.13.0-29-generic", arch: "amd64", family: "unix"
travis_fold:end:system_info[0K
W: Failed to fetch http://apt.postgresql.org/pub/repos/apt/dists/precise-pgdg/main/binary-amd64/Packages  404  Not Found [IP: 72.32.157.246 80]

W: Failed to fetch http://apt.postgresql.org/pub/repos/apt/dists/precise-pgdg/main/binary-i386/Packages  404  Not Found [IP: 72.32.157.246 80]

W: Failed to fetch http://us.archive.ubuntu.com/ubuntu/dists/precise/main/source/Sources  404  Not Found [IP: 91.189.91.39 80]

W: Failed to fetch http://us.archive.ubuntu.com/ubuntu/dists/precise/restricted/source/Sources  404  Not Found [IP: 91.189.91.39 80]

W: Failed to fetch http://us.archive.ubuntu.com/ubuntu/dists/precise/universe/source/Sources  404  Not Found [IP: 91.189.91.39 80]

W: Failed to fetch http://us.archive.ubuntu.com/ubuntu/dists/precise/multiverse/source/Sources  404  Not Found [IP: 91.189.91.39 80]

W: Failed to fetch http://us.archive.ubuntu.com/ubuntu/dists/precise/main/binary-amd64/Packages  404  Not Found [IP: 91.189.91.39 80]

W: Failed to fetch http://us.archive.ubuntu.com/ubuntu/dists/precise/restricted/binary-amd64/Packages  404  Not Found [IP: 91.189.91.39 80]

W: Failed to fetch http://us.archive.ubuntu.com/ubuntu/dists/precise/universe/binary-amd64/Packages  404  Not Found [IP: 91.189.91.39 80]

W: Failed to fetch http://us.archive.ubuntu.com/ubuntu/dists/precise/multiverse/binary-amd64/Packages  404  Not Found [IP: 91.189.91.39 80]

W: Failed to fetch http://us.archive.ubuntu.com/ubuntu/dists/precise/main/binary-i386/Packages  404  Not Found [IP: 91.189.91.39 80]

W: Failed to fetch http://us.archive.ubuntu.com/ubuntu/dists/precise/restricted/binary-i386/Packages  404  Not Found [IP: 91.189.91.39 80]

W: Failed to fetch http://us.archive.ubuntu.com/ubuntu/dists/precise/universe/binary-i386/Packages  404  Not Found [IP: 91.189.91.39 80]

W: Failed to fetch http://us.archive.ubuntu.com/ubuntu/dists/precise/multiverse/binary-i386/Packages  404  Not Found [IP: 91.189.91.39 80]

W: Failed to fetch http://us.archive.ubuntu.com/ubuntu/dists/precise-updates/main/source/Sources  404  Not Found [IP: 91.189.91.39 80]

W: Failed to fetch http://us.archive.ubuntu.com/ubuntu/dists/precise-updates/restricted/source/Sources  404  Not Found [IP: 91.189.91.39 80]

W: Failed to fetch http://us.archive.ubuntu.com/ubuntu/dists/precise-updates/universe/source/Sources  404  Not Found [IP: 91.189.91.39 80]

W: Failed to fetch http://us.archive.ubuntu.com/ubuntu/dists/precise-updates/multiverse/source/Sources  404  Not Found [IP: 91.189.91.39 80]

W: Failed to fetch http://us.archive.ubuntu.com/ubuntu/dists/precise-updates/main/binary-amd64/Packages  404  Not Found [IP: 91.189.91.39 80]

W: Failed to fetch http://us.archive.ubuntu.com/ubuntu/dists/precise-updates/restricted/binary-amd64/Packages  404  Not Found [IP: 91.189.91.39 80]

W: Failed to fetch http://us.archive.ubuntu.com/ubuntu/dists/precise-updates/universe/binary-amd64/Packages  404  Not Found [IP: 91.189.91.39 80]

W: Failed to fetch http://us.archive.ubuntu.com/ubuntu/dists/precise-updates/multiverse/binary-amd64/Packages  404  Not Found [IP: 91.189.91.39 80]

W: Failed to fetch http://us.archive.ubuntu.com/ubuntu/dists/precise-updates/main/binary-i386/Packages  404  Not Found [IP: 91.189.91.39 80]

W: Failed to fetch http://us.archive.ubuntu.com/ubuntu/dists/precise-updates/restricted/binary-i386/Packages  404  Not Found [IP: 91.189.91.39 80]

W: Failed to fetch http://us.archive.ubuntu.com/ubuntu/dists/precise-updates/universe/binary-i386/Packages  404  Not Found [IP: 91.189.91.39 80]

W: Failed to fetch http://us.archive.ubuntu.com/ubuntu/dists/precise-updates/multiverse/binary-i386/Packages  404  Not Found [IP: 91.189.91.39 80]

W: Failed to fetch http://us.archive.ubuntu.com/ubuntu/dists/precise-backports/main/source/Sources  404  Not Found [IP: 91.189.91.39 80]

W: Failed to fetch http://us.archive.ubuntu.com/ubuntu/dists/precise-backports/restricted/source/Sources  404  Not Found [IP: 91.189.91.39 80]

W: Failed to fetch http://us.archive.ubuntu.com/ubuntu/dists/precise-backports/universe/source/Sources  404  Not Found [IP: 91.189.91.39 80]

W: Failed to fetch http://us.archive.ubuntu.com/ubuntu/dists/precise-backports/multiverse/source/Sources  404  Not Found [IP: 91.189.91.39 80]

W: Failed to fetch http://us.archive.ubuntu.com/ubuntu/dists/precise-backports/main/binary-amd64/Packages  404  Not Found [IP: 91.189.91.39 80]

W: Failed to fetch http://us.archive.ubuntu.com/ubuntu/dists/precise-backports/restricted/binary-amd64/Packages  404  Not Found [IP: 91.189.91.39 80]

W: Failed to fetch http://us.archive.ubuntu.com/ubuntu/dists/precise-backports/universe/binary-amd64/Packages  404  Not Found [IP: 91.189.91.39 80]

W: Failed to fetch http://us.archive.ubuntu.com/ubuntu/dists/precise-backports/multiverse/binary-amd64/Packages  404  Not Found [IP: 91.189.91.39 80]

W: Failed to fetch http://us.archive.ubuntu.com/ubuntu/dists/precise-backports/main/binary-i386/Packages  404  Not Found [IP: 91.189.91.39 80]

W: Failed to fetch http://us.archive.ubuntu.com/ubuntu/dists/precise-backports/restricted/binary-i386/Packages  404  Not Found [IP: 91.189.91.39 80]

W: Failed to fetch http://us.archive.ubuntu.com/ubuntu/dists/precise-backports/universe/binary-i386/Packages  404  Not Found [IP: 91.189.91.39 80]

W: Failed to fetch http://us.archive.ubuntu.com/ubuntu/dists/precise-backports/multiverse/binary-i386/Packages  404  Not Found [IP: 91.189.91.39 80]

W: Failed to fetch http://security.ubuntu.com/ubuntu/dists/precise-security/main/source/Sources  404  Not Found [IP: 185.125.190.39 80]

W: Failed to fetch http://security.ubuntu.com/ubuntu/dists/precise-security/restricted/source/Sources  404  Not Found [IP: 185.125.190.39 80]

W: Failed to fetch http://security.ubuntu.com/ubuntu/dists/precise-security/universe/source/Sources  404  Not Found [IP: 185.125.190.39 80]

W: Failed to fetch http://security.ubuntu.com/ubuntu/dists/precise-security/multiverse/source/Sources  404  Not Found [IP: 185.125.190.39 80]

W: Failed to fetch http://security.ubuntu.com/ubuntu/dists/precise-security/main/binary-amd64/Packages  404  Not Found [IP: 185.125.190.39 80]

W: Failed to fetch http://security.ubuntu.com/ubuntu/dists/precise-security/restricted/binary-amd64/Packages  404  Not Found [IP: 185.125.190.39 80]

W: Failed to fetch http://security.ubuntu.com/ubuntu/dists/precise-security/universe/binary-amd64/Packages  404  Not Found [IP: 185.125.190.39 80]

W: Failed to fetch http://security.ubuntu.com/ubuntu/dists/precise-security/multiverse/binary-amd64/Packages  404  Not Found [IP: 185.125.190.39 80]

W: Failed to fetch http://security.ubuntu.com/ubuntu/dists/precise-security/main/binary-i386/Packages  404  Not Found [IP: 185.125.190.39 80]

W: Failed to fetch http://security.ubuntu.com/ubuntu/dists/precise-security/restricted/binary-i386/Packages  404  Not Found [IP: 185.125.190.39 80]

W: Failed to fetch http://security.ubuntu.com/ubuntu/dists/precise-security/universe/binary-i386/Packages  404  Not Found [IP: 185.125.190.39 80]

W: Failed to fetch http://security.ubuntu.com/ubuntu/dists/precise-security/multiverse/binary-i386/Packages  404  Not Found [IP: 185.125.190.39 80]

W: Failed to fetch http://ppa.launchpad.net/rwky/ppa/ubuntu/dists/precise/main/binary-amd64/Packages  403  Forbidden

W: Failed to fetch http://ppa.launchpad.net/rwky/ppa/ubuntu/dists/precise/main/binary-i386/Packages  403  Forbidden

W: Failed to fetch http://ppa.launchpad.net/travis-ci/zero-mq/ubuntu/dists/precise/main/binary-amd64/Packages  403  Forbidden

W: Failed to fetch http://ppa.launchpad.net/travis-ci/zero-mq/ubuntu/dists/precise/main/binary-i386/Packages  403  Forbidden

W: Failed to fetch http://downloads-distro.mongodb.org/repo/debian-sysvinit/dists/dist/10gen/binary-amd64/Packages  Undetermined Error [IP: 52.21.89.200 80]

W: Failed to fetch http://downloads-distro.mongodb.org/repo/debian-sysvinit/dists/dist/10gen/binary-i386/Packages  Undetermined Error [IP: 52.21.89.200 80]

E: Some index files failed to download. They have been ignored, or old ones used instead.
sed: cannot rename /etc/hosts: Device or resource busy
sed: cannot rename /etc/hosts: Device or resource busy
$ jdk_switcher use oraclejdk8
Switching to Oracle JDK8 (java-8-oracle), JAVA_HOME will be set to /usr/lib/jvm/java-8-oracle
$ cd failed/spring-projects/spring-amqp
travis_fold:start:services[0Ktravis_time:start:17840130[0K$ sudo service rabbitmq-server start
 * Starting message broker rabbitmq-server
initctl: Unable to connect to Upstart: Failed to connect to socket /com/ubuntu/upstart: Connection refused

travis_time:end:17840130:start=1657765591458734695,finish=1657765615915009941,duration=24456275246[0Ktravis_fold:end:services[0K
[33;1mSetting environment variables from .travis.yml[0m
$ export TERM=dumb

$ export TERM=dumb
$ java -Xmx32m -version
java version "1.8.0_31"
Java(TM) SE Runtime Environment (build 1.8.0_31-b13)
Java HotSpot(TM) 64-Bit Server VM (build 25.31-b07, mixed mode)
$ javac -J-Xmx32m -version
javac 1.8.0_31
travis_fold:start:install[0Ktravis_time:start:01d5beb5[0K$ ./gradlew assemble
Downloading https://services.gradle.org/distributions/gradle-2.5-all.zip
...................................................................................................................................................................................................................................................................................................................................................................................................................................................................................................................................................................................................................................................................................................................................................................................................................................................................................................................................................................................................................................................................................................................................................................................................................................................................................................................................................................................................................................................................................................................................................................................................................................................................................................................................................................................................................................................................................................................................................................................................................................................................................................................................................................................................................................................................................................................................................................................................................................................................................................................................................................................................................................................................................................................................................................................................................................................................................................................................................................................................................................................................................................................................................................................................................................................................................................................................................................................
Unzipping /home/travis/.gradle/wrapper/dists/gradle-2.5-all/d3xh0kipe7wr2bvnx5sk0hao8/gradle-2.5-all.zip to /home/travis/.gradle/wrapper/dists/gradle-2.5-all/d3xh0kipe7wr2bvnx5sk0hao8
Set executable permissions for: /home/travis/.gradle/wrapper/dists/gradle-2.5-all/d3xh0kipe7wr2bvnx5sk0hao8/gradle-2.5/bin/gradle
Download https://plugins.gradle.org/m2/org/asciidoctor/asciidoctor-gradle-plugin/1.5.0/asciidoctor-gradle-plugin-1.5.0.pom

FAILURE: Build failed with an exception.

* What went wrong:
A problem occurred configuring root project 'spring-amqp-dist'.
> Could not resolve all dependencies for configuration ':classpath'.
   > Could not resolve io.spring.gradle:docbook-reference-plugin:0.3.1.
     Required by:
         :spring-amqp-dist:1.6.0.BUILD-SNAPSHOT
      > Could not resolve io.spring.gradle:docbook-reference-plugin:0.3.1.
         > Could not get resource 'https://repo.spring.io/plugins-release/io/spring/gradle/docbook-reference-plugin/0.3.1/docbook-reference-plugin-0.3.1.pom'.
            > Could not GET 'https://repo.spring.io/plugins-release/io/spring/gradle/docbook-reference-plugin/0.3.1/docbook-reference-plugin-0.3.1.pom'.
               > hostname in certificate didn't match: <repo.spring.io> != <*.jfrog.io> OR <*.jfrog.io> OR <jfrog.io>
   > Could not resolve io.spring.gradle:spring-io-plugin:0.0.4.RELEASE.
     Required by:
         :spring-amqp-dist:1.6.0.BUILD-SNAPSHOT
      > Could not resolve io.spring.gradle:spring-io-plugin:0.0.4.RELEASE.
         > Could not get resource 'https://repo.spring.io/plugins-release/io/spring/gradle/spring-io-plugin/0.0.4.RELEASE/spring-io-plugin-0.0.4.RELEASE.pom'.
            > Could not GET 'https://repo.spring.io/plugins-release/io/spring/gradle/spring-io-plugin/0.0.4.RELEASE/spring-io-plugin-0.0.4.RELEASE.pom'.
               > hostname in certificate didn't match: <repo.spring.io> != <*.jfrog.io> OR <*.jfrog.io> OR <jfrog.io>

* Try:
Run with --stacktrace option to get the stack trace. Run with --info or --debug option to get more log output.

BUILD FAILED

Total time: 29.495 secs

[31;1mThe command "eval ./gradlew assemble " failed. Retrying, 2 of 3.[0m


FAILURE: Build failed with an exception.

* What went wrong:
A problem occurred configuring root project 'spring-amqp-dist'.
> Could not resolve all dependencies for configuration ':classpath'.
   > Could not resolve io.spring.gradle:docbook-reference-plugin:0.3.1.
     Required by:
         :spring-amqp-dist:1.6.0.BUILD-SNAPSHOT
      > Could not resolve io.spring.gradle:docbook-reference-plugin:0.3.1.
         > Could not get resource 'https://repo.spring.io/plugins-release/io/spring/gradle/docbook-reference-plugin/0.3.1/docbook-reference-plugin-0.3.1.pom'.
            > Could not GET 'https://repo.spring.io/plugins-release/io/spring/gradle/docbook-reference-plugin/0.3.1/docbook-reference-plugin-0.3.1.pom'.
               > hostname in certificate didn't match: <repo.spring.io> != <*.jfrog.io> OR <*.jfrog.io> OR <jfrog.io>
   > Could not resolve io.spring.gradle:spring-io-plugin:0.0.4.RELEASE.
     Required by:
         :spring-amqp-dist:1.6.0.BUILD-SNAPSHOT
      > Could not resolve io.spring.gradle:spring-io-plugin:0.0.4.RELEASE.
         > Could not get resource 'https://repo.spring.io/plugins-release/io/spring/gradle/spring-io-plugin/0.0.4.RELEASE/spring-io-plugin-0.0.4.RELEASE.pom'.
            > Could not GET 'https://repo.spring.io/plugins-release/io/spring/gradle/spring-io-plugin/0.0.4.RELEASE/spring-io-plugin-0.0.4.RELEASE.pom'.
               > hostname in certificate didn't match: <repo.spring.io> != <*.jfrog.io> OR <*.jfrog.io> OR <jfrog.io>

* Try:
Run with --stacktrace option to get the stack trace. Run with --info or --debug option to get more log output.

BUILD FAILED

Total time: 4.953 secs

[31;1mThe command "eval ./gradlew assemble " failed. Retrying, 3 of 3.[0m


FAILURE: Build failed with an exception.

* What went wrong:
A problem occurred configuring root project 'spring-amqp-dist'.
> Could not resolve all dependencies for configuration ':classpath'.
   > Could not resolve io.spring.gradle:docbook-reference-plugin:0.3.1.
     Required by:
         :spring-amqp-dist:1.6.0.BUILD-SNAPSHOT
      > Could not resolve io.spring.gradle:docbook-reference-plugin:0.3.1.
         > Could not get resource 'https://repo.spring.io/plugins-release/io/spring/gradle/docbook-reference-plugin/0.3.1/docbook-reference-plugin-0.3.1.pom'.
            > Could not GET 'https://repo.spring.io/plugins-release/io/spring/gradle/docbook-reference-plugin/0.3.1/docbook-reference-plugin-0.3.1.pom'.
               > hostname in certificate didn't match: <repo.spring.io> != <*.jfrog.io> OR <*.jfrog.io> OR <jfrog.io>
   > Could not resolve io.spring.gradle:spring-io-plugin:0.0.4.RELEASE.
     Required by:
         :spring-amqp-dist:1.6.0.BUILD-SNAPSHOT
      > Could not resolve io.spring.gradle:spring-io-plugin:0.0.4.RELEASE.
         > Could not get resource 'https://repo.spring.io/plugins-release/io/spring/gradle/spring-io-plugin/0.0.4.RELEASE/spring-io-plugin-0.0.4.RELEASE.pom'.
            > Could not GET 'https://repo.spring.io/plugins-release/io/spring/gradle/spring-io-plugin/0.0.4.RELEASE/spring-io-plugin-0.0.4.RELEASE.pom'.
               > hostname in certificate didn't match: <repo.spring.io> != <*.jfrog.io> OR <*.jfrog.io> OR <jfrog.io>

* Try:
Run with --stacktrace option to get the stack trace. Run with --info or --debug option to get more log output.

BUILD FAILED

Total time: 4.545 secs

[31;1mThe command "eval ./gradlew assemble " failed 3 times.[0m


travis_time:end:01d5beb5:start=1657765619544772940,finish=1657765662932244669,duration=43387471729[0K
[31;1mThe command "./gradlew assemble" failed and exited with 1 during .[0m

Your build has been stopped.
