travis_fold:start:system_info[0K[33;1mBuild system information[0m
Build language: java
Build group: stable
Build dist: precise
Build id: ''
Job id: ''
[34m[1mBuild image provisioning date and time[0m
Thu Feb  5 15:09:33 UTC 2015
[34m[1mOperating System Details[0m
Distributor ID:	Ubuntu
Description:	Ubuntu 12.04.5 LTS
Release:	12.04
Codename:	precise
[34m[1mLinux Version[0m
3.13.0-29-generic
[34m[1mCookbooks Version[0m
a68419e https://github.com/travis-ci/travis-cookbooks/tree/a68419e
[34m[1mGCC version[0m
gcc (Ubuntu/Linaro 4.6.3-1ubuntu5) 4.6.3
Copyright (C) 2011 Free Software Foundation, Inc.
This is free software; see the source for copying conditions.  There is NO
warranty; not even for MERCHANTABILITY or FITNESS FOR A PARTICULAR PURPOSE.

[34m[1mLLVM version[0m
clang version 3.4 (tags/RELEASE_34/final)
Target: x86_64-unknown-linux-gnu
Thread model: posix
[34m[1mPre-installed Ruby versions[0m
ruby-1.9.3-p551
[34m[1mPre-installed Node.js versions[0m
v0.10.36
[34m[1mPre-installed Go versions[0m
1.4.1
[34m[1mRedis version[0m
redis-server 2.8.19
[34m[1mriak version[0m
2.0.2
[34m[1mMongoDB version[0m
MongoDB 2.4.12
[34m[1mCouchDB version[0m
couchdb 1.6.1
[34m[1mNeo4j version[0m
1.9.4
[34m[1mRabbitMQ Version[0m
3.4.3
[34m[1mElasticSearch version[0m
1.4.0
[34m[1mInstalled Sphinx versions[0m
2.0.10
2.1.9
2.2.6
[34m[1mDefault Sphinx version[0m
2.2.6
[34m[1mInstalled Firefox version[0m
firefox 31.0esr
[34m[1mPhantomJS version[0m
1.9.8
[34m[1mant -version[0m
Apache Ant(TM) version 1.8.2 compiled on December 3 2011
[34m[1mmvn -version[0m
Apache Maven 3.2.5 (12a6b3acb947671f09b81f49094c53f426d8cea1; 2014-12-14T17:29:23+00:00)
Maven home: /usr/local/maven
Java version: 1.7.0_76, vendor: Oracle Corporation
Java home: /usr/lib/jvm/java-7-oracle/jre
Default locale: en_US, platform encoding: ANSI_X3.4-1968
OS name: "linux", version: "3.13.0-29-generic", arch: "amd64", family: "unix"
travis_fold:end:system_info[0K
W: Failed to fetch http://us.archive.ubuntu.com/ubuntu/dists/precise/main/source/Sources  404  Not Found [IP: 91.189.91.39 80]

W: Failed to fetch http://us.archive.ubuntu.com/ubuntu/dists/precise/restricted/source/Sources  404  Not Found [IP: 91.189.91.39 80]

W: Failed to fetch http://us.archive.ubuntu.com/ubuntu/dists/precise/universe/source/Sources  404  Not Found [IP: 91.189.91.39 80]

W: Failed to fetch http://us.archive.ubuntu.com/ubuntu/dists/precise/multiverse/source/Sources  404  Not Found [IP: 91.189.91.39 80]

W: Failed to fetch http://us.archive.ubuntu.com/ubuntu/dists/precise/main/binary-amd64/Packages  404  Not Found [IP: 91.189.91.39 80]

W: Failed to fetch http://us.archive.ubuntu.com/ubuntu/dists/precise/restricted/binary-amd64/Packages  404  Not Found [IP: 91.189.91.39 80]

W: Failed to fetch http://us.archive.ubuntu.com/ubuntu/dists/precise/universe/binary-amd64/Packages  404  Not Found [IP: 91.189.91.39 80]

W: Failed to fetch http://us.archive.ubuntu.com/ubuntu/dists/precise/multiverse/binary-amd64/Packages  404  Not Found [IP: 91.189.91.39 80]

W: Failed to fetch http://us.archive.ubuntu.com/ubuntu/dists/precise/main/binary-i386/Packages  404  Not Found [IP: 91.189.91.39 80]

W: Failed to fetch http://us.archive.ubuntu.com/ubuntu/dists/precise/restricted/binary-i386/Packages  404  Not Found [IP: 91.189.91.39 80]

W: Failed to fetch http://us.archive.ubuntu.com/ubuntu/dists/precise/universe/binary-i386/Packages  404  Not Found [IP: 91.189.91.39 80]

W: Failed to fetch http://us.archive.ubuntu.com/ubuntu/dists/precise/multiverse/binary-i386/Packages  404  Not Found [IP: 91.189.91.39 80]

W: Failed to fetch http://us.archive.ubuntu.com/ubuntu/dists/precise-updates/main/source/Sources  404  Not Found [IP: 91.189.91.39 80]

W: Failed to fetch http://us.archive.ubuntu.com/ubuntu/dists/precise-updates/restricted/source/Sources  404  Not Found [IP: 91.189.91.39 80]

W: Failed to fetch http://us.archive.ubuntu.com/ubuntu/dists/precise-updates/universe/source/Sources  404  Not Found [IP: 91.189.91.39 80]

W: Failed to fetch http://us.archive.ubuntu.com/ubuntu/dists/precise-updates/multiverse/source/Sources  404  Not Found [IP: 91.189.91.39 80]

W: Failed to fetch http://us.archive.ubuntu.com/ubuntu/dists/precise-updates/main/binary-amd64/Packages  404  Not Found [IP: 91.189.91.39 80]

W: Failed to fetch http://us.archive.ubuntu.com/ubuntu/dists/precise-updates/restricted/binary-amd64/Packages  404  Not Found [IP: 91.189.91.39 80]

W: Failed to fetch http://us.archive.ubuntu.com/ubuntu/dists/precise-updates/universe/binary-amd64/Packages  404  Not Found [IP: 91.189.91.39 80]

W: Failed to fetch http://us.archive.ubuntu.com/ubuntu/dists/precise-updates/multiverse/binary-amd64/Packages  404  Not Found [IP: 91.189.91.39 80]

W: Failed to fetch http://us.archive.ubuntu.com/ubuntu/dists/precise-updates/main/binary-i386/Packages  404  Not Found [IP: 91.189.91.39 80]

W: Failed to fetch http://us.archive.ubuntu.com/ubuntu/dists/precise-updates/restricted/binary-i386/Packages  404  Not Found [IP: 91.189.91.39 80]

W: Failed to fetch http://us.archive.ubuntu.com/ubuntu/dists/precise-updates/universe/binary-i386/Packages  404  Not Found [IP: 91.189.91.39 80]

W: Failed to fetch http://us.archive.ubuntu.com/ubuntu/dists/precise-updates/multiverse/binary-i386/Packages  404  Not Found [IP: 91.189.91.39 80]

W: Failed to fetch http://us.archive.ubuntu.com/ubuntu/dists/precise-backports/main/source/Sources  404  Not Found [IP: 91.189.91.39 80]

W: Failed to fetch http://us.archive.ubuntu.com/ubuntu/dists/precise-backports/restricted/source/Sources  404  Not Found [IP: 91.189.91.39 80]

W: Failed to fetch http://us.archive.ubuntu.com/ubuntu/dists/precise-backports/universe/source/Sources  404  Not Found [IP: 91.189.91.39 80]

W: Failed to fetch http://us.archive.ubuntu.com/ubuntu/dists/precise-backports/multiverse/source/Sources  404  Not Found [IP: 91.189.91.39 80]

W: Failed to fetch http://us.archive.ubuntu.com/ubuntu/dists/precise-backports/main/binary-amd64/Packages  404  Not Found [IP: 91.189.91.39 80]

W: Failed to fetch http://us.archive.ubuntu.com/ubuntu/dists/precise-backports/restricted/binary-amd64/Packages  404  Not Found [IP: 91.189.91.39 80]

W: Failed to fetch http://us.archive.ubuntu.com/ubuntu/dists/precise-backports/universe/binary-amd64/Packages  404  Not Found [IP: 91.189.91.39 80]

W: Failed to fetch http://us.archive.ubuntu.com/ubuntu/dists/precise-backports/multiverse/binary-amd64/Packages  404  Not Found [IP: 91.189.91.39 80]

W: Failed to fetch http://us.archive.ubuntu.com/ubuntu/dists/precise-backports/main/binary-i386/Packages  404  Not Found [IP: 91.189.91.39 80]

W: Failed to fetch http://us.archive.ubuntu.com/ubuntu/dists/precise-backports/restricted/binary-i386/Packages  404  Not Found [IP: 91.189.91.39 80]

W: Failed to fetch http://us.archive.ubuntu.com/ubuntu/dists/precise-backports/universe/binary-i386/Packages  404  Not Found [IP: 91.189.91.39 80]

W: Failed to fetch http://us.archive.ubuntu.com/ubuntu/dists/precise-backports/multiverse/binary-i386/Packages  404  Not Found [IP: 91.189.91.39 80]

W: Failed to fetch http://security.ubuntu.com/ubuntu/dists/precise-security/main/source/Sources  404  Not Found [IP: 91.189.91.39 80]

W: Failed to fetch http://security.ubuntu.com/ubuntu/dists/precise-security/restricted/source/Sources  404  Not Found [IP: 91.189.91.39 80]

W: Failed to fetch http://security.ubuntu.com/ubuntu/dists/precise-security/universe/source/Sources  404  Not Found [IP: 91.189.91.39 80]

W: Failed to fetch http://security.ubuntu.com/ubuntu/dists/precise-security/multiverse/source/Sources  404  Not Found [IP: 91.189.91.39 80]

W: Failed to fetch http://security.ubuntu.com/ubuntu/dists/precise-security/main/binary-amd64/Packages  404  Not Found [IP: 91.189.91.39 80]

W: Failed to fetch http://security.ubuntu.com/ubuntu/dists/precise-security/restricted/binary-amd64/Packages  404  Not Found [IP: 91.189.91.39 80]

W: Failed to fetch http://security.ubuntu.com/ubuntu/dists/precise-security/universe/binary-amd64/Packages  404  Not Found [IP: 91.189.91.39 80]

W: Failed to fetch http://security.ubuntu.com/ubuntu/dists/precise-security/multiverse/binary-amd64/Packages  404  Not Found [IP: 91.189.91.39 80]

W: Failed to fetch http://security.ubuntu.com/ubuntu/dists/precise-security/main/binary-i386/Packages  404  Not Found [IP: 91.189.91.39 80]

W: Failed to fetch http://security.ubuntu.com/ubuntu/dists/precise-security/restricted/binary-i386/Packages  404  Not Found [IP: 91.189.91.39 80]

W: Failed to fetch http://security.ubuntu.com/ubuntu/dists/precise-security/universe/binary-i386/Packages  404  Not Found [IP: 91.189.91.39 80]

W: Failed to fetch http://security.ubuntu.com/ubuntu/dists/precise-security/multiverse/binary-i386/Packages  404  Not Found [IP: 91.189.91.39 80]

W: Failed to fetch http://apt.postgresql.org/pub/repos/apt/dists/precise-pgdg/main/binary-amd64/Packages  404  Not Found [IP: 87.238.57.227 80]

W: Failed to fetch http://apt.postgresql.org/pub/repos/apt/dists/precise-pgdg/main/binary-i386/Packages  404  Not Found [IP: 87.238.57.227 80]

W: Failed to fetch http://ppa.launchpad.net/rwky/ppa/ubuntu/dists/precise/main/binary-amd64/Packages  403  Forbidden

W: Failed to fetch http://ppa.launchpad.net/rwky/ppa/ubuntu/dists/precise/main/binary-i386/Packages  403  Forbidden

W: Failed to fetch http://ppa.launchpad.net/travis-ci/zero-mq/ubuntu/dists/precise/main/binary-amd64/Packages  403  Forbidden

W: Failed to fetch http://ppa.launchpad.net/travis-ci/zero-mq/ubuntu/dists/precise/main/binary-i386/Packages  403  Forbidden

W: Failed to fetch http://downloads-distro.mongodb.org/repo/debian-sysvinit/dists/dist/10gen/binary-amd64/Packages  Undetermined Error [IP: 52.21.89.200 80]

W: Failed to fetch http://downloads-distro.mongodb.org/repo/debian-sysvinit/dists/dist/10gen/binary-i386/Packages  Undetermined Error [IP: 52.21.89.200 80]

E: Some index files failed to download. They have been ignored, or old ones used instead.
sed: cannot rename /etc/hosts: Device or resource busy
sed: cannot rename /etc/hosts: Device or resource busy
$ jdk_switcher use oraclejdk8
Switching to Oracle JDK8 (java-8-oracle), JAVA_HOME will be set to /usr/lib/jvm/java-8-oracle
$ cd failed/huanghongxun/HMCL
$ export TERM=dumb
travis_fold:start:cache.1[0KSetting up build cache
$ export CASHER_DIR=$HOME/.casher
travis_time:start:30aa2cb1[0K$ Installing caching utilities

travis_time:end:30aa2cb1:start=1659220619357305251,finish=1659220619862497629,duration=505192378[0Ktravis_time:start:0f1a4ea1[0K
travis_time:end:0f1a4ea1:start=1659220619875971368,finish=1659220619884978764,duration=9007396[0Ktravis_time:start:0be00107[0K/home/travis/.casher/bin/casher:213:in `cache_archive_name': undefined method `[]' for nil:NilClass (NoMethodError)
	from /home/travis/.casher/bin/casher:65:in `block in fetch'
	from /home/travis/.casher/bin/casher:64:in `each'
	from /home/travis/.casher/bin/casher:64:in `fetch'
	from /home/travis/.casher/bin/casher:53:in `block in run'
	from /home/travis/.rvm/rubies/ruby-1.9.3-p551/lib/ruby/1.9.1/timeout.rb:69:in `timeout'
	from /home/travis/.casher/bin/casher:53:in `run'
	from /home/travis/.casher/bin/casher:263:in `<main>'
[32;1mattempting to download cache archive[0m

travis_time:end:0be00107:start=1659220619895277942,finish=1659220620673428147,duration=778150205[0Ktravis_time:start:2a59e27b[0K
travis_time:end:2a59e27b:start=1659220620683072836,finish=1659220620691310955,duration=8238119[0Ktravis_time:start:1565d131[0K[32;1madding /home/travis/.gradle/caches to cache[0m
[32;1mcreating directory /home/travis/.gradle/caches[0m
[32;1madding /home/travis/.gradle/wrapper to cache[0m
[32;1mcreating directory /home/travis/.gradle/wrapper[0m

travis_time:end:1565d131:start=1659220620701584366,finish=1659220621506325024,duration=804740658[0Ktravis_fold:end:cache.1[0K$ java -Xmx32m -version
java version "1.8.0_31"
Java(TM) SE Runtime Environment (build 1.8.0_31-b13)
Java HotSpot(TM) 64-Bit Server VM (build 25.31-b07, mixed mode)
$ javac -J-Xmx32m -version
javac 1.8.0_31
travis_fold:start:install[0Ktravis_time:start:146e6acc[0K$ echo "skip 'gradle assemble' step"
skip 'gradle assemble' step

travis_time:end:146e6acc:start=1659220621837318199,finish=1659220621845119730,duration=7801531[0Ktravis_fold:end:install[0Ktravis_time:start:2a2fd8a8[0K$ gradle build --continue
Download https://repo1.maven.org/maven2/net/sf/proguard/proguard-gradle/4.10/proguard-gradle-4.10.pom
Download https://repo1.maven.org/maven2/net/sf/proguard/proguard-parent/4.10/proguard-parent-4.10.pom
Download https://repo1.maven.org/maven2/edu/sc/seis/gradle/launch4j/1.0.6/launch4j-1.0.6.pom
Download https://repo1.maven.org/maven2/me/tatarka/gradle-retrolambda/3.1.0/gradle-retrolambda-3.1.0.pom
Download https://repo1.maven.org/maven2/net/sf/proguard/proguard-base/4.10/proguard-base-4.10.pom
Download https://repo1.maven.org/maven2/com/android/tools/build/gradle/1.0.0/gradle-1.0.0.pom
Download https://repo1.maven.org/maven2/com/android/tools/build/builder/1.0.0/builder-1.0.0.pom
Download https://repo1.maven.org/maven2/com/android/tools/lint/lint/24.0.0/lint-24.0.0.pom
Download https://repo1.maven.org/maven2/com/android/tools/sdk-common/24.0.0/sdk-common-24.0.0.pom
Download https://repo1.maven.org/maven2/org/bouncycastle/bcprov-jdk15on/1.48/bcprov-jdk15on-1.48.pom
Download https://repo1.maven.org/maven2/com/squareup/javawriter/2.5.0/javawriter-2.5.0.pom
Download https://repo1.maven.org/maven2/org/sonatype/oss/oss-parent/7/oss-parent-7.pom
Download https://repo1.maven.org/maven2/com/android/tools/common/24.0.0/common-24.0.0.pom
Download https://repo1.maven.org/maven2/com/android/tools/build/builder-test-api/1.0.0/builder-test-api-1.0.0.pom
Download https://repo1.maven.org/maven2/com/android/tools/ddms/ddmlib/24.0.0/ddmlib-24.0.0.pom
Download https://repo1.maven.org/maven2/com/android/tools/build/manifest-merger/24.0.0/manifest-merger-24.0.0.pom
Download https://repo1.maven.org/maven2/com/android/tools/build/builder-model/1.0.0/builder-model-1.0.0.pom
Download https://repo1.maven.org/maven2/com/android/tools/sdklib/24.0.0/sdklib-24.0.0.pom
Download https://repo1.maven.org/maven2/org/bouncycastle/bcpkix-jdk15on/1.48/bcpkix-jdk15on-1.48.pom
Download https://repo1.maven.org/maven2/com/android/tools/lint/lint-checks/24.0.0/lint-checks-24.0.0.pom
Download https://repo1.maven.org/maven2/org/eclipse/jdt/core/compiler/ecj/4.2.2/ecj-4.2.2.pom
Download https://repo1.maven.org/maven2/com/google/guava/guava/17.0/guava-17.0.pom
Download https://repo1.maven.org/maven2/com/google/guava/guava-parent/17.0/guava-parent-17.0.pom
Download https://repo1.maven.org/maven2/net/sf/kxml/kxml2/2.3.0/kxml2-2.3.0.pom
Download https://repo1.maven.org/maven2/com/android/tools/layoutlib/layoutlib-api/24.0.0/layoutlib-api-24.0.0.pom
Download https://repo1.maven.org/maven2/org/apache/httpcomponents/httpclient/4.1.1/httpclient-4.1.1.pom
Download https://repo1.maven.org/maven2/org/apache/httpcomponents/httpcomponents-client/4.1.1/httpcomponents-client-4.1.1.pom
Download https://repo1.maven.org/maven2/org/apache/httpcomponents/project/4.1.1/project-4.1.1.pom
Download https://repo1.maven.org/maven2/org/apache/httpcomponents/httpmime/4.1/httpmime-4.1.pom
Download https://repo1.maven.org/maven2/org/apache/httpcomponents/httpcomponents-client/4.1/httpcomponents-client-4.1.pom
Download https://repo1.maven.org/maven2/com/android/tools/dvlib/24.0.0/dvlib-24.0.0.pom
Download https://repo1.maven.org/maven2/org/apache/commons/commons-compress/1.8.1/commons-compress-1.8.1.pom
Download https://repo1.maven.org/maven2/org/apache/commons/commons-parent/33/commons-parent-33.pom
Download https://repo1.maven.org/maven2/org/apache/apache/13/apache-13.pom
Download https://repo1.maven.org/maven2/com/android/tools/lint/lint-api/24.0.0/lint-api-24.0.0.pom
Download https://repo1.maven.org/maven2/org/ow2/asm/asm-analysis/4.0/asm-analysis-4.0.pom
Download https://repo1.maven.org/maven2/org/ow2/asm/asm-parent/4.0/asm-parent-4.0.pom
Download https://repo1.maven.org/maven2/org/ow2/ow2/1.3/ow2-1.3.pom
Download https://repo1.maven.org/maven2/org/apache/httpcomponents/httpcore/4.1/httpcore-4.1.pom
Download https://repo1.maven.org/maven2/org/apache/httpcomponents/httpcomponents-core/4.1/httpcomponents-core-4.1.pom
Download https://repo1.maven.org/maven2/commons-logging/commons-logging/1.1.1/commons-logging-1.1.1.pom
Download https://repo1.maven.org/maven2/org/apache/commons/commons-parent/5/commons-parent-5.pom
Download https://repo1.maven.org/maven2/org/apache/apache/4/apache-4.pom
Download https://repo1.maven.org/maven2/commons-codec/commons-codec/1.4/commons-codec-1.4.pom
Download https://repo1.maven.org/maven2/org/apache/commons/commons-parent/11/commons-parent-11.pom
Download https://repo1.maven.org/maven2/org/ow2/asm/asm/4.0/asm-4.0.pom
Download https://repo1.maven.org/maven2/com/android/tools/external/lombok/lombok-ast/0.2.2/lombok-ast-0.2.2.pom
Download https://repo1.maven.org/maven2/org/ow2/asm/asm-tree/4.0/asm-tree-4.0.pom
Download https://repo1.maven.org/maven2/net/sf/proguard/proguard-gradle/5.1/proguard-gradle-5.1.pom
Download https://repo1.maven.org/maven2/net/sf/proguard/proguard-parent/5.1/proguard-parent-5.1.pom
Download https://repo1.maven.org/maven2/net/sf/proguard/proguard-base/5.1/proguard-base-5.1.pom
Download https://repo1.maven.org/maven2/edu/sc/seis/gradle/launch4j/1.0.6/launch4j-1.0.6.jar
Download https://repo1.maven.org/maven2/me/tatarka/gradle-retrolambda/3.1.0/gradle-retrolambda-3.1.0.jar
Download https://repo1.maven.org/maven2/com/android/tools/build/gradle/1.0.0/gradle-1.0.0.jar
Download https://repo1.maven.org/maven2/com/android/tools/build/builder/1.0.0/builder-1.0.0.jar
Download https://repo1.maven.org/maven2/com/android/tools/lint/lint/24.0.0/lint-24.0.0.jar
Download https://repo1.maven.org/maven2/com/android/tools/sdk-common/24.0.0/sdk-common-24.0.0.jar
Download https://repo1.maven.org/maven2/org/bouncycastle/bcprov-jdk15on/1.48/bcprov-jdk15on-1.48.jar
Download https://repo1.maven.org/maven2/com/squareup/javawriter/2.5.0/javawriter-2.5.0.jar
Download https://repo1.maven.org/maven2/com/android/tools/common/24.0.0/common-24.0.0.jar
Download https://repo1.maven.org/maven2/com/android/tools/build/builder-test-api/1.0.0/builder-test-api-1.0.0.jar
Download https://repo1.maven.org/maven2/com/android/tools/ddms/ddmlib/24.0.0/ddmlib-24.0.0.jar
Download https://repo1.maven.org/maven2/com/android/tools/build/manifest-merger/24.0.0/manifest-merger-24.0.0.jar
Download https://repo1.maven.org/maven2/com/android/tools/build/builder-model/1.0.0/builder-model-1.0.0.jar
Download https://repo1.maven.org/maven2/com/android/tools/sdklib/24.0.0/sdklib-24.0.0.jar
Download https://repo1.maven.org/maven2/org/bouncycastle/bcpkix-jdk15on/1.48/bcpkix-jdk15on-1.48.jar
Download https://repo1.maven.org/maven2/com/android/tools/lint/lint-checks/24.0.0/lint-checks-24.0.0.jar
Download https://repo1.maven.org/maven2/org/eclipse/jdt/core/compiler/ecj/4.2.2/ecj-4.2.2.jar
Download https://repo1.maven.org/maven2/com/google/guava/guava/17.0/guava-17.0.jar
Download https://repo1.maven.org/maven2/net/sf/kxml/kxml2/2.3.0/kxml2-2.3.0.jar
Download https://repo1.maven.org/maven2/com/android/tools/layoutlib/layoutlib-api/24.0.0/layoutlib-api-24.0.0.jar
Download https://repo1.maven.org/maven2/org/apache/httpcomponents/httpclient/4.1.1/httpclient-4.1.1.jar
Download https://repo1.maven.org/maven2/org/apache/httpcomponents/httpmime/4.1/httpmime-4.1.jar
Download https://repo1.maven.org/maven2/com/android/tools/dvlib/24.0.0/dvlib-24.0.0.jar
Download https://repo1.maven.org/maven2/org/apache/commons/commons-compress/1.8.1/commons-compress-1.8.1.jar
Download https://repo1.maven.org/maven2/com/android/tools/lint/lint-api/24.0.0/lint-api-24.0.0.jar
Download https://repo1.maven.org/maven2/org/ow2/asm/asm-analysis/4.0/asm-analysis-4.0.jar
Download https://repo1.maven.org/maven2/org/apache/httpcomponents/httpcore/4.1/httpcore-4.1.jar
Download https://repo1.maven.org/maven2/commons-logging/commons-logging/1.1.1/commons-logging-1.1.1.jar
Download https://repo1.maven.org/maven2/commons-codec/commons-codec/1.4/commons-codec-1.4.jar
Download https://repo1.maven.org/maven2/org/ow2/asm/asm/4.0/asm-4.0.jar
Download https://repo1.maven.org/maven2/com/android/tools/external/lombok/lombok-ast/0.2.2/lombok-ast-0.2.2.jar
Download https://repo1.maven.org/maven2/org/ow2/asm/asm-tree/4.0/asm-tree-4.0.jar
Download https://repo1.maven.org/maven2/net/sf/proguard/proguard-gradle/5.1/proguard-gradle-5.1.jar
Download https://repo1.maven.org/maven2/net/sf/proguard/proguard-base/5.1/proguard-base-5.1.jar
Download https://repo1.maven.org/maven2/com/google/code/gson/gson/2.2.4/gson-2.2.4.pom
Download https://repo1.maven.org/maven2/org/commonjava/googlecode/markdown4j/markdown4j/2.2-cj-1.0/markdown4j-2.2-cj-1.0.pom
Download https://repo1.maven.org/maven2/org/commonjava/commonjava/2/commonjava-2.pom
Download https://repo1.maven.org/maven2/com/google/code/gson/gson/2.2.4/gson-2.2.4.jar
Download https://repo1.maven.org/maven2/org/commonjava/googlecode/markdown4j/markdown4j/2.2-cj-1.0/markdown4j-2.2-cj-1.0.jar
Download https://repo1.maven.org/maven2/org/jyaml/jyaml/1.3/jyaml-1.3.pom
Download https://repo1.maven.org/maven2/org/tukaani/xz/1.5/xz-1.5.pom
Download https://repo1.maven.org/maven2/org/jsoup/jsoup/1.7.2/jsoup-1.7.2.pom
Download https://repo1.maven.org/maven2/org/jyaml/jyaml/1.3/jyaml-1.3.jar
Download https://repo1.maven.org/maven2/org/tukaani/xz/1.5/xz-1.5.jar
Download https://repo1.maven.org/maven2/org/jsoup/jsoup/1.7.2/jsoup-1.7.2.jar
:HMCL:generateSources
:HMCUtils:compileJavaNote: /home/travis/build/failed/huanghongxun/HMCL/HMCUtils/src/main/java/org/jackhuang/hellominecraft/util/ui/wizard/spi/WizardPage.java uses or overrides a deprecated API.
Note: Recompile with -Xlint:deprecation for details.
Note: Some input files use unchecked or unsafe operations.
Note: Recompile with -Xlint:unchecked for details.

:HMCUtils:compileRetrolambdaMain
Download https://repo1.maven.org/maven2/net/orfjackal/retrolambda/retrolambda/2.0.2/retrolambda-2.0.2.pom
Download https://repo1.maven.org/maven2/net/orfjackal/retrolambda/parent/2.0.2/parent-2.0.2.pom
Download https://repo1.maven.org/maven2/net/orfjackal/retrolambda/retrolambda/2.0.2/retrolambda-2.0.2.jar
:HMCUtils:processResources
:HMCUtils:classes
:HMCUtils:jar
:HMCLaF:compileJava
:HMCLaF:compileRetrolambdaMain
:HMCLaF:processResources
:HMCLaF:classes
:HMCLaF:jar
:HMCL:compileJava/home/travis/build/failed/huanghongxun/HMCL/HMCL/build/generated-src/org/jackhuang/hellominecraft/launcher/Main.java:39: error: package org.jackhuang.hellominecraft.launcher.api does not exist
import org.jackhuang.hellominecraft.launcher.api.PluginManager;
                                                ^
/home/travis/build/failed/huanghongxun/HMCL/HMCL/build/generated-src/org/jackhuang/hellominecraft/launcher/Main.java:40: error: package org.jackhuang.hellominecraft.launcher.core.launch does not exist
import org.jackhuang.hellominecraft.launcher.core.launch.GameLauncher;
                                                        ^
/home/travis/build/failed/huanghongxun/HMCL/HMCL/build/generated-src/org/jackhuang/hellominecraft/launcher/setting/Config.java:20: error: package org.jackhuang.hellominecraft.launcher.core.download does not exist
import org.jackhuang.hellominecraft.launcher.core.download.DownloadType;
                                                          ^
/home/travis/build/failed/huanghongxun/HMCL/HMCL/build/generated-src/org/jackhuang/hellominecraft/launcher/setting/Config.java:28: error: package org.jackhuang.hellominecraft.launcher.core.auth does not exist
import org.jackhuang.hellominecraft.launcher.core.auth.IAuthenticator;
                                                      ^
/home/travis/build/failed/huanghongxun/HMCL/HMCL/build/generated-src/org/jackhuang/hellominecraft/launcher/setting/Profile.java:23: error: package org.jackhuang.hellominecraft.launcher.api does not exist
import org.jackhuang.hellominecraft.launcher.api.PluginManager;
                                                ^
/home/travis/build/failed/huanghongxun/HMCL/HMCL/build/generated-src/org/jackhuang/hellominecraft/launcher/setting/Profile.java:24: error: package org.jackhuang.hellominecraft.launcher.core does not exist
import org.jackhuang.hellominecraft.launcher.core.MCUtils;
                                                 ^
/home/travis/build/failed/huanghongxun/HMCL/HMCL/build/generated-src/org/jackhuang/hellominecraft/launcher/setting/Profile.java:25: error: package org.jackhuang.hellominecraft.launcher.core.service does not exist
import org.jackhuang.hellominecraft.launcher.core.service.IMinecraftService;
                                                         ^
/home/travis/build/failed/huanghongxun/HMCL/HMCL/build/generated-src/org/jackhuang/hellominecraft/launcher/setting/Profile.java:26: error: package org.jackhuang.hellominecraft.launcher.core.version does not exist
import org.jackhuang.hellominecraft.launcher.core.version.MinecraftVersion;
                                                         ^
/home/travis/build/failed/huanghongxun/HMCL/HMCL/build/generated-src/org/jackhuang/hellominecraft/launcher/setting/Config.java:74: error: cannot find symbol
    public transient final EventHandler<DownloadType> downloadTypeChangedEvent = new EventHandler<>(this);
                                        ^
  symbol:   class DownloadType
  location: class Config
/home/travis/build/failed/huanghongxun/HMCL/HMCL/build/generated-src/org/jackhuang/hellominecraft/launcher/setting/Config.java:75: error: cannot find symbol
    public transient final EventHandler<IAuthenticator> authChangedEvent = new EventHandler<>(this);
                                        ^
  symbol:   class IAuthenticator
  location: class Config
/home/travis/build/failed/huanghongxun/HMCL/HMCL/build/generated-src/org/jackhuang/hellominecraft/launcher/setting/Config.java:140: error: cannot find symbol
    public IAuthenticator getAuthenticator() {
           ^
  symbol:   class IAuthenticator
  location: class Config
/home/travis/build/failed/huanghongxun/HMCL/HMCL/build/generated-src/org/jackhuang/hellominecraft/launcher/setting/Config.java:197: error: cannot find symbol
    public DownloadType getDownloadSource() {
           ^
  symbol:   class DownloadType
  location: class Config
/home/travis/build/failed/huanghongxun/HMCL/HMCL/build/generated-src/org/jackhuang/hellominecraft/launcher/setting/Profile.java:40: error: cannot find symbol
    private transient IMinecraftService service;
                      ^
  symbol:   class IMinecraftService
  location: class Profile
/home/travis/build/failed/huanghongxun/HMCL/HMCL/build/generated-src/org/jackhuang/hellominecraft/launcher/util/HMCLGameLauncher.java:21: error: package org.jackhuang.hellominecraft.launcher.api does not exist
import org.jackhuang.hellominecraft.launcher.api.PluginManager;
                                                ^
/home/travis/build/failed/huanghongxun/HMCL/HMCL/build/generated-src/org/jackhuang/hellominecraft/launcher/util/HMCLGameLauncher.java:22: error: package org.jackhuang.hellominecraft.launcher.core does not exist
import org.jackhuang.hellominecraft.launcher.core.GameException;
                                                 ^
/home/travis/build/failed/huanghongxun/HMCL/HMCL/build/generated-src/org/jackhuang/hellominecraft/launcher/util/HMCLGameLauncher.java:23: error: package org.jackhuang.hellominecraft.launcher.core.auth does not exist
import org.jackhuang.hellominecraft.launcher.core.auth.AuthenticationException;
                                                      ^
/home/travis/build/failed/huanghongxun/HMCL/HMCL/build/generated-src/org/jackhuang/hellominecraft/launcher/util/HMCLGameLauncher.java:24: error: package org.jackhuang.hellominecraft.launcher.core.auth does not exist
import org.jackhuang.hellominecraft.launcher.core.auth.IAuthenticator;
                                                      ^
/home/travis/build/failed/huanghongxun/HMCL/HMCL/build/generated-src/org/jackhuang/hellominecraft/launcher/util/HMCLGameLauncher.java:25: error: package org.jackhuang.hellominecraft.launcher.core.auth does not exist
import org.jackhuang.hellominecraft.launcher.core.auth.LoginInfo;
                                                      ^
/home/travis/build/failed/huanghongxun/HMCL/HMCL/build/generated-src/org/jackhuang/hellominecraft/launcher/util/HMCLGameLauncher.java:26: error: package org.jackhuang.hellominecraft.launcher.core.launch does not exist
import org.jackhuang.hellominecraft.launcher.core.launch.DefaultGameLauncher;
                                                        ^
/home/travis/build/failed/huanghongxun/HMCL/HMCL/build/generated-src/org/jackhuang/hellominecraft/launcher/util/HMCLGameLauncher.java:27: error: package org.jackhuang.hellominecraft.launcher.core.launch does not exist
import org.jackhuang.hellominecraft.launcher.core.launch.GameLauncher;
                                                        ^
/home/travis/build/failed/huanghongxun/HMCL/HMCL/build/generated-src/org/jackhuang/hellominecraft/launcher/util/HMCLGameLauncher.java:28: error: package org.jackhuang.hellominecraft.launcher.core.launch does not exist
import org.jackhuang.hellominecraft.launcher.core.launch.LaunchOptions;
                                                        ^
/home/travis/build/failed/huanghongxun/HMCL/HMCL/build/generated-src/org/jackhuang/hellominecraft/launcher/setting/Profile.java:65: error: cannot find symbol
    public IMinecraftService service() {
           ^
  symbol:   class IMinecraftService
  location: class Profile
/home/travis/build/failed/huanghongxun/HMCL/HMCL/build/generated-src/org/jackhuang/hellominecraft/launcher/setting/VersionSetting.java:24: error: package org.jackhuang.hellominecraft.launcher.core.launch does not exist
import org.jackhuang.hellominecraft.launcher.core.launch.LaunchOptions;
                                                        ^
/home/travis/build/failed/huanghongxun/HMCL/HMCL/build/generated-src/org/jackhuang/hellominecraft/launcher/setting/VersionSetting.java:25: error: package org.jackhuang.hellominecraft.launcher.core.version does not exist
import org.jackhuang.hellominecraft.launcher.core.version.GameDirType;
                                                         ^
/home/travis/build/failed/huanghongxun/HMCL/HMCL/build/generated-src/org/jackhuang/hellominecraft/launcher/util/HMCLGameLauncher.java:57: error: cannot find symbol
    public void genLaunchCode(final Consumer<GameLauncher> listener, final Consumer<String> failed, String passwordIfNeeded) {
                                             ^
  symbol:   class GameLauncher
  location: class HMCLGameLauncher
/home/travis/build/failed/huanghongxun/HMCL/HMCL/build/generated-src/org/jackhuang/hellominecraft/launcher/setting/VersionSetting.java:203: error: cannot find symbol
    public GameDirType getGameDirType() {
           ^
  symbol:   class GameDirType
  location: class VersionSetting
/home/travis/build/failed/huanghongxun/HMCL/HMCL/build/generated-src/org/jackhuang/hellominecraft/launcher/setting/VersionSetting.java:209: error: cannot find symbol
    public void setGameDirType(GameDirType gameDirType) {
                               ^
  symbol:   class GameDirType
  location: class VersionSetting
/home/travis/build/failed/huanghongxun/HMCL/HMCL/build/generated-src/org/jackhuang/hellominecraft/launcher/setting/VersionSetting.java:277: error: cannot find symbol
    public LaunchOptions createLaunchOptions(File gameDir) {
           ^
  symbol:   class LaunchOptions
  location: class VersionSetting
/home/travis/build/failed/huanghongxun/HMCL/HMCL/build/generated-src/org/jackhuang/hellominecraft/launcher/setting/Settings.java:28: error: package org.jackhuang.hellominecraft.launcher.core does not exist
import org.jackhuang.hellominecraft.launcher.core.MCUtils;
                                                 ^
/home/travis/build/failed/huanghongxun/HMCL/HMCL/build/generated-src/org/jackhuang/hellominecraft/launcher/setting/Settings.java:29: error: package org.jackhuang.hellominecraft.launcher.core.download does not exist
import org.jackhuang.hellominecraft.launcher.core.download.DownloadType;
                                                          ^
/home/travis/build/failed/huanghongxun/HMCL/HMCL/build/generated-src/org/jackhuang/hellominecraft/launcher/ui/GameDownloadPanel.java:21: error: package org.jackhuang.hellominecraft.launcher.core.download does not exist
import org.jackhuang.hellominecraft.launcher.core.download.DownloadType;
                                                          ^
/home/travis/build/failed/huanghongxun/HMCL/HMCL/build/generated-src/org/jackhuang/hellominecraft/launcher/ui/GameDownloadPanel.java:22: error: package org.jackhuang.hellominecraft.launcher.core.download does not exist
import org.jackhuang.hellominecraft.launcher.core.download.MinecraftRemoteVersions;
                                                          ^
/home/travis/build/failed/huanghongxun/HMCL/HMCL/build/generated-src/org/jackhuang/hellominecraft/launcher/ui/GameSettingsPanel.java:51: error: package org.jackhuang.hellominecraft.launcher.core.mod does not exist
import org.jackhuang.hellominecraft.launcher.core.mod.ModInfo;
                                                     ^
/home/travis/build/failed/huanghongxun/HMCL/HMCL/build/generated-src/org/jackhuang/hellominecraft/launcher/ui/GameSettingsPanel.java:52: error: package org.jackhuang.hellominecraft.launcher.core.install does not exist
import org.jackhuang.hellominecraft.launcher.core.install.InstallerType;
                                                         ^
/home/travis/build/failed/huanghongxun/HMCL/HMCL/build/generated-src/org/jackhuang/hellominecraft/launcher/ui/GameSettingsPanel.java:53: error: package org.jackhuang.hellominecraft.launcher.core.service does not exist
import org.jackhuang.hellominecraft.launcher.core.service.IMinecraftService;
                                                         ^
/home/travis/build/failed/huanghongxun/HMCL/HMCL/build/generated-src/org/jackhuang/hellominecraft/launcher/ui/GameSettingsPanel.java:54: error: package org.jackhuang.hellominecraft.launcher.core.version does not exist
import org.jackhuang.hellominecraft.launcher.core.version.GameDirType;
                                                         ^
/home/travis/build/failed/huanghongxun/HMCL/HMCL/build/generated-src/org/jackhuang/hellominecraft/launcher/ui/GameSettingsPanel.java:55: error: package org.jackhuang.hellominecraft.launcher.core.version does not exist
import org.jackhuang.hellominecraft.launcher.core.version.MinecraftVersion;
                                                         ^
/home/travis/build/failed/huanghongxun/HMCL/HMCL/build/generated-src/org/jackhuang/hellominecraft/launcher/ui/InstallerPanel.java:25: error: package org.jackhuang.hellominecraft.launcher.core.install does not exist
import org.jackhuang.hellominecraft.launcher.core.install.InstallerType;
                                                         ^
/home/travis/build/failed/huanghongxun/HMCL/HMCL/build/generated-src/org/jackhuang/hellominecraft/launcher/ui/InstallerPanel.java:26: error: package org.jackhuang.hellominecraft.launcher.core.install does not exist
import org.jackhuang.hellominecraft.launcher.core.install.InstallerVersionList;
                                                         ^
/home/travis/build/failed/huanghongxun/HMCL/HMCL/build/generated-src/org/jackhuang/hellominecraft/launcher/ui/MainFrame.java:50: error: package org.jackhuang.hellominecraft.launcher.core.auth does not exist
import org.jackhuang.hellominecraft.launcher.core.auth.IAuthenticator;
                                                      ^
/home/travis/build/failed/huanghongxun/HMCL/HMCL/build/generated-src/org/jackhuang/hellominecraft/launcher/ui/GameSettingsPanel.java:1404: error: cannot find symbol
    final Consumer<IMinecraftService> onRefreshedVersions = t -> {
                   ^
  symbol:   class IMinecraftService
  location: class GameSettingsPanel
/home/travis/build/failed/huanghongxun/HMCL/HMCL/build/generated-src/org/jackhuang/hellominecraft/launcher/ui/InstallerPanel.java:47: error: cannot find symbol
    public InstallerPanel(GameSettingsPanel gsp, InstallerType installerType) {
                                                 ^
  symbol:   class InstallerType
  location: class InstallerPanel
/home/travis/build/failed/huanghongxun/HMCL/HMCL/build/generated-src/org/jackhuang/hellominecraft/launcher/ui/InstallerPanel.java:119: error: package InstallerVersionList does not exist
    transient List<InstallerVersionList.InstallerVersion> versions;
                                       ^
/home/travis/build/failed/huanghongxun/HMCL/HMCL/build/generated-src/org/jackhuang/hellominecraft/launcher/ui/InstallerPanel.java:120: error: cannot find symbol
    transient InstallerVersionList list;
              ^
  symbol:   class InstallerVersionList
  location: class InstallerPanel
/home/travis/build/failed/huanghongxun/HMCL/HMCL/build/generated-src/org/jackhuang/hellominecraft/launcher/ui/InstallerPanel.java:121: error: cannot find symbol
    InstallerType id;
    ^
  symbol:   class InstallerType
  location: class InstallerPanel
/home/travis/build/failed/huanghongxun/HMCL/HMCL/build/generated-src/org/jackhuang/hellominecraft/launcher/ui/InstallerPanel.java:128: error: package InstallerVersionList does not exist
    public synchronized InstallerVersionList.InstallerVersion getVersion(int idx) {
                                            ^
/home/travis/build/failed/huanghongxun/HMCL/HMCL/build/generated-src/org/jackhuang/hellominecraft/launcher/ui/LaunchingUIDaemon.java:25: error: package org.jackhuang.hellominecraft.launcher.core.launch does not exist
import org.jackhuang.hellominecraft.launcher.core.launch.GameLauncher;
                                                        ^
/home/travis/build/failed/huanghongxun/HMCL/HMCL/build/generated-src/org/jackhuang/hellominecraft/launcher/ui/LaunchingUIDaemon.java:26: error: package org.jackhuang.hellominecraft.launcher.core.launch does not exist
import org.jackhuang.hellominecraft.launcher.core.launch.LaunchingState;
                                                        ^
/home/travis/build/failed/huanghongxun/HMCL/HMCL/build/generated-src/org/jackhuang/hellominecraft/launcher/ui/LaunchingUIDaemon.java:66: error: cannot find symbol
    private static final Consumer<LaunchingState> LAUNCHING_STATE_CHANGED = t -> {
                                  ^
  symbol:   class LaunchingState
  location: class LaunchingUIDaemon
/home/travis/build/failed/huanghongxun/HMCL/HMCL/build/generated-src/org/jackhuang/hellominecraft/launcher/ui/LauncherSettingsPanel.java:28: error: package org.jackhuang.hellominecraft.launcher.core.download does not exist
import org.jackhuang.hellominecraft.launcher.core.download.DownloadType;
                                                          ^
/home/travis/build/failed/huanghongxun/HMCL/HMCL/build/generated-src/org/jackhuang/hellominecraft/launcher/ui/MainPagePanel.java:31: error: package org.jackhuang.hellominecraft.launcher.core.auth does not exist
import org.jackhuang.hellominecraft.launcher.core.auth.IAuthenticator;
                                                      ^
/home/travis/build/failed/huanghongxun/HMCL/HMCL/build/generated-src/org/jackhuang/hellominecraft/launcher/ui/MainPagePanel.java:35: error: package org.jackhuang.hellominecraft.launcher.core.version does not exist
import org.jackhuang.hellominecraft.launcher.core.version.MinecraftVersion;
                                                         ^
/home/travis/build/failed/huanghongxun/HMCL/HMCL/build/generated-src/org/jackhuang/hellominecraft/launcher/ui/MainPagePanel.java:37: error: package org.jackhuang.hellominecraft.launcher.core.mod does not exist
import org.jackhuang.hellominecraft.launcher.core.mod.ModpackManager;
                                                     ^
/home/travis/build/failed/huanghongxun/HMCL/HMCL/build/generated-src/org/jackhuang/hellominecraft/launcher/ui/MainPagePanel.java:38: error: package org.jackhuang.hellominecraft.launcher.core.service does not exist
import org.jackhuang.hellominecraft.launcher.core.service.IMinecraftService;
                                                         ^
/home/travis/build/failed/huanghongxun/HMCL/HMCL/build/generated-src/org/jackhuang/hellominecraft/launcher/ui/MainPagePanel.java:450: error: cannot find symbol
    final Event<IAuthenticator> onAuthChanged = (sender, l) -> {
                ^
  symbol:   class IAuthenticator
  location: class MainPagePanel
/home/travis/build/failed/huanghongxun/HMCL/HMCL/build/generated-src/org/jackhuang/hellominecraft/launcher/ui/MainPagePanel.java:483: error: cannot find symbol
    final Consumer<IMinecraftService> onRefreshedVersions = t -> {
                   ^
  symbol:   class IMinecraftService
  location: class MainPagePanel
/home/travis/build/failed/huanghongxun/HMCL/HMCL/build/generated-src/org/jackhuang/hellominecraft/launcher/ui/modpack/ModpackWizard.java:30: error: package org.jackhuang.hellominecraft.launcher.core does not exist
import org.jackhuang.hellominecraft.launcher.core.GameException;
                                                 ^
/home/travis/build/failed/huanghongxun/HMCL/HMCL/build/generated-src/org/jackhuang/hellominecraft/launcher/ui/modpack/ModpackWizard.java:31: error: package org.jackhuang.hellominecraft.launcher.core.mod does not exist
import org.jackhuang.hellominecraft.launcher.core.mod.ModpackManager;
                                                     ^
/home/travis/build/failed/huanghongxun/HMCL/HMCL/build/generated-src/org/jackhuang/hellominecraft/launcher/ui/modpack/ModpackWizard.java:32: error: package org.jackhuang.hellominecraft.launcher.core.version does not exist
import org.jackhuang.hellominecraft.launcher.core.version.MinecraftVersion;
                                                         ^
/home/travis/build/failed/huanghongxun/HMCL/HMCL/build/generated-src/org/jackhuang/hellominecraft/launcher/util/DefaultPlugin.java:20: error: package org.jackhuang.hellominecraft.launcher.core.service does not exist
import org.jackhuang.hellominecraft.launcher.core.service.IMinecraftService;
                                                         ^
/home/travis/build/failed/huanghongxun/HMCL/HMCL/build/generated-src/org/jackhuang/hellominecraft/launcher/util/DefaultPlugin.java:21: error: package org.jackhuang.hellominecraft.launcher.api does not exist
import org.jackhuang.hellominecraft.launcher.api.IPlugin;
                                                ^
/home/travis/build/failed/huanghongxun/HMCL/HMCL/build/generated-src/org/jackhuang/hellominecraft/launcher/util/DefaultPlugin.java:22: error: package org.jackhuang.hellominecraft.launcher.core.auth does not exist
import org.jackhuang.hellominecraft.launcher.core.auth.IAuthenticator;
                                                      ^
/home/travis/build/failed/huanghongxun/HMCL/HMCL/build/generated-src/org/jackhuang/hellominecraft/launcher/util/DefaultPlugin.java:23: error: package org.jackhuang.hellominecraft.launcher.core.auth does not exist
import org.jackhuang.hellominecraft.launcher.core.auth.OfflineAuthenticator;
                                                      ^
/home/travis/build/failed/huanghongxun/HMCL/HMCL/build/generated-src/org/jackhuang/hellominecraft/launcher/util/DefaultPlugin.java:24: error: package org.jackhuang.hellominecraft.launcher.core.auth does not exist
import org.jackhuang.hellominecraft.launcher.core.auth.SkinmeAuthenticator;
                                                      ^
/home/travis/build/failed/huanghongxun/HMCL/HMCL/build/generated-src/org/jackhuang/hellominecraft/launcher/util/DefaultPlugin.java:25: error: package org.jackhuang.hellominecraft.launcher.core.auth does not exist
import org.jackhuang.hellominecraft.launcher.core.auth.UserProfileProvider;
                                                      ^
/home/travis/build/failed/huanghongxun/HMCL/HMCL/build/generated-src/org/jackhuang/hellominecraft/launcher/util/DefaultPlugin.java:26: error: package org.jackhuang.hellominecraft.launcher.core.auth does not exist
import org.jackhuang.hellominecraft.launcher.core.auth.YggdrasilAuthenticator;
                                                      ^
/home/travis/build/failed/huanghongxun/HMCL/HMCL/build/generated-src/org/jackhuang/hellominecraft/launcher/util/DefaultPlugin.java:27: error: package org.jackhuang.hellominecraft.launcher.core.launch does not exist
import org.jackhuang.hellominecraft.launcher.core.launch.LaunchOptions;
                                                        ^
/home/travis/build/failed/huanghongxun/HMCL/HMCL/build/generated-src/org/jackhuang/hellominecraft/launcher/util/DefaultPlugin.java:38: error: cannot find symbol
public class DefaultPlugin implements IPlugin {
                                      ^
  symbol: class IPlugin
/home/travis/build/failed/huanghongxun/HMCL/HMCL/build/generated-src/org/jackhuang/hellominecraft/launcher/util/DefaultPlugin.java:40: error: cannot find symbol
    YggdrasilAuthenticator YGGDRASIL_LOGIN = null;
    ^
  symbol:   class YggdrasilAuthenticator
  location: class DefaultPlugin
/home/travis/build/failed/huanghongxun/HMCL/HMCL/build/generated-src/org/jackhuang/hellominecraft/launcher/util/DefaultPlugin.java:41: error: cannot find symbol
    OfflineAuthenticator OFFLINE_LOGIN = null;
    ^
  symbol:   class OfflineAuthenticator
  location: class DefaultPlugin
/home/travis/build/failed/huanghongxun/HMCL/HMCL/build/generated-src/org/jackhuang/hellominecraft/launcher/util/DefaultPlugin.java:42: error: cannot find symbol
    SkinmeAuthenticator SKINME_LOGIN = null;
    ^
  symbol:   class SkinmeAuthenticator
  location: class DefaultPlugin
/home/travis/build/failed/huanghongxun/HMCL/HMCL/build/generated-src/org/jackhuang/hellominecraft/launcher/util/DefaultPlugin.java:45: error: cannot find symbol
    public IMinecraftService provideMinecraftService(Object profile) {
           ^
  symbol:   class IMinecraftService
  location: class DefaultPlugin
/home/travis/build/failed/huanghongxun/HMCL/HMCL/build/generated-src/org/jackhuang/hellominecraft/launcher/util/DefaultPlugin.java:50: error: cannot find symbol
    public void onRegisterAuthenticators(Consumer<IAuthenticator> apply) {
                                                  ^
  symbol:   class IAuthenticator
  location: class DefaultPlugin
/home/travis/build/failed/huanghongxun/HMCL/HMCL/build/generated-src/org/jackhuang/hellominecraft/launcher/util/DefaultPlugin.java:74: error: cannot find symbol
    public void onProcessingLoginResult(UserProfileProvider result) {
                                        ^
  symbol:   class UserProfileProvider
  location: class DefaultPlugin
/home/travis/build/failed/huanghongxun/HMCL/HMCL/build/generated-src/org/jackhuang/hellominecraft/launcher/util/DefaultPlugin.java:77: error: cannot find symbol
    public transient final EventHandler<LaunchOptions> onProcessingLaunchOptionsEvent = new EventHandler<>(this);
                                        ^
  symbol:   class LaunchOptions
  location: class DefaultPlugin
/home/travis/build/failed/huanghongxun/HMCL/HMCL/build/generated-src/org/jackhuang/hellominecraft/launcher/util/DefaultPlugin.java:80: error: cannot find symbol
    public void onProcessingLaunchOptions(LaunchOptions p) {
                                          ^
  symbol:   class LaunchOptions
  location: class DefaultPlugin
/home/travis/build/failed/huanghongxun/HMCL/HMCL/build/generated-src/org/jackhuang/hellominecraft/launcher/util/HMCLGameProvider.java:21: error: package org.jackhuang.hellominecraft.launcher.core.version does not exist
import org.jackhuang.hellominecraft.launcher.core.version.GameDirType;
                                                         ^
/home/travis/build/failed/huanghongxun/HMCL/HMCL/build/generated-src/org/jackhuang/hellominecraft/launcher/util/HMCLGameProvider.java:22: error: package org.jackhuang.hellominecraft.launcher.core.version does not exist
import org.jackhuang.hellominecraft.launcher.core.version.MinecraftVersionManager;
                                                         ^
/home/travis/build/failed/huanghongxun/HMCL/HMCL/build/generated-src/org/jackhuang/hellominecraft/launcher/util/HMCLGameProvider.java:29: error: cannot find symbol
public class HMCLGameProvider extends MinecraftVersionManager {
                                      ^
  symbol: class MinecraftVersionManager
/home/travis/build/failed/huanghongxun/HMCL/HMCL/build/generated-src/org/jackhuang/hellominecraft/launcher/util/HMCLMinecraftService.java:25: error: package org.jackhuang.hellominecraft.launcher.core does not exist
import org.jackhuang.hellominecraft.launcher.core.GameException;
                                                 ^
/home/travis/build/failed/huanghongxun/HMCL/HMCL/build/generated-src/org/jackhuang/hellominecraft/launcher/util/HMCLMinecraftService.java:26: error: package org.jackhuang.hellominecraft.launcher.core.install does not exist
import org.jackhuang.hellominecraft.launcher.core.install.MinecraftInstallerService;
                                                         ^
/home/travis/build/failed/huanghongxun/HMCL/HMCL/build/generated-src/org/jackhuang/hellominecraft/launcher/util/HMCLMinecraftService.java:27: error: package org.jackhuang.hellominecraft.launcher.core.asset does not exist
import org.jackhuang.hellominecraft.launcher.core.asset.MinecraftAssetService;
                                                       ^
/home/travis/build/failed/huanghongxun/HMCL/HMCL/build/generated-src/org/jackhuang/hellominecraft/launcher/util/HMCLMinecraftService.java:28: error: package org.jackhuang.hellominecraft.launcher.core.auth does not exist
import org.jackhuang.hellominecraft.launcher.core.auth.UserProfileProvider;
                                                      ^
/home/travis/build/failed/huanghongxun/HMCL/HMCL/build/generated-src/org/jackhuang/hellominecraft/launcher/util/HMCLMinecraftService.java:29: error: package org.jackhuang.hellominecraft.launcher.core.download does not exist
import org.jackhuang.hellominecraft.launcher.core.download.MinecraftDownloadService;
                                                          ^
/home/travis/build/failed/huanghongxun/HMCL/HMCL/build/generated-src/org/jackhuang/hellominecraft/launcher/util/HMCLMinecraftService.java:30: error: package org.jackhuang.hellominecraft.launcher.core.launch does not exist
import org.jackhuang.hellominecraft.launcher.core.launch.LaunchOptions;
                                                        ^
/home/travis/build/failed/huanghongxun/HMCL/HMCL/build/generated-src/org/jackhuang/hellominecraft/launcher/util/HMCLMinecraftService.java:31: error: package org.jackhuang.hellominecraft.launcher.core.launch does not exist
import org.jackhuang.hellominecraft.launcher.core.launch.MinecraftLoader;
                                                        ^
/home/travis/build/failed/huanghongxun/HMCL/HMCL/build/generated-src/org/jackhuang/hellominecraft/launcher/util/HMCLMinecraftService.java:32: error: package org.jackhuang.hellominecraft.launcher.core.service does not exist
import org.jackhuang.hellominecraft.launcher.core.service.IMinecraftAssetService;
                                                         ^
/home/travis/build/failed/huanghongxun/HMCL/HMCL/build/generated-src/org/jackhuang/hellominecraft/launcher/util/HMCLMinecraftService.java:33: error: package org.jackhuang.hellominecraft.launcher.core.service does not exist
import org.jackhuang.hellominecraft.launcher.core.service.IMinecraftDownloadService;
                                                         ^
/home/travis/build/failed/huanghongxun/HMCL/HMCL/build/generated-src/org/jackhuang/hellominecraft/launcher/util/HMCLMinecraftService.java:34: error: package org.jackhuang.hellominecraft.launcher.core.service does not exist
import org.jackhuang.hellominecraft.launcher.core.service.IMinecraftInstallerService;
                                                         ^
/home/travis/build/failed/huanghongxun/HMCL/HMCL/build/generated-src/org/jackhuang/hellominecraft/launcher/util/HMCLMinecraftService.java:35: error: package org.jackhuang.hellominecraft.launcher.core.service does not exist
import org.jackhuang.hellominecraft.launcher.core.service.IMinecraftLoader;
                                                         ^
/home/travis/build/failed/huanghongxun/HMCL/HMCL/build/generated-src/org/jackhuang/hellominecraft/launcher/util/HMCLMinecraftService.java:36: error: package org.jackhuang.hellominecraft.launcher.core.service does not exist
import org.jackhuang.hellominecraft.launcher.core.service.IMinecraftModService;
                                                         ^
/home/travis/build/failed/huanghongxun/HMCL/HMCL/build/generated-src/org/jackhuang/hellominecraft/launcher/util/HMCLMinecraftService.java:37: error: package org.jackhuang.hellominecraft.launcher.core.service does not exist
import org.jackhuang.hellominecraft.launcher.core.service.IMinecraftProvider;
                                                         ^
/home/travis/build/failed/huanghongxun/HMCL/HMCL/build/generated-src/org/jackhuang/hellominecraft/launcher/util/HMCLMinecraftService.java:38: error: package org.jackhuang.hellominecraft.launcher.core.service does not exist
import org.jackhuang.hellominecraft.launcher.core.service.IMinecraftService;
                                                         ^
/home/travis/build/failed/huanghongxun/HMCL/HMCL/build/generated-src/org/jackhuang/hellominecraft/launcher/util/HMCLMinecraftService.java:39: error: package org.jackhuang.hellominecraft.launcher.core.mod does not exist
import org.jackhuang.hellominecraft.launcher.core.mod.MinecraftModService;
                                                     ^
/home/travis/build/failed/huanghongxun/HMCL/HMCL/build/generated-src/org/jackhuang/hellominecraft/launcher/util/HMCLMinecraftService.java:40: error: package org.jackhuang.hellominecraft.launcher.core.mod does not exist
import org.jackhuang.hellominecraft.launcher.core.mod.ModpackManager;
                                                     ^
/home/travis/build/failed/huanghongxun/HMCL/HMCL/build/generated-src/org/jackhuang/hellominecraft/launcher/util/HMCLMinecraftService.java:53: error: cannot find symbol
public class HMCLMinecraftService extends IMinecraftService {
                                          ^
  symbol: class IMinecraftService
/home/travis/build/failed/huanghongxun/HMCL/HMCL/build/generated-src/org/jackhuang/hellominecraft/launcher/util/HMCLMinecraftService.java:138: error: cannot find symbol
    protected IMinecraftProvider provider;
              ^
  symbol:   class IMinecraftProvider
  location: class HMCLMinecraftService
/home/travis/build/failed/huanghongxun/HMCL/HMCL/build/generated-src/org/jackhuang/hellominecraft/launcher/util/HMCLMinecraftService.java:141: error: cannot find symbol
    public IMinecraftProvider version() {
           ^
  symbol:   class IMinecraftProvider
  location: class HMCLMinecraftService
/home/travis/build/failed/huanghongxun/HMCL/HMCL/build/generated-src/org/jackhuang/hellominecraft/launcher/util/HMCLMinecraftService.java:145: error: cannot find symbol
    protected MinecraftModService mms;
              ^
  symbol:   class MinecraftModService
  location: class HMCLMinecraftService
/home/travis/build/failed/huanghongxun/HMCL/HMCL/build/generated-src/org/jackhuang/hellominecraft/launcher/util/HMCLMinecraftService.java:148: error: cannot find symbol
    public IMinecraftModService mod() {
           ^
  symbol:   class IMinecraftModService
  location: class HMCLMinecraftService
Note: /home/travis/build/failed/huanghongxun/HMCL/HMCL/build/generated-src/org/jackhuang/hellominecraft/launcher/ui/MainPagePanel.java uses or overrides a deprecated API.
Note: Recompile with -Xlint:deprecation for details.
Note: Some input files use unchecked or unsafe operations.
Note: Recompile with -Xlint:unchecked for details.
100 errors
 FAILED
:HMCL:processResources
:HMCL:processTestResources UP-TO-DATE
:HMCLaF:sourcesJar
:HMCLaF:assemble
:HMCLaF:compileTestJava UP-TO-DATE
:HMCLaF:compileRetrolambdaTest SKIPPED
:HMCLaF:processTestResources UP-TO-DATE
:HMCLaF:testClasses UP-TO-DATE
:HMCLaF:test UP-TO-DATE
:HMCLaF:check UP-TO-DATE
:HMCLaF:build
:HMCSM:compileJavaNote: Some input files use unchecked or unsafe operations.
Note: Recompile with -Xlint:unchecked for details.

:HMCSM:compileRetrolambdaMain
:HMCSM:processResources
:HMCSM:classes
:HMCSM:jar
:HMCSM:sourcesJar
:HMCSM:assemble
:HMCSM:compileTestJava UP-TO-DATE
:HMCSM:compileRetrolambdaTest SKIPPED
:HMCSM:processTestResources UP-TO-DATE
:HMCSM:testClasses UP-TO-DATE
:HMCSM:test UP-TO-DATE
:HMCSM:check UP-TO-DATE
:HMCSM:makeExecutable
:HMCSM:build
:HMCUtils:sourcesJar
:HMCUtils:assemble
:HMCUtils:compileTestJava UP-TO-DATE
:HMCUtils:compileRetrolambdaTest SKIPPED
:HMCUtils:processTestResources UP-TO-DATE
:HMCUtils:testClasses UP-TO-DATE
:HMCUtils:test UP-TO-DATE
:HMCUtils:check UP-TO-DATE
:HMCUtils:build

FAILURE: Build failed with an exception.

* What went wrong:
Execution failed for task ':HMCL:compileJava'.
> Compilation failed; see the compiler error output for details.

* Try:
Run with --stacktrace option to get the stack trace. Run with --info or --debug option to get more log output.

BUILD FAILED

Total time: 30.63 secs

travis_time:end:2a2fd8a8:start=1659220621855656310,finish=1659220653034854866,duration=31179198556[0K
[31;1mThe command "gradle build --continue" exited with 1.[0m
travis_fold:start:before_cache[0Ktravis_time:start:00f91083[0K$ rm -f $HOME/.gradle/caches/modules-2/modules-2.lock

travis_time:end:00f91083:start=1659220653045273842,finish=1659220653054969776,duration=9695934[0Ktravis_fold:end:before_cache[0Ktravis_fold:start:cache.2[0Kstore build cache
travis_time:start:021c8e88[0K
travis_time:end:021c8e88:start=1659220653065604872,finish=1659220653074323213,duration=8718341[0Ktravis_time:start:2375a76e[0K/home/travis/.casher/bin/casher:190: warning: Insecure world writable dir /home/travis/build/failed/huanghongxun/HMCL/. in PATH, mode 040777
[32;1mchanges detected, packing new archive[0m
/home/travis/.casher/bin/casher:213:in `cache_archive_name': undefined method `[]' for nil:NilClass (NoMethodError)
	from /home/travis/.casher/bin/casher:143:in `push'
	from /home/travis/.casher/bin/casher:53:in `block in run'
	from /home/travis/.rvm/rubies/ruby-1.9.3-p551/lib/ruby/1.9.1/timeout.rb:69:in `timeout'
	from /home/travis/.casher/bin/casher:53:in `run'
	from /home/travis/.casher/bin/casher:263:in `<main>'

travis_time:end:2375a76e:start=1659220653083801087,finish=1659220655920384080,duration=2836582993[0Ktravis_fold:end:cache.2[0K
Done. Your build exited with 1.
