travis_fold:start:system_info[0K[33;1mBuild system information[0m
Build language: java
Build group: stable
Build dist: precise
Build id: ''
Job id: ''
[34m[1mBuild image provisioning date and time[0m
Thu Feb  5 15:09:33 UTC 2015
[34m[1mOperating System Details[0m
Distributor ID:	Ubuntu
Description:	Ubuntu 12.04.5 LTS
Release:	12.04
Codename:	precise
[34m[1mLinux Version[0m
3.13.0-29-generic
[34m[1mCookbooks Version[0m
a68419e https://github.com/travis-ci/travis-cookbooks/tree/a68419e
[34m[1mGCC version[0m
gcc (Ubuntu/Linaro 4.6.3-1ubuntu5) 4.6.3
Copyright (C) 2011 Free Software Foundation, Inc.
This is free software; see the source for copying conditions.  There is NO
warranty; not even for MERCHANTABILITY or FITNESS FOR A PARTICULAR PURPOSE.

[34m[1mLLVM version[0m
clang version 3.4 (tags/RELEASE_34/final)
Target: x86_64-unknown-linux-gnu
Thread model: posix
[34m[1mPre-installed Ruby versions[0m
ruby-1.9.3-p551
[34m[1mPre-installed Node.js versions[0m
v0.10.36
[34m[1mPre-installed Go versions[0m
1.4.1
[34m[1mRedis version[0m
redis-server 2.8.19
[34m[1mriak version[0m
2.0.2
[34m[1mMongoDB version[0m
MongoDB 2.4.12
[34m[1mCouchDB version[0m
couchdb 1.6.1
[34m[1mNeo4j version[0m
1.9.4
[34m[1mRabbitMQ Version[0m
3.4.3
[34m[1mElasticSearch version[0m
1.4.0
[34m[1mInstalled Sphinx versions[0m
2.0.10
2.1.9
2.2.6
[34m[1mDefault Sphinx version[0m
2.2.6
[34m[1mInstalled Firefox version[0m
firefox 31.0esr
[34m[1mPhantomJS version[0m
1.9.8
[34m[1mant -version[0m
Apache Ant(TM) version 1.8.2 compiled on December 3 2011
[34m[1mmvn -version[0m
Apache Maven 3.2.5 (12a6b3acb947671f09b81f49094c53f426d8cea1; 2014-12-14T17:29:23+00:00)
Maven home: /usr/local/maven
Java version: 1.7.0_76, vendor: Oracle Corporation
Java home: /usr/lib/jvm/java-7-oracle/jre
Default locale: en_US, platform encoding: ANSI_X3.4-1968
OS name: "linux", version: "3.13.0-29-generic", arch: "amd64", family: "unix"
travis_fold:end:system_info[0K
W: Failed to fetch http://us.archive.ubuntu.com/ubuntu/dists/precise/main/source/Sources  404  Not Found [IP: 91.189.91.39 80]

W: Failed to fetch http://us.archive.ubuntu.com/ubuntu/dists/precise/restricted/source/Sources  404  Not Found [IP: 91.189.91.39 80]

W: Failed to fetch http://us.archive.ubuntu.com/ubuntu/dists/precise/universe/source/Sources  404  Not Found [IP: 91.189.91.39 80]

W: Failed to fetch http://us.archive.ubuntu.com/ubuntu/dists/precise/multiverse/source/Sources  404  Not Found [IP: 91.189.91.39 80]

W: Failed to fetch http://us.archive.ubuntu.com/ubuntu/dists/precise/main/binary-amd64/Packages  404  Not Found [IP: 91.189.91.39 80]

W: Failed to fetch http://us.archive.ubuntu.com/ubuntu/dists/precise/restricted/binary-amd64/Packages  404  Not Found [IP: 91.189.91.39 80]

W: Failed to fetch http://us.archive.ubuntu.com/ubuntu/dists/precise/universe/binary-amd64/Packages  404  Not Found [IP: 91.189.91.39 80]

W: Failed to fetch http://us.archive.ubuntu.com/ubuntu/dists/precise/multiverse/binary-amd64/Packages  404  Not Found [IP: 91.189.91.39 80]

W: Failed to fetch http://us.archive.ubuntu.com/ubuntu/dists/precise/main/binary-i386/Packages  404  Not Found [IP: 91.189.91.39 80]

W: Failed to fetch http://us.archive.ubuntu.com/ubuntu/dists/precise/restricted/binary-i386/Packages  404  Not Found [IP: 91.189.91.39 80]

W: Failed to fetch http://us.archive.ubuntu.com/ubuntu/dists/precise/universe/binary-i386/Packages  404  Not Found [IP: 91.189.91.39 80]

W: Failed to fetch http://us.archive.ubuntu.com/ubuntu/dists/precise/multiverse/binary-i386/Packages  404  Not Found [IP: 91.189.91.39 80]

W: Failed to fetch http://us.archive.ubuntu.com/ubuntu/dists/precise-updates/main/source/Sources  404  Not Found [IP: 91.189.91.39 80]

W: Failed to fetch http://us.archive.ubuntu.com/ubuntu/dists/precise-updates/restricted/source/Sources  404  Not Found [IP: 91.189.91.39 80]

W: Failed to fetch http://us.archive.ubuntu.com/ubuntu/dists/precise-updates/universe/source/Sources  404  Not Found [IP: 91.189.91.39 80]

W: Failed to fetch http://us.archive.ubuntu.com/ubuntu/dists/precise-updates/multiverse/source/Sources  404  Not Found [IP: 91.189.91.39 80]

W: Failed to fetch http://us.archive.ubuntu.com/ubuntu/dists/precise-updates/main/binary-amd64/Packages  404  Not Found [IP: 91.189.91.39 80]

W: Failed to fetch http://us.archive.ubuntu.com/ubuntu/dists/precise-updates/restricted/binary-amd64/Packages  404  Not Found [IP: 91.189.91.39 80]

W: Failed to fetch http://us.archive.ubuntu.com/ubuntu/dists/precise-updates/universe/binary-amd64/Packages  404  Not Found [IP: 91.189.91.39 80]

W: Failed to fetch http://us.archive.ubuntu.com/ubuntu/dists/precise-updates/multiverse/binary-amd64/Packages  404  Not Found [IP: 91.189.91.39 80]

W: Failed to fetch http://us.archive.ubuntu.com/ubuntu/dists/precise-updates/main/binary-i386/Packages  404  Not Found [IP: 91.189.91.39 80]

W: Failed to fetch http://us.archive.ubuntu.com/ubuntu/dists/precise-updates/restricted/binary-i386/Packages  404  Not Found [IP: 91.189.91.39 80]

W: Failed to fetch http://us.archive.ubuntu.com/ubuntu/dists/precise-updates/universe/binary-i386/Packages  404  Not Found [IP: 91.189.91.39 80]

W: Failed to fetch http://us.archive.ubuntu.com/ubuntu/dists/precise-updates/multiverse/binary-i386/Packages  404  Not Found [IP: 91.189.91.39 80]

W: Failed to fetch http://us.archive.ubuntu.com/ubuntu/dists/precise-backports/main/source/Sources  404  Not Found [IP: 91.189.91.39 80]

W: Failed to fetch http://us.archive.ubuntu.com/ubuntu/dists/precise-backports/restricted/source/Sources  404  Not Found [IP: 91.189.91.39 80]

W: Failed to fetch http://us.archive.ubuntu.com/ubuntu/dists/precise-backports/universe/source/Sources  404  Not Found [IP: 91.189.91.39 80]

W: Failed to fetch http://us.archive.ubuntu.com/ubuntu/dists/precise-backports/multiverse/source/Sources  404  Not Found [IP: 91.189.91.39 80]

W: Failed to fetch http://us.archive.ubuntu.com/ubuntu/dists/precise-backports/main/binary-amd64/Packages  404  Not Found [IP: 91.189.91.39 80]

W: Failed to fetch http://us.archive.ubuntu.com/ubuntu/dists/precise-backports/restricted/binary-amd64/Packages  404  Not Found [IP: 91.189.91.39 80]

W: Failed to fetch http://us.archive.ubuntu.com/ubuntu/dists/precise-backports/universe/binary-amd64/Packages  404  Not Found [IP: 91.189.91.39 80]

W: Failed to fetch http://us.archive.ubuntu.com/ubuntu/dists/precise-backports/multiverse/binary-amd64/Packages  404  Not Found [IP: 91.189.91.39 80]

W: Failed to fetch http://us.archive.ubuntu.com/ubuntu/dists/precise-backports/main/binary-i386/Packages  404  Not Found [IP: 91.189.91.39 80]

W: Failed to fetch http://us.archive.ubuntu.com/ubuntu/dists/precise-backports/restricted/binary-i386/Packages  404  Not Found [IP: 91.189.91.39 80]

W: Failed to fetch http://us.archive.ubuntu.com/ubuntu/dists/precise-backports/universe/binary-i386/Packages  404  Not Found [IP: 91.189.91.39 80]

W: Failed to fetch http://us.archive.ubuntu.com/ubuntu/dists/precise-backports/multiverse/binary-i386/Packages  404  Not Found [IP: 91.189.91.39 80]

W: Failed to fetch http://security.ubuntu.com/ubuntu/dists/precise-security/main/source/Sources  404  Not Found [IP: 185.125.190.39 80]

W: Failed to fetch http://security.ubuntu.com/ubuntu/dists/precise-security/restricted/source/Sources  404  Not Found [IP: 185.125.190.39 80]

W: Failed to fetch http://security.ubuntu.com/ubuntu/dists/precise-security/universe/source/Sources  404  Not Found [IP: 185.125.190.39 80]

W: Failed to fetch http://security.ubuntu.com/ubuntu/dists/precise-security/multiverse/source/Sources  404  Not Found [IP: 185.125.190.39 80]

W: Failed to fetch http://security.ubuntu.com/ubuntu/dists/precise-security/main/binary-amd64/Packages  404  Not Found [IP: 185.125.190.39 80]

W: Failed to fetch http://security.ubuntu.com/ubuntu/dists/precise-security/restricted/binary-amd64/Packages  404  Not Found [IP: 185.125.190.39 80]

W: Failed to fetch http://security.ubuntu.com/ubuntu/dists/precise-security/universe/binary-amd64/Packages  404  Not Found [IP: 185.125.190.39 80]

W: Failed to fetch http://security.ubuntu.com/ubuntu/dists/precise-security/multiverse/binary-amd64/Packages  404  Not Found [IP: 185.125.190.39 80]

W: Failed to fetch http://security.ubuntu.com/ubuntu/dists/precise-security/main/binary-i386/Packages  404  Not Found [IP: 185.125.190.39 80]

W: Failed to fetch http://security.ubuntu.com/ubuntu/dists/precise-security/restricted/binary-i386/Packages  404  Not Found [IP: 185.125.190.39 80]

W: Failed to fetch http://security.ubuntu.com/ubuntu/dists/precise-security/universe/binary-i386/Packages  404  Not Found [IP: 185.125.190.39 80]

W: Failed to fetch http://security.ubuntu.com/ubuntu/dists/precise-security/multiverse/binary-i386/Packages  404  Not Found [IP: 185.125.190.39 80]

W: Failed to fetch http://ppa.launchpad.net/rwky/ppa/ubuntu/dists/precise/main/binary-amd64/Packages  403  Forbidden

W: Failed to fetch http://ppa.launchpad.net/rwky/ppa/ubuntu/dists/precise/main/binary-i386/Packages  403  Forbidden

W: Failed to fetch http://ppa.launchpad.net/travis-ci/zero-mq/ubuntu/dists/precise/main/binary-amd64/Packages  403  Forbidden

W: Failed to fetch http://ppa.launchpad.net/travis-ci/zero-mq/ubuntu/dists/precise/main/binary-i386/Packages  403  Forbidden

W: Failed to fetch http://apt.postgresql.org/pub/repos/apt/dists/precise-pgdg/main/binary-amd64/Packages  404  Not Found [IP: 217.196.149.55 80]

W: Failed to fetch http://apt.postgresql.org/pub/repos/apt/dists/precise-pgdg/main/binary-i386/Packages  404  Not Found [IP: 217.196.149.55 80]

W: Failed to fetch http://downloads-distro.mongodb.org/repo/debian-sysvinit/dists/dist/10gen/binary-amd64/Packages  Undetermined Error [IP: 52.21.89.200 80]

W: Failed to fetch http://downloads-distro.mongodb.org/repo/debian-sysvinit/dists/dist/10gen/binary-i386/Packages  Undetermined Error [IP: 52.21.89.200 80]

E: Some index files failed to download. They have been ignored, or old ones used instead.
sed: cannot rename /etc/hosts: Device or resource busy
sed: cannot rename /etc/hosts: Device or resource busy
$ jdk_switcher use oraclejdk7
Switching to Oracle JDK7 (java-7-oracle), JAVA_HOME will be set to /usr/lib/jvm/java-7-oracle
$ cd failed/ProjectKorra/ProjectKorra
$ java -Xmx32m -version
java version "1.7.0_76"
Java(TM) SE Runtime Environment (build 1.7.0_76-b13)
Java HotSpot(TM) 64-Bit Server VM (build 24.76-b04, mixed mode)
$ javac -J-Xmx32m -version
javac 1.7.0_76
travis_time:start:2865c300[0K$ ant main
Buildfile: /home/travis/build/failed/ProjectKorra/ProjectKorra/build.xml

clean:

compile:
    [mkdir] Created dir: /home/travis/build/failed/ProjectKorra/ProjectKorra/build/classes
    [javac] /home/travis/build/failed/ProjectKorra/ProjectKorra/build.xml:16: warning: 'includeantruntime' was not set, defaulting to build.sysclasspath=last; set to false for repeatable builds
    [javac] Compiling 176 source files to /home/travis/build/failed/ProjectKorra/ProjectKorra/build/classes
    [javac] /home/travis/build/failed/ProjectKorra/ProjectKorra/src/com/projectkorra/projectkorra/GeneralMethods.java:73: error: package com.projectkorra.rpg.event does not exist
    [javac] import com.projectkorra.rpg.event.EventManager;
    [javac]                                  ^
    [javac] /home/travis/build/failed/ProjectKorra/ProjectKorra/src/com/projectkorra/projectkorra/firebending/FireBurst.java:8: error: package com.projectkorra.rpg.event does not exist
    [javac] import com.projectkorra.rpg.event.EventManager;
    [javac]                                  ^
    [javac] /home/travis/build/failed/ProjectKorra/ProjectKorra/src/com/projectkorra/projectkorra/firebending/FireMethods.java:9: error: package com.projectkorra.rpg.event does not exist
    [javac] import com.projectkorra.rpg.event.EventManager;
    [javac]                                  ^
    [javac] /home/travis/build/failed/ProjectKorra/ProjectKorra/src/com/projectkorra/projectkorra/waterbending/WaterArmsWhip.java:12: error: package com.projectkorra.rpg.event does not exist
    [javac] import com.projectkorra.rpg.event.EventManager;
    [javac]                                  ^
    [javac] /home/travis/build/failed/ProjectKorra/ProjectKorra/src/com/projectkorra/projectkorra/waterbending/WaterArmsSpear.java:10: error: package com.projectkorra.rpg.event does not exist
    [javac] import com.projectkorra.rpg.event.EventManager;
    [javac]                                  ^
    [javac] /home/travis/build/failed/ProjectKorra/ProjectKorra/src/com/projectkorra/projectkorra/waterbending/WaterMethods.java:11: error: package com.projectkorra.rpg.event does not exist
    [javac] import com.projectkorra.rpg.event.EventManager;
    [javac]                                  ^
    [javac] /home/travis/build/failed/ProjectKorra/ProjectKorra/src/com/projectkorra/projectkorra/GeneralMethods.java:325: error: package EventManager does not exist
    [javac] 		if (EventManager.marker.get(p.getWorld()).equalsIgnoreCase("SolarEclipse") && FireMethods.isFireAbility(ability))
    [javac] 		                ^
    [javac] /home/travis/build/failed/ProjectKorra/ProjectKorra/src/com/projectkorra/projectkorra/GeneralMethods.java:327: error: package EventManager does not exist
    [javac] 		if (EventManager.marker.get(p.getWorld()).equalsIgnoreCase("LunarEclipse") && WaterMethods.isWaterAbility(ability))
    [javac] 		                ^
    [javac] /home/travis/build/failed/ProjectKorra/ProjectKorra/src/com/projectkorra/projectkorra/firebending/FireBurst.java:54: error: package EventManager does not exist
    [javac] 		if (EventManager.marker.containsKey(player.getWorld())) {
    [javac] 		                ^
    [javac] /home/travis/build/failed/ProjectKorra/ProjectKorra/src/com/projectkorra/projectkorra/firebending/FireBurst.java:55: error: package EventManager does not exist
    [javac] 			if (EventManager.marker.get(player.getWorld()).equalsIgnoreCase("SozinsComet"))
    [javac] 			                ^
    [javac] /home/travis/build/failed/ProjectKorra/ProjectKorra/src/com/projectkorra/projectkorra/firebending/FireMethods.java:109: error: package EventManager does not exist
    [javac] 				if (EventManager.marker.get(world).equalsIgnoreCase("SozinsComet")) {
    [javac] 				                ^
    [javac] /home/travis/build/failed/ProjectKorra/ProjectKorra/src/com/projectkorra/projectkorra/firebending/FireMethods.java:110: error: method getFactor in class RPGMethods cannot be applied to given types;
    [javac] 					return RPGMethods.getFactor("SozinsComet") * value;
    [javac] 					                 ^
    [javac]   required: WorldEvents
    [javac]   found: String
    [javac]   reason: actual argument String cannot be converted to WorldEvents by method invocation conversion
    [javac] /home/travis/build/failed/ProjectKorra/ProjectKorra/src/com/projectkorra/projectkorra/firebending/FireMethods.java:111: error: package EventManager does not exist
    [javac] 				} else if (EventManager.marker.get(world).equalsIgnoreCase("SolarEclipse")) {
    [javac] 				                       ^
    [javac] /home/travis/build/failed/ProjectKorra/ProjectKorra/src/com/projectkorra/projectkorra/firebending/FireMethods.java:112: error: method getFactor in class RPGMethods cannot be applied to given types;
    [javac] 					return RPGMethods.getFactor("SolarEclipse") * value;
    [javac] 					                 ^
    [javac]   required: WorldEvents
    [javac]   found: String
    [javac]   reason: actual argument String cannot be converted to WorldEvents by method invocation conversion
    [javac] /home/travis/build/failed/ProjectKorra/ProjectKorra/src/com/projectkorra/projectkorra/waterbending/WaterArmsWhip.java:107: error: package EventManager does not exist
    [javac] 				if (EventManager.marker.get(world).equalsIgnoreCase("LunarEclipse")) {
    [javac] 				                ^
    [javac] /home/travis/build/failed/ProjectKorra/ProjectKorra/src/com/projectkorra/projectkorra/waterbending/WaterArmsWhip.java:113: error: package EventManager does not exist
    [javac] 				} else if (EventManager.marker.get(world).equalsIgnoreCase("FullMoon")) {
    [javac] 				                       ^
    [javac] /home/travis/build/failed/ProjectKorra/ProjectKorra/src/com/projectkorra/projectkorra/waterbending/WaterArmsSpear.java:80: error: package EventManager does not exist
    [javac] 				if (EventManager.marker.get(world).equalsIgnoreCase("LunarEclipse")) {
    [javac] 				                ^
    [javac] /home/travis/build/failed/ProjectKorra/ProjectKorra/src/com/projectkorra/projectkorra/waterbending/WaterArmsSpear.java:84: error: package EventManager does not exist
    [javac] 				} else if (EventManager.marker.get(world).equalsIgnoreCase("FullMoon")) {
    [javac] 				                       ^
    [javac] /home/travis/build/failed/ProjectKorra/ProjectKorra/src/com/projectkorra/projectkorra/waterbending/WaterMethods.java:101: error: package EventManager does not exist
    [javac] 				if (EventManager.marker.get(world).equalsIgnoreCase("LunarEclipse")) {
    [javac] 				                ^
    [javac] /home/travis/build/failed/ProjectKorra/ProjectKorra/src/com/projectkorra/projectkorra/waterbending/WaterMethods.java:102: error: method getFactor in class RPGMethods cannot be applied to given types;
    [javac] 					return RPGMethods.getFactor("LunarEclipse");
    [javac] 					                 ^
    [javac]   required: WorldEvents
    [javac]   found: String
    [javac]   reason: actual argument String cannot be converted to WorldEvents by method invocation conversion
    [javac] /home/travis/build/failed/ProjectKorra/ProjectKorra/src/com/projectkorra/projectkorra/waterbending/WaterMethods.java:103: error: package EventManager does not exist
    [javac] 				} else if (EventManager.marker.get(world).equalsIgnoreCase("FullMoon")) {
    [javac] 				                       ^
    [javac] /home/travis/build/failed/ProjectKorra/ProjectKorra/src/com/projectkorra/projectkorra/waterbending/WaterMethods.java:104: error: method getFactor in class RPGMethods cannot be applied to given types;
    [javac] 					return RPGMethods.getFactor("FullMoon");
    [javac] 					                 ^
    [javac]   required: WorldEvents
    [javac]   found: String
    [javac]   reason: actual argument String cannot be converted to WorldEvents by method invocation conversion
    [javac] /home/travis/build/failed/ProjectKorra/ProjectKorra/src/com/projectkorra/projectkorra/waterbending/WaterMethods.java:351: error: package EventManager does not exist
    [javac] 				if (EventManager.marker.get(world).equalsIgnoreCase("LunarEclipse")) {
    [javac] 				                ^
    [javac] /home/travis/build/failed/ProjectKorra/ProjectKorra/src/com/projectkorra/projectkorra/waterbending/WaterMethods.java:352: error: method getFactor in class RPGMethods cannot be applied to given types;
    [javac] 					return RPGMethods.getFactor("LunarEclipse") * factor;
    [javac] 					                 ^
    [javac]   required: WorldEvents
    [javac]   found: String
    [javac]   reason: actual argument String cannot be converted to WorldEvents by method invocation conversion
    [javac] /home/travis/build/failed/ProjectKorra/ProjectKorra/src/com/projectkorra/projectkorra/waterbending/WaterMethods.java:353: error: package EventManager does not exist
    [javac] 				} else if (EventManager.marker.get(world).equalsIgnoreCase("FullMoon")) {
    [javac] 				                       ^
    [javac] /home/travis/build/failed/ProjectKorra/ProjectKorra/src/com/projectkorra/projectkorra/waterbending/WaterMethods.java:354: error: method getFactor in class RPGMethods cannot be applied to given types;
    [javac] 					return RPGMethods.getFactor("FullMoon") * factor;
    [javac] 					                 ^
    [javac]   required: WorldEvents
    [javac]   found: String
    [javac]   reason: actual argument String cannot be converted to WorldEvents by method invocation conversion
    [javac] Note: /home/travis/build/failed/ProjectKorra/ProjectKorra/src/com/projectkorra/projectkorra/GeneralMethods.java uses or overrides a deprecated API.
    [javac] Note: Recompile with -Xlint:deprecation for details.
    [javac] 26 errors

BUILD FAILED
/home/travis/build/failed/ProjectKorra/ProjectKorra/build.xml:16: Compile failed; see the compiler error output for details.

Total time: 5 seconds

travis_time:end:2865c300:start=1659169143599071539,finish=1659169149109615535,duration=5510543996[0K
[31;1mThe command "ant main" exited with 1.[0m

Done. Your build exited with 1.
