travis_fold:start:system_info[0K[33;1mBuild system information[0m
Build language: java
Build group: stable
Build dist: precise
Build id: ''
Job id: ''
[34m[1mBuild image provisioning date and time[0m
Thu Feb  5 15:09:33 UTC 2015
[34m[1mOperating System Details[0m
Distributor ID:	Ubuntu
Description:	Ubuntu 12.04.5 LTS
Release:	12.04
Codename:	precise
[34m[1mLinux Version[0m
3.13.0-29-generic
[34m[1mCookbooks Version[0m
a68419e https://github.com/travis-ci/travis-cookbooks/tree/a68419e
[34m[1mGCC version[0m
gcc (Ubuntu/Linaro 4.6.3-1ubuntu5) 4.6.3
Copyright (C) 2011 Free Software Foundation, Inc.
This is free software; see the source for copying conditions.  There is NO
warranty; not even for MERCHANTABILITY or FITNESS FOR A PARTICULAR PURPOSE.

[34m[1mLLVM version[0m
clang version 3.4 (tags/RELEASE_34/final)
Target: x86_64-unknown-linux-gnu
Thread model: posix
[34m[1mPre-installed Ruby versions[0m
ruby-1.9.3-p551
[34m[1mPre-installed Node.js versions[0m
v0.10.36
[34m[1mPre-installed Go versions[0m
1.4.1
[34m[1mRedis version[0m
redis-server 2.8.19
[34m[1mriak version[0m
2.0.2
[34m[1mMongoDB version[0m
MongoDB 2.4.12
[34m[1mCouchDB version[0m
couchdb 1.6.1
[34m[1mNeo4j version[0m
1.9.4
[34m[1mRabbitMQ Version[0m
3.4.3
[34m[1mElasticSearch version[0m
1.4.0
[34m[1mInstalled Sphinx versions[0m
2.0.10
2.1.9
2.2.6
[34m[1mDefault Sphinx version[0m
2.2.6
[34m[1mInstalled Firefox version[0m
firefox 31.0esr
[34m[1mPhantomJS version[0m
1.9.8
[34m[1mant -version[0m
Apache Ant(TM) version 1.8.2 compiled on December 3 2011
[34m[1mmvn -version[0m
Apache Maven 3.2.5 (12a6b3acb947671f09b81f49094c53f426d8cea1; 2014-12-14T17:29:23+00:00)
Maven home: /usr/local/maven
Java version: 1.7.0_76, vendor: Oracle Corporation
Java home: /usr/lib/jvm/java-7-oracle/jre
Default locale: en_US, platform encoding: ANSI_X3.4-1968
OS name: "linux", version: "3.13.0-29-generic", arch: "amd64", family: "unix"
travis_fold:end:system_info[0K
W: Failed to fetch http://us.archive.ubuntu.com/ubuntu/dists/precise/main/source/Sources  404  Not Found [IP: 91.189.91.38 80]

W: Failed to fetch http://us.archive.ubuntu.com/ubuntu/dists/precise/restricted/source/Sources  404  Not Found [IP: 91.189.91.38 80]

W: Failed to fetch http://us.archive.ubuntu.com/ubuntu/dists/precise/universe/source/Sources  404  Not Found [IP: 91.189.91.38 80]

W: Failed to fetch http://us.archive.ubuntu.com/ubuntu/dists/precise/multiverse/source/Sources  404  Not Found [IP: 91.189.91.38 80]

W: Failed to fetch http://us.archive.ubuntu.com/ubuntu/dists/precise/main/binary-amd64/Packages  404  Not Found [IP: 91.189.91.38 80]

W: Failed to fetch http://us.archive.ubuntu.com/ubuntu/dists/precise/restricted/binary-amd64/Packages  404  Not Found [IP: 91.189.91.38 80]

W: Failed to fetch http://us.archive.ubuntu.com/ubuntu/dists/precise/universe/binary-amd64/Packages  404  Not Found [IP: 91.189.91.38 80]

W: Failed to fetch http://us.archive.ubuntu.com/ubuntu/dists/precise/multiverse/binary-amd64/Packages  404  Not Found [IP: 91.189.91.38 80]

W: Failed to fetch http://us.archive.ubuntu.com/ubuntu/dists/precise/main/binary-i386/Packages  404  Not Found [IP: 91.189.91.38 80]

W: Failed to fetch http://us.archive.ubuntu.com/ubuntu/dists/precise/restricted/binary-i386/Packages  404  Not Found [IP: 91.189.91.38 80]

W: Failed to fetch http://us.archive.ubuntu.com/ubuntu/dists/precise/universe/binary-i386/Packages  404  Not Found [IP: 91.189.91.38 80]

W: Failed to fetch http://us.archive.ubuntu.com/ubuntu/dists/precise/multiverse/binary-i386/Packages  404  Not Found [IP: 91.189.91.38 80]

W: Failed to fetch http://us.archive.ubuntu.com/ubuntu/dists/precise-updates/main/source/Sources  404  Not Found [IP: 91.189.91.38 80]

W: Failed to fetch http://us.archive.ubuntu.com/ubuntu/dists/precise-updates/restricted/source/Sources  404  Not Found [IP: 91.189.91.38 80]

W: Failed to fetch http://us.archive.ubuntu.com/ubuntu/dists/precise-updates/universe/source/Sources  404  Not Found [IP: 91.189.91.38 80]

W: Failed to fetch http://us.archive.ubuntu.com/ubuntu/dists/precise-updates/multiverse/source/Sources  404  Not Found [IP: 91.189.91.38 80]

W: Failed to fetch http://us.archive.ubuntu.com/ubuntu/dists/precise-updates/main/binary-amd64/Packages  404  Not Found [IP: 91.189.91.38 80]

W: Failed to fetch http://us.archive.ubuntu.com/ubuntu/dists/precise-updates/restricted/binary-amd64/Packages  404  Not Found [IP: 91.189.91.38 80]

W: Failed to fetch http://us.archive.ubuntu.com/ubuntu/dists/precise-updates/universe/binary-amd64/Packages  404  Not Found [IP: 91.189.91.38 80]

W: Failed to fetch http://us.archive.ubuntu.com/ubuntu/dists/precise-updates/multiverse/binary-amd64/Packages  404  Not Found [IP: 91.189.91.38 80]

W: Failed to fetch http://us.archive.ubuntu.com/ubuntu/dists/precise-updates/main/binary-i386/Packages  404  Not Found [IP: 91.189.91.38 80]

W: Failed to fetch http://us.archive.ubuntu.com/ubuntu/dists/precise-updates/restricted/binary-i386/Packages  404  Not Found [IP: 91.189.91.38 80]

W: Failed to fetch http://us.archive.ubuntu.com/ubuntu/dists/precise-updates/universe/binary-i386/Packages  404  Not Found [IP: 91.189.91.38 80]

W: Failed to fetch http://us.archive.ubuntu.com/ubuntu/dists/precise-updates/multiverse/binary-i386/Packages  404  Not Found [IP: 91.189.91.38 80]

W: Failed to fetch http://us.archive.ubuntu.com/ubuntu/dists/precise-backports/main/source/Sources  404  Not Found [IP: 91.189.91.38 80]

W: Failed to fetch http://us.archive.ubuntu.com/ubuntu/dists/precise-backports/restricted/source/Sources  404  Not Found [IP: 91.189.91.38 80]

W: Failed to fetch http://us.archive.ubuntu.com/ubuntu/dists/precise-backports/universe/source/Sources  404  Not Found [IP: 91.189.91.38 80]

W: Failed to fetch http://us.archive.ubuntu.com/ubuntu/dists/precise-backports/multiverse/source/Sources  404  Not Found [IP: 91.189.91.38 80]

W: Failed to fetch http://us.archive.ubuntu.com/ubuntu/dists/precise-backports/main/binary-amd64/Packages  404  Not Found [IP: 91.189.91.38 80]

W: Failed to fetch http://us.archive.ubuntu.com/ubuntu/dists/precise-backports/restricted/binary-amd64/Packages  404  Not Found [IP: 91.189.91.38 80]

W: Failed to fetch http://us.archive.ubuntu.com/ubuntu/dists/precise-backports/universe/binary-amd64/Packages  404  Not Found [IP: 91.189.91.38 80]

W: Failed to fetch http://us.archive.ubuntu.com/ubuntu/dists/precise-backports/multiverse/binary-amd64/Packages  404  Not Found [IP: 91.189.91.38 80]

W: Failed to fetch http://us.archive.ubuntu.com/ubuntu/dists/precise-backports/main/binary-i386/Packages  404  Not Found [IP: 91.189.91.38 80]

W: Failed to fetch http://us.archive.ubuntu.com/ubuntu/dists/precise-backports/restricted/binary-i386/Packages  404  Not Found [IP: 91.189.91.38 80]

W: Failed to fetch http://us.archive.ubuntu.com/ubuntu/dists/precise-backports/universe/binary-i386/Packages  404  Not Found [IP: 91.189.91.38 80]

W: Failed to fetch http://us.archive.ubuntu.com/ubuntu/dists/precise-backports/multiverse/binary-i386/Packages  404  Not Found [IP: 91.189.91.38 80]

W: Failed to fetch http://apt.postgresql.org/pub/repos/apt/dists/precise-pgdg/main/binary-amd64/Packages  404  Not Found [IP: 217.196.149.55 80]

W: Failed to fetch http://apt.postgresql.org/pub/repos/apt/dists/precise-pgdg/main/binary-i386/Packages  404  Not Found [IP: 217.196.149.55 80]

W: Failed to fetch http://security.ubuntu.com/ubuntu/dists/precise-security/main/source/Sources  404  Not Found [IP: 185.125.190.36 80]

W: Failed to fetch http://security.ubuntu.com/ubuntu/dists/precise-security/restricted/source/Sources  404  Not Found [IP: 185.125.190.36 80]

W: Failed to fetch http://security.ubuntu.com/ubuntu/dists/precise-security/universe/source/Sources  404  Not Found [IP: 185.125.190.36 80]

W: Failed to fetch http://security.ubuntu.com/ubuntu/dists/precise-security/multiverse/source/Sources  404  Not Found [IP: 185.125.190.36 80]

W: Failed to fetch http://security.ubuntu.com/ubuntu/dists/precise-security/main/binary-amd64/Packages  404  Not Found [IP: 185.125.190.36 80]

W: Failed to fetch http://security.ubuntu.com/ubuntu/dists/precise-security/restricted/binary-amd64/Packages  404  Not Found [IP: 185.125.190.36 80]

W: Failed to fetch http://security.ubuntu.com/ubuntu/dists/precise-security/universe/binary-amd64/Packages  404  Not Found [IP: 185.125.190.36 80]

W: Failed to fetch http://security.ubuntu.com/ubuntu/dists/precise-security/multiverse/binary-amd64/Packages  404  Not Found [IP: 185.125.190.36 80]

W: Failed to fetch http://security.ubuntu.com/ubuntu/dists/precise-security/main/binary-i386/Packages  404  Not Found [IP: 185.125.190.36 80]

W: Failed to fetch http://security.ubuntu.com/ubuntu/dists/precise-security/restricted/binary-i386/Packages  404  Not Found [IP: 185.125.190.36 80]

W: Failed to fetch http://security.ubuntu.com/ubuntu/dists/precise-security/universe/binary-i386/Packages  404  Not Found [IP: 185.125.190.36 80]

W: Failed to fetch http://security.ubuntu.com/ubuntu/dists/precise-security/multiverse/binary-i386/Packages  404  Not Found [IP: 185.125.190.36 80]

W: Failed to fetch http://ppa.launchpad.net/rwky/ppa/ubuntu/dists/precise/main/binary-amd64/Packages  403  Forbidden

W: Failed to fetch http://ppa.launchpad.net/rwky/ppa/ubuntu/dists/precise/main/binary-i386/Packages  403  Forbidden

W: Failed to fetch http://ppa.launchpad.net/travis-ci/zero-mq/ubuntu/dists/precise/main/binary-amd64/Packages  403  Forbidden

W: Failed to fetch http://ppa.launchpad.net/travis-ci/zero-mq/ubuntu/dists/precise/main/binary-i386/Packages  403  Forbidden

W: Failed to fetch http://downloads-distro.mongodb.org/repo/debian-sysvinit/dists/dist/10gen/binary-amd64/Packages  Undetermined Error [IP: 52.206.222.245 80]

W: Failed to fetch http://downloads-distro.mongodb.org/repo/debian-sysvinit/dists/dist/10gen/binary-i386/Packages  Undetermined Error [IP: 52.206.222.245 80]

E: Some index files failed to download. They have been ignored, or old ones used instead.
sed: cannot rename /etc/hosts: Device or resource busy
sed: cannot rename /etc/hosts: Device or resource busy
$ jdk_switcher use openjdk7
Switching to OpenJDK7 (java-1.7.0-openjdk-amd64), JAVA_HOME will be set to /usr/lib/jvm/java-7-openjdk-amd64
$ cd failed/Whiley/WhileyCompiler
$ java -Xmx32m -version
java version "1.7.0_75"
OpenJDK Runtime Environment (IcedTea 2.5.4) (7u75-2.5.4-1~precise1)
OpenJDK 64-Bit Server VM (build 24.75-b04, mixed mode)
$ javac -J-Xmx32m -version
javac 1.7.0_75
travis_time:start:19622d27[0K$ touch running_on_travis

travis_time:end:19622d27:start=1659229454562048810,finish=1659229454570611474,duration=8562664[0K
[32;1mThe command "touch running_on_travis" exited with 0.[0m
travis_time:start:32b3e27e[0K$ ant test
Buildfile: /home/travis/build/failed/Whiley/WhileyCompiler/build.xml
[maven:dependencies] Downloading: junit/junit/4.12/junit-4.12.pom from repository central at http://insecure.repo1.maven.org/maven2
[maven:dependencies] Transferring 23K from central
[maven:dependencies] Downloading: org/hamcrest/hamcrest-core/1.3/hamcrest-core-1.3.pom from repository central at http://insecure.repo1.maven.org/maven2
[maven:dependencies] Transferring 1K from central
[maven:dependencies] Downloading: org/hamcrest/hamcrest-parent/1.3/hamcrest-parent-1.3.pom from repository central at http://insecure.repo1.maven.org/maven2
[maven:dependencies] Transferring 2K from central
[maven:dependencies] Downloading: org/hamcrest/hamcrest-core/1.3/hamcrest-core-1.3.jar from repository central at http://insecure.repo1.maven.org/maven2
[maven:dependencies] Downloading: junit/junit/4.12/junit-4.12.jar from repository central at http://insecure.repo1.maven.org/maven2
[maven:dependencies] Transferring 44K from central
[maven:dependencies] Transferring 308K from central

compile:
    [mkdir] Created dir: /home/travis/build/failed/Whiley/WhileyCompiler/bin
    [javac] Compiling 72 source files to /home/travis/build/failed/Whiley/WhileyCompiler/bin
    [javac] /home/travis/build/failed/Whiley/WhileyCompiler/src/wyc/Activator.java:3: error: package wycc.lang does not exist
    [javac] import wycc.lang.Command;
    [javac]                 ^
    [javac] /home/travis/build/failed/Whiley/WhileyCompiler/src/wyc/Activator.java:4: error: package wycc.lang does not exist
    [javac] import wycc.lang.Module;
    [javac]                 ^
    [javac] /home/travis/build/failed/Whiley/WhileyCompiler/src/wyc/Activator.java:5: error: package wycc.util does not exist
    [javac] import wycc.util.Logger;
    [javac]                 ^
    [javac] /home/travis/build/failed/Whiley/WhileyCompiler/src/wyc/Activator.java:14: error: package Module does not exist
    [javac] public class Activator implements Module.Activator {
    [javac]                                         ^
    [javac] /home/travis/build/failed/Whiley/WhileyCompiler/src/wyc/Activator.java:56: error: package Module does not exist
    [javac] 	public Module start(Module.Context context) {
    [javac] 	                          ^
    [javac] /home/travis/build/failed/Whiley/WhileyCompiler/src/wyc/Activator.java:56: error: cannot find symbol
    [javac] 	public Module start(Module.Context context) {
    [javac] 	       ^
    [javac]   symbol:   class Module
    [javac]   location: class Activator
    [javac] /home/travis/build/failed/Whiley/WhileyCompiler/src/wyc/Activator.java:77: error: cannot find symbol
    [javac] 	public void stop(Module module, Module.Context context) {
    [javac] 	                 ^
    [javac]   symbol:   class Module
    [javac]   location: class Activator
    [javac] /home/travis/build/failed/Whiley/WhileyCompiler/src/wyc/Activator.java:77: error: package Module does not exist
    [javac] 	public void stop(Module module, Module.Context context) {
    [javac] 	                                      ^
    [javac] /home/travis/build/failed/Whiley/WhileyCompiler/src/wyc/builder/CodeGenerator.java:41: error: package wycc.util does not exist
    [javac] import wycc.util.Pair;
    [javac]                 ^
    [javac] /home/travis/build/failed/Whiley/WhileyCompiler/src/wyc/builder/CodeGenerator.java:42: error: package wycc.util does not exist
    [javac] import wycc.util.Triple;
    [javac]                 ^
    [javac] /home/travis/build/failed/Whiley/WhileyCompiler/src/wyc/builder/CompileTask.java:40: error: package wycc.util does not exist
    [javac] import wycc.util.Logger;
    [javac]                 ^
    [javac] /home/travis/build/failed/Whiley/WhileyCompiler/src/wyc/builder/CompileTask.java:41: error: package wycc.util does not exist
    [javac] import wycc.util.Pair;
    [javac]                 ^
    [javac] /home/travis/build/failed/Whiley/WhileyCompiler/src/wyc/builder/FlowTypeChecker.java:43: error: package wycc.util does not exist
    [javac] import wycc.util.Pair;
    [javac]                 ^
    [javac] /home/travis/build/failed/Whiley/WhileyCompiler/src/wyc/builder/FlowTypeChecker.java:44: error: package wycc.util does not exist
    [javac] import wycc.util.Triple;
    [javac]                 ^
    [javac] /home/travis/build/failed/Whiley/WhileyCompiler/src/wyc/lang/Nominal.java:5: error: package wycc.util does not exist
    [javac] import wycc.util.Pair;
    [javac]                 ^
    [javac] /home/travis/build/failed/Whiley/WhileyCompiler/src/wyc/lang/Expr.java:35: error: package wycc.util does not exist
    [javac] import wycc.util.Pair;
    [javac]                 ^
    [javac] /home/travis/build/failed/Whiley/WhileyCompiler/src/wyc/lang/Expr.java:36: error: package wycc.util does not exist
    [javac] import wycc.util.Triple;
    [javac]                 ^
    [javac] /home/travis/build/failed/Whiley/WhileyCompiler/src/wyc/builder/CompileTask.java:99: error: cannot find symbol
    [javac] 	private Logger logger;
    [javac] 	        ^
    [javac]   symbol:   class Logger
    [javac]   location: class CompileTask
    [javac] /home/travis/build/failed/Whiley/WhileyCompiler/src/wyc/builder/CompileTask.java:127: error: cannot find symbol
    [javac] 	public void setLogger(Logger logger) {
    [javac] 	                      ^
    [javac]   symbol:   class Logger
    [javac]   location: class CompileTask
    [javac] /home/travis/build/failed/Whiley/WhileyCompiler/src/wyc/builder/CompileTask.java:133: error: cannot find symbol
    [javac] 	public Set<Path.Entry<?>> build(Collection<Pair<Path.Entry<?>, Path.Root>> delta, Build.Graph graph)
    [javac] 	                                           ^
    [javac]   symbol:   class Pair
    [javac]   location: class CompileTask
    [javac] /home/travis/build/failed/Whiley/WhileyCompiler/src/wyc/builder/FlowTypeChecker.java:148: error: cannot find symbol
    [javac] 	private final HashMap<NameID, Pair<Constant, Nominal>> constantCache = new HashMap<NameID, Pair<Constant, Nominal>>();
    [javac] 	                              ^
    [javac]   symbol:   class Pair
    [javac]   location: class FlowTypeChecker
    [javac] /home/travis/build/failed/Whiley/WhileyCompiler/src/wyc/builder/FlowTypeChecker.java:1022: error: cannot find symbol
    [javac] 	public Pair<Expr, Environment> propagateCondition(Expr expr, boolean sign, Environment environment,
    [javac] 	       ^
    [javac]   symbol:   class Pair
    [javac]   location: class FlowTypeChecker
    [javac] /home/travis/build/failed/Whiley/WhileyCompiler/src/wyc/builder/FlowTypeChecker.java:1060: error: cannot find symbol
    [javac] 	private Pair<Expr, Environment> propagateCondition(Expr.UnOp expr, boolean sign, Environment environment,
    [javac] 	        ^
    [javac]   symbol:   class Pair
    [javac]   location: class FlowTypeChecker
    [javac] /home/travis/build/failed/Whiley/WhileyCompiler/src/wyc/builder/FlowTypeChecker.java:1100: error: cannot find symbol
    [javac] 	private Pair<Expr, Environment> propagateCondition(Expr.BinOp bop, boolean sign, Environment environment,
    [javac] 	        ^
    [javac]   symbol:   class Pair
    [javac]   location: class FlowTypeChecker
    [javac] /home/travis/build/failed/Whiley/WhileyCompiler/src/wyc/builder/FlowTypeChecker.java:1145: error: cannot find symbol
    [javac] 	private Pair<Expr, Environment> resolveNonLeafCondition(Expr.BinOp bop, boolean sign, Environment environment,
    [javac] 	        ^
    [javac]   symbol:   class Pair
    [javac]   location: class FlowTypeChecker
    [javac] /home/travis/build/failed/Whiley/WhileyCompiler/src/wyc/builder/FlowTypeChecker.java:1215: error: cannot find symbol
    [javac] 	private Pair<Expr, Environment> resolveLeafCondition(Expr.BinOp bop, boolean sign, Environment environment,
    [javac] 	        ^
    [javac]   symbol:   class Pair
    [javac]   location: class FlowTypeChecker
    [javac] /home/travis/build/failed/Whiley/WhileyCompiler/src/wyc/builder/FlowTypeChecker.java:1917: error: cannot find symbol
    [javac] 	private List<Pair<Expr,Nominal>> calculateTypesProduced(List<Expr> expressions) {
    [javac] 	             ^
    [javac]   symbol:   class Pair
    [javac]   location: class FlowTypeChecker
    [javac] /home/travis/build/failed/Whiley/WhileyCompiler/src/wyc/builder/FlowTypeChecker.java:2048: error: cannot find symbol
    [javac] 	public Triple<NameID, Nominal.FunctionOrMethod, List<String>> resolveAsFunctionOrMethod(NameID nid,
    [javac] 	       ^
    [javac]   symbol:   class Triple
    [javac]   location: class FlowTypeChecker
    [javac] /home/travis/build/failed/Whiley/WhileyCompiler/src/wyc/builder/FlowTypeChecker.java:2077: error: cannot find symbol
    [javac] 	public Triple<NameID, Nominal.FunctionOrMethod, List<String>> resolveAsFunctionOrMethod(String name,
    [javac] 	       ^
    [javac]   symbol:   class Triple
    [javac]   location: class FlowTypeChecker
    [javac] /home/travis/build/failed/Whiley/WhileyCompiler/src/wyc/builder/FlowTypeChecker.java:2100: error: cannot find symbol
    [javac] 	public Triple<NameID, Nominal.FunctionOrMethod, List<String>> resolveAsFunctionOrMethod(String name, List<Nominal> parameters,
    [javac] 	       ^
    [javac]   symbol:   class Triple
    [javac]   location: class FlowTypeChecker
    [javac] /home/travis/build/failed/Whiley/WhileyCompiler/src/wyc/builder/FlowTypeChecker.java:2168: error: cannot find symbol
    [javac] 	private String foundCandidatesString(Collection<Pair<NameID, Nominal.FunctionOrMethod>> candidates) {
    [javac] 	                                                ^
    [javac]   symbol:   class Pair
    [javac]   location: class FlowTypeChecker
    [javac] /home/travis/build/failed/Whiley/WhileyCompiler/src/wyc/builder/FlowTypeChecker.java:2283: error: cannot find symbol
    [javac] 			Collection<Pair<NameID, Nominal.FunctionOrMethod>> candidates,
    [javac] 			           ^
    [javac]   symbol:   class Pair
    [javac]   location: class FlowTypeChecker
    [javac] /home/travis/build/failed/Whiley/WhileyCompiler/src/wyc/builder/FlowTypeChecker.java:2281: error: cannot find symbol
    [javac] 	private Triple<NameID, Nominal.FunctionOrMethod, List<String>> selectCandidateFunctionOrMethod(String name,
    [javac] 	        ^
    [javac]   symbol:   class Triple
    [javac]   location: class FlowTypeChecker
    [javac] /home/travis/build/failed/Whiley/WhileyCompiler/src/wyc/builder/FlowTypeChecker.java:2532: error: cannot find symbol
    [javac] 			Collection<Pair<NameID, Nominal.FunctionOrMethod>> candidates, Context context)
    [javac] 			           ^
    [javac]   symbol:   class Pair
    [javac]   location: class FlowTypeChecker
    [javac] /home/travis/build/failed/Whiley/WhileyCompiler/src/wyc/builder/FlowTypeChecker.java:3138: error: cannot find symbol
    [javac] 	public Pair<Constant, Nominal> resolveAsConstant(NameID nid) throws IOException, ResolveError {
    [javac] 	       ^
    [javac]   symbol:   class Pair
    [javac]   location: class FlowTypeChecker
    [javac] /home/travis/build/failed/Whiley/WhileyCompiler/src/wyc/builder/FlowTypeChecker.java:3161: error: cannot find symbol
    [javac] 	public Pair<Constant, Nominal> resolveAsConstant(Expr e, Context context) {
    [javac] 	       ^
    [javac]   symbol:   class Pair
    [javac]   location: class FlowTypeChecker
    [javac] /home/travis/build/failed/Whiley/WhileyCompiler/src/wyc/builder/FlowTypeChecker.java:3182: error: cannot find symbol
    [javac] 	private Pair<Constant, Nominal> resolveAsConstant(NameID key, HashSet<NameID> visited)
    [javac] 	        ^
    [javac]   symbol:   class Pair
    [javac]   location: class FlowTypeChecker
    [javac] /home/travis/build/failed/Whiley/WhileyCompiler/src/wyc/builder/FlowTypeChecker.java:3239: error: cannot find symbol
    [javac] 	private Pair<Constant, Nominal> resolveAsConstant(Expr expr, Context context, HashSet<NameID> visited) {
    [javac] 	        ^
    [javac]   symbol:   class Pair
    [javac]   location: class FlowTypeChecker
    [javac] /home/travis/build/failed/Whiley/WhileyCompiler/src/wyc/lang/Expr.java:460: error: cannot find symbol
    [javac] 		public final ArrayList<Triple<String,Expr,Expr>> sources;
    [javac] 		                       ^
    [javac]   symbol:   class Triple
    [javac]   location: class Quantifier
    [javac] /home/travis/build/failed/Whiley/WhileyCompiler/src/wyc/lang/Expr.java:465: error: cannot find symbol
    [javac] 				Collection<Triple<String, Expr, Expr>> sources, Expr condition,
    [javac] 				           ^
    [javac]   symbol:   class Triple
    [javac]   location: class Quantifier
    [javac] /home/travis/build/failed/Whiley/WhileyCompiler/src/wyc/builder/DecompileTask.java:34: error: package wycc.util does not exist
    [javac] import wycc.util.Pair;
    [javac]                 ^
    [javac] /home/travis/build/failed/Whiley/WhileyCompiler/src/wyc/builder/DecompileTask.java:62: error: cannot find symbol
    [javac] 	public Set<Entry<?>> build(Collection<Pair<Entry<?>, Root>> delta, Build.Graph graph) throws IOException {
    [javac] 	                                      ^
    [javac]   symbol:   class Pair
    [javac]   location: class DecompileTask
    [javac] /home/travis/build/failed/Whiley/WhileyCompiler/src/wyc/builder/DefiniteAssignmentAnalysis.java:6: error: package wycc.util does not exist
    [javac] import wycc.util.Triple;
    [javac]                 ^
    [javac] /home/travis/build/failed/Whiley/WhileyCompiler/src/wyc/commands/Compile.java:16: error: package wycc.util does not exist
    [javac] import wycc.util.AbstractCommand;
    [javac]                 ^
    [javac] /home/travis/build/failed/Whiley/WhileyCompiler/src/wyc/commands/Compile.java:17: error: package wycc.util does not exist
    [javac] import wycc.util.Logger;
    [javac]                 ^
    [javac] /home/travis/build/failed/Whiley/WhileyCompiler/src/wyc/util/AbstractProjectCommand.java:7: error: package wycc.util does not exist
    [javac] import wycc.util.AbstractCommand;
    [javac]                 ^
    [javac] /home/travis/build/failed/Whiley/WhileyCompiler/src/wyc/util/AbstractProjectCommand.java:8: error: package wycc.util does not exist
    [javac] import wycc.util.ArrayUtils;
    [javac]                 ^
    [javac] /home/travis/build/failed/Whiley/WhileyCompiler/src/wyc/util/AbstractProjectCommand.java:9: error: package wycc.util does not exist
    [javac] import wycc.util.Logger;
    [javac]                 ^
    [javac] /home/travis/build/failed/Whiley/WhileyCompiler/src/wyc/util/AbstractProjectCommand.java:23: error: cannot find symbol
    [javac] public abstract class AbstractProjectCommand<T> extends AbstractCommand<T> {
    [javac]                                                         ^
    [javac]   symbol: class AbstractCommand
    [javac] /home/travis/build/failed/Whiley/WhileyCompiler/src/wyc/commands/Compile.java:86: error: cannot find symbol
    [javac] 	public Compile(Content.Registry registry, Logger logger) {
    [javac] 	                                          ^
    [javac]   symbol:   class Logger
    [javac]   location: class Compile
    [javac] /home/travis/build/failed/Whiley/WhileyCompiler/src/wyc/commands/Compile.java:100: error: cannot find symbol
    [javac] 	public Compile(Content.Registry registry, Logger logger, OutputStream sysout, OutputStream syserr) {
    [javac] 	                                          ^
    [javac]   symbol:   class Logger
    [javac]   location: class Compile
    [javac] /home/travis/build/failed/Whiley/WhileyCompiler/src/wyc/util/AbstractProjectCommand.java:59: error: cannot find symbol
    [javac] 	protected Logger logger;
    [javac] 	          ^
    [javac]   symbol:   class Logger
    [javac]   location: class AbstractProjectCommand<T>
    [javac]   where T is a type-variable:
    [javac]     T extends Object declared in class AbstractProjectCommand
    [javac] /home/travis/build/failed/Whiley/WhileyCompiler/src/wyc/util/AbstractProjectCommand.java:69: error: cannot find symbol
    [javac] 	public AbstractProjectCommand(Content.Registry registry, Logger logger, String... options) {
    [javac] 	                                                         ^
    [javac]   symbol:   class Logger
    [javac]   location: class AbstractProjectCommand<T>
    [javac]   where T is a type-variable:
    [javac]     T extends Object declared in class AbstractProjectCommand
    [javac] /home/travis/build/failed/Whiley/WhileyCompiler/src/wyc/commands/Decompile.java:8: error: package wycc.util does not exist
    [javac] import wycc.util.AbstractCommand;
    [javac]                 ^
    [javac] /home/travis/build/failed/Whiley/WhileyCompiler/src/wyc/commands/Decompile.java:14: error: cannot find symbol
    [javac] public class Decompile extends AbstractCommand<Decompile.Result> {
    [javac]                                ^
    [javac]   symbol: class AbstractCommand
    [javac] /home/travis/build/failed/Whiley/WhileyCompiler/src/wyc/commands/Run.java:10: error: package wycc.util does not exist
    [javac] import wycc.util.Logger;
    [javac]                 ^
    [javac] /home/travis/build/failed/Whiley/WhileyCompiler/src/wyc/commands/Run.java:29: error: cannot find symbol
    [javac] 	public Run(Content.Registry registry, Logger logger) {
    [javac] 	                                      ^
    [javac]   symbol:   class Logger
    [javac]   location: class Run
    [javac] /home/travis/build/failed/Whiley/WhileyCompiler/src/wyc/io/WhileyFileParser.java:51: error: package wycc.util does not exist
    [javac] import wycc.util.Pair;
    [javac]                 ^
    [javac] /home/travis/build/failed/Whiley/WhileyCompiler/src/wyc/io/WhileyFileParser.java:52: error: package wycc.util does not exist
    [javac] import wycc.util.Triple;
    [javac]                 ^
    [javac] /home/travis/build/failed/Whiley/WhileyCompiler/src/wyc/io/WhileyFileParser.java:3967: error: cannot find symbol
    [javac] 	private Pair<SyntacticType, Token> parseMixedType(EnclosingScope scope) {
    [javac] 	        ^
    [javac]   symbol:   class Pair
    [javac]   location: class WhileyFileParser
    [javac] /home/travis/build/failed/Whiley/WhileyCompiler/src/wyc/io/WhileyFilePrinter.java:14: error: package wycc.util does not exist
    [javac] import wycc.util.Pair;
    [javac]                 ^
    [javac] /home/travis/build/failed/Whiley/WhileyCompiler/src/wyc/lang/Exprs.java:9: error: package wycc.util does not exist
    [javac] import wycc.util.Pair;
    [javac]                 ^
    [javac] /home/travis/build/failed/Whiley/WhileyCompiler/src/wyc/lang/Exprs.java:21: error: cannot find symbol
    [javac] 	public static HashSet<Pair<Nominal,String>> uses(Expr expr, Context context) {
    [javac] 	                      ^
    [javac]   symbol:   class Pair
    [javac]   location: class Exprs
    [javac] /home/travis/build/failed/Whiley/WhileyCompiler/src/wyc/lang/Exprs.java:27: error: cannot find symbol
    [javac] 	private static void uses(Expr expr, Context context, HashSet<Pair<Nominal,String>> uses) {
    [javac] 	                                                             ^
    [javac]   symbol:   class Pair
    [javac]   location: class Exprs
    [javac] /home/travis/build/failed/Whiley/WhileyCompiler/src/wyc/testing/AllInvalidTests.java:42: error: package wycc.util does not exist
    [javac] import wycc.util.Pair;
    [javac]                 ^
    [javac] /home/travis/build/failed/Whiley/WhileyCompiler/src/wyc/testing/AllValidTests.java:42: error: package wycc.util does not exist
    [javac] import wycc.util.Pair;
    [javac]                 ^
    [javac] /home/travis/build/failed/Whiley/WhileyCompiler/src/wyc/testing/AllValidVerificationTests.java:42: error: package wycc.util does not exist
    [javac] import wycc.util.Pair;
    [javac]                 ^
    [javac] /home/travis/build/failed/Whiley/WhileyCompiler/src/wyc/testing/TestUtils.java:14: error: package wycc.util does not exist
    [javac] import wycc.util.Logger;
    [javac]                 ^
    [javac] /home/travis/build/failed/Whiley/WhileyCompiler/src/wyc/testing/TestUtils.java:15: error: package wycc.util does not exist
    [javac] import wycc.util.Pair;
    [javac]                 ^
    [javac] /home/travis/build/failed/Whiley/WhileyCompiler/src/wyc/testing/TestUtils.java:85: error: cannot find symbol
    [javac] 	public static Pair<Compile.Result,String> compile(String whileydir, boolean verify, String... args) throws IOException {
    [javac] 	              ^
    [javac]   symbol:   class Pair
    [javac]   location: class TestUtils
    [javac] /home/travis/build/failed/Whiley/WhileyCompiler/src/wyil/builders/VerificationConditionGenerator.java:17: error: package wycc.util does not exist
    [javac] import wycc.util.Pair;
    [javac]                 ^
    [javac] /home/travis/build/failed/Whiley/WhileyCompiler/src/wyil/builders/VerificationConditionGenerator.java:18: error: package wycc.util does not exist
    [javac] import wycc.util.ArrayUtils;
    [javac]                 ^
    [javac] /home/travis/build/failed/Whiley/WhileyCompiler/src/wyil/builders/Wyil2WyalBuilder.java:32: error: package wycc.util does not exist
    [javac] import wycc.util.Logger;
    [javac]                 ^
    [javac] /home/travis/build/failed/Whiley/WhileyCompiler/src/wyil/builders/Wyil2WyalBuilder.java:33: error: package wycc.util does not exist
    [javac] import wycc.util.Pair;
    [javac]                 ^
    [javac] /home/travis/build/failed/Whiley/WhileyCompiler/src/wyil/builders/VerificationConditionGenerator.java:538: error: cannot find symbol
    [javac] 	private Pair<Expr,Context> translateSingleAssignment(Location<?> lval, Context context) {
    [javac] 	        ^
    [javac]   symbol:   class Pair
    [javac]   location: class VerificationConditionGenerator
    [javac] /home/travis/build/failed/Whiley/WhileyCompiler/src/wyil/builders/VerificationConditionGenerator.java:572: error: cannot find symbol
    [javac] 	private Pair<Expr,Context> translateRecordAssign(Location<FieldLoad> lval, Context context) {
    [javac] 	        ^
    [javac]   symbol:   class Pair
    [javac]   location: class VerificationConditionGenerator
    [javac] /home/travis/build/failed/Whiley/WhileyCompiler/src/wyil/builders/VerificationConditionGenerator.java:619: error: cannot find symbol
    [javac] 	private Pair<Expr,Context> translateArrayAssign(Location<Operator> lval, Context context) {
    [javac] 	        ^
    [javac]   symbol:   class Pair
    [javac]   location: class VerificationConditionGenerator
    [javac] /home/travis/build/failed/Whiley/WhileyCompiler/src/wyil/builders/VerificationConditionGenerator.java:667: error: cannot find symbol
    [javac] 	private Pair<Expr,Context> translateDereference(Location<?> lval, Context context) {
    [javac] 	        ^
    [javac]   symbol:   class Pair
    [javac]   location: class VerificationConditionGenerator
    [javac] /home/travis/build/failed/Whiley/WhileyCompiler/src/wyil/builders/VerificationConditionGenerator.java:683: error: cannot find symbol
    [javac] 	private Pair<Expr,Context> translateVariableAssign(Location<VariableAccess> lval, Context context) {
    [javac] 	        ^
    [javac]   symbol:   class Pair
    [javac]   location: class VerificationConditionGenerator
    [javac] /home/travis/build/failed/Whiley/WhileyCompiler/src/wyil/builders/VerificationConditionGenerator.java:1153: error: cannot find symbol
    [javac] 	private Pair<Expr[], Context> translateExpressionsWithChecks(Location<?>[] exprs, Context context) {
    [javac] 	        ^
    [javac]   symbol:   class Pair
    [javac]   location: class VerificationConditionGenerator
    [javac] /home/travis/build/failed/Whiley/WhileyCompiler/src/wyil/builders/VerificationConditionGenerator.java:1178: error: cannot find symbol
    [javac] 	private Pair<Expr, Context> translateExpressionWithChecks(Location<?> expr, Context context) {
    [javac] 	        ^
    [javac]   symbol:   class Pair
    [javac]   location: class VerificationConditionGenerator
    [javac] /home/travis/build/failed/Whiley/WhileyCompiler/src/wyil/builders/Wyil2WyalBuilder.java:57: error: cannot find symbol
    [javac] 	protected Logger logger = Logger.NULL;
    [javac] 	          ^
    [javac]   symbol:   class Logger
    [javac]   location: class Wyil2WyalBuilder
    [javac] /home/travis/build/failed/Whiley/WhileyCompiler/src/wyil/builders/Wyil2WyalBuilder.java:67: error: cannot find symbol
    [javac] 	public void setLogger(Logger logger) {
    [javac] 	                      ^
    [javac]   symbol:   class Logger
    [javac]   location: class Wyil2WyalBuilder
    [javac] /home/travis/build/failed/Whiley/WhileyCompiler/src/wyil/builders/Wyil2WyalBuilder.java:77: error: cannot find symbol
    [javac] 	public Set<Path.Entry<?>> build(Collection<Pair<Path.Entry<?>, Path.Root>> delta, Build.Graph graph)
    [javac] 	                                           ^
    [javac]   symbol:   class Pair
    [javac]   location: class Wyil2WyalBuilder
    [javac] /home/travis/build/failed/Whiley/WhileyCompiler/src/wyil/checks/CoercionCheck.java:35: error: package wycc.util does not exist
    [javac] import wycc.util.Pair;
    [javac]                 ^
    [javac] /home/travis/build/failed/Whiley/WhileyCompiler/src/wyil/checks/CoercionCheck.java:120: error: cannot find symbol
    [javac] 	protected void check(Type from, Type to, HashSet<Pair<Type, Type>> visited, SyntacticElement element) {
    [javac] 	                                                 ^
    [javac]   symbol:   class Pair
    [javac]   location: class CoercionCheck
    [javac] /home/travis/build/failed/Whiley/WhileyCompiler/src/wyil/checks/CoercionCheck.java:208: error: cannot find symbol
    [javac] 	private void check(List<Type> params1, List<Type> params2, HashSet<Pair<Type, Type>> visited,
    [javac] 	                                                                   ^
    [javac]   symbol:   class Pair
    [javac]   location: class CoercionCheck
    [javac] /home/travis/build/failed/Whiley/WhileyCompiler/src/wyil/checks/ModuleCheck.java:32: error: package wycc.util does not exist
    [javac] import wycc.util.Pair;
    [javac]                 ^
    [javac] /home/travis/build/failed/Whiley/WhileyCompiler/src/wyil/io/WyilFileWriter.java:33: error: package wycc.util does not exist
    [javac] import wycc.util.Pair;
    [javac]                 ^
    [javac] /home/travis/build/failed/Whiley/WhileyCompiler/src/wyil/util/interpreter/Interpreter.java:16: error: package wycc.util does not exist
    [javac] import wycc.util.Pair;
    [javac]                 ^
    [javac] /home/travis/build/failed/Whiley/WhileyCompiler/src/wyc/Activator.java:58: error: cannot find symbol
    [javac] 		final Logger logger = new Logger.Default(System.err);
    [javac] 		      ^
    [javac]   symbol:   class Logger
    [javac]   location: class Activator
    [javac] /home/travis/build/failed/Whiley/WhileyCompiler/src/wyc/Activator.java:58: error: package Logger does not exist
    [javac] 		final Logger logger = new Logger.Default(System.err);
    [javac] 		                                ^
    [javac] /home/travis/build/failed/Whiley/WhileyCompiler/src/wyc/Activator.java:60: error: cannot find symbol
    [javac] 		final Command[] commands = { new Compile(registry, logger), new Decompile(registry),
    [javac] 		      ^
    [javac]   symbol:   class Command
    [javac]   location: class Activator
    [javac] /home/travis/build/failed/Whiley/WhileyCompiler/src/wyc/Activator.java:63: error: cannot find symbol
    [javac] 		for (Command c : commands) {
    [javac] 		     ^
    [javac]   symbol:   class Command
    [javac]   location: class Activator
    [javac] /home/travis/build/failed/Whiley/WhileyCompiler/src/wyc/Activator.java:64: error: package wycc.lang does not exist
    [javac] 			context.register(wycc.lang.Command.class, c);
    [javac] 			                          ^
    [javac] /home/travis/build/failed/Whiley/WhileyCompiler/src/wyc/Activator.java:67: error: cannot find symbol
    [javac] 		return new Module() {
    [javac] 		           ^
    [javac]   symbol:   class Module
    [javac]   location: class Activator
    [javac] /home/travis/build/failed/Whiley/WhileyCompiler/src/wyc/Activator.java:55: error: method does not override or implement a method from a supertype
    [javac] 	@Override
    [javac] 	^
    [javac] /home/travis/build/failed/Whiley/WhileyCompiler/src/wyc/Activator.java:76: error: method does not override or implement a method from a supertype
    [javac] 	@Override
    [javac] 	^
    [javac] /home/travis/build/failed/Whiley/WhileyCompiler/src/wyc/builder/CodeGenerator.java:1024: error: cannot find symbol
    [javac] 		for (Pair<Nominal, String> v : Exprs.uses(expr.body, scope.getSourceContext())) {
    [javac] 		     ^
    [javac]   symbol:   class Pair
    [javac]   location: class CodeGenerator
    [javac] /home/travis/build/failed/Whiley/WhileyCompiler/src/wyc/builder/CodeGenerator.java:1117: error: cannot find symbol
    [javac] 			Triple<String, Expr, Expr> t = expr.sources.get(i);
    [javac] 			^
    [javac]   symbol:   class Triple
    [javac]   location: class CodeGenerator
    [javac] Note: Some input files use unchecked or unsafe operations.
    [javac] Note: Recompile with -Xlint:unchecked for details.
    [javac] 100 errors

BUILD FAILED
/home/travis/build/failed/Whiley/WhileyCompiler/build.xml:19: Compile failed; see the compiler error output for details.

Total time: 7 seconds

travis_time:end:32b3e27e:start=1659229454579368067,finish=1659229462229987172,duration=7650619105[0K
[31;1mThe command "ant test" exited with 1.[0m

Done. Your build exited with 1.
